6
 energy: -8.223262723831 gnorm: 0.015100054663 xtb: 6.7.1 (41059b4)
C            0.72065233770967        0.07106803928266        0.00005752384211
O           -0.70806433214953       -0.01017437247052        0.00054727533292
H            1.19497028017634       -0.91709126490401        0.00195733069314
H            1.05800374879348        0.61642216176997        0.88963724004908
H            1.05805625660768        0.61312629131896       -0.89155819829309
H           -0.96165327844849       -0.93559203318321       -0.00062964824632
6
 energy: -8.223527598788 gnorm: 0.005280697724 xtb: 6.7.1 (41059b4)
C            0.72383169130669        0.06782323145764        0.00012668019887
O           -0.69351253329635       -0.00870177610381        0.00075601135085
H            1.19098663883868       -0.91847812811887        0.00203862511626
H            1.04935299073910        0.61589500601523        0.88838595030741
H            1.04918835662469        0.61242038834004       -0.89037448020026
H           -0.95788213152367       -0.93119989977637       -0.00092126339530
6
 energy: -8.223558725684 gnorm: 0.001955027569 xtb: 6.7.1 (41059b4)
C            0.72334551072184        0.06673064134491        0.00018719128074
O           -0.68947469074875       -0.01008267138765        0.00112183388207
H            1.19324424514648       -0.91604135674162        0.00216701191225
H            1.04881166994487        0.61555671998638        0.88699637337674
H            1.04841620508108        0.61186057038116       -0.88911128344094
H           -0.96237792745637       -0.93026508176932       -0.00134960363302
6
 energy: -8.223563414496 gnorm: 0.000498223286 xtb: 6.7.1 (41059b4)
C            0.72234677153305        0.06662233547538        0.00030635086114
O           -0.68836586478562       -0.01149050297408        0.00186665348985
H            1.19557556068627       -0.91493289180183        0.00242751791984
H            1.04984501683324        0.61595682408327        0.88687732862261
H            1.04897273756266        0.61179627793429       -0.88924989300879
H           -0.96640920914047       -0.93019322090317       -0.00221643450681
6
 energy: -8.223563988920 gnorm: 0.000149240867 xtb: 6.7.1 (41059b4)
C            0.72221967169134        0.06679098367565        0.00041734590019
O           -0.68888461135090       -0.01128055691676        0.00256292893958
H            1.19538115269395       -0.91537806183143        0.00267425397841
H            1.05015412427487        0.61623868363536        0.88700336297926
H            1.04882440855808        0.61164391234085       -0.88961817390353
H           -0.96572973317820       -0.93025613908982       -0.00302819451607
6
 energy: -8.223564552602 gnorm: 0.000266139616 xtb: 6.7.1 (41059b4)
C            0.72210795592204        0.06684549206060        0.00067168741630
O           -0.68901767706856       -0.01115192315141        0.00411234740121
H            1.19522700151407       -0.91550752850273        0.00322392474291
H            1.05066495185985        0.61670025732148        0.88676799725240
H            1.04829889818826        0.61113055214139       -0.88991947342559
H           -0.96531611772651       -0.93025802805548       -0.00484496000938
6
 energy: -8.223565662191 gnorm: 0.000384614234 xtb: 6.7.1 (41059b4)
C            0.72205590630382        0.06686545628618        0.00100636234793
O           -0.68909828860604       -0.01113788989912        0.00617028581328
H            1.19523103581697       -0.91556303009286        0.00395449826687
H            1.05137376748499        0.61735338959235        0.88644555914254
H            1.04763975424333        0.61049471362239       -0.89031115776406
H           -0.96523716255393       -0.93025381769508       -0.00725402442873
6
 energy: -8.223567939742 gnorm: 0.000555108420 xtb: 6.7.1 (41059b4)
C            0.72199534154365        0.06690027075297        0.00148764538906
O           -0.68919134650512       -0.01111999906352        0.00911639849291
H            1.19521625578434       -0.91565965827499        0.00499954001384
H            1.05236684870616        0.61828745424949        0.88599040808713
H            1.04666989451790        0.60957907329798       -0.89087722219342
H           -0.96509198135779       -0.93022831914807       -0.01070524641166
6
 energy: -8.223572565360 gnorm: 0.000806580866 xtb: 6.7.1 (41059b4)
C            0.72190935000271        0.06694232245569        0.00217157053803
O           -0.68932241633537       -0.01111526223297        0.01331021380154
H            1.19522078955905       -0.91578907419311        0.00648747009881
H            1.05377481543216        0.61961323852278        0.88533421979860
H            1.04528671624643        0.60827432279669       -0.89167542041773
H           -0.96490424221584       -0.93016672553521       -0.01561653044141
6
 energy: -8.223581785031 gnorm: 0.001189300304 xtb: 6.7.1 (41059b4)
C            0.72179237957717        0.06699229196732        0.00313583782585
O           -0.68948254255876       -0.01114756195842        0.01921891162674
H            1.19524747853169       -0.91596977684636        0.00858307527483
H            1.05573868581915        0.62147877046034        0.88440815790636
H            1.04331818555046        0.60643243200525       -0.89279819950451
H           -0.96464917423057       -0.93002733381427       -0.02253625975143
6
 energy: -8.223599536222 gnorm: 0.001791615069 xtb: 6.7.1 (41059b4)
C            0.72163720036076        0.06703694216312        0.00446592821438
O           -0.68966146486229       -0.01127248624174        0.02738144042060
H            1.19534228679883       -0.91620682168558        0.01147672826061
H            1.05841133257888        0.62404659197035        0.88311418831080
H            1.04056743923457        0.60388230283449       -0.89433538867467
H           -0.96433178142161       -0.92972770722679       -0.03209137315388
6
 energy: -8.223631712403 gnorm: 0.002741940434 xtb: 6.7.1 (41059b4)
C            0.72144859366432        0.06704872267696        0.00623293803938
O           -0.68980438016094       -0.01160101313077        0.03825626802448
H            1.19557652020870       -0.91649353757962        0.01532749801722
H            1.06188647971982        0.62744843262669        0.88136278025516
H            1.03684025855598        0.60047320778878       -0.89635698409869
H           -0.96398245929875       -0.92911699056817       -0.04481097685970
6
 energy: -8.223665892266 gnorm: 0.003552019189 xtb: 6.7.1 (41059b4)
C            0.72132182748798        0.06699230187316        0.00768915884425
O           -0.68979049366255       -0.01208552075083        0.04728456462527
H            1.19591426816512       -0.91668351886041        0.01851680777770
H            1.06465296574443        0.63024423890050        0.87986537685438
H            1.03367105992568        0.59763015029788       -0.89799382367483
H           -0.96380461497151       -0.92833882964644       -0.05535056104892
6
 energy: -8.223711135231 gnorm: 0.004549328934 xtb: 6.7.1 (41059b4)
C            0.72120931024598        0.06687537948913        0.00930343079329
O           -0.68966035497164       -0.01281216376201        0.05733305764688
H            1.19641363963768       -0.91685276747703        0.02205874032804
H            1.06763434269887        0.63333509663663        0.87816314728909
H            1.03007669932471        0.59445166990118       -0.89977956235033
H           -0.96370862424646       -0.92723839297403       -0.06706729032912
6
 energy: -8.223767136509 gnorm: 0.005549341072 xtb: 6.7.1 (41059b4)
C            0.72113951537326        0.06666307951698        0.01097224405079
O           -0.68933647959652       -0.01386335268502        0.06783408597085
H            1.19712873506229       -0.91695506403618        0.02574642318488
H            1.07058283409749        0.63652458726023        0.87632150219557
H            1.02622482693540        0.59111256925749       -0.90158426759789
H           -0.96377441918277       -0.92572299749965       -0.07927846442635
6
 energy: -8.223832386710 gnorm: 0.006410778427 xtb: 6.7.1 (41059b4)
C            0.72112515588980        0.06635206379323        0.01261667273375
O           -0.68880144281585       -0.01525252571177        0.07827797575628
H            1.19806230403150       -0.91697358414889        0.02939636165434
H            1.07333137086733        0.63965689221033        0.87442199414480
H            1.02227727131233        0.58776522015104       -0.90330883186012
H           -0.96402964659598       -0.92378924448007       -0.09139264905120
6
 energy: -8.223904728192 gnorm: 0.007079092794 xtb: 6.7.1 (41059b4)
C            0.72116177934244        0.06595948499081        0.01419252369563
O           -0.68808696988924       -0.01693697140792        0.08835071861480
H            1.19918222231829       -0.91691907119225        0.03289834698432
H            1.07581030420065        0.64264532297737        0.87253099214559
H            1.01834881119166        0.58450557288403       -0.90490709879292
H           -0.96445113447466       -0.92149551643819       -0.10305395926957
6
 energy: -8.223981905636 gnorm: 0.007572960409 xtb: 6.7.1 (41059b4)
C            0.72123591481575        0.06550921902244        0.01568619720225
O           -0.68724494731133       -0.01885036605156        0.09792612764178
H            1.20044380920394       -0.91681456619336        0.03621053581033
H            1.07802253852479        0.64546361785905        0.87068968525344
H            1.01450010132636        0.58137412130393       -0.90637397267019
H           -0.96499240387037       -0.91892320412664       -0.11412704985977
6
 energy: -8.224061915779 gnorm: 0.007919076370 xtb: 6.7.1 (41059b4)
C            0.72133546992038        0.06502008669773        0.01709377136122
O           -0.68631900140297       -0.02093231360363        0.10695651636031
H            1.20180841971334       -0.91667847825206        0.03931876860941
H            1.07998751581135        0.64810571614108        0.86892121210739
H            1.01076642111569        0.57838894501737       -0.90771528961713
H           -0.96561381246865       -0.91614513418663       -0.12456345544336
6
 energy: -8.224143130997 gnorm: 0.008151178023 xtb: 6.7.1 (41059b4)
C            0.72145067482147        0.06450671562949        0.01841898515860
O           -0.68534360508930       -0.02313195093853        0.11544717428340
H            1.20324420366940       -0.91652466397327        0.04222731553077
H            1.08173533992352        0.65057995644359        0.86723591359870
H            1.00716284491009        0.57555166674423       -0.90894317267162
H           -0.96628444554604       -0.91322290209166       -0.13437469252200
6
 energy: -8.224224299630 gnorm: 0.008288893455 xtb: 6.7.1 (41059b4)
C            0.72157545276885        0.06397870655963        0.01966523262839
O           -0.68434152570080       -0.02541098752783        0.12341257903014
H            1.20472752415195       -0.91636070180177        0.04494312991458
H            1.08328975445532        0.65289433433880        0.86563766324908
H            1.00369858894120        0.57286121406859       -0.91006720988413
H           -0.96698478192737       -0.91020374382356       -0.14357987156021
6
 energy: -8.224479758173 gnorm: 0.004920649848 xtb: 6.7.1 (41059b4)
C            0.72258019812023        0.06171547563610        0.02353856053793
O           -0.68099670321864       -0.03392577959745        0.14227413461800
H            1.20987216814943       -0.91468683618288        0.05221298700762
H            1.08729226877861        0.65917948524419        0.86064813028413
H            0.99303925349274        0.56477328418695       -0.91168744254685
H           -0.96982217263324       -0.89929680747305       -0.16697484652297
6
 energy: -8.221415664318 gnorm: 0.074944044793 xtb: 6.7.1 (41059b4)
C            0.72967586840829        0.04537144688842        0.05297478736232
O           -0.65292748574343       -0.10331681791370        0.31596180704338
H            1.25144269320760       -0.90618215251706        0.11622422395387
H            1.11759660270000        0.71400226838472        0.82020403290213
H            0.90814420303617        0.49844859860671       -0.93337775100245
H           -0.99196686891949       -0.81056452163523       -0.37197557688141
6
 energy: -8.225188642373 gnorm: 0.004515665095 xtb: 6.7.1 (41059b4)
C            0.72483271045074        0.05489403953136        0.03364355869271
O           -0.67014422808760       -0.05978253428114        0.19727440598901
H            1.22989323701373       -0.91401005685459        0.07461927360657
H            1.09516693882036        0.67700615212035        0.84821330442479
H            0.95949157888933        0.54195688086980       -0.91933593654290
H           -0.97727522439742       -0.86230565957191       -0.23440308279234
6
 energy: -8.225379359110 gnorm: 0.004344059889 xtb: 6.7.1 (41059b4)
C            0.72469914769223        0.05432533078777        0.03410051964461
O           -0.66742411318142       -0.06828206501072        0.21459757130544
H            1.23233613212896       -0.91286824355700        0.07854672198470
H            1.09405521998190        0.68127718936441        0.84452653458530
H            0.95757978430495        0.53678846391273       -0.92193903903900
H           -0.97928115823748       -0.85348185368333       -0.24982078510321
6
 energy: -8.225094625304 gnorm: 0.036861007522 xtb: 6.7.1 (41059b4)
C            0.72554974867052        0.04768015096231        0.04340042424342
O           -0.65222752814009       -0.11069290013224        0.29539470168134
H            1.25424723708280       -0.91048222992519        0.10219126541502
H            1.09589334127168        0.70655422869885        0.82776012772484
H            0.92950403428548        0.50714183615090       -0.93402209307780
H           -0.99100182048125       -0.80244226394078       -0.33471290260898
6
 energy: -8.225664927529 gnorm: 0.006055727006 xtb: 6.7.1 (41059b4)
C            0.72473657498972        0.05158348214218        0.03762859919796
O           -0.66158639288594       -0.08560253734747        0.24273692284574
H            1.24179734232863       -0.91192775707793        0.08690111844592
H            1.09406109144698        0.69034181261252        0.83871057637023
H            0.94676450271862        0.52563022946427       -0.92624501364978
H           -0.98380810590885       -0.83226640797971       -0.27972067983222
6
 energy: -8.225763111452 gnorm: 0.007245158510 xtb: 6.7.1 (41059b4)
C            0.72490013518837        0.05000291506200        0.03962389094129
O           -0.65899795109893       -0.09330489577964        0.25348782556538
H            1.24680895151220       -0.91134992347439        0.09085865739072
H            1.09476927167474        0.69413421143818        0.83610520206403
H            0.94066174697963        0.52070322945690       -0.92756727200232
H           -0.98617714156688       -0.82242671488919       -0.29249678058125
6
 energy: -8.225901346892 gnorm: 0.016868657958 xtb: 6.7.1 (41059b4)
C            0.72584362080024        0.04318800447177        0.04759179542962
O           -0.64868927120049       -0.12488720760385        0.29321231700012
H            1.26789673584380       -0.90851671740337        0.10635928189076
H            1.09726431529089        0.70836591157586        0.82591850466987
H            0.91537530946702        0.50112170628447       -0.93197074424418
H           -0.99572569751231       -0.78151287551103       -0.34109963136834
6
 energy: -8.226006461682 gnorm: 0.006798499984 xtb: 6.7.1 (41059b4)
C            0.72567766290117        0.04422094899397        0.04597227579326
O           -0.65089540471136       -0.11969599581945        0.28191376318194
H            1.26446053584047       -0.90864710053917        0.10254524614965
H            1.09632215259278        0.70475071438402        0.82826830983867
H            0.92021519960564        0.50523020111304       -0.93021050105587
H           -0.99381513353956       -0.78809994631854       -0.32847757052982
6
 energy: -8.226068636018 gnorm: 0.002361459984 xtb: 6.7.1 (41059b4)
C            0.72626595336602        0.04218609546795        0.04768038677000
O           -0.64863420658143       -0.12829443276320        0.28698076856123
H            1.27029092601594       -0.90737026091704        0.10517292221506
H            1.09619140258866        0.70713106738028        0.82627658671159
H            0.91429414246985        0.50105153215947       -0.93007552212070
H           -0.99644320516989       -0.77694517951361       -0.33602361875934
6
 energy: -8.226112137035 gnorm: 0.001377229058 xtb: 6.7.1 (41059b4)
C            0.72751801972144        0.03878604334736        0.05060044450815
O           -0.64433249423878       -0.14330226061725        0.29901730822364
H            1.28029722758511       -0.90529664355271        0.11041483687920
H            1.09595733734669        0.71205616388698        0.82244384444752
H            0.90413361840089        0.49339511514904       -0.93061719722842
H           -1.00160869612621       -0.75787959639957       -0.35184771345224
6
 energy: -8.226117839086 gnorm: 0.000708998656 xtb: 6.7.1 (41059b4)
C            0.72846464507216        0.03686140883345        0.05183482228461
O           -0.64170612479664       -0.15300402939776        0.30623486981339
H            1.28622463914911       -0.90392520974950        0.11319126091590
H            1.09489943014455        0.71481947147332        0.82034087899443
H            0.89909626752345        0.48904802124619       -0.93116301840266
H           -1.00501384440348       -0.74604084059185       -0.36042729022784
6
 energy: -8.226118157707 gnorm: 0.000705645322 xtb: 6.7.1 (41059b4)
C            0.72838590086183        0.03728002485944        0.05141313688874
O           -0.64222038008009       -0.15134469478101        0.30420898064800
H            1.28504703679937       -0.90414784542467        0.11229011538944
H            1.09474378827836        0.71416560027674        0.82095845903013
H            0.90061853145540        0.49013298531509       -0.93102122456149
H           -1.00460986462573       -0.74832724843173       -0.35783794401697
6
 energy: -8.226118432350 gnorm: 0.000034728603 xtb: 6.7.1 (41059b4)
C            0.72836035548195        0.03723801742587        0.05150122156478
O           -0.64210733031196       -0.15148061885519        0.30464042091218
H            1.28522723508302       -0.90416529462221        0.11246407931486
H            1.09482691333538        0.71431382505557        0.82086039527859
H            0.90039594853936        0.48998948241846       -0.93108868283486
H           -1.00473810943862       -0.74813658960864       -0.35836591085770
6
 energy: -8.226118434293 gnorm: 0.000015834326 xtb: 6.7.1 (41059b4)
C            0.72835458426736        0.03723445186162        0.05148853010133
O           -0.64207262745701       -0.15154081187101        0.30468530048942
H            1.28526755697398       -0.90413805876395        0.11248269911205
H            1.09479732525495        0.71430373935365        0.82084761069325
H            0.90040169842823        0.48997511003090       -0.93110077137611
H           -1.00478352477837       -0.74807560879735       -0.35839184564209
