#========================================================================================
#                     Free energy perturbation    
#----------------------------------------------------------------------------------------
#forward/backward          λ              ΔΔA                 ΔA                  δε   
#                                                 
#----------------------------------------------------------------------------------------
forward:               0.0000              0.0000              0.0000              0.0000  
forward:               0.0500              1.1584              1.1584              0.0159  
forward:               0.1000              0.6509              1.8092              0.0188  
forward:               0.1500              0.3847              2.1940              0.0205  
forward:               0.2000              0.2433              2.4373              0.0213  
forward:               0.2500              0.1464              2.5837              0.0219  
forward:               0.3000              0.0883              2.6720              0.0224  
forward:               0.3500              0.0611              2.7331              0.0228  
forward:               0.4000              0.0269              2.7601              0.0238  
forward:               0.4500              0.0193              2.7793              0.0240  
forward:               0.5000              0.0009              2.7803              0.0243  
forward:               0.5500             -0.0586              2.7216              0.0246  
forward:               0.6000             -0.1147              2.6069              0.0249  
forward:               0.6500             -0.1647              2.4423              0.0251  
forward:               0.7000             -0.2103              2.2320              0.0253  
forward:               0.7500             -0.2347              1.9973              0.0254  
forward:               0.8000             -0.2604              1.7369              0.0257  
forward:               0.8500             -0.2812              1.4558              0.0259  
forward:               0.9000             -0.2981              1.1576              0.0260  
forward:               0.9500             -0.3210              0.8367              0.0262  
forward:               1.0000             -0.3304              0.5063              0.0264  
backward:              1.0000              0.0000              0.5063              0.0000  
backward:              0.9500              0.3300              0.8363              0.0032  
backward:              0.9000              0.3212              1.1575              0.0048  
backward:              0.8500              0.2937              1.4512              0.0066  
backward:              0.8000              0.2796              1.7308              0.0075  
backward:              0.7500              0.2646              1.9954              0.0082  
backward:              0.7000              0.2389              2.2343              0.0089  
backward:              0.6500              0.1966              2.4309              0.0097  
backward:              0.6000              0.1614              2.5923              0.0105  
backward:              0.5500              0.1186              2.7109              0.0111  
backward:              0.5000              0.0588              2.7697              0.0119  
backward:              0.4500              0.0082              2.7780              0.0128  
backward:              0.4000             -0.0135              2.7645              0.0136  
backward:              0.3500             -0.0303              2.7341              0.0146  
backward:              0.3000             -0.0641              2.6700              0.0153  
backward:              0.2500             -0.0926              2.5775              0.0163  
backward:              0.2000             -0.1456              2.4318              0.0176  
backward:              0.1500             -0.2270              2.2048              0.0219  
backward:              0.1000             -0.3522              1.8526              0.0239  
backward:              0.0500             -0.5941              1.2585              0.0274  
backward:              0.0000             -1.2122              0.0464              0.0604  
Inaccuracy estimation
======================================================================================================
                   i        i+δi          P0_overlap_P1   δε(forward)/ε   δε(backward)/ε
======================================================================================================
inaccuracy:  0.00000        0.05000           43.49           -0.02            1.36
inaccuracy:  0.05000        0.10000           54.74           -0.02            0.63
inaccuracy:  0.10000        0.15000           62.65           -0.01            0.36
inaccuracy:  0.15000        0.20000           68.94           -0.01            0.20
inaccuracy:  0.20000        0.25000           73.94           -0.01            0.14
inaccuracy:  0.25000        0.30000           76.05           -0.00            0.12
inaccuracy:  0.30000        0.35000           76.64           -0.01            0.10
inaccuracy:  0.35000        0.40000           78.39           -0.01            0.09
inaccuracy:  0.40000        0.45000           77.12           -0.01            0.08
inaccuracy:  0.45000        0.50000           77.59           -0.01            0.08
inaccuracy:  0.50000        0.55000           76.43           -0.02            0.08
inaccuracy:  0.55000        0.60000           76.04           -0.02            0.07
inaccuracy:  0.60000        0.65000           77.41           -0.02            0.06
inaccuracy:  0.65000        0.70000           79.37           -0.02            0.05
inaccuracy:  0.70000        0.75000           77.01           -0.02            0.06
inaccuracy:  0.75000        0.80000           77.62           -0.02            0.05
inaccuracy:  0.80000        0.85000           77.75           -0.02            0.05
inaccuracy:  0.85000        0.90000           77.82           -0.03            0.05
inaccuracy:  0.90000        0.95000           77.30           -0.02            0.05
inaccuracy:  0.95000        1.00000           77.56           -0.03            0.05
===================================================================================================================================
                BAR        
-----------------------------------------------------------------------------------------------------------------------------------
BAR-estimator:         λ             λ+δλ          ΔΔA             ΔA            C               Δδe            δe       
                          
-----------------------------------------------------------------------------------------------------------------------------------
BAR-estimator:      0.00000        0.05000        1.1650         1.1650         1.1650         0.0092         0.0092 
BAR-estimator:      0.05000        0.10000        0.6350         1.8000         0.6350         0.0067         0.0114 
BAR-estimator:      0.10000        0.15000        0.3764         2.1764         0.3764         0.0055         0.0126 
BAR-estimator:      0.15000        0.20000        0.2356         2.4120         0.2356         0.0038         0.0132 
BAR-estimator:      0.20000        0.25000        0.1456         2.5576         0.1456         0.0035         0.0136 
BAR-estimator:      0.25000        0.30000        0.0914         2.6491         0.0914         0.0033         0.0140 
BAR-estimator:      0.30000        0.35000        0.0623         2.7113         0.0623         0.0029         0.0143 
BAR-estimator:      0.35000        0.40000        0.0273         2.7386         0.0273         0.0026         0.0146 
BAR-estimator:      0.40000        0.45000        0.0164         2.7551         0.0164         0.0025         0.0148 
BAR-estimator:      0.45000        0.50000       -0.0029         2.7522        -0.0029         0.0024         0.0150 
BAR-estimator:      0.50000        0.55000       -0.0592         2.6929        -0.0592         0.0028         0.0152 
BAR-estimator:      0.55000        0.60000       -0.1151         2.5779        -0.1151         0.0024         0.0154 
BAR-estimator:      0.60000        0.65000       -0.1642         2.4137        -0.1642         0.0025         0.0156 
BAR-estimator:      0.65000        0.70000       -0.2045         2.2092        -0.2045         0.0024         0.0158 
BAR-estimator:      0.70000        0.75000       -0.2360         1.9732        -0.2360         0.0023         0.0160 
BAR-estimator:      0.75000        0.80000       -0.2616         1.7117        -0.2616         0.0024         0.0162 
BAR-estimator:      0.80000        0.85000       -0.2807         1.4310        -0.2807         0.0027         0.0164 
BAR-estimator:      0.85000        0.90000       -0.2984         1.1326        -0.2984         0.0027         0.0166 
BAR-estimator:      0.90000        0.95000       -0.3209         0.8117        -0.3209         0.0025         0.0168 
BAR-estimator:      0.95000        1.00000       -0.3302         0.4815        -0.3302         0.0024         0.0170 
BAR-estimator: total free energy change is 0.4814634992643756 , total error is 0.01696554869512596
