#========================================================================================
#                     Free energy perturbation    
#----------------------------------------------------------------------------------------
#forward/backward          λ              ΔΔA                 ΔA                  δε   
#                                                 
#----------------------------------------------------------------------------------------
forward:               0.0000              0.0000              0.0000              0.0000  
forward:               0.0500              3.1618              3.1618              0.0770  
forward:               0.1000              1.6617              4.8235              0.0818  
forward:               0.1500              0.7465              5.5700              0.0849  
forward:               0.2000              0.2868              5.8568              0.0857  
forward:               0.2500              0.0772              5.9340              0.0861  
forward:               0.3000             -0.0410              5.8930              0.0864  
forward:               0.3500             -0.1387              5.7543              0.0866  
forward:               0.4000             -0.2097              5.5446              0.0867  
forward:               0.4500             -0.2564              5.2882              0.0869  
forward:               0.5000             -0.2896              4.9986              0.0870  
forward:               0.5500             -0.3707              4.6279              0.0872  
forward:               0.6000             -0.5243              4.1036              0.0874  
forward:               0.6500             -0.6421              3.4614              0.0875  
forward:               0.7000             -0.7049              2.7566              0.0876  
forward:               0.7500             -0.7690              1.9876              0.0878  
forward:               0.8000             -0.8169              1.1707              0.0879  
forward:               0.8500             -0.8537              0.3170              0.0880  
forward:               0.9000             -0.8786             -0.5616              0.0881  
forward:               0.9500             -0.9039             -1.4655              0.0882  
forward:               1.0000             -0.9199             -2.3854              0.0883  
backward:              1.0000              0.0000             -2.3854              0.0000  
backward:              0.9500              0.9173             -1.4680              0.0054  
backward:              0.9000              0.9015             -0.5666              0.0075  
backward:              0.8500              0.8738              0.3072              0.0090  
backward:              0.8000              0.8495              1.1567              0.0103  
backward:              0.7500              0.8107              1.9675              0.0120  
backward:              0.7000              0.7630              2.7305              0.0130  
backward:              0.6500              0.7087              3.4392              0.0142  
backward:              0.6000              0.6408              4.0800              0.0150  
backward:              0.5500              0.5300              4.6099              0.0160  
backward:              0.5000              0.3689              4.9789              0.0180  
backward:              0.4500              0.2959              5.2748              0.0193  
backward:              0.4000              0.2631              5.5379              0.0202  
backward:              0.3500              0.1952              5.7330              0.0214  
backward:              0.3000              0.1332              5.8662              0.0228  
backward:              0.2500              0.0480              5.9142              0.0245  
backward:              0.2000             -0.0914              5.8228              0.0267  
backward:              0.1500             -0.3225              5.5003              0.0507  
backward:              0.1000             -0.7624              4.7379              0.0594  
backward:              0.0500             -1.6697              3.0682              0.0776  
backward:              0.0000             -3.2031             -0.1349              0.1138  
Inaccuracy estimation
======================================================================================================
                   i        i+δi          P0_overlap_P1   δε(forward)/ε   δε(backward)/ε
======================================================================================================
inaccuracy:  0.00000        0.05000           20.47            0.27            4.64
inaccuracy:  0.05000        0.10000           30.89           -0.09            2.49
inaccuracy:  0.10000        0.15000           44.40           -0.08            1.10
inaccuracy:  0.15000        0.20000           55.40           -0.05            0.49
inaccuracy:  0.20000        0.25000           62.04           -0.03            0.29
inaccuracy:  0.25000        0.30000           63.38           -0.03            0.24
inaccuracy:  0.30000        0.35000           66.90           -0.04            0.16
inaccuracy:  0.35000        0.40000           69.13           -0.04            0.14
inaccuracy:  0.40000        0.45000           69.09           -0.04            0.13
inaccuracy:  0.45000        0.50000           69.45           -0.03            0.11
inaccuracy:  0.50000        0.55000           64.13           -0.08            0.14
inaccuracy:  0.55000        0.60000           67.17           -0.06            0.11
inaccuracy:  0.60000        0.65000           68.02           -0.06            0.08
inaccuracy:  0.65000        0.70000           67.74           -0.07            0.07
inaccuracy:  0.70000        0.75000           68.77           -0.07            0.06
inaccuracy:  0.75000        0.80000           69.08           -0.07            0.06
inaccuracy:  0.80000        0.85000           68.23           -0.07            0.06
inaccuracy:  0.85000        0.90000           68.46           -0.07            0.06
inaccuracy:  0.90000        0.95000           68.42           -0.08            0.05
inaccuracy:  0.95000        1.00000           67.48           -0.10            0.05
===================================================================================================================================
                BAR        
-----------------------------------------------------------------------------------------------------------------------------------
BAR-estimator:         λ             λ+δλ          ΔΔA             ΔA            C               Δδe            δe       
                          
-----------------------------------------------------------------------------------------------------------------------------------
BAR-estimator:      0.00000        0.05000        3.2487         3.2487         3.2487         0.0147         0.0147 
BAR-estimator:      0.05000        0.10000        1.6684         4.9172         1.6684         0.0130         0.0196 
BAR-estimator:      0.10000        0.15000        0.7402         5.6573         0.7402         0.0100         0.0220 
BAR-estimator:      0.15000        0.20000        0.2885         5.9459         0.2885         0.0070         0.0231 
BAR-estimator:      0.20000        0.25000        0.0852         6.0311         0.0852         0.0051         0.0237 
BAR-estimator:      0.25000        0.30000       -0.0440         5.9871        -0.0440         0.0046         0.0241 
BAR-estimator:      0.30000        0.35000       -0.1382         5.8489        -0.1382         0.0038         0.0244 
BAR-estimator:      0.35000        0.40000       -0.2070         5.6419        -0.2070         0.0034         0.0247 
BAR-estimator:      0.40000        0.45000       -0.2567         5.3851        -0.2567         0.0035         0.0249 
BAR-estimator:      0.45000        0.50000       -0.2915         5.0936        -0.2915         0.0034         0.0251 
BAR-estimator:      0.50000        0.55000       -0.3729         4.7207        -0.3729         0.0041         0.0255 
BAR-estimator:      0.55000        0.60000       -0.5232         4.1975        -0.5232         0.0035         0.0257 
BAR-estimator:      0.60000        0.65000       -0.6373         3.5602        -0.6373         0.0033         0.0259 
BAR-estimator:      0.65000        0.70000       -0.7080         2.8522        -0.7080         0.0032         0.0261 
BAR-estimator:      0.70000        0.75000       -0.7676         2.0846        -0.7676         0.0033         0.0263 
BAR-estimator:      0.75000        0.80000       -0.8146         1.2700        -0.8146         0.0034         0.0266 
BAR-estimator:      0.80000        0.85000       -0.8492         0.4208        -0.8492         0.0035         0.0268 
BAR-estimator:      0.85000        0.90000       -0.8746        -0.4538        -0.8746         0.0037         0.0270 
BAR-estimator:      0.90000        0.95000       -0.9014        -1.3552        -0.9014         0.0037         0.0273 
BAR-estimator:      0.95000        1.00000       -0.9198        -2.2749        -0.9198         0.0033         0.0275 
BAR-estimator: total free energy change is -2.2749488762946295 , total error is 0.027480817310874404
