#========================================================================================
#                     Free energy perturbation    
#----------------------------------------------------------------------------------------
#forward/backward          λ              ΔΔA                 ΔA                  δε   
#                                                 
#----------------------------------------------------------------------------------------
forward:               0.0000              0.0000              0.0000              0.0000  
forward:               0.0500              2.3595              2.3595              0.0271  
forward:               0.1000              1.3333              3.6928              0.0339  
forward:               0.1500              0.7000              4.3928              0.0372  
forward:               0.2000              0.3421              4.7348              0.0384  
forward:               0.2500              0.1600              4.8948              0.0389  
forward:               0.3000              0.0418              4.9366              0.0394  
forward:               0.3500             -0.0200              4.9166              0.0399  
forward:               0.4000             -0.0723              4.8444              0.0402  
forward:               0.4500             -0.1051              4.7393              0.0405  
forward:               0.5000             -0.1366              4.6027              0.0408  
forward:               0.5500             -0.2812              4.3215              0.0413  
forward:               0.6000             -0.5980              3.7235              0.0419  
forward:               0.6500             -0.8811              2.8424              0.0426  
forward:               0.7000             -1.1248              1.7176              0.0430  
forward:               0.7500             -1.2915              0.4261              0.0435  
forward:               0.8000             -1.4089             -0.9829              0.0439  
forward:               0.8500             -1.4921             -2.4750              0.0443  
forward:               0.9000             -1.5437             -4.0187              0.0446  
forward:               0.9500             -1.5683             -5.5870              0.0449  
forward:               1.0000             -1.5987             -7.1857              0.0451  
backward:              1.0000              0.0000             -7.1857              0.0000  
backward:              0.9500              1.6059             -5.5798              0.0079  
backward:              0.9000              1.5682             -4.0116              0.0108  
backward:              0.8500              1.5485             -2.4631              0.0136  
backward:              0.8000              1.4850             -0.9781              0.0155  
backward:              0.7500              1.4056              0.4274              0.0173  
backward:              0.7000              1.2881              1.7155              0.0206  
backward:              0.6500              1.1116              2.8271              0.0218  
backward:              0.6000              0.8796              3.7067              0.0233  
backward:              0.5500              0.5917              4.2984              0.0245  
backward:              0.5000              0.2817              4.5801              0.0258  
backward:              0.4500              0.1391              4.7192              0.0263  
backward:              0.4000              0.1019              4.8211              0.0270  
backward:              0.3500              0.0833              4.9044              0.0277  
backward:              0.3000              0.0342              4.9386              0.0286  
backward:              0.2500             -0.0758              4.8628              0.0299  
backward:              0.2000             -0.1492              4.7136              0.0320  
backward:              0.1500             -0.3484              4.3652              0.0352  
backward:              0.1000             -0.6816              3.6836              0.0466  
backward:              0.0500             -1.3542              2.3294              0.0694  
backward:              0.0000             -2.3674             -0.0381              0.0800  
Inaccuracy estimation
======================================================================================================
                   i        i+δi          P0_overlap_P1   δε(forward)/ε   δε(backward)/ε
======================================================================================================
inaccuracy:  0.00000        0.05000           27.61            0.04            2.79
inaccuracy:  0.05000        0.10000           37.56           -0.07            1.65
inaccuracy:  0.10000        0.15000           47.05           -0.06            0.92
inaccuracy:  0.15000        0.20000           56.97           -0.04            0.46
inaccuracy:  0.20000        0.25000           61.48           -0.03            0.30
inaccuracy:  0.25000        0.30000           66.84           -0.03            0.21
inaccuracy:  0.30000        0.35000           66.63           -0.02            0.19
inaccuracy:  0.35000        0.40000           68.32           -0.03            0.17
inaccuracy:  0.40000        0.45000           69.95           -0.03            0.14
inaccuracy:  0.45000        0.50000           69.56           -0.02            0.13
inaccuracy:  0.50000        0.55000           61.03           -0.12            0.19
inaccuracy:  0.55000        0.60000           61.19           -0.15            0.13
inaccuracy:  0.60000        0.65000           60.78           -0.17            0.09
inaccuracy:  0.65000        0.70000           62.69           -0.18            0.06
inaccuracy:  0.70000        0.75000           62.12           -0.19            0.04
inaccuracy:  0.75000        0.80000           62.38           -0.17            0.02
inaccuracy:  0.80000        0.85000           62.41           -0.20            0.01
inaccuracy:  0.85000        0.90000           60.36           -0.17            0.01
inaccuracy:  0.90000        0.95000           60.79           -0.17            0.01
inaccuracy:  0.95000        1.00000           60.34           -0.20            0.01
===================================================================================================================================
                BAR        
-----------------------------------------------------------------------------------------------------------------------------------
BAR-estimator:         λ             λ+δλ          ΔΔA             ΔA            C               Δδe            δe       
                          
-----------------------------------------------------------------------------------------------------------------------------------
BAR-estimator:      0.00000        0.05000        2.3436         2.3436         2.3436         0.0123         0.0123 
BAR-estimator:      0.05000        0.10000        1.3264         3.6700         1.3264         0.0112         0.0166 
BAR-estimator:      0.10000        0.15000        0.6888         4.3588         0.6888         0.0099         0.0194 
BAR-estimator:      0.15000        0.20000        0.3409         4.6997         0.3409         0.0069         0.0205 
BAR-estimator:      0.20000        0.25000        0.1532         4.8530         0.1532         0.0042         0.0210 
BAR-estimator:      0.25000        0.30000        0.0527         4.9056         0.0527         0.0044         0.0214 
BAR-estimator:      0.30000        0.35000       -0.0223         4.8833        -0.0223         0.0042         0.0218 
BAR-estimator:      0.35000        0.40000       -0.0738         4.8095        -0.0738         0.0042         0.0222 
BAR-estimator:      0.40000        0.45000       -0.1038         4.7057        -0.1038         0.0035         0.0225 
BAR-estimator:      0.45000        0.50000       -0.1362         4.5695        -0.1362         0.0032         0.0227 
BAR-estimator:      0.50000        0.55000       -0.2821         4.2874        -0.2821         0.0040         0.0231 
BAR-estimator:      0.55000        0.60000       -0.5934         3.6940        -0.5934         0.0044         0.0235 
BAR-estimator:      0.60000        0.65000       -0.8799         2.8141        -0.8799         0.0043         0.0239 
BAR-estimator:      0.65000        0.70000       -1.1147         1.6994        -1.1147         0.0041         0.0242 
BAR-estimator:      0.70000        0.75000       -1.2912         0.4082        -1.2912         0.0044         0.0246 
BAR-estimator:      0.75000        0.80000       -1.4105        -1.0023        -1.4105         0.0043         0.0250 
BAR-estimator:      0.80000        0.85000       -1.4887        -2.4910        -1.4887         0.0048         0.0254 
BAR-estimator:      0.85000        0.90000       -1.5473        -4.0383        -1.5473         0.0043         0.0258 
BAR-estimator:      0.90000        0.95000       -1.5705        -5.6087        -1.5705         0.0043         0.0262 
BAR-estimator:      0.95000        1.00000       -1.6018        -7.2105        -1.6018         0.0044         0.0265 
BAR-estimator: total free energy change is -7.2105006887511305 , total error is 0.0265303195774088
