8
 energy: -229.020481621195 gnorm: 0.034457498208 xtb: 6.7.1 (41059b4)
C            1.40418862432223        0.51898208212997        0.00001514360001
O            0.58335469345850       -0.64774371178703        0.00004908310002
C           -0.72622549692181       -0.47797083601180       -0.00015667680007
O           -1.32121858818547        0.55821374564736        0.00007206240003
H            0.77846503604496        1.41282843322606        0.01909105340846
H            2.01659231149361        0.50622857622432       -0.90133185859940
H            2.04296931290529        0.48526826511504        0.88209577809088
H           -1.20436808903369       -1.47185214945222       -0.00009140440004
8
 energy: -229.021279018447 gnorm: 0.012695208899 xtb: 6.7.1 (41059b4)
C            1.40969008819660        0.52676374058352        0.00019052308868
O            0.58666677121362       -0.65218198878409        0.00042263188029
C           -0.73855054208128       -0.48628534982073       -0.00004181532565
O           -1.33993022225245        0.55642608958080       -0.00080370906494
H            0.79504231039515        1.42877911972580        0.01973715569412
H            2.02378704691754        0.50665003962625       -0.90236249994034
H            2.05104311431502        0.48518114869784        0.88262270862511
H           -1.21399068467211       -1.48137838115052       -0.00002185123752
8
 energy: -229.021401519701 gnorm: 0.005078014634 xtb: 6.7.1 (41059b4)
C            1.41227191568306        0.53066422447224        0.00034737206545
O            0.59063099028672       -0.65747463690915        0.00048738290582
C           -0.74238146564007       -0.48826243054812       -0.00102389330946
O           -1.33929894953842        0.55775041381964       -0.00157391027123
H            0.79296237342626        1.42915025386680        0.02048457708587
H            2.02529296939874        0.50810217281789       -0.90372025447268
H            2.05337875379324        0.48592176297995        0.88367296037653
H           -1.21909869766642       -1.48189734876709        0.00106891845452
8
 energy: -229.021414023308 gnorm: 0.001952969303 xtb: 6.7.1 (41059b4)
C            1.41292496922614        0.53148201433995        0.00040707714536
O            0.59209004203898       -0.66061859961705        0.00245941866006
C           -0.74310245975777       -0.48807781685372        0.00202309475206
O           -1.33591269492002        0.55910298263333       -0.00337494425175
H            0.78980189172191        1.42693103401762        0.02120788746942
H            2.02399931478043        0.50897736887038       -0.90470498018555
H            2.05440468410201        0.48719375993154        0.88318033707732
H           -1.22044787989631       -1.48103633391381       -0.00145470879539
8
 energy: -229.021388029518 gnorm: 0.004675837630 xtb: 6.7.1 (41059b4)
C            1.41340376112072        0.53192517775443        0.00092601556346
O            0.59333260738268       -0.66417685058690       -0.00063478551965
C           -0.74351252789223       -0.48730505998913       -0.00718000556533
O           -1.33126376352710        0.56098069852737       -0.00320643708652
H            0.78569643242379        1.42367265956428        0.02276950751045
H            2.02373129223186        0.51183472811889       -0.90411886387690
H            2.05343958705794        0.48690358061561        0.88408142395460
H           -1.22106947820798       -1.47988053987926        0.00710631657211
8
 energy: -229.021415505048 gnorm: 0.001507895293 xtb: 6.7.1 (41059b4)
C            1.41302335245210        0.53145159878459        0.00078805454894
O            0.59237121354214       -0.66219537098753        0.00117074295977
C           -0.74313224405822       -0.48738612879790       -0.00293759690960
O           -1.33346472964206        0.56017352529087       -0.00401422178820
H            0.78776534423030        1.42512592923815        0.02256542725650
H            2.02320572640891        0.51052786182158       -0.90452011979299
H            2.05407582161334        0.48674937321005        0.88339790531391
H           -1.22008658840704       -1.48049238638075        0.00329298864441
8
 energy: -229.021418402110 gnorm: 0.000805403251 xtb: 6.7.1 (41059b4)
C            1.41272157831867        0.53110703295760        0.00080377624911
O            0.59178207021436       -0.66104054304840        0.00311801011472
C           -0.74288105371766       -0.48738130704778        0.00010856125721
O           -1.33488586562919        0.55985052944454       -0.00513910502361
H            0.78905989133362        1.42607449080315        0.02282558696383
H            2.02233938932426        0.50969021413543       -0.90505057627040
H            2.05499996913783        0.48666289194689        0.88269059869932
H           -1.21937809248782       -1.48100890130002        0.00038633993211
8
 energy: -229.021418402110 gnorm: 0.000805403251 xtb: 6.7.1 (41059b4)
C            1.41272157831867        0.53110703295760        0.00080377624911
O            0.59178207021436       -0.66104054304840        0.00311801011472
C           -0.74288105371766       -0.48738130704778        0.00010856125721
O           -1.33488586562919        0.55985052944454       -0.00513910502361
H            0.78905989133362        1.42607449080315        0.02282558696383
H            2.02233938932426        0.50969021413543       -0.90505057627040
H            2.05499996913783        0.48666289194689        0.88269059869932
H           -1.21937809248782       -1.48100890130002        0.00038633993211
