2025-04-09 03:19:27,628 -   censo.qm_processor   -   INFO   - worker232473:Running sp calculation in /home/michael/Documents/CHEM4561/automated/1793/0_PRESCREENING/CONF1/sp.
2025-04-09 03:19:32,611 -     censo.parallel     -   INFO   - All jobs executed successfully.
2025-04-09 03:19:32,630 -   censo.qm_processor   -   INFO   - worker232578:Running sp calculation in /home/michael/Documents/CHEM4561/automated/1793/1_SCREENING/CONF1/sp.
2025-04-09 03:19:49,127 -     censo.parallel     -   INFO   - All jobs executed successfully.
2025-04-09 03:19:49,147 -   censo.qm_processor   -   INFO   - worker232754:Running xtb_opt calculation in /home/michael/Documents/CHEM4561/automated/1793/2_OPTIMIZATION/CONF1/xtb_opt.
2025-04-09 03:21:15,855 -     censo.parallel     -   INFO   - All jobs executed successfully.
2025-04-09 03:21:15,871 -   censo.qm_processor   -   INFO   - worker233189:Running xtb_rrho calculation in /home/michael/Documents/CHEM4561/automated/1793/2_OPTIMIZATION/CONF1/xtb_rrho.
2025-04-09 03:21:17,154 -     censo.parallel     -   INFO   - All jobs executed successfully.
2025-04-09 03:21:17,173 -   censo.qm_processor   -   INFO   - worker233284:Running sp calculation in /home/michael/Documents/CHEM4561/automated/1793/3_REFINEMENT/CONF1/sp.
2025-04-09 03:24:47,494 -     censo.parallel     -   INFO   - All jobs executed successfully.
2025-04-09 03:24:47,579 -   censo.qm_processor   -   INFO   - worker234072:Running sp calculation in /home/michael/Documents/CHEM4561/automated/1793/0_PRESCREENING/CONF1/sp.
2025-04-09 03:24:49,713 -     censo.parallel     -   INFO   - All jobs executed successfully.
2025-04-09 03:24:49,731 -   censo.qm_processor   -   INFO   - worker234177:Running sp calculation in /home/michael/Documents/CHEM4561/automated/1793/1_SCREENING/CONF1/sp.
2025-04-09 03:25:06,245 -     censo.parallel     -   INFO   - All jobs executed successfully.
2025-04-09 03:25:06,261 -   censo.qm_processor   -   INFO   - worker234925:Running xtb_opt calculation in /home/michael/Documents/CHEM4561/automated/1793/2_OPTIMIZATION/CONF1/xtb_opt.
2025-04-09 03:26:32,896 -     censo.parallel     -   INFO   - All jobs executed successfully.
2025-04-09 03:26:32,913 -   censo.qm_processor   -   INFO   - worker235370:Running xtb_rrho calculation in /home/michael/Documents/CHEM4561/automated/1793/2_OPTIMIZATION/CONF1/xtb_rrho.
2025-04-09 03:26:34,193 -     censo.parallel     -   INFO   - All jobs executed successfully.
2025-04-09 03:26:34,211 -   censo.qm_processor   -   INFO   - worker235466:Running sp calculation in /home/michael/Documents/CHEM4561/automated/1793/3_REFINEMENT/CONF1/sp.
2025-04-09 03:30:05,127 -     censo.parallel     -   INFO   - All jobs executed successfully.
