#========================================================================================
#                     Free energy perturbation    
#----------------------------------------------------------------------------------------
#forward/backward          λ              ΔΔA                 ΔA                  δε   
#                                                 
#----------------------------------------------------------------------------------------
forward:               0.0000              0.0000              0.0000              0.0000  
forward:               0.0500              1.7869              1.7869              0.0204  
forward:               0.1000              1.0136              2.8005              0.0267  
forward:               0.1500              0.5474              3.3479              0.0288  
forward:               0.2000              0.2958              3.6437              0.0301  
forward:               0.2500              0.1555              3.7992              0.0309  
forward:               0.3000              0.0789              3.8781              0.0314  
forward:               0.3500              0.0246              3.9027              0.0318  
forward:               0.4000             -0.0223              3.8804              0.0322  
forward:               0.4500             -0.0526              3.8278              0.0325  
forward:               0.5000             -0.0694              3.7584              0.0327  
forward:               0.5500             -0.1949              3.5635              0.0335  
forward:               0.6000             -0.4223              3.1412              0.0341  
forward:               0.6500             -0.6254              2.5158              0.0349  
forward:               0.7000             -0.7877              1.7281              0.0358  
forward:               0.7500             -0.9065              0.8216              0.0365  
forward:               0.8000             -0.9790             -0.1574              0.0369  
forward:               0.8500             -1.0011             -1.1586              0.0374  
forward:               0.9000             -0.9999             -2.1584              0.0377  
forward:               0.9500             -0.9733             -3.1318              0.0380  
forward:               1.0000             -0.9538             -4.0856              0.0383  
backward:              1.0000              0.0000             -4.0856              0.0000  
backward:              0.9500              0.9435             -3.1421              0.0068  
backward:              0.9000              0.9765             -2.1656              0.0095  
backward:              0.8500              0.9926             -1.1730              0.0115  
backward:              0.8000              1.0080             -0.1650              0.0129  
backward:              0.7500              0.9682              0.8032              0.0147  
backward:              0.7000              0.8963              1.6995              0.0172  
backward:              0.6500              0.7879              2.4874              0.0184  
backward:              0.6000              0.6133              3.1007              0.0197  
backward:              0.5500              0.4201              3.5208              0.0207  
backward:              0.5000              0.1999              3.7206              0.0217  
backward:              0.4500              0.0748              3.7954              0.0219  
backward:              0.4000              0.0481              3.8435              0.0227  
backward:              0.3500              0.0257              3.8692              0.0240  
backward:              0.3000             -0.0073              3.8619              0.0250  
backward:              0.2500             -0.0675              3.7944              0.0254  
backward:              0.2000             -0.1537              3.6407              0.0266  
backward:              0.1500             -0.2899              3.3508              0.0292  
backward:              0.1000             -0.5298              2.8210              0.0374  
backward:              0.0500             -1.0741              1.7469              0.0800  
backward:              0.0000             -1.7226              0.0243              0.0890  
Inaccuracy estimation
======================================================================================================
                   i        i+δi          P0_overlap_P1   δε(forward)/ε   δε(backward)/ε
======================================================================================================
inaccuracy:  0.00000        0.05000           34.33           -0.02            1.99
inaccuracy:  0.05000        0.10000           43.18           -0.04            1.21
inaccuracy:  0.10000        0.15000           53.38           -0.03            0.62
inaccuracy:  0.15000        0.20000           61.73           -0.02            0.36
inaccuracy:  0.20000        0.25000           66.63           -0.02            0.23
inaccuracy:  0.25000        0.30000           68.31           -0.02            0.18
inaccuracy:  0.30000        0.35000           69.90           -0.02            0.16
inaccuracy:  0.35000        0.40000           71.54           -0.02            0.13
inaccuracy:  0.40000        0.45000           73.27           -0.01            0.11
inaccuracy:  0.45000        0.50000           73.23           -0.02            0.11
inaccuracy:  0.50000        0.55000           65.39           -0.08            0.15
inaccuracy:  0.55000        0.60000           66.13           -0.09            0.11
inaccuracy:  0.60000        0.65000           66.06           -0.10            0.08
inaccuracy:  0.65000        0.70000           65.20           -0.12            0.07
inaccuracy:  0.70000        0.75000           66.42           -0.13            0.06
inaccuracy:  0.75000        0.80000           66.92           -0.10            0.05
inaccuracy:  0.80000        0.85000           65.75           -0.12            0.06
inaccuracy:  0.85000        0.90000           65.97           -0.10            0.06
inaccuracy:  0.90000        0.95000           64.44           -0.09            0.07
inaccuracy:  0.95000        1.00000           65.05           -0.11            0.07
===================================================================================================================================
                BAR        
-----------------------------------------------------------------------------------------------------------------------------------
BAR-estimator:         λ             λ+δλ          ΔΔA             ΔA            C               Δδe            δe       
                          
-----------------------------------------------------------------------------------------------------------------------------------
BAR-estimator:      0.00000        0.05000        1.7716         1.7716         1.7716         0.0102         0.0102 
BAR-estimator:      0.05000        0.10000        1.0112         2.7828         1.0112         0.0100         0.0143 
BAR-estimator:      0.10000        0.15000        0.5359         3.3187         0.5359         0.0071         0.0159 
BAR-estimator:      0.15000        0.20000        0.2922         3.6109         0.2922         0.0058         0.0170 
BAR-estimator:      0.20000        0.25000        0.1562         3.7671         0.1562         0.0055         0.0178 
BAR-estimator:      0.25000        0.30000        0.0749         3.8420         0.0749         0.0043         0.0184 
BAR-estimator:      0.30000        0.35000        0.0197         3.8617         0.0197         0.0045         0.0189 
BAR-estimator:      0.35000        0.40000       -0.0245         3.8372        -0.0245         0.0037         0.0193 
BAR-estimator:      0.40000        0.45000       -0.0520         3.7853        -0.0520         0.0031         0.0195 
BAR-estimator:      0.45000        0.50000       -0.0693         3.7160        -0.0693         0.0029         0.0197 
BAR-estimator:      0.50000        0.55000       -0.1944         3.5215        -0.1944         0.0037         0.0201 
BAR-estimator:      0.55000        0.60000       -0.4172         3.1044        -0.4172         0.0037         0.0204 
BAR-estimator:      0.60000        0.65000       -0.6136         2.4907        -0.6136         0.0042         0.0208 
BAR-estimator:      0.65000        0.70000       -0.7887         1.7020        -0.7887         0.0049         0.0214 
BAR-estimator:      0.70000        0.75000       -0.9031         0.7989        -0.9031         0.0038         0.0217 
BAR-estimator:      0.75000        0.80000       -0.9695        -0.1707        -0.9695         0.0041         0.0221 
BAR-estimator:      0.80000        0.85000       -1.0011        -1.1718        -1.0011         0.0041         0.0225 
BAR-estimator:      0.85000        0.90000       -0.9953        -2.1671        -0.9953         0.0038         0.0228 
BAR-estimator:      0.90000        0.95000       -0.9723        -3.1394        -0.9723         0.0036         0.0231 
BAR-estimator:      0.95000        1.00000       -0.9542        -4.0936        -0.9542         0.0041         0.0235 
BAR-estimator: total free energy change is -4.093575327286201 , total error is 0.02348621314241897
