#========================================================================================
#                     Free energy perturbation    
#----------------------------------------------------------------------------------------
#forward/backward          λ              ΔΔA                 ΔA                  δε   
#                                                 
#----------------------------------------------------------------------------------------
forward:               0.0000              0.0000              0.0000              0.0000  
forward:               0.0500              0.5172              0.5172              0.0070  
forward:               0.1000              0.3430              0.8602              0.0090  
forward:               0.1500              0.2420              1.1022              0.0104  
forward:               0.2000              0.1802              1.2824              0.0116  
forward:               0.2500              0.1346              1.4170              0.0123  
forward:               0.3000              0.1075              1.5244              0.0128  
forward:               0.3500              0.0856              1.6100              0.0132  
forward:               0.4000              0.0688              1.6788              0.0137  
forward:               0.4500              0.0563              1.7352              0.0141  
forward:               0.5000              0.0485              1.7836              0.0144  
forward:               0.5500             -0.0546              1.7291              0.0149  
forward:               0.6000             -0.2088              1.5203              0.0155  
forward:               0.6500             -0.3423              1.1779              0.0160  
forward:               0.7000             -0.4700              0.7079              0.0165  
forward:               0.7500             -0.5564              0.1515              0.0169  
forward:               0.8000             -0.6301             -0.4785              0.0173  
forward:               0.8500             -0.6584             -1.1369              0.0176  
forward:               0.9000             -0.6903             -1.8272              0.0180  
forward:               0.9500             -0.7032             -2.5304              0.0183  
forward:               1.0000             -0.7112             -3.2415              0.0186  
backward:              1.0000              0.0000             -3.2415              0.0000  
backward:              0.9500              0.7128             -2.5287              0.0042  
backward:              0.9000              0.7091             -1.8196              0.0058  
backward:              0.8500              0.6827             -1.1369              0.0071  
backward:              0.8000              0.6607             -0.4762              0.0085  
backward:              0.7500              0.6222              0.1461              0.0096  
backward:              0.7000              0.5623              0.7084              0.0106  
backward:              0.6500              0.4766              1.1850              0.0114  
backward:              0.6000              0.3523              1.5374              0.0121  
backward:              0.5500              0.2059              1.7433              0.0128  
backward:              0.5000              0.0490              1.7923              0.0134  
backward:              0.4500             -0.0498              1.7424              0.0140  
backward:              0.4000             -0.0594              1.6831              0.0144  
backward:              0.3500             -0.0762              1.6069              0.0149  
backward:              0.3000             -0.0847              1.5222              0.0154  
backward:              0.2500             -0.1144              1.4078              0.0160  
backward:              0.2000             -0.1423              1.2655              0.0164  
backward:              0.1500             -0.1763              1.0892              0.0174  
backward:              0.1000             -0.2393              0.8499              0.0184  
backward:              0.0500             -0.3311              0.5188              0.0198  
backward:              0.0000             -0.4958              0.0229              0.0228  
Inaccuracy estimation
======================================================================================================
                   i        i+δi          P0_overlap_P1   δε(forward)/ε   δε(backward)/ε
======================================================================================================
inaccuracy:  0.00000        0.05000           60.60           -0.01            0.42
inaccuracy:  0.05000        0.10000           68.69           -0.00            0.28
inaccuracy:  0.10000        0.15000           73.45           -0.00            0.18
inaccuracy:  0.15000        0.20000           75.34           -0.01            0.13
inaccuracy:  0.20000        0.25000           77.87           -0.00            0.11
inaccuracy:  0.25000        0.30000           79.40           -0.00            0.09
inaccuracy:  0.30000        0.35000           80.01           -0.00            0.09
inaccuracy:  0.35000        0.40000           80.79           -0.00            0.08
inaccuracy:  0.40000        0.45000           80.88           -0.00            0.07
inaccuracy:  0.45000        0.50000           80.41           -0.00            0.06
inaccuracy:  0.50000        0.55000           72.80           -0.04            0.09
inaccuracy:  0.55000        0.60000           73.39           -0.06            0.07
inaccuracy:  0.60000        0.65000           71.90           -0.06            0.06
inaccuracy:  0.65000        0.70000           72.62           -0.06            0.05
inaccuracy:  0.70000        0.75000           72.73           -0.06            0.05
inaccuracy:  0.75000        0.80000           74.05           -0.06            0.04
inaccuracy:  0.80000        0.85000           72.48           -0.06            0.04
inaccuracy:  0.85000        0.90000           74.06           -0.05            0.04
inaccuracy:  0.90000        0.95000           72.68           -0.05            0.05
inaccuracy:  0.95000        1.00000           72.57           -0.05            0.05
===================================================================================================================================
                BAR        
-----------------------------------------------------------------------------------------------------------------------------------
BAR-estimator:         λ             λ+δλ          ΔΔA             ΔA            C               Δδe            δe       
                          
-----------------------------------------------------------------------------------------------------------------------------------
BAR-estimator:      0.00000        0.05000        0.5095         0.5095         0.5095         0.0048         0.0048 
BAR-estimator:      0.05000        0.10000        0.3425         0.8520         0.3425         0.0034         0.0059 
BAR-estimator:      0.10000        0.15000        0.2427         1.0947         0.2427         0.0036         0.0069 
BAR-estimator:      0.15000        0.20000        0.1795         1.2742         0.1795         0.0031         0.0075 
BAR-estimator:      0.20000        0.25000        0.1383         1.4125         0.1383         0.0028         0.0080 
BAR-estimator:      0.25000        0.30000        0.1102         1.5228         0.1102         0.0024         0.0084 
BAR-estimator:      0.30000        0.35000        0.0868         1.6096         0.0868         0.0024         0.0087 
BAR-estimator:      0.35000        0.40000        0.0732         1.6828         0.0732         0.0024         0.0090 
BAR-estimator:      0.40000        0.45000        0.0591         1.7419         0.0591         0.0022         0.0093 
BAR-estimator:      0.45000        0.50000        0.0481         1.7900         0.0481         0.0021         0.0095 
BAR-estimator:      0.50000        0.55000       -0.0523         1.7377        -0.0523         0.0028         0.0099 
BAR-estimator:      0.55000        0.60000       -0.2070         1.5307        -0.2070         0.0028         0.0103 
BAR-estimator:      0.60000        0.65000       -0.3451         1.1856        -0.3451         0.0028         0.0106 
BAR-estimator:      0.65000        0.70000       -0.4730         0.7126        -0.4730         0.0028         0.0110 
BAR-estimator:      0.70000        0.75000       -0.5606         0.1520        -0.5606         0.0027         0.0113 
BAR-estimator:      0.75000        0.80000       -0.6273        -0.4753        -0.6273         0.0024         0.0116 
BAR-estimator:      0.80000        0.85000       -0.6625        -1.1379        -0.6625         0.0028         0.0119 
BAR-estimator:      0.85000        0.90000       -0.6871        -1.8250        -0.6871         0.0029         0.0123 
BAR-estimator:      0.90000        0.95000       -0.7046        -2.5295        -0.7046         0.0027         0.0126 
BAR-estimator:      0.95000        1.00000       -0.7126        -3.2421        -0.7126         0.0035         0.0130 
BAR-estimator: total free energy change is -3.242133593790219 , total error is 0.013037464670917482
