#========================================================================================
#                     Free energy perturbation    
#----------------------------------------------------------------------------------------
#forward/backward          λ              ΔΔA                 ΔA                  δε   
#                                                 
#----------------------------------------------------------------------------------------
forward:               0.0000              0.0000              0.0000              0.0000  
forward:               0.0500              2.3122              2.3122              0.0313  
forward:               0.1000              1.2232              3.5354              0.0365  
forward:               0.1500              0.5453              4.0807              0.0385  
forward:               0.2000              0.2536              4.3344              0.0394  
forward:               0.2500              0.1027              4.4371              0.0400  
forward:               0.3000              0.0034              4.4405              0.0404  
forward:               0.3500             -0.0506              4.3900              0.0407  
forward:               0.4000             -0.1017              4.2883              0.0410  
forward:               0.4500             -0.1379              4.1504              0.0412  
forward:               0.5000             -0.1696              3.9808              0.0413  
forward:               0.5500             -0.2633              3.7175              0.0415  
forward:               0.6000             -0.3861              3.3313              0.0418  
forward:               0.6500             -0.4902              2.8411              0.0419  
forward:               0.7000             -0.5762              2.2649              0.0421  
forward:               0.7500             -0.6598              1.6052              0.0423  
forward:               0.8000             -0.7178              0.8874              0.0425  
forward:               0.8500             -0.7818              0.1056              0.0427  
forward:               0.9000             -0.8249             -0.7193              0.0428  
forward:               0.9500             -0.8656             -1.5849              0.0430  
forward:               1.0000             -0.9085             -2.4934              0.0431  
backward:              1.0000              0.0000             -2.4934              0.0000  
backward:              0.9500              0.9121             -1.5813              0.0043  
backward:              0.9000              0.8828             -0.6985              0.0063  
backward:              0.8500              0.8230              0.1244              0.0079  
backward:              0.8000              0.7823              0.9067              0.0091  
backward:              0.7500              0.7312              1.6380              0.0100  
backward:              0.7000              0.6530              2.2910              0.0108  
backward:              0.6500              0.5878              2.8788              0.0120  
backward:              0.6000              0.4831              3.3618              0.0132  
backward:              0.5500              0.3805              3.7423              0.0145  
backward:              0.5000              0.2584              4.0007              0.0155  
backward:              0.4500              0.1635              4.1643              0.0163  
backward:              0.4000              0.1415              4.3058              0.0169  
backward:              0.3500              0.1064              4.4121              0.0179  
backward:              0.3000              0.0471              4.4592              0.0188  
backward:              0.2500              0.0018              4.4611              0.0204  
backward:              0.2000             -0.1114              4.3497              0.0224  
backward:              0.1500             -0.2756              4.0741              0.0271  
backward:              0.1000             -0.5507              3.5234              0.0315  
backward:              0.0500             -1.2217              2.3017              0.0516  
backward:              0.0000             -2.2560              0.0457              0.0720  
Inaccuracy estimation
======================================================================================================
                   i        i+δi          P0_overlap_P1   δε(forward)/ε   δε(backward)/ε
======================================================================================================
inaccuracy:  0.00000        0.05000           26.69            0.04            3.21
inaccuracy:  0.05000        0.10000           39.83           -0.05            1.48
inaccuracy:  0.10000        0.15000           53.64           -0.03            0.66
inaccuracy:  0.15000        0.20000           61.99           -0.03            0.35
inaccuracy:  0.20000        0.25000           66.62           -0.02            0.22
inaccuracy:  0.25000        0.30000           69.68           -0.03            0.16
inaccuracy:  0.30000        0.35000           71.73           -0.02            0.13
inaccuracy:  0.35000        0.40000           72.55           -0.02            0.10
inaccuracy:  0.40000        0.45000           72.63           -0.02            0.09
inaccuracy:  0.45000        0.50000           74.70           -0.01            0.08
inaccuracy:  0.50000        0.55000           69.80           -0.06            0.10
inaccuracy:  0.55000        0.60000           71.12           -0.05            0.08
inaccuracy:  0.60000        0.65000           71.79           -0.05            0.07
inaccuracy:  0.65000        0.70000           70.53           -0.05            0.06
inaccuracy:  0.70000        0.75000           72.11           -0.05            0.05
inaccuracy:  0.75000        0.80000           70.67           -0.07            0.05
inaccuracy:  0.80000        0.85000           71.91           -0.06            0.04
inaccuracy:  0.85000        0.90000           71.02           -0.07            0.04
inaccuracy:  0.90000        0.95000           70.00           -0.07            0.03
inaccuracy:  0.95000        1.00000           70.94           -0.06            0.03
===================================================================================================================================
                BAR        
-----------------------------------------------------------------------------------------------------------------------------------
BAR-estimator:         λ             λ+δλ          ΔΔA             ΔA            C               Δδe            δe       
                          
-----------------------------------------------------------------------------------------------------------------------------------
BAR-estimator:      0.00000        0.05000        2.3082         2.3082         2.3082         0.0108         0.0108 
BAR-estimator:      0.05000        0.10000        1.2148         3.5230         1.2148         0.0101         0.0148 
BAR-estimator:      0.10000        0.15000        0.5544         4.0774         0.5544         0.0074         0.0166 
BAR-estimator:      0.15000        0.20000        0.2580         4.3353         0.2580         0.0056         0.0175 
BAR-estimator:      0.20000        0.25000        0.1065         4.4419         0.1065         0.0047         0.0181 
BAR-estimator:      0.25000        0.30000        0.0022         4.4441         0.0022         0.0037         0.0185 
BAR-estimator:      0.30000        0.35000       -0.0496         4.3944        -0.0496         0.0033         0.0188 
BAR-estimator:      0.35000        0.40000       -0.1059         4.2885        -0.1059         0.0032         0.0190 
BAR-estimator:      0.40000        0.45000       -0.1409         4.1476        -0.1409         0.0029         0.0192 
BAR-estimator:      0.45000        0.50000       -0.1683         3.9793        -0.1683         0.0028         0.0194 
BAR-estimator:      0.50000        0.55000       -0.2625         3.7169        -0.2625         0.0031         0.0197 
BAR-estimator:      0.55000        0.60000       -0.3831         3.3337        -0.3831         0.0028         0.0199 
BAR-estimator:      0.60000        0.65000       -0.4904         2.8433        -0.4904         0.0031         0.0201 
BAR-estimator:      0.65000        0.70000       -0.5814         2.2619        -0.5814         0.0028         0.0203 
BAR-estimator:      0.70000        0.75000       -0.6555         1.6064        -0.6555         0.0029         0.0205 
BAR-estimator:      0.75000        0.80000       -0.7229         0.8836        -0.7229         0.0032         0.0208 
BAR-estimator:      0.80000        0.85000       -0.7819         0.1017        -0.7819         0.0032         0.0210 
BAR-estimator:      0.85000        0.90000       -0.8261        -0.7244        -0.8261         0.0029         0.0212 
BAR-estimator:      0.90000        0.95000       -0.8746        -1.5990        -0.8746         0.0032         0.0215 
BAR-estimator:      0.95000        1.00000       -0.9098        -2.5088        -0.9098         0.0031         0.0217 
BAR-estimator: total free energy change is -2.508819870769305 , total error is 0.021696859712559368
