#========================================================================================
#                     Free energy perturbation    
#----------------------------------------------------------------------------------------
#forward/backward          λ              ΔΔA                 ΔA                  δε   
#                                                 
#----------------------------------------------------------------------------------------
forward:               0.0000              0.0000              0.0000              0.0000  
forward:               0.0500              1.4190              1.4190              0.0259  
forward:               0.1000              0.7464              2.1654              0.0306  
forward:               0.1500              0.3552              2.5206              0.0322  
forward:               0.2000              0.2016              2.7222              0.0332  
forward:               0.2500              0.0902              2.8124              0.0338  
forward:               0.3000              0.0465              2.8589              0.0346  
forward:               0.3500              0.0155              2.8744              0.0351  
forward:               0.4000             -0.0081              2.8663              0.0354  
forward:               0.4500             -0.0318              2.8346              0.0358  
forward:               0.5000             -0.0393              2.7953              0.0361  
forward:               0.5500             -0.0458              2.7494              0.0363  
forward:               0.6000             -0.0618              2.6877              0.0366  
forward:               0.6500             -0.0728              2.6149              0.0368  
forward:               0.7000             -0.0843              2.5305              0.0370  
forward:               0.7500             -0.0797              2.4509              0.0372  
forward:               0.8000             -0.0935              2.3573              0.0374  
forward:               0.8500             -0.0964              2.2609              0.0376  
forward:               0.9000             -0.0982              2.1627              0.0378  
forward:               0.9500             -0.0982              2.0645              0.0379  
forward:               1.0000             -0.1090              1.9555              0.0381  
backward:              1.0000              0.0000              1.9555              0.0000  
backward:              0.9500              0.1052              2.0607              0.0041  
backward:              0.9000              0.1027              2.1634              0.0057  
backward:              0.8500              0.0986              2.2620              0.0079  
backward:              0.8000              0.0993              2.3613              0.0091  
backward:              0.7500              0.0916              2.4528              0.0102  
backward:              0.7000              0.0866              2.5395              0.0112  
backward:              0.6500              0.0775              2.6170              0.0120  
backward:              0.6000              0.0691              2.6861              0.0129  
backward:              0.5500              0.0574              2.7436              0.0137  
backward:              0.5000              0.0462              2.7898              0.0145  
backward:              0.4500              0.0397              2.8295              0.0151  
backward:              0.4000              0.0359              2.8654              0.0159  
backward:              0.3500              0.0060              2.8714              0.0170  
backward:              0.3000             -0.0083              2.8632              0.0180  
backward:              0.2500             -0.0556              2.8076              0.0192  
backward:              0.2000             -0.0915              2.7161              0.0207  
backward:              0.1500             -0.1737              2.5424              0.0230  
backward:              0.1000             -0.3435              2.1989              0.0270  
backward:              0.0500             -0.6883              1.5105              0.0347  
backward:              0.0000             -1.3542              0.1563              0.0489  
Inaccuracy estimation
======================================================================================================
                   i        i+δi          P0_overlap_P1   δε(forward)/ε   δε(backward)/ε
======================================================================================================
inaccuracy:  0.00000        0.05000           38.98           -0.05            1.38
inaccuracy:  0.05000        0.10000           47.03           -0.03            0.91
inaccuracy:  0.10000        0.15000           60.36           -0.01            0.44
inaccuracy:  0.15000        0.20000           65.05           -0.02            0.27
inaccuracy:  0.20000        0.25000           70.93           -0.01            0.18
inaccuracy:  0.25000        0.30000           73.18           -0.01            0.15
inaccuracy:  0.30000        0.35000           72.59           -0.01            0.13
inaccuracy:  0.35000        0.40000           74.63           -0.01            0.11
inaccuracy:  0.40000        0.45000           74.38           -0.02            0.10
inaccuracy:  0.45000        0.50000           74.40           -0.01            0.10
inaccuracy:  0.50000        0.55000           74.73           -0.01            0.10
inaccuracy:  0.55000        0.60000           74.89           -0.02            0.09
inaccuracy:  0.60000        0.65000           75.37           -0.01            0.09
inaccuracy:  0.65000        0.70000           76.83           -0.01            0.09
inaccuracy:  0.70000        0.75000           74.82           -0.01            0.09
inaccuracy:  0.75000        0.80000           75.48           -0.01            0.09
inaccuracy:  0.80000        0.85000           75.45           -0.01            0.09
inaccuracy:  0.85000        0.90000           75.13           -0.01            0.09
inaccuracy:  0.90000        0.95000           74.76           -0.02            0.09
inaccuracy:  0.95000        1.00000           75.58           -0.02            0.08
===================================================================================================================================
                BAR        
-----------------------------------------------------------------------------------------------------------------------------------
BAR-estimator:         λ             λ+δλ          ΔΔA             ΔA            C               Δδe            δe       
                          
-----------------------------------------------------------------------------------------------------------------------------------
BAR-estimator:      0.00000        0.05000        1.3978         1.3978         1.3978         0.0111         0.0111 
BAR-estimator:      0.05000        0.10000        0.7315         2.1292         0.7315         0.0114         0.0159 
BAR-estimator:      0.10000        0.15000        0.3518         2.4810         0.3518         0.0067         0.0172 
BAR-estimator:      0.15000        0.20000        0.1924         2.6734         0.1924         0.0051         0.0180 
BAR-estimator:      0.20000        0.25000        0.0930         2.7664         0.0930         0.0043         0.0185 
BAR-estimator:      0.25000        0.30000        0.0517         2.8181         0.0517         0.0049         0.0191 
BAR-estimator:      0.30000        0.35000        0.0117         2.8298         0.0117         0.0036         0.0195 
BAR-estimator:      0.35000        0.40000       -0.0062         2.8236        -0.0062         0.0035         0.0198 
BAR-estimator:      0.40000        0.45000       -0.0348         2.7888        -0.0348         0.0030         0.0200 
BAR-estimator:      0.45000        0.50000       -0.0402         2.7486        -0.0402         0.0033         0.0203 
BAR-estimator:      0.50000        0.55000       -0.0477         2.7009        -0.0477         0.0029         0.0205 
BAR-estimator:      0.55000        0.60000       -0.0624         2.6384        -0.0624         0.0031         0.0207 
BAR-estimator:      0.60000        0.65000       -0.0722         2.5662        -0.0722         0.0028         0.0209 
BAR-estimator:      0.65000        0.70000       -0.0811         2.4851        -0.0811         0.0029         0.0211 
BAR-estimator:      0.70000        0.75000       -0.0820         2.4031        -0.0820         0.0031         0.0213 
BAR-estimator:      0.75000        0.80000       -0.0944         2.3086        -0.0944         0.0030         0.0215 
BAR-estimator:      0.80000        0.85000       -0.0972         2.2114        -0.0972         0.0031         0.0218 
BAR-estimator:      0.85000        0.90000       -0.0983         2.1131        -0.0983         0.0032         0.0220 
BAR-estimator:      0.90000        0.95000       -0.0998         2.0132        -0.0998         0.0031         0.0222 
BAR-estimator:      0.95000        1.00000       -0.1086         1.9046        -0.1086         0.0032         0.0224 
BAR-estimator: total free energy change is 1.9046160870003317 , total error is 0.022431954998016423
