#========================================================================================
#                     Free energy perturbation    
#----------------------------------------------------------------------------------------
#forward/backward          λ              ΔΔA                 ΔA                  δε   
#                                                 
#----------------------------------------------------------------------------------------
forward:               0.0000              0.0000              0.0000              0.0000  
forward:               0.0500              1.9739              1.9739              0.0222  
forward:               0.1000              1.0599              3.0337              0.0283  
forward:               0.1500              0.4901              3.5239              0.0301  
forward:               0.2000              0.2571              3.7810              0.0306  
forward:               0.2500              0.1123              3.8933              0.0313  
forward:               0.3000              0.0448              3.9381              0.0335  
forward:               0.3500             -0.0190              3.9191              0.0341  
forward:               0.4000             -0.0617              3.8573              0.0344  
forward:               0.4500             -0.0916              3.7658              0.0347  
forward:               0.5000             -0.1233              3.6425              0.0350  
forward:               0.5500             -0.2654              3.3771              0.0357  
forward:               0.6000             -0.6009              2.7762              0.0363  
forward:               0.6500             -0.8930              1.8832              0.0372  
forward:               0.7000             -1.1208              0.7625              0.0381  
forward:               0.7500             -1.2753             -0.5128              0.0388  
forward:               0.8000             -1.3512             -1.8640              0.0394  
forward:               0.8500             -1.3831             -3.2471              0.0398  
forward:               0.9000             -1.3932             -4.6403              0.0403  
forward:               0.9500             -1.3820             -6.0223              0.0406  
forward:               1.0000             -1.3787             -7.4009              0.0410  
backward:              1.0000              0.0000             -7.4009              0.0000  
backward:              0.9500              1.3512             -6.0497              0.0072  
backward:              0.9000              1.3729             -4.6769              0.0133  
backward:              0.8500              1.3955             -3.2814              0.0147  
backward:              0.8000              1.3764             -1.9050              0.0167  
backward:              0.7500              1.3519             -0.5531              0.0194  
backward:              0.7000              1.2631              0.7100              0.0210  
backward:              0.6500              1.1234              1.8334              0.0225  
backward:              0.6000              0.8863              2.7198              0.0240  
backward:              0.5500              0.5974              3.3172              0.0251  
backward:              0.5000              0.2751              3.5923              0.0264  
backward:              0.4500              0.1129              3.7052              0.0270  
backward:              0.4000              0.0835              3.7887              0.0276  
backward:              0.3500              0.0624              3.8511              0.0282  
backward:              0.3000              0.0246              3.8757              0.0289  
backward:              0.2500             -0.0383              3.8375              0.0299  
backward:              0.2000             -0.1209              3.7166              0.0314  
backward:              0.1500             -0.2528              3.4638              0.0335  
backward:              0.1000             -0.5014              2.9624              0.0380  
backward:              0.0500             -1.0189              1.9436              0.0524  
backward:              0.0000             -1.9645             -0.0209              0.0669  
Inaccuracy estimation
======================================================================================================
                   i        i+δi          P0_overlap_P1   δε(forward)/ε   δε(backward)/ε
======================================================================================================
inaccuracy:  0.00000        0.05000           31.59           -0.01            2.22
inaccuracy:  0.05000        0.10000           40.84           -0.06            1.38
inaccuracy:  0.10000        0.15000           55.70           -0.03            0.57
inaccuracy:  0.15000        0.20000           62.20           -0.02            0.33
inaccuracy:  0.20000        0.25000           67.44           -0.02            0.20
inaccuracy:  0.25000        0.30000           68.47           -0.02            0.17
inaccuracy:  0.30000        0.35000           70.62           -0.01            0.14
inaccuracy:  0.35000        0.40000           71.90           -0.02            0.12
inaccuracy:  0.40000        0.45000           73.75           -0.01            0.12
inaccuracy:  0.45000        0.50000           74.42           -0.01            0.10
inaccuracy:  0.50000        0.55000           61.07           -0.13            0.17
inaccuracy:  0.55000        0.60000           63.55           -0.14            0.11
inaccuracy:  0.60000        0.65000           63.03           -0.16            0.07
inaccuracy:  0.65000        0.70000           62.92           -0.16            0.04
inaccuracy:  0.70000        0.75000           63.87           -0.14            0.03
inaccuracy:  0.75000        0.80000           63.95           -0.13            0.02
inaccuracy:  0.80000        0.85000           63.86           -0.14            0.03
inaccuracy:  0.85000        0.90000           63.75           -0.13            0.03
inaccuracy:  0.90000        0.95000           62.84           -0.15            0.04
inaccuracy:  0.95000        1.00000           63.55           -0.12            0.05
===================================================================================================================================
                BAR        
-----------------------------------------------------------------------------------------------------------------------------------
BAR-estimator:         λ             λ+δλ          ΔΔA             ΔA            C               Δδe            δe       
                          
-----------------------------------------------------------------------------------------------------------------------------------
BAR-estimator:      0.00000        0.05000        1.9713         1.9713         1.9713         0.0106         0.0106 
BAR-estimator:      0.05000        0.10000        1.0355         3.0069         1.0355         0.0103         0.0148 
BAR-estimator:      0.10000        0.15000        0.4938         3.5006         0.4938         0.0069         0.0163 
BAR-estimator:      0.15000        0.20000        0.2516         3.7522         0.2516         0.0047         0.0169 
BAR-estimator:      0.20000        0.25000        0.1099         3.8621         0.1099         0.0051         0.0177 
BAR-estimator:      0.25000        0.30000        0.0434         3.9055         0.0434         0.0046         0.0183 
BAR-estimator:      0.30000        0.35000       -0.0199         3.8856        -0.0199         0.0038         0.0187 
BAR-estimator:      0.35000        0.40000       -0.0623         3.8233        -0.0623         0.0033         0.0190 
BAR-estimator:      0.40000        0.45000       -0.0873         3.7360        -0.0873         0.0034         0.0192 
BAR-estimator:      0.45000        0.50000       -0.1191         3.6170        -0.1191         0.0033         0.0195 
BAR-estimator:      0.50000        0.55000       -0.2712         3.3457        -0.2712         0.0046         0.0201 
BAR-estimator:      0.55000        0.60000       -0.5935         2.7522        -0.5935         0.0043         0.0205 
BAR-estimator:      0.60000        0.65000       -0.8896         1.8626        -0.8896         0.0047         0.0210 
BAR-estimator:      0.65000        0.70000       -1.1193         0.7434        -1.1193         0.0050         0.0216 
BAR-estimator:      0.70000        0.75000       -1.2694        -0.5260        -1.2694         0.0046         0.0221 
BAR-estimator:      0.75000        0.80000       -1.3482        -1.8742        -1.3482         0.0043         0.0225 
BAR-estimator:      0.80000        0.85000       -1.3791        -3.2533        -1.3791         0.0043         0.0229 
BAR-estimator:      0.85000        0.90000       -1.3900        -4.6433        -1.3900         0.0048         0.0234 
BAR-estimator:      0.90000        0.95000       -1.3832        -6.0265        -1.3832         0.0044         0.0238 
BAR-estimator:      0.95000        1.00000       -1.3673        -7.3938        -1.3673         0.0040         0.0242 
BAR-estimator: total free energy change is -7.3938119245323985 , total error is 0.024165295180993977
