#========================================================================================
#                     Free energy perturbation    
#----------------------------------------------------------------------------------------
#forward/backward          λ              ΔΔA                 ΔA                  δε   
#                                                 
#----------------------------------------------------------------------------------------
forward:               0.0000              0.0000              0.0000              0.0000  
forward:               0.0500              1.9310              1.9310              0.0264  
forward:               0.1000              0.9989              2.9299              0.0310  
forward:               0.1500              0.4389              3.3688              0.0328  
forward:               0.2000              0.2129              3.5817              0.0336  
forward:               0.2500              0.0867              3.6683              0.0342  
forward:               0.3000              0.0230              3.6913              0.0345  
forward:               0.3500             -0.0466              3.6447              0.0349  
forward:               0.4000             -0.0742              3.5705              0.0352  
forward:               0.4500             -0.1030              3.4675              0.0355  
forward:               0.5000             -0.1279              3.3396              0.0357  
forward:               0.5500             -0.2190              3.1206              0.0361  
forward:               0.6000             -0.4067              2.7139              0.0365  
forward:               0.6500             -0.5726              2.1413              0.0368  
forward:               0.7000             -0.7136              1.4277              0.0373  
forward:               0.7500             -0.8369              0.5909              0.0377  
forward:               0.8000             -0.9048             -0.3140              0.0380  
forward:               0.8500             -0.9627             -1.2767              0.0383  
forward:               0.9000             -0.9901             -2.2667              0.0386  
forward:               0.9500             -1.0173             -3.2841              0.0388  
forward:               1.0000             -1.0239             -4.3080              0.0390  
backward:              1.0000              0.0000             -4.3080              0.0000  
backward:              0.9500              1.0136             -3.2945              0.0143  
backward:              0.9000              1.0022             -2.2923              0.0152  
backward:              0.8500              1.0006             -1.2917              0.0161  
backward:              0.8000              0.9651             -0.3266              0.0169  
backward:              0.7500              0.9134              0.5868              0.0180  
backward:              0.7000              0.8243              1.4111              0.0190  
backward:              0.6500              0.7070              2.1181              0.0198  
backward:              0.6000              0.5658              2.6839              0.0208  
backward:              0.5500              0.4048              3.0887              0.0216  
backward:              0.5000              0.2007              3.2894              0.0226  
backward:              0.4500              0.1254              3.4148              0.0232  
backward:              0.4000              0.1078              3.5226              0.0236  
backward:              0.3500              0.0786              3.6013              0.0243  
backward:              0.3000              0.0289              3.6302              0.0255  
backward:              0.2500             -0.0034              3.6268              0.0267  
backward:              0.2000             -0.0840              3.5428              0.0284  
backward:              0.1500             -0.2280              3.3148              0.0312  
backward:              0.1000             -0.4647              2.8501              0.0360  
backward:              0.0500             -1.2976              1.5525              0.2627  
backward:              0.0000             -1.9779             -0.4254              0.2670  
Inaccuracy estimation
======================================================================================================
                   i        i+δi          P0_overlap_P1   δε(forward)/ε   δε(backward)/ε
======================================================================================================
inaccuracy:  0.00000        0.05000           32.03           -0.02            2.17
inaccuracy:  0.05000        0.10000           41.72           -0.05            1.32
inaccuracy:  0.10000        0.15000           56.21           -0.02            0.58
inaccuracy:  0.15000        0.20000           64.07           -0.02            0.29
inaccuracy:  0.20000        0.25000           67.33           -0.01            0.20
inaccuracy:  0.25000        0.30000           68.98           -0.02            0.16
inaccuracy:  0.30000        0.35000           73.13           -0.01            0.12
inaccuracy:  0.35000        0.40000           72.64           -0.01            0.12
inaccuracy:  0.40000        0.45000           73.70           -0.01            0.11
inaccuracy:  0.45000        0.50000           74.37           -0.02            0.09
inaccuracy:  0.50000        0.55000           67.77           -0.07            0.12
inaccuracy:  0.55000        0.60000           67.89           -0.08            0.09
inaccuracy:  0.60000        0.65000           68.48           -0.10            0.07
inaccuracy:  0.65000        0.70000           68.43           -0.08            0.06
inaccuracy:  0.70000        0.75000           68.68           -0.08            0.05
inaccuracy:  0.75000        0.80000           68.10           -0.09            0.04
inaccuracy:  0.80000        0.85000           68.93           -0.09            0.04
inaccuracy:  0.85000        0.90000           67.29           -0.10            0.04
inaccuracy:  0.90000        0.95000           69.12           -0.08            0.04
inaccuracy:  0.95000        1.00000           67.85           -0.09            0.04
===================================================================================================================================
                BAR        
-----------------------------------------------------------------------------------------------------------------------------------
BAR-estimator:         λ             λ+δλ          ΔΔA             ΔA            C               Δδe            δe       
                          
-----------------------------------------------------------------------------------------------------------------------------------
BAR-estimator:      0.00000        0.05000        1.9516         1.9516         1.9516         0.0111         0.0111 
BAR-estimator:      0.05000        0.10000        0.9975         2.9490         0.9975         0.0098         0.0148 
BAR-estimator:      0.10000        0.15000        0.4470         3.3960         0.4470         0.0070         0.0164 
BAR-estimator:      0.15000        0.20000        0.2154         3.6114         0.2154         0.0049         0.0171 
BAR-estimator:      0.20000        0.25000        0.0841         3.6955         0.0841         0.0044         0.0177 
BAR-estimator:      0.25000        0.30000        0.0158         3.7113         0.0158         0.0036         0.0181 
BAR-estimator:      0.30000        0.35000       -0.0425         3.6687        -0.0425         0.0037         0.0184 
BAR-estimator:      0.35000        0.40000       -0.0751         3.5936        -0.0751         0.0033         0.0187 
BAR-estimator:      0.40000        0.45000       -0.1036         3.4901        -0.1036         0.0034         0.0190 
BAR-estimator:      0.45000        0.50000       -0.1264         3.3637        -0.1264         0.0028         0.0192 
BAR-estimator:      0.50000        0.55000       -0.2127         3.1509        -0.2127         0.0033         0.0195 
BAR-estimator:      0.55000        0.60000       -0.4058         2.7451        -0.4058         0.0034         0.0198 
BAR-estimator:      0.60000        0.65000       -0.5713         2.1738        -0.5713         0.0033         0.0201 
BAR-estimator:      0.65000        0.70000       -0.7117         1.4621        -0.7117         0.0039         0.0204 
BAR-estimator:      0.70000        0.75000       -0.8331         0.6290        -0.8331         0.0036         0.0208 
BAR-estimator:      0.75000        0.80000       -0.9078        -0.2788        -0.9078         0.0034         0.0210 
BAR-estimator:      0.80000        0.85000       -0.9627        -1.2414        -0.9627         0.0035         0.0213 
BAR-estimator:      0.85000        0.90000       -0.9929        -2.2344        -0.9929         0.0037         0.0216 
BAR-estimator:      0.90000        0.95000       -1.0100        -3.2444        -1.0100         0.0032         0.0219 
BAR-estimator:      0.95000        1.00000       -1.0242        -4.2686        -1.0242         0.0033         0.0221 
BAR-estimator: total free energy change is -4.2685590101249105 , total error is 0.022135078333805746
