15
 energy: -233.604550131975 gnorm: 0.025345538398 xtb: 6.7.1 (41059b4)
C            0.77008486344125       -1.26540202406073       -0.47625870361104
C            0.00391119330173       -0.00343810440152       -0.01907610280845
C           -1.40996215682479        0.00604344520268       -0.61325747067175
C            0.75294000933365        1.26455364576036       -0.42999588799054
O           -0.07494138923321        0.04151009491839        1.39962560652021
H            0.16713982657406       -1.87322310783007       -1.14610671980787
H            1.68888544994839       -0.99882464834261       -0.99032681093884
H            1.03764428285981       -1.86872698042808        0.38883725747230
H           -1.36429886040456        0.05139734802278       -1.69797974605242
H           -1.95921135806818        0.87157157868622       -0.24903936321036
H           -1.95154534736478       -0.89418756859624       -0.32438072664374
H            0.86205131048200        1.30779368537952       -1.50984758096905
H            0.20735371559188        2.14025198904840       -0.08882994563936
H            1.73523623366893        1.27199027636365        0.03427179161519
H           -0.62759731207810       -0.68791110050483        1.70088624015371
15
 energy: -233.605177884267 gnorm: 0.010626583965 xtb: 6.7.1 (41059b4)
C            0.77297402606929       -1.26868912955895       -0.48222314071462
C            0.00097726351619       -0.00522012581459       -0.02276634650871
C           -1.41358121013607        0.00939543639135       -0.61337740050344
C            0.74985549623434        1.26489706994127       -0.42140659983584
O           -0.07678653104172        0.05437718134032        1.40637452846095
H            0.17606871042820       -1.88709940713409       -1.15674133254545
H            1.70092585572868       -1.01078449961146       -0.99671188726830
H            1.04134081571363       -1.87365334144286        0.38640365408601
H           -1.37494204425446        0.04549885568528       -1.70503233696534
H           -1.96497609869530        0.88025507329869       -0.25010838063050
H           -1.95852518314394       -0.89530302133598       -0.32390353489586
H            0.86384253838179        1.30831117113983       -1.50641609523786
H            0.20366755804812        2.14875485354068       -0.08410557443247
H            1.74015197845230        1.27227831088302        0.03978537789435
H           -0.62330272006541       -0.67961978318938        1.70875104434640
15
 energy: -233.605278965201 gnorm: 0.003750964928 xtb: 6.7.1 (41059b4)
C            0.77221914200382       -1.26839723363326       -0.48193479602142
C            0.00003016669869       -0.00225429658865       -0.02733067706368
C           -1.41506376439400        0.00924149455379       -0.61264357889248
C            0.75063793903338        1.26599364546136       -0.42109995385368
O           -0.07788356051165        0.05577914750656        1.41010186762558
H            0.17838626080213       -1.88971005461620       -1.16010118138021
H            1.70439464151508       -1.01250512966033       -0.99478035136856
H            1.03972062352042       -1.87529981373586        0.38778205908126
H           -1.38236427453834        0.03894505483191       -1.70728356744489
H           -1.96656667499271        0.88281429401630       -0.25150285550636
H           -1.96305576587447       -0.89575075551880       -0.32124198725093
H            0.86979146497771        1.31462022138941       -1.50783381211304
H            0.20416659878622        2.15179290302369       -0.08345250412426
H            1.74283153199645        1.27195681016816        0.04090666727603
H           -0.61955388554734       -0.68382772779574        1.70893651032499
15
 energy: -233.605296869585 gnorm: 0.001439309160 xtb: 6.7.1 (41059b4)
C            0.77231217432854       -1.26827933663674       -0.48188076807059
C           -0.00005617213084       -0.00208675623075       -0.03003646181790
C           -1.41510586230615        0.00972911001892       -0.61247959000857
C            0.75008163206770        1.26581827910326       -0.42161298446871
O           -0.07839005273631        0.05633198531779        1.41102299438089
H            0.17972369589165       -1.88863751665071       -1.16189421127435
H            1.70607312656469       -1.01269010239624       -0.99202245076380
H            1.03680800420723       -1.87530439740698        0.38855749815643
H           -1.38522745349267        0.03574178204713       -1.70741408017636
H           -1.96610126543067        0.88428763530159       -0.25347178157930
H           -1.96326465233613       -0.89395603455107       -0.31754909597301
H            0.87132152490258        1.31699786345572       -1.50809096323034
H            0.20423894350325        2.15167467796189       -0.08354207626039
H            1.74160944063648        1.27086312762879        0.04152222506107
H           -0.61633265863675       -0.68709187569916        1.70741351369265
15
 energy: -233.605304584178 gnorm: 0.001274741793 xtb: 6.7.1 (41059b4)
C            0.77161388781573       -1.26731955057050       -0.48192150183111
C           -0.00010717912489       -0.00148164577479       -0.03259663372239
C           -1.41509810382656        0.00916689754023       -0.61236377099137
C            0.75003440114179        1.26590228871739       -0.42255156689900
O           -0.07884497742307        0.05710867577979        1.41139376690359
H            0.18133361897128       -1.88462584379168       -1.16573467189574
H            1.70799310491264       -1.01196223906288       -0.98604681923766
H            1.02981763505287       -1.87562176766427        0.38883254711383
H           -1.38751113444005        0.03045353924006       -1.70692925888498
H           -1.96401395852090        0.88559834121226       -0.25652061578373
H           -1.96350637037689       -0.89174126749585       -0.31154327843071
H            0.87227057432701        1.31863807244462       -1.50832938268088
H            0.20427017992842        2.15085691081579       -0.08391831433473
H            1.74025089598197        1.27027139246756        0.04199457519989
H           -0.61081209945795       -0.69184563122886        1.70475659590463
15
 energy: -233.605309163982 gnorm: 0.000870397678 xtb: 6.7.1 (41059b4)
C            0.77163402380074       -1.26725505570106       -0.48177399985513
C           -0.00008885267068       -0.00151184445960       -0.03228426823685
C           -1.41534072143583        0.00935606176881       -0.61211801533967
C            0.74962608980234        1.26620863569411       -0.42306517253048
O           -0.07859066098106        0.05731811037229        1.41107710436854
H            0.18293054638830       -1.88227310611393       -1.16896367944440
H            1.71011740053684       -1.01216403391982       -0.98198167564649
H            1.02606772441136       -1.87811548552568        0.38830431740789
H           -1.38760161669972        0.02896826237570       -1.70659079620447
H           -1.96380664168913        0.88653882341300       -0.25738751231628
H           -1.96378902098436       -0.89084572252340       -0.30960698008932
H            0.87137576569237        1.31834232427515       -1.50883187249016
H            0.20367756345775        2.15105275361649       -0.08442113005445
H            1.73984909136310        1.27072432233630        0.04137842090831
H           -0.60837009460758       -0.69294609346042        1.70478692475151
15
 energy: -233.605309163982 gnorm: 0.000870397678 xtb: 6.7.1 (41059b4)
C            0.77163402380074       -1.26725505570106       -0.48177399985513
C           -0.00008885267068       -0.00151184445960       -0.03228426823685
C           -1.41534072143583        0.00935606176881       -0.61211801533967
C            0.74962608980234        1.26620863569411       -0.42306517253048
O           -0.07859066098106        0.05731811037229        1.41107710436854
H            0.18293054638830       -1.88227310611393       -1.16896367944440
H            1.71011740053684       -1.01216403391982       -0.98198167564649
H            1.02606772441136       -1.87811548552568        0.38830431740789
H           -1.38760161669972        0.02896826237570       -1.70659079620447
H           -1.96380664168913        0.88653882341300       -0.25738751231628
H           -1.96378902098436       -0.89084572252340       -0.30960698008932
H            0.87137576569237        1.31834232427515       -1.50883187249016
H            0.20367756345775        2.15105275361649       -0.08442113005445
H            1.73984909136310        1.27072432233630        0.04137842090831
H           -0.60837009460758       -0.69294609346042        1.70478692475151
