2025-04-09 06:40:32,591 -   censo.qm_processor   -   INFO   - worker308857:Running sp calculation in /home/michael/Documents/CHEM4561/automated/1818/0_PRESCREENING/CONF1/sp.
2025-04-09 06:40:41,785 -     censo.parallel     -   INFO   - All jobs executed successfully.
2025-04-09 06:40:41,804 -   censo.qm_processor   -   INFO   - worker309001:Running sp calculation in /home/michael/Documents/CHEM4561/automated/1818/1_SCREENING/CONF1/sp.
2025-04-09 06:41:18,702 -     censo.parallel     -   INFO   - All jobs executed successfully.
2025-04-09 06:41:18,720 -   censo.qm_processor   -   INFO   - worker309231:Running xtb_opt calculation in /home/michael/Documents/CHEM4561/automated/1818/2_OPTIMIZATION/CONF1/xtb_opt.
2025-04-09 06:45:01,363 -     censo.parallel     -   INFO   - All jobs executed successfully.
2025-04-09 06:45:01,380 -   censo.qm_processor   -   INFO   - worker310213:Running xtb_rrho calculation in /home/michael/Documents/CHEM4561/automated/1818/2_OPTIMIZATION/CONF1/xtb_rrho.
2025-04-09 06:45:04,801 -     censo.parallel     -   INFO   - All jobs executed successfully.
2025-04-09 06:45:04,821 -   censo.qm_processor   -   INFO   - worker310310:Running sp calculation in /home/michael/Documents/CHEM4561/automated/1818/3_REFINEMENT/CONF1/sp.
2025-04-09 06:52:40,190 -     censo.parallel     -   INFO   - All jobs executed successfully.
2025-04-09 06:52:40,275 -   censo.qm_processor   -   INFO   - worker312046:Running sp calculation in /home/michael/Documents/CHEM4561/automated/1818/0_PRESCREENING/CONF1/sp.
2025-04-09 06:52:43,930 -     censo.parallel     -   INFO   - All jobs executed successfully.
2025-04-09 06:52:43,948 -   censo.qm_processor   -   INFO   - worker312149:Running sp calculation in /home/michael/Documents/CHEM4561/automated/1818/1_SCREENING/CONF1/sp.
2025-04-09 06:53:21,020 -     censo.parallel     -   INFO   - All jobs executed successfully.
2025-04-09 06:53:21,036 -   censo.qm_processor   -   INFO   - worker312350:Running xtb_opt calculation in /home/michael/Documents/CHEM4561/automated/1818/2_OPTIMIZATION/CONF1/xtb_opt.
2025-04-09 06:57:03,772 -     censo.parallel     -   INFO   - All jobs executed successfully.
2025-04-09 06:57:03,787 -   censo.qm_processor   -   INFO   - worker313901:Running xtb_rrho calculation in /home/michael/Documents/CHEM4561/automated/1818/2_OPTIMIZATION/CONF1/xtb_rrho.
2025-04-09 06:57:07,249 -     censo.parallel     -   INFO   - All jobs executed successfully.
2025-04-09 06:57:07,267 -   censo.qm_processor   -   INFO   - worker314061:Running sp calculation in /home/michael/Documents/CHEM4561/automated/1818/3_REFINEMENT/CONF1/sp.
2025-04-09 07:04:43,532 -     censo.parallel     -   INFO   - All jobs executed successfully.
