#========================================================================================
#                     Free energy perturbation    
#----------------------------------------------------------------------------------------
#forward/backward          λ              ΔΔA                 ΔA                  δε   
#                                                 
#----------------------------------------------------------------------------------------
forward:               0.0000              0.0000              0.0000              0.0000  
forward:               0.0500              0.6234              0.6234              0.0084  
forward:               0.1000              0.3899              1.0133              0.0105  
forward:               0.1500              0.2511              1.2644              0.0121  
forward:               0.2000              0.1866              1.4510              0.0121  
forward:               0.2500              0.1413              1.5923              0.0129  
forward:               0.3000              0.1038              1.6961              0.0134  
forward:               0.3500              0.0844              1.7805              0.0139  
forward:               0.4000              0.0543              1.8347              0.0140  
forward:               0.4500              0.0491              1.8838              0.0143  
forward:               0.5000              0.0367              1.9205              0.0146  
forward:               0.5500             -0.0672              1.8533              0.0151  
forward:               0.6000             -0.2261              1.6272              0.0158  
forward:               0.6500             -0.4112              1.2160              0.0167  
forward:               0.7000             -0.5678              0.6483              0.0178  
forward:               0.7500             -0.6601             -0.0118              0.0184  
forward:               0.8000             -0.6746             -0.6865              0.0189  
forward:               0.8500             -0.6522             -1.3387              0.0192  
forward:               0.9000             -0.6194             -1.9581              0.0199  
forward:               0.9500             -0.5789             -2.5370              0.0202  
forward:               1.0000             -0.5741             -3.1110              0.0205  
backward:              1.0000              0.0000             -3.1110              0.0000  
backward:              0.9500              0.5657             -2.5453              0.0048  
backward:              0.9000              0.5899             -1.9554              0.0067  
backward:              0.8500              0.6234             -1.3320              0.0084  
backward:              0.8000              0.6535             -0.6785              0.0101  
backward:              0.7500              0.6676             -0.0109              0.0113  
backward:              0.7000              0.6622              0.6513              0.0125  
backward:              0.6500              0.5489              1.2003              0.0146  
backward:              0.6000              0.3897              1.5899              0.0157  
backward:              0.5500              0.2265              1.8165              0.0168  
backward:              0.5000              0.0617              1.8781              0.0177  
backward:              0.4500             -0.0385              1.8396              0.0181  
backward:              0.4000             -0.0432              1.7964              0.0186  
backward:              0.3500             -0.0685              1.7280              0.0191  
backward:              0.3000             -0.0818              1.6461              0.0196  
backward:              0.2500             -0.1106              1.5355              0.0203  
backward:              0.2000             -0.1367              1.3988              0.0210  
backward:              0.1500             -0.1907              1.2081              0.0217  
backward:              0.1000             -0.2653              0.9427              0.0230  
backward:              0.0500             -0.4112              0.5316              0.0287  
backward:              0.0000             -0.6282             -0.0967              0.0316  
Inaccuracy estimation
======================================================================================================
                   i        i+δi          P0_overlap_P1   δε(forward)/ε   δε(backward)/ε
======================================================================================================
inaccuracy:  0.00000        0.05000           58.03           -0.01            0.53
inaccuracy:  0.05000        0.10000           65.89           -0.01            0.32
inaccuracy:  0.10000        0.15000           72.29           -0.01            0.19
inaccuracy:  0.15000        0.20000           75.00           -0.01            0.15
inaccuracy:  0.20000        0.25000           76.15           -0.00            0.12
inaccuracy:  0.25000        0.30000           77.94           -0.00            0.09
inaccuracy:  0.30000        0.35000           77.63           -0.00            0.09
inaccuracy:  0.35000        0.40000           81.04           -0.00            0.07
inaccuracy:  0.40000        0.45000           78.95           -0.01            0.07
inaccuracy:  0.45000        0.50000           79.90           -0.01            0.07
inaccuracy:  0.50000        0.55000           72.30           -0.05            0.10
inaccuracy:  0.55000        0.60000           71.92           -0.09            0.07
inaccuracy:  0.60000        0.65000           71.67           -0.08            0.06
inaccuracy:  0.65000        0.70000           70.13           -0.07            0.05
inaccuracy:  0.70000        0.75000           70.44           -0.06            0.05
inaccuracy:  0.75000        0.80000           72.08           -0.07            0.05
inaccuracy:  0.80000        0.85000           71.48           -0.05            0.06
inaccuracy:  0.85000        0.90000           71.32           -0.05            0.07
inaccuracy:  0.90000        0.95000           69.80           -0.06            0.08
inaccuracy:  0.95000        1.00000           70.83           -0.05            0.09
===================================================================================================================================
                BAR        
-----------------------------------------------------------------------------------------------------------------------------------
BAR-estimator:         λ             λ+δλ          ΔΔA             ΔA            C               Δδe            δe       
                          
-----------------------------------------------------------------------------------------------------------------------------------
BAR-estimator:      0.00000        0.05000        0.6280         0.6280         0.6280         0.0053         0.0053 
BAR-estimator:      0.05000        0.10000        0.3927         1.0207         0.3927         0.0043         0.0068 
BAR-estimator:      0.10000        0.15000        0.2538         1.2746         0.2538         0.0040         0.0079 
BAR-estimator:      0.15000        0.20000        0.1891         1.4637         0.1891         0.0031         0.0085 
BAR-estimator:      0.20000        0.25000        0.1395         1.6032         0.1395         0.0030         0.0090 
BAR-estimator:      0.25000        0.30000        0.1056         1.7088         0.1056         0.0033         0.0096 
BAR-estimator:      0.30000        0.35000        0.0826         1.7914         0.0826         0.0027         0.0100 
BAR-estimator:      0.35000        0.40000        0.0596         1.8510         0.0596         0.0028         0.0103 
BAR-estimator:      0.40000        0.45000        0.0466         1.8976         0.0466         0.0023         0.0106 
BAR-estimator:      0.45000        0.50000        0.0373         1.9349         0.0373         0.0021         0.0108 
BAR-estimator:      0.50000        0.55000       -0.0643         1.8705        -0.0643         0.0027         0.0111 
BAR-estimator:      0.55000        0.60000       -0.2286         1.6419        -0.2286         0.0029         0.0115 
BAR-estimator:      0.60000        0.65000       -0.4018         1.2402        -0.4018         0.0033         0.0120 
BAR-estimator:      0.65000        0.70000       -0.5612         0.6790        -0.5612         0.0038         0.0125 
BAR-estimator:      0.70000        0.75000       -0.6593         0.0197        -0.6593         0.0033         0.0130 
BAR-estimator:      0.75000        0.80000       -0.6752        -0.6555        -0.6752         0.0032         0.0133 
BAR-estimator:      0.80000        0.85000       -0.6527        -1.3083        -0.6527         0.0035         0.0138 
BAR-estimator:      0.85000        0.90000       -0.6186        -1.9269        -0.6186         0.0033         0.0142 
BAR-estimator:      0.90000        0.95000       -0.5844        -2.5113        -0.5844         0.0029         0.0145 
BAR-estimator:      0.95000        1.00000       -0.5677        -3.0790        -0.5677         0.0029         0.0148 
BAR-estimator: total free energy change is -3.078986888375268 , total error is 0.014758303371972962
