#========================================================================================
#                     Free energy perturbation    
#----------------------------------------------------------------------------------------
#forward/backward          λ              ΔΔA                 ΔA                  δε   
#                                                 
#----------------------------------------------------------------------------------------
forward:               0.0000              0.0000              0.0000              0.0000  
forward:               0.0500              1.9183              1.9183              0.0211  
forward:               0.1000              1.1077              3.0260              0.0280  
forward:               0.1500              0.5979              3.6239              0.0303  
forward:               0.2000              0.3340              3.9580              0.0317  
forward:               0.2500              0.1850              4.1430              0.0325  
forward:               0.3000              0.1025              4.2455              0.0332  
forward:               0.3500              0.0369              4.2824              0.0337  
forward:               0.4000             -0.0035              4.2789              0.0341  
forward:               0.4500             -0.0367              4.2422              0.0344  
forward:               0.5000             -0.0627              4.1794              0.0347  
forward:               0.5500             -0.1076              4.0719              0.0350  
forward:               0.6000             -0.2110              3.8608              0.0353  
forward:               0.6500             -0.3091              3.5517              0.0356  
forward:               0.7000             -0.3824              3.1693              0.0360  
forward:               0.7500             -0.4481              2.7212              0.0364  
forward:               0.8000             -0.5094              2.2118              0.0370  
forward:               0.8500             -0.5614              1.6504              0.0374  
forward:               0.9000             -0.5885              1.0619              0.0378  
forward:               0.9500             -0.6077              0.4542              0.0380  
forward:               1.0000             -0.6274             -0.1732              0.0382  
backward:              1.0000              0.0000             -0.1732              0.0000  
backward:              0.9500              0.6141              0.4409              0.0058  
backward:              0.9000              0.6084              1.0493              0.0081  
backward:              0.8500              0.5787              1.6281              0.0093  
backward:              0.8000              0.5415              2.1696              0.0108  
backward:              0.7500              0.5000              2.6696              0.0120  
backward:              0.7000              0.4521              3.1217              0.0133  
backward:              0.6500              0.3740              3.4957              0.0150  
backward:              0.6000              0.2998              3.7955              0.0162  
backward:              0.5500              0.2067              4.0022              0.0175  
backward:              0.5000              0.0979              4.1001              0.0188  
backward:              0.4500              0.0669              4.1670              0.0194  
backward:              0.4000              0.0371              4.2040              0.0203  
backward:              0.3500             -0.0024              4.2017              0.0217  
backward:              0.3000             -0.0397              4.1620              0.0230  
backward:              0.2500             -0.0979              4.0640              0.0242  
backward:              0.2000             -0.1909              3.8731              0.0261  
backward:              0.1500             -0.3158              3.5573              0.0289  
backward:              0.1000             -0.5685              2.9888              0.0375  
backward:              0.0500             -1.1052              1.8836              0.0544  
backward:              0.0000             -1.9161             -0.0324              0.0831  
Inaccuracy estimation
======================================================================================================
                   i        i+δi          P0_overlap_P1   δε(forward)/ε   δε(backward)/ε
======================================================================================================
inaccuracy:  0.00000        0.05000           33.11           -0.01            2.06
inaccuracy:  0.05000        0.10000           42.48           -0.05            1.32
inaccuracy:  0.10000        0.15000           51.49           -0.03            0.71
inaccuracy:  0.15000        0.20000           60.38           -0.02            0.41
inaccuracy:  0.20000        0.25000           65.97           -0.02            0.26
inaccuracy:  0.25000        0.30000           67.67           -0.02            0.19
inaccuracy:  0.30000        0.35000           69.62           -0.02            0.16
inaccuracy:  0.35000        0.40000           70.78           -0.02            0.13
inaccuracy:  0.40000        0.45000           71.76           -0.02            0.12
inaccuracy:  0.45000        0.50000           72.61           -0.02            0.12
inaccuracy:  0.50000        0.55000           69.34           -0.04            0.13
inaccuracy:  0.55000        0.60000           69.64           -0.05            0.11
inaccuracy:  0.60000        0.65000           70.87           -0.06            0.10
inaccuracy:  0.65000        0.70000           70.54           -0.06            0.09
inaccuracy:  0.70000        0.75000           70.04           -0.05            0.09
inaccuracy:  0.75000        0.80000           70.98           -0.06            0.08
inaccuracy:  0.80000        0.85000           71.63           -0.05            0.07
inaccuracy:  0.85000        0.90000           71.04           -0.05            0.07
inaccuracy:  0.90000        0.95000           69.41           -0.06            0.07
inaccuracy:  0.95000        1.00000           70.69           -0.05            0.07
===================================================================================================================================
                BAR        
-----------------------------------------------------------------------------------------------------------------------------------
BAR-estimator:         λ             λ+δλ          ΔΔA             ΔA            C               Δδe            δe       
                          
-----------------------------------------------------------------------------------------------------------------------------------
BAR-estimator:      0.00000        0.05000        1.9187         1.9187         1.9187         0.0103         0.0103 
BAR-estimator:      0.05000        0.10000        1.1242         3.0428         1.1242         0.0108         0.0149 
BAR-estimator:      0.10000        0.15000        0.5870         3.6298         0.5870         0.0072         0.0166 
BAR-estimator:      0.15000        0.20000        0.3323         3.9621         0.3323         0.0068         0.0179 
BAR-estimator:      0.20000        0.25000        0.1884         4.1505         0.1884         0.0050         0.0186 
BAR-estimator:      0.25000        0.30000        0.1014         4.2519         0.1014         0.0047         0.0192 
BAR-estimator:      0.30000        0.35000        0.0368         4.2887         0.0368         0.0041         0.0196 
BAR-estimator:      0.35000        0.40000       -0.0057         4.2830        -0.0057         0.0037         0.0200 
BAR-estimator:      0.40000        0.45000       -0.0365         4.2465        -0.0365         0.0035         0.0203 
BAR-estimator:      0.45000        0.50000       -0.0625         4.1840        -0.0625         0.0032         0.0205 
BAR-estimator:      0.50000        0.55000       -0.1027         4.0813        -0.1027         0.0032         0.0208 
BAR-estimator:      0.55000        0.60000       -0.2111         3.8702        -0.2111         0.0033         0.0210 
BAR-estimator:      0.60000        0.65000       -0.3075         3.5627        -0.3075         0.0033         0.0213 
BAR-estimator:      0.65000        0.70000       -0.3817         3.1810        -0.3817         0.0034         0.0216 
BAR-estimator:      0.70000        0.75000       -0.4488         2.7322        -0.4488         0.0038         0.0219 
BAR-estimator:      0.75000        0.80000       -0.5051         2.2271        -0.5051         0.0043         0.0223 
BAR-estimator:      0.80000        0.85000       -0.5527         1.6744        -0.5527         0.0035         0.0226 
BAR-estimator:      0.85000        0.90000       -0.5829         1.0915        -0.5829         0.0037         0.0229 
BAR-estimator:      0.90000        0.95000       -0.6094         0.4821        -0.6094         0.0045         0.0233 
BAR-estimator:      0.95000        1.00000       -0.6213        -0.1392        -0.6213         0.0035         0.0236 
BAR-estimator: total free energy change is -0.13920254775757412 , total error is 0.02358943226219426
