#========================================================================================
#                     Free energy perturbation    
#----------------------------------------------------------------------------------------
#forward/backward          λ              ΔΔA                 ΔA                  δε   
#                                                 
#----------------------------------------------------------------------------------------
forward:               0.0000              0.0000              0.0000              0.0000  
forward:               0.0500              1.7097              1.7097              0.0235  
forward:               0.1000              0.9594              2.6692              0.0296  
forward:               0.1500              0.4344              3.1036              0.0321  
forward:               0.2000              0.1925              3.2960              0.0341  
forward:               0.2500              0.0707              3.3667              0.0348  
forward:               0.3000              0.0114              3.3781              0.0353  
forward:               0.3500             -0.0312              3.3470              0.0357  
forward:               0.4000             -0.0701              3.2768              0.0360  
forward:               0.4500             -0.0982              3.1786              0.0363  
forward:               0.5000             -0.1066              3.0720              0.0365  
forward:               0.5500             -0.2179              2.8540              0.0368  
forward:               0.6000             -0.3927              2.4613              0.0371  
forward:               0.6500             -0.5569              1.9044              0.0377  
forward:               0.7000             -0.7094              1.1950              0.0382  
forward:               0.7500             -0.8141              0.3809              0.0387  
forward:               0.8000             -0.8443             -0.4633              0.0391  
forward:               0.8500             -0.8460             -1.3093              0.0394  
forward:               0.9000             -0.8196             -2.1290              0.0397  
forward:               0.9500             -0.7932             -2.9222              0.0399  
forward:               1.0000             -0.7545             -3.6767              0.0402  
backward:              1.0000              0.0000             -3.6767              0.0000  
backward:              0.9500              0.7576             -2.9191              0.0058  
backward:              0.9000              0.7812             -2.1379              0.0081  
backward:              0.8500              0.8183             -1.3197              0.0104  
backward:              0.8000              0.8397             -0.4799              0.0122  
backward:              0.7500              0.8525              0.3725              0.0137  
backward:              0.7000              0.8036              1.1762              0.0156  
backward:              0.6500              0.7050              1.8811              0.0171  
backward:              0.6000              0.5614              2.4425              0.0182  
backward:              0.5500              0.3844              2.8269              0.0195  
backward:              0.5000              0.2111              3.0380              0.0205  
backward:              0.4500              0.1123              3.1503              0.0211  
backward:              0.4000              0.0796              3.2298              0.0219  
backward:              0.3500              0.0659              3.2957              0.0226  
backward:              0.3000              0.0210              3.3168              0.0235  
backward:              0.2500             -0.0035              3.3132              0.0242  
backward:              0.2000             -0.0813              3.2320              0.0257  
backward:              0.1500             -0.1970              3.0350              0.0276  
backward:              0.1000             -0.3624              2.6726              0.0313  
backward:              0.0500             -0.9126              1.7600              0.0426  
backward:              0.0000             -1.7809             -0.0210              0.0526  
Inaccuracy estimation
======================================================================================================
                   i        i+δi          P0_overlap_P1   δε(forward)/ε   δε(backward)/ε
======================================================================================================
inaccuracy:  0.00000        0.05000           37.10           -0.04            1.73
inaccuracy:  0.05000        0.10000           40.99           -0.06            1.23
inaccuracy:  0.10000        0.15000           53.06           -0.02            0.65
inaccuracy:  0.15000        0.20000           63.97           -0.02            0.29
inaccuracy:  0.20000        0.25000           68.41           -0.01            0.20
inaccuracy:  0.25000        0.30000           69.82           -0.02            0.17
inaccuracy:  0.30000        0.35000           71.78           -0.01            0.13
inaccuracy:  0.35000        0.40000           72.42           -0.02            0.12
inaccuracy:  0.40000        0.45000           74.29           -0.02            0.11
inaccuracy:  0.45000        0.50000           72.75           -0.02            0.11
inaccuracy:  0.50000        0.55000           68.20           -0.07            0.14
inaccuracy:  0.55000        0.60000           68.11           -0.11            0.10
inaccuracy:  0.60000        0.65000           65.66           -0.12            0.09
inaccuracy:  0.65000        0.70000           65.98           -0.13            0.07
inaccuracy:  0.70000        0.75000           67.21           -0.10            0.06
inaccuracy:  0.75000        0.80000           65.74           -0.09            0.07
inaccuracy:  0.80000        0.85000           66.53           -0.10            0.07
inaccuracy:  0.85000        0.90000           66.23           -0.09            0.08
inaccuracy:  0.90000        0.95000           66.06           -0.10            0.09
inaccuracy:  0.95000        1.00000           64.75           -0.09            0.10
===================================================================================================================================
                BAR        
-----------------------------------------------------------------------------------------------------------------------------------
BAR-estimator:         λ             λ+δλ          ΔΔA             ΔA            C               Δδe            δe       
                          
-----------------------------------------------------------------------------------------------------------------------------------
BAR-estimator:      0.00000        0.05000        1.7381         1.7381         1.7381         0.0103         0.0103 
BAR-estimator:      0.05000        0.10000        0.9445         2.6827         0.9445         0.0106         0.0148 
BAR-estimator:      0.10000        0.15000        0.4174         3.1001         0.4174         0.0104         0.0181 
BAR-estimator:      0.15000        0.20000        0.1894         3.2894         0.1894         0.0054         0.0189 
BAR-estimator:      0.20000        0.25000        0.0755         3.3650         0.0755         0.0047         0.0194 
BAR-estimator:      0.25000        0.30000        0.0092         3.3741         0.0092         0.0043         0.0199 
BAR-estimator:      0.30000        0.35000       -0.0285         3.3457        -0.0285         0.0038         0.0203 
BAR-estimator:      0.35000        0.40000       -0.0685         3.2771        -0.0685         0.0035         0.0206 
BAR-estimator:      0.40000        0.45000       -0.0938         3.1833        -0.0938         0.0032         0.0208 
BAR-estimator:      0.45000        0.50000       -0.1082         3.0751        -0.1082         0.0023         0.0209 
BAR-estimator:      0.50000        0.55000       -0.2135         2.8616        -0.2135         0.0036         0.0212 
BAR-estimator:      0.55000        0.60000       -0.3912         2.4704        -0.3912         0.0033         0.0215 
BAR-estimator:      0.60000        0.65000       -0.5573         1.9131        -0.5573         0.0039         0.0219 
BAR-estimator:      0.65000        0.70000       -0.7090         1.2041        -0.7090         0.0038         0.0222 
BAR-estimator:      0.70000        0.75000       -0.8112         0.3929        -0.8112         0.0039         0.0225 
BAR-estimator:      0.75000        0.80000       -0.8476        -0.4547        -0.8476         0.0040         0.0229 
BAR-estimator:      0.80000        0.85000       -0.8483        -1.3030        -0.8483         0.0038         0.0232 
BAR-estimator:      0.85000        0.90000       -0.8203        -2.1233        -0.8203         0.0037         0.0235 
BAR-estimator:      0.90000        0.95000       -0.7894        -2.9127        -0.7894         0.0043         0.0239 
BAR-estimator:      0.95000        1.00000       -0.7557        -3.6684        -0.7557         0.0040         0.0242 
BAR-estimator: total free energy change is -3.6683533902604775 , total error is 0.024188717571347107
