14
 energy: -158.388994600237 gnorm: 0.018331932097 xtb: 6.7.1 (41059b4)
C            1.93792805315875       -0.13366957385923        0.00002891720001
C            0.56067742094845        0.51809479912958       -0.00003467590002
C           -0.56067874794845       -0.51809663432958       -0.00003495910002
C           -1.93792763225875        0.13367080195923        0.00002910380001
H            2.72030774000544        0.62185859077556        0.00030707640014
H            2.06409934891466       -0.75869936283620        0.88164645989068
H            2.06437495351478       -0.75838075933606       -0.88177883999074
H            0.46086800850422        1.15570674991212        0.88157791059065
H            0.46091372930424        1.15565707981210       -0.88168872689070
H           -0.46092118800425       -1.15566787671211       -0.88168096719070
H           -0.46085911160422       -1.15569935821212        0.88158360119065
H           -2.06427548851473        0.75856840543614       -0.88166122719069
H           -2.06418726331470        0.75851997153612        0.88176018379073
H           -2.72030993080544       -0.62185620607556        0.00007293190003
14
 energy: -158.389501608585 gnorm: 0.004739775480 xtb: 6.7.1 (41059b4)
C            1.95052675844600       -0.13138299732600        0.00003093671682
C            0.56602909204986        0.51307314547271       -0.00002713427309
C           -0.56602873193759       -0.51307406107720       -0.00003162557801
C           -1.95052534301425        0.13138416709982        0.00002974533629
H            2.74357516871090        0.62026223719815        0.00027020147058
H            2.08233017391895       -0.76233161444561        0.88335298838274
H            2.08256683234187       -0.76203220300625       -0.88346864282102
H            0.46025038509674        1.16032322654172        0.87862049684379
H            0.46029926509578        1.16029201176938       -0.87870442424912
H           -0.46029802846439       -1.16028927892795       -0.87871069464339
H           -0.46025109438726       -1.16032763085871        0.87861396707454
H           -2.08248182807448        0.76220220551274       -0.88336214006666
H           -2.08240729650449        0.76216602165196        0.88345855572894
H           -2.74357595034108       -0.62025891162364        0.00005426138062
14
 energy: -158.389538292347 gnorm: 0.000938668066 xtb: 6.7.1 (41059b4)
C            1.95010169980194       -0.13187852513857        0.00002916267947
C            0.56567168249431        0.51417622242636       -0.00001450193091
C           -0.56567066783202       -0.51417644414053       -0.00002762608729
C           -1.95010003166958        0.13187975874299        0.00002507136122
H            2.74533804883374        0.61980993423019        0.00023126441207
H            2.08707650548346       -0.76452852888447        0.88387846854993
H            2.08727192476149       -0.76426149693594       -0.88397904979805
H            0.46032377692842        1.16538182304670        0.87786086548012
H            0.46036969126926        1.16536646635704       -0.87790749159226
H           -0.46036494928264       -1.16535183018652       -0.87793091378379
H           -0.46032753931791       -1.16539691013207        0.87783761092288
H           -2.08720205822906        0.76441412986102       -0.88388582179926
H           -2.08714107852138        0.76437890172246        0.88397177274509
H           -2.74533764634213       -0.61980721689396        0.00003765228455
14
 energy: -158.389539640582 gnorm: 0.000345695443 xtb: 6.7.1 (41059b4)
C            1.95080961717701       -0.13163546372650        0.00002688740602
C            0.56649728183935        0.51308951626929       -0.00000433797654
C           -0.56649617776358       -0.51308925874833       -0.00002489393568
C           -1.95080812968218        0.13163658797373        0.00002003351763
H            2.74560301770185        0.62039643272971        0.00019900272846
H            2.08784490826522       -0.76400662472934        0.88386970345981
H            2.08800482284639       -0.76377319389081       -0.88395715407649
H            0.46166344696416        1.16418437732033        0.87795704445396
H            0.46170318376755        1.16418496227738       -0.87797060728145
H           -0.46169645770865       -1.16415925577868       -0.87800910600280
H           -0.46166849359458       -1.16420964082092        0.87791855195231
H           -2.08794661482425        0.76391056348865       -0.88387568408161
H           -2.08789889231004        0.76387187446964        0.88395114655206
H           -2.74560220845332       -0.62039461135102        0.00002585875559
14
 energy: -158.389539640582 gnorm: 0.000345695443 xtb: 6.7.1 (41059b4)
C            1.95080961717701       -0.13163546372650        0.00002688740602
C            0.56649728183935        0.51308951626929       -0.00000433797654
C           -0.56649617776358       -0.51308925874833       -0.00002489393568
C           -1.95080812968218        0.13163658797373        0.00002003351763
H            2.74560301770185        0.62039643272971        0.00019900272846
H            2.08784490826522       -0.76400662472934        0.88386970345981
H            2.08800482284639       -0.76377319389081       -0.88395715407649
H            0.46166344696416        1.16418437732033        0.87795704445396
H            0.46170318376755        1.16418496227738       -0.87797060728145
H           -0.46169645770865       -1.16415925577868       -0.87800910600280
H           -0.46166849359458       -1.16420964082092        0.87791855195231
H           -2.08794661482425        0.76391056348865       -0.88387568408161
H           -2.08789889231004        0.76387187446964        0.88395114655206
H           -2.74560220845332       -0.62039461135102        0.00002585875559
