19
 energy: -307.136908673641 gnorm: 0.022538890523 xtb: 6.7.1 (41059b4)
C            2.39768114176248        0.00004215020002        0.00894762410396
N            0.98385936233597        0.00005572290002       -0.28955748082831
C            0.32242117784287        1.19136309532792        0.21181809089386
C           -1.14520588230747        1.18581888792547       -0.22926609110159
N           -1.85425176022167       -0.00004616910002        0.21320919569448
C           -1.14511421230743       -1.18586496082549       -0.22920536020157
C            0.32254740724293       -1.19135915032792        0.21174836099383
H            2.85419493336477       -0.88506732049220       -0.43218810459151
H            2.60673572095511       -0.00017111060008        1.09168540448375
H            2.85408113076472        0.88528147069229       -0.43192126119140
H            0.37468084106603        1.24729556795271        1.31791668368400
H            0.82969472556766        2.06816564641646       -0.19742323958748
H           -1.65761104143453        2.06938528391700        0.15730011856970
H           -1.18723443542609        1.20234215023279       -1.32142185018556
H           -1.90433602474386       -0.00000135410000        1.23000661444505
H           -1.65740485473444       -2.06944777811703        0.15742375726976
H           -1.18718441902607       -1.20249472663286       -1.32133210178552
H            0.37486075316611       -1.24731956835272        1.31783029608397
H            0.82988678176774       -2.06810129441643       -0.19754041148754
19
 energy: -307.137915007033 gnorm: 0.009513159234 xtb: 6.7.1 (41059b4)
C            2.40205390832774        0.00005647838148        0.01141768267818
N            0.98455219037885        0.00004186062387       -0.30196916956189
C            0.32141252246869        1.19742966982465        0.20007719566852
C           -1.15067180621245        1.19466374890384       -0.22176949014765
N           -1.86869430308864       -0.00006500438261        0.21399458107583
C           -1.15061530612307       -1.19475594180369       -0.22174581668897
C            0.32148547196739       -1.19740517491527        0.20004617705839
H            2.87317906582802       -0.88630889303346       -0.42390666519280
H            2.60769439473249       -0.00011332923568        1.09969060120774
H            2.87311064192728        0.88656397731470       -0.42365547848818
H            0.37725255938306        1.25761300396802        1.30934204240428
H            0.83183172439562        2.08017705208278       -0.20328014973005
H           -1.65696176202775        2.08552808851223        0.16436630146906
H           -1.19328575145737        1.22864231263381       -1.31731929522246
H           -1.91929301099969       -0.00004114981903        1.22964042190317
H           -1.65682100674383       -2.08563474778640        0.16445591939497
H           -1.19327822984860       -1.22879018633935       -1.31728615828050
H            0.37740179002576       -1.25762671820811        1.30930257822001
H            0.83194867733000       -2.08009841388314       -0.20337157154120
19
 energy: -307.138115702198 gnorm: 0.003637919538 xtb: 6.7.1 (41059b4)
C            2.40363318926665        0.00005419143864        0.01527535458360
N            0.98534715469928        0.00002734778733       -0.31266523948706
C            0.32067556775900        1.19887563949853        0.19489786439665
C           -1.15138482554247        1.19938624420627       -0.22200906166326
N           -1.87428048890786       -0.00005876640079        0.21224331142098
C           -1.15132059641445       -1.19946787962483       -0.22199307193624
C            0.32075125451306       -1.19887466625132        0.19487404825333
H            2.88387909690974       -0.88686283855345       -0.41457599392284
H            2.59908334889216       -0.00006796954035        1.10745857521424
H            2.88380537253927        0.88711952737672       -0.41435715023347
H            0.38687583523818        1.26079104121782        1.30537809380551
H            0.82995648028653        2.08401614605031       -0.20951690769164
H           -1.65406470467112        2.09004371101059        0.17326258130630
H           -1.20576480463151        1.24731450417027       -1.31869150999024
H           -1.92228952558699       -0.00005024466146        1.22803416579665
H           -1.65393132799112       -2.09014569310131        0.17332601647130
H           -1.20573630749527       -1.24743575833201       -1.31867328581894
H            0.38699113935707       -1.26081912466917        1.30535006992260
H            0.83007624276632       -2.08396866961917       -0.20958883231638
19
 energy: -307.138162297453 gnorm: 0.001952055361 xtb: 6.7.1 (41059b4)
C            2.40378962228086        0.00005581512891        0.01917739820276
N            0.98709699221062        0.00002447208935       -0.31985988067405
C            0.32143921700143        1.19907386706548        0.18992788539083
C           -1.15076059326152        1.20099846886923       -0.22177009857025
N           -1.87547015909704       -0.00006044792569        0.21100161645710
C           -1.15069830066272       -1.20108340090591       -0.22176544888207
C            0.32150972427002       -1.19907425220075        0.18990520341688
H            2.88726540233354       -0.88693613262007       -0.40664040342614
H            2.58854830615099       -0.00003985511878        1.11312822724380
H            2.88718620280496        0.88718099995209       -0.40646085034866
H            0.39220387171888        1.26041676585132        1.29993751881329
H            0.82920634386780        2.08437430133771       -0.21642039733915
H           -1.65235525305983        2.08903217363557        0.18133289095583
H           -1.21231243687039        1.25526683939398       -1.31766724654603
H           -1.92145999117770       -0.00005964220822        1.22706095203482
H           -1.65223316200802       -2.08913919663562        0.18136716449219
H           -1.21227378766939       -1.25537712096307       -1.31766094827150
H            0.39230058072269       -1.26044169174912        1.29991191740562
H            0.82931979164382       -2.08433509572196       -0.21647706384118
19
 energy: -307.138186587342 gnorm: 0.001974566301 xtb: 6.7.1 (41059b4)
C            2.40219239406492        0.00005735927339        0.02591982379464
N            0.98911614097265        0.00002003370426       -0.32996128099683
C            0.32293744583899        1.19914831686252        0.18171878642775
C           -1.14992507202876        1.20250641701989       -0.22168147158796
N           -1.87381248193730       -0.00006267207617        0.21077030436122
C           -1.14985792954201       -1.20258906285686       -0.22169538216768
C            0.32300694862921       -1.19915485884405        0.18169768188504
H            2.88963413549435       -0.88702118157125       -0.39293159184455
H            2.56892049454646        0.00000365961148        1.12194529280797
H            2.88955044893840        0.88722808142579       -0.39283085432601
H            0.40045481806318        1.25938108870824        1.29030146968638
H            0.82818035266533        2.08343498255596       -0.22888282429917
H           -1.64912457582816        2.08616642891572        0.19322151329854
H           -1.22132754289305        1.26363816888633       -1.31568444653464
H           -1.91619881632048       -0.00007171379505        1.22724851197775
H           -1.64900548992588       -2.08627762398994        0.19320632774348
H           -1.22126624493773       -1.26372124688084       -1.31569684779735
H            0.40052992159168       -1.25940083705752        1.29027906072366
H            0.82829784610027       -2.08340820703000       -0.22891667419561
19
 energy: -307.138191096761 gnorm: 0.000518612504 xtb: 6.7.1 (41059b4)
C            2.40157945115225        0.00005793776016        0.02588891429344
N            0.98874333593632        0.00002178713012       -0.32882116912501
C            0.32304857429559        1.19920280479464        0.18164959082079
C           -1.15049656430559        1.20165195602186       -0.22152807863567
N           -1.87273960108227       -0.00006460112334        0.21249461224937
C           -1.15043003456423       -1.20173680102593       -0.22154217322737
C            0.32311727848294       -1.19920626506046        0.18162793421591
H            2.88904243347213       -0.88708410921154       -0.39278008375368
H            2.56910680207600        0.00000657398536        1.12164017640997
H            2.88896979278935        0.88728278802635       -0.39268675784115
H            0.40001762968757        1.26052467601377        1.29029820040295
H            0.82845731507192        2.08316706073515       -0.22927918267501
H           -1.64920599126380        2.08623800316661        0.19127975850008
H           -1.22078372660150        1.26087859677281       -1.31563287493955
H           -1.91498590617577       -0.00007186421348        1.22884282645095
H           -1.64908626863717       -2.08635337347408        0.19126405912872
H           -1.22072191651949       -1.26096048812758       -1.31564633026759
H            0.40009459955696       -1.26054276417133        1.29027512889766
H            0.82857556747967       -2.08313473553871       -0.22931717930816
19
 energy: -307.138191096761 gnorm: 0.000518612504 xtb: 6.7.1 (41059b4)
C            2.40157945115225        0.00005793776016        0.02588891429344
N            0.98874333593632        0.00002178713012       -0.32882116912501
C            0.32304857429559        1.19920280479464        0.18164959082079
C           -1.15049656430559        1.20165195602186       -0.22152807863567
N           -1.87273960108227       -0.00006460112334        0.21249461224937
C           -1.15043003456423       -1.20173680102593       -0.22154217322737
C            0.32311727848294       -1.19920626506046        0.18162793421591
H            2.88904243347213       -0.88708410921154       -0.39278008375368
H            2.56910680207600        0.00000657398536        1.12164017640997
H            2.88896979278935        0.88728278802635       -0.39268675784115
H            0.40001762968757        1.26052467601377        1.29029820040295
H            0.82845731507192        2.08316706073515       -0.22927918267501
H           -1.64920599126380        2.08623800316661        0.19127975850008
H           -1.22078372660150        1.26087859677281       -1.31563287493955
H           -1.91498590617577       -0.00007186421348        1.22884282645095
H           -1.64908626863717       -2.08635337347408        0.19126405912872
H           -1.22072191651949       -1.26096048812758       -1.31564633026759
H            0.40009459955696       -1.26054276417133        1.29027512889766
H            0.82857556747967       -2.08313473553871       -0.22931717930816
