#========================================================================================
#                     Free energy perturbation    
#----------------------------------------------------------------------------------------
#forward/backward          λ              ΔΔA                 ΔA                  δε   
#                                                 
#----------------------------------------------------------------------------------------
forward:               0.0000              0.0000              0.0000              0.0000  
forward:               0.0500              1.1017              1.1017              0.0123  
forward:               0.1000              0.7049              1.8066              0.0165  
forward:               0.1500              0.4588              2.2654              0.0187  
forward:               0.2000              0.3148              2.5802              0.0201  
forward:               0.2500              0.2022              2.7824              0.0206  
forward:               0.3000              0.1485              2.9309              0.0211  
forward:               0.3500              0.1070              3.0379              0.0218  
forward:               0.4000              0.0704              3.1083              0.0223  
forward:               0.4500              0.0582              3.1665              0.0227  
forward:               0.5000              0.0425              3.2090              0.0231  
forward:               0.5500              0.0257              3.2346              0.0235  
forward:               0.6000             -0.0104              3.2242              0.0239  
forward:               0.6500             -0.0325              3.1917              0.0241  
forward:               0.7000             -0.0610              3.1307              0.0244  
forward:               0.7500             -0.0595              3.0712              0.0246  
forward:               0.8000             -0.0754              2.9958              0.0249  
forward:               0.8500             -0.0851              2.9107              0.0251  
forward:               0.9000             -0.0962              2.8145              0.0254  
forward:               0.9500             -0.1028              2.7117              0.0255  
forward:               1.0000             -0.1018              2.6099              0.0257  
backward:              1.0000              0.0000              2.6099              0.0000  
backward:              0.9500              0.0966              2.7065              0.0047  
backward:              0.9000              0.1030              2.8095              0.0062  
backward:              0.8500              0.0855              2.8950              0.0077  
backward:              0.8000              0.0966              2.9916              0.0088  
backward:              0.7500              0.0774              3.0689              0.0103  
backward:              0.7000              0.0622              3.1311              0.0114  
backward:              0.6500              0.0562              3.1873              0.0122  
backward:              0.6000              0.0307              3.2180              0.0129  
backward:              0.5500              0.0125              3.2305              0.0136  
backward:              0.5000             -0.0275              3.2030              0.0144  
backward:              0.4500             -0.0385              3.1645              0.0153  
backward:              0.4000             -0.0396              3.1249              0.0160  
backward:              0.3500             -0.0884              3.0365              0.0171  
backward:              0.3000             -0.1185              2.9181              0.0183  
backward:              0.2500             -0.1507              2.7673              0.0199  
backward:              0.2000             -0.2109              2.5565              0.0214  
backward:              0.1500             -0.3044              2.2520              0.0238  
backward:              0.1000             -0.4825              1.7696              0.0337  
backward:              0.0500             -0.6937              1.0758              0.0361  
backward:              0.0000             -1.0839             -0.0081              0.0400  
Inaccuracy estimation
======================================================================================================
                   i        i+δi          P0_overlap_P1   δε(forward)/ε   δε(backward)/ε
======================================================================================================
inaccuracy:  0.00000        0.05000           46.55           -0.02            1.01
inaccuracy:  0.05000        0.10000           55.98           -0.02            0.63
inaccuracy:  0.10000        0.15000           62.30           -0.02            0.42
inaccuracy:  0.15000        0.20000           64.90           -0.01            0.28
inaccuracy:  0.20000        0.25000           71.34           -0.01            0.20
inaccuracy:  0.25000        0.30000           71.63           -0.01            0.15
inaccuracy:  0.30000        0.35000           74.31           -0.01            0.14
inaccuracy:  0.35000        0.40000           75.27           -0.01            0.11
inaccuracy:  0.40000        0.45000           73.64           -0.01            0.12
inaccuracy:  0.45000        0.50000           74.98           -0.01            0.10
inaccuracy:  0.50000        0.55000           75.12           -0.02            0.11
inaccuracy:  0.55000        0.60000           75.95           -0.01            0.10
inaccuracy:  0.60000        0.65000           75.84           -0.01            0.10
inaccuracy:  0.65000        0.70000           76.80           -0.02            0.08
inaccuracy:  0.70000        0.75000           75.15           -0.02            0.09
inaccuracy:  0.75000        0.80000           75.42           -0.02            0.09
inaccuracy:  0.80000        0.85000           75.19           -0.02            0.09
inaccuracy:  0.85000        0.90000           76.05           -0.02            0.08
inaccuracy:  0.90000        0.95000           76.20           -0.02            0.09
inaccuracy:  0.95000        1.00000           75.49           -0.01            0.08
===================================================================================================================================
                BAR        
-----------------------------------------------------------------------------------------------------------------------------------
BAR-estimator:         λ             λ+δλ          ΔΔA             ΔA            C               Δδe            δe       
                          
-----------------------------------------------------------------------------------------------------------------------------------
BAR-estimator:      0.00000        0.05000        1.1076         1.1076         1.1076         0.0075         0.0075 
BAR-estimator:      0.05000        0.10000        0.7090         1.8166         0.7090         0.0080         0.0110 
BAR-estimator:      0.10000        0.15000        0.4616         2.2782         0.4616         0.0053         0.0122 
BAR-estimator:      0.15000        0.20000        0.3092         2.5874         0.3092         0.0051         0.0132 
BAR-estimator:      0.20000        0.25000        0.2089         2.7963         0.2089         0.0045         0.0139 
BAR-estimator:      0.25000        0.30000        0.1477         2.9440         0.1477         0.0030         0.0143 
BAR-estimator:      0.30000        0.35000        0.1118         3.0558         0.1118         0.0034         0.0147 
BAR-estimator:      0.35000        0.40000        0.0767         3.1325         0.0767         0.0032         0.0150 
BAR-estimator:      0.40000        0.45000        0.0520         3.1844         0.0520         0.0031         0.0153 
BAR-estimator:      0.45000        0.50000        0.0401         3.2245         0.0401         0.0029         0.0156 
BAR-estimator:      0.50000        0.55000        0.0267         3.2512         0.0267         0.0031         0.0159 
BAR-estimator:      0.55000        0.60000       -0.0095         3.2418        -0.0095         0.0028         0.0161 
BAR-estimator:      0.60000        0.65000       -0.0312         3.2106        -0.0312         0.0028         0.0164 
BAR-estimator:      0.65000        0.70000       -0.0577         3.1529        -0.0577         0.0027         0.0166 
BAR-estimator:      0.70000        0.75000       -0.0608         3.0921        -0.0608         0.0026         0.0168 
BAR-estimator:      0.75000        0.80000       -0.0751         3.0170        -0.0751         0.0027         0.0170 
BAR-estimator:      0.80000        0.85000       -0.0888         2.9282        -0.0888         0.0028         0.0172 
BAR-estimator:      0.85000        0.90000       -0.0935         2.8347        -0.0935         0.0027         0.0175 
BAR-estimator:      0.90000        0.95000       -0.1018         2.7329        -0.1018         0.0028         0.0177 
BAR-estimator:      0.95000        1.00000       -0.1007         2.6321        -0.1007         0.0025         0.0178 
BAR-estimator: total free energy change is 2.6321494239663936 , total error is 0.017841935660357654
