#========================================================================================
#                     Free energy perturbation    
#----------------------------------------------------------------------------------------
#forward/backward          λ              ΔΔA                 ΔA                  δε   
#                                                 
#----------------------------------------------------------------------------------------
forward:               0.0000              0.0000              0.0000              0.0000  
forward:               0.0500              0.7179              0.7179              0.0109  
forward:               0.1000              0.3679              1.0858              0.0127  
forward:               0.1500              0.2247              1.3105              0.0134  
forward:               0.2000              0.1466              1.4571              0.0139  
forward:               0.2500              0.0968              1.5539              0.0145  
forward:               0.3000              0.0628              1.6167              0.0149  
forward:               0.3500              0.0405              1.6572              0.0153  
forward:               0.4000              0.0148              1.6720              0.0157  
forward:               0.4500              0.0013              1.6733              0.0160  
forward:               0.5000             -0.0073              1.6660              0.0164  
forward:               0.5500             -0.0247              1.6412              0.0167  
forward:               0.6000             -0.0744              1.5668              0.0169  
forward:               0.6500             -0.1007              1.4661              0.0173  
forward:               0.7000             -0.1268              1.3393              0.0175  
forward:               0.7500             -0.1466              1.1927              0.0177  
forward:               0.8000             -0.1564              1.0363              0.0179  
forward:               0.8500             -0.1712              0.8652              0.0181  
forward:               0.9000             -0.1775              0.6877              0.0183  
forward:               0.9500             -0.1832              0.5045              0.0184  
forward:               1.0000             -0.1912              0.3133              0.0186  
backward:              1.0000              0.0000              0.3133              0.0000  
backward:              0.9500              0.1930              0.5062              0.0029  
backward:              0.9000              0.1872              0.6935              0.0043  
backward:              0.8500              0.1800              0.8735              0.0054  
backward:              0.8000              0.1602              1.0337              0.0065  
backward:              0.7500              0.1535              1.1872              0.0073  
backward:              0.7000              0.1409              1.3281              0.0083  
backward:              0.6500              0.1218              1.4499              0.0089  
backward:              0.6000              0.0947              1.5446              0.0095  
backward:              0.5500              0.0713              1.6159              0.0102  
backward:              0.5000              0.0291              1.6450              0.0109  
backward:              0.4500              0.0034              1.6484              0.0115  
backward:              0.4000             -0.0026              1.6458              0.0120  
backward:              0.3500             -0.0177              1.6281              0.0126  
backward:              0.3000             -0.0431              1.5850              0.0135  
backward:              0.2500             -0.0705              1.5145              0.0146  
backward:              0.2000             -0.1025              1.4120              0.0152  
backward:              0.1500             -0.1498              1.2622              0.0164  
backward:              0.1000             -0.2296              1.0326              0.0177  
backward:              0.0500             -0.3647              0.6679              0.0209  
backward:              0.0000             -0.7231             -0.0553              0.0307  
Inaccuracy estimation
======================================================================================================
                   i        i+δi          P0_overlap_P1   δε(forward)/ε   δε(backward)/ε
======================================================================================================
inaccuracy:  0.00000        0.05000           51.83           -0.01            0.90
inaccuracy:  0.05000        0.10000           64.73           -0.01            0.35
inaccuracy:  0.10000        0.15000           71.43           -0.01            0.20
inaccuracy:  0.15000        0.20000           74.66           -0.01            0.14
inaccuracy:  0.20000        0.25000           77.34           -0.00            0.10
inaccuracy:  0.25000        0.30000           78.96           -0.00            0.09
inaccuracy:  0.30000        0.35000           78.95           -0.00            0.08
inaccuracy:  0.35000        0.40000           80.15           -0.00            0.07
inaccuracy:  0.40000        0.45000           80.34           -0.00            0.07
inaccuracy:  0.45000        0.50000           80.93           -0.01            0.06
inaccuracy:  0.50000        0.55000           77.74           -0.01            0.07
inaccuracy:  0.55000        0.60000           79.86           -0.01            0.07
inaccuracy:  0.60000        0.65000           80.32           -0.01            0.06
inaccuracy:  0.65000        0.70000           80.42           -0.01            0.05
inaccuracy:  0.70000        0.75000           79.81           -0.01            0.05
inaccuracy:  0.75000        0.80000           80.14           -0.01            0.06
inaccuracy:  0.80000        0.85000           80.19           -0.02            0.05
inaccuracy:  0.85000        0.90000           79.67           -0.02            0.05
inaccuracy:  0.90000        0.95000           78.77           -0.02            0.05
inaccuracy:  0.95000        1.00000           79.37           -0.02            0.05
===================================================================================================================================
                BAR        
-----------------------------------------------------------------------------------------------------------------------------------
BAR-estimator:         λ             λ+δλ          ΔΔA             ΔA            C               Δδe            δe       
                          
-----------------------------------------------------------------------------------------------------------------------------------
BAR-estimator:      0.00000        0.05000        0.7180         0.7180         0.7180         0.0061         0.0061 
BAR-estimator:      0.05000        0.10000        0.3667         1.0847         0.3667         0.0044         0.0075 
BAR-estimator:      0.10000        0.15000        0.2257         1.3105         0.2257         0.0031         0.0081 
BAR-estimator:      0.15000        0.20000        0.1476         1.4580         0.1476         0.0027         0.0085 
BAR-estimator:      0.20000        0.25000        0.0987         1.5567         0.0987         0.0029         0.0090 
BAR-estimator:      0.25000        0.30000        0.0643         1.6211         0.0643         0.0028         0.0094 
BAR-estimator:      0.30000        0.35000        0.0405         1.6616         0.0405         0.0027         0.0098 
BAR-estimator:      0.35000        0.40000        0.0171         1.6786         0.0171         0.0023         0.0101 
BAR-estimator:      0.40000        0.45000        0.0016         1.6803         0.0016         0.0022         0.0103 
BAR-estimator:      0.45000        0.50000       -0.0050         1.6753        -0.0050         0.0024         0.0106 
BAR-estimator:      0.50000        0.55000       -0.0258         1.6494        -0.0258         0.0022         0.0108 
BAR-estimator:      0.55000        0.60000       -0.0708         1.5786        -0.0708         0.0022         0.0110 
BAR-estimator:      0.60000        0.65000       -0.0988         1.4799        -0.0988         0.0021         0.0112 
BAR-estimator:      0.65000        0.70000       -0.1247         1.3552        -0.1247         0.0020         0.0114 
BAR-estimator:      0.70000        0.75000       -0.1453         1.2098        -0.1453         0.0024         0.0117 
BAR-estimator:      0.75000        0.80000       -0.1542         1.0557        -0.1542         0.0022         0.0119 
BAR-estimator:      0.80000        0.85000       -0.1688         0.8869        -0.1688         0.0022         0.0121 
BAR-estimator:      0.85000        0.90000       -0.1782         0.7087        -0.1782         0.0021         0.0123 
BAR-estimator:      0.90000        0.95000       -0.1846         0.5240        -0.1846         0.0016         0.0124 
BAR-estimator:      0.95000        1.00000       -0.1907         0.3333        -0.1907         0.0020         0.0125 
BAR-estimator: total free energy change is 0.33331471043034505 , total error is 0.012515742846811138
