2025-04-09 05:52:09,582 -   censo.qm_processor   -   INFO   - worker294175:Running sp calculation in /home/michael/Documents/CHEM4561/automated/1814/0_PRESCREENING/CONF1/sp.
2025-04-09 05:52:10,857 -     censo.parallel     -   INFO   - All jobs executed successfully.
2025-04-09 05:52:10,877 -   censo.qm_processor   -   INFO   - worker294281:Running sp calculation in /home/michael/Documents/CHEM4561/automated/1814/1_SCREENING/CONF1/sp.
2025-04-09 05:52:15,979 -     censo.parallel     -   INFO   - All jobs executed successfully.
2025-04-09 05:52:15,998 -   censo.qm_processor   -   INFO   - worker294419:Running xtb_opt calculation in /home/michael/Documents/CHEM4561/automated/1814/2_OPTIMIZATION/CONF1/xtb_opt.
2025-04-09 05:52:35,629 -     censo.parallel     -   INFO   - All jobs executed successfully.
2025-04-09 05:52:35,645 -   censo.qm_processor   -   INFO   - worker294603:Running xtb_rrho calculation in /home/michael/Documents/CHEM4561/automated/1814/2_OPTIMIZATION/CONF1/xtb_rrho.
2025-04-09 05:52:35,805 -     censo.parallel     -   INFO   - All jobs executed successfully.
2025-04-09 05:52:35,824 -   censo.qm_processor   -   INFO   - worker294698:Running sp calculation in /home/michael/Documents/CHEM4561/automated/1814/3_REFINEMENT/CONF1/sp.
2025-04-09 05:53:06,295 -     censo.parallel     -   INFO   - All jobs executed successfully.
2025-04-09 05:53:06,383 -   censo.qm_processor   -   INFO   - worker294919:Running sp calculation in /home/michael/Documents/CHEM4561/automated/1814/0_PRESCREENING/CONF1/sp.
2025-04-09 05:53:06,892 -     censo.parallel     -   INFO   - All jobs executed successfully.
2025-04-09 05:53:06,909 -   censo.qm_processor   -   INFO   - worker295021:Running sp calculation in /home/michael/Documents/CHEM4561/automated/1814/1_SCREENING/CONF1/sp.
2025-04-09 05:53:11,877 -     censo.parallel     -   INFO   - All jobs executed successfully.
2025-04-09 05:53:11,894 -   censo.qm_processor   -   INFO   - worker295123:Running xtb_opt calculation in /home/michael/Documents/CHEM4561/automated/1814/2_OPTIMIZATION/CONF1/xtb_opt.
2025-04-09 05:53:31,624 -     censo.parallel     -   INFO   - All jobs executed successfully.
2025-04-09 05:53:31,640 -   censo.qm_processor   -   INFO   - worker295336:Running xtb_rrho calculation in /home/michael/Documents/CHEM4561/automated/1814/2_OPTIMIZATION/CONF1/xtb_rrho.
2025-04-09 05:53:31,802 -     censo.parallel     -   INFO   - All jobs executed successfully.
2025-04-09 05:53:31,819 -   censo.qm_processor   -   INFO   - worker295430:Running sp calculation in /home/michael/Documents/CHEM4561/automated/1814/3_REFINEMENT/CONF1/sp.
2025-04-09 05:54:02,241 -     censo.parallel     -   INFO   - All jobs executed successfully.
