#========================================================================================
#                     Free energy perturbation    
#----------------------------------------------------------------------------------------
#forward/backward          λ              ΔΔA                 ΔA                  δε   
#                                                 
#----------------------------------------------------------------------------------------
forward:               0.0000              0.0000              0.0000              0.0000  
forward:               0.0500              1.0365              1.0365              0.0158  
forward:               0.1000              0.6503              1.6868              0.0200  
forward:               0.1500              0.3998              2.0866              0.0227  
forward:               0.2000              0.2447              2.3312              0.0241  
forward:               0.2500              0.1556              2.4868              0.0248  
forward:               0.3000              0.0976              2.5844              0.0255  
forward:               0.3500              0.0491              2.6335              0.0261  
forward:               0.4000              0.0270              2.6605              0.0266  
forward:               0.4500              0.0009              2.6615              0.0270  
forward:               0.5000             -0.0228              2.6387              0.0274  
forward:               0.5500             -0.1325              2.5063              0.0280  
forward:               0.6000             -0.3023              2.2040              0.0286  
forward:               0.6500             -0.4592              1.7448              0.0292  
forward:               0.7000             -0.5977              1.1471              0.0298  
forward:               0.7500             -0.6908              0.4563              0.0303  
forward:               0.8000             -0.7444             -0.2881              0.0307  
forward:               0.8500             -0.7606             -1.0487              0.0310  
forward:               0.9000             -0.7731             -1.8218              0.0314  
forward:               0.9500             -0.7687             -2.5905              0.0315  
forward:               1.0000             -0.7668             -3.3573              0.0319  
backward:              1.0000              0.0000             -3.3573              0.0000  
backward:              0.9500              0.7716             -2.5857              0.0054  
backward:              0.9000              0.7713             -1.8145              0.0081  
backward:              0.8500              0.7778             -1.0367              0.0097  
backward:              0.8000              0.7596             -0.2771              0.0112  
backward:              0.7500              0.7463              0.4692              0.0127  
backward:              0.7000              0.6845              1.1537              0.0140  
backward:              0.6500              0.6017              1.7555              0.0153  
backward:              0.6000              0.4507              2.2062              0.0165  
backward:              0.5500              0.2932              2.4994              0.0178  
backward:              0.5000              0.1212              2.6206              0.0189  
backward:              0.4500              0.0182              2.6388              0.0196  
backward:              0.4000              0.0000              2.6388              0.0203  
backward:              0.3500             -0.0259              2.6129              0.0211  
backward:              0.3000             -0.0601              2.5528              0.0221  
backward:              0.2500             -0.0965              2.4563              0.0231  
backward:              0.2000             -0.1487              2.3076              0.0252  
backward:              0.1500             -0.2410              2.0666              0.0271  
backward:              0.1000             -0.4126              1.6541              0.0298  
backward:              0.0500             -0.6397              1.0144              0.0350  
backward:              0.0000             -1.0518             -0.0374              0.0437  
Inaccuracy estimation
======================================================================================================
                   i        i+δi          P0_overlap_P1   δε(forward)/ε   δε(backward)/ε
======================================================================================================
inaccuracy:  0.00000        0.05000           47.84           -0.03            0.92
inaccuracy:  0.05000        0.10000           55.16           -0.02            0.62
inaccuracy:  0.10000        0.15000           62.77           -0.02            0.38
inaccuracy:  0.15000        0.20000           66.54           -0.01            0.26
inaccuracy:  0.20000        0.25000           69.45           -0.01            0.18
inaccuracy:  0.25000        0.30000           71.25           -0.01            0.14
inaccuracy:  0.30000        0.35000           73.80           -0.01            0.13
inaccuracy:  0.35000        0.40000           73.83           -0.01            0.12
inaccuracy:  0.40000        0.45000           74.65           -0.01            0.10
inaccuracy:  0.45000        0.50000           75.85           -0.01            0.09
inaccuracy:  0.50000        0.55000           69.18           -0.05            0.12
inaccuracy:  0.55000        0.60000           69.30           -0.08            0.10
inaccuracy:  0.60000        0.65000           69.05           -0.07            0.09
inaccuracy:  0.65000        0.70000           68.84           -0.08            0.07
inaccuracy:  0.70000        0.75000           69.57           -0.08            0.06
inaccuracy:  0.75000        0.80000           69.19           -0.07            0.06
inaccuracy:  0.80000        0.85000           69.02           -0.08            0.06
inaccuracy:  0.85000        0.90000           68.45           -0.08            0.06
inaccuracy:  0.90000        0.95000           68.02           -0.08            0.07
inaccuracy:  0.95000        1.00000           67.65           -0.08            0.07
===================================================================================================================================
                BAR        
-----------------------------------------------------------------------------------------------------------------------------------
BAR-estimator:         λ             λ+δλ          ΔΔA             ΔA            C               Δδe            δe       
                          
-----------------------------------------------------------------------------------------------------------------------------------
BAR-estimator:      0.00000        0.05000        1.0446         1.0446         1.0446         0.0092         0.0092 
BAR-estimator:      0.05000        0.10000        0.6556         1.7002         0.6556         0.0075         0.0119 
BAR-estimator:      0.10000        0.15000        0.4079         2.1080         0.4079         0.0074         0.0140 
BAR-estimator:      0.15000        0.20000        0.2447         2.3527         0.2447         0.0053         0.0150 
BAR-estimator:      0.20000        0.25000        0.1498         2.5025         0.1498         0.0043         0.0156 
BAR-estimator:      0.25000        0.30000        0.0938         2.5963         0.0938         0.0040         0.0161 
BAR-estimator:      0.30000        0.35000        0.0533         2.6496         0.0533         0.0037         0.0165 
BAR-estimator:      0.35000        0.40000        0.0255         2.6751         0.0255         0.0036         0.0169 
BAR-estimator:      0.40000        0.45000        0.0006         2.6757         0.0006         0.0034         0.0172 
BAR-estimator:      0.45000        0.50000       -0.0208         2.6548        -0.0208         0.0032         0.0175 
BAR-estimator:      0.50000        0.55000       -0.1268         2.5280        -0.1268         0.0037         0.0179 
BAR-estimator:      0.55000        0.60000       -0.2988         2.2292        -0.2988         0.0037         0.0183 
BAR-estimator:      0.60000        0.65000       -0.4527         1.7766        -0.4527         0.0039         0.0187 
BAR-estimator:      0.65000        0.70000       -0.6005         1.1761        -0.6005         0.0039         0.0191 
BAR-estimator:      0.70000        0.75000       -0.6850         0.4910        -0.6850         0.0042         0.0195 
BAR-estimator:      0.75000        0.80000       -0.7450        -0.2540        -0.7450         0.0039         0.0199 
BAR-estimator:      0.80000        0.85000       -0.7617        -1.0157        -0.7617         0.0040         0.0203 
BAR-estimator:      0.85000        0.90000       -0.7753        -1.7910        -0.7753         0.0038         0.0207 
BAR-estimator:      0.90000        0.95000       -0.7723        -2.5633        -0.7723         0.0039         0.0210 
BAR-estimator:      0.95000        1.00000       -0.7690        -3.3323        -0.7690         0.0041         0.0214 
BAR-estimator: total free energy change is -3.332292434895493 , total error is 0.02142821022359435
