2025-04-08 23:38:09,114 -   censo.qm_processor   -   INFO   - worker127321:Running sp calculation in /home/michael/Documents/CHEM4561/automated/1770/0_PRESCREENING/CONF1/sp.
2025-04-08 23:38:12,546 -     censo.parallel     -   INFO   - All jobs executed successfully.
2025-04-08 23:38:12,578 -   censo.qm_processor   -   INFO   - worker127425:Running sp calculation in /home/michael/Documents/CHEM4561/automated/1770/1_SCREENING/CONF1/sp.
2025-04-08 23:38:28,493 -     censo.parallel     -   INFO   - All jobs executed successfully.
2025-04-08 23:38:28,519 -   censo.qm_processor   -   INFO   - worker127578:Running xtb_opt calculation in /home/michael/Documents/CHEM4561/automated/1770/2_OPTIMIZATION/CONF1/xtb_opt.
2025-04-08 23:39:54,595 -     censo.parallel     -   INFO   - All jobs executed successfully.
2025-04-08 23:39:54,619 -   censo.qm_processor   -   INFO   - worker127956:Running xtb_rrho calculation in /home/michael/Documents/CHEM4561/automated/1770/2_OPTIMIZATION/CONF1/xtb_rrho.
2025-04-08 23:39:55,158 -     censo.parallel     -   INFO   - All jobs executed successfully.
2025-04-08 23:39:55,188 -   censo.qm_processor   -   INFO   - worker128052:Running sp calculation in /home/michael/Documents/CHEM4561/automated/1770/3_REFINEMENT/CONF1/sp.
2025-04-08 23:41:48,414 -     censo.parallel     -   INFO   - All jobs executed successfully.
2025-04-08 23:41:48,523 -   censo.qm_processor   -   INFO   - worker128482:Running sp calculation in /home/michael/Documents/CHEM4561/automated/1770/0_PRESCREENING/CONF1/sp.
2025-04-08 23:41:49,720 -     censo.parallel     -   INFO   - All jobs executed successfully.
2025-04-08 23:41:49,741 -   censo.qm_processor   -   INFO   - worker128583:Running sp calculation in /home/michael/Documents/CHEM4561/automated/1770/1_SCREENING/CONF1/sp.
2025-04-08 23:42:04,691 -     censo.parallel     -   INFO   - All jobs executed successfully.
2025-04-08 23:42:04,714 -   censo.qm_processor   -   INFO   - worker128707:Running xtb_opt calculation in /home/michael/Documents/CHEM4561/automated/1770/2_OPTIMIZATION/CONF1/xtb_opt.
2025-04-08 23:43:24,391 -     censo.parallel     -   INFO   - All jobs executed successfully.
2025-04-08 23:43:24,409 -   censo.qm_processor   -   INFO   - worker129005:Running xtb_rrho calculation in /home/michael/Documents/CHEM4561/automated/1770/2_OPTIMIZATION/CONF1/xtb_rrho.
2025-04-08 23:43:24,936 -     censo.parallel     -   INFO   - All jobs executed successfully.
2025-04-08 23:43:24,956 -   censo.qm_processor   -   INFO   - worker129105:Running sp calculation in /home/michael/Documents/CHEM4561/automated/1770/3_REFINEMENT/CONF1/sp.
2025-04-08 23:45:11,847 -     censo.parallel     -   INFO   - All jobs executed successfully.
