21
 energy: -25.390820905369 gnorm: 0.016368995512 xtb: 6.7.1 (41059b4)
C            2.86525556504436       -0.50437662825381        0.00157915997294
C            1.38178468213281       -0.25160599820592       -0.00274061621131
C            0.89268352284691        1.05964934530464       -0.00394048486976
C           -0.47309094153815        1.32267130960856        0.00044506730133
C           -1.36425978187338        0.24355359314533        0.00557132668652
C           -0.90900190269867       -1.07065943250310        0.00510329721881
C            0.47117514163783       -1.30292012694180        0.00173901215135
C           -1.86967894316052       -2.22905880621028       -0.00434924061228
C           -0.99610433658634        2.73375358338361       -0.00074837400538
H            3.32729787610423       -0.11445298967482        0.91536685841461
H            3.08780572239321       -1.57251145132647       -0.05887522347742
H            3.35179808785130       -0.00740426840467       -0.84441102487321
H            1.59666938422682        1.88902464705570       -0.00666637573462
H           -2.43456624189242        0.43822375452487        0.00977527136026
H            0.83734492868101       -2.32728628715780        0.00320423936734
H           -1.81810388841708       -2.77231785988603       -0.95471824343539
H           -1.63293682873745       -2.94378368278356        0.79054534641187
H           -2.90027812650908       -1.89346894824829        0.13483047685573
H           -1.62874983796181        2.91909237361857        0.87402708941398
H           -0.18075876477352        3.46105300261662        0.01087731880846
H           -1.60812963051112        2.92495277667836       -0.88895624607452
21
 energy: -25.391615837537 gnorm: 0.004914913419 xtb: 6.7.1 (41059b4)
C            2.85318612978594       -0.50231966709734        0.00110490047147
C            1.37480633655598       -0.25057145150499       -0.00163543539356
C            0.88999933638744        1.05493088448545       -0.00272036766484
C           -0.47040597141759        1.31597551018993        0.00062218014231
C           -1.35865243753588        0.24340917101619        0.00420760930969
C           -0.90442664313298       -1.06524249802949        0.00391911737917
C            0.46855783558051       -1.29822673028965        0.00146006790739
C           -1.86190711450109       -2.21952476639531       -0.00321575986346
C           -0.99180333640753        2.72212901178889       -0.00053230381190
H            3.30554381834521       -0.11071539716200        0.91391613625735
H            3.06969865432573       -1.56757589308567       -0.05947911395131
H            3.33003458522734       -0.00321260370154       -0.84370105071126
H            1.59221164902126        1.87931455593221       -0.00589906776824
H           -2.42372801515721        0.43915979338672        0.00764222610360
H            0.83137014697201       -2.31854417243267        0.00220766065105
H           -1.80398019058239       -2.75554325424533       -0.95244484931674
H           -1.61966337510936       -2.92703360586949        0.79067429930899
H           -2.88696944613522       -1.87978725952535        0.13519341476604
H           -1.62158726567285        2.89836395746167        0.87289387845170
H           -0.17598054427476        3.44288860451586        0.01142234299757
H           -1.60014846601561        2.90425371690162       -0.88797725059573
21
 energy: -25.391655422554 gnorm: 0.001185468414 xtb: 6.7.1 (41059b4)
C            2.85085748300192       -0.50184842982217        0.00085857374625
C            1.37301205033270       -0.25060529384929       -0.00197506198609
C            0.89005931091039        1.05372681356949       -0.00253950416153
C           -0.46942779827508        1.31431270581712        0.00052315615958
C           -1.35754110049028        0.24391177567044        0.00397949722429
C           -0.90342731580034       -1.06375749911619        0.00428607202888
C            0.46759697983103       -1.29769104502792        0.00130808563511
C           -1.86044853780275       -2.21757086596025       -0.00282693356264
C           -0.99099118765730        2.71973215925746       -0.00052103585401
H            3.29984392458131       -0.10932112420777        0.91312963131527
H            3.06610837129169       -1.56586643551914       -0.05965846444152
H            3.32428226629745       -0.00187625274900       -0.84335230014175
H            1.59230743563622        1.87618413259173       -0.00461950312824
H           -2.42095485852738        0.44072456212407        0.00642711673213
H            0.82881211460666       -2.31705076162778        0.00191963809345
H           -1.80015080511712       -2.75135004658102       -0.95147748944795
H           -1.61624180181851       -2.92254229542678        0.79057424515341
H           -2.88373924364661       -1.87697905784764        0.13519971509185
H           -1.61983319647088        2.89261094624239        0.87234137964615
H           -0.17558681792902        3.43880735281925        0.01149455175020
H           -1.59838158669515        2.89857656598272       -0.88741273518353
21
 energy: -25.391656666932 gnorm: 0.000164463953 xtb: 6.7.1 (41059b4)
C            2.85132425143247       -0.50184359882261        0.00068446083196
C            1.37290722832295       -0.25077206471813       -0.00174752766113
C            0.89052343320829        1.05370596705459       -0.00201029535618
C           -0.46919572778700        1.31422898406566        0.00058565069229
C           -1.35769023511589        0.24422880004326        0.00350459308897
C           -0.90343806007575       -1.06362952817110        0.00403161255792
C            0.46742759533039       -1.29809566642985        0.00129163510007
C           -1.86076957543372       -2.21785275582285       -0.00267062571880
C           -0.99119453640067        2.72004148525518       -0.00050795236302
H            3.29966642262915       -0.10906810671481        0.91293355300204
H            3.06662197794321       -1.56565794222736       -0.05995556850197
H            3.32379556256988       -0.00145129141731       -0.84357511211755
H            1.59312843355150        1.87571568526666       -0.00402289651287
H           -2.42089015868540        0.44159847253122        0.00591845742965
H            0.82814701155769       -2.31752278603383        0.00179702244855
H           -1.79985173687194       -2.75149095336471       -0.95115127566247
H           -1.61613162212503       -2.92207897614873        0.79101346234290
H           -2.88385384865820       -1.87710017305212        0.13510830423696
H           -1.62005233371120        2.89203302537314        0.87228353964365
H           -0.17598064873702        3.43906595199845        0.01165068986649
H           -1.59833774668478        2.89807337767496       -0.88750309267816
21
 energy: -25.391656709879 gnorm: 0.000049799306 xtb: 6.7.1 (41059b4)
C            2.85144907567332       -0.50182646977444        0.00065702288343
C            1.37290034126395       -0.25078003385820       -0.00185862820953
C            0.89057489918408        1.05372838225236       -0.00205140299580
C           -0.46917184628100        1.31420434755846        0.00057324940878
C           -1.35770504791975        0.24422953016438        0.00358654532435
C           -0.90341094813026       -1.06363656573984        0.00414910834530
C            0.46745145112962       -1.29815804474875        0.00124881508487
C           -1.86085414966275       -2.21792452048744       -0.00267956425546
C           -0.99126280909204        2.72011311960608       -0.00048321778883
H            3.29990866281749       -0.10899208094339        0.91287655516959
H            3.06682214914547       -1.56566914028939       -0.05997557720301
H            3.32382195810260       -0.00148438657993       -0.84373028842176
H            1.59325343399535        1.87571631919361       -0.00359573363558
H           -2.42092433730693        0.44167259795773        0.00555399536640
H            0.82814714350676       -2.31762692828193        0.00176296944704
H           -1.79987314817846       -2.75180887363424       -0.95106878825004
H           -1.61638041980647       -2.92199044875951        0.79124690338917
H           -2.88398443112369       -1.87710599629353        0.13491808062769
H           -1.62007448314874        2.89211901350864        0.87238923154470
H           -0.17606673228929        3.43922096283233        0.01162605440154
H           -1.59846507562032        2.89812712265670       -0.88748669556353
