#========================================================================================
#                     Free energy perturbation    
#----------------------------------------------------------------------------------------
#forward/backward          λ              ΔΔA                 ΔA                  δε   
#                                                 
#----------------------------------------------------------------------------------------
forward:               0.0000              0.0000              0.0000              0.0000  
forward:               0.0500              0.3418              0.3418              0.0053  
forward:               0.1000              0.2196              0.5614              0.0060  
forward:               0.1500              0.1678              0.7292              0.0070  
forward:               0.2000              0.1269              0.8561              0.0079  
forward:               0.2500              0.1011              0.9572              0.0083  
forward:               0.3000              0.0804              1.0376              0.0087  
forward:               0.3500              0.0769              1.1145              0.0090  
forward:               0.4000              0.0580              1.1726              0.0095  
forward:               0.4500              0.0433              1.2158              0.0098  
forward:               0.5000              0.0351              1.2509              0.0101  
forward:               0.5500             -0.1310              1.1199              0.0107  
forward:               0.6000             -0.3920              0.7279              0.0116  
forward:               0.6500             -0.5923              0.1356              0.0125  
forward:               0.7000             -0.7814             -0.6458              0.0135  
forward:               0.7500             -0.9063             -1.5520              0.0144  
forward:               0.8000             -0.9545             -2.5066              0.0152  
forward:               0.8500             -0.9539             -3.4604              0.0158  
forward:               0.9000             -0.9325             -4.3929              0.0163  
forward:               0.9500             -0.9102             -5.3031              0.0167  
forward:               1.0000             -0.8850             -6.1881              0.0172  
backward:              1.0000              0.0000             -6.1881              0.0000  
backward:              0.9500              0.8825             -5.3056              0.0064  
backward:              0.9000              0.9001             -4.4055              0.0103  
backward:              0.8500              0.9373             -3.4682              0.0117  
backward:              0.8000              0.9636             -2.5046              0.0120  
backward:              0.7500              0.9554             -1.5492              0.0131  
backward:              0.7000              0.8881             -0.6611              0.0143  
backward:              0.6500              0.7734              0.1122              0.0152  
backward:              0.6000              0.5984              0.7106              0.0160  
backward:              0.5500              0.3772              1.0878              0.0166  
backward:              0.5000              0.1285              1.2162              0.0171  
backward:              0.4500             -0.0430              1.1733              0.0174  
backward:              0.4000             -0.0546              1.1187              0.0176  
backward:              0.3500             -0.0557              1.0629              0.0180  
backward:              0.3000             -0.0672              0.9957              0.0182  
backward:              0.2500             -0.0937              0.9020              0.0189  
backward:              0.2000             -0.1066              0.7954              0.0196  
backward:              0.1500             -0.1288              0.6666              0.0203  
backward:              0.1000             -0.1713              0.4953              0.0210  
backward:              0.0500             -0.2211              0.2742              0.0222  
backward:              0.0000             -0.3462             -0.0720              0.0238  
Inaccuracy estimation
======================================================================================================
                   i        i+δi          P0_overlap_P1   δε(forward)/ε   δε(backward)/ε
======================================================================================================
inaccuracy:  0.00000        0.05000           70.15           -0.00            0.29
inaccuracy:  0.05000        0.10000           76.23           -0.00            0.17
inaccuracy:  0.10000        0.15000           78.32           -0.00            0.11
inaccuracy:  0.15000        0.20000           80.98           -0.00            0.09
inaccuracy:  0.20000        0.25000           82.30           -0.00            0.07
inaccuracy:  0.25000        0.30000           84.45           -0.00            0.06
inaccuracy:  0.30000        0.35000           82.20           -0.00            0.06
inaccuracy:  0.35000        0.40000           83.65           -0.00            0.05
inaccuracy:  0.40000        0.45000           85.68           -0.00            0.04
inaccuracy:  0.45000        0.50000           85.09           -0.00            0.04
inaccuracy:  0.50000        0.55000           69.93           -0.07            0.10
inaccuracy:  0.55000        0.60000           72.10           -0.08            0.06
inaccuracy:  0.60000        0.65000           69.65           -0.12            0.04
inaccuracy:  0.65000        0.70000           69.89           -0.11            0.03
inaccuracy:  0.70000        0.75000           71.77           -0.09            0.02
inaccuracy:  0.75000        0.80000           69.91           -0.10            0.03
inaccuracy:  0.80000        0.85000           69.40           -0.09            0.04
inaccuracy:  0.85000        0.90000           68.62           -0.09            0.05
inaccuracy:  0.90000        0.95000           67.93           -0.09            0.06
inaccuracy:  0.95000        1.00000           66.85           -0.10            0.07
===================================================================================================================================
                BAR        
-----------------------------------------------------------------------------------------------------------------------------------
BAR-estimator:         λ             λ+δλ          ΔΔA             ΔA            C               Δδe            δe       
                          
-----------------------------------------------------------------------------------------------------------------------------------
BAR-estimator:      0.00000        0.05000        0.3437         0.3437         0.3437         0.0037         0.0037 
BAR-estimator:      0.05000        0.10000        0.2218         0.5654         0.2218         0.0028         0.0046 
BAR-estimator:      0.10000        0.15000        0.1666         0.7320         0.1666         0.0026         0.0053 
BAR-estimator:      0.15000        0.20000        0.1280         0.8600         0.1280         0.0025         0.0059 
BAR-estimator:      0.20000        0.25000        0.1015         0.9615         0.1015         0.0019         0.0062 
BAR-estimator:      0.25000        0.30000        0.0851         1.0466         0.0851         0.0020         0.0065 
BAR-estimator:      0.30000        0.35000        0.0731         1.1197         0.0731         0.0020         0.0068 
BAR-estimator:      0.35000        0.40000        0.0570         1.1767         0.0570         0.0020         0.0071 
BAR-estimator:      0.40000        0.45000        0.0468         1.2235         0.0468         0.0018         0.0073 
BAR-estimator:      0.45000        0.50000        0.0372         1.2607         0.0372         0.0015         0.0075 
BAR-estimator:      0.50000        0.55000       -0.1302         1.1306        -0.1302         0.0026         0.0079 
BAR-estimator:      0.55000        0.60000       -0.3808         0.7498        -0.3808         0.0029         0.0084 
BAR-estimator:      0.60000        0.65000       -0.5958         0.1540        -0.5958         0.0030         0.0089 
BAR-estimator:      0.65000        0.70000       -0.7777        -0.6237        -0.7777         0.0033         0.0095 
BAR-estimator:      0.70000        0.75000       -0.8967        -1.5204        -0.8967         0.0033         0.0101 
BAR-estimator:      0.75000        0.80000       -0.9566        -2.4771        -0.9566         0.0031         0.0106 
BAR-estimator:      0.80000        0.85000       -0.9580        -3.4351        -0.9580         0.0028         0.0109 
BAR-estimator:      0.85000        0.90000       -0.9337        -4.3688        -0.9337         0.0033         0.0114 
BAR-estimator:      0.90000        0.95000       -0.9098        -5.2786        -0.9098         0.0029         0.0118 
BAR-estimator:      0.95000        1.00000       -0.8844        -6.1629        -0.8844         0.0030         0.0122 
BAR-estimator: total free energy change is -6.162934524546643 , total error is 0.012176939887569002
