#========================================================================================
#                     Free energy perturbation    
#----------------------------------------------------------------------------------------
#forward/backward          λ              ΔΔA                 ΔA                  δε   
#                                                 
#----------------------------------------------------------------------------------------
forward:               0.0000              0.0000              0.0000              0.0000  
forward:               0.0500              1.7342              1.7342              0.0245  
forward:               0.1000              0.9891              2.7233              0.0304  
forward:               0.1500              0.4908              3.2141              0.0322  
forward:               0.2000              0.2611              3.4752              0.0335  
forward:               0.2500              0.0969              3.5720              0.0341  
forward:               0.3000              0.0135              3.5855              0.0346  
forward:               0.3500             -0.0334              3.5521              0.0350  
forward:               0.4000             -0.0772              3.4749              0.0353  
forward:               0.4500             -0.1134              3.3614              0.0356  
forward:               0.5000             -0.1383              3.2232              0.0358  
forward:               0.5500             -0.1990              3.0242              0.0362  
forward:               0.6000             -0.3387              2.6855              0.0365  
forward:               0.6500             -0.4448              2.2407              0.0369  
forward:               0.7000             -0.5366              1.7041              0.0371  
forward:               0.7500             -0.5988              1.1053              0.0374  
forward:               0.8000             -0.6520              0.4532              0.0376  
forward:               0.8500             -0.7080             -0.2547              0.0378  
forward:               0.9000             -0.7467             -1.0014              0.0380  
forward:               0.9500             -0.7784             -1.7798              0.0383  
forward:               1.0000             -0.8053             -2.5851              0.0385  
backward:              1.0000              0.0000             -2.5851              0.0000  
backward:              0.9500              0.8004             -1.7846              0.0057  
backward:              0.9000              0.7758             -1.0088              0.0074  
backward:              0.8500              0.7415             -0.2673              0.0090  
backward:              0.8000              0.7046              0.4373              0.0103  
backward:              0.7500              0.6564              1.0937              0.0115  
backward:              0.7000              0.5962              1.6898              0.0125  
backward:              0.6500              0.5337              2.2235              0.0131  
backward:              0.6000              0.4481              2.6717              0.0142  
backward:              0.5500              0.3448              3.0165              0.0154  
backward:              0.5000              0.2161              3.2326              0.0164  
backward:              0.4500              0.1252              3.3577              0.0171  
backward:              0.4000              0.0989              3.4567              0.0181  
backward:              0.3500              0.0727              3.5294              0.0191  
backward:              0.3000              0.0347              3.5641              0.0203  
backward:              0.2500             -0.0337              3.5304              0.0225  
backward:              0.2000             -0.0932              3.4372              0.0246  
backward:              0.1500             -0.2396              3.1976              0.0274  
backward:              0.1000             -0.5008              2.6968              0.0326  
backward:              0.0500             -1.0312              1.6655              0.0431  
backward:              0.0000             -1.7543             -0.0887              0.0558  
Inaccuracy estimation
======================================================================================================
                   i        i+δi          P0_overlap_P1   δε(forward)/ε   δε(backward)/ε
======================================================================================================
inaccuracy:  0.00000        0.05000           34.05           -0.03            1.92
inaccuracy:  0.05000        0.10000           44.03           -0.05            1.19
inaccuracy:  0.10000        0.15000           54.37           -0.02            0.58
inaccuracy:  0.15000        0.20000           60.26           -0.02            0.37
inaccuracy:  0.20000        0.25000           67.05           -0.02            0.22
inaccuracy:  0.25000        0.30000           70.02           -0.01            0.16
inaccuracy:  0.30000        0.35000           70.91           -0.02            0.14
inaccuracy:  0.35000        0.40000           71.49           -0.01            0.12
inaccuracy:  0.40000        0.45000           74.08           -0.02            0.11
inaccuracy:  0.45000        0.50000           74.84           -0.02            0.10
inaccuracy:  0.50000        0.55000           67.43           -0.05            0.13
inaccuracy:  0.55000        0.60000           68.74           -0.05            0.10
inaccuracy:  0.60000        0.65000           69.74           -0.05            0.08
inaccuracy:  0.65000        0.70000           70.94           -0.06            0.07
inaccuracy:  0.70000        0.75000           70.92           -0.06            0.06
inaccuracy:  0.75000        0.80000           70.46           -0.07            0.06
inaccuracy:  0.80000        0.85000           70.96           -0.06            0.06
inaccuracy:  0.85000        0.90000           70.74           -0.06            0.05
inaccuracy:  0.90000        0.95000           70.42           -0.06            0.05
inaccuracy:  0.95000        1.00000           69.71           -0.06            0.05
===================================================================================================================================
                BAR        
-----------------------------------------------------------------------------------------------------------------------------------
BAR-estimator:         λ             λ+δλ          ΔΔA             ΔA            C               Δδe            δe       
                          
-----------------------------------------------------------------------------------------------------------------------------------
BAR-estimator:      0.00000        0.05000        1.7704         1.7704         1.7704         0.0109         0.0109 
BAR-estimator:      0.05000        0.10000        1.0022         2.7726         1.0022         0.0100         0.0148 
BAR-estimator:      0.10000        0.15000        0.4925         3.2651         0.4925         0.0069         0.0163 
BAR-estimator:      0.15000        0.20000        0.2551         3.5202         0.2551         0.0059         0.0174 
BAR-estimator:      0.20000        0.25000        0.0979         3.6181         0.0979         0.0046         0.0180 
BAR-estimator:      0.25000        0.30000        0.0169         3.6350         0.0169         0.0038         0.0184 
BAR-estimator:      0.30000        0.35000       -0.0343         3.6006        -0.0343         0.0033         0.0187 
BAR-estimator:      0.35000        0.40000       -0.0762         3.5244        -0.0762         0.0033         0.0190 
BAR-estimator:      0.40000        0.45000       -0.1078         3.4166        -0.1078         0.0030         0.0192 
BAR-estimator:      0.45000        0.50000       -0.1336         3.2830        -0.1336         0.0030         0.0194 
BAR-estimator:      0.50000        0.55000       -0.2038         3.0792        -0.2038         0.0032         0.0197 
BAR-estimator:      0.55000        0.60000       -0.3440         2.7352        -0.3440         0.0039         0.0201 
BAR-estimator:      0.60000        0.65000       -0.4465         2.2887        -0.4465         0.0031         0.0203 
BAR-estimator:      0.65000        0.70000       -0.5338         1.7549        -0.5338         0.0034         0.0206 
BAR-estimator:      0.70000        0.75000       -0.5962         1.1587        -0.5962         0.0030         0.0208 
BAR-estimator:      0.75000        0.80000       -0.6555         0.5033        -0.6555         0.0032         0.0211 
BAR-estimator:      0.80000        0.85000       -0.7052        -0.2019        -0.7052         0.0032         0.0213 
BAR-estimator:      0.85000        0.90000       -0.7430        -0.9449        -0.7430         0.0029         0.0215 
BAR-estimator:      0.90000        0.95000       -0.7757        -1.7206        -0.7757         0.0035         0.0218 
BAR-estimator:      0.95000        1.00000       -0.8051        -2.5257        -0.8051         0.0034         0.0221 
BAR-estimator: total free energy change is -2.525690436573371 , total error is 0.022072315041530646
