#========================================================================================
#                     Free energy perturbation    
#----------------------------------------------------------------------------------------
#forward/backward          λ              ΔΔA                 ΔA                  δε   
#                                                 
#----------------------------------------------------------------------------------------
forward:               0.0000              0.0000              0.0000              0.0000  
forward:               0.0500              1.4074              1.4074              0.0211  
forward:               0.1000              0.7765              2.1839              0.0250  
forward:               0.1500              0.4041              2.5880              0.0267  
forward:               0.2000              0.2350              2.8231              0.0276  
forward:               0.2500              0.1141              2.9372              0.0283  
forward:               0.3000              0.0632              3.0003              0.0289  
forward:               0.3500              0.0245              3.0248              0.0292  
forward:               0.4000              0.0013              3.0261              0.0295  
forward:               0.4500             -0.0272              2.9989              0.0298  
forward:               0.5000             -0.0450              2.9539              0.0300  
forward:               0.5500             -0.1215              2.8324              0.0303  
forward:               0.6000             -0.2701              2.5623              0.0307  
forward:               0.6500             -0.4120              2.1503              0.0311  
forward:               0.7000             -0.5289              1.6214              0.0314  
forward:               0.7500             -0.6235              0.9978              0.0318  
forward:               0.8000             -0.6930              0.3048              0.0322  
forward:               0.8500             -0.7195             -0.4147              0.0324  
forward:               0.9000             -0.7512             -1.1659              0.0327  
forward:               0.9500             -0.7591             -1.9250              0.0329  
forward:               1.0000             -0.7697             -2.6948              0.0332  
backward:              1.0000              0.0000             -2.6948              0.0000  
backward:              0.9500              0.7525             -1.9422              0.0052  
backward:              0.9000              0.7542             -1.1880              0.0072  
backward:              0.8500              0.7507             -0.4373              0.0087  
backward:              0.8000              0.7197              0.2824              0.0100  
backward:              0.7500              0.6841              0.9665              0.0116  
backward:              0.7000              0.6252              1.5917              0.0129  
backward:              0.6500              0.5316              2.1234              0.0141  
backward:              0.6000              0.4093              2.5326              0.0151  
backward:              0.5500              0.2740              2.8066              0.0160  
backward:              0.5000              0.1232              2.9299              0.0176  
backward:              0.4500              0.0503              2.9802              0.0182  
backward:              0.4000              0.0296              3.0098              0.0190  
backward:              0.3500              0.0044              3.0142              0.0198  
backward:              0.3000             -0.0357              2.9785              0.0209  
backward:              0.2500             -0.0644              2.9142              0.0226  
backward:              0.2000             -0.1243              2.7898              0.0239  
backward:              0.1500             -0.2099              2.5800              0.0255  
backward:              0.1000             -0.3848              2.1952              0.0288  
backward:              0.0500             -0.7802              1.4150              0.0395  
backward:              0.0000             -1.4466             -0.0316              0.0909  
Inaccuracy estimation
======================================================================================================
                   i        i+δi          P0_overlap_P1   δε(forward)/ε   δε(backward)/ε
======================================================================================================
inaccuracy:  0.00000        0.05000           38.67           -0.03            1.42
inaccuracy:  0.05000        0.10000           49.37           -0.04            0.81
inaccuracy:  0.10000        0.15000           60.18           -0.02            0.44
inaccuracy:  0.15000        0.20000           65.34           -0.02            0.27
inaccuracy:  0.20000        0.25000           71.16           -0.01            0.18
inaccuracy:  0.25000        0.30000           72.51           -0.01            0.14
inaccuracy:  0.30000        0.35000           74.42           -0.01            0.12
inaccuracy:  0.35000        0.40000           73.96           -0.01            0.11
inaccuracy:  0.40000        0.45000           74.48           -0.01            0.10
inaccuracy:  0.45000        0.50000           75.85           -0.01            0.10
inaccuracy:  0.50000        0.55000           69.84           -0.05            0.12
inaccuracy:  0.55000        0.60000           70.64           -0.07            0.09
inaccuracy:  0.60000        0.65000           70.60           -0.06            0.08
inaccuracy:  0.65000        0.70000           69.87           -0.07            0.07
inaccuracy:  0.70000        0.75000           69.87           -0.07            0.06
inaccuracy:  0.75000        0.80000           71.50           -0.07            0.05
inaccuracy:  0.80000        0.85000           71.02           -0.07            0.05
inaccuracy:  0.85000        0.90000           71.07           -0.07            0.05
inaccuracy:  0.90000        0.95000           70.91           -0.07            0.06
inaccuracy:  0.95000        1.00000           70.70           -0.07            0.06
===================================================================================================================================
                BAR        
-----------------------------------------------------------------------------------------------------------------------------------
BAR-estimator:         λ             λ+δλ          ΔΔA             ΔA            C               Δδe            δe       
                          
-----------------------------------------------------------------------------------------------------------------------------------
BAR-estimator:      0.00000        0.05000        1.3950         1.3950         1.3950         0.0106         0.0106 
BAR-estimator:      0.05000        0.10000        0.7649         2.1598         0.7649         0.0085         0.0136 
BAR-estimator:      0.10000        0.15000        0.4060         2.5658         0.4060         0.0063         0.0150 
BAR-estimator:      0.15000        0.20000        0.2255         2.7913         0.2255         0.0045         0.0156 
BAR-estimator:      0.20000        0.25000        0.1180         2.9094         0.1180         0.0041         0.0161 
BAR-estimator:      0.25000        0.30000        0.0614         2.9707         0.0614         0.0042         0.0167 
BAR-estimator:      0.30000        0.35000        0.0262         2.9969         0.0262         0.0031         0.0170 
BAR-estimator:      0.35000        0.40000       -0.0006         2.9963        -0.0006         0.0029         0.0172 
BAR-estimator:      0.40000        0.45000       -0.0299         2.9664        -0.0299         0.0028         0.0174 
BAR-estimator:      0.45000        0.50000       -0.0458         2.9206        -0.0458         0.0027         0.0177 
BAR-estimator:      0.50000        0.55000       -0.1234         2.7972        -0.1234         0.0032         0.0179 
BAR-estimator:      0.55000        0.60000       -0.2728         2.5243        -0.2728         0.0033         0.0182 
BAR-estimator:      0.60000        0.65000       -0.4092         2.1151        -0.4092         0.0031         0.0185 
BAR-estimator:      0.65000        0.70000       -0.5290         1.5861        -0.5290         0.0035         0.0188 
BAR-estimator:      0.70000        0.75000       -0.6260         0.9601        -0.6260         0.0033         0.0191 
BAR-estimator:      0.75000        0.80000       -0.6895         0.2706        -0.6895         0.0033         0.0194 
BAR-estimator:      0.80000        0.85000       -0.7193        -0.4487        -0.7193         0.0032         0.0197 
BAR-estimator:      0.85000        0.90000       -0.7499        -1.1986        -0.7499         0.0033         0.0199 
BAR-estimator:      0.90000        0.95000       -0.7566        -1.9552        -0.7566         0.0035         0.0202 
BAR-estimator:      0.95000        1.00000       -0.7654        -2.7206        -0.7654         0.0031         0.0205 
BAR-estimator: total free energy change is -2.720621356020903 , total error is 0.02048442177895056
