9
 energy: -117.850941295306 gnorm: 0.011899908920 xtb: 6.7.1 (41059b4)
C            0.46846589340759        0.72598097242170       -0.00001678240001
C            0.39448758827481       -0.76868919324063        0.00003552990002
C           -0.86296839368240        0.04270999151893       -0.00001293870001
H            0.78914310554969        1.22265672204179       -0.90304229320016
H            0.78892203964959        1.22283259874187        0.90302467660015
H            0.66444682069443       -1.29467484917370       -0.90305627780017
H            0.66448028529445       -1.29467687627371        0.90302323780015
H           -1.45339170424404        0.07175435263180       -0.90305437230017
H           -1.45342284214405        0.07208695083194        0.90303580550016
9
 energy: -117.851167721341 gnorm: 0.005316939938 xtb: 6.7.1 (41059b4)
C            0.46982155349485        0.72805165109993       -0.00003212247621
C            0.39560917119170       -0.77087348392677        0.00004954131946
C           -0.86540848474788        0.04282936365796       -0.00002505883539
H            0.78947168041723        1.22335903986239       -0.90983344327512
H            0.78934639711805        1.22345616677769        0.90976713271223
H            0.66473198230629       -1.29535092354977       -0.90976707217162
H            0.66475769900699       -1.29535787948583        0.90983570760291
H           -1.45407599772474        0.07184310674300       -0.90988057093744
H           -1.45409120791329        0.07202363193360        0.90982247107142
9
 energy: -117.851193581562 gnorm: 0.002132503294 xtb: 6.7.1 (41059b4)
C            0.47063693461070        0.72929917319103       -0.00003204554775
C            0.39627864140854       -0.77219046999500        0.00004111211046
C           -0.86689936876743        0.04290197877073       -0.00002567774420
H            0.78914410826723        1.22291261880385       -0.91232017190641
H            0.78906133868767        1.22298955405477        0.91224292388485
H            0.66447298260641       -1.29487278450622       -0.91223079519397
H            0.66447599489106       -1.29484983308112        0.91232718859608
H           -1.45349631783550        0.07183308156998       -0.91238728293554
H           -1.45351152180591        0.07195735689880        0.91232133510793
9
 energy: -117.851195998703 gnorm: 0.000654625230 xtb: 6.7.1 (41059b4)
C            0.47086627535857        0.72964984488213       -0.00003015021679
C            0.39646744639880       -0.77255762780353        0.00003518151670
C           -0.86732106241911        0.04292220304058       -0.00002472500032
H            0.78884220085194        1.22246306536023       -0.91264198150708
H            0.78877981043519        1.22253669486016        0.91256313772339
H            0.66423256438302       -1.29440541913229       -0.91254684322570
H            0.66422057358081       -1.29436058719085        0.91264840390357
H           -1.45295251145474        0.07181479021313       -0.91271243560926
H           -1.45297250592665        0.07191771253874        0.91264599984853
9
 energy: -117.851195998703 gnorm: 0.000654625230 xtb: 6.7.1 (41059b4)
C            0.47086627535857        0.72964984488213       -0.00003015021679
C            0.39646744639880       -0.77255762780353        0.00003518151670
C           -0.86732106241911        0.04292220304058       -0.00002472500032
H            0.78884220085194        1.22246306536023       -0.91264198150708
H            0.78877981043519        1.22253669486016        0.91256313772339
H            0.66423256438302       -1.29440541913229       -0.91254684322570
H            0.66422057358081       -1.29436058719085        0.91264840390357
H           -1.45295251145474        0.07181479021313       -0.91271243560926
H           -1.45297250592665        0.07191771253874        0.91264599984853
