#========================================================================================
#                     Free energy perturbation    
#----------------------------------------------------------------------------------------
#forward/backward          λ              ΔΔA                 ΔA                  δε   
#                                                 
#----------------------------------------------------------------------------------------
forward:               0.0000              0.0000              0.0000              0.0000  
forward:               0.0500              1.4712              1.4712              0.0159  
forward:               0.1000              0.8036              2.2749              0.0205  
forward:               0.1500              0.4412              2.7161              0.0229  
forward:               0.2000              0.2470              2.9631              0.0244  
forward:               0.2500              0.1604              3.1235              0.0255  
forward:               0.3000              0.0944              3.2179              0.0265  
forward:               0.3500              0.0532              3.2712              0.0269  
forward:               0.4000              0.0241              3.2952              0.0274  
forward:               0.4500             -0.0098              3.2855              0.0276  
forward:               0.5000             -0.0133              3.2722              0.0279  
forward:               0.5500             -0.0603              3.2119              0.0283  
forward:               0.6000             -0.1547              3.0572              0.0286  
forward:               0.6500             -0.2421              2.8151              0.0290  
forward:               0.7000             -0.3215              2.4936              0.0293  
forward:               0.7500             -0.3766              2.1171              0.0297  
forward:               0.8000             -0.4264              1.6906              0.0300  
forward:               0.8500             -0.4632              1.2274              0.0305  
forward:               0.9000             -0.4995              0.7279              0.0307  
forward:               0.9500             -0.5211              0.2068              0.0310  
forward:               1.0000             -0.5398             -0.3330              0.0313  
backward:              1.0000              0.0000             -0.3330              0.0000  
backward:              0.9500              0.5424              0.2094              0.0045  
backward:              0.9000              0.5202              0.7296              0.0066  
backward:              0.8500              0.5030              1.2326              0.0082  
backward:              0.8000              0.4641              1.6966              0.0105  
backward:              0.7500              0.4204              2.1170              0.0117  
backward:              0.7000              0.3796              2.4966              0.0128  
backward:              0.6500              0.3144              2.8110              0.0140  
backward:              0.6000              0.2480              3.0590              0.0149  
backward:              0.5500              0.1545              3.2135              0.0158  
backward:              0.5000              0.0592              3.2727              0.0168  
backward:              0.4500              0.0243              3.2970              0.0174  
backward:              0.4000              0.0018              3.2988              0.0182  
backward:              0.3500             -0.0225              3.2763              0.0187  
backward:              0.3000             -0.0544              3.2218              0.0198  
backward:              0.2500             -0.0874              3.1345              0.0208  
backward:              0.2000             -0.1601              2.9743              0.0221  
backward:              0.1500             -0.2387              2.7356              0.0239  
backward:              0.1000             -0.4560              2.2796              0.0295  
backward:              0.0500             -0.7666              1.5129              0.0351  
backward:              0.0000             -1.4432              0.0697              0.0489  
Inaccuracy estimation
======================================================================================================
                   i        i+δi          P0_overlap_P1   δε(forward)/ε   δε(backward)/ε
======================================================================================================
inaccuracy:  0.00000        0.05000           38.60           -0.03            1.46
inaccuracy:  0.05000        0.10000           49.16           -0.02            0.91
inaccuracy:  0.10000        0.15000           59.61           -0.02            0.44
inaccuracy:  0.15000        0.20000           66.71           -0.01            0.26
inaccuracy:  0.20000        0.25000           70.12           -0.01            0.19
inaccuracy:  0.25000        0.30000           71.66           -0.01            0.15
inaccuracy:  0.30000        0.35000           73.22           -0.02            0.13
inaccuracy:  0.35000        0.40000           73.64           -0.01            0.12
inaccuracy:  0.40000        0.45000           76.16           -0.01            0.10
inaccuracy:  0.45000        0.50000           74.12           -0.01            0.10
inaccuracy:  0.50000        0.55000           71.60           -0.03            0.11
inaccuracy:  0.55000        0.60000           71.77           -0.04            0.10
inaccuracy:  0.60000        0.65000           71.93           -0.04            0.09
inaccuracy:  0.65000        0.70000           73.45           -0.04            0.08
inaccuracy:  0.70000        0.75000           72.47           -0.05            0.07
inaccuracy:  0.75000        0.80000           72.90           -0.05            0.07
inaccuracy:  0.80000        0.85000           71.81           -0.04            0.07
inaccuracy:  0.85000        0.90000           72.41           -0.05            0.06
inaccuracy:  0.90000        0.95000           71.98           -0.04            0.06
inaccuracy:  0.95000        1.00000           72.13           -0.04            0.06
===================================================================================================================================
                BAR        
-----------------------------------------------------------------------------------------------------------------------------------
BAR-estimator:         λ             λ+δλ          ΔΔA             ΔA            C               Δδe            δe       
                          
-----------------------------------------------------------------------------------------------------------------------------------
BAR-estimator:      0.00000        0.05000        1.4435         1.4435         1.4435         0.0084         0.0084 
BAR-estimator:      0.05000        0.10000        0.7986         2.2421         0.7986         0.0081         0.0117 
BAR-estimator:      0.10000        0.15000        0.4408         2.6828         0.4408         0.0065         0.0134 
BAR-estimator:      0.15000        0.20000        0.2471         2.9299         0.2471         0.0053         0.0144 
BAR-estimator:      0.20000        0.25000        0.1616         3.0915         0.1616         0.0043         0.0150 
BAR-estimator:      0.25000        0.30000        0.0915         3.1830         0.0915         0.0036         0.0154 
BAR-estimator:      0.30000        0.35000        0.0525         3.2356         0.0525         0.0032         0.0158 
BAR-estimator:      0.35000        0.40000        0.0220         3.2576         0.0220         0.0034         0.0161 
BAR-estimator:      0.40000        0.45000       -0.0072         3.2504        -0.0072         0.0026         0.0163 
BAR-estimator:      0.45000        0.50000       -0.0174         3.2329        -0.0174         0.0029         0.0166 
BAR-estimator:      0.50000        0.55000       -0.0584         3.1745        -0.0584         0.0030         0.0169 
BAR-estimator:      0.55000        0.60000       -0.1548         3.0197        -0.1548         0.0030         0.0171 
BAR-estimator:      0.60000        0.65000       -0.2455         2.7742        -0.2455         0.0033         0.0175 
BAR-estimator:      0.65000        0.70000       -0.3176         2.4566        -0.3176         0.0030         0.0177 
BAR-estimator:      0.70000        0.75000       -0.3788         2.0778        -0.3788         0.0031         0.0180 
BAR-estimator:      0.75000        0.80000       -0.4248         1.6530        -0.4248         0.0031         0.0183 
BAR-estimator:      0.80000        0.85000       -0.4658         1.1872        -0.4658         0.0036         0.0186 
BAR-estimator:      0.85000        0.90000       -0.5018         0.6854        -0.5018         0.0030         0.0188 
BAR-estimator:      0.90000        0.95000       -0.5227         0.1627        -0.5227         0.0031         0.0191 
BAR-estimator:      0.95000        1.00000       -0.5402        -0.3775        -0.5402         0.0033         0.0194 
BAR-estimator: total free energy change is -0.37749553543306524 , total error is 0.01937774127833721
