#========================================================================================
#                     Free energy perturbation    
#----------------------------------------------------------------------------------------
#forward/backward          λ              ΔΔA                 ΔA                  δε   
#                                                 
#----------------------------------------------------------------------------------------
forward:               0.0000              0.0000              0.0000              0.0000  
forward:               0.0500              1.7813              1.7813              0.0253  
forward:               0.1000              0.9078              2.6891              0.0317  
forward:               0.1500              0.4600              3.1491              0.0335  
forward:               0.2000              0.2161              3.3653              0.0346  
forward:               0.2500              0.0938              3.4591              0.0354  
forward:               0.3000              0.0111              3.4702              0.0359  
forward:               0.3500             -0.0208              3.4494              0.0363  
forward:               0.4000             -0.0688              3.3806              0.0365  
forward:               0.4500             -0.0894              3.2912              0.0368  
forward:               0.5000             -0.1251              3.1662              0.0370  
forward:               0.5500             -0.2653              2.9008              0.0375  
forward:               0.6000             -0.5040              2.3968              0.0381  
forward:               0.6500             -0.7097              1.6872              0.0389  
forward:               0.7000             -0.9022              0.7850              0.0397  
forward:               0.7500             -1.0000             -0.2150              0.0405  
forward:               0.8000             -1.0430             -1.2581              0.0411  
forward:               0.8500             -1.0403             -2.2984              0.0413  
forward:               0.9000             -1.0198             -3.3182              0.0416  
forward:               0.9500             -0.9990             -4.3172              0.0418  
forward:               1.0000             -0.9769             -5.2941              0.0421  
backward:              1.0000              0.0000             -5.2941              0.0000  
backward:              0.9500              0.9737             -4.3204              0.0057  
backward:              0.9000              0.9835             -3.3369              0.0104  
backward:              0.8500              1.0118             -2.3251              0.0121  
backward:              0.8000              1.0480             -1.2772              0.0130  
backward:              0.7500              1.0418             -0.2354              0.0153  
backward:              0.7000              1.0052              0.7698              0.0187  
backward:              0.6500              0.9072              1.6770              0.0208  
backward:              0.6000              0.7096              2.3866              0.0233  
backward:              0.5500              0.5060              2.8926              0.0243  
backward:              0.5000              0.2531              3.1457              0.0261  
backward:              0.4500              0.1202              3.2659              0.0266  
backward:              0.4000              0.0877              3.3536              0.0270  
backward:              0.3500              0.0632              3.4168              0.0276  
backward:              0.3000              0.0342              3.4510              0.0281  
backward:              0.2500             -0.0270              3.4241              0.0290  
backward:              0.2000             -0.1177              3.3064              0.0305  
backward:              0.1500             -0.2461              3.0603              0.0330  
backward:              0.1000             -0.4700              2.5902              0.0391  
backward:              0.0500             -0.8797              1.7106              0.0434  
backward:              0.0000             -1.8116             -0.1010              0.0629  
Inaccuracy estimation
======================================================================================================
                   i        i+δi          P0_overlap_P1   δε(forward)/ε   δε(backward)/ε
======================================================================================================
inaccuracy:  0.00000        0.05000           33.54           -0.03            2.26
inaccuracy:  0.05000        0.10000           46.58           -0.04            1.10
inaccuracy:  0.10000        0.15000           57.13           -0.02            0.52
inaccuracy:  0.15000        0.20000           66.08           -0.02            0.26
inaccuracy:  0.20000        0.25000           70.44           -0.02            0.18
inaccuracy:  0.25000        0.30000           73.08           -0.01            0.13
inaccuracy:  0.30000        0.35000           72.28           -0.02            0.12
inaccuracy:  0.35000        0.40000           75.26           -0.02            0.10
inaccuracy:  0.40000        0.45000           74.97           -0.02            0.08
inaccuracy:  0.45000        0.50000           76.30           -0.02            0.08
inaccuracy:  0.50000        0.55000           66.05           -0.09            0.15
inaccuracy:  0.55000        0.60000           67.50           -0.11            0.09
inaccuracy:  0.60000        0.65000           66.22           -0.14            0.06
inaccuracy:  0.65000        0.70000           66.18           -0.12            0.04
inaccuracy:  0.70000        0.75000           66.19           -0.12            0.03
inaccuracy:  0.75000        0.80000           67.69           -0.10            0.04
inaccuracy:  0.80000        0.85000           67.43           -0.11            0.04
inaccuracy:  0.85000        0.90000           67.13           -0.10            0.05
inaccuracy:  0.90000        0.95000           65.99           -0.09            0.06
inaccuracy:  0.95000        1.00000           66.31           -0.08            0.06
===================================================================================================================================
                BAR        
-----------------------------------------------------------------------------------------------------------------------------------
BAR-estimator:         λ             λ+δλ          ΔΔA             ΔA            C               Δδe            δe       
                          
-----------------------------------------------------------------------------------------------------------------------------------
BAR-estimator:      0.00000        0.05000        1.7771         1.7771         1.7771         0.0126         0.0126 
BAR-estimator:      0.05000        0.10000        0.9147         2.6918         0.9147         0.0104         0.0163 
BAR-estimator:      0.10000        0.15000        0.4536         3.1454         0.4536         0.0073         0.0179 
BAR-estimator:      0.15000        0.20000        0.2218         3.3673         0.2218         0.0077         0.0195 
BAR-estimator:      0.20000        0.25000        0.0977         3.4649         0.0977         0.0052         0.0201 
BAR-estimator:      0.25000        0.30000        0.0177         3.4827         0.0177         0.0048         0.0207 
BAR-estimator:      0.30000        0.35000       -0.0254         3.4573        -0.0254         0.0040         0.0211 
BAR-estimator:      0.35000        0.40000       -0.0667         3.3906        -0.0667         0.0037         0.0214 
BAR-estimator:      0.40000        0.45000       -0.0904         3.3002        -0.0904         0.0033         0.0216 
BAR-estimator:      0.45000        0.50000       -0.1230         3.1772        -0.1230         0.0030         0.0218 
BAR-estimator:      0.50000        0.55000       -0.2592         2.9180        -0.2592         0.0042         0.0222 
BAR-estimator:      0.55000        0.60000       -0.5029         2.4151        -0.5029         0.0036         0.0225 
BAR-estimator:      0.60000        0.65000       -0.7093         1.7058        -0.7093         0.0037         0.0228 
BAR-estimator:      0.65000        0.70000       -0.9052         0.8007        -0.9052         0.0042         0.0232 
BAR-estimator:      0.70000        0.75000       -1.0039        -0.2032        -1.0039         0.0048         0.0237 
BAR-estimator:      0.75000        0.80000       -1.0414        -1.2447        -1.0414         0.0044         0.0241 
BAR-estimator:      0.80000        0.85000       -1.0423        -2.2870        -1.0423         0.0036         0.0244 
BAR-estimator:      0.85000        0.90000       -1.0176        -3.3046        -1.0176         0.0038         0.0247 
BAR-estimator:      0.90000        0.95000       -0.9993        -4.3039        -0.9993         0.0041         0.0250 
BAR-estimator:      0.95000        1.00000       -0.9743        -5.2783        -0.9743         0.0041         0.0253 
BAR-estimator: total free energy change is -5.278251469854542 , total error is 0.025333838688108415
