#========================================================================================
#                     Free energy perturbation    
#----------------------------------------------------------------------------------------
#forward/backward          λ              ΔΔA                 ΔA                  δε   
#                                                 
#----------------------------------------------------------------------------------------
forward:               0.0000              0.0000              0.0000              0.0000  
forward:               0.0500              1.6404              1.6404              0.0241  
forward:               0.1000              0.8168              2.4572              0.0291  
forward:               0.1500              0.4099              2.8670              0.0312  
forward:               0.2000              0.1751              3.0421              0.0321  
forward:               0.2500              0.0686              3.1107              0.0326  
forward:               0.3000             -0.0013              3.1095              0.0330  
forward:               0.3500             -0.0479              3.0616              0.0334  
forward:               0.4000             -0.0833              2.9783              0.0337  
forward:               0.4500             -0.1146              2.8637              0.0340  
forward:               0.5000             -0.1343              2.7294              0.0342  
forward:               0.5500             -0.1767              2.5527              0.0344  
forward:               0.6000             -0.2033              2.3494              0.0345  
forward:               0.6500             -0.2251              2.1243              0.0347  
forward:               0.7000             -0.2398              1.8845              0.0349  
forward:               0.7500             -0.2481              1.6364              0.0351  
forward:               0.8000             -0.2672              1.3693              0.0353  
forward:               0.8500             -0.2794              1.0899              0.0354  
forward:               0.9000             -0.2992              0.7907              0.0355  
forward:               0.9500             -0.2963              0.4944              0.0357  
forward:               1.0000             -0.3156              0.1788              0.0357  
backward:              1.0000              0.0000              0.1788              0.0000  
backward:              0.9500              0.3077              0.4865              0.0025  
backward:              0.9000              0.3039              0.7904              0.0044  
backward:              0.8500              0.2944              1.0847              0.0055  
backward:              0.8000              0.2741              1.3589              0.0062  
backward:              0.7500              0.2691              1.6280              0.0072  
backward:              0.7000              0.2451              1.8731              0.0080  
backward:              0.6500              0.2428              2.1159              0.0088  
backward:              0.6000              0.2190              2.3349              0.0096  
backward:              0.5500              0.2070              2.5419              0.0104  
backward:              0.5000              0.1729              2.7148              0.0113  
backward:              0.4500              0.1386              2.8534              0.0122  
backward:              0.4000              0.1111              2.9645              0.0134  
backward:              0.3500              0.0972              3.0618              0.0140  
backward:              0.3000              0.0518              3.1136              0.0147  
backward:              0.2500              0.0070              3.1206              0.0161  
backward:              0.2000             -0.0778              3.0428              0.0179  
backward:              0.1500             -0.1671              2.8757              0.0200  
backward:              0.1000             -0.3946              2.4811              0.0260  
backward:              0.0500             -0.7712              1.7099              0.0401  
backward:              0.0000             -1.6617              0.0482              0.0809  
Inaccuracy estimation
======================================================================================================
                   i        i+δi          P0_overlap_P1   δε(forward)/ε   δε(backward)/ε
======================================================================================================
inaccuracy:  0.00000        0.05000           34.36           -0.04            2.10
inaccuracy:  0.05000        0.10000           46.87           -0.03            1.04
inaccuracy:  0.10000        0.15000           58.89           -0.01            0.45
inaccuracy:  0.15000        0.20000           66.77           -0.02            0.25
inaccuracy:  0.20000        0.25000           71.62           -0.01            0.16
inaccuracy:  0.25000        0.30000           72.74           -0.02            0.12
inaccuracy:  0.30000        0.35000           74.39           -0.01            0.11
inaccuracy:  0.35000        0.40000           74.88           -0.02            0.09
inaccuracy:  0.40000        0.45000           77.20           -0.01            0.08
inaccuracy:  0.45000        0.50000           77.15           -0.01            0.07
inaccuracy:  0.50000        0.55000           77.49           -0.02            0.07
inaccuracy:  0.55000        0.60000           77.54           -0.02            0.06
inaccuracy:  0.60000        0.65000           78.65           -0.02            0.06
inaccuracy:  0.65000        0.70000           77.31           -0.02            0.05
inaccuracy:  0.70000        0.75000           78.17           -0.02            0.05
inaccuracy:  0.75000        0.80000           78.00           -0.02            0.05
inaccuracy:  0.80000        0.85000           78.87           -0.02            0.05
inaccuracy:  0.85000        0.90000           78.65           -0.02            0.05
inaccuracy:  0.90000        0.95000           76.93           -0.01            0.05
inaccuracy:  0.95000        1.00000           78.46           -0.02            0.05
===================================================================================================================================
                BAR        
-----------------------------------------------------------------------------------------------------------------------------------
BAR-estimator:         λ             λ+δλ          ΔΔA             ΔA            C               Δδe            δe       
                          
-----------------------------------------------------------------------------------------------------------------------------------
BAR-estimator:      0.00000        0.05000        1.6284         1.6284         1.6284         0.0118         0.0118 
BAR-estimator:      0.05000        0.10000        0.8155         2.4439         0.8155         0.0105         0.0158 
BAR-estimator:      0.10000        0.15000        0.4036         2.8475         0.4036         0.0073         0.0174 
BAR-estimator:      0.15000        0.20000        0.1758         3.0233         0.1758         0.0048         0.0181 
BAR-estimator:      0.20000        0.25000        0.0706         3.0939         0.0706         0.0041         0.0185 
BAR-estimator:      0.25000        0.30000       -0.0030         3.0909        -0.0030         0.0035         0.0189 
BAR-estimator:      0.30000        0.35000       -0.0486         3.0423        -0.0486         0.0034         0.0192 
BAR-estimator:      0.35000        0.40000       -0.0880         2.9543        -0.0880         0.0031         0.0194 
BAR-estimator:      0.40000        0.45000       -0.1134         2.8409        -0.1134         0.0029         0.0196 
BAR-estimator:      0.45000        0.50000       -0.1358         2.7051        -0.1358         0.0030         0.0199 
BAR-estimator:      0.50000        0.55000       -0.1751         2.5299        -0.1751         0.0026         0.0200 
BAR-estimator:      0.55000        0.60000       -0.2038         2.3261        -0.2038         0.0024         0.0202 
BAR-estimator:      0.60000        0.65000       -0.2219         2.1042        -0.2219         0.0026         0.0203 
BAR-estimator:      0.65000        0.70000       -0.2408         1.8634        -0.2408         0.0027         0.0205 
BAR-estimator:      0.70000        0.75000       -0.2468         1.6166        -0.2468         0.0028         0.0207 
BAR-estimator:      0.75000        0.80000       -0.2676         1.3490        -0.2676         0.0025         0.0208 
BAR-estimator:      0.80000        0.85000       -0.2769         1.0721        -0.2769         0.0026         0.0210 
BAR-estimator:      0.85000        0.90000       -0.2964         0.7757        -0.2964         0.0027         0.0212 
BAR-estimator:      0.90000        0.95000       -0.3002         0.4754        -0.3002         0.0030         0.0214 
BAR-estimator:      0.95000        1.00000       -0.3128         0.1626        -0.3128         0.0026         0.0215 
BAR-estimator: total free energy change is 0.1626020394932885 , total error is 0.021540441057754205
