#========================================================================================
#                     Free energy perturbation    
#----------------------------------------------------------------------------------------
#forward/backward          λ              ΔΔA                 ΔA                  δε   
#                                                 
#----------------------------------------------------------------------------------------
forward:               0.0000              0.0000              0.0000              0.0000  
forward:               0.0500              0.3329              0.3329              0.0074  
forward:               0.1000              0.2368              0.5697              0.0099  
forward:               0.1500              0.1749              0.7446              0.0109  
forward:               0.2000              0.1318              0.8764              0.0117  
forward:               0.2500              0.1203              0.9966              0.0130  
forward:               0.3000              0.0989              1.0955              0.0136  
forward:               0.3500              0.0946              1.1901              0.0140  
forward:               0.4000              0.0768              1.2669              0.0142  
forward:               0.4500              0.0651              1.3321              0.0145  
forward:               0.5000              0.0621              1.3942              0.0148  
forward:               0.5500             -0.0483              1.3459              0.0156  
forward:               0.6000             -0.2137              1.1322              0.0164  
forward:               0.6500             -0.3665              0.7657              0.0176  
forward:               0.7000             -0.5060              0.2597              0.0193  
forward:               0.7500             -0.5833             -0.3236              0.0203  
forward:               0.8000             -0.6267             -0.9503              0.0210  
forward:               0.8500             -0.6271             -1.5774              0.0214  
forward:               0.9000             -0.6002             -2.1777              0.0218  
forward:               0.9500             -0.5707             -2.7484              0.0221  
forward:               1.0000             -0.5505             -3.2988              0.0222  
backward:              1.0000              0.0000             -3.2988              0.0000  
backward:              0.9500              0.5501             -2.7488              0.0038  
backward:              0.9000              0.5744             -2.1744              0.0060  
backward:              0.8500              0.6031             -1.5713              0.0075  
backward:              0.8000              0.6191             -0.9522              0.0088  
backward:              0.7500              0.6254             -0.3268              0.0105  
backward:              0.7000              0.5841              0.2573              0.0125  
backward:              0.6500              0.4965              0.7538              0.0145  
backward:              0.6000              0.3698              1.1236              0.0157  
backward:              0.5500              0.2155              1.3391              0.0165  
backward:              0.5000              0.0264              1.3655              0.0232  
backward:              0.4500             -0.0566              1.3089              0.0235  
backward:              0.4000             -0.0675              1.2414              0.0238  
backward:              0.3500             -0.0701              1.1713              0.0240  
backward:              0.3000             -0.0920              1.0793              0.0244  
backward:              0.2500             -0.0997              0.9796              0.0248  
backward:              0.2000             -0.1196              0.8600              0.0252  
backward:              0.1500             -0.1437              0.7163              0.0257  
backward:              0.1000             -0.1678              0.5485              0.0264  
backward:              0.0500             -0.2136              0.3349              0.0273  
backward:              0.0000             -0.3659             -0.0310              0.0318  
Inaccuracy estimation
======================================================================================================
                   i        i+δi          P0_overlap_P1   δε(forward)/ε   δε(backward)/ε
======================================================================================================
inaccuracy:  0.00000        0.05000           70.40           -0.00            0.26
inaccuracy:  0.05000        0.10000           73.01           -0.00            0.19
inaccuracy:  0.10000        0.15000           77.34           -0.00            0.12
inaccuracy:  0.15000        0.20000           81.58           -0.00            0.09
inaccuracy:  0.20000        0.25000           80.40           -0.00            0.08
inaccuracy:  0.25000        0.30000           80.83           -0.00            0.07
inaccuracy:  0.30000        0.35000           81.50           -0.00            0.07
inaccuracy:  0.35000        0.40000           81.49           -0.00            0.06
inaccuracy:  0.40000        0.45000           83.05           -0.00            0.06
inaccuracy:  0.45000        0.50000           81.85           -0.00            0.06
inaccuracy:  0.50000        0.55000           73.60           -0.05            0.10
inaccuracy:  0.55000        0.60000           73.88           -0.06            0.07
inaccuracy:  0.60000        0.65000           72.64           -0.08            0.05
inaccuracy:  0.65000        0.70000           73.63           -0.07            0.05
inaccuracy:  0.70000        0.75000           72.17           -0.06            0.04
inaccuracy:  0.75000        0.80000           73.86           -0.06            0.04
inaccuracy:  0.80000        0.85000           73.77           -0.05            0.05
inaccuracy:  0.85000        0.90000           72.84           -0.06            0.06
inaccuracy:  0.90000        0.95000           72.12           -0.05            0.06
inaccuracy:  0.95000        1.00000           72.52           -0.05            0.07
===================================================================================================================================
                BAR        
-----------------------------------------------------------------------------------------------------------------------------------
BAR-estimator:         λ             λ+δλ          ΔΔA             ΔA            C               Δδe            δe       
                          
-----------------------------------------------------------------------------------------------------------------------------------
BAR-estimator:      0.00000        0.05000        0.3378         0.3378         0.3378         0.0059         0.0059 
BAR-estimator:      0.05000        0.10000        0.2302         0.5680         0.2302         0.0045         0.0074 
BAR-estimator:      0.10000        0.15000        0.1726         0.7406         0.1726         0.0031         0.0080 
BAR-estimator:      0.15000        0.20000        0.1367         0.8773         0.1367         0.0030         0.0086 
BAR-estimator:      0.20000        0.25000        0.1205         0.9979         0.1205         0.0030         0.0091 
BAR-estimator:      0.25000        0.30000        0.0975         1.0953         0.0975         0.0032         0.0096 
BAR-estimator:      0.30000        0.35000        0.0938         1.1892         0.0938         0.0022         0.0099 
BAR-estimator:      0.35000        0.40000        0.0752         1.2643         0.0752         0.0021         0.0101 
BAR-estimator:      0.40000        0.45000        0.0664         1.3308         0.0664         0.0023         0.0104 
BAR-estimator:      0.45000        0.50000        0.0596         1.3904         0.0596         0.0022         0.0106 
BAR-estimator:      0.50000        0.55000       -0.0451         1.3453        -0.0451         0.0031         0.0110 
BAR-estimator:      0.55000        0.60000       -0.2136         1.1317        -0.2136         0.0033         0.0115 
BAR-estimator:      0.60000        0.65000       -0.3701         0.7616        -0.3701         0.0037         0.0121 
BAR-estimator:      0.65000        0.70000       -0.4997         0.2619        -0.4997         0.0045         0.0129 
BAR-estimator:      0.70000        0.75000       -0.5826        -0.3207        -0.5826         0.0039         0.0135 
BAR-estimator:      0.75000        0.80000       -0.6250        -0.9457        -0.6250         0.0035         0.0139 
BAR-estimator:      0.80000        0.85000       -0.6206        -1.5664        -0.6206         0.0034         0.0143 
BAR-estimator:      0.85000        0.90000       -0.6010        -2.1673        -0.6010         0.0032         0.0147 
BAR-estimator:      0.90000        0.95000       -0.5702        -2.7376        -0.5702         0.0030         0.0150 
BAR-estimator:      0.95000        1.00000       -0.5494        -3.2869        -0.5494         0.0032         0.0153 
BAR-estimator: total free energy change is -3.286928953983514 , total error is 0.015331514294591685
