#========================================================================================
#                     Free energy perturbation    
#----------------------------------------------------------------------------------------
#forward/backward          λ              ΔΔA                 ΔA                  δε   
#                                                 
#----------------------------------------------------------------------------------------
forward:               0.0000              0.0000              0.0000              0.0000  
forward:               0.0500              1.1698              1.1698              0.0175  
forward:               0.1000              0.6320              1.8018              0.0205  
forward:               0.1500              0.3557              2.1575              0.0217  
forward:               0.2000              0.2132              2.3707              0.0225  
forward:               0.2500              0.1194              2.4901              0.0234  
forward:               0.3000              0.0787              2.5688              0.0239  
forward:               0.3500              0.0342              2.6030              0.0244  
forward:               0.4000             -0.0007              2.6023              0.0248  
forward:               0.4500             -0.0275              2.5748              0.0250  
forward:               0.5000             -0.0340              2.5409              0.0253  
forward:               0.5500             -0.0620              2.4788              0.0256  
forward:               0.6000             -0.1049              2.3739              0.0258  
forward:               0.6500             -0.1399              2.2340              0.0261  
forward:               0.7000             -0.1590              2.0751              0.0262  
forward:               0.7500             -0.1903              1.8848              0.0265  
forward:               0.8000             -0.2051              1.6797              0.0266  
forward:               0.8500             -0.2121              1.4676              0.0268  
forward:               0.9000             -0.2301              1.2375              0.0270  
forward:               0.9500             -0.2347              1.0028              0.0271  
forward:               1.0000             -0.2392              0.7635              0.0273  
backward:              1.0000              0.0000              0.7635              0.0000  
backward:              0.9500              0.2311              0.9947              0.0039  
backward:              0.9000              0.2244              1.2191              0.0057  
backward:              0.8500              0.2189              1.4379              0.0071  
backward:              0.8000              0.2105              1.6484              0.0082  
backward:              0.7500              0.1926              1.8410              0.0092  
backward:              0.7000              0.1797              2.0207              0.0100  
backward:              0.6500              0.1605              2.1812              0.0109  
backward:              0.6000              0.1406              2.3218              0.0118  
backward:              0.5500              0.1076              2.4293              0.0126  
backward:              0.5000              0.0666              2.4959              0.0134  
backward:              0.4500              0.0346              2.5305              0.0143  
backward:              0.4000              0.0232              2.5537              0.0149  
backward:              0.3500             -0.0020              2.5516              0.0157  
backward:              0.3000             -0.0215              2.5301              0.0169  
backward:              0.2500             -0.0705              2.4596              0.0181  
backward:              0.2000             -0.1331              2.3264              0.0198  
backward:              0.1500             -0.2137              2.1128              0.0217  
backward:              0.1000             -0.3689              1.7439              0.0242  
backward:              0.0500             -0.6570              1.0869              0.0385  
backward:              0.0000             -1.1510             -0.0641              0.0490  
Inaccuracy estimation
======================================================================================================
                   i        i+δi          P0_overlap_P1   δε(forward)/ε   δε(backward)/ε
======================================================================================================
inaccuracy:  0.00000        0.05000           41.81           -0.04            1.48
inaccuracy:  0.05000        0.10000           54.64           -0.03            0.66
inaccuracy:  0.10000        0.15000           63.94           -0.02            0.35
inaccuracy:  0.15000        0.20000           68.03           -0.01            0.22
inaccuracy:  0.20000        0.25000           71.83           -0.01            0.17
inaccuracy:  0.25000        0.30000           71.66           -0.01            0.14
inaccuracy:  0.30000        0.35000           72.75           -0.01            0.12
inaccuracy:  0.35000        0.40000           75.89           -0.01            0.11
inaccuracy:  0.40000        0.45000           75.94           -0.01            0.09
inaccuracy:  0.45000        0.50000           75.37           -0.01            0.09
inaccuracy:  0.50000        0.55000           74.56           -0.02            0.10
inaccuracy:  0.55000        0.60000           74.98           -0.02            0.09
inaccuracy:  0.60000        0.65000           75.54           -0.02            0.08
inaccuracy:  0.65000        0.70000           75.43           -0.02            0.08
inaccuracy:  0.70000        0.75000           77.02           -0.02            0.07
inaccuracy:  0.75000        0.80000           76.53           -0.02            0.07
inaccuracy:  0.80000        0.85000           75.73           -0.02            0.07
inaccuracy:  0.85000        0.90000           76.44           -0.02            0.07
inaccuracy:  0.90000        0.95000           76.38           -0.02            0.07
inaccuracy:  0.95000        1.00000           76.05           -0.02            0.07
===================================================================================================================================
                BAR        
-----------------------------------------------------------------------------------------------------------------------------------
BAR-estimator:         λ             λ+δλ          ΔΔA             ΔA            C               Δδe            δe       
                          
-----------------------------------------------------------------------------------------------------------------------------------
BAR-estimator:      0.00000        0.05000        1.1653         1.1653         1.1653         0.0089         0.0089 
BAR-estimator:      0.05000        0.10000        0.6363         1.8016         0.6363         0.0066         0.0111 
BAR-estimator:      0.10000        0.15000        0.3633         2.1649         0.3633         0.0050         0.0122 
BAR-estimator:      0.15000        0.20000        0.2150         2.3798         0.2150         0.0046         0.0130 
BAR-estimator:      0.20000        0.25000        0.1252         2.5050         0.1252         0.0040         0.0136 
BAR-estimator:      0.25000        0.30000        0.0734         2.5784         0.0734         0.0035         0.0141 
BAR-estimator:      0.30000        0.35000        0.0284         2.6069         0.0284         0.0029         0.0144 
BAR-estimator:      0.35000        0.40000        0.0020         2.6089         0.0020         0.0028         0.0146 
BAR-estimator:      0.40000        0.45000       -0.0260         2.5830        -0.0260         0.0025         0.0148 
BAR-estimator:      0.45000        0.50000       -0.0357         2.5473        -0.0357         0.0026         0.0151 
BAR-estimator:      0.50000        0.55000       -0.0624         2.4849        -0.0624         0.0027         0.0153 
BAR-estimator:      0.55000        0.60000       -0.1043         2.3806        -0.1043         0.0028         0.0156 
BAR-estimator:      0.60000        0.65000       -0.1400         2.2406        -0.1400         0.0025         0.0158 
BAR-estimator:      0.65000        0.70000       -0.1599         2.0807        -0.1599         0.0026         0.0160 
BAR-estimator:      0.70000        0.75000       -0.1858         1.8950        -0.1858         0.0027         0.0162 
BAR-estimator:      0.75000        0.80000       -0.2000         1.6950        -0.2000         0.0029         0.0164 
BAR-estimator:      0.80000        0.85000       -0.2121         1.4829        -0.2121         0.0025         0.0166 
BAR-estimator:      0.85000        0.90000       -0.2265         1.2565        -0.2265         0.0025         0.0168 
BAR-estimator:      0.90000        0.95000       -0.2319         1.0246        -0.2319         0.0026         0.0170 
BAR-estimator:      0.95000        1.00000       -0.2361         0.7885        -0.2361         0.0025         0.0172 
BAR-estimator: total free energy change is 0.7884541964726474 , total error is 0.017210406632331046
