#========================================================================================
#                     Free energy perturbation    
#----------------------------------------------------------------------------------------
#forward/backward          λ              ΔΔA                 ΔA                  δε   
#                                                 
#----------------------------------------------------------------------------------------
forward:               0.0000              0.0000              0.0000              0.0000  
forward:               0.0500              0.8646              0.8646              0.0095  
forward:               0.1000              0.5635              1.4281              0.0132  
forward:               0.1500              0.3713              1.7994              0.0151  
forward:               0.2000              0.2655              2.0649              0.0162  
forward:               0.2500              0.1860              2.2508              0.0170  
forward:               0.3000              0.1497              2.4005              0.0178  
forward:               0.3500              0.1153              2.5158              0.0182  
forward:               0.4000              0.0973              2.6131              0.0187  
forward:               0.4500              0.0755              2.6887              0.0190  
forward:               0.5000              0.0559              2.7445              0.0194  
forward:               0.5500              0.0436              2.7882              0.0197  
forward:               0.6000              0.0157              2.8039              0.0202  
forward:               0.6500             -0.0070              2.7969              0.0205  
forward:               0.7000             -0.0264              2.7704              0.0208  
forward:               0.7500             -0.0440              2.7264              0.0211  
forward:               0.8000             -0.0527              2.6737              0.0213  
forward:               0.8500             -0.0604              2.6133              0.0215  
forward:               0.9000             -0.0669              2.5464              0.0217  
forward:               0.9500             -0.0762              2.4701              0.0221  
forward:               1.0000             -0.0761              2.3940              0.0224  
backward:              1.0000              0.0000              2.3940              0.0000  
backward:              0.9500              0.0742              2.4682              0.0036  
backward:              0.9000              0.0705              2.5387              0.0052  
backward:              0.8500              0.0640              2.6027              0.0066  
backward:              0.8000              0.0609              2.6636              0.0075  
backward:              0.7500              0.0461              2.7097              0.0085  
backward:              0.7000              0.0463              2.7560              0.0094  
backward:              0.6500              0.0272              2.7832              0.0102  
backward:              0.6000              0.0101              2.7932              0.0110  
backward:              0.5500             -0.0177              2.7755              0.0117  
backward:              0.5000             -0.0533              2.7222              0.0127  
backward:              0.4500             -0.0613              2.6609              0.0132  
backward:              0.4000             -0.0759              2.5850              0.0140  
backward:              0.3500             -0.0914              2.4936              0.0150  
backward:              0.3000             -0.1136              2.3800              0.0157  
backward:              0.2500             -0.1486              2.2313              0.0167  
backward:              0.2000             -0.1914              2.0400              0.0179  
backward:              0.1500             -0.2701              1.7699              0.0197  
backward:              0.1000             -0.3883              1.3816              0.0233  
backward:              0.0500             -0.5515              0.8301              0.0259  
backward:              0.0000             -0.8754             -0.0452              0.0308  
Inaccuracy estimation
======================================================================================================
                   i        i+δi          P0_overlap_P1   δε(forward)/ε   δε(backward)/ε
======================================================================================================
inaccuracy:  0.00000        0.05000           52.57           -0.02            0.71
inaccuracy:  0.05000        0.10000           59.99           -0.01            0.50
inaccuracy:  0.10000        0.15000           66.90           -0.00            0.29
inaccuracy:  0.15000        0.20000           70.10           -0.00            0.21
inaccuracy:  0.20000        0.25000           73.27           -0.01            0.15
inaccuracy:  0.25000        0.30000           74.08           -0.01            0.13
inaccuracy:  0.30000        0.35000           75.92           -0.00            0.11
inaccuracy:  0.35000        0.40000           75.26           -0.00            0.11
inaccuracy:  0.40000        0.45000           76.57           -0.01            0.09
inaccuracy:  0.45000        0.50000           77.51           -0.01            0.09
inaccuracy:  0.50000        0.55000           77.29           -0.01            0.09
inaccuracy:  0.55000        0.60000           77.41           -0.01            0.09
inaccuracy:  0.60000        0.65000           76.94           -0.01            0.08
inaccuracy:  0.65000        0.70000           77.59           -0.01            0.08
inaccuracy:  0.70000        0.75000           77.69           -0.01            0.08
inaccuracy:  0.75000        0.80000           77.78           -0.01            0.07
inaccuracy:  0.80000        0.85000           77.63           -0.01            0.07
inaccuracy:  0.85000        0.90000           77.18           -0.01            0.08
inaccuracy:  0.90000        0.95000           78.04           -0.02            0.07
inaccuracy:  0.95000        1.00000           77.63           -0.02            0.08
===================================================================================================================================
                BAR        
-----------------------------------------------------------------------------------------------------------------------------------
BAR-estimator:         λ             λ+δλ          ΔΔA             ΔA            C               Δδe            δe       
                          
-----------------------------------------------------------------------------------------------------------------------------------
BAR-estimator:      0.00000        0.05000        0.8663         0.8663         0.8663         0.0061         0.0061 
BAR-estimator:      0.05000        0.10000        0.5663         1.4326         0.5663         0.0059         0.0085 
BAR-estimator:      0.10000        0.15000        0.3754         1.8080         0.3754         0.0050         0.0099 
BAR-estimator:      0.15000        0.20000        0.2665         2.0745         0.2665         0.0040         0.0107 
BAR-estimator:      0.20000        0.25000        0.1864         2.2609         0.1864         0.0036         0.0113 
BAR-estimator:      0.25000        0.30000        0.1491         2.4100         0.1491         0.0034         0.0117 
BAR-estimator:      0.30000        0.35000        0.1156         2.5256         0.1156         0.0030         0.0121 
BAR-estimator:      0.35000        0.40000        0.0949         2.6206         0.0949         0.0029         0.0125 
BAR-estimator:      0.40000        0.45000        0.0749         2.6955         0.0749         0.0024         0.0127 
BAR-estimator:      0.45000        0.50000        0.0575         2.7530         0.0575         0.0026         0.0130 
BAR-estimator:      0.50000        0.55000        0.0472         2.8002         0.0472         0.0027         0.0133 
BAR-estimator:      0.55000        0.60000        0.0177         2.8178         0.0177         0.0032         0.0136 
BAR-estimator:      0.60000        0.65000       -0.0084         2.8094        -0.0084         0.0028         0.0139 
BAR-estimator:      0.65000        0.70000       -0.0268         2.7827        -0.0268         0.0026         0.0142 
BAR-estimator:      0.70000        0.75000       -0.0440         2.7387        -0.0440         0.0027         0.0144 
BAR-estimator:      0.75000        0.80000       -0.0530         2.6857        -0.0530         0.0025         0.0146 
BAR-estimator:      0.80000        0.85000       -0.0595         2.6262        -0.0595         0.0025         0.0149 
BAR-estimator:      0.85000        0.90000       -0.0655         2.5607        -0.0655         0.0024         0.0150 
BAR-estimator:      0.90000        0.95000       -0.0743         2.4863        -0.0743         0.0020         0.0152 
BAR-estimator:      0.95000        1.00000       -0.0753         2.4111        -0.0753         0.0023         0.0154 
BAR-estimator: total free energy change is 2.4110522287667493 , total error is 0.01535875542936856
