#========================================================================================
#                     Free energy perturbation    
#----------------------------------------------------------------------------------------
#forward/backward          λ              ΔΔA                 ΔA                  δε   
#                                                 
#----------------------------------------------------------------------------------------
forward:               0.0000              0.0000              0.0000              0.0000  
forward:               0.0500              2.0632              2.0632              0.0301  
forward:               0.1000              0.9755              3.0387              0.0381  
forward:               0.1500              0.4632              3.5018              0.0395  
forward:               0.2000              0.2275              3.7294              0.0402  
forward:               0.2500              0.0952              3.8246              0.0407  
forward:               0.3000              0.0097              3.8342              0.0410  
forward:               0.3500             -0.0392              3.7950              0.0413  
forward:               0.4000             -0.0801              3.7149              0.0415  
forward:               0.4500             -0.1112              3.6038              0.0417  
forward:               0.5000             -0.1291              3.4747              0.0418  
forward:               0.5500             -0.2354              3.2393              0.0421  
forward:               0.6000             -0.3750              2.8643              0.0423  
forward:               0.6500             -0.4792              2.3851              0.0425  
forward:               0.7000             -0.5544              1.8307              0.0427  
forward:               0.7500             -0.6398              1.1909              0.0429  
forward:               0.8000             -0.6713              0.5196              0.0431  
forward:               0.8500             -0.7039             -0.1843              0.0439  
forward:               0.9000             -0.7666             -0.9509              0.0473  
forward:               0.9500             -0.7934             -1.7443              0.0632  
forward:               1.0000             -0.8827             -2.6270              0.0719  
backward:              1.0000              0.0000             -2.6270              0.0000  
backward:              0.9500              0.9152             -1.7118              0.0314  
backward:              0.9000              0.7757             -0.9360              0.0318  
backward:              0.8500              0.7306             -0.2054              0.0345  
backward:              0.8000              0.6927              0.4873              0.0349  
backward:              0.7500              0.6830              1.1703              0.0354  
backward:              0.7000              0.6265              1.7968              0.0357  
backward:              0.6500              0.5595              2.3563              0.0360  
backward:              0.6000              0.4783              2.8347              0.0364  
backward:              0.5500              0.3746              3.2093              0.0367  
backward:              0.5000              0.2233              3.4326              0.0371  
backward:              0.4500              0.1350              3.5675              0.0374  
backward:              0.4000              0.1125              3.6801              0.0377  
backward:              0.3500              0.0837              3.7638              0.0381  
backward:              0.3000              0.0363              3.8000              0.0388  
backward:              0.2500             -0.0149              3.7851              0.0393  
backward:              0.2000             -0.0955              3.6896              0.0402  
backward:              0.1500             -0.2118              3.4778              0.0412  
backward:              0.1000             -0.4953              2.9825              0.0447  
backward:              0.0500             -0.9869              1.9956              0.0510  
backward:              0.0000             -1.9265              0.0691              0.0657  
Inaccuracy estimation
======================================================================================================
                   i        i+δi          P0_overlap_P1   δε(forward)/ε   δε(backward)/ε
======================================================================================================
inaccuracy:  0.00000        0.05000           27.63           -0.02            3.40
inaccuracy:  0.05000        0.10000           44.98           -0.04            1.13
inaccuracy:  0.10000        0.15000           57.91           -0.02            0.52
inaccuracy:  0.15000        0.20000           63.99           -0.02            0.29
inaccuracy:  0.20000        0.25000           68.88           -0.01            0.19
inaccuracy:  0.25000        0.30000           72.19           -0.02            0.14
inaccuracy:  0.30000        0.35000           72.86           -0.02            0.12
inaccuracy:  0.35000        0.40000           74.40           -0.02            0.10
inaccuracy:  0.40000        0.45000           74.91           -0.01            0.09
inaccuracy:  0.45000        0.50000           74.82           -0.01            0.08
inaccuracy:  0.50000        0.55000           70.45           -0.05            0.10
inaccuracy:  0.55000        0.60000           72.11           -0.06            0.08
inaccuracy:  0.60000        0.65000           71.52           -0.06            0.07
inaccuracy:  0.65000        0.70000           71.17           -0.06            0.06
inaccuracy:  0.70000        0.75000           73.15           -0.07            0.05
inaccuracy:  0.75000        0.80000           71.36           -0.09            0.05
inaccuracy:  0.80000        0.85000           71.10           -0.07            0.05
inaccuracy:  0.85000        0.90000           70.89           -0.09            0.05
inaccuracy:  0.90000        0.95000           67.95           -0.12            0.06
inaccuracy:  0.95000        1.00000           61.93           -0.22            0.06
===================================================================================================================================
                BAR        
-----------------------------------------------------------------------------------------------------------------------------------
BAR-estimator:         λ             λ+δλ          ΔΔA             ΔA            C               Δδe            δe       
                          
-----------------------------------------------------------------------------------------------------------------------------------
BAR-estimator:      0.00000        0.05000        2.0736         2.0736         2.0736         0.0385         0.0385 
BAR-estimator:      0.05000        0.10000        0.9721         3.0457         0.9721         0.0234         0.0451 
BAR-estimator:      0.10000        0.15000        0.4755         3.5213         0.4755         0.0107         0.0463 
BAR-estimator:      0.15000        0.20000        0.2254         3.7467         0.2254         0.0048         0.0466 
BAR-estimator:      0.20000        0.25000        0.0941         3.8407         0.0941         0.0048         0.0468 
BAR-estimator:      0.25000        0.30000        0.0134         3.8541         0.0134         0.0037         0.0470 
BAR-estimator:      0.30000        0.35000       -0.0403         3.8138        -0.0403         0.0028         0.0470 
BAR-estimator:      0.35000        0.40000       -0.0813         3.7325        -0.0813         0.0032         0.0471 
BAR-estimator:      0.40000        0.45000       -0.1131         3.6193        -0.1131         0.0027         0.0472 
BAR-estimator:      0.45000        0.50000       -0.1318         3.4875        -0.1318         0.0023         0.0473 
BAR-estimator:      0.50000        0.55000       -0.2316         3.2559        -0.2316         0.0027         0.0474 
BAR-estimator:      0.55000        0.60000       -0.3748         2.8811        -0.3748         0.0031         0.0475 
BAR-estimator:      0.60000        0.65000       -0.4785         2.4026        -0.4785         0.0031         0.0476 
BAR-estimator:      0.65000        0.70000       -0.5567         1.8459        -0.5567         0.0028         0.0476 
BAR-estimator:      0.70000        0.75000       -0.6340         1.2119        -0.6340         0.0032         0.0478 
BAR-estimator:      0.75000        0.80000       -0.6756         0.5363        -0.6756         0.0030         0.0478 
BAR-estimator:      0.80000        0.85000       -0.6976        -0.1613        -0.6976         0.0039         0.0480 
BAR-estimator:      0.85000        0.90000       -0.7460        -0.9072        -0.7460         0.0069         0.0485 
BAR-estimator:      0.90000        0.95000       -0.7812        -1.6884        -0.7812         0.0153         0.0509 
BAR-estimator:      0.95000        1.00000       -0.9066        -2.5950        -0.9066         0.0138         0.0527 
BAR-estimator: total free energy change is -2.5949996635529327 , total error is 0.05268945710308751
