#========================================================================================
#                     Free energy perturbation    
#----------------------------------------------------------------------------------------
#forward/backward          λ              ΔΔA                 ΔA                  δε   
#                                                 
#----------------------------------------------------------------------------------------
forward:               0.0000              0.0000              0.0000              0.0000  
forward:               0.0500              1.4620              1.4620              0.0183  
forward:               0.1000              0.7821              2.2441              0.0226  
forward:               0.1500              0.3936              2.6377              0.0241  
forward:               0.2000              0.2120              2.8496              0.0250  
forward:               0.2500              0.1035              2.9531              0.0255  
forward:               0.3000              0.0348              2.9879              0.0260  
forward:               0.3500             -0.0016              2.9864              0.0264  
forward:               0.4000             -0.0419              2.9444              0.0268  
forward:               0.4500             -0.0663              2.8781              0.0270  
forward:               0.5000             -0.0913              2.7869              0.0273  
forward:               0.5500             -0.2427              2.5442              0.0278  
forward:               0.6000             -0.5086              2.0356              0.0283  
forward:               0.6500             -0.7443              1.2913              0.0288  
forward:               0.7000             -0.9266              0.3647              0.0293  
forward:               0.7500             -1.0799             -0.7152              0.0298  
forward:               0.8000             -1.1786             -1.8938              0.0302  
forward:               0.8500             -1.2228             -3.1167              0.0305  
forward:               0.9000             -1.2461             -4.3628              0.0308  
forward:               0.9500             -1.2544             -5.6172              0.0311  
forward:               1.0000             -1.2504             -6.8676              0.0314  
backward:              1.0000              0.0000             -6.8676              0.0000  
backward:              0.9500              1.2566             -5.6109              0.0050  
backward:              0.9000              1.2598             -4.3511              0.0076  
backward:              0.8500              1.2409             -3.1102              0.0096  
backward:              0.8000              1.2328             -1.8775              0.0110  
backward:              0.7500              1.1700             -0.7075              0.0125  
backward:              0.7000              1.0755              0.3680              0.0139  
backward:              0.6500              0.9300              1.2980              0.0153  
backward:              0.6000              0.7323              2.0303              0.0164  
backward:              0.5500              0.4982              2.5285              0.0174  
backward:              0.5000              0.2511              2.7796              0.0184  
backward:              0.4500              0.0828              2.8624              0.0190  
backward:              0.4000              0.0488              2.9112              0.0197  
backward:              0.3500              0.0402              2.9514              0.0204  
backward:              0.3000              0.0071              2.9585              0.0210  
backward:              0.2500             -0.0453              2.9132              0.0218  
backward:              0.2000             -0.1081              2.8051              0.0231  
backward:              0.1500             -0.2154              2.5897              0.0250  
backward:              0.1000             -0.3992              2.1905              0.0287  
backward:              0.0500             -0.8464              1.3441              0.0448  
backward:              0.0000             -1.4252             -0.0811              0.0514  
Inaccuracy estimation
======================================================================================================
                   i        i+δi          P0_overlap_P1   δε(forward)/ε   δε(backward)/ε
======================================================================================================
inaccuracy:  0.00000        0.05000           38.01           -0.04            1.49
inaccuracy:  0.05000        0.10000           50.76           -0.03            0.86
inaccuracy:  0.10000        0.15000           59.82           -0.01            0.44
inaccuracy:  0.15000        0.20000           66.29           -0.01            0.26
inaccuracy:  0.20000        0.25000           70.75           -0.01            0.20
inaccuracy:  0.25000        0.30000           73.37           -0.02            0.14
inaccuracy:  0.30000        0.35000           73.13           -0.01            0.12
inaccuracy:  0.35000        0.40000           74.27           -0.01            0.10
inaccuracy:  0.40000        0.45000           76.48           -0.01            0.09
inaccuracy:  0.45000        0.50000           76.58           -0.01            0.08
inaccuracy:  0.50000        0.55000           65.00           -0.09            0.13
inaccuracy:  0.55000        0.60000           66.86           -0.11            0.09
inaccuracy:  0.60000        0.65000           67.41           -0.10            0.06
inaccuracy:  0.65000        0.70000           66.15           -0.12            0.04
inaccuracy:  0.70000        0.75000           66.64           -0.12            0.03
inaccuracy:  0.75000        0.80000           68.13           -0.13            0.02
inaccuracy:  0.80000        0.85000           66.47           -0.13            0.02
inaccuracy:  0.85000        0.90000           67.02           -0.13            0.02
inaccuracy:  0.90000        0.95000           65.94           -0.14            0.03
inaccuracy:  0.95000        1.00000           65.79           -0.14            0.03
===================================================================================================================================
                BAR        
-----------------------------------------------------------------------------------------------------------------------------------
BAR-estimator:         λ             λ+δλ          ΔΔA             ΔA            C               Δδe            δe       
                          
-----------------------------------------------------------------------------------------------------------------------------------
BAR-estimator:      0.00000        0.05000        1.4490         1.4490         1.4490         0.0088         0.0088 
BAR-estimator:      0.05000        0.10000        0.7917         2.2406         0.7917         0.0082         0.0120 
BAR-estimator:      0.10000        0.15000        0.4007         2.6413         0.4007         0.0058         0.0134 
BAR-estimator:      0.15000        0.20000        0.2117         2.8530         0.2117         0.0046         0.0141 
BAR-estimator:      0.20000        0.25000        0.1066         2.9596         0.1066         0.0040         0.0147 
BAR-estimator:      0.25000        0.30000        0.0375         2.9972         0.0375         0.0036         0.0151 
BAR-estimator:      0.30000        0.35000       -0.0040         2.9932        -0.0040         0.0033         0.0154 
BAR-estimator:      0.35000        0.40000       -0.0419         2.9513        -0.0419         0.0031         0.0158 
BAR-estimator:      0.40000        0.45000       -0.0608         2.8905        -0.0608         0.0028         0.0160 
BAR-estimator:      0.45000        0.50000       -0.0892         2.8013        -0.0892         0.0026         0.0162 
BAR-estimator:      0.50000        0.55000       -0.2460         2.5553        -0.2460         0.0036         0.0166 
BAR-estimator:      0.55000        0.60000       -0.5061         2.0492        -0.5061         0.0027         0.0168 
BAR-estimator:      0.60000        0.65000       -0.7382         1.3109        -0.7382         0.0035         0.0172 
BAR-estimator:      0.65000        0.70000       -0.9271         0.3839        -0.9271         0.0041         0.0177 
BAR-estimator:      0.70000        0.75000       -1.0770        -0.6931        -1.0770         0.0035         0.0180 
BAR-estimator:      0.75000        0.80000       -1.1753        -1.8684        -1.1753         0.0037         0.0184 
BAR-estimator:      0.80000        0.85000       -1.2273        -3.0956        -1.2273         0.0035         0.0187 
BAR-estimator:      0.85000        0.90000       -1.2465        -4.3422        -1.2465         0.0034         0.0190 
BAR-estimator:      0.90000        0.95000       -1.2570        -5.5992        -1.2570         0.0036         0.0194 
BAR-estimator:      0.95000        1.00000       -1.2545        -6.8537        -1.2545         0.0036         0.0197 
BAR-estimator: total free energy change is -6.853689353564491 , total error is 0.019720022698419354
