2025-04-09 02:59:31,567 -   censo.qm_processor   -   INFO   - worker217864:Running sp calculation in /home/michael/Documents/CHEM4561/automated/1787/0_PRESCREENING/CONF1/sp.
2025-04-09 02:59:32,090 -     censo.parallel     -   INFO   - All jobs executed successfully.
2025-04-09 02:59:32,109 -   censo.qm_processor   -   INFO   - worker217966:Running sp calculation in /home/michael/Documents/CHEM4561/automated/1787/1_SCREENING/CONF1/sp.
2025-04-09 02:59:33,553 -     censo.parallel     -   INFO   - All jobs executed successfully.
2025-04-09 02:59:33,571 -   censo.qm_processor   -   INFO   - worker218069:Running xtb_opt calculation in /home/michael/Documents/CHEM4561/automated/1787/2_OPTIMIZATION/CONF1/xtb_opt.
2025-04-09 02:59:40,269 -     censo.parallel     -   INFO   - All jobs executed successfully.
2025-04-09 02:59:40,285 -   censo.qm_processor   -   INFO   - worker218235:Running xtb_rrho calculation in /home/michael/Documents/CHEM4561/automated/1787/2_OPTIMIZATION/CONF1/xtb_rrho.
2025-04-09 02:59:40,340 -     censo.parallel     -   INFO   - All jobs executed successfully.
2025-04-09 02:59:40,359 -   censo.qm_processor   -   INFO   - worker218330:Running sp calculation in /home/michael/Documents/CHEM4561/automated/1787/3_REFINEMENT/CONF1/sp.
2025-04-09 02:59:46,987 -     censo.parallel     -   INFO   - All jobs executed successfully.
2025-04-09 02:59:47,072 -   censo.qm_processor   -   INFO   - worker218476:Running sp calculation in /home/michael/Documents/CHEM4561/automated/1787/0_PRESCREENING/CONF1/sp.
2025-04-09 02:59:47,388 -     censo.parallel     -   INFO   - All jobs executed successfully.
2025-04-09 02:59:47,405 -   censo.qm_processor   -   INFO   - worker218577:Running sp calculation in /home/michael/Documents/CHEM4561/automated/1787/1_SCREENING/CONF1/sp.
2025-04-09 02:59:48,900 -     censo.parallel     -   INFO   - All jobs executed successfully.
2025-04-09 02:59:48,919 -   censo.qm_processor   -   INFO   - worker218679:Running xtb_opt calculation in /home/michael/Documents/CHEM4561/automated/1787/2_OPTIMIZATION/CONF1/xtb_opt.
2025-04-09 02:59:55,645 -     censo.parallel     -   INFO   - All jobs executed successfully.
2025-04-09 02:59:55,661 -   censo.qm_processor   -   INFO   - worker218908:Running xtb_rrho calculation in /home/michael/Documents/CHEM4561/automated/1787/2_OPTIMIZATION/CONF1/xtb_rrho.
2025-04-09 02:59:55,717 -     censo.parallel     -   INFO   - All jobs executed successfully.
2025-04-09 02:59:55,734 -   censo.qm_processor   -   INFO   - worker219002:Running sp calculation in /home/michael/Documents/CHEM4561/automated/1787/3_REFINEMENT/CONF1/sp.
2025-04-09 03:00:02,340 -     censo.parallel     -   INFO   - All jobs executed successfully.
