14
 energy: -20.782336403304 gnorm: 0.027908188318 xtb: 6.7.1 (41059b4)
C           -2.24576354806192        0.31322768647790        0.65021898901474
C           -1.30965043983762        0.49855662877011       -0.55212867372932
C            0.00855339697228       -0.18327494629992       -0.28725897718993
O            0.19155625586380       -1.37770404711177       -0.32533510113031
O            0.97211106702979        0.70992232905739        0.04865016593815
C            2.24976750533604        0.12414162050965        0.37801781110982
H           -1.82882356758046        0.78459401284468        1.54479594265854
H           -3.21837629190714        0.76848482219892        0.44695301785601
H           -2.39648834415312       -0.74926919582480        0.85683261357196
H           -1.14886463881133        1.55980889354198       -0.75614809778583
H           -1.74678845278710        0.02873168306787       -1.43802746625490
H            2.63740281297860       -0.44530093199730       -0.47044999968723
H            2.15134828615034       -0.54166319226098        1.23939196438249
H            2.90399046268791        0.96388787286558        0.61151970637333
14
 energy: -20.783064108889 gnorm: 0.010316043441 xtb: 6.7.1 (41059b4)
C           -2.24203943230633        0.31373272582705        0.64621048462174
C           -1.30759041281617        0.49629548823198       -0.55093176772005
C            0.00620616174065       -0.18995513278774       -0.27131578031891
O            0.19095532833273       -1.37664813161343       -0.32005393675977
O            0.96809140508892        0.69391318956383        0.05559476574682
C            2.24344314343245        0.12878722268315        0.37571596658234
H           -1.82111001559478        0.78246196992359        1.53447970720030
H           -3.20853180109892        0.76954750292893        0.43927830043418
H           -2.39037305302650       -0.74536806435257        0.84826960217983
H           -1.13524718665200        1.55588329146265       -0.74199719950193
H           -1.75172857563532        0.03227722765597       -1.43435522393776
H            2.62472384184296       -0.43810831227268       -0.47465664565826
H            2.14846120559956       -0.53702939776341        1.23467405567657
H            2.89471389497282        0.96835365635200        0.60611956658244
14
 energy: -20.783181858145 gnorm: 0.004289114546 xtb: 6.7.1 (41059b4)
C           -2.23793691388215        0.31494584942562        0.64639496116840
C           -1.30598598190797        0.49576985424711       -0.55206123574952
C            0.00797194169015       -0.19521257861550       -0.27857179153281
O            0.18954957019070       -1.38150586569045       -0.31719446077382
O            0.96296588245713        0.68374826691252        0.05561544577147
C            2.23491996366739        0.13211107050876        0.37638519426984
H           -1.81449311116022        0.78207998696765        1.53181755945586
H           -3.20266433852511        0.77046200938149        0.44090682820712
H           -2.38567522721771       -0.74275589796724        0.84687642848075
H           -1.12464636743099        1.55374356997048       -0.73773469339351
H           -1.75532355034039        0.03626058823259       -1.43342144814440
H            2.62142316048615       -0.43238491962791       -0.47305292349133
H            2.14727707797037       -0.53600416491778        1.23413708960539
H            2.88259239788269        0.97288546701196        0.60693494125410
14
 energy: -20.783201233676 gnorm: 0.001177143449 xtb: 6.7.1 (41059b4)
C           -2.23764300136080        0.31520578007220        0.64625893463971
C           -1.30585967051906        0.49594949495833       -0.55301944096248
C            0.00619235643108       -0.19853823868985       -0.27484818880809
O            0.18784276619672       -1.38580866780820       -0.31791853845399
O            0.96027144974583        0.68046239819403        0.05681034201761
C            2.23263512313063        0.13347342938322        0.37555655994761
H           -1.81344060514419        0.78221175927209        1.53165097212161
H           -3.20224358516611        0.77139396081658        0.44104963932554
H           -2.38565085957458       -0.74271276702161        0.84689073722206
H           -1.11993143286028        1.55354626593893       -0.73633874835192
H           -1.75489800910904        0.03956331641145       -1.43586135874871
H            2.62286633655039       -0.43124980101771       -0.47291371416281
H            2.15109001529434       -0.53530761462550        1.23427182786901
H            2.87874362026513        0.97595391995535        0.60544287147240
14
 energy: -20.783204385692 gnorm: 0.000916771920 xtb: 6.7.1 (41059b4)
C           -2.23781156839530        0.31569305959242        0.64650095430665
C           -1.30609087775542        0.49540559850100       -0.55350660974143
C            0.00587472254022       -0.20096376221871       -0.27717384515773
O            0.18577494598623       -1.38910868444274       -0.32016229535182
O            0.95927120136463        0.67837234553645        0.05618058435743
C            2.23222292760411        0.13419611878336        0.37601601615904
H           -1.81226883929414        0.78294215255041        1.53176550094406
H           -3.20297865207319        0.77253456765726        0.44253033415276
H           -2.38616886951513       -0.74256636432905        0.84770519503372
H           -1.11789381999425        1.55279582083996       -0.73594082235371
H           -1.75658317645446        0.04166382322198       -1.43698096790065
H            2.62621302435866       -0.43052006106785       -0.47154548357853
H            2.15375216352872       -0.53494564260417        1.23546484523518
H            2.87666132197937        0.97864426381899        0.60617848902256
14
 energy: -20.783204909885 gnorm: 0.000123253142 xtb: 6.7.1 (41059b4)
C           -2.23754022510993        0.31565686812851        0.64655344401767
C           -1.30609602299769        0.49533138464904       -0.55342719112816
C            0.00578237473530       -0.20121969890566       -0.27732976241837
O            0.18555364254854       -1.38899825293013       -0.32098978184483
O            0.95939495798972        0.67809043964881        0.05604225934662
C            2.23244699417847        0.13408385092846        0.37615420351607
H           -1.81226550142613        0.78303285676971        1.53175030267167
H           -3.20253129353222        0.77248045172914        0.44234890833265
H           -2.38619027818286       -0.74239450568875        0.84802103446465
H           -1.11800569869867        1.55276345275122       -0.73585666086204
H           -1.75683196994323        0.04160555485826       -1.43680340379885
H            2.62635133743685       -0.43041521994072       -0.47138173043768
H            2.15340031376728       -0.53462129815124        1.23568328472367
H            2.87650587311462        0.97874735199264        0.60626698854447
14
 energy: -20.783204973343 gnorm: 0.000038288450 xtb: 6.7.1 (41059b4)
C           -2.23734387234296        0.31577124225651        0.64663515623020
C           -1.30613026514603        0.49524811059397       -0.55347753215760
C            0.00571599097590       -0.20153275578450       -0.27764061128479
O            0.18558720233660       -1.38922991838870       -0.32185988166519
O            0.95920004012917        0.67783739229761        0.05604281904679
C            2.23233787950561        0.13407941189351        0.37631921186462
H           -1.81190446466829        0.78324420266862        1.53166515670458
H           -3.20235085394590        0.77255780518021        0.44250197667650
H           -2.38594602409183       -0.74222662905528        0.84826534088686
H           -1.11792232534298        1.55265388440960       -0.73588894375410
H           -1.75710783264527        0.04158922544041       -1.43675428464159
H            2.62648835049394       -0.43027112777091       -0.47112446978701
H            2.15327018587745       -0.53450510742404        1.23587950119809
H            2.87608049274464        0.97892749952230        0.60646845581019
