14
 energy: -399.625638374369 gnorm: 0.036962712592 xtb: 6.7.1 (41059b4)
C           -0.73522059412580       -1.81677028160506        0.00001704910001
C            0.59309588206282       -1.42966842503352        0.00002372430001
C            0.90437891070075       -0.07143845693166       -0.00005751460003
C           -0.10623914044708        0.88906059499397       -0.00000893270000
C           -1.43415170193551        0.48677786071570       -0.00000348260000
C           -1.74451225037304       -0.87310954128690       -0.00002669410001
O           -2.45782274708913        1.37493251950927        0.00004812210002
C            2.25580405589961        0.34570511655319       -0.00002253060001
N            3.34953503238427        0.68892353620528        0.00003291660001
H           -0.98724341293747       -2.86621607647010       -0.00001300560001
H            1.38590336251413       -2.16169435615790        0.00006187250003
H            0.15103831406693        1.94024277675977        0.00003705250002
H           -2.78302060173323       -1.16274175111524       -0.00004760770002
H           -2.11946040573919        2.27882573790981       -0.00032558390014
14
 energy: -399.626333414730 gnorm: 0.009399549518 xtb: 6.7.1 (41059b4)
C           -0.73862306177436       -1.81757508638492       -0.00000029057490
C            0.59574969598310       -1.43376279887738        0.00000901801959
C            0.90771593206266       -0.07125495250006        0.00000908184828
C           -0.10509762864644        0.89348567705955       -0.00000706048525
C           -1.43574750471048        0.48845613548392       -0.00001758752486
C           -1.75252291593018       -0.87146033706378       -0.00001995582803
O           -2.46726383796502        1.37273389146823        0.00001061537536
C            2.26599396286863        0.34757996733410        0.00002849169957
N            3.37268472046956        0.69437134038686       -0.00000937244710
H           -0.99309172287434       -2.87072964744354        0.00000596947570
H            1.39082717135944       -2.16817641397156        0.00003241808967
H            0.15504020826517        1.94708291232020        0.00001473835944
H           -2.79580425952274       -1.16307065726549       -0.00004390957508
H           -2.12777617056235        2.27514926328484       -0.00029676067706
14
 energy: -399.626378378607 gnorm: 0.002929916755 xtb: 6.7.1 (41059b4)
C           -0.73929384519728       -1.81753700442426        0.00001378414028
C            0.59683289886837       -1.43504870469069        0.00001031594642
C            0.90894379888792       -0.07100064902499       -0.00000851443044
C           -0.10426167330763        0.89574967582711       -0.00001016192279
C           -1.43527072233911        0.48904205036024       -0.00001478656245
C           -1.75434233470751       -0.87065054370710       -0.00000748104733
O           -2.47115401877640        1.37149140326125       -0.00001325099111
C            2.26998060762645        0.34825444399912       -0.00010695718801
N            3.37563002468684        0.69397973318952        0.00012972917552
H           -0.99474691545578       -2.87171942531907        0.00001481663158
H            1.39233397094286       -2.17013682225784        0.00000971715159
H            0.15737203245927        1.94970862783394       -0.00001270603270
H           -2.79870307089895       -1.16292954971489       -0.00002473924813
H           -2.13123611220331        2.27362598748904       -0.00026420000010
14
 energy: -399.626382427747 gnorm: 0.000792510684 xtb: 6.7.1 (41059b4)
C           -0.73935824852844       -1.81746322988721       -0.00004017454803
C            0.59693195509070       -1.43524615474622        0.00002151552265
C            0.90877797261640       -0.07102595738971        0.00006834655956
C           -0.10407871410281        0.89658883264734        0.00000113635036
C           -1.43476880758647        0.48907846682136       -0.00006937037771
C           -1.75435737240825       -0.87041455339663       -0.00007251038413
O           -2.47271216260895        1.37096313031935       -0.00007387230304
C            2.27069750301587        0.34829963281570        0.00065424578422
N            3.37610154873578        0.69331974152511       -0.00060293535690
H           -0.99508189405950       -2.87169596081332       -0.00001909441103
H            1.39248927438239       -2.17022760973649        0.00009903619974
H            0.15849038170615        1.95030219548035        0.00007002267252
H           -2.79866340105299       -1.16271125527598       -0.00008841098406
H           -2.13238393223809        2.27306229972251       -0.00023319808217
14
 energy: -399.626382427747 gnorm: 0.000792510684 xtb: 6.7.1 (41059b4)
C           -0.73935824852844       -1.81746322988721       -0.00004017454803
C            0.59693195509070       -1.43524615474622        0.00002151552265
C            0.90877797261640       -0.07102595738971        0.00006834655956
C           -0.10407871410281        0.89658883264734        0.00000113635036
C           -1.43476880758647        0.48907846682136       -0.00006937037771
C           -1.75435737240825       -0.87041455339663       -0.00007251038413
O           -2.47271216260895        1.37096313031935       -0.00007387230304
C            2.27069750301587        0.34829963281570        0.00065424578422
N            3.37610154873578        0.69331974152511       -0.00060293535690
H           -0.99508189405950       -2.87169596081332       -0.00001909441103
H            1.39248927438239       -2.17022760973649        0.00009903619974
H            0.15849038170615        1.95030219548035        0.00007002267252
H           -2.79866340105299       -1.16271125527598       -0.00008841098406
H           -2.13238393223809        2.27306229972251       -0.00023319808217
