#========================================================================================
#                     Free energy perturbation    
#----------------------------------------------------------------------------------------
#forward/backward          λ              ΔΔA                 ΔA                  δε   
#                                                 
#----------------------------------------------------------------------------------------
forward:               0.0000              0.0000              0.0000              0.0000  
forward:               0.0500              1.0755              1.0755              0.0122  
forward:               0.1000              0.6904              1.7659              0.0167  
forward:               0.1500              0.4186              2.1845              0.0185  
forward:               0.2000              0.2584              2.4429              0.0198  
forward:               0.2500              0.1638              2.6066              0.0206  
forward:               0.3000              0.0940              2.7006              0.0214  
forward:               0.3500              0.0584              2.7590              0.0219  
forward:               0.4000              0.0214              2.7804              0.0223  
forward:               0.4500              0.0012              2.7816              0.0227  
forward:               0.5000             -0.0252              2.7563              0.0230  
forward:               0.5500             -0.1171              2.6392              0.0234  
forward:               0.6000             -0.3047              2.3345              0.0238  
forward:               0.6500             -0.4746              1.8599              0.0243  
forward:               0.7000             -0.6022              1.2578              0.0248  
forward:               0.7500             -0.6830              0.5748              0.0253  
forward:               0.8000             -0.7353             -0.1605              0.0257  
forward:               0.8500             -0.7648             -0.9253              0.0260  
forward:               0.9000             -0.7713             -1.6967              0.0264  
forward:               0.9500             -0.7732             -2.4698              0.0266  
forward:               1.0000             -0.7564             -3.2262              0.0269  
backward:              1.0000              0.0000             -3.2262              0.0000  
backward:              0.9500              0.7380             -2.4882              0.0071  
backward:              0.9000              0.7615             -1.7266              0.0091  
backward:              0.8500              0.7674             -0.9592              0.0108  
backward:              0.8000              0.7690             -0.1902              0.0120  
backward:              0.7500              0.7404              0.5502              0.0130  
backward:              0.7000              0.6944              1.2446              0.0140  
backward:              0.6500              0.5981              1.8427              0.0150  
backward:              0.6000              0.4625              2.3052              0.0160  
backward:              0.5500              0.3156              2.6209              0.0168  
backward:              0.5000              0.1232              2.7440              0.0184  
backward:              0.4500              0.0155              2.7596              0.0190  
backward:              0.4000              0.0036              2.7631              0.0196  
backward:              0.3500             -0.0254              2.7377              0.0211  
backward:              0.3000             -0.0627              2.6750              0.0221  
backward:              0.2500             -0.0887              2.5863              0.0229  
backward:              0.2000             -0.1697              2.4166              0.0241  
backward:              0.1500             -0.2562              2.1604              0.0267  
backward:              0.1000             -0.4104              1.7500              0.0290  
backward:              0.0500             -0.6655              1.0844              0.0335  
backward:              0.0000             -1.0829              0.0015              0.0449  
Inaccuracy estimation
======================================================================================================
                   i        i+δi          P0_overlap_P1   δε(forward)/ε   δε(backward)/ε
======================================================================================================
inaccuracy:  0.00000        0.05000           46.22           -0.03            0.96
inaccuracy:  0.05000        0.10000           53.22           -0.02            0.69
inaccuracy:  0.10000        0.15000           60.68           -0.01            0.38
inaccuracy:  0.15000        0.20000           66.00           -0.01            0.27
inaccuracy:  0.20000        0.25000           70.18           -0.01            0.19
inaccuracy:  0.25000        0.30000           71.22           -0.01            0.15
inaccuracy:  0.30000        0.35000           73.22           -0.01            0.13
inaccuracy:  0.35000        0.40000           74.35           -0.01            0.11
inaccuracy:  0.40000        0.45000           74.92           -0.01            0.11
inaccuracy:  0.45000        0.50000           76.91           -0.01            0.09
inaccuracy:  0.50000        0.55000           67.24           -0.08            0.14
inaccuracy:  0.55000        0.60000           67.88           -0.08            0.11
inaccuracy:  0.60000        0.65000           69.68           -0.08            0.08
inaccuracy:  0.65000        0.70000           69.38           -0.08            0.07
inaccuracy:  0.70000        0.75000           69.03           -0.08            0.06
inaccuracy:  0.75000        0.80000           69.74           -0.08            0.06
inaccuracy:  0.80000        0.85000           69.93           -0.08            0.06
inaccuracy:  0.85000        0.90000           68.35           -0.06            0.06
inaccuracy:  0.90000        0.95000           68.92           -0.06            0.07
inaccuracy:  0.95000        1.00000           68.74           -0.07            0.07
===================================================================================================================================
                BAR        
-----------------------------------------------------------------------------------------------------------------------------------
BAR-estimator:         λ             λ+δλ          ΔΔA             ΔA            C               Δδe            δe       
                          
-----------------------------------------------------------------------------------------------------------------------------------
BAR-estimator:      0.00000        0.05000        1.0745         1.0745         1.0745         0.0070         0.0070 
BAR-estimator:      0.05000        0.10000        0.6879         1.7625         0.6879         0.0069         0.0098 
BAR-estimator:      0.10000        0.15000        0.4141         2.1766         0.4141         0.0053         0.0112 
BAR-estimator:      0.15000        0.20000        0.2601         2.4368         0.2601         0.0047         0.0121 
BAR-estimator:      0.20000        0.25000        0.1638         2.6006         0.1638         0.0041         0.0128 
BAR-estimator:      0.25000        0.30000        0.0929         2.6934         0.0929         0.0038         0.0133 
BAR-estimator:      0.30000        0.35000        0.0585         2.7520         0.0585         0.0022         0.0135 
BAR-estimator:      0.35000        0.40000        0.0209         2.7729         0.0209         0.0030         0.0138 
BAR-estimator:      0.40000        0.45000        0.0002         2.7731         0.0002         0.0029         0.0141 
BAR-estimator:      0.45000        0.50000       -0.0210         2.7521        -0.0210         0.0027         0.0144 
BAR-estimator:      0.50000        0.55000       -0.1236         2.6285        -0.1236         0.0036         0.0148 
BAR-estimator:      0.55000        0.60000       -0.3092         2.3193        -0.3092         0.0032         0.0152 
BAR-estimator:      0.60000        0.65000       -0.4700         1.8492        -0.4700         0.0032         0.0155 
BAR-estimator:      0.65000        0.70000       -0.5988         1.2505        -0.5988         0.0035         0.0159 
BAR-estimator:      0.70000        0.75000       -0.6883         0.5622        -0.6883         0.0035         0.0163 
BAR-estimator:      0.75000        0.80000       -0.7379        -0.1757        -0.7379         0.0034         0.0166 
BAR-estimator:      0.80000        0.85000       -0.7674        -0.9430        -0.7674         0.0034         0.0170 
BAR-estimator:      0.85000        0.90000       -0.7711        -1.7141        -0.7711         0.0030         0.0172 
BAR-estimator:      0.90000        0.95000       -0.7681        -2.4822        -0.7681         0.0035         0.0176 
BAR-estimator:      0.95000        1.00000       -0.7521        -3.2343        -0.7521         0.0031         0.0178 
BAR-estimator: total free energy change is -3.234278907547375 , total error is 0.01783981999822509
