#========================================================================================
#                     Free energy perturbation    
#----------------------------------------------------------------------------------------
#forward/backward          λ              ΔΔA                 ΔA                  δε   
#                                                 
#----------------------------------------------------------------------------------------
forward:               0.0000              0.0000              0.0000              0.0000  
forward:               0.0500              2.0474              2.0474              0.0238  
forward:               0.1000              1.1641              3.2115              0.0298  
forward:               0.1500              0.5985              3.8100              0.0325  
forward:               0.2000              0.3202              4.1302              0.0338  
forward:               0.2500              0.1653              4.2956              0.0345  
forward:               0.3000              0.0655              4.3611              0.0351  
forward:               0.3500             -0.0144              4.3467              0.0355  
forward:               0.4000             -0.0623              4.2844              0.0358  
forward:               0.4500             -0.0939              4.1904              0.0361  
forward:               0.5000             -0.1305              4.0599              0.0364  
forward:               0.5500             -0.2674              3.7925              0.0368  
forward:               0.6000             -0.5410              3.2515              0.0372  
forward:               0.6500             -0.7705              2.4809              0.0379  
forward:               0.7000             -0.9582              1.5227              0.0383  
forward:               0.7500             -1.1004              0.4224              0.0388  
forward:               0.8000             -1.1989             -0.7765              0.0392  
forward:               0.8500             -1.2683             -2.0448              0.0395  
forward:               0.9000             -1.3000             -3.3448              0.0396  
forward:               0.9500             -1.3284             -4.6731              0.0398  
forward:               1.0000             -1.3494             -6.0226              0.0401  
backward:              1.0000              0.0000             -6.0226              0.0000  
backward:              0.9500              1.3380             -4.6846              0.0066  
backward:              0.9000              1.3240             -3.3606              0.0091  
backward:              0.8500              1.2974             -2.0633              0.0116  
backward:              0.8000              1.2538             -0.8095              0.0139  
backward:              0.7500              1.1912              0.3817              0.0153  
backward:              0.7000              1.1000              1.4817              0.0167  
backward:              0.6500              0.9612              2.4429              0.0179  
backward:              0.6000              0.7764              3.2193              0.0190  
backward:              0.5500              0.5512              3.7704              0.0202  
backward:              0.5000              0.2670              4.0375              0.0219  
backward:              0.4500              0.1234              4.1608              0.0227  
backward:              0.4000              0.1073              4.2681              0.0235  
backward:              0.3500              0.0583              4.3264              0.0244  
backward:              0.3000              0.0085              4.3348              0.0254  
backward:              0.2500             -0.0555              4.2793              0.0264  
backward:              0.2000             -0.1402              4.1391              0.0283  
backward:              0.1500             -0.2982              3.8409              0.0303  
backward:              0.1000             -0.6044              3.2365              0.0369  
backward:              0.0500             -1.1424              2.0941              0.0432  
backward:              0.0000             -2.0109              0.0833              0.0605  
Inaccuracy estimation
======================================================================================================
                   i        i+δi          P0_overlap_P1   δε(forward)/ε   δε(backward)/ε
======================================================================================================
inaccuracy:  0.00000        0.05000           31.15           -0.00            2.31
inaccuracy:  0.05000        0.10000           40.64           -0.06            1.41
inaccuracy:  0.10000        0.15000           51.98           -0.04            0.71
inaccuracy:  0.15000        0.20000           59.10           -0.03            0.43
inaccuracy:  0.20000        0.25000           63.20           -0.02            0.29
inaccuracy:  0.25000        0.30000           66.22           -0.03            0.21
inaccuracy:  0.30000        0.35000           69.60           -0.03            0.17
inaccuracy:  0.35000        0.40000           69.97           -0.02            0.14
inaccuracy:  0.40000        0.45000           69.89           -0.03            0.13
inaccuracy:  0.45000        0.50000           72.30           -0.03            0.12
inaccuracy:  0.50000        0.55000           62.09           -0.11            0.17
inaccuracy:  0.55000        0.60000           62.69           -0.11            0.12
inaccuracy:  0.60000        0.65000           63.69           -0.13            0.08
inaccuracy:  0.65000        0.70000           63.79           -0.14            0.06
inaccuracy:  0.70000        0.75000           64.48           -0.14            0.04
inaccuracy:  0.75000        0.80000           64.97           -0.13            0.04
inaccuracy:  0.80000        0.85000           64.94           -0.15            0.03
inaccuracy:  0.85000        0.90000           64.09           -0.16            0.03
inaccuracy:  0.90000        0.95000           64.30           -0.14            0.03
inaccuracy:  0.95000        1.00000           63.98           -0.15            0.03
===================================================================================================================================
                BAR        
-----------------------------------------------------------------------------------------------------------------------------------
BAR-estimator:         λ             λ+δλ          ΔΔA             ΔA            C               Δδe            δe       
                          
-----------------------------------------------------------------------------------------------------------------------------------
BAR-estimator:      0.00000        0.05000        2.0406         2.0406         2.0406         0.0104         0.0104 
BAR-estimator:      0.05000        0.10000        1.1628         3.2034         1.1628         0.0107         0.0150 
BAR-estimator:      0.10000        0.15000        0.6055         3.8090         0.6055         0.0079         0.0169 
BAR-estimator:      0.15000        0.20000        0.3192         4.1281         0.3192         0.0062         0.0180 
BAR-estimator:      0.20000        0.25000        0.1576         4.2858         0.1576         0.0048         0.0187 
BAR-estimator:      0.25000        0.30000        0.0634         4.3492         0.0634         0.0043         0.0191 
BAR-estimator:      0.30000        0.35000       -0.0085         4.3407        -0.0085         0.0038         0.0195 
BAR-estimator:      0.35000        0.40000       -0.0610         4.2796        -0.0610         0.0035         0.0198 
BAR-estimator:      0.40000        0.45000       -0.0974         4.1823        -0.0974         0.0033         0.0201 
BAR-estimator:      0.45000        0.50000       -0.1265         4.0557        -0.1265         0.0030         0.0203 
BAR-estimator:      0.50000        0.55000       -0.2701         3.7856        -0.2701         0.0040         0.0207 
BAR-estimator:      0.55000        0.60000       -0.5425         3.2431        -0.5425         0.0039         0.0211 
BAR-estimator:      0.60000        0.65000       -0.7713         2.4718        -0.7713         0.0041         0.0215 
BAR-estimator:      0.65000        0.70000       -0.9590         1.5128        -0.9590         0.0039         0.0218 
BAR-estimator:      0.70000        0.75000       -1.1029         0.4099        -1.1029         0.0038         0.0222 
BAR-estimator:      0.75000        0.80000       -1.1945        -0.7846        -1.1945         0.0040         0.0225 
BAR-estimator:      0.80000        0.85000       -1.2620        -2.0467        -1.2620         0.0037         0.0228 
BAR-estimator:      0.85000        0.90000       -1.3029        -3.3496        -1.3029         0.0039         0.0232 
BAR-estimator:      0.90000        0.95000       -1.3261        -4.6757        -1.3261         0.0040         0.0235 
BAR-estimator:      0.95000        1.00000       -1.3438        -6.0195        -1.3438         0.0038         0.0238 
BAR-estimator: total free energy change is -6.019519445252575 , total error is 0.023812959702250454
