#========================================================================================
#                     Free energy perturbation    
#----------------------------------------------------------------------------------------
#forward/backward          λ              ΔΔA                 ΔA                  δε   
#                                                 
#----------------------------------------------------------------------------------------
forward:               0.0000              0.0000              0.0000              0.0000  
forward:               0.0500              0.7323              0.7323              0.0097  
forward:               0.1000              0.4865              1.2188              0.0124  
forward:               0.1500              0.3182              1.5370              0.0139  
forward:               0.2000              0.2199              1.7569              0.0151  
forward:               0.2500              0.1467              1.9036              0.0162  
forward:               0.3000              0.1243              2.0279              0.0168  
forward:               0.3500              0.0856              2.1135              0.0172  
forward:               0.4000              0.0647              2.1783              0.0176  
forward:               0.4500              0.0457              2.2239              0.0180  
forward:               0.5000              0.0342              2.2581              0.0182  
forward:               0.5500             -0.0790              2.1791              0.0187  
forward:               0.6000             -0.2245              1.9546              0.0192  
forward:               0.6500             -0.3690              1.5856              0.0196  
forward:               0.7000             -0.4856              1.1000              0.0198  
forward:               0.7500             -0.5735              0.5265              0.0202  
forward:               0.8000             -0.6374             -0.1109              0.0206  
forward:               0.8500             -0.6762             -0.7871              0.0209  
forward:               0.9000             -0.6986             -1.4857              0.0212  
forward:               0.9500             -0.7182             -2.2038              0.0214  
forward:               1.0000             -0.7207             -2.9246              0.0217  
backward:              1.0000              0.0000             -2.9246              0.0000  
backward:              0.9500              0.7349             -2.1897              0.0045  
backward:              0.9000              0.7169             -1.4728              0.0067  
backward:              0.8500              0.7028             -0.7700              0.0082  
backward:              0.8000              0.6803             -0.0897              0.0091  
backward:              0.7500              0.6329              0.5432              0.0102  
backward:              0.7000              0.5700              1.1132              0.0124  
backward:              0.6500              0.4783              1.5915              0.0142  
backward:              0.6000              0.3576              1.9492              0.0150  
backward:              0.5500              0.2274              2.1766              0.0158  
backward:              0.5000              0.0649              2.2415              0.0169  
backward:              0.4500             -0.0232              2.2182              0.0173  
backward:              0.4000             -0.0422              2.1761              0.0178  
backward:              0.3500             -0.0592              2.1169              0.0184  
backward:              0.3000             -0.0854              2.0315              0.0190  
backward:              0.2500             -0.1191              1.9124              0.0199  
backward:              0.2000             -0.1579              1.7544              0.0209  
backward:              0.1500             -0.2072              1.5472              0.0220  
backward:              0.1000             -0.3213              1.2260              0.0238  
backward:              0.0500             -0.4783              0.7477              0.0268  
backward:              0.0000             -0.7429              0.0048              0.0309  
Inaccuracy estimation
======================================================================================================
                   i        i+δi          P0_overlap_P1   δε(forward)/ε   δε(backward)/ε
======================================================================================================
inaccuracy:  0.00000        0.05000           55.33           -0.02            0.62
inaccuracy:  0.05000        0.10000           61.13           -0.01            0.42
inaccuracy:  0.10000        0.15000           67.59           -0.00            0.26
inaccuracy:  0.15000        0.20000           70.94           -0.01            0.20
inaccuracy:  0.20000        0.25000           75.14           -0.01            0.14
inaccuracy:  0.25000        0.30000           74.76           -0.01            0.12
inaccuracy:  0.30000        0.35000           76.67           -0.01            0.10
inaccuracy:  0.35000        0.40000           76.62           -0.01            0.09
inaccuracy:  0.40000        0.45000           76.75           -0.01            0.08
inaccuracy:  0.45000        0.50000           77.18           -0.01            0.09
inaccuracy:  0.50000        0.55000           71.98           -0.04            0.11
inaccuracy:  0.55000        0.60000           70.55           -0.06            0.09
inaccuracy:  0.60000        0.65000           72.77           -0.06            0.07
inaccuracy:  0.65000        0.70000           72.33           -0.07            0.06
inaccuracy:  0.70000        0.75000           71.58           -0.06            0.06
inaccuracy:  0.75000        0.80000           72.18           -0.06            0.05
inaccuracy:  0.80000        0.85000           72.54           -0.06            0.05
inaccuracy:  0.85000        0.90000           71.59           -0.06            0.05
inaccuracy:  0.90000        0.95000           71.48           -0.06            0.05
inaccuracy:  0.95000        1.00000           70.08           -0.07            0.06
===================================================================================================================================
                BAR        
-----------------------------------------------------------------------------------------------------------------------------------
BAR-estimator:         λ             λ+δλ          ΔΔA             ΔA            C               Δδe            δe       
                          
-----------------------------------------------------------------------------------------------------------------------------------
BAR-estimator:      0.00000        0.05000        0.7407         0.7407         0.7407         0.0060         0.0060 
BAR-estimator:      0.05000        0.10000        0.4815         1.2222         0.4815         0.0051         0.0079 
BAR-estimator:      0.10000        0.15000        0.3183         1.5405         0.3183         0.0043         0.0090 
BAR-estimator:      0.15000        0.20000        0.2190         1.7595         0.2190         0.0040         0.0098 
BAR-estimator:      0.20000        0.25000        0.1518         1.9113         0.1518         0.0039         0.0106 
BAR-estimator:      0.25000        0.30000        0.1222         2.0335         0.1222         0.0030         0.0110 
BAR-estimator:      0.30000        0.35000        0.0857         2.1192         0.0857         0.0029         0.0113 
BAR-estimator:      0.35000        0.40000        0.0626         2.1818         0.0626         0.0026         0.0116 
BAR-estimator:      0.40000        0.45000        0.0439         2.2257         0.0439         0.0025         0.0119 
BAR-estimator:      0.45000        0.50000        0.0309         2.2565         0.0309         0.0023         0.0121 
BAR-estimator:      0.50000        0.55000       -0.0726         2.1839        -0.0726         0.0033         0.0126 
BAR-estimator:      0.55000        0.60000       -0.2263         1.9576        -0.2263         0.0029         0.0129 
BAR-estimator:      0.60000        0.65000       -0.3653         1.5923        -0.3653         0.0029         0.0132 
BAR-estimator:      0.65000        0.70000       -0.4838         1.1085        -0.4838         0.0029         0.0135 
BAR-estimator:      0.70000        0.75000       -0.5733         0.5353        -0.5733         0.0031         0.0139 
BAR-estimator:      0.75000        0.80000       -0.6356        -0.1003        -0.6356         0.0029         0.0142 
BAR-estimator:      0.80000        0.85000       -0.6765        -0.7769        -0.6765         0.0029         0.0145 
BAR-estimator:      0.85000        0.90000       -0.7011        -1.4780        -0.7011         0.0029         0.0148 
BAR-estimator:      0.90000        0.95000       -0.7181        -2.1961        -0.7181         0.0029         0.0150 
BAR-estimator:      0.95000        1.00000       -0.7247        -2.9208        -0.7247         0.0026         0.0153 
BAR-estimator: total free energy change is -2.9207667230129286 , total error is 0.01526593858814274
