#========================================================================================
#                     Free energy perturbation    
#----------------------------------------------------------------------------------------
#forward/backward          λ              ΔΔA                 ΔA                  δε   
#                                                 
#----------------------------------------------------------------------------------------
forward:               0.0000              0.0000              0.0000              0.0000  
forward:               0.0500              1.7455              1.7455              0.0156  
forward:               0.1000              0.9747              2.7203              0.0240  
forward:               0.1500              0.5011              3.2214              0.0260  
forward:               0.2000              0.2658              3.4871              0.0271  
forward:               0.2500              0.1510              3.6382              0.0277  
forward:               0.3000              0.0758              3.7140              0.0283  
forward:               0.3500              0.0248              3.7388              0.0287  
forward:               0.4000             -0.0138              3.7251              0.0291  
forward:               0.4500             -0.0461              3.6789              0.0295  
forward:               0.5000             -0.0621              3.6168              0.0298  
forward:               0.5500             -0.1223              3.4945              0.0302  
forward:               0.6000             -0.2596              3.2349              0.0305  
forward:               0.6500             -0.3627              2.8722              0.0308  
forward:               0.7000             -0.4253              2.4469              0.0311  
forward:               0.7500             -0.5029              1.9440              0.0313  
forward:               0.8000             -0.5579              1.3861              0.0318  
forward:               0.8500             -0.6056              0.7806              0.0321  
forward:               0.9000             -0.6376              0.1429              0.0325  
forward:               0.9500             -0.6621             -0.5192              0.0330  
forward:               1.0000             -0.6789             -1.1980              0.0333  
backward:              1.0000              0.0000             -1.1980              0.0000  
backward:              0.9500              0.6744             -0.5236              0.0054  
backward:              0.9000              0.6559              0.1322              0.0071  
backward:              0.8500              0.6381              0.7704              0.0085  
backward:              0.8000              0.5931              1.3635              0.0097  
backward:              0.7500              0.5583              1.9218              0.0111  
backward:              0.7000              0.5012              2.4230              0.0121  
backward:              0.6500              0.4343              2.8573              0.0132  
backward:              0.6000              0.3476              3.2049              0.0140  
backward:              0.5500              0.2634              3.4683              0.0147  
backward:              0.5000              0.1190              3.5872              0.0160  
backward:              0.4500              0.0571              3.6444              0.0179  
backward:              0.4000              0.0363              3.6807              0.0189  
backward:              0.3500              0.0141              3.6948              0.0195  
backward:              0.3000             -0.0255              3.6693              0.0203  
backward:              0.2500             -0.0789              3.5904              0.0222  
backward:              0.2000             -0.1529              3.4375              0.0237  
backward:              0.1500             -0.2988              3.1387              0.0271  
backward:              0.1000             -0.5441              2.5947              0.0387  
backward:              0.0500             -1.0125              1.5821              0.0507  
backward:              0.0000             -1.6724             -0.0903              0.0586  
Inaccuracy estimation
======================================================================================================
                   i        i+δi          P0_overlap_P1   δε(forward)/ε   δε(backward)/ε
======================================================================================================
inaccuracy:  0.00000        0.05000           34.10           -0.02            2.09
inaccuracy:  0.05000        0.10000           45.44           -0.03            1.12
inaccuracy:  0.10000        0.15000           57.11           -0.02            0.54
inaccuracy:  0.15000        0.20000           65.44           -0.02            0.28
inaccuracy:  0.20000        0.25000           68.19           -0.01            0.19
inaccuracy:  0.25000        0.30000           70.05           -0.01            0.15
inaccuracy:  0.30000        0.35000           71.84           -0.01            0.13
inaccuracy:  0.35000        0.40000           73.54           -0.01            0.11
inaccuracy:  0.40000        0.45000           74.70           -0.01            0.09
inaccuracy:  0.45000        0.50000           74.46           -0.01            0.10
inaccuracy:  0.50000        0.55000           69.72           -0.04            0.12
inaccuracy:  0.55000        0.60000           70.68           -0.05            0.09
inaccuracy:  0.60000        0.65000           73.01           -0.04            0.08
inaccuracy:  0.65000        0.70000           71.20           -0.06            0.07
inaccuracy:  0.70000        0.75000           71.59           -0.05            0.06
inaccuracy:  0.75000        0.80000           72.19           -0.05            0.06
inaccuracy:  0.80000        0.85000           72.83           -0.05            0.06
inaccuracy:  0.85000        0.90000           72.19           -0.06            0.06
inaccuracy:  0.90000        0.95000           71.75           -0.06            0.05
inaccuracy:  0.95000        1.00000           71.46           -0.05            0.05
===================================================================================================================================
                BAR        
-----------------------------------------------------------------------------------------------------------------------------------
BAR-estimator:         λ             λ+δλ          ΔΔA             ΔA            C               Δδe            δe       
                          
-----------------------------------------------------------------------------------------------------------------------------------
BAR-estimator:      0.00000        0.05000        1.7644         1.7644         1.7644         0.0104         0.0104 
BAR-estimator:      0.05000        0.10000        0.9774         2.7417         0.9774         0.0095         0.0141 
BAR-estimator:      0.10000        0.15000        0.5016         3.2433         0.5016         0.0065         0.0155 
BAR-estimator:      0.15000        0.20000        0.2726         3.5159         0.2726         0.0051         0.0163 
BAR-estimator:      0.20000        0.25000        0.1513         3.6671         0.1513         0.0041         0.0168 
BAR-estimator:      0.25000        0.30000        0.0750         3.7421         0.0750         0.0039         0.0173 
BAR-estimator:      0.30000        0.35000        0.0239         3.7660         0.0239         0.0034         0.0176 
BAR-estimator:      0.35000        0.40000       -0.0135         3.7526        -0.0135         0.0032         0.0179 
BAR-estimator:      0.40000        0.45000       -0.0434         3.7091        -0.0434         0.0030         0.0181 
BAR-estimator:      0.45000        0.50000       -0.0631         3.6460        -0.0631         0.0027         0.0183 
BAR-estimator:      0.50000        0.55000       -0.1223         3.5238        -0.1223         0.0032         0.0186 
BAR-estimator:      0.55000        0.60000       -0.2622         3.2616        -0.2622         0.0032         0.0189 
BAR-estimator:      0.60000        0.65000       -0.3541         2.9075        -0.3541         0.0028         0.0191 
BAR-estimator:      0.65000        0.70000       -0.4309         2.4766        -0.4309         0.0029         0.0193 
BAR-estimator:      0.70000        0.75000       -0.5041         1.9725        -0.5041         0.0030         0.0195 
BAR-estimator:      0.75000        0.80000       -0.5580         1.4145        -0.5580         0.0036         0.0199 
BAR-estimator:      0.80000        0.85000       -0.5988         0.8157        -0.5988         0.0032         0.0201 
BAR-estimator:      0.85000        0.90000       -0.6378         0.1779        -0.6378         0.0034         0.0204 
BAR-estimator:      0.90000        0.95000       -0.6595        -0.4815        -0.6595         0.0033         0.0207 
BAR-estimator:      0.95000        1.00000       -0.6773        -1.1588        -0.6773         0.0036         0.0210 
BAR-estimator: total free energy change is -1.1588456375235887 , total error is 0.020991546958055295
