19
 energy: -365.156330113918 gnorm: 0.001928915684 xtb: 6.7.1 (41059b4)
C            2.18171149391621       -1.20005880039690       -0.06779872779166
C            1.41687004406567        0.10498644533022        0.04555855587819
O            1.98001736925497        1.19075614118478        0.14892009488615
N            0.05935845574662        0.00408138005787        0.03334646178200
C           -0.72819133671177       -1.22522342623294       -0.09197603882726
C           -2.14933595212464       -0.75727444138745        0.23582389428421
C           -2.16550991598465        0.67652660196860       -0.30663493932380
C           -0.78386106320205        1.20560282990120        0.08573334824524
H            3.24096568636281       -0.96611656818184       -0.16661588614597
H            1.85309218650618       -1.78941285109992       -0.93051240021910
H            2.03474482453408       -1.81492522446194        0.82696930994505
H           -0.67855178619510       -1.62727111386468       -1.11582516025967
H           -0.37499772753367       -2.00383462154125        0.59180389879987
H           -2.91296669198899       -1.40238814028822       -0.20471710545994
H           -2.29389039982533       -0.74674351024693        1.32182355233096
H           -2.26574275517963        0.66123382282964       -1.39827872520329
H           -2.97785876273826        1.28345042459215        0.10059767622624
H           -0.39247579650179        1.97242441532460       -0.58863673829687
H           -0.78366552830799        1.62883657970942        1.10003860613611
19
 energy: -365.156338386410 gnorm: 0.000633980366 xtb: 6.7.1 (41059b4)
C            2.18207892430643       -1.20039550921844       -0.06725441094289
C            1.41733839076143        0.10466345146065        0.04511832248257
O            1.98094236846622        1.19030091387049        0.14697990067669
N            0.05949721802722        0.00434602467180        0.03102805317634
C           -0.72899014837135       -1.22641623200516       -0.09290025551217
C           -2.14969419781835       -0.75716255390389        0.23483922772527
C           -2.16591577864496        0.67710767241852       -0.30545899582515
C           -0.78435317393502        1.20632024700782        0.08531903617226
H            3.24114036072638       -0.96545857444639       -0.16587559939570
H            1.85509870035563       -1.79187425023443       -0.92863615866495
H            2.03587135046054       -1.81294566924235        0.82897499061294
H           -0.67827472911955       -1.62886589314168       -1.11694031198370
H           -0.37497768543118       -2.00328766180573        0.59328013905209
H           -2.91381931129889       -1.40105929130552       -0.20773836278479
H           -2.29500658584505       -0.74857301610542        1.32114596954984
H           -2.26776612906267        0.66368760922426       -1.39672518943656
H           -2.97744814824826        1.28301405847785        0.10418238286100
H           -0.39439484013636        1.97317033006523       -0.58978075526158
H           -0.78161406431168        1.62807839143565        1.10006191799617
19
 energy: -365.156342189936 gnorm: 0.001012232604 xtb: 6.7.1 (41059b4)
C            2.18297807006391       -1.20073480749331       -0.06554979318265
C            1.41786492377383        0.10460652105526        0.04124991700651
O            1.98181995125046        1.18993462372981        0.14489094231379
N            0.05999371909496        0.00472885794636        0.02616243727092
C           -0.72966691664994       -1.22707431435564       -0.09464590826401
C           -2.15020232251468       -0.75746515730969        0.23340453473141
C           -2.16666849561027        0.67803305465088       -0.30330707617579
C           -0.78437677750780        1.20675460711052        0.08466254669223
H            3.24201919440132       -0.96513708248532       -0.16363427272312
H            1.85763614939756       -1.79547598894080       -0.92511283803796
H            2.03674189742562       -1.81001929855418        0.83292495130235
H           -0.67870097168552       -1.63133672012615       -1.11780212204968
H           -0.37486845333004       -2.00197824186040        0.59338265051921
H           -2.91473188111354       -1.39966953022320       -0.21128816733399
H           -2.29639666907849       -0.75203874792822        1.31964645042723
H           -2.27155617307827        0.66755324236316       -1.39424439945760
H           -2.97724773825019        1.28268970460990        0.11004074731938
H           -0.39668224579922        1.97419458628937       -0.59102062420745
H           -0.77824244117069        1.62708493650971        1.09986028171979
19
 energy: -365.156345146688 gnorm: 0.000823802911 xtb: 6.7.1 (41059b4)
C            2.18356541317353       -1.20081294059332       -0.06407306794682
C            1.41780316868728        0.10444247566568        0.04089455949545
O            1.98166125600897        1.19001373471780        0.14282528901157
N            0.06014909119048        0.00474195324938        0.02205127768961
C           -0.72972370130054       -1.22734662252965       -0.09643550672812
C           -2.15023661137945       -0.75775958670071        0.23211651713306
C           -2.16737093974608        0.67896677372089       -0.30167300774231
C           -0.78395569873630        1.20668563329366        0.08362746610888
H            3.24249972333873       -0.96496354936603       -0.16319110601147
H            1.85826838897537       -1.79885008762822       -0.92150554518595
H            2.03802549837393       -1.80710973120445        0.83662843803511
H           -0.67893781954665       -1.63370003354509       -1.11846590121232
H           -0.37466857870320       -2.00083073941593        0.59275729592760
H           -2.91466650947915       -1.39877654662424       -0.21420157613143
H           -2.29725613785832       -0.75503585809586        1.31811721925811
H           -2.27538939741567        0.67106625150603       -1.39236831581661
H           -2.97684572769292        1.28292576692870        0.11522314980991
H           -0.39793739554646        1.97503350702582       -0.59197235111042
H           -0.77527096240084        1.62596001732840        1.09926575416274
19
 energy: -365.156345146688 gnorm: 0.000823802911 xtb: 6.7.1 (41059b4)
C            2.18356541317353       -1.20081294059332       -0.06407306794682
C            1.41780316868728        0.10444247566568        0.04089455949545
O            1.98166125600897        1.19001373471780        0.14282528901157
N            0.06014909119048        0.00474195324938        0.02205127768961
C           -0.72972370130054       -1.22734662252965       -0.09643550672812
C           -2.15023661137945       -0.75775958670071        0.23211651713306
C           -2.16737093974608        0.67896677372089       -0.30167300774231
C           -0.78395569873630        1.20668563329366        0.08362746610888
H            3.24249972333873       -0.96496354936603       -0.16319110601147
H            1.85826838897537       -1.79885008762822       -0.92150554518595
H            2.03802549837393       -1.80710973120445        0.83662843803511
H           -0.67893781954665       -1.63370003354509       -1.11846590121232
H           -0.37466857870320       -2.00083073941593        0.59275729592760
H           -2.91466650947915       -1.39877654662424       -0.21420157613143
H           -2.29725613785832       -0.75503585809586        1.31811721925811
H           -2.27538939741567        0.67106625150603       -1.39236831581661
H           -2.97684572769292        1.28292576692870        0.11522314980991
H           -0.39793739554646        1.97503350702582       -0.59197235111042
H           -0.77527096240084        1.62596001732840        1.09926575416274
