19
 energy: -26.290448999243 gnorm: 0.017717951735 xtb: 6.7.1 (41059b4)
C           -2.57068701337381        0.60116774958326       -0.00163274042400
C           -1.22345935168276       -0.06810082381769        0.00020237080715
C           -1.13848343072450       -1.45930712207186       -0.00035644441134
C            0.10069422577527       -2.09181860847844        0.00133415111775
C            1.26422167129981       -1.34180003285646        0.00151393374534
C            1.18688102641366        0.05080256348514        0.00042250258679
C           -0.05075845903449        0.71126507458118        0.00236972588454
C           -0.16238485110284        2.21335181425552        0.00231455079498
O            2.38917691172381        0.70915231576295       -0.00292564063433
H           -2.71004558041819        1.23135512998981        0.88456598934889
H           -2.69851699144579        1.24969693670999       -0.87617122222561
H           -3.37149644409475       -0.14107258227439       -0.01416743190276
H           -2.05016941693775       -2.04839740926901       -0.00213029175300
H            0.15939355525924       -3.17548320996758        0.00129385273566
H            2.24343974826069       -1.80726712278607        0.00100690603422
H           -0.74347641550501        2.56637011334567        0.86104859435687
H            0.79818886296137        2.73468495765408        0.04877831612867
H           -0.66879698314874        2.57419906251608       -0.89996411121230
H            2.23440360390282        1.65904640895024       -0.01358020045709
19
 energy: -26.291158690909 gnorm: 0.006975157988 xtb: 6.7.1 (41059b4)
C           -2.56310998482116        0.60032543498147       -0.00192981062908
C           -1.21871388122689       -0.06314007663537        0.00018937467400
C           -1.13580398460356       -1.44853842059838       -0.00008019139940
C            0.09463345270405       -2.08260915240332        0.00153241087162
C            1.25340874161957       -1.33528750986272        0.00143925313681
C            1.18382541307265        0.05475577966727        0.00020361964010
C           -0.05078056436058        0.71110515092595        0.00215854356324
C           -0.16598878072536        2.20930995582681        0.00314828336587
O            2.38360477497963        0.71053273244547       -0.00369850611730
H           -2.69293273331982        1.22423928239998        0.88433893348623
H           -2.68089893193800        1.24306872171761       -0.87618968666462
H           -3.35785742684438       -0.14309380883484       -0.01465928206343
H           -2.04399780986969       -2.03495667874999       -0.00168972761829
H            0.15012115695009       -3.16227896921997        0.00170522103155
H            2.22762142225589       -1.79956643086794        0.00102156793462
H           -0.75167145721552        2.54629570810266        0.86072634401359
H            0.79683686944303        2.72069930517798        0.04962598761539
H           -0.67507167037484        2.55455909589600       -0.89934353818101
H            2.23490006240293        1.66242509534375       -0.01457598613943
19
 energy: -26.291215697604 gnorm: 0.002320441411 xtb: 6.7.1 (41059b4)
C           -2.55987422695613        0.60195024887586       -0.00216476591823
C           -1.21627892962283       -0.06186463078239        0.00026680524585
C           -1.13512339330728       -1.44595729851761        0.00012738367705
C            0.09279810097387       -2.08149119246444        0.00189468254437
C            1.25030428093302       -1.33415077478594        0.00143896460686
C            1.18512454433583        0.05566907919194        0.00003487633707
C           -0.04955508991531        0.71026006707910        0.00227165216218
C           -0.17033123726151        2.20901943318319        0.00364092800634
O            2.38433826061051        0.70808324631625       -0.00466794426507
H           -2.68711124359047        1.22342816709894        0.88394755884673
H           -2.67422987512257        1.24305165309533       -0.87577066619126
H           -3.35234534205063       -0.14162717665550       -0.01550497272221
H           -2.04292209803464       -2.03083964865981       -0.00132838397747
H            0.14708097199273       -3.15967227818572        0.00231885873545
H            2.22335809080934       -1.79771010179826        0.00090495067319
H           -0.75880244126071        2.53850211825236        0.85997069716492
H            0.78937936023590        2.72195138289499        0.05117350330127
H           -0.68061586391182        2.54775842139309       -0.89858002369029
H            2.24293079927075        1.66148449978104       -0.01605129401630
19
 energy: -26.291220316834 gnorm: 0.000926305408 xtb: 6.7.1 (41059b4)
C           -2.56005545659073        0.60245565888147       -0.00228931675866
C           -1.21634069798566       -0.06208601515453        0.00035496918802
C           -1.13546749833034       -1.44633833349466        0.00034837150575
C            0.09272402189992       -2.08195642153009        0.00216490762330
C            1.25001083170522       -1.33390896235880        0.00139725892666
C            1.18551287170074        0.05613165952350       -0.00020037555895
C           -0.04958994903172        0.70969899479813        0.00230514828596
C           -0.17041248329898        2.20915731187694        0.00386966762405
O            2.38366259988112        0.70876314242100       -0.00524372269856
H           -2.68707480813912        1.22344169328365        0.88403177289685
H           -2.67345787165012        1.24383430732300       -0.87563267499283
H           -3.35238972467443       -0.14107557508780       -0.01626386357451
H           -2.04345445480552       -2.03106896994438       -0.00106394727399
H            0.14726481874034       -3.15999385388661        0.00279535403532
H            2.22347742205380       -1.79700682069504        0.00077012258036
H           -0.75956818087585        2.53726304255782        0.85990750374678
H            0.78960757788897        2.72099308710083        0.05214029224591
H           -0.68032467882506        2.54702926406543       -0.89859942747165
H            2.24400032846543        1.66251200563257       -0.01686922980936
19
 energy: -26.291221531666 gnorm: 0.000538595608 xtb: 6.7.1 (41059b4)
C           -2.56059910866320        0.60269323570222       -0.00247757374015
C           -1.21664592600560       -0.06247782993011        0.00044324488873
C           -1.13586312579109       -1.44695866765142        0.00073634769687
C            0.09285504230893       -2.08235536617877        0.00265419274038
C            1.24995342217788       -1.33380224807184        0.00137827141284
C            1.18597558051704        0.05649835071204       -0.00055719889601
C           -0.04979844457699        0.70919048131886        0.00232873747280
C           -0.17056695380014        2.20949009123069        0.00426883488671
O            2.38326465599011        0.70892743076752       -0.00637494678429
H           -2.68803487456697        1.22289284545458        0.88443885758584
H           -2.67302963448241        1.24506043012358       -0.87530724481694
H           -3.35316395584028       -0.14066364942897       -0.01779229296875
H           -2.04404304158649       -2.03173354342936       -0.00048763413352
H            0.14792083902317       -3.16041002288246        0.00368408799097
H            2.22392019838672       -1.79669128112953        0.00053177444416
H           -0.76078287416933        2.53692402964317        0.85967839087613
H            0.78960826530235        2.72064175284993        0.05432207603702
H           -0.67893403672923        2.54758188777208       -0.89888473524233
H            2.24608864063357        1.66303728844021       -0.01866037893000
19
 energy: -26.291221960909 gnorm: 0.000173899229 xtb: 6.7.1 (41059b4)
C           -2.56060810811557        0.60249280730650       -0.00248802407846
C           -1.21671713565202       -0.06244063462354        0.00048478680544
C           -1.13581041130632       -1.44685938656773        0.00086543304085
C            0.09285035631045       -2.08213189716014        0.00281369696014
C            1.24995506033185       -1.33375352462633        0.00138147029931
C            1.18576211397071        0.05649286384265       -0.00068490712124
C           -0.04993388443705        0.70932028670813        0.00231549428781
C           -0.17040426950709        2.20938555706016        0.00435575016654
O            2.38321102101410        0.70890342683540       -0.00673789643997
H           -2.68844996553695        1.22229324776145        0.88467640001152
H           -2.67302076829808        1.24526116525766       -0.87504678896286
H           -3.35316495203379       -0.14088842345526       -0.01831980147585
H           -2.04386932752249       -2.03173001301459       -0.00032923744404
H            0.14793720704422       -3.16022251258903        0.00394173806054
H            2.22379346048154       -1.79674668984586        0.00051729343217
H           -0.76114583145484        2.53709078316027        0.85938795700347
H            0.78989974785811        2.72039970251962        0.05525309403601
H           -0.67800082229519        2.54802576729841       -0.89910878146437
H            2.24584117727647        1.66295268944464       -0.01935486659658
19
 energy: -26.291222602366 gnorm: 0.000259497837 xtb: 6.7.1 (41059b4)
C           -2.56063477634363        0.60226247355975       -0.00251580031147
C           -1.21680714982101       -0.06238779856912        0.00060455006730
C           -1.13578588506802       -1.44674583527785        0.00130799270574
C            0.09281893330592       -2.08187297288869        0.00339767279306
C            1.24995112330196       -1.33366558546326        0.00141109016351
C            1.18554635208565        0.05653548684653       -0.00110305019021
C           -0.05010332762095        0.70947716317894        0.00231494174906
C           -0.17030162596411        2.20927934773192        0.00470916238546
O            2.38319510981492        0.70878288666280       -0.00812051069600
H           -2.68949428309744        1.22056078730518        0.88558211336698
H           -2.67244659757566        1.24649267085774       -0.87407931526969
H           -3.35314111130265       -0.14116352676892       -0.02027231872512
H           -2.04370738945574       -2.03172598728675        0.00031564790400
H            0.14794874377792       -3.15999580514566        0.00492545938259
H            2.22363060631640       -1.79677100808120        0.00037124087275
H           -0.76338960830706        2.53693235419539        0.85822488010136
H            0.79001136688723        2.72010501749714        0.05884894316708
H           -0.67518447597994        2.54892869850298       -0.90000091383090
H            2.24601866317428        1.66281684845548       -0.02199897511506
19
 energy: -26.291223516421 gnorm: 0.000490467227 xtb: 6.7.1 (41059b4)
C           -2.56068396097953        0.60212612842214       -0.00250006240690
C           -1.21688521209068       -0.06237047077212        0.00079341064647
C           -1.13577288715880       -1.44670323506089        0.00189301725068
C            0.09280992831851       -2.08174296681999        0.00428245494637
C            1.24996235512904       -1.33360073908278        0.00153861781418
C            1.18536681370223        0.05656617627275       -0.00182300994543
C           -0.05023448522321        0.70956745609272        0.00226384009795
C           -0.17017498219793        2.20920545978767        0.00522243585198
O            2.38311048068790        0.70880094537155       -0.01019871508710
H           -2.69084616320932        1.21814584959493        0.88703105438621
H           -2.67146021678333        1.24858806969990       -0.87253795521152
H           -3.35314081601965       -0.14130126038421       -0.02310800776986
H           -2.04361459285574       -2.03175584530548        0.00094263684547
H            0.14797755416422       -3.15988064695180        0.00642930470161
H            2.22355894250656       -1.79674698329813        0.00048258229745
H           -0.76685511670818        2.53633798477057        0.85646909720153
H            0.79007005303774        2.71974501499919        0.06427670112356
H           -0.67108028672404        2.55005893837489       -0.90134543664026
H            2.24601726053224        1.66280533960149       -0.02618915558195
19
 energy: -26.291226105488 gnorm: 0.000894128176 xtb: 6.7.1 (41059b4)
C           -2.56077976823359        0.60192545392954       -0.00238558984938
C           -1.21700740067722       -0.06234709827631        0.00117005350123
C           -1.13574263570597       -1.44664357473725        0.00318933750158
C            0.09280331088053       -2.08156967386168        0.00653319018123
C            1.24999508437785       -1.33350316695464        0.00203077889957
C            1.18507374951721        0.05659834313804       -0.00355525509946
C           -0.05044055780161        0.70970143245548        0.00215402528887
C           -0.16995664582016        2.20911025505383        0.00654711845404
O            2.38294882737636        0.70887599807499       -0.01556698314920
H           -2.69408404056375        1.21195521716090        0.89092358080915
H           -2.66880061014000        1.25421792401182       -0.86840520230548
H           -3.35311891937635       -0.14145315392496       -0.03035771643898
H           -2.04347372315432       -2.03180134689093        0.00234793743756
H            0.14801667261409       -3.15971795854987        0.01032742747572
H            2.22347392449430       -1.79668984678257        0.00101020709238
H           -0.77612367632252        2.53456139814828        0.85180218581400
H            0.78990588389683        2.71906738475168        0.07847594584794
H           -0.66047208985670        2.55277340505970       -0.90489626458083
H            2.24590728262308        1.66278422350637       -0.03742196635951
19
 energy: -26.285644045960 gnorm: 0.061613164822 xtb: 6.7.1 (41059b4)
C           -2.56359637342690        0.59654282891950        0.00089468787568
C           -1.22035655535764       -0.06183715046419        0.01177886197275
C           -1.13503533017754       -1.44520683148549        0.03831182868635
C            0.09268069419161       -2.07706750210298        0.06551907422896
C            1.25075151062639       -1.33085351911366        0.01421406186863
C            1.17742005501459        0.05756261209140       -0.04860541305580
C           -0.05595341604233        0.71300015722887       -0.00005481125271
C           -0.16357820484222        2.20673493509711        0.04112615104792
O            2.37806558406056        0.71159138642219       -0.15604754784273
H           -2.77985159290484        1.04872056264152        0.99339355207273
H           -2.59918082165692        1.40206690489366       -0.75923034327676
H           -3.35261886471688       -0.14543792074727       -0.22103774928677
H           -2.03991485732653       -2.03314872375445        0.04114588789744
H            0.14918500623231       -3.15548873375090        0.11175292398285
H            2.22135430198875       -1.79498832811919        0.01247250637801
H           -1.02151080804355        2.48893915459507        0.72608872235483
H            0.78593749280069        2.70030044918246        0.45440300642446
H           -0.37716210687781        2.62372294587130       -1.00000875684010
H            2.24148895458628        1.66269198790745       -0.33219383271537
19
 energy: -26.290772706353 gnorm: 0.020165547293 xtb: 6.7.1 (41059b4)
C           -2.56324923559728        0.59687115899784       -0.00705241273913
C           -1.21958871882239       -0.06188279785204        0.00850300902389
C           -1.13489870358100       -1.44529228795058        0.02620745890772
C            0.09284728732048       -2.07777483856262        0.05250402646453
C            1.25051490023913       -1.33098283141616        0.01371629744207
C            1.17858786996940        0.05739066088817       -0.03864268915031
C           -0.05478459252706        0.71209430220912        0.00242707186995
C           -0.16365304212586        2.20644741969852        0.03930931405369
O            2.37744971278141        0.71186169141691       -0.12434465824337
H           -2.76183840519520        1.09321893835159        0.95185866256700
H           -2.61813652248245        1.35519730150603       -0.79538079685260
H           -3.35117134478641       -0.14212298637040       -0.17718361819404
H           -2.04027167656166       -2.03259727533013        0.02362533598570
H            0.14906815409808       -3.15567401288763        0.09101326667275
H            2.22166214379009       -1.79456199054837        0.01750553493422
H           -0.91367661415986        2.50731347629244        0.78249256058958
H            0.78267333292231        2.70138194652829        0.31658715263673
H           -0.48318222400679        2.60537845387965       -0.93902015608467
H            2.23977234685311        1.66157888646178       -0.25020254936330
19
 energy: -26.291097649258 gnorm: 0.011661663373 xtb: 6.7.1 (41059b4)
C           -2.56339257960662        0.59711139360943       -0.00708378594129
C           -1.22003588653883       -0.06173901470787        0.00285253146956
C           -1.13472610002705       -1.44517670154846        0.02252151769626
C            0.09331225095739       -2.07700666737096        0.04775188390435
C            1.25108247434913       -1.33031540558855        0.01237656624652
C            1.17762430615260        0.05755767230599       -0.03692839660608
C           -0.05539826390790        0.71238088493907       -0.00356496740824
C           -0.16206612177222        2.20645330098611        0.03486109268289
O            2.37532601522274        0.71357341815476       -0.11076994586114
H           -2.75320981760422        1.10702695657036        0.93949978923261
H           -2.62984528411385        1.33925791201148       -0.80207264179884
H           -3.34914885843718       -0.13979449226667       -0.15532701899196
H           -2.03987373738773       -2.03288072513865        0.01986100505458
H            0.14980067696108       -3.15474216691089        0.08533319172187
H            2.22223809494293       -1.79375817774799        0.01769173610268
H           -0.89139832596323        2.50825351438790        0.79082865895562
H            0.78525764768404        2.69493054108164        0.28850050252787
H           -0.50169147915937        2.60526781710300       -0.92891764948300
H            2.23426965637631        1.66144515544271       -0.22349125898384
19
 energy: -26.291170545330 gnorm: 0.008071861896 xtb: 6.7.1 (41059b4)
C           -2.56460590459600        0.59688506319741       -0.00657913496555
C           -1.22061014457953       -0.06178937415512        0.00252228631761
C           -1.13506864274911       -1.44529685896903        0.02064471201577
C            0.09335750151607       -2.07669496697406        0.04333182318037
C            1.25112652212180       -1.33015188298115        0.01092157101123
C            1.17781783309753        0.05770590209672       -0.03260831890736
C           -0.05586503753322        0.71231863714570       -0.00364236441415
C           -0.16111071140772        2.20743487243180        0.03009136475702
O            2.37484739676771        0.71455744560721       -0.09889829129644
H           -2.74954352737177        1.11120508423661        0.93780858585951
H           -2.63333932484837        1.33421326494351       -0.80553557910295
H           -3.35008677346362       -0.14141963430602       -0.14866781527119
H           -2.04022447493618       -2.03323638581266        0.02142268708335
H            0.15002226576683       -3.15450314136464        0.07836742170070
H            2.22257830134634       -1.79370569396975        0.01451353133144
H           -0.87466745722881        2.51380047032406        0.79516231292834
H            0.78703696322998        2.69281121703615        0.26414844932916
H           -0.51543061615509        2.60190680839031       -0.92564032906852
H            2.23189049915122        1.66180438843538       -0.20344010196792
19
 energy: -26.291207979165 gnorm: 0.006011974124 xtb: 6.7.1 (41059b4)
C           -2.56502591447247        0.59726828394719       -0.00554718556864
C           -1.22038618480690       -0.06182105755403        0.00222964474011
C           -1.13528910580044       -1.44551911618318        0.02043584694324
C            0.09329516755875       -2.07719399340967        0.03872045823568
C            1.25095308939288       -1.33052755544492        0.00882163132971
C            1.17909940293125        0.05770603857466       -0.02807559942453
C           -0.05546502723261        0.71193703866861       -0.00386219489929
C           -0.16143046191311        2.20868052233488        0.02524986927184
O            2.37594058168940        0.71432176815127       -0.08543960443825
H           -2.74406605061647        1.11981836160662        0.93429135806901
H           -2.63864867999297        1.32630595267753       -0.81062867324973
H           -3.35075132889623       -0.14184912836637       -0.13631053558265
H           -2.04078713749917       -2.03319780839177        0.02323276824683
H            0.14984335176624       -3.15513049730658        0.06800941830570
H            2.22281608404269       -1.79420108504721        0.00950128763312
H           -0.86500717362130        2.51778513519946        0.79816320012612
H            0.78807169882420        2.69547855248913        0.24462429507637
H           -0.52775741947199        2.59603874575974       -0.92730852915385
H            2.23271977624629        1.66194505760706       -0.18218464514036
19
 energy: -26.291249659367 gnorm: 0.003028274747 xtb: 6.7.1 (41059b4)
C           -2.56483648708528        0.59858265702814       -0.00260804042281
C           -1.21939863167300       -0.06192446261854        0.00391262537678
C           -1.13572032336906       -1.44604453475109        0.01937919946972
C            0.09302450392350       -2.07895313930028        0.02933715950412
C            1.25036907067828       -1.33155830642898        0.00463567924231
C            1.18183781864890        0.05757489222048       -0.01944382277912
C           -0.05403475489155        0.71083149148598       -0.00088395030022
C           -0.16326407089198        2.21025412298656        0.01697882072962
O            2.37835370625849        0.71349263881844       -0.06269255601213
H           -2.73443456378244        1.13613167109294        0.93014897450425
H           -2.64483247555490        1.31418176429424       -0.81916236904420
H           -3.35162486803099       -0.14260113245287       -0.11490201388919
H           -2.04219207535227       -2.03272669857885        0.02557844573221
H            0.14916755906034       -3.15714950712074        0.04929612879418
H            2.22314583076206       -1.79514158368060        0.00039165236338
H           -0.85258144948784        2.52466477259824        0.80075761535054
H            0.78823309183731        2.70300483092571        0.21141524359536
H           -0.54880012779014        2.58257592334595       -0.93320439646344
H            2.23571291486860        1.66264981544769       -0.14501158523092
19
 energy: -26.291262152678 gnorm: 0.001508150380 xtb: 6.7.1 (41059b4)
C           -2.56386529599688        0.59982266350764        0.00004567613649
C           -1.21841995182397       -0.06203680751784        0.00581217436244
C           -1.13587261388092       -1.44641236185643        0.01833249930857
C            0.09285846868553       -2.08042377826414        0.02394787459396
C            1.24999554621762       -1.33233867114453        0.00263454879239
C            1.18352839348913        0.05730955864253       -0.01515199369471
C           -0.05261009954937        0.70998848912773        0.00182160446253
C           -0.16506694505458        2.21044852428351        0.01282836934411
O            2.37976953928650        0.71269859974113       -0.05114370212135
H           -2.72791048288077        1.14797321427838        0.92781276111064
H           -2.64705736772446        1.30674406592026       -0.82405439060228
H           -3.35178108321425       -0.14209157055312       -0.10037212884843
H           -2.04310211166916       -2.03222237027607        0.02441133941800
H            0.14861185456982       -3.15859206778969        0.03796965475195
H            2.22336152420669       -1.79560956670725       -0.00401227132021
H           -0.84891831885773        2.52759863692946        0.80012243124537
H            0.78672622887418        2.70885200251479        0.19383541623982
H           -0.56012436520231        2.57293718433408       -0.93748145648309
H            2.23800174865296        1.66319947014199       -0.12343559617576
19
 energy: -26.291267620768 gnorm: 0.001001479219 xtb: 6.7.1 (41059b4)
C           -2.56280535499932        0.60073123945770        0.00232041393119
C           -1.21784819922270       -0.06224364533313        0.00732572711894
C           -1.13586345306593       -1.44671418209762        0.01667178959256
C            0.09287895287249       -2.08140288942468        0.02087270580406
C            1.24991338631217       -1.33278216527871        0.00205324116735
C            1.18413637384173        0.05702442503879       -0.01387797068368
C           -0.05161290032815        0.70947690991815        0.00379020615907
C           -0.16629393149256        2.20979525341883        0.01140361289477
O            2.38001891897263        0.71237639578656       -0.04824343314727
H           -2.72334237472063        1.15647028651918        0.92645907548199
H           -2.64769949878257        1.30195296009017       -0.82665312776341
H           -3.35182659654731       -0.14095618249671       -0.09002153787831
H           -2.04354390640591       -2.03201926394657        0.02107922699633
H            0.14838359732437       -3.15940483067790        0.03279934134142
H            2.22362248552183       -1.79561164268909       -0.00451964368071
H           -0.85041619106220        2.52789159410423        0.79719831045381
H            0.78486908860001        2.71181486330771        0.18825498931043
H           -0.56317366659311        2.56761265281990       -0.94028930770931
H            2.23872793790319        1.66383343679561       -0.11270080886881
19
 energy: -26.291271621478 gnorm: 0.001382614276 xtb: 6.7.1 (41059b4)
C           -2.56260432190961        0.60073605088294        0.00309530524776
C           -1.21802805956506       -0.06240398201615        0.00747407023537
C           -1.13578433065803       -1.44676589661404        0.01568849002889
C            0.09300016218993       -2.08136828552912        0.02107233011799
C            1.25005449558121       -1.33277127688218        0.00269286043826
C            1.18370572441876        0.05694303522085       -0.01515639990020
C           -0.05166937329610        0.70955170859926        0.00370455599774
C           -0.16626129650926        2.20931314881606        0.01218359971113
O            2.37948522180413        0.71250774167281       -0.05228726095616
H           -2.72166413712745        1.15922510135332        0.92590665519551
H           -2.64838629135709        1.29989612990706       -0.82750371331420
H           -3.35213077733580       -0.14063129448238       -0.08596953055929
H           -2.04338926475848       -2.03222260884987        0.01836390888811
H            0.14850891223371       -3.15930121929160        0.03351932428737
H            2.22375341598815       -1.79545437047228       -0.00277287218921
H           -0.85435340135687        2.52677469788214        0.79420273498338
H            0.78405670806561        2.71108676339496        0.19409820162413
H           -0.55831810610064        2.56855128564284       -0.94109206234277
H            2.23814938782093        1.66417848607779       -0.11329738697336
19
 energy: -26.291276501486 gnorm: 0.001826584938 xtb: 6.7.1 (41059b4)
C           -2.56280623623706        0.60050027353103        0.00421702048882
C           -1.21839073862675       -0.06258003015587        0.00753007882081
C           -1.13575898982264       -1.44681597441441        0.01438001010671
C            0.09312165471852       -2.08121800751315        0.02008728372741
C            1.25021284208829       -1.33279056665480        0.00246682505694
C            1.18322105843355        0.05690935879747       -0.01630843388091
C           -0.05199290806989        0.70971835312457        0.00337112006808
C           -0.16587464469857        2.20921050598341        0.01241137197710
O            2.37902781771108        0.71259332709510       -0.05607339433103
H           -2.71782439129463        1.16582237273798        0.92374847324230
H           -2.65198230012098        1.29373105694702       -0.83122944725178
H           -3.35301823127711       -0.14136668417145       -0.07598568281438
H           -2.04314389250575       -2.03259334518437        0.01601925753677
H            0.14863126988678       -3.15921984422344        0.03290334258940
H            2.22384957812144       -1.79540320990895       -0.00211207511961
H           -0.85949852647822        2.52637892283347        0.78949957046650
H            0.78342280869096        2.71001592068239        0.20226564424349
H           -0.55060254892526        2.57017187506002       -0.94332779686536
H            2.23753104653428        1.66478091074638       -0.10994035754081
19
 energy: -26.291280537335 gnorm: 0.002043249885 xtb: 6.7.1 (41059b4)
C           -2.56327752685179        0.59993636216156        0.00449342504095
C           -1.21868109278889       -0.06253143232123        0.00767340355526
C           -1.13573827252518       -1.44667964874408        0.01449190584663
C            0.09310497646131       -2.08078718954045        0.02015317486897
C            1.25021021632108       -1.33258254000044        0.00161582539263
C            1.18274417772361        0.05703716825340       -0.01787876705396
C           -0.05251212947912        0.70992612801046        0.00291860085999
C           -0.16515692838776        2.20934275422789        0.01324266701672
O            2.37869151000120        0.71263199186278       -0.05925857118619
H           -2.71588261465370        1.17084629620296        0.92092761808832
H           -2.65546290875409        1.28781940591048       -0.83515229580455
H           -3.35357279288021       -0.14278598387434       -0.06863433921833
H           -2.04280992361813       -2.03278565354797        0.01607796076310
H            0.14865667238551       -3.15883621769164        0.03288169986489
H            2.22366414646686       -1.79526218514853       -0.00328343391255
H           -0.86459389804371        2.52641178673426        0.78546371423563
H            0.78313036498701        2.70830337375084        0.21234851156818
H           -0.54162786164827        2.57278193213294       -0.94478011029140
H            2.23723855341230        1.66505886693351       -0.10937817911385
19
 energy: -26.291284464354 gnorm: 0.002237501826 xtb: 6.7.1 (41059b4)
C           -2.56387482192296        0.59932789586900        0.00447320160668
C           -1.21900229811984       -0.06243865257006        0.00820227503719
C           -1.13579077115345       -1.44661269775108        0.01512534098428
C            0.09305699300286       -2.08045324301191        0.01973676061606
C            1.25016281292954       -1.33233027860056        0.00021942791901
C            1.18232107695569        0.05721488526798       -0.01867200963708
C           -0.05305683317021        0.71011429953739        0.00314895538179
C           -0.16429483858334        2.20953321981384        0.01424047357845
O            2.37830777732292        0.71290460725396       -0.06130953849195
H           -2.71505447046720        1.17531387523062        0.91792267587413
H           -2.65837530823781        1.28227499686377       -0.83906967968329
H           -3.35394770455251       -0.14433581994954       -0.06276106765428
H           -2.04262749368029       -2.03296205739619        0.01772054910029
H            0.14873727043464       -3.15855968801701        0.03293732040600
H            2.22349483738997       -1.79508026112799       -0.00568341011728
H           -0.86925550707603        2.52677413856452        0.78155235117504
H            0.78305949967240        2.70654354993956        0.22247553989214
H           -0.53246476293656        2.57524295609392       -0.94611620136276
H            2.23672921032021        1.66537348930219       -0.11022015410399
19
 energy: -26.291291685364 gnorm: 0.001064715988 xtb: 6.7.1 (41059b4)
C           -2.56409533962186        0.59966487544544        0.00483233776909
C           -1.21886604864585       -0.06252086124677        0.00860745829886
C           -1.13591597579006       -1.44690986919697        0.01588080053792
C            0.09313830064163       -2.08107054959048        0.01946639453220
C            1.25017076090388       -1.33249983220141       -0.00028772002200
C            1.18296043598696        0.05720504518661       -0.01725146510030
C           -0.05270574394377        0.70975384457131        0.00415321531608
C           -0.16425092782105        2.21001089732311        0.01401928466483
O            2.37830969680967        0.71335359846354       -0.05982166037977
H           -2.71558845437050        1.17504258809606        0.91837109584387
H           -2.65806843886829        1.28296039220551       -0.83825046051093
H           -3.35387709737660       -0.14390605450511       -0.06330129404391
H           -2.04311623319017       -2.03299462009708        0.01995715074673
H            0.14879170980401       -3.15914143606100        0.03155513734305
H            2.22391813491327       -1.79504821581994       -0.00843233518988
H           -0.87184304815733        2.52735402991296        0.77837613503921
H            0.78195464800288        2.70719369591427        0.22495101115097
H           -0.52881953784412        2.57392533523197       -0.94785998658463
H            2.23602782669536        1.66547235168040       -0.11104228889097
19
 energy: -26.291299969381 gnorm: 0.001656138809 xtb: 6.7.1 (41059b4)
C           -2.56467469494472        0.60014990863946        0.00641816301763
C           -1.21863856109038       -0.06259911844430        0.01129908830069
C           -1.13616116350722       -1.44729160736571        0.01929801195664
C            0.09316720054951       -2.08202149891270        0.01863973594854
C            1.24979005816999       -1.33260353644501       -0.00279137839119
C            1.18413137844470        0.05735147209923       -0.01530699256455
C           -0.05219998450723        0.70886317945158        0.00667901496308
C           -0.16360591226800        2.21100799501717        0.01296536063423
O            2.37768416891749        0.71507297533441       -0.05545253854577
H           -2.71749680729171        1.17324340152453        0.92072837886995
H           -2.65644204542368        1.28476716815184       -0.83544747318152
H           -3.35351826725628       -0.14357529061541       -0.06500081335352
H           -2.04403258150821       -2.03277883538699        0.02619987101108
H            0.14881572173006       -3.15996475818526        0.02757975976607
H            2.22437608422201       -1.79469941619046       -0.01584054090974
H           -0.88109948611231        2.52885957944913        0.76693681481739
H            0.77978893518316        2.70717779678991        0.23561747585068
H           -0.51470793035533        2.57063721251226       -0.95479472894695
H            2.23294855517619        1.66624858788872       -0.11380439872232
19
 energy: -26.291306450638 gnorm: 0.001401648614 xtb: 6.7.1 (41059b4)
C           -2.56477801722652        0.59984708570791        0.00758506630844
C           -1.21870952879446       -0.06252674157893        0.01214827078057
C           -1.13611039819769       -1.44713595770122        0.02005852970518
C            0.09309159281795       -2.08170564373566        0.01851981349906
C            1.24965746686331       -1.33246500408870       -0.00343511242969
C            1.18399608694373        0.05741738439275       -0.01565651452499
C           -0.05241187781938        0.70891573800748        0.00702831397007
C           -0.16329714844922        2.21099157615014        0.01256592828216
O            2.37754314387699        0.71517517457228       -0.05556904063260
H           -2.71853276983094        1.17141528715707        0.92280156818027
H           -2.65599879599137        1.28567175255482       -0.83341439419815
H           -3.35344207033077       -0.14403224069088       -0.06551072651152
H           -2.04383240332088       -2.03267495161094        0.02761985899279
H            0.14877958934805       -3.15964321374967        0.02716333303010
H            2.22405863625884       -1.79466887924744       -0.01704125677523
H           -0.88699636504416        2.52927348762870        0.76044510092392
H            0.77850882825678        2.70665433218930        0.24389438093070
H           -0.50594277446466        2.57117672349351       -0.95828790424640
H            2.23254147323242        1.66615930586187       -0.11699240476425
19
 energy: -26.291327083168 gnorm: 0.001310603497 xtb: 6.7.1 (41059b4)
C           -2.56525743231205        0.59874288137875        0.01135887916688
C           -1.21945170010753       -0.06253048709062        0.01373216888878
C           -1.13598245556955       -1.44693942968153        0.02097406952244
C            0.09304756922336       -2.08060405060564        0.01907716098194
C            1.24972248331460       -1.33186744424312       -0.00390428772105
C            1.18257936771292        0.05768212502368       -0.01877865437415
C           -0.05373289926818        0.70930672178749        0.00638236757227
C           -0.16168565688901        2.21026407095605        0.01206794414744
O            2.37623026702283        0.71622928235094       -0.06001097666529
H           -2.72043532039583        1.16604508388466        0.92944561560074
H           -2.65661501727789        1.28833516934428       -0.82682188736286
H           -3.35400573185377       -0.14520018275315       -0.06495425161371
H           -2.04293523757398       -2.03312667051089        0.02761333235102
H            0.14908387183350       -3.15863117192993        0.02830249230567
H            2.22342231522209       -1.79436551459368       -0.01584892854060
H           -0.90607818828021        2.52941187115571        0.73979600725755
H            0.77536971847933        2.70245913395875        0.27376285330794
H           -0.47536173293314        2.57595548104164       -0.96791862799421
H            2.23021044778056        1.66667834583900       -0.13035246631040
19
 energy: -26.291342963382 gnorm: 0.004310385824 xtb: 6.7.1 (41059b4)
C           -2.56666480121337        0.59694431090633        0.01651844012830
C           -1.22050978533113       -0.06248838419886        0.01629066309358
C           -1.13590934833410       -1.44668985969517        0.02256522302617
C            0.09298754428868       -2.07940419181979        0.02008994874835
C            1.24968108683193       -1.33112915221729       -0.00469495762822
C            1.18105108882154        0.05800327401366       -0.02197696860403
C           -0.05535671808984        0.70969999103480        0.00696699930234
C           -0.15888880097099        2.21014389974278        0.01220337589718
O            2.37429041312070        0.71791977283245       -0.06802605235794
H           -2.72435092079867        1.15738865892369        0.93890321495575
H           -2.65761378733539        1.29206267350217       -0.81736227454002
H           -3.35482401901013       -0.14748913725098       -0.06561445178925
H           -2.04209096517185       -2.03361050632393        0.03001938742297
H            0.14942432290517       -3.15745474734274        0.03031808311343
H            2.22277991186880       -1.79391765571995       -0.01672830935819
H           -0.93539436186274        2.53078857443321        0.70702521628230
H            0.76902031130270        2.69703704926928        0.32151875102674
H           -0.42584365778170        2.58281820335227       -0.98168230136246
H            2.22633715488846        1.66722244187046       -0.15241117683657
19
 energy: -26.291355718277 gnorm: 0.003676389442 xtb: 6.7.1 (41059b4)
C           -2.56735586957752        0.59628002776320        0.01678911406712
C           -1.22089641625006       -0.06244548624050        0.01706986093802
C           -1.13594600380246       -1.44659934738878        0.02347206786157
C            0.09295729126151       -2.07914667324117        0.02081002613913
C            1.24959231435721       -1.33088935744913       -0.00503725628744
C            1.18054188790146        0.05814128304676       -0.02307140611164
C           -0.05582579154801        0.70980175419404        0.00717072392001
C           -0.15761650649839        2.21022648624565        0.01278702428273
O            2.37344021436422        0.71871483825774       -0.07046256651909
H           -2.72634638213608        1.15536588563482        0.93980546085423
H           -2.65791662947374        1.29228174794594       -0.81640005924868
H           -3.35499921968363       -0.14856587566713       -0.06709749190299
H           -2.04196947508500       -2.03370299221914        0.03098383140583
H            0.14946653746067       -3.15719387763041        0.03137393967384
H            2.22264781349701       -1.79361827916457       -0.01741694069184
H           -0.93750595446114        2.53183927330982        0.70205187470650
H            0.76825801668011        2.69518059950900        0.32865179319587
H           -0.41710562665875        2.58444619825732       -0.98169960719289
H            2.22470446778065        1.66772901014892       -0.15585757856989
19
 energy: -26.291409117312 gnorm: 0.002970133166 xtb: 6.7.1 (41059b4)
C           -2.57128451900227        0.59342213739620        0.01970368919377
C           -1.22288239408182       -0.06216536441227        0.02096995130229
C           -1.13614983009226       -1.44640484779258        0.02958775040502
C            0.09307074179361       -2.07839084547374        0.02512890992731
C            1.24944937113467       -1.32971113624593       -0.00764688078635
C            1.17834827584285        0.05893113476268       -0.02881503599306
C           -0.05817081570226        0.71012322513555        0.00811375382191
C           -0.15094157850235        2.21131481102200        0.01614427973477
O            2.36874562896472        0.72360848319401       -0.08597170581694
H           -2.73727507783519        1.14330018146429        0.94700713153138
H           -2.65998340132191        1.29571883397891       -0.80822205879870
H           -3.35589792408363       -0.15340715439953       -0.07479210430594
H           -2.04166024574834       -2.03434174121888        0.03917712578978
H            0.14993806054765       -3.15641462220477        0.03756329566698
H            2.22272311312796       -1.79189951268820       -0.02412807923935
H           -0.96251372378110        2.53606142816350        0.66416996411549
H            0.76104640783972        2.68404060865850        0.38472666562624
H           -0.35337975143247        2.59340884516631       -0.98796835819956
H            2.21494233046048        1.67065075080635       -0.18082548345463
19
 energy: -26.291380037760 gnorm: 0.010134079632 xtb: 6.7.1 (41059b4)
C           -2.57825573400415        0.58892411093837        0.02526751132051
C           -1.22623241683676       -0.06178379616096        0.02725660363127
C           -1.13651297428798       -1.44646765089181        0.04112870435425
C            0.09348267001765       -2.07773406472697        0.03299915393008
C            1.24945210519560       -1.32786507004972       -0.01361852533700
C            1.17496801770323        0.06017893149817       -0.03969615371774
C           -0.06207556321533        0.71034286020624        0.00895517180070
C           -0.13962824371896        2.21376131239367        0.02230797090116
O            2.36041332845091        0.73226781032640       -0.11727269187887
H           -2.75615018945029        1.12068402939838        0.96097797444966
H           -2.66354608117713        1.30396351783017       -0.79182133204676
H           -3.35749057147596       -0.16083677890683       -0.08917886796159
H           -2.04144306829870       -2.03572391968491        0.05787406148940
H            0.15093086401073       -3.15564075087220        0.05106638278669
H            2.22353883975819       -1.78884805508655       -0.03892705140207
H           -1.01599759760922        2.54222744000251        0.58778236692381
H            0.74289234164028        2.66386311043634        0.49794772129329
H           -0.22751530166212        2.61063787843771       -1.00092345012559
H            2.19729424308807        1.67589430022440       -0.22820273989080
19
 energy: -26.291471814928 gnorm: 0.001973681132 xtb: 6.7.1 (41059b4)
C           -2.57643670542056        0.59130829298553        0.01986879398532
C           -1.22482660275563       -0.06178780392244        0.02367215313555
C           -1.13651917463663       -1.44684249132251        0.03879829817471
C            0.09366693154408       -2.07928652723740        0.03177061191480
C            1.24979657694295       -1.32892356756755       -0.01273920238474
C            1.17707701084354        0.05961966664809       -0.03558345757074
C           -0.05996138994161        0.70993800441074        0.00820392930431
C           -0.14359200250235        2.21417645076262        0.02218638105668
O            2.36317957501966        0.72954467316836       -0.11063133804334
H           -2.75163398683912        1.12874203449089        0.95189810449737
H           -2.66192687039178        1.30211653758286       -0.80040220191051
H           -3.35650696703615       -0.15737703125407       -0.08980661308601
H           -2.04245196819248       -2.03521845953406        0.05713279189556
H            0.15060114793267       -3.15713990527346        0.05036374895471
H            2.22458724610660       -1.78971785035491       -0.03878725754924
H           -0.98924212021925        2.53978908531004        0.62018648007869
H            0.74690287081767        2.67080640231044        0.45174035145575
H           -0.27733683612340        2.60337872498152       -0.98742213081815
H            2.20274793297985        1.67471897912772       -0.20652663257030
19
 energy: -26.291504210495 gnorm: 0.001867758501 xtb: 6.7.1 (41059b4)
C           -2.57850712770887        0.58969171292110        0.02243243296277
C           -1.22610539929666       -0.06205139507835        0.02566100060617
C           -1.13664674281300       -1.44710710706869        0.04271283707797
C            0.09378990200598       -2.07891534589806        0.03470233553070
C            1.24957942118354       -1.32820620049838       -0.01523792970835
C            1.17550013894922        0.06002309856347       -0.04115039371621
C           -0.06159384285493        0.70968739069209        0.00701624142042
C           -0.13970588136392        2.21439152625854        0.02303601684195
O            2.35952750320183        0.73292027522220       -0.12166872296740
H           -2.75631921029824        1.12077413644624        0.95770984578171
H           -2.66287350597592        1.30517327946336       -0.79386597005526
H           -3.35731225183985       -0.15933244000509       -0.09349866127014
H           -2.04214488367054       -2.03600365260264        0.06271474321253
H            0.15117467414152       -3.15668104106097        0.05520357769263
H            2.22449453326677       -1.78850368872143       -0.04296084118881
H           -1.00719425256016        2.54174995789403        0.59144009840074
H            0.73941653101652        2.66237555013378        0.49060286090532
H           -0.23229881131421        2.61031170955728       -0.99170298290459
H            2.19534387405899        1.67754744909394       -0.21922367810176
19
 energy: -26.291491154632 gnorm: 0.006941336559 xtb: 6.7.1 (41059b4)
C           -2.58268570867449        0.58688375216090        0.02628900785191
C           -1.22833558436853       -0.06221277499804        0.02848147874959
C           -1.13688169701578       -1.44743928847931        0.05007271401845
C            0.09412739792462       -2.07846339095907        0.03969851037100
C            1.24939540828893       -1.32707057239290       -0.02050960693723
C            1.17312347804258        0.06072618226368       -0.05098253402087
C           -0.06424528393567        0.70942740614202        0.00439846261543
C           -0.13249045837623        2.21537702219260        0.02510355568841
O            2.35330185297110        0.73855122751482       -0.14426650266856
H           -2.76620404447974        1.10566267127816        0.96745165458207
H           -2.66528259352892        1.31115178621119       -0.78227468498751
H           -3.35859262709872       -0.16302283756171       -0.10211749179242
H           -2.04185507106457       -2.03716661040635        0.07575896016066
H            0.15217861342502       -3.15606054683916        0.06576258721760
H            2.22473876525682       -1.78653991165444       -0.05269938502573
H           -1.03695163966928        2.54639265962418        0.53777315479819
H            0.72202071671695        2.64743893741148        0.55975315586618
H           -0.14990980050723        2.62165679333497       -0.99482015524145
H            2.18267294422120        1.68255271046939       -0.23895007072532
19
 energy: -26.291531674570 gnorm: 0.003219185381 xtb: 6.7.1 (41059b4)
C           -2.58102287322028        0.58779772721705        0.02559555774125
C           -1.22760493389100       -0.06230614564456        0.02732918255090
C           -1.13679286101897       -1.44736155067828        0.04723315661449
C            0.09397945163970       -2.07842941306401        0.03768827171631
C            1.24933941632491       -1.32742582237266       -0.01897585714760
C            1.17376639177519        0.06047268433599       -0.04852044203027
C           -0.06345519788592        0.70943006422069        0.00433167732758
C           -0.13504702348187        2.21466035432313        0.02331185274149
O            2.35521509268045        0.73655750431941       -0.13642327479274
H           -2.76158553584392        1.11083534617150        0.96491892641899
H           -2.66461960863897        1.30908711605543       -0.78554140193609
H           -3.35829032675986       -0.16147137127630       -0.09786894969275
H           -2.04178835082242       -2.03683733585155        0.07058701695319
H            0.15194758713687       -3.15606535528384        0.06189547939064
H            2.22436396810195       -1.78725896810085       -0.04864974993006
H           -1.02601415474300        2.54503954613948        0.55414724233508
H            0.72650701644323        2.65205670207056        0.53495171348337
H           -0.17758772774983        2.61773936205606       -0.99337673341001
H            2.18681433808179        1.68132477067516       -0.22871085781339
19
 energy: -26.291547680160 gnorm: 0.001644615015 xtb: 6.7.1 (41059b4)
C           -2.58107761217990        0.58754198541226        0.02689327591278
C           -1.22774791999400       -0.06233481953237        0.02721152495608
C           -1.13682035595232       -1.44729169077434        0.04689640400040
C            0.09391457470545       -2.07812972416462        0.03692248339055
C            1.24922514875499       -1.32731897529408       -0.01956788098832
C            1.17354159796732        0.06054558848059       -0.04927782528402
C           -0.06370144585571        0.70948552515849        0.00334231283332
C           -0.13476936202393        2.21442756324433        0.02176460641441
O            2.35499967679325        0.73655246920543       -0.13623121554225
H           -2.76064875234950        1.11053039553377        0.96645326268840
H           -2.66570367341766        1.30876069615830       -0.78417269083979
H           -3.35853137052800       -0.16169522076068       -0.09566014924773
H           -2.04163695874109       -2.03686312251804        0.07040852854773
H            0.15203885616528       -3.15576865880370        0.06107034696361
H            2.22406797964086       -1.78731011011941       -0.04862703513663
H           -1.02627386078317        2.54609854375875        0.54849548917626
H            0.72367867431318        2.65138987347801        0.53601158129429
H           -0.17313436807499        2.61737795811454       -0.99358550076319
H            2.18670383968800        1.68184693873518       -0.22442470785554
19
 energy: -26.291582167367 gnorm: 0.001266209561 xtb: 6.7.1 (41059b4)
C           -2.58291409566245        0.58566818064501        0.03322151862167
C           -1.22891700840471       -0.06219417110673        0.02808145255785
C           -1.13703185231959       -1.44699196101424        0.04780503762621
C            0.09370990609681       -2.07705699861671        0.03464043283569
C            1.24882919239904       -1.32659903470487       -0.02341201939473
C            1.17219669026226        0.06107594622711       -0.05331937746312
C           -0.06529559595258        0.70983494022162        0.00008073772332
C           -0.13137663555041        2.21440961817908        0.01667115602505
O            2.35284721553459        0.73812246888275       -0.13984600451238
H           -2.76043156648607        1.10620502836275        0.97458242182851
H           -2.67190359451800        1.30784358177447       -0.77641738508198
H           -3.35979507736832       -0.16449074867294       -0.08803767803033
H           -2.04118424173494       -2.03712565447100        0.07395148225509
H            0.15240267494237       -3.15470978448468        0.05903031971432
H            2.22327052290650       -1.78689060956580       -0.05265662190653
H           -1.03705931563283        2.55214278284956        0.51061626572296
H            0.70860508528409        2.64588231573651        0.56084650321413
H           -0.13130649575768        2.61807872611248       -0.99688141112985
H            2.18347886008999        1.68464058895801       -0.21503402008549
19
 energy: -26.291593954666 gnorm: 0.007761534154 xtb: 6.7.1 (41059b4)
C           -2.58947666582977        0.58028171980115        0.04868436158450
C           -1.23249312364920       -0.06172052528905        0.03230797832483
C           -1.13764985553073       -1.44656446059631        0.05389698213772
C            0.09335700071405       -2.07521981365367        0.03169503431035
C            1.24793130605282       -1.32459554648358       -0.03447929741903
C            1.16830007993903        0.06252896179506       -0.06466896440917
C           -0.06986426468997        0.71045370629386       -0.00626042153578
C           -0.12027114863207        2.21568011274457        0.00721389162513
O            2.34533860981449        0.74475515973889       -0.15537331417010
H           -2.76472068797908        1.09265911748473        0.99494489085484
H           -2.68817077608525        1.30598245734555       -0.75648523982557
H           -3.36305940962983       -0.17337740376278       -0.07285705141536
H           -2.04045309194402       -2.03813905839694        0.08846275616038
H            0.15319596641953       -3.15285155115938        0.05680662371123
H            2.22217173793237       -1.78465199091467       -0.06854337821874
H           -1.07466334248566        2.56790214847672        0.40214523281811
H            0.66800707875272        2.62850537896071        0.64833109753215
H            0.00004641579477        2.62353534584483       -1.00598911649673
H            2.17059883916389        1.69268145708269       -0.20590925504838
19
 energy: -26.291640359972 gnorm: 0.001799101737 xtb: 6.7.1 (41059b4)
C           -2.58728676837973        0.58233184641855        0.04363648434779
C           -1.23108698796826       -0.06165583062077        0.03088740863806
C           -1.13747818692293       -1.44666425893973        0.05116111876099
C            0.09335351677557       -2.07625889240227        0.03136865509702
C            1.24826319883267       -1.32542672163295       -0.03062395657428
C            1.16997855643952        0.06198673802104       -0.05875779718889
C           -0.06800251590807        0.71034913030897       -0.00328396777217
C           -0.12446856347356        2.21575388385750        0.00994890514063
O            2.34874714208616        0.74214554434278       -0.14617725423626
H           -2.76167592288575        1.10078754662722        0.98663904815386
H           -2.68427307856984        1.30407443710414       -0.76538476168062
H           -3.36194688676976       -0.17087054141772       -0.07396952044422
H           -2.04098878062610       -2.03758331898861        0.08291697976699
H            0.15249142572723       -3.15395150022717        0.05466218770185
H            2.22279288121715       -1.78540577847186       -0.06378345209032
H           -1.06024046211496        2.56217743355447        0.44021966921323
H            0.68175380486680        2.63719882813680        0.61455148244980
H           -0.04860758758010        2.61967818944353       -1.00308962919948
H            2.17679988338204        1.68917848019849       -0.20699878956360
19
 energy: -26.291663640488 gnorm: 0.001398533657 xtb: 6.7.1 (41059b4)
C           -2.58875077384458        0.58146379982443        0.04766316859137
C           -1.23163615351613       -0.06132622480338        0.03235484266259
C           -1.13759831006974       -1.44658560002793        0.05135761827949
C            0.09313593212922       -2.07652379615162        0.02846985661336
C            1.24808649531322       -1.32522716803360       -0.03306354930296
C            1.16947476469654        0.06214720663849       -0.05810123653560
C           -0.06861225093210        0.71046293504170       -0.00275232009651
C           -0.12255938990363        2.21656227682703        0.00745914829857
O            2.34790128911079        0.74348407944610       -0.14356498801977
H           -2.75952310562892        1.10441689130919        0.98876126506287
H           -2.69048025042741        1.29879292050730       -0.76480297513809
H           -3.36276451085809       -0.17356516166734       -0.06285792945652
H           -2.04114401260412       -2.03756923304344        0.08439572596597
H            0.15203298953904       -3.15426331751744        0.04923219655167
H            2.22291878051331       -1.78474608339520       -0.06831855559685
H           -1.06644487367557        2.56575125796588        0.41621189057524
H            0.67190042823353        2.63677291612335        0.62808265457898
H           -0.02341431753445        2.61753434376639       -1.00455469780076
H            2.17560193758716        1.69026317250249       -0.20204930471266
19
 energy: -26.291660951450 gnorm: 0.008455449838 xtb: 6.7.1 (41059b4)
C           -2.59487030040181        0.57671767340094        0.06797548115373
C           -1.23461605049385       -0.06038206200749        0.03846187127886
C           -1.13800632759805       -1.44616284265652        0.05016770239896
C            0.09224450681060       -2.07624695416159        0.01484243740328
C            1.24708093970965       -1.32388549914552       -0.04376387896942
C            1.16618999462673        0.06300815405683       -0.05865249495400
C           -0.07217747313107        0.71107629052207       -0.00257283925591
C           -0.11346499333294        2.21851152507644       -0.00424629058088
O            2.34262987960164        0.74981657355607       -0.13415529761613
H           -2.74604864860805        1.12537943491708        0.99816456465223
H           -2.72057121652550        1.26942324658353       -0.76355141947294
H           -3.36721210813333       -0.18570285133476       -0.00309879835367
H           -2.04093513824903       -2.03793831061846        0.08599710864746
H            0.15059926680845       -3.15412189130833        0.02504047042952
H            2.22240491034878       -1.78179228316160       -0.08418256266267
H           -1.09642026091241        2.58199849503390        0.29841660182846
H            0.62276324298149        2.63076969378948        0.69948790977780
H            0.10162906894416        2.61095244958519       -1.00912127363196
H            2.16690537568264        1.69642437318514       -0.18128648155233
19
 energy: -26.291736497114 gnorm: 0.002485352650 xtb: 6.7.1 (41059b4)
C           -2.59318983977425        0.57793765152873        0.06508239315535
C           -1.23388687641412       -0.06065149764758        0.03741865825370
C           -1.13788704266495       -1.44632827151103        0.04778875526298
C            0.09230479220659       -2.07651340805563        0.01443509393607
C            1.24726083678002       -1.32429074729156       -0.04133428743612
C            1.16697500213451        0.06269041699269       -0.05571944607814
C           -0.07126397783985        0.71086542730040       -0.00107859815649
C           -0.11606868619683        2.21791600631688       -0.00236189017960
O            2.34426670589994        0.74835828176582       -0.12898099617135
H           -2.74296609513239        1.13211991907050        0.99228756429197
H           -2.71829017650310        1.26668012370298       -0.76978699791704
H           -3.36660304926591       -0.18367118062715       -0.00134435960265
H           -2.04102539665528       -2.03789669914610        0.08119612999187
H            0.15048170885306       -3.15438517405915        0.02398298305650
H            2.22256465994462       -1.78227300345326       -0.08000149187560
H           -1.08759665403099        2.57833194047128        0.32163712343316
H            0.63123486418908        2.63462936481440        0.67902921460925
H            0.07235222391026        2.60956087436850       -1.00663587957074
H            2.16946166868769        1.69476519077165       -0.18169115848276
19
 energy: -26.291752408154 gnorm: 0.001439156054 xtb: 6.7.1 (41059b4)
C           -2.59317500789137        0.57785556553140        0.06722658840750
C           -1.23410045512972       -0.06078505164580        0.03777687286405
C           -1.13796694575245       -1.44642635151917        0.04601517410567
C            0.09224239536032       -2.07641921950077        0.01172208878060
C            1.24728250140455       -1.32423922847267       -0.04220926470212
C            1.16684084021219        0.06271455719322       -0.05498713699917
C           -0.07149458239237        0.71081686867476       -0.00064909613948
C           -0.11571121630276        2.21769446796231       -0.00262888584354
O            2.34410729054991        0.74862000769050       -0.12650838165273
H           -2.73763999471804        1.14223836578948        0.98904822680271
H           -2.72331940469018        1.25754323679634       -0.77427896273879
H           -3.36696895097556       -0.18428550471659        0.01358680486448
H           -2.04103619618661       -2.03820152043056        0.07864936750726
H            0.15038409783553       -3.15430374677682        0.01964104013203
H            2.22261330982928       -1.78219751767438       -0.08068821420658
H           -1.08971012870936        2.57893638493640        0.30952680812086
H            0.62375648081772        2.63528931918385        0.68532849636558
H            0.08322721351255        2.60803656032231       -1.00384096969443
H            2.16879342135446        1.69495802196858       -0.17880774545353
19
 energy: -26.291787880752 gnorm: 0.001687193963 xtb: 6.7.1 (41059b4)
C           -2.59435029571337        0.57673028515092        0.07468629500468
C           -1.23554877161992       -0.06138797777591        0.03963333298905
C           -1.13846166283188       -1.44692019892625        0.04200703946615
C            0.09217621821855       -2.07580136255493        0.00417286391475
C            1.24723729308341       -1.32363636887834       -0.04672868174376
C            1.16563390904759        0.06320012631621       -0.05558140244305
C           -0.07315167926238        0.71064772458860       -0.00009433644279
C           -0.11275036856166        2.21715098124037       -0.00308576558006
O            2.34150247160258        0.75121679827248       -0.12482663746365
H           -2.72261158184619        1.17331001557413        0.97878967803275
H           -2.74112232918274        1.22672842113910       -0.78791904211816
H           -3.36838942019773       -0.18727728097582        0.06184109155285
H           -2.04096693642718       -2.03978859815985        0.07345346729835
H            0.15074961626500       -3.15366805820732        0.00839213639825
H            2.22265377393768       -1.78153012550840       -0.08571387776696
H           -1.09901802798323        2.58292427164771        0.25861585474109
H            0.59438414066216        2.63156289344023        0.71998345865011
H            0.13767976343184        2.60690529688454       -0.99316559791627
H            2.16247855550555        1.69747837204491       -0.17053706605294
19
 energy: -26.291797198786 gnorm: 0.004117835390 xtb: 6.7.1 (41059b4)
C           -2.59581593231909        0.57553285669382        0.08069196892227
C           -1.23652858428538       -0.06165090788123        0.04140730935668
C           -1.13883290613898       -1.44717054470673        0.04076692008982
C            0.09210390056211       -2.07547297823467       -0.00064781400968
C            1.24710303992298       -1.32323281872138       -0.05217398788076
C            1.16482054836628        0.06358457537327       -0.05950693505174
C           -0.07424964263005        0.71038459397556       -0.00153591246505
C           -0.10910258093501        2.21704811516993       -0.00351269728984
O            2.33891711636287        0.75402460731916       -0.12825462626287
H           -2.71214148446803        1.19662617961439        0.96910037429037
H           -2.75674861621405        1.20086476562225       -0.79742808231585
H           -3.36867296059382       -0.18900904969496        0.10030926518318
H           -2.04087908712831       -2.04062290328942        0.07256542851705
H            0.15112997905574       -3.15340218735468        0.00191227176702
H            2.22236722324621       -1.78128748629321       -0.09225952506702
H           -1.10897200239573        2.58724028855848        0.20774697967853
H            0.56428708716161        2.62554293542963        0.75874595553730
H            0.19250163806509        2.60848331841180       -0.98081435070669
H            2.15683793249365        1.70036185532038       -0.16318973177236
19
 energy: -26.291823175143 gnorm: 0.001018967493 xtb: 6.7.1 (41059b4)
C           -2.59587832064207        0.57541337846748        0.08076089260655
C           -1.23640997504149       -0.06141404297936        0.04008959246089
C           -1.13874638455271       -1.44696445783943        0.04127980499074
C            0.09197902872113       -2.07550518490157       -0.00031908723635
C            1.24691671160934       -1.32329293576607       -0.05281560628806
C            1.16480128156097        0.06350062949212       -0.06057984235705
C           -0.07421623188621        0.71047038656923       -0.00376145494576
C           -0.10928797225432        2.21705635619757       -0.00448882595985
O            2.33918220531565        0.75367811307419       -0.12888568823182
H           -2.71214911667487        1.19409979553918        0.97034986250795
H           -2.75712666557726        1.20233285918109       -0.79565480224855
H           -3.36811628569812       -0.18933915323654        0.09873124374380
H           -2.04076948480773       -2.04020844064281        0.07503661477263
H            0.15096023966146       -3.15343272593087        0.00352588551833
H            2.22207952097575       -1.78142388305018       -0.09291735409418
H           -1.10668003055186        2.58786647783377        0.20469777497956
H            0.55808620408322        2.62398660862362        0.75937323329597
H            0.19544609255689        2.61096345661814       -0.97742180321941
H            2.15805385133029        1.70005797806283       -0.16307762977502
19
 energy: -26.291830707091 gnorm: 0.000899610984 xtb: 6.7.1 (41059b4)
C           -2.59604120464736        0.57546687207403        0.08107936224111
C           -1.23635623948846       -0.06106699736968        0.03919424883369
C           -1.13868139842232       -1.44667311345817        0.04258891342688
C            0.09186870530868       -2.07539121449403        0.00039522499077
C            1.24668234035737       -1.32309831283793       -0.05427724838479
C            1.16460221909269        0.06365066742763       -0.06277752330768
C           -0.07431784497910        0.71071575557142       -0.00640676370422
C           -0.10926424394390        2.21737414587489       -0.00551588358798
O            2.33918823681559        0.75371155261521       -0.13061495130747
H           -2.71264750297654        1.18984843287528        0.97329548857640
H           -2.75685740411921        1.20603223405122       -0.79246008309737
H           -3.36770408320402       -0.18970844535601        0.09517207648561
H           -2.04070175318534       -2.03971277889776        0.07876406702758
H            0.15088932994820       -3.15330335429234        0.00597193245960
H            2.22181139877917       -1.78123371090643       -0.09437968076584
H           -1.10707823873057        2.58721209802089        0.19746146417441
H            0.55138111170121        2.62125488493220        0.76342626110442
H            0.20225498158860        2.61253003747391       -0.97439515615792
H            2.15909625823340        1.70023646200806       -0.16259893848682
19
 energy: -26.291839937205 gnorm: 0.001059679891 xtb: 6.7.1 (41059b4)
C           -2.59636711265479        0.57533687747467        0.08210756855143
C           -1.23645564803776       -0.06095096590855        0.03886971304737
C           -1.13863795032535       -1.44658471514490        0.04437941621207
C            0.09184261352872       -2.07532665399478        0.00135149325577
C            1.24650897544034       -1.32292471073387       -0.05607208109813
C            1.16427048312719        0.06374999114258       -0.06530995853234
C           -0.07458678703290        0.71079766179154       -0.00874339367680
C           -0.10885434559062        2.21777053174534       -0.00678246825122
O            2.33879411768703        0.75393968385114       -0.13377043864996
H           -2.71420858581672        1.18358227669993        0.97838382396186
H           -2.75593959002473        1.21160027980836       -0.78743207330940
H           -3.36780284981547       -0.19014412046956        0.08984678375888
H           -2.04062141452891       -2.03950699422804        0.08324333289026
H            0.15098713265100       -3.15320743181572        0.00872752583964
H            2.22163574895256       -1.78099492798251       -0.09685608265101
H           -1.10913913445948        2.58713031401374        0.18472319043771
H            0.54289622801377        2.61907020562162        0.77092390898567
H            0.21445911732887        2.61384846720053       -0.97125670407009
H            2.15934366968535        1.70065944624087       -0.16241074618136
19
 energy: -26.291854975345 gnorm: 0.000751021947 xtb: 6.7.1 (41059b4)
C           -2.59739028010605        0.57448643357234        0.08608610346158
C           -1.23703255801406       -0.06098222502957        0.03932404816030
C           -1.13860837339603       -1.44661970657236        0.04861436842007
C            0.09188554415049       -2.07515287782625        0.00317038179989
C            1.24626694387861       -1.32263912499821       -0.06013468196724
C            1.16337270202230        0.06389427668981       -0.07145061486051
C           -0.07548443414595        0.71074321780478       -0.01334457019094
C           -0.10721646433143        2.21814400145756       -0.01028627675985
O            2.33719488885070        0.75497040215936       -0.14192592269130
H           -2.71860430160113        1.16815325318575        0.99205198405341
H           -2.75423889860658        1.22451832231322       -0.77383783936695
H           -3.36869391148227       -0.19138955127288        0.07849331450911
H           -2.04037285763616       -2.03959084182409        0.09211072795148
H            0.15136435206989       -3.15296755300635        0.01378824146740
H            2.22144185897254       -1.78051201507344       -0.10244884046551
H           -1.11366105725038        2.58940783833083        0.14823860102644
H            0.52043685266726        2.61555001480263        0.79076341596593
H            0.24981051424758        2.61584808244742       -0.96339966781753
H            2.15765414783875        1.70198326815180       -0.16188996217540
19
 energy: -26.291858182012 gnorm: 0.000599211184 xtb: 6.7.1 (41059b4)
C           -2.59739281659934        0.57436520525415        0.08810198663789
C           -1.23715904102551       -0.06106708742688        0.04034158632699
C           -1.13856609157809       -1.44669129302795        0.04923411269985
C            0.09196239531612       -2.07510585655149        0.00282098908320
C            1.24634756206104       -1.32269177652089       -0.06097726000606
C            1.16334049252897        0.06384990933587       -0.07202985700237
C           -0.07563558900788        0.71064555898009       -0.01322057386060
C           -0.10698780389705        2.21781440746092       -0.01153271262160
O            2.33682392031186        0.75523947693748       -0.14350938439913
H           -2.71940089781713        1.16509809281884        0.99579041420459
H           -2.75363684002127        1.22724595084981       -0.76966839021058
H           -3.36894677912912       -0.19114155883509        0.07718347425048
H           -2.04018236903544       -2.03984136791858        0.09356159643876
H            0.15145305636585       -3.15292503683494        0.01325580123218
H            2.22147823277121       -1.78058314336132       -0.10422862129203
H           -1.11467680504356        2.59040021311260        0.13535088386744
H            0.51238016456698        2.61633615345729        0.79566651208681
H            0.26045971526290        2.61474104960792       -0.96098870340353
H            2.15646416209754        1.70215631797455       -0.16122904351191
19
 energy: -26.291861509690 gnorm: 0.000438056714 xtb: 6.7.1 (41059b4)
C           -2.59723012861518        0.57435934237924        0.09096824512143
C           -1.23725264874094       -0.06114614890871        0.04164844914328
C           -1.13856857541116       -1.44676367878213        0.04973300660152
C            0.09196408521423       -2.07505559869835        0.00171522102772
C            1.24638943022624       -1.32273575082430       -0.06192770251606
C            1.16337449040218        0.06384551400155       -0.07231211991328
C           -0.07572287816248        0.71057745627799       -0.01292927574247
C           -0.10684943771978        2.21737744621013       -0.01337192273267
O            2.33656737583614        0.75566514234866       -0.14335020257388
H           -2.71857966785992        1.16447152135789        0.99899112975328
H           -2.75401155748696        1.22781306799918       -0.76616757863536
H           -3.36897655280668       -0.19080543503167        0.07982085754454
H           -2.04000910218923       -2.04018064687407        0.09380144489502
H            0.15136825057654       -3.15292043406294        0.01052201027783
H            2.22144891720465       -1.78068833436459       -0.10595175572156
H           -1.11556547990635        2.59110787987524        0.12011586060885
H            0.50238334151463        2.61779869934866        0.80040915078804
H            0.27246936067502        2.61275734104678       -0.95862998516641
H            2.15492544537712        1.70236783201384       -0.15916202223946
19
 energy: -26.291864886453 gnorm: 0.000577808277 xtb: 6.7.1 (41059b4)
C           -2.59714873023258        0.57433861173271        0.09445148128264
C           -1.23730587399100       -0.06116785259120        0.04227735619448
C           -1.13859715011797       -1.44677989557381        0.04914489956948
C            0.09189746389811       -2.07502559765913       -0.00063578700567
C            1.24636706853834       -1.32274319188291       -0.06335766044803
C            1.16339576655775        0.06385129563106       -0.07224500961078
C           -0.07579226556477        0.71054711548667       -0.01324024211561
C           -0.10669490846916        2.21721138853734       -0.01576542696705
O            2.33645090682617        0.75606107775248       -0.14185824669779
H           -2.71590463181575        1.16598991300525        1.00173998705931
H           -2.75647867192543        1.22627939294569       -0.76336214135309
H           -3.36889323270997       -0.19081030734563        0.08669832234492
H           -2.03988521976628       -2.04038338106650        0.09418739158580
H            0.15123127717689       -3.15292852815625        0.00715385696109
H            2.22137295370588       -1.78075877589708       -0.10778842924151
H           -1.11709035635289        2.59166476322526        0.10149565927264
H            0.49023407721238        2.61868980681906        0.80657485062909
H            0.28710895639310        2.61120208564374       -0.95573819487644
H            2.15385723876527        1.70260729470563       -0.15580985606312
19
 energy: -26.291869715250 gnorm: 0.000448313807 xtb: 6.7.1 (41059b4)
C           -2.59706614331073        0.57428692260954        0.09865192514253
C           -1.23731758348322       -0.06118755521240        0.04291061658441
C           -1.13866946658100       -1.44680469923012        0.04775363432969
C            0.09175358860664       -2.07506631509025       -0.00392591066929
C            1.24629698553407       -1.32275097122994       -0.06491294080229
C            1.16339187782165        0.06384450350662       -0.07185043048498
C           -0.07584384813712        0.71052277891298       -0.01369944006943
C           -0.10657211779258        2.21724018522891       -0.01859362656498
O            2.33657199674662        0.75631573348769       -0.13780821032548
H           -2.71029558676089        1.17261430746717        1.00224339255760
H           -2.76193047114415        1.21984334368427       -0.76305036200366
H           -3.36867196376764       -0.19112567285586        0.10118749413834
H           -2.03990665571470       -2.04048894459047        0.09229785299801
H            0.15094684901355       -3.15299115218282        0.00105184312151
H            2.22129562586584       -1.78080032802687       -0.10928707330712
H           -1.11843335533144        2.59199436726912        0.08144546098184
H            0.47730248826113        2.62010530474430        0.81203096481829
H            0.30173516536367        2.60948235926630       -0.95275350052321
H            2.15353728293835        1.70281104755422       -0.14976887940144
19
 energy: -26.291872874375 gnorm: 0.000246390743 xtb: 6.7.1 (41059b4)
C           -2.59713508567280        0.57420779997601        0.10068550073505
C           -1.23735736534783       -0.06111315366150        0.04263097991183
C           -1.13874020417283       -1.44675714993139        0.04649752187833
C            0.09160645037807       -2.07506728075676       -0.00613014505370
C            1.24617410497728       -1.32265418603964       -0.06599018845239
C            1.16325737264774        0.06392246003984       -0.07176520175598
C           -0.07595806747141        0.71058967879038       -0.01447316962757
C           -0.10651574046409        2.21747587522486       -0.01995948669954
O            2.33661733335176        0.75632600264255       -0.13588364617634
H           -2.70636746314861        1.17807604923826        1.00115187192703
H           -2.76629036266177        1.21434288039950       -0.76436027917814
H           -3.36832568381058       -0.19165913998253        0.11153574430926
H           -2.04004030485122       -2.04034190553890        0.09125829449719
H            0.15079571582293       -3.15298257756200       -0.00177327866216
H            2.22122385603431       -1.78063294409635       -0.10993147143074
H           -1.11932958830890        2.59189206341421        0.07140681871976
H            0.47039652169646        2.61990449629988        0.81570226990742
H            0.30984992789977        2.60933163417242       -0.95085498536210
H            2.15426325122978        1.70298461268354       -0.14582433896687
19
 energy: -26.291874677995 gnorm: 0.000211821893 xtb: 6.7.1 (41059b4)
C           -2.59719446831580        0.57413765274696        0.10118685431219
C           -1.23736098218097       -0.06108354121164        0.04240526060053
C           -1.13876078884543       -1.44674806077796        0.04572332085511
C            0.09153858937001       -2.07509557100771       -0.00710163696377
C            1.24611197399640       -1.32262682080992       -0.06659418993161
C            1.16317333311307        0.06393493962168       -0.07200687174310
C           -0.07599830841598        0.71061518284811       -0.01489029303120
C           -0.10653008008176        2.21765078876374       -0.01994826475199
O            2.33667591793481        0.75615520798251       -0.13525427790740
H           -2.70372854885058        1.18337310953451        0.99832395588960
H           -2.76942983118253        1.20902888209537       -0.76715414553871
H           -3.36804421199522       -0.19194007455350        0.11916499893698
H           -2.04015198672704       -2.04020562767405        0.09038970342092
H            0.15073164578710       -3.15299884262853       -0.00325181969333
H            2.22120502852450       -1.78052655529290       -0.11038915610549
H           -1.11963677860826        2.59184075327208        0.06847061827547
H            0.46806251963346        2.61957038279573        0.81736354727918
H            0.31224338621161        2.60975878283730       -0.94939063888478
H            2.15521825876068        1.70300462677057       -0.14312415449827
19
 energy: -26.291875671468 gnorm: 0.000138777019 xtb: 6.7.1 (41059b4)
C           -2.59732499703604        0.57404412733317        0.10135058273633
C           -1.23741684554919       -0.06105318913186        0.04243092339954
C           -1.13877747245998       -1.44673377929579        0.04578180992113
C            0.09149927447463       -2.07508205663073       -0.00738305634534
C            1.24603596945196       -1.32256364490046       -0.06731920925861
C            1.16304233056191        0.06399091930879       -0.07264191679194
C           -0.07609789051913        0.71065163869689       -0.01525918531254
C           -0.10641738028407        2.21775822022562       -0.01976685226650
O            2.33654858184028        0.75615452108290       -0.13602974208996
H           -2.70255735976050        1.18636361529356        0.99650123131319
H           -2.77110157138154        1.20582491805337       -0.76895649456926
H           -3.36787455653221       -0.19220189250287        0.12321136508396
H           -2.04019957258296       -2.04012585715047        0.09051303897781
H            0.15073347271948       -3.15297654536662       -0.00346030552583
H            2.22115428521992       -1.78039450059243       -0.11128382856348
H           -1.11998438440531        2.59192287895449        0.06597726057342
H            0.46593016229752        2.61878944476874        0.81974216636251
H            0.31526131104926        2.61035158516158       -0.94792657443828
H            2.15567131102404        1.70312481200449       -0.14155840268583
19
 energy: -26.291876300520 gnorm: 0.000125080323 xtb: 6.7.1 (41059b4)
C           -2.59735989537573        0.57402003617561        0.10149656583842
C           -1.23744365176093       -0.06106873434556        0.04255522661360
C           -1.13878496097831       -1.44674957248135        0.04552510701170
C            0.09148066399651       -2.07508019717144       -0.00807672976866
C            1.24600513057323       -1.32255073654474       -0.06795556719395
C            1.16300249508170        0.06400611961732       -0.07283100526720
C           -0.07614352874788        0.71064329655831       -0.01520511639277
C           -0.10638256970066        2.21773415891129       -0.01945623110339
O            2.33647395507670        0.75615944306888       -0.13651136932817
H           -2.70141735273775        1.18980511038769        0.99443100398624
H           -2.77247680909767        1.20241756146717       -0.77107805583808
H           -3.36774605327670       -0.19231554088110        0.12740473855442
H           -2.04019029108531       -2.04014883204016        0.09073037425067
H            0.15073991487837       -3.15297489365300       -0.00389196123545
H            2.22111917576836       -1.78035604187041       -0.11219008347241
H           -1.12005046206785        2.59201356289069        0.06415819354686
H            0.46419438393689        2.61853599611562        0.82136643457895
H            0.31731511029336        2.61059607120905       -0.94653385909228
H            2.15578941335174        1.70315840789849       -0.14001485516815
19
 energy: -26.291876751269 gnorm: 0.000122611203 xtb: 6.7.1 (41059b4)
C           -2.59735512188746        0.57400926595550        0.10180402058201
C           -1.23744529779713       -0.06107932781913        0.04280062162082
C           -1.13877033415532       -1.44675735551869        0.04574135520421
C            0.09148680846384       -2.07507014787085       -0.00827385055071
C            1.24599724265551       -1.32255310771273       -0.06853276015005
C            1.16299589138737        0.06400593644479       -0.07324649225191
C           -0.07615781505843        0.71063688640464       -0.01527290072663
C           -0.10634023846412        2.21769690327665       -0.01934321295672
O            2.33642381942328        0.75622493407867       -0.13693754466810
H           -2.70068848475496        1.19201557449133        0.99322591314104
H           -2.77340629812866        1.20020297762387       -0.77216879938506
H           -3.36765438763091       -0.19227980125390        0.13033481585841
H           -2.04013840258877       -2.04020120612603        0.09104585595157
H            0.15072391824367       -3.15296862608870       -0.00451793687721
H            2.22108297361620       -1.78037513767564       -0.11324104284492
H           -1.12027221998525        2.59209910051098        0.06123553754409
H            0.46187758967659        2.61838846732469        0.82322697476478
H            0.32011730294892        2.61064875747207       -0.94516259486000
H            2.15564772216368        1.70320112179484       -0.13879514887527
19
 energy: -26.291877211508 gnorm: 0.000135314670 xtb: 6.7.1 (41059b4)
C           -2.59731245116439        0.57400019670063        0.10235480875797
C           -1.23744249205867       -0.06110038384184        0.04318256768420
C           -1.13877663909923       -1.44677485743095        0.04590163821403
C            0.09146473531891       -2.07507163339456       -0.00884070514992
C            1.24597721158690       -1.32257679211843       -0.06929816609583
C            1.16300333808775        0.06398635567974       -0.07352237011567
C           -0.07615819780044        0.71061964201542       -0.01524962231814
C           -0.10630526322116        2.21764556253850       -0.01946767087748
O            2.33639073182767        0.75629552256846       -0.13705672724709
H           -2.69966697653315        1.19421959605328        0.99229560555200
H           -2.77441102596942        1.19799172183935       -0.77298089667199
H           -3.36752977422163       -0.19223837980560        0.13362449001612
H           -2.04009459085739       -2.04026928412972        0.09144679246172
H            0.15068491218035       -3.15297363722610       -0.00531782709548
H            2.22103520038656       -1.78042592301097       -0.11441518633771
H           -1.12051246428126        2.59217598353418        0.05690813273955
H            0.45854552596856        2.61842200072028        0.82538505497372
H            0.32384868181721        2.61069570403616       -0.94355121986071
H            2.15538420616088        1.70322382058453       -0.13747588810894
19
 energy: -26.291877779364 gnorm: 0.000197951185 xtb: 6.7.1 (41059b4)
C           -2.59724292773618        0.57402543491347        0.10349457556166
C           -1.23743053619252       -0.06111354946780        0.04341886269416
C           -1.13876683718234       -1.44678329858541        0.04586566107992
C            0.09144410589644       -2.07507115656127       -0.00964613048880
C            1.24595776970924       -1.32260251882500       -0.07019003403968
C            1.16301558328304        0.06396606244505       -0.07382532590507
C           -0.07615930225551        0.71059981573272       -0.01547575347865
C           -0.10630279105409        2.21757035478049       -0.01990984316904
O            2.33637337884493        0.75638027311788       -0.13687697265709
H           -2.69812096094227        1.19684328116438        0.99176685751651
H           -2.77593662252811        1.19542972306801       -0.77338472380347
H           -3.36734624523738       -0.19217552975853        0.13826495772763
H           -2.04002753830876       -2.04032545225117        0.09195485004273
H            0.15062987369749       -3.15298080326176       -0.00669326977935
H            2.22097053550569       -1.78048482420208       -0.11593780309286
H           -1.12099625344341        2.59221898245919        0.04936673847576
H            0.45288320349343        2.61853463174447        0.82867064937143
H            0.33008548660084        2.61056285815738       -0.94112397499644
H            2.15509474597753        1.70325093064233       -0.13581651053900
19
 energy: -26.291878327978 gnorm: 0.000348877631 xtb: 6.7.1 (41059b4)
C           -2.59716355638659        0.57400004436156        0.10593738310172
C           -1.23743085577758       -0.06112596264640        0.04409365969853
C           -1.13877692450351       -1.44679313787937        0.04584244490637
C            0.09136075849781       -2.07507060119714       -0.01158824063304
C            1.24587560942734       -1.32261037471787       -0.07222939801655
C            1.16297781877521        0.06396076106439       -0.07461174445127
C           -0.07620789343296        0.71058531619878       -0.01605096196759
C           -0.10624175387866        2.21752523306611       -0.02118483868293
O            2.33633859694205        0.75651864905973       -0.13630789716648
H           -2.69491419399930        1.20133725477529        0.99132636770635
H           -2.77927474676857        1.19087499164383       -0.77351734573425
H           -3.36698960360354       -0.19217381773932        0.14734477242078
H           -2.03996896881226       -2.04037872709254        0.09262404700740
H            0.15051173641943       -3.15298713160534       -0.00927218027528
H            2.22085471743724       -1.78051541345712       -0.11836798554120
H           -1.12187627011836        2.59231048068840        0.03348315604865
H            0.44119957326341        2.61858066861240        0.83515268429193
H            0.34300265188097        2.61044135460245       -0.93638047401078
H            2.15484797276595        1.70336562757450       -0.13237063818200
19
 energy: -26.291878510080 gnorm: 0.000171882902 xtb: 6.7.1 (41059b4)
C           -2.59712822175791        0.57400882485395        0.10642010016918
C           -1.23742736000624       -0.06111119942562        0.04384135102012
C           -1.13879187145102       -1.44678410556632        0.04551617613050
C            0.09133530252922       -2.07507398623707       -0.01181535551457
C            1.24585973927914       -1.32260200471735       -0.07220069665376
C            1.16297115191551        0.06396825359470       -0.07452696207017
C           -0.07621771896598        0.71059876302672       -0.01633947246331
C           -0.10631685518422        2.21756996867558       -0.02156576107963
O            2.33639334315281        0.75643904257501       -0.13590283856914
H           -2.69421124020014        1.20174732055271        0.99159245257799
H           -2.77991277261464        1.19045498622916       -0.77315897717467
H           -3.36687255111967       -0.19217380555441        0.14873349372309
H           -2.04000693917356       -2.04033414913076        0.09236677660860
H            0.15047537389715       -3.15298854748768       -0.00977498314523
H            2.22084790344672       -1.78049680425542       -0.11837426694705
H           -1.12194044599284        2.59219575674729        0.03125239071620
H            0.43944428296679        2.61863530157973        0.83565884791177
H            0.34449175978148        2.61047381248603       -0.93583602584224
H            2.15513178762547        1.70331778736612       -0.13196343887734
19
 energy: -26.291878636597 gnorm: 0.000048126206 xtb: 6.7.1 (41059b4)
C           -2.59712294015073        0.57401003898913        0.10697610790254
C           -1.23742250626517       -0.06108002067772        0.04363891257029
C           -1.13880011908803       -1.44676223072613        0.04522238780626
C            0.09130687519299       -2.07508037905610       -0.01206279372642
C            1.24583356090032       -1.32258414603192       -0.07219869291241
C            1.16293892390410        0.06398311357824       -0.07462813935363
C           -0.07623405323058        0.71061872507580       -0.01671656357556
C           -0.10637919308864        2.21764555445204       -0.02210140195719
O            2.33643861352116        0.75634540641445       -0.13562954058861
H           -2.69381011373240        1.20091219976246        0.99276087186446
H           -2.78029705057188        1.19123815507211       -0.77192352220145
H           -3.36679596641317       -0.19222319910679        0.14892746502908
H           -2.04005855684226       -2.04024573711325        0.09213397081311
H            0.15045438033866       -3.15299053711817       -0.00994368158502
H            2.22085278520105       -1.78044426227460       -0.11797203762886
H           -1.12211485115877        2.59213963765799        0.02855785943944
H            0.43761927110900        2.61866789003668        0.83607167133604
H            0.34615842920636        2.61039180026084       -0.93542449528274
H            2.15555717929606        1.70330320611728       -0.13176556742897
19
 energy: -26.291878610696 gnorm: 0.000194653186 xtb: 6.7.1 (41059b4)
C           -2.59711787020343        0.57401299749096        0.10739374240789
C           -1.23741541737544       -0.06105316737845        0.04347177060910
C           -1.13880590892519       -1.44674381274278        0.04496749843618
C            0.09128398944323       -2.07508662283003       -0.01226350192516
C            1.24581381654468       -1.32257122253768       -0.07218242231675
C            1.16291447425978        0.06399320335492       -0.07470713184799
C           -0.07624403470997        0.71063513639303       -0.01701314639794
C           -0.10643296390481        2.21770980323382       -0.02250383912523
O            2.33647902946582        0.75626524132422       -0.13539440447273
H           -2.69350204505462        1.20025472523351        0.99365114178758
H           -2.78060478341001        1.19184890136065       -0.77096552050993
H           -3.36672482363278       -0.19225725122408        0.14906412260510
H           -2.04010182904944       -2.04017107467879        0.09193466260159
H            0.15043726030464       -3.15299294606064       -0.01006683913536
H            2.22085873083379       -1.78040381345739       -0.11761396548294
H           -1.12223711821823        2.59210035320376        0.02658138355794
H            0.43629646701445        2.61869693290353        0.83630057054340
H            0.34731466851710        2.61031892800582       -0.93512265322449
H            2.15591302622846        1.70328890371799       -0.13160865758992
19
 energy: -26.291878664709 gnorm: 0.000030347309 xtb: 6.7.1 (41059b4)
C           -2.59713437929233        0.57399208771117        0.10741207001958
C           -1.23743721535154       -0.06107206069441        0.04356923197796
C           -1.13881115388939       -1.44675601103917        0.04518384505938
C            0.09129006386144       -2.07507783409338       -0.01215765067110
C            1.24581248582707       -1.32256890821935       -0.07229447830058
C            1.16290993171850        0.06399651140469       -0.07475449135194
C           -0.07626228361372        0.71062850555498       -0.01699488220407
C           -0.10637182210581        2.21767692392301       -0.02253184738865
O            2.33643374717265        0.75633108934650       -0.13559397429298
H           -2.69357254287653        1.20040150680777        0.99360694006472
H           -2.78048916045432        1.19172529580158       -0.77111238402782
H           -3.36680589771795       -0.19229668345540        0.14909247685975
H           -2.04007739526324       -2.04022138076482        0.09212682309396
H            0.15044327672113       -3.15298644612931       -0.01006685838876
H            2.22084496747131       -1.78041158204018       -0.11797698074489
H           -1.12220179815945        2.59209834714994        0.02620641148224
H            0.43593344182037        2.61865151400052        0.83675536982543
H            0.34793390887997        2.61041969024473       -0.93500221313850
H            2.15568649337990        1.70331464980349       -0.13154459735338
