19
 energy: -26.292570825164 gnorm: 0.018999863028 xtb: 6.7.1 (41059b4)
C           -2.50968545143979        0.75160000151836       -0.00002386237241
C           -1.22507552250597       -0.02428459242788       -0.00000341109541
C           -1.19503780241481       -1.41694283030582        0.00000442751857
C            0.00942447226318       -2.11413691591240        0.00001476777686
C            1.20835893944586       -1.41194362459428        0.00000051850745
C            1.22589958470789       -0.01679026976336       -0.00000865638094
C           -0.00170805751773        0.65688803094826        0.00000848678250
O           -0.07207396267058        2.02844020466201        0.00002817451249
C            2.51745477172323        0.75462749285455       -0.00002182795059
H           -2.57756807341955        1.40282501429132       -0.87792591841137
H           -3.36813833034200        0.07613209372507       -0.00007250703837
H           -2.57762997975559        1.40277850401268        0.87790788404062
H           -2.13626822854160       -1.95963468253586        0.00000255299315
H            0.01277714540082       -3.19878325583874        0.00002456088188
H            2.15320320136940       -1.94837429938316       -0.00000908382457
H            0.82012388161489        2.39158585795208        0.00011515195125
H            2.61584726251714        1.39397054095538       -0.88795831369532
H            2.61614070645833        1.39350637716217        0.88821580620426
H            3.37033376376016        0.07282693668200       -0.00035118074994
19
 energy: -26.293295095539 gnorm: 0.007807460425 xtb: 6.7.1 (41059b4)
C           -2.50379462680760        0.74370373443704       -0.00002111389080
C           -1.22101613078111       -0.02540007532937       -0.00000454947238
C           -1.19228977936330       -1.41152909206368        0.00000084524744
C            0.00872527508768       -2.10066522309101        0.00000988886240
C            1.20209059508242       -1.40171931670457       -0.00000140402210
C            1.21777142038994       -0.01274638592351       -0.00000878340317
C           -0.00422039158063        0.66330376523417        0.00000709091831
O           -0.06913938632154        2.03169871088836        0.00003097221443
C            2.51211982977722        0.74991534042661       -0.00002412751850
H           -2.55812655443806        1.38950788446571       -0.87732344035097
H           -3.35944661348270        0.07102435192987       -0.00006748465713
H           -2.55818398649337        1.38945906429654        0.87731373077445
H           -2.12733053383420       -1.95592576757679        0.00000026879096
H            0.01394896276378       -3.18105150660898        0.00002076522028
H            2.14226382491073       -1.93743908177735       -0.00000730910290
H            0.82463525248162        2.39193927313200        0.00010964077028
H            2.60114950528465        1.38432432792771       -0.88687603319108
H            2.60142350296633        1.38387847066271        0.88711908467612
H            3.35579815501143        0.06201210967693       -0.00033047221551
19
 energy: -26.293353810425 gnorm: 0.002707766147 xtb: 6.7.1 (41059b4)
C           -2.50167517269370        0.74262228181618       -0.00001731370368
C           -1.21936198652961       -0.02723821837889       -0.00000474676012
C           -1.19166536948623       -1.41161773256687       -0.00000177479308
C            0.00911710105489       -2.09848175637462        0.00000650921539
C            1.20057719448581       -1.39919003647259       -0.00000375036030
C            1.21382640354347       -0.01166442993773       -0.00000977018952
C           -0.00598073574950        0.66653733055148        0.00000642073935
O           -0.06918071275590        2.03297264515401        0.00003221062260
C            2.51031851699717        0.74955775391755       -0.00002298863334
H           -2.55151714370685        1.38674625055903       -0.87677164356551
H           -3.35651071009496        0.07181726539348       -0.00006147288190
H           -2.55156911615299        1.38669552748943        0.87677163179771
H           -2.12458077641481       -1.95632367675947       -0.00000396167684
H            0.01580649458348       -3.17779362163930        0.00001492572815
H            2.13951213825644       -1.93389638980027       -0.00000906969035
H            0.82502546547404        2.39248978370257        0.00010133467011
H            2.59745454300574        1.38152302334332       -0.88651800383034
H            2.59770592164857        1.38110591327732        0.88674534131199
H            3.34907626518821        0.05842867072777       -0.00030630835018
19
 energy: -26.293358810675 gnorm: 0.000933783086 xtb: 6.7.1 (41059b4)
C           -2.50159217551796        0.74299761896813       -0.00001392895015
C           -1.21907257722248       -0.02808263237099       -0.00000471184088
C           -1.19178416622352       -1.41230511224448       -0.00000412589137
C            0.00942287585194       -2.09905090852915        0.00000259672715
C            1.20067713074762       -1.39910432909075       -0.00000590009013
C            1.21287307084240       -0.01160016106390       -0.00000995910529
C           -0.00656717195051        0.66746737521294        0.00000635584531
O           -0.06966687615383        2.03305238839702        0.00003238325897
C            2.51032806595831        0.74984764993722       -0.00002121026099
H           -2.55025562688418        1.38698766286673       -0.87675347547757
H           -3.35688626469575        0.07306217709671       -0.00005650361792
H           -2.55030317943061        1.38693529985228        0.87676177526609
H           -2.12454228690786       -1.95698008185521       -0.00000660685059
H            0.01668712845666       -3.17841184128565        0.00000964592205
H            2.13973338411197       -1.93334873049031       -0.00001125817728
H            0.82453896995013        2.39262219463681        0.00009423245649
H            2.59724272269175        1.38134412687711       -0.88656540707383
H            2.59747545326510        1.38095390028694        0.88677891323722
H            3.34806984376410        0.05790398680095       -0.00028524572716
19
 energy: -26.293359502670 gnorm: 0.000411558847 xtb: 6.7.1 (41059b4)
C           -2.50167094155041        0.74346651826863       -0.00000787071053
C           -1.21894912360186       -0.02874007105242       -0.00000408847608
C           -1.19193734799245       -1.41290764096708       -0.00000737825491
C            0.00961553033718       -2.09983464577051       -0.00000399893538
C            1.20085325395087       -1.39933803724372       -0.00000993759502
C            1.21243711027832       -0.01176587232364       -0.00001006827717
C           -0.00685236396914        0.66793504652359        0.00000633921896
O           -0.07010863314151        2.03279381409956        0.00003242630110
C            2.51046539271487        0.75014989865036       -0.00001773490245
H           -2.54968063045549        1.38749883956166       -0.87685839613098
H           -3.35765079562731        0.07426395771081       -0.00004772173516
H           -2.54972094871701        1.38744431221005        0.87688080331353
H           -2.12485583441032       -1.95749916971609       -0.00001097035119
H            0.01723953701626       -3.17934520420351       -0.00000099947129
H            2.14021640255514       -1.93324200587740       -0.00001618414555
H            0.82403258978957        2.39258794782199        0.00008220797922
H            2.59732861400595        1.38156210116011       -0.88667494364520
H            2.59752846448769        1.38122192489695        0.88686280449941
H            3.34808804498293        0.05803887025305       -0.00024671903118
19
 energy: -26.293358622356 gnorm: 0.001098241898 xtb: 6.7.1 (41059b4)
C           -2.50109158483783        0.74350653791982        0.00001356519029
C           -1.21868406886234       -0.02917094797388       -0.00000076286222
C           -1.19178419488244       -1.41304912289894       -0.00001908289380
C            0.00956675221283       -2.09992601633276       -0.00002936982937
C            1.20053681066268       -1.39940207862166       -0.00002553722273
C            1.21202957296772       -0.01197871216324       -0.00000937087567
C           -0.00681410996125        0.66820260066985        0.00000764197174
O           -0.07018334860968        2.03241933867923        0.00003304360854
C            2.50994016443287        0.75014161360009       -0.00000581816077
H           -2.54840577780969        1.38736382156991       -0.87691754246444
H           -3.35754806865954        0.07496466824070       -0.00001718964033
H           -2.54842256884560        1.38730285506673        0.87698873448030
H           -2.12479298110535       -1.95750361919696       -0.00002346670916
H            0.01736029200574       -3.17937368097756       -0.00004018798269
H            2.14004436451448       -1.93298263113598       -0.00003554945563
H            0.82385398112932        2.39257419050153        0.00004279204883
H            2.59639066288235        1.38145631692845       -0.88676615568617
H            2.59647139784475        1.38130134028092        0.88685708284813
H            3.34791102557426        0.05844410984613       -0.00010525671471
19
 energy: -26.293359648459 gnorm: 0.000037345467 xtb: 6.7.1 (41059b4)
C           -2.50161021781990        0.74334807892543       -0.00000716331603
C           -1.21896866791766       -0.02855792104181       -0.00000391842332
C           -1.19188378902931       -1.41272578320786       -0.00000790376946
C            0.00952830495528       -2.09965674761780       -0.00000511783210
C            1.20077552501057       -1.39933465052206       -0.00001053488307
C            1.21260302046667       -0.01178661491114       -0.00000987507636
C           -0.00670421184394        0.66776062871564        0.00000653970287
O           -0.06997185972559        2.03277236595856        0.00003237934498
C            2.51038348883385        0.75005635183586       -0.00001732426709
H           -2.54984209885429        1.38737474407925       -0.87685352305418
H           -3.35746252800832        0.07396112640576       -0.00004675493291
H           -2.54988177194319        1.38732006212554        0.87687746667407
H           -2.12482031111089       -1.95731136189939       -0.00001107913504
H            0.01702799922837       -3.17913606855655       -0.00000231376681
H            2.14009607854216       -1.93331682106965       -0.00001682517059
H            0.82416331412576        2.39258978855583        0.00008092190846
H            2.59725372746501        1.38155220919037       -0.88666009672373
H            2.59744978652722        1.38121828548155        0.88684466515044
H            3.34824253175149        0.05816291155485       -0.00024197277998
19
 energy: -26.293359644321 gnorm: 0.000069919424 xtb: 6.7.1 (41059b4)
C           -2.50159091642501        0.74334010464158        0.00000352705835
C           -1.21900345712229       -0.02860370809352       -0.00000189815096
C           -1.19188991425349       -1.41276311310461       -0.00001318978573
C            0.00954121446572       -2.09968392994306       -0.00001753952511
C            1.20077053704449       -1.39934779929436       -0.00001862774393
C            1.21259540275556       -0.01179839517796       -0.00000964858070
C           -0.00672445044179        0.66773546023371        0.00000729633080
O           -0.07000522531844        2.03278245483218        0.00003296415245
C            2.51038149141377        0.75004662734165       -0.00001169515921
H           -2.54977487507704        1.38738616109688       -0.87679572736113
H           -3.35747610048475        0.07403548264955       -0.00003144310421
H           -2.54980324266070        1.38732896660380        0.87684344879861
H           -2.12483379467416       -1.95730917127412       -0.00001743655668
H            0.01706132145840       -3.17915936870698       -0.00002263216807
H            2.14011622445878       -1.93325889904726       -0.00002748428555
H            0.82409000867208        2.39267113072013        0.00006409928376
H            2.59728816716641        1.38147661056809       -0.88665436359929
H            2.59742268313043        1.38123993394347        0.88678670105991
H            3.34821324654531        0.05817203601320       -0.00016878101317
19
 energy: -26.293359650230 gnorm: 0.000013512507 xtb: 6.7.1 (41059b4)
C           -2.50158356602843        0.74336377842831        0.00000109626368
C           -1.21897449167971       -0.02857365155254       -0.00000240887083
C           -1.19188252677605       -1.41274482941659       -0.00001209612500
C            0.00953706472039       -2.09968089429821       -0.00001467118228
C            1.20078213606086       -1.39936055392592       -0.00001671749564
C            1.21260742746428       -0.01180017896286       -0.00000970130830
C           -0.00670163524731        0.66774492636900        0.00000715063380
O           -0.06999240829573        2.03275719388642        0.00003282780832
C            2.51036422042058        0.75006181533850       -0.00001299394527
H           -2.54980114578753        1.38739601440688       -0.87683662981969
H           -3.35744740821764        0.07400385078904       -0.00003464432301
H           -2.54983175462036        1.38733979372965        0.87687870309976
H           -2.12482086069064       -1.95731589498842       -0.00001630769924
H            0.01703449036362       -3.17915752817332       -0.00001794611227
H            2.14011231944473       -1.93331746721129       -0.00002481193556
H            0.82412279706928        2.39262501824414        0.00006810358321
H            2.59724004641001        1.38151384927433       -0.88668045357102
H            2.59738890166188        1.38125483602717        0.88682480539175
H            3.34822471438104        0.05818050603810       -0.00018573474229
