22
 energy: -37.908392263485 gnorm: 0.017728349732 xtb: 6.7.1 (41059b4)
C            3.57514912048001        0.69531709329223       -0.00029179227708
C            3.57515630511126       -0.69529582283399       -0.00021586711682
C            2.36959473090497       -1.39244499086201       -0.00004777654681
C            1.17017250597481       -0.69747501447092        0.00007067666222
C            1.17016396480402        0.69747763090106        0.00005807843400
C            2.36958185178330        1.39245696761922       -0.00015802302528
O           -0.00001341189426        1.42811910866273        0.00027992542324
C           -1.17018256331883        0.69746115382838        0.00016924828317
C           -2.36960941685681        1.39242630187107        0.00015526430474
C           -3.57516557893033        0.69527000736321        0.00000777093799
C           -3.57515476672769       -0.69534487434793       -0.00015811874338
C           -2.36958628433459       -1.39247731491379       -0.00012513562660
C           -1.17017240760202       -0.69749015021567        0.00008174000687
O            0.00000414497736       -1.42813043368665        0.00023292849834
H            4.51012634551420        1.24439241179155       -0.00044846551816
H            4.51013834257117       -1.24436360006067       -0.00029321792566
H            2.33888673135318       -2.47663759690302        0.00000268960606
H            2.33887087477290        2.47664936341836       -0.00020427548859
H           -2.33891073551130        2.47661951648837        0.00026582787967
H           -4.51015390697340        1.24432693771185        0.00001459050599
H           -4.51013427485244       -1.24441647575690       -0.00031129993322
H           -2.33885497537371       -2.47666936324454       -0.00023890894374
22
 energy: -37.908976895408 gnorm: 0.004953432565 xtb: 6.7.1 (41059b4)
C            3.56707468934318        0.69163851821632       -0.00028214591272
C            3.56708275492496       -0.69161557342830       -0.00022259498762
C            2.36735005804776       -1.38752069008311       -0.00005920714273
C            1.16720999641369       -0.69743615086950        0.00007024605626
C            1.16720106038146        0.69743617505331        0.00006293161415
C            2.36733499493960        1.38753204935460       -0.00014125322631
O           -0.00001358090868        1.42825916261283        0.00026696868920
C           -1.16721939549539        0.69742012308235        0.00016702376199
C           -2.36736247706721        1.38750120116051        0.00014158258573
C           -3.56709167112450        0.69159146978892       -0.00000142188204
C           -3.56708155350481       -0.69166394190727       -0.00014911209054
C           -2.36734102231998       -1.38755269795701       -0.00010704333616
C           -1.16720943442260       -0.69745125888251        0.00008323315771
O            0.00000462032344       -1.42827383422768        0.00020672716029
H            4.49905874604501        1.23720787347325       -0.00043285762741
H            4.49907241860849       -1.23717543339065       -0.00030708142483
H            2.34041081515851       -2.46671296352540       -0.00002142380281
H            2.34038909957740        2.46672412024303       -0.00017221934380
H           -2.34042949712053        2.46669368507940        0.00024094605264
H           -4.49908526132452        1.23714467495264       -0.00000240729384
H           -4.49906688353469       -1.23723108608290       -0.00029139199600
H           -2.34038188106882       -2.46674456701089       -0.00020363961420
22
 energy: -37.909005939798 gnorm: 0.001452026943 xtb: 6.7.1 (41059b4)
C            3.56507957754109        0.69091782240564       -0.00026713096994
C            3.56508823157193       -0.69089332160637       -0.00022597452304
C            2.36641825575322       -1.38627580901494       -0.00007188349942
C            1.16561142137920       -0.69773119985535        0.00006024141714
C            1.16560225303490        0.69772894821874        0.00006252955717
C            2.36640160037945        1.38628680262940       -0.00012211770106
O           -0.00001369546790        1.42857438050056        0.00025153047611
C           -1.16562036587443        0.69771316324079        0.00015746675167
C           -2.36642893732986        1.38625569239890        0.00012790616745
C           -3.56509694005017        0.69087061414720       -0.00000653068583
C           -3.56508724262995       -0.69094124976046       -0.00013279264242
C           -2.36640876634938       -1.38630756688513       -0.00008721055490
C           -1.16561065384233       -0.69774639377218        0.00008092062585
O            0.00000493668331       -1.42859182456712        0.00018035018986
H            4.49606574436102        1.23591342239356       -0.00041078437180
H            4.49608075845999       -1.23587798412126       -0.00032072416727
H            2.34029649852755       -2.46408469812369       -0.00004739197064
H            2.34027006548273        2.46409545590163       -0.00014074094712
H           -2.34031086940979        2.46406464895447        0.00021443497022
H           -4.49609154369031        1.23585181827264       -0.00001980006682
H           -4.49607399149535       -1.23593578014257       -0.00026570215607
H           -2.34026974116314       -2.46411608556251       -0.00017073650218
22
 energy: -37.909007496104 gnorm: 0.000274800919 xtb: 6.7.1 (41059b4)
C            3.56505583304292        0.69097860181244       -0.00024951155409
C            3.56506486733216       -0.69095280693529       -0.00022954791817
C            2.36614984557400       -1.38603347762412       -0.00008879672843
C            1.16499694063449       -0.69792518533601        0.00004448746909
C            1.16498764309380        0.69792112044393        0.00005806785639
C            2.36613205149694        1.38604427405696       -0.00010335213028
O           -0.00001375916337        1.42868883101797        0.00023128090940
C           -1.16500557404585        0.69790549344076        0.00014288441618
C           -2.36615921018344        1.38601290518830        0.00011083734655
C           -3.56507344232582        0.69093120634830       -0.00001145769859
C           -3.56506403164168       -0.69100047364598       -0.00011410291761
C           -2.36614003598402       -1.38606508250239       -0.00006835062095
C           -1.16499610812005       -0.69794053940703        0.00007516824747
O            0.00000515106654       -1.42870837909756        0.00015162406381
H            4.49579044274247        1.23627800597750       -0.00037837068700
H            4.49580643318174       -1.23624028651941       -0.00032833302095
H            2.33991621322730       -2.46380833059022       -0.00007756555726
H            2.33988606503677        2.46381883747278       -0.00010651563619
H           -2.33992716464824        2.46378778681301        0.00018413148575
H           -4.49581574493084        1.23621749265097       -0.00003156579491
H           -4.49579880098995       -1.23629957053021       -0.00022908708069
H           -2.33989101852409       -2.46383956738276       -0.00013606505253
22
 energy: -37.909007587564 gnorm: 0.000067570420 xtb: 6.7.1 (41059b4)
C            3.56523660634663        0.69100346301597       -0.00023276960862
C            3.56524575381372       -0.69097711401527       -0.00022895627568
C            2.36620174011681       -1.38596519302632       -0.00010235033445
C            1.16502249061126       -0.69793830512804        0.00002915056914
C            1.16501317390136        0.69793350270414        0.00005049493851
C            2.36618352687004        1.38597594950939       -0.00009124503672
O           -0.00001376746346        1.42866692268941        0.00021094856597
C           -1.16503101981881        0.69791792350431        0.00012792821460
C           -2.36621057516126        1.38594445445832        0.00009671648227
C           -3.56525428813360        0.69095597332619       -0.00001131452846
C           -3.56524499159597       -0.69102470074472       -0.00009667346919
C           -2.36619181483601       -1.38599676419862       -0.00005557808394
C           -1.16502166245706       -0.69795377640049        0.00006728397897
O            0.00000523600190       -1.42868726273124        0.00012819757052
H            4.49593657697788        1.23650529871486       -0.00034635292730
H            4.49595289107479       -1.23646670967741       -0.00033017370569
H            2.33984378283129       -2.46386827522070       -0.00010199603488
H            2.33981204172414        2.46387870368387       -0.00008342674641
H           -2.33985327025638        2.46384755183463        0.00015945491039
H           -4.49596168612049        1.23644515236787       -0.00003404078559
H           -4.49594500727761       -1.23652645313455       -0.00019661954788
H           -2.33981914127739       -2.46389948587966       -0.00011281874859
