#========================================================================================
#                     Free energy perturbation    
#----------------------------------------------------------------------------------------
#forward/backward          λ              ΔΔA                 ΔA                  δε   
#                                                 
#----------------------------------------------------------------------------------------
forward:               0.0000              0.0000              0.0000              0.0000  
forward:               0.0500              1.9616              1.9616              0.0242  
forward:               0.1000              1.1379              3.0995              0.0319  
forward:               0.1500              0.5915              3.6911              0.0348  
forward:               0.2000              0.3201              4.0112              0.0359  
forward:               0.2500              0.1812              4.1924              0.0365  
forward:               0.3000              0.0743              4.2667              0.0367  
forward:               0.3500              0.0135              4.2802              0.0371  
forward:               0.4000             -0.0228              4.2574              0.0374  
forward:               0.4500             -0.0637              4.1937              0.0376  
forward:               0.5000             -0.0973              4.0965              0.0379  
forward:               0.5500             -0.2148              3.8817              0.0383  
forward:               0.6000             -0.4321              3.4496              0.0387  
forward:               0.6500             -0.6376              2.8120              0.0391  
forward:               0.7000             -0.7947              2.0173              0.0393  
forward:               0.7500             -0.9238              1.0934              0.0397  
forward:               0.8000             -1.0172              0.0762              0.0400  
forward:               0.8500             -1.0613             -0.9850              0.0403  
forward:               0.9000             -1.1106             -2.0956              0.0407  
forward:               0.9500             -1.1280             -3.2236              0.0410  
forward:               1.0000             -1.1414             -4.3650              0.0413  
backward:              1.0000              0.0000             -4.3650              0.0000  
backward:              0.9500              1.1395             -3.2255              0.0063  
backward:              0.9000              1.1184             -2.1071              0.0085  
backward:              0.8500              1.1081             -0.9990              0.0108  
backward:              0.8000              1.0484              0.0494              0.0130  
backward:              0.7500              1.0087              1.0581              0.0145  
backward:              0.7000              0.9186              1.9768              0.0158  
backward:              0.6500              0.8008              2.7775              0.0169  
backward:              0.6000              0.6261              3.4036              0.0183  
backward:              0.5500              0.4355              3.8390              0.0194  
backward:              0.5000              0.2177              4.0568              0.0209  
backward:              0.4500              0.0910              4.1478              0.0218  
backward:              0.4000              0.0679              4.2157              0.0223  
backward:              0.3500              0.0383              4.2540              0.0231  
backward:              0.3000             -0.0197              4.2343              0.0242  
backward:              0.2500             -0.0728              4.1614              0.0254  
backward:              0.2000             -0.1553              4.0062              0.0271  
backward:              0.1500             -0.3265              3.6796              0.0303  
backward:              0.1000             -0.6009              3.0787              0.0353  
backward:              0.0500             -1.1023              1.9764              0.0438  
backward:              0.0000             -1.9192              0.0571              0.0587  
Inaccuracy estimation
======================================================================================================
                   i        i+δi          P0_overlap_P1   δε(forward)/ε   δε(backward)/ε
======================================================================================================
inaccuracy:  0.00000        0.05000           31.73           -0.01            2.19
inaccuracy:  0.05000        0.10000           41.37           -0.05            1.33
inaccuracy:  0.10000        0.15000           52.73           -0.03            0.65
inaccuracy:  0.15000        0.20000           60.02           -0.02            0.38
inaccuracy:  0.20000        0.25000           62.91           -0.02            0.28
inaccuracy:  0.25000        0.30000           67.75           -0.01            0.20
inaccuracy:  0.30000        0.35000           69.78           -0.02            0.16
inaccuracy:  0.35000        0.40000           69.40           -0.02            0.15
inaccuracy:  0.40000        0.45000           71.42           -0.01            0.13
inaccuracy:  0.45000        0.50000           72.81           -0.02            0.12
inaccuracy:  0.50000        0.55000           64.48           -0.09            0.15
inaccuracy:  0.55000        0.60000           65.25           -0.10            0.12
inaccuracy:  0.60000        0.65000           65.68           -0.11            0.08
inaccuracy:  0.65000        0.70000           65.63           -0.12            0.07
inaccuracy:  0.70000        0.75000           66.35           -0.10            0.06
inaccuracy:  0.75000        0.80000           66.68           -0.11            0.04
inaccuracy:  0.80000        0.85000           66.32           -0.13            0.05
inaccuracy:  0.85000        0.90000           65.63           -0.12            0.04
inaccuracy:  0.90000        0.95000           65.86           -0.13            0.05
inaccuracy:  0.95000        1.00000           65.07           -0.13            0.05
===================================================================================================================================
                BAR        
-----------------------------------------------------------------------------------------------------------------------------------
BAR-estimator:         λ             λ+δλ          ΔΔA             ΔA            C               Δδe            δe       
                          
-----------------------------------------------------------------------------------------------------------------------------------
BAR-estimator:      0.00000        0.05000        1.9531         1.9531         1.9531         0.0110         0.0110 
BAR-estimator:      0.05000        0.10000        1.1212         3.0743         1.1212         0.0115         0.0159 
BAR-estimator:      0.10000        0.15000        0.5916         3.6659         0.5916         0.0082         0.0179 
BAR-estimator:      0.15000        0.20000        0.3199         3.9857         0.3199         0.0059         0.0188 
BAR-estimator:      0.20000        0.25000        0.1736         4.1593         0.1736         0.0047         0.0194 
BAR-estimator:      0.25000        0.30000        0.0760         4.2353         0.0760         0.0043         0.0199 
BAR-estimator:      0.30000        0.35000        0.0135         4.2489         0.0135         0.0038         0.0202 
BAR-estimator:      0.35000        0.40000       -0.0277         4.2211        -0.0277         0.0034         0.0205 
BAR-estimator:      0.40000        0.45000       -0.0650         4.1561        -0.0650         0.0030         0.0207 
BAR-estimator:      0.45000        0.50000       -0.0951         4.0611        -0.0951         0.0030         0.0210 
BAR-estimator:      0.50000        0.55000       -0.2165         3.8446        -0.2165         0.0036         0.0213 
BAR-estimator:      0.55000        0.60000       -0.4286         3.4160        -0.4286         0.0036         0.0216 
BAR-estimator:      0.60000        0.65000       -0.6343         2.7816        -0.6343         0.0037         0.0219 
BAR-estimator:      0.65000        0.70000       -0.7960         1.9856        -0.7960         0.0035         0.0222 
BAR-estimator:      0.70000        0.75000       -0.9184         1.0672        -0.9184         0.0038         0.0225 
BAR-estimator:      0.75000        0.80000       -1.0157         0.0515        -1.0157         0.0036         0.0228 
BAR-estimator:      0.80000        0.85000       -1.0617        -1.0102        -1.0617         0.0037         0.0231 
BAR-estimator:      0.85000        0.90000       -1.1090        -2.1192        -1.1090         0.0041         0.0234 
BAR-estimator:      0.90000        0.95000       -1.1235        -3.2428        -1.1235         0.0041         0.0238 
BAR-estimator:      0.95000        1.00000       -1.1440        -4.3868        -1.1440         0.0036         0.0241 
BAR-estimator: total free energy change is -4.386770186040563 , total error is 0.02406088023026974
