#========================================================================================
#                     Free energy perturbation    
#----------------------------------------------------------------------------------------
#forward/backward          λ              ΔΔA                 ΔA                  δε   
#                                                 
#----------------------------------------------------------------------------------------
forward:               0.0000              0.0000              0.0000              0.0000  
forward:               0.0500              4.4186              4.4186              0.0535  
forward:               0.1000              2.2584              6.6770              0.0690  
forward:               0.1500              0.9408              7.6178              0.0713  
forward:               0.2000              0.3316              7.9494              0.0721  
forward:               0.2500              0.0637              8.0131              0.0725  
forward:               0.3000             -0.1259              7.8872              0.0728  
forward:               0.3500             -0.2135              7.6737              0.0732  
forward:               0.4000             -0.3002              7.3735              0.0734  
forward:               0.4500             -0.3530              7.0205              0.0737  
forward:               0.5000             -0.4077              6.6127              0.0738  
forward:               0.5500             -0.4777              6.1350              0.0740  
forward:               0.6000             -0.5818              5.5532              0.0742  
forward:               0.6500             -0.6580              4.8952              0.0743  
forward:               0.7000             -0.7057              4.1895              0.0744  
forward:               0.7500             -0.7553              3.4342              0.0746  
forward:               0.8000             -0.7865              2.6477              0.0747  
forward:               0.8500             -0.8126              1.8351              0.0748  
forward:               0.9000             -0.8291              1.0061              0.0749  
forward:               0.9500             -0.8558              0.1503              0.0751  
forward:               1.0000             -0.8713             -0.7210              0.0752  
backward:              1.0000              0.0000             -0.7210              0.0000  
backward:              0.9500              0.8696              0.1487              0.0073  
backward:              0.9000              0.8571              1.0058              0.0090  
backward:              0.8500              0.8302              1.8360              0.0114  
backward:              0.8000              0.8076              2.6436              0.0129  
backward:              0.7500              0.7842              3.4278              0.0138  
backward:              0.7000              0.7564              4.1842              0.0146  
backward:              0.6500              0.6937              4.8779              0.0158  
backward:              0.6000              0.6611              5.5389              0.0170  
backward:              0.5500              0.5835              6.1224              0.0182  
backward:              0.5000              0.4735              6.5959              0.0197  
backward:              0.4500              0.3994              6.9954              0.0206  
backward:              0.4000              0.3436              7.3389              0.0217  
backward:              0.3500              0.2979              7.6368              0.0226  
backward:              0.3000              0.2120              7.8488              0.0240  
backward:              0.2500              0.1233              7.9721              0.0258  
backward:              0.2000             -0.0678              7.9043              0.0287  
backward:              0.1500             -0.3212              7.5831              0.0329  
backward:              0.1000             -0.9304              6.6527              0.0508  
backward:              0.0500             -2.2032              4.4495              0.0867  
backward:              0.0000             -4.3218              0.1277              0.1740  
Inaccuracy estimation
======================================================================================================
                   i        i+δi          P0_overlap_P1   δε(forward)/ε   δε(backward)/ε
======================================================================================================
inaccuracy:  0.00000        0.05000           13.26            0.91            7.11
inaccuracy:  0.05000        0.10000           23.25           -0.04            3.59
inaccuracy:  0.10000        0.15000           38.06           -0.11            1.49
inaccuracy:  0.15000        0.20000           51.63           -0.07            0.63
inaccuracy:  0.20000        0.25000           57.80           -0.06            0.35
inaccuracy:  0.25000        0.30000           63.29           -0.04            0.23
inaccuracy:  0.30000        0.35000           65.47           -0.05            0.18
inaccuracy:  0.35000        0.40000           66.87           -0.05            0.14
inaccuracy:  0.40000        0.45000           68.35           -0.04            0.13
inaccuracy:  0.45000        0.50000           69.07           -0.04            0.10
inaccuracy:  0.50000        0.55000           65.92           -0.07            0.12
inaccuracy:  0.55000        0.60000           66.92           -0.07            0.09
inaccuracy:  0.60000        0.65000           68.35           -0.06            0.07
inaccuracy:  0.65000        0.70000           69.27           -0.06            0.07
inaccuracy:  0.70000        0.75000           68.58           -0.07            0.06
inaccuracy:  0.75000        0.80000           68.76           -0.06            0.06
inaccuracy:  0.80000        0.85000           69.17           -0.06            0.06
inaccuracy:  0.85000        0.90000           68.37           -0.07            0.06
inaccuracy:  0.90000        0.95000           68.42           -0.07            0.05
inaccuracy:  0.95000        1.00000           67.69           -0.06            0.05
===================================================================================================================================
                BAR        
-----------------------------------------------------------------------------------------------------------------------------------
BAR-estimator:         λ             λ+δλ          ΔΔA             ΔA            C               Δδe            δe       
                          
-----------------------------------------------------------------------------------------------------------------------------------
BAR-estimator:      0.00000        0.05000        4.3271         4.3271         4.3271         0.0176         0.0176 
BAR-estimator:      0.05000        0.10000        2.2636         6.5907         2.2636         0.0166         0.0242 
BAR-estimator:      0.10000        0.15000        0.9404         7.5311         0.9404         0.0105         0.0264 
BAR-estimator:      0.15000        0.20000        0.3321         7.8632         0.3321         0.0063         0.0271 
BAR-estimator:      0.20000        0.25000        0.0614         7.9246         0.0614         0.0050         0.0276 
BAR-estimator:      0.25000        0.30000       -0.1239         7.8007        -0.1239         0.0049         0.0280 
BAR-estimator:      0.30000        0.35000       -0.2117         7.5890        -0.2117         0.0048         0.0284 
BAR-estimator:      0.35000        0.40000       -0.2995         7.2895        -0.2995         0.0042         0.0287 
BAR-estimator:      0.40000        0.45000       -0.3469         6.9427        -0.3469         0.0034         0.0289 
BAR-estimator:      0.45000        0.50000       -0.4053         6.5374        -0.4053         0.0033         0.0291 
BAR-estimator:      0.50000        0.55000       -0.4764         6.0610        -0.4764         0.0037         0.0293 
BAR-estimator:      0.55000        0.60000       -0.5816         5.4794        -0.5816         0.0035         0.0295 
BAR-estimator:      0.60000        0.65000       -0.6608         4.8187        -0.6608         0.0030         0.0297 
BAR-estimator:      0.65000        0.70000       -0.7019         4.1168        -0.7019         0.0033         0.0299 
BAR-estimator:      0.70000        0.75000       -0.7550         3.3618        -0.7550         0.0034         0.0301 
BAR-estimator:      0.75000        0.80000       -0.7837         2.5781        -0.7837         0.0034         0.0303 
BAR-estimator:      0.80000        0.85000       -0.8101         1.7680        -0.8101         0.0034         0.0305 
BAR-estimator:      0.85000        0.90000       -0.8300         0.9380        -0.8300         0.0035         0.0307 
BAR-estimator:      0.90000        0.95000       -0.8566         0.0813        -0.8566         0.0036         0.0309 
BAR-estimator:      0.95000        1.00000       -0.8713        -0.7900        -0.8713         0.0031         0.0310 
BAR-estimator: total free energy change is -0.789973659508399 , total error is 0.03103200681455806
