#========================================================================================
#                     Free energy perturbation    
#----------------------------------------------------------------------------------------
#forward/backward          λ              ΔΔA                 ΔA                  δε   
#                                                 
#----------------------------------------------------------------------------------------
forward:               0.0000              0.0000              0.0000              0.0000  
forward:               0.0500              0.6339              0.6339              0.0076  
forward:               0.1000              0.4257              1.0596              0.0102  
forward:               0.1500              0.2965              1.3561              0.0119  
forward:               0.2000              0.2273              1.5835              0.0128  
forward:               0.2500              0.1850              1.7684              0.0136  
forward:               0.3000              0.1481              1.9165              0.0141  
forward:               0.3500              0.1226              2.0392              0.0145  
forward:               0.4000              0.1051              2.1442              0.0149  
forward:               0.4500              0.0963              2.2405              0.0156  
forward:               0.5000              0.0822              2.3228              0.0159  
forward:               0.5500              0.0723              2.3950              0.0163  
forward:               0.6000              0.0456              2.4406              0.0166  
forward:               0.6500              0.0217              2.4623              0.0169  
forward:               0.7000              0.0095              2.4718              0.0171  
forward:               0.7500             -0.0001              2.4717              0.0174  
forward:               0.8000             -0.0085              2.4632              0.0176  
forward:               0.8500             -0.0151              2.4481              0.0178  
forward:               0.9000             -0.0260              2.4221              0.0180  
forward:               0.9500             -0.0200              2.4021              0.0182  
forward:               1.0000             -0.0292              2.3728              0.0184  
backward:              1.0000              0.0000              2.3728              0.0000  
backward:              0.9500              0.0296              2.4024              0.0039  
backward:              0.9000              0.0249              2.4273              0.0053  
backward:              0.8500              0.0221              2.4494              0.0064  
backward:              0.8000              0.0168              2.4662              0.0074  
backward:              0.7500              0.0070              2.4732              0.0087  
backward:              0.7000             -0.0001              2.4731              0.0093  
backward:              0.6500             -0.0086              2.4645              0.0100  
backward:              0.6000             -0.0226              2.4419              0.0108  
backward:              0.5500             -0.0440              2.3979              0.0117  
backward:              0.5000             -0.0655              2.3324              0.0122  
backward:              0.4500             -0.0818              2.2505              0.0131  
backward:              0.4000             -0.0944              2.1561              0.0138  
backward:              0.3500             -0.1093              2.0468              0.0145  
backward:              0.3000             -0.1247              1.9221              0.0154  
backward:              0.2500             -0.1478              1.7743              0.0162  
backward:              0.2000             -0.1838              1.5905              0.0172  
backward:              0.1500             -0.2346              1.3559              0.0183  
backward:              0.1000             -0.3121              1.0439              0.0197  
backward:              0.0500             -0.4155              0.6284              0.0232  
backward:              0.0000             -0.6640             -0.0356              0.0276  
Inaccuracy estimation
======================================================================================================
                   i        i+δi          P0_overlap_P1   δε(forward)/ε   δε(backward)/ε
======================================================================================================
inaccuracy:  0.00000        0.05000           59.39           -0.01            0.48
inaccuracy:  0.05000        0.10000           65.14           -0.01            0.34
inaccuracy:  0.10000        0.15000           71.83           -0.00            0.20
inaccuracy:  0.15000        0.20000           74.07           -0.01            0.15
inaccuracy:  0.20000        0.25000           75.31           -0.00            0.13
inaccuracy:  0.25000        0.30000           77.23           -0.01            0.12
inaccuracy:  0.30000        0.35000           78.84           -0.01            0.10
inaccuracy:  0.35000        0.40000           79.20           -0.01            0.09
inaccuracy:  0.40000        0.45000           78.24           -0.01            0.08
inaccuracy:  0.45000        0.50000           79.09           -0.01            0.08
inaccuracy:  0.50000        0.55000           77.87           -0.01            0.08
inaccuracy:  0.55000        0.60000           78.75           -0.01            0.07
inaccuracy:  0.60000        0.65000           78.78           -0.01            0.07
inaccuracy:  0.65000        0.70000           78.97           -0.01            0.07
inaccuracy:  0.70000        0.75000           79.91           -0.01            0.07
inaccuracy:  0.75000        0.80000           78.94           -0.01            0.07
inaccuracy:  0.80000        0.85000           78.68           -0.01            0.07
inaccuracy:  0.85000        0.90000           79.42           -0.01            0.07
inaccuracy:  0.90000        0.95000           78.90           -0.01            0.07
inaccuracy:  0.95000        1.00000           78.80           -0.01            0.06
===================================================================================================================================
                BAR        
-----------------------------------------------------------------------------------------------------------------------------------
BAR-estimator:         λ             λ+δλ          ΔΔA             ΔA            C               Δδe            δe       
                          
-----------------------------------------------------------------------------------------------------------------------------------
BAR-estimator:      0.00000        0.05000        0.6410         0.6410         0.6410         0.0051         0.0051 
BAR-estimator:      0.05000        0.10000        0.4208         1.0618         0.4208         0.0045         0.0068 
BAR-estimator:      0.10000        0.15000        0.3025         1.3644         0.3025         0.0041         0.0080 
BAR-estimator:      0.15000        0.20000        0.2294         1.5938         0.2294         0.0033         0.0086 
BAR-estimator:      0.20000        0.25000        0.1833         1.7770         0.1833         0.0032         0.0092 
BAR-estimator:      0.25000        0.30000        0.1501         1.9272         0.1501         0.0027         0.0096 
BAR-estimator:      0.30000        0.35000        0.1243         2.0515         0.1243         0.0027         0.0100 
BAR-estimator:      0.35000        0.40000        0.1076         2.1591         0.1076         0.0027         0.0103 
BAR-estimator:      0.40000        0.45000        0.0946         2.2537         0.0946         0.0028         0.0107 
BAR-estimator:      0.45000        0.50000        0.0813         2.3350         0.0813         0.0023         0.0110 
BAR-estimator:      0.50000        0.55000        0.0703         2.4053         0.0703         0.0026         0.0113 
BAR-estimator:      0.55000        0.60000        0.0454         2.4508         0.0454         0.0025         0.0115 
BAR-estimator:      0.60000        0.65000        0.0206         2.4713         0.0206         0.0024         0.0118 
BAR-estimator:      0.65000        0.70000        0.0084         2.4797         0.0084         0.0023         0.0120 
BAR-estimator:      0.70000        0.75000        0.0006         2.4804         0.0006         0.0022         0.0122 
BAR-estimator:      0.75000        0.80000       -0.0089         2.4715        -0.0089         0.0022         0.0124 
BAR-estimator:      0.80000        0.85000       -0.0162         2.4553        -0.0162         0.0022         0.0126 
BAR-estimator:      0.85000        0.90000       -0.0244         2.4309        -0.0244         0.0022         0.0128 
BAR-estimator:      0.90000        0.95000       -0.0214         2.4096        -0.0214         0.0022         0.0130 
BAR-estimator:      0.95000        1.00000       -0.0303         2.3792        -0.0303         0.0021         0.0131 
BAR-estimator: total free energy change is 2.379238422656896 , total error is 0.013146429814891959
