#========================================================================================
#                     Free energy perturbation    
#----------------------------------------------------------------------------------------
#forward/backward          λ              ΔΔA                 ΔA                  δε   
#                                                 
#----------------------------------------------------------------------------------------
forward:               0.0000              0.0000              0.0000              0.0000  
forward:               0.0500              1.1567              1.1567              0.0157  
forward:               0.1000              0.5857              1.7424              0.0186  
forward:               0.1500              0.3074              2.0498              0.0198  
forward:               0.2000              0.1916              2.2414              0.0209  
forward:               0.2500              0.1157              2.3571              0.0215  
forward:               0.3000              0.0739              2.4310              0.0220  
forward:               0.3500              0.0358              2.4668              0.0224  
forward:               0.4000              0.0164              2.4832              0.0229  
forward:               0.4500             -0.0026              2.4806              0.0231  
forward:               0.5000             -0.0199              2.4607              0.0234  
forward:               0.5500             -0.0477              2.4130              0.0237  
forward:               0.6000             -0.1320              2.2810              0.0240  
forward:               0.6500             -0.1812              2.0998              0.0242  
forward:               0.7000             -0.2322              1.8675              0.0245  
forward:               0.7500             -0.2813              1.5862              0.0247  
forward:               0.8000             -0.3046              1.2816              0.0249  
forward:               0.8500             -0.3261              0.9555              0.0252  
forward:               0.9000             -0.3492              0.6063              0.0255  
forward:               0.9500             -0.3641              0.2422              0.0257  
forward:               1.0000             -0.3727             -0.1306              0.0259  
backward:              1.0000              0.0000             -0.1306              0.0000  
backward:              0.9500              0.3771              0.2466              0.0040  
backward:              0.9000              0.3644              0.6109              0.0055  
backward:              0.8500              0.3431              0.9540              0.0069  
backward:              0.8000              0.3272              1.2812              0.0082  
backward:              0.7500              0.3004              1.5816              0.0092  
backward:              0.7000              0.2727              1.8543              0.0100  
backward:              0.6500              0.2329              2.0872              0.0108  
backward:              0.6000              0.1793              2.2665              0.0116  
backward:              0.5500              0.1237              2.3902              0.0125  
backward:              0.5000              0.0484              2.4387              0.0132  
backward:              0.4500              0.0216              2.4602              0.0139  
backward:              0.4000              0.0061              2.4663              0.0145  
backward:              0.3500             -0.0165              2.4499              0.0152  
backward:              0.3000             -0.0365              2.4134              0.0158  
backward:              0.2500             -0.0719              2.3414              0.0166  
backward:              0.2000             -0.1164              2.2250              0.0177  
backward:              0.1500             -0.1935              2.0315              0.0197  
backward:              0.1000             -0.3388              1.6927              0.0217  
backward:              0.0500             -0.5839              1.1088              0.0287  
backward:              0.0000             -1.1514             -0.0426              0.0362  
Inaccuracy estimation
======================================================================================================
                   i        i+δi          P0_overlap_P1   δε(forward)/ε   δε(backward)/ε
======================================================================================================
inaccuracy:  0.00000        0.05000           42.62           -0.02            1.27
inaccuracy:  0.05000        0.10000           56.52           -0.02            0.61
inaccuracy:  0.10000        0.15000           68.44           -0.01            0.29
inaccuracy:  0.15000        0.20000           70.92           -0.01            0.18
inaccuracy:  0.20000        0.25000           74.43           -0.00            0.13
inaccuracy:  0.25000        0.30000           76.21           -0.01            0.11
inaccuracy:  0.30000        0.35000           77.75           -0.01            0.09
inaccuracy:  0.35000        0.40000           77.62           -0.00            0.08
inaccuracy:  0.40000        0.45000           78.45           -0.01            0.08
inaccuracy:  0.45000        0.50000           79.17           -0.01            0.08
inaccuracy:  0.50000        0.55000           75.10           -0.03            0.09
inaccuracy:  0.55000        0.60000           77.53           -0.02            0.07
inaccuracy:  0.60000        0.65000           76.91           -0.03            0.06
inaccuracy:  0.65000        0.70000           76.05           -0.02            0.06
inaccuracy:  0.70000        0.75000           77.48           -0.02            0.05
inaccuracy:  0.75000        0.80000           76.79           -0.02            0.06
inaccuracy:  0.80000        0.85000           76.19           -0.03            0.05
inaccuracy:  0.85000        0.90000           77.28           -0.03            0.05
inaccuracy:  0.90000        0.95000           76.33           -0.03            0.05
inaccuracy:  0.95000        1.00000           75.55           -0.03            0.05
===================================================================================================================================
                BAR        
-----------------------------------------------------------------------------------------------------------------------------------
BAR-estimator:         λ             λ+δλ          ΔΔA             ΔA            C               Δδe            δe       
                          
-----------------------------------------------------------------------------------------------------------------------------------
BAR-estimator:      0.00000        0.05000        1.1768         1.1768         1.1768         0.0090         0.0090 
BAR-estimator:      0.05000        0.10000        0.5837         1.7605         0.5837         0.0067         0.0112 
BAR-estimator:      0.10000        0.15000        0.3192         2.0797         0.3192         0.0048         0.0122 
BAR-estimator:      0.15000        0.20000        0.1879         2.2676         0.1879         0.0044         0.0129 
BAR-estimator:      0.20000        0.25000        0.1156         2.3832         0.1156         0.0035         0.0134 
BAR-estimator:      0.25000        0.30000        0.0735         2.4567         0.0735         0.0033         0.0138 
BAR-estimator:      0.30000        0.35000        0.0371         2.4938         0.0371         0.0028         0.0141 
BAR-estimator:      0.35000        0.40000        0.0158         2.5096         0.0158         0.0027         0.0143 
BAR-estimator:      0.40000        0.45000       -0.0031         2.5065        -0.0031         0.0027         0.0146 
BAR-estimator:      0.45000        0.50000       -0.0196         2.4868        -0.0196         0.0021         0.0147 
BAR-estimator:      0.50000        0.55000       -0.0465         2.4403        -0.0465         0.0026         0.0150 
BAR-estimator:      0.55000        0.60000       -0.1293         2.3110        -0.1293         0.0027         0.0152 
BAR-estimator:      0.60000        0.65000       -0.1808         2.1302        -0.1808         0.0027         0.0154 
BAR-estimator:      0.65000        0.70000       -0.2334         1.8968        -0.2334         0.0024         0.0156 
BAR-estimator:      0.70000        0.75000       -0.2771         1.6196        -0.2771         0.0022         0.0158 
BAR-estimator:      0.75000        0.80000       -0.3028         1.3169        -0.3028         0.0031         0.0161 
BAR-estimator:      0.80000        0.85000       -0.3269         0.9900        -0.3269         0.0025         0.0163 
BAR-estimator:      0.85000        0.90000       -0.3468         0.6432        -0.3468         0.0026         0.0165 
BAR-estimator:      0.90000        0.95000       -0.3637         0.2794        -0.3637         0.0025         0.0167 
BAR-estimator:      0.95000        1.00000       -0.3743        -0.0949        -0.3743         0.0028         0.0169 
BAR-estimator: total free energy change is -0.094898305483966 , total error is 0.01689846384509134
