#========================================================================================
#                     Free energy perturbation    
#----------------------------------------------------------------------------------------
#forward/backward          λ              ΔΔA                 ΔA                  δε   
#                                                 
#----------------------------------------------------------------------------------------
forward:               0.0000              0.0000              0.0000              0.0000  
forward:               0.0500              0.9211              0.9211              0.0143  
forward:               0.1000              0.5664              1.4874              0.0165  
forward:               0.1500              0.3380              1.8254              0.0187  
forward:               0.2000              0.2170              2.0424              0.0195  
forward:               0.2500              0.1347              2.1772              0.0201  
forward:               0.3000              0.0885              2.2657              0.0206  
forward:               0.3500              0.0451              2.3108              0.0210  
forward:               0.4000              0.0204              2.3312              0.0213  
forward:               0.4500             -0.0003              2.3309              0.0216  
forward:               0.5000             -0.0130              2.3179              0.0218  
forward:               0.5500             -0.1971              2.1208              0.0224  
forward:               0.6000             -0.4974              1.6234              0.0230  
forward:               0.6500             -0.7778              0.8456              0.0238  
forward:               0.7000             -1.0115             -0.1659              0.0244  
forward:               0.7500             -1.1597             -1.3255              0.0250  
forward:               0.8000             -1.2569             -2.5824              0.0255  
forward:               0.8500             -1.3188             -3.9012              0.0260  
forward:               0.9000             -1.3452             -5.2464              0.0264  
forward:               0.9500             -1.3499             -6.5963              0.0268  
forward:               1.0000             -1.3538             -7.9501              0.0272  
backward:              1.0000              0.0000             -7.9501              0.0000  
backward:              0.9500              1.3535             -6.5966              0.0062  
backward:              0.9000              1.3533             -5.2433              0.0089  
backward:              0.8500              1.3507             -3.8926              0.0112  
backward:              0.8000              1.3079             -2.5847              0.0130  
backward:              0.7500              1.2489             -1.3357              0.0144  
backward:              0.7000              1.1562             -0.1795              0.0157  
backward:              0.6500              0.9960              0.8164              0.0168  
backward:              0.6000              0.7662              1.5826              0.0180  
backward:              0.5500              0.4782              2.0608              0.0191  
backward:              0.5000              0.1871              2.2479              0.0211  
backward:              0.4500              0.0150              2.2629              0.0216  
backward:              0.4000             -0.0018              2.2611              0.0220  
backward:              0.3500             -0.0295              2.2316              0.0226  
backward:              0.3000             -0.0539              2.1776              0.0235  
backward:              0.2500             -0.0954              2.0823              0.0248  
backward:              0.2000             -0.1405              1.9418              0.0258  
backward:              0.1500             -0.2065              1.7354              0.0269  
backward:              0.1000             -0.3500              1.3853              0.0289  
backward:              0.0500             -0.5361              0.8492              0.0315  
backward:              0.0000             -0.9377             -0.0884              0.0374  
Inaccuracy estimation
======================================================================================================
                   i        i+δi          P0_overlap_P1   δε(forward)/ε   δε(backward)/ε
======================================================================================================
inaccuracy:  0.00000        0.05000           49.20           -0.02            0.82
inaccuracy:  0.05000        0.10000           57.30           -0.02            0.54
inaccuracy:  0.10000        0.15000           66.22           -0.00            0.32
inaccuracy:  0.15000        0.20000           69.43           -0.01            0.21
inaccuracy:  0.20000        0.25000           73.04           -0.01            0.16
inaccuracy:  0.25000        0.30000           73.99           -0.01            0.12
inaccuracy:  0.30000        0.35000           76.84           -0.01            0.11
inaccuracy:  0.35000        0.40000           77.30           -0.01            0.10
inaccuracy:  0.40000        0.45000           77.61           -0.01            0.09
inaccuracy:  0.45000        0.50000           77.48           -0.01            0.08
inaccuracy:  0.50000        0.55000           65.30           -0.10            0.13
inaccuracy:  0.55000        0.60000           66.44           -0.13            0.09
inaccuracy:  0.60000        0.65000           65.70           -0.13            0.06
inaccuracy:  0.65000        0.70000           66.13           -0.11            0.04
inaccuracy:  0.70000        0.75000           66.83           -0.14            0.02
inaccuracy:  0.75000        0.80000           67.24           -0.14            0.02
inaccuracy:  0.80000        0.85000           66.72           -0.15            0.02
inaccuracy:  0.85000        0.90000           65.83           -0.14            0.02
inaccuracy:  0.90000        0.95000           64.66           -0.14            0.02
inaccuracy:  0.95000        1.00000           64.21           -0.14            0.03
===================================================================================================================================
                BAR        
-----------------------------------------------------------------------------------------------------------------------------------
BAR-estimator:         λ             λ+δλ          ΔΔA             ΔA            C               Δδe            δe       
                          
-----------------------------------------------------------------------------------------------------------------------------------
BAR-estimator:      0.00000        0.05000        0.9248         0.9248         0.9248         0.0080         0.0080 
BAR-estimator:      0.05000        0.10000        0.5590         1.4837         0.5590         0.0055         0.0097 
BAR-estimator:      0.10000        0.15000        0.3444         1.8281         0.3444         0.0058         0.0113 
BAR-estimator:      0.15000        0.20000        0.2133         2.0414         0.2133         0.0045         0.0121 
BAR-estimator:      0.20000        0.25000        0.1372         2.1786         0.1372         0.0038         0.0127 
BAR-estimator:      0.25000        0.30000        0.0880         2.2665         0.0880         0.0035         0.0132 
BAR-estimator:      0.30000        0.35000        0.0486         2.3151         0.0486         0.0029         0.0135 
BAR-estimator:      0.35000        0.40000        0.0226         2.3377         0.0226         0.0027         0.0138 
BAR-estimator:      0.40000        0.45000        0.0006         2.3384         0.0006         0.0025         0.0140 
BAR-estimator:      0.45000        0.50000       -0.0138         2.3245        -0.0138         0.0023         0.0142 
BAR-estimator:      0.50000        0.55000       -0.1948         2.1297        -0.1948         0.0039         0.0147 
BAR-estimator:      0.55000        0.60000       -0.4885         1.6413        -0.4885         0.0034         0.0151 
BAR-estimator:      0.60000        0.65000       -0.7772         0.8641        -0.7772         0.0036         0.0155 
BAR-estimator:      0.65000        0.70000       -1.0018        -0.1378        -1.0018         0.0041         0.0160 
BAR-estimator:      0.70000        0.75000       -1.1596        -1.2974        -1.1596         0.0042         0.0166 
BAR-estimator:      0.75000        0.80000       -1.2537        -2.5511        -1.2537         0.0037         0.0170 
BAR-estimator:      0.80000        0.85000       -1.3137        -3.8648        -1.3137         0.0037         0.0174 
BAR-estimator:      0.85000        0.90000       -1.3465        -5.2113        -1.3465         0.0037         0.0178 
BAR-estimator:      0.90000        0.95000       -1.3540        -6.5653        -1.3540         0.0038         0.0182 
BAR-estimator:      0.95000        1.00000       -1.3531        -7.9185        -1.3531         0.0036         0.0185 
BAR-estimator: total free energy change is -7.918465713030954 , total error is 0.018527171607729803
