#========================================================================================
#                     Free energy perturbation    
#----------------------------------------------------------------------------------------
#forward/backward          λ              ΔΔA                 ΔA                  δε   
#                                                 
#----------------------------------------------------------------------------------------
forward:               0.0000              0.0000              0.0000              0.0000  
forward:               0.0500              0.8774              0.8774              0.0117  
forward:               0.1000              0.5421              1.4195              0.0151  
forward:               0.1500              0.3164              1.7359              0.0166  
forward:               0.2000              0.2076              1.9435              0.0177  
forward:               0.2500              0.1304              2.0739              0.0187  
forward:               0.3000              0.0671              2.1411              0.0192  
forward:               0.3500              0.0472              2.1883              0.0197  
forward:               0.4000              0.0232              2.2115              0.0202  
forward:               0.4500             -0.0047              2.2068              0.0205  
forward:               0.5000             -0.0174              2.1894              0.0208  
forward:               0.5500             -0.1488              2.0406              0.0214  
forward:               0.6000             -0.3959              1.6448              0.0219  
forward:               0.6500             -0.6315              1.0132              0.0228  
forward:               0.7000             -0.8448              0.1684              0.0234  
forward:               0.7500             -0.9870             -0.8186              0.0239  
forward:               0.8000             -1.0628             -1.8814              0.0243  
forward:               0.8500             -1.1140             -2.9954              0.0247  
forward:               0.9000             -1.1606             -4.1560              0.0251  
forward:               0.9500             -1.1768             -5.3328              0.0255  
forward:               1.0000             -1.1909             -6.5237              0.0258  
backward:              1.0000              0.0000             -6.5237              0.0000  
backward:              0.9500              1.1806             -5.3430              0.0056  
backward:              0.9000              1.1797             -4.1634              0.0078  
backward:              0.8500              1.1644             -2.9990              0.0102  
backward:              0.8000              1.1220             -1.8769              0.0114  
backward:              0.7500              1.0650             -0.8119              0.0128  
backward:              0.7000              0.9777              0.1658              0.0139  
backward:              0.6500              0.8400              1.0058              0.0153  
backward:              0.6000              0.6296              1.6354              0.0157  
backward:              0.5500              0.3974              2.0328              0.0168  
backward:              0.5000              0.1495              2.1823              0.0177  
backward:              0.4500              0.0165              2.1988              0.0182  
backward:              0.4000              0.0060              2.2048              0.0187  
backward:              0.3500             -0.0238              2.1810              0.0192  
backward:              0.3000             -0.0418              2.1392              0.0199  
backward:              0.2500             -0.0753              2.0639              0.0206  
backward:              0.2000             -0.1180              1.9459              0.0215  
backward:              0.1500             -0.1920              1.7539              0.0228  
backward:              0.1000             -0.3057              1.4482              0.0247  
backward:              0.0500             -0.5239              0.9243              0.0274  
backward:              0.0000             -0.8870              0.0373              0.0333  
Inaccuracy estimation
======================================================================================================
                   i        i+δi          P0_overlap_P1   δε(forward)/ε   δε(backward)/ε
======================================================================================================
inaccuracy:  0.00000        0.05000           49.49           -0.02            0.81
inaccuracy:  0.05000        0.10000           57.98           -0.01            0.51
inaccuracy:  0.10000        0.15000           65.32           -0.01            0.31
inaccuracy:  0.15000        0.20000           69.07           -0.01            0.21
inaccuracy:  0.20000        0.25000           71.55           -0.01            0.16
inaccuracy:  0.25000        0.30000           75.37           -0.01            0.12
inaccuracy:  0.30000        0.35000           75.20           -0.01            0.11
inaccuracy:  0.35000        0.40000           76.32           -0.01            0.10
inaccuracy:  0.40000        0.45000           76.78           -0.01            0.09
inaccuracy:  0.45000        0.50000           77.35           -0.01            0.09
inaccuracy:  0.50000        0.55000           67.40           -0.09            0.12
inaccuracy:  0.55000        0.60000           66.78           -0.11            0.09
inaccuracy:  0.60000        0.65000           66.13           -0.11            0.07
inaccuracy:  0.65000        0.70000           67.08           -0.11            0.05
inaccuracy:  0.70000        0.75000           68.80           -0.11            0.04
inaccuracy:  0.75000        0.80000           67.84           -0.11            0.03
inaccuracy:  0.80000        0.85000           67.35           -0.12            0.03
inaccuracy:  0.85000        0.90000           67.16           -0.10            0.03
inaccuracy:  0.90000        0.95000           67.10           -0.11            0.03
inaccuracy:  0.95000        1.00000           67.24           -0.11            0.03
===================================================================================================================================
                BAR        
-----------------------------------------------------------------------------------------------------------------------------------
BAR-estimator:         λ             λ+δλ          ΔΔA             ΔA            C               Δδe            δe       
                          
-----------------------------------------------------------------------------------------------------------------------------------
BAR-estimator:      0.00000        0.05000        0.8800         0.8800         0.8800         0.0069         0.0069 
BAR-estimator:      0.05000        0.10000        0.5369         1.4169         0.5369         0.0062         0.0093 
BAR-estimator:      0.10000        0.15000        0.3137         1.7306         0.3137         0.0038         0.0101 
BAR-estimator:      0.15000        0.20000        0.2028         1.9334         0.2028         0.0042         0.0109 
BAR-estimator:      0.20000        0.25000        0.1273         2.0607         0.1273         0.0038         0.0115 
BAR-estimator:      0.25000        0.30000        0.0703         2.1310         0.0703         0.0029         0.0119 
BAR-estimator:      0.30000        0.35000        0.0462         2.1772         0.0462         0.0031         0.0123 
BAR-estimator:      0.35000        0.40000        0.0236         2.2008         0.0236         0.0034         0.0127 
BAR-estimator:      0.40000        0.45000       -0.0046         2.1962        -0.0046         0.0026         0.0130 
BAR-estimator:      0.45000        0.50000       -0.0164         2.1797        -0.0164         0.0025         0.0133 
BAR-estimator:      0.50000        0.55000       -0.1519         2.0279        -0.1519         0.0033         0.0136 
BAR-estimator:      0.55000        0.60000       -0.3993         1.6286        -0.3993         0.0033         0.0140 
BAR-estimator:      0.60000        0.65000       -0.6333         0.9953        -0.6333         0.0034         0.0144 
BAR-estimator:      0.65000        0.70000       -0.8428         0.1525        -0.8428         0.0037         0.0149 
BAR-estimator:      0.70000        0.75000       -0.9823        -0.8298        -0.9823         0.0032         0.0152 
BAR-estimator:      0.75000        0.80000       -1.0669        -1.8967        -1.0669         0.0035         0.0156 
BAR-estimator:      0.80000        0.85000       -1.1159        -3.0126        -1.1159         0.0034         0.0160 
BAR-estimator:      0.85000        0.90000       -1.1611        -4.1737        -1.1611         0.0034         0.0164 
BAR-estimator:      0.90000        0.95000       -1.1745        -5.3482        -1.1745         0.0034         0.0167 
BAR-estimator:      0.95000        1.00000       -1.1869        -6.5351        -1.1869         0.0032         0.0170 
BAR-estimator: total free energy change is -6.535133416599528 , total error is 0.017021318661149518
