20
 energy: -572.564327438440 gnorm: 0.001849954636 xtb: 6.7.1 (41059b4)
C            0.83286934060860        1.37023463572806       -0.62280891688553
C            1.56944843712630        0.17515431002658       -0.03479988300132
H            2.56500741994829        0.09676028889169       -0.50586628889858
C            0.77542855202045       -1.11098795827510       -0.30945037277435
H            1.20057495687836       -1.93755859382997        0.27848078549137
C           -0.69744061272285       -0.94238871444225        0.08771093492775
H           -1.26417001086114       -1.79098819473275       -0.31154825148307
C           -1.29636113820179        0.35280354220564       -0.48435686051520
H           -1.35074508547213        0.31255574708905       -1.58259900060886
O           -0.48010632618315        1.47770619288656       -0.09564391274380
O           -2.57493561644028        0.56308599423886        0.00262798939012
O           -0.86601207092114       -0.95875409694727        1.50275803243885
O            0.78288396946531       -1.39957857315033       -1.70944333905489
O            1.70728915208877        0.27262096460120        1.39308487115823
H            0.81814881440162        1.26860617358150       -1.72093899297271
H            1.34926385513093        2.30663093012188       -0.37630495561430
H           -2.54903966339303        0.29901854953953        0.93642625149869
H           -0.17194872552000       -0.38549653890188        1.86796468536676
H            1.66769235477383       -1.68863364357001       -1.95768239646671
H            1.80184729714656        1.20334020789848        1.62795462419870
20
 energy: -572.564339398184 gnorm: 0.000755860166 xtb: 6.7.1 (41059b4)
C            0.83282170390708        1.37088289477797       -0.62395813320480
C            1.56787407060975        0.17492850945252       -0.03476799724650
H            2.56487629034771        0.09472711026560       -0.50185522062720
C            0.77457291115691       -1.11121094617178       -0.31001424242258
H            1.20023426395581       -1.93778390188400        0.27795203633930
C           -0.69725943016076       -0.94190036021842        0.08860836266838
H           -1.26424108099675       -1.79028777491935       -0.31067571889657
C           -1.29544236014720        0.35334365061945       -0.48386203325404
H           -1.34767034614108        0.31297798080372       -1.58235627972717
O           -0.47993302066698        1.47825419626020       -0.09457280472154
O           -2.57382835705691        0.56259543536581        0.00137612488134
O           -0.86630126309291       -0.95893081056144        1.50368572527605
O            0.78237466403086       -1.40027688811618       -1.70987336548039
O            1.70218079809849        0.27432279461320        1.39310310612759
H            0.81565923804734        1.27057884131977       -1.72185008142040
H            1.34979092925067        2.30668955320297       -0.37683510181361
H           -2.54961224260412        0.29880546887824        0.93527446874043
H           -0.16926996120145       -0.39087705034914        1.86966523553296
H            1.66788991316853       -1.68788612192757       -1.95755332527776
H            1.80497812648513        1.20517862540005        1.62407407902706
20
 energy: -572.564342002508 gnorm: 0.000600226434 xtb: 6.7.1 (41059b4)
C            0.83265898106483        1.37051694363279       -0.62457439239613
C            1.56816398394172        0.17494727389574       -0.03468122480307
H            2.56597415067462        0.09469925104204       -0.49993045652118
C            0.77444855836421       -1.11092204101534       -0.30939654438371
H            1.20068898044042       -1.93770761974119        0.27795119564750
C           -0.69748021843775       -0.94221060889231        0.08852409986036
H           -1.26480986441589       -1.79031885999063       -0.31091836657309
C           -1.29585102912783        0.35322203449537       -0.48347243602802
H           -1.34632140990317        0.31256752450029       -1.58209084656213
O           -0.48021721742299        1.47811379166381       -0.09428402168514
O           -2.57421838671320        0.56285433106410        0.00031979430481
O           -0.86616371423285       -0.95934612509513        1.50358988620404
O            0.78165660724427       -1.39973769673541       -1.70917952742964
O            1.69948653705179        0.27485589702106        1.39352609009886
H            0.81406547155454        1.27045154529783       -1.72234037452627
H            1.34973982699235        2.30631818820893       -0.37766129484295
H           -2.55142209978445        0.29995347361133        0.93443426833899
H           -0.16742560329200       -0.39347898228178        1.86998468487581
H            1.66755621284024       -1.68599793275901       -1.95705876197669
H            1.80916512462533        1.20535075657042        1.62282297388463
20
 energy: -572.564342002508 gnorm: 0.000600226434 xtb: 6.7.1 (41059b4)
C            0.83265898106483        1.37051694363279       -0.62457439239613
C            1.56816398394172        0.17494727389574       -0.03468122480307
H            2.56597415067462        0.09469925104204       -0.49993045652118
C            0.77444855836421       -1.11092204101534       -0.30939654438371
H            1.20068898044042       -1.93770761974119        0.27795119564750
C           -0.69748021843775       -0.94221060889231        0.08852409986036
H           -1.26480986441589       -1.79031885999063       -0.31091836657309
C           -1.29585102912783        0.35322203449537       -0.48347243602802
H           -1.34632140990317        0.31256752450029       -1.58209084656213
O           -0.48021721742299        1.47811379166381       -0.09428402168514
O           -2.57421838671320        0.56285433106410        0.00031979430481
O           -0.86616371423285       -0.95934612509513        1.50358988620404
O            0.78165660724427       -1.39973769673541       -1.70917952742964
O            1.69948653705179        0.27485589702106        1.39352609009886
H            0.81406547155454        1.27045154529783       -1.72234037452627
H            1.34973982699235        2.30631818820893       -0.37766129484295
H           -2.55142209978445        0.29995347361133        0.93443426833899
H           -0.16742560329200       -0.39347898228178        1.86998468487581
H            1.66755621284024       -1.68599793275901       -1.95705876197669
H            1.80916512462533        1.20535075657042        1.62282297388463
