#========================================================================================
#                     Free energy perturbation    
#----------------------------------------------------------------------------------------
#forward/backward          λ              ΔΔA                 ΔA                  δε   
#                                                 
#----------------------------------------------------------------------------------------
forward:               0.0000              0.0000              0.0000              0.0000  
forward:               0.0500              0.6261              0.6261              0.0115  
forward:               0.1000              0.4118              1.0379              0.0141  
forward:               0.1500              0.2734              1.3113              0.0155  
forward:               0.2000              0.1897              1.5010              0.0160  
forward:               0.2500              0.1583              1.6593              0.0170  
forward:               0.3000              0.1264              1.7858              0.0175  
forward:               0.3500              0.0962              1.8820              0.0180  
forward:               0.4000              0.0791              1.9611              0.0184  
forward:               0.4500              0.0686              2.0297              0.0188  
forward:               0.5000              0.0536              2.0833              0.0192  
forward:               0.5500             -0.0088              2.0745              0.0195  
forward:               0.6000             -0.0854              1.9891              0.0200  
forward:               0.6500             -0.1475              1.8417              0.0203  
forward:               0.7000             -0.1969              1.6448              0.0205  
forward:               0.7500             -0.2222              1.4226              0.0207  
forward:               0.8000             -0.2583              1.1643              0.0209  
forward:               0.8500             -0.2771              0.8872              0.0212  
forward:               0.9000             -0.2918              0.5954              0.0213  
forward:               0.9500             -0.2997              0.2957              0.0216  
forward:               1.0000             -0.3207             -0.0250              0.0218  
backward:              1.0000              0.0000             -0.0250              0.0000  
backward:              0.9500              0.3205              0.2955              0.0031  
backward:              0.9000              0.3043              0.5997              0.0047  
backward:              0.8500              0.2944              0.8941              0.0059  
backward:              0.8000              0.2757              1.1698              0.0067  
backward:              0.7500              0.2529              1.4227              0.0075  
backward:              0.7000              0.2206              1.6433              0.0082  
backward:              0.6500              0.1949              1.8382              0.0088  
backward:              0.6000              0.1446              1.9828              0.0095  
backward:              0.5500              0.0900              2.0729              0.0104  
backward:              0.5000              0.0106              2.0834              0.0114  
backward:              0.4500             -0.0548              2.0286              0.0120  
backward:              0.4000             -0.0679              1.9607              0.0128  
backward:              0.3500             -0.0766              1.8841              0.0134  
backward:              0.3000             -0.1004              1.7838              0.0141  
backward:              0.2500             -0.1225              1.6613              0.0150  
backward:              0.2000             -0.1579              1.5034              0.0161  
backward:              0.1500             -0.1985              1.3049              0.0172  
backward:              0.1000             -0.2873              1.0177              0.0212  
backward:              0.0500             -0.3954              0.6222              0.0240  
backward:              0.0000             -0.6770             -0.0547              0.0339  
Inaccuracy estimation
======================================================================================================
                   i        i+δi          P0_overlap_P1   δε(forward)/ε   δε(backward)/ε
======================================================================================================
inaccuracy:  0.00000        0.05000           58.95           -0.00            0.63
inaccuracy:  0.05000        0.10000           65.43           -0.00            0.33
inaccuracy:  0.10000        0.15000           73.03           -0.00            0.19
inaccuracy:  0.15000        0.20000           77.32           -0.00            0.13
inaccuracy:  0.20000        0.25000           77.90           -0.00            0.11
inaccuracy:  0.25000        0.30000           78.35           -0.00            0.09
inaccuracy:  0.30000        0.35000           80.25           -0.00            0.07
inaccuracy:  0.35000        0.40000           80.33           -0.00            0.07
inaccuracy:  0.40000        0.45000           81.59           -0.01            0.07
inaccuracy:  0.45000        0.50000           81.86           -0.00            0.06
inaccuracy:  0.50000        0.55000           76.67           -0.02            0.08
inaccuracy:  0.55000        0.60000           77.09           -0.02            0.07
inaccuracy:  0.60000        0.65000           79.25           -0.02            0.05
inaccuracy:  0.65000        0.70000           79.92           -0.02            0.05
inaccuracy:  0.70000        0.75000           78.85           -0.02            0.05
inaccuracy:  0.75000        0.80000           79.97           -0.02            0.05
inaccuracy:  0.80000        0.85000           79.40           -0.02            0.05
inaccuracy:  0.85000        0.90000           78.89           -0.02            0.04
inaccuracy:  0.90000        0.95000           78.48           -0.03            0.05
inaccuracy:  0.95000        1.00000           79.23           -0.03            0.04
===================================================================================================================================
                BAR        
-----------------------------------------------------------------------------------------------------------------------------------
BAR-estimator:         λ             λ+δλ          ΔΔA             ΔA            C               Δδe            δe       
                          
-----------------------------------------------------------------------------------------------------------------------------------
BAR-estimator:      0.00000        0.05000        0.6372         0.6372         0.6372         0.0076         0.0076 
BAR-estimator:      0.05000        0.10000        0.4067         1.0439         0.4067         0.0053         0.0093 
BAR-estimator:      0.10000        0.15000        0.2740         1.3179         0.2740         0.0044         0.0103 
BAR-estimator:      0.15000        0.20000        0.1947         1.5126         0.1947         0.0034         0.0108 
BAR-estimator:      0.20000        0.25000        0.1573         1.6699         0.1573         0.0035         0.0114 
BAR-estimator:      0.25000        0.30000        0.1232         1.7931         0.1232         0.0030         0.0117 
BAR-estimator:      0.30000        0.35000        0.0970         1.8901         0.0970         0.0026         0.0120 
BAR-estimator:      0.35000        0.40000        0.0772         1.9673         0.0772         0.0027         0.0123 
BAR-estimator:      0.40000        0.45000        0.0687         2.0360         0.0687         0.0025         0.0126 
BAR-estimator:      0.45000        0.50000        0.0537         2.0897         0.0537         0.0026         0.0128 
BAR-estimator:      0.50000        0.55000       -0.0088         2.0809        -0.0088         0.0028         0.0132 
BAR-estimator:      0.55000        0.60000       -0.0872         1.9937        -0.0872         0.0033         0.0136 
BAR-estimator:      0.60000        0.65000       -0.1456         1.8481        -0.1456         0.0025         0.0138 
BAR-estimator:      0.65000        0.70000       -0.1943         1.6538        -0.1943         0.0024         0.0140 
BAR-estimator:      0.70000        0.75000       -0.2223         1.4314        -0.2223         0.0024         0.0142 
BAR-estimator:      0.75000        0.80000       -0.2565         1.1749        -0.2565         0.0024         0.0144 
BAR-estimator:      0.80000        0.85000       -0.2772         0.8978        -0.2772         0.0025         0.0146 
BAR-estimator:      0.85000        0.90000       -0.2927         0.6050        -0.2927         0.0022         0.0148 
BAR-estimator:      0.90000        0.95000       -0.3015         0.3036        -0.3015         0.0025         0.0150 
BAR-estimator:      0.95000        1.00000       -0.3208        -0.0172        -0.3208         0.0025         0.0152 
BAR-estimator: total free energy change is -0.01717321631467522 , total error is 0.015190673445631572
