#========================================================================================
#                     Free energy perturbation    
#----------------------------------------------------------------------------------------
#forward/backward          λ              ΔΔA                 ΔA                  δε   
#                                                 
#----------------------------------------------------------------------------------------
forward:               0.0000              0.0000              0.0000              0.0000  
forward:               0.0500              2.4625              2.4625              0.0309  
forward:               0.1000              1.3337              3.7962              0.0375  
forward:               0.1500              0.6355              4.4316              0.0404  
forward:               0.2000              0.3227              4.7544              0.0415  
forward:               0.2500              0.1396              4.8939              0.0424  
forward:               0.3000              0.0448              4.9387              0.0428  
forward:               0.3500             -0.0120              4.9267              0.0431  
forward:               0.4000             -0.0734              4.8534              0.0435  
forward:               0.4500             -0.1066              4.7468              0.0437  
forward:               0.5000             -0.1479              4.5988              0.0440  
forward:               0.5500             -0.2100              4.3888              0.0444  
forward:               0.6000             -0.3671              4.0217              0.0447  
forward:               0.6500             -0.5088              3.5129              0.0450  
forward:               0.7000             -0.6095              2.9034              0.0453  
forward:               0.7500             -0.7169              2.1865              0.0458  
forward:               0.8000             -0.7974              1.3891              0.0460  
forward:               0.8500             -0.8629              0.5262              0.0462  
forward:               0.9000             -0.9138             -0.3876              0.0465  
forward:               0.9500             -0.9414             -1.3290              0.0467  
forward:               1.0000             -0.9788             -2.3078              0.0469  
backward:              1.0000              0.0000             -2.3078              0.0000  
backward:              0.9500              0.9744             -1.3334              0.0057  
backward:              0.9000              0.9564             -0.3769              0.0080  
backward:              0.8500              0.9149              0.5380              0.0087  
backward:              0.8000              0.8596              1.3976              0.0107  
backward:              0.7500              0.7906              2.1882              0.0123  
backward:              0.7000              0.7045              2.8927              0.0136  
backward:              0.6500              0.6107              3.5033              0.0152  
backward:              0.6000              0.5068              4.0101              0.0163  
backward:              0.5500              0.3739              4.3840              0.0176  
backward:              0.5000              0.2198              4.6038              0.0190  
backward:              0.4500              0.1247              4.7285              0.0206  
backward:              0.4000              0.0969              4.8254              0.0216  
backward:              0.3500              0.0603              4.8857              0.0227  
backward:              0.3000              0.0219              4.9076              0.0241  
backward:              0.2500             -0.0399              4.8676              0.0249  
backward:              0.2000             -0.1407              4.7270              0.0264  
backward:              0.1500             -0.3035              4.4235              0.0298  
backward:              0.1000             -0.6526              3.7709              0.0376  
backward:              0.0500             -1.2916              2.4794              0.0452  
backward:              0.0000             -2.4008              0.0786              0.0590  
Inaccuracy estimation
======================================================================================================
                   i        i+δi          P0_overlap_P1   δε(forward)/ε   δε(backward)/ε
======================================================================================================
inaccuracy:  0.00000        0.05000           27.03            0.06            2.90
inaccuracy:  0.05000        0.10000           36.20           -0.07            1.79
inaccuracy:  0.10000        0.15000           49.69           -0.04            0.81
inaccuracy:  0.15000        0.20000           57.54           -0.05            0.45
inaccuracy:  0.20000        0.25000           63.89           -0.02            0.27
inaccuracy:  0.25000        0.30000           66.23           -0.02            0.20
inaccuracy:  0.30000        0.35000           67.87           -0.03            0.18
inaccuracy:  0.35000        0.40000           69.92           -0.02            0.14
inaccuracy:  0.40000        0.45000           70.72           -0.02            0.13
inaccuracy:  0.45000        0.50000           72.09           -0.02            0.12
inaccuracy:  0.50000        0.55000           64.96           -0.06            0.15
inaccuracy:  0.55000        0.60000           66.56           -0.08            0.12
inaccuracy:  0.60000        0.65000           68.03           -0.08            0.10
inaccuracy:  0.65000        0.70000           66.94           -0.08            0.08
inaccuracy:  0.70000        0.75000           68.50           -0.07            0.07
inaccuracy:  0.75000        0.80000           68.25           -0.07            0.06
inaccuracy:  0.80000        0.85000           67.95           -0.07            0.06
inaccuracy:  0.85000        0.90000           68.19           -0.09            0.05
inaccuracy:  0.90000        0.95000           67.05           -0.11            0.05
inaccuracy:  0.95000        1.00000           67.70           -0.09            0.05
===================================================================================================================================
                BAR        
-----------------------------------------------------------------------------------------------------------------------------------
BAR-estimator:         λ             λ+δλ          ΔΔA             ΔA            C               Δδe            δe       
                          
-----------------------------------------------------------------------------------------------------------------------------------
BAR-estimator:      0.00000        0.05000        2.4646         2.4646         2.4646         0.0128         0.0128 
BAR-estimator:      0.05000        0.10000        1.3374         3.8020         1.3374         0.0144         0.0192 
BAR-estimator:      0.10000        0.15000        0.6420         4.4439         0.6420         0.0090         0.0212 
BAR-estimator:      0.15000        0.20000        0.3152         4.7592         0.3152         0.0062         0.0221 
BAR-estimator:      0.20000        0.25000        0.1409         4.9000         0.1409         0.0053         0.0227 
BAR-estimator:      0.25000        0.30000        0.0421         4.9422         0.0421         0.0042         0.0231 
BAR-estimator:      0.30000        0.35000       -0.0128         4.9293        -0.0128         0.0039         0.0235 
BAR-estimator:      0.35000        0.40000       -0.0692         4.8601        -0.0692         0.0037         0.0237 
BAR-estimator:      0.40000        0.45000       -0.1037         4.7564        -0.1037         0.0035         0.0240 
BAR-estimator:      0.45000        0.50000       -0.1407         4.6157        -0.1407         0.0032         0.0242 
BAR-estimator:      0.50000        0.55000       -0.2108         4.4049        -0.2108         0.0039         0.0245 
BAR-estimator:      0.55000        0.60000       -0.3721         4.0328        -0.3721         0.0037         0.0248 
BAR-estimator:      0.60000        0.65000       -0.5050         3.5278        -0.5050         0.0034         0.0250 
BAR-estimator:      0.65000        0.70000       -0.6132         2.9146        -0.6132         0.0036         0.0253 
BAR-estimator:      0.70000        0.75000       -0.7118         2.2028        -0.7118         0.0033         0.0255 
BAR-estimator:      0.75000        0.80000       -0.7918         1.4109        -0.7918         0.0037         0.0258 
BAR-estimator:      0.80000        0.85000       -0.8607         0.5502        -0.8607         0.0034         0.0260 
BAR-estimator:      0.85000        0.90000       -0.9127        -0.3625        -0.9127         0.0038         0.0263 
BAR-estimator:      0.90000        0.95000       -0.9493        -1.3118        -0.9493         0.0036         0.0265 
BAR-estimator:      0.95000        1.00000       -0.9790        -2.2907        -0.9790         0.0036         0.0268 
BAR-estimator: total free energy change is -2.290714570476789 , total error is 0.026775508311888786
