#========================================================================================
#                     Free energy perturbation    
#----------------------------------------------------------------------------------------
#forward/backward          λ              ΔΔA                 ΔA                  δε   
#                                                 
#----------------------------------------------------------------------------------------
forward:               0.0000              0.0000              0.0000              0.0000  
forward:               0.0500              5.2852              5.2852              0.1180  
forward:               0.1000              2.7598              8.0450              0.1306  
forward:               0.1500              1.1559              9.2009              0.1323  
forward:               0.2000              0.3936              9.5945              0.1329  
forward:               0.2500              0.0549              9.6494              0.1333  
forward:               0.3000             -0.1519              9.4975              0.1335  
forward:               0.3500             -0.2874              9.2101              0.1337  
forward:               0.4000             -0.3571              8.8530              0.1339  
forward:               0.4500             -0.4503              8.4027              0.1340  
forward:               0.5000             -0.4934              7.9093              0.1341  
forward:               0.5500             -0.5652              7.3441              0.1342  
forward:               0.6000             -0.6199              6.7243              0.1343  
forward:               0.6500             -0.6688              6.0554              0.1344  
forward:               0.7000             -0.7108              5.3447              0.1345  
forward:               0.7500             -0.7442              4.6005              0.1346  
forward:               0.8000             -0.7908              3.8097              0.1346  
forward:               0.8500             -0.8111              2.9985              0.1347  
forward:               0.9000             -0.8412              2.1574              0.1348  
forward:               0.9500             -0.8723              1.2851              0.1348  
forward:               1.0000             -0.8860              0.3991              0.1349  
backward:              1.0000              0.0000              0.3991              0.0000  
backward:              0.9500              0.8758              1.2750              0.0054  
backward:              0.9000              0.8585              2.1335              0.0073  
backward:              0.8500              0.8394              2.9729              0.0089  
backward:              0.8000              0.8050              3.7779              0.0110  
backward:              0.7500              0.7948              4.5726              0.0123  
backward:              0.7000              0.7447              5.3174              0.0140  
backward:              0.6500              0.7106              6.0280              0.0151  
backward:              0.6000              0.6763              6.7043              0.0161  
backward:              0.5500              0.6273              7.3316              0.0171  
backward:              0.5000              0.5668              7.8984              0.0182  
backward:              0.4500              0.4920              8.3904              0.0192  
backward:              0.4000              0.4357              8.8261              0.0204  
backward:              0.3500              0.3678              9.1939              0.0220  
backward:              0.3000              0.2707              9.4646              0.0248  
backward:              0.2500              0.1653              9.6299              0.0267  
backward:              0.2000             -0.0277              9.6022              0.0303  
backward:              0.1500             -0.3909              9.2113              0.0366  
backward:              0.1000             -1.1361              8.0751              0.0518  
backward:              0.0500             -2.5731              5.5020              0.0750  
backward:              0.0000             -5.0759              0.4261              0.1400  
Inaccuracy estimation
======================================================================================================
                   i        i+δi          P0_overlap_P1   δε(forward)/ε   δε(backward)/ε
======================================================================================================
inaccuracy:  0.00000        0.05000            9.34            1.63            9.43
inaccuracy:  0.05000        0.10000           18.94            0.08            4.68
inaccuracy:  0.10000        0.15000           33.01           -0.14            1.97
inaccuracy:  0.15000        0.20000           47.45           -0.10            0.79
inaccuracy:  0.20000        0.25000           55.03           -0.07            0.42
inaccuracy:  0.25000        0.30000           59.93           -0.05            0.26
inaccuracy:  0.30000        0.35000           63.84           -0.05            0.19
inaccuracy:  0.35000        0.40000           65.13           -0.05            0.16
inaccuracy:  0.40000        0.45000           67.05           -0.04            0.12
inaccuracy:  0.45000        0.50000           67.11           -0.05            0.10
inaccuracy:  0.50000        0.55000           67.57           -0.06            0.10
inaccuracy:  0.55000        0.60000           68.23           -0.06            0.08
inaccuracy:  0.60000        0.65000           68.06           -0.05            0.07
inaccuracy:  0.65000        0.70000           68.51           -0.07            0.07
inaccuracy:  0.70000        0.75000           68.31           -0.07            0.06
inaccuracy:  0.75000        0.80000           69.00           -0.08            0.05
inaccuracy:  0.80000        0.85000           69.76           -0.07            0.05
inaccuracy:  0.85000        0.90000           69.49           -0.07            0.05
inaccuracy:  0.90000        0.95000           69.95           -0.06            0.05
inaccuracy:  0.95000        1.00000           69.05           -0.07            0.04
===================================================================================================================================
                BAR        
-----------------------------------------------------------------------------------------------------------------------------------
BAR-estimator:         λ             λ+δλ          ΔΔA             ΔA            C               Δδe            δe       
                          
-----------------------------------------------------------------------------------------------------------------------------------
BAR-estimator:      0.00000        0.05000        5.3913         5.3913         5.3913         0.0215         0.0215 
BAR-estimator:      0.05000        0.10000        2.7524         8.1437         2.7524         0.0176         0.0278 
BAR-estimator:      0.10000        0.15000        1.1650         9.3088         1.1650         0.0128         0.0306 
BAR-estimator:      0.15000        0.20000        0.3932         9.7019         0.3932         0.0086         0.0318 
BAR-estimator:      0.20000        0.25000        0.0475         9.7495         0.0475         0.0063         0.0324 
BAR-estimator:      0.25000        0.30000       -0.1539         9.5956        -0.1539         0.0056         0.0328 
BAR-estimator:      0.30000        0.35000       -0.2857         9.3099        -0.2857         0.0049         0.0332 
BAR-estimator:      0.35000        0.40000       -0.3588         8.9511        -0.3588         0.0041         0.0335 
BAR-estimator:      0.40000        0.45000       -0.4441         8.5070        -0.4441         0.0043         0.0337 
BAR-estimator:      0.45000        0.50000       -0.4932         8.0138        -0.4932         0.0036         0.0339 
BAR-estimator:      0.50000        0.55000       -0.5656         7.4481        -0.5656         0.0031         0.0341 
BAR-estimator:      0.55000        0.60000       -0.6238         6.8243        -0.6238         0.0035         0.0343 
BAR-estimator:      0.60000        0.65000       -0.6711         6.1532        -0.6711         0.0035         0.0344 
BAR-estimator:      0.65000        0.70000       -0.7129         5.4403        -0.7129         0.0035         0.0346 
BAR-estimator:      0.70000        0.75000       -0.7487         4.6916        -0.7487         0.0039         0.0348 
BAR-estimator:      0.75000        0.80000       -0.7954         3.8962        -0.7954         0.0033         0.0350 
BAR-estimator:      0.80000        0.85000       -0.8112         3.0850        -0.8112         0.0036         0.0352 
BAR-estimator:      0.85000        0.90000       -0.8415         2.2435        -0.8415         0.0036         0.0353 
BAR-estimator:      0.90000        0.95000       -0.8651         1.3784        -0.8651         0.0037         0.0355 
BAR-estimator:      0.95000        1.00000       -0.8860         0.4924        -0.8860         0.0036         0.0357 
BAR-estimator: total free energy change is 0.49237616909576865 , total error is 0.03572381886852933
