#========================================================================================
#                     Free energy perturbation    
#----------------------------------------------------------------------------------------
#forward/backward          λ              ΔΔA                 ΔA                  δε   
#                                                 
#----------------------------------------------------------------------------------------
forward:               0.0000              0.0000              0.0000              0.0000  
forward:               0.0500              2.5908              2.5908              0.0401  
forward:               0.1000              1.3420              3.9328              0.0466  
forward:               0.1500              0.5849              4.5177              0.0484  
forward:               0.2000              0.2768              4.7945              0.0491  
forward:               0.2500              0.1126              4.9071              0.0498  
forward:               0.3000              0.0091              4.9162              0.0501  
forward:               0.3500             -0.0574              4.8588              0.0504  
forward:               0.4000             -0.0984              4.7603              0.0507  
forward:               0.4500             -0.1354              4.6249              0.0509  
forward:               0.5000             -0.1665              4.4584              0.0511  
forward:               0.5500             -0.2387              4.2197              0.0515  
forward:               0.6000             -0.4342              3.7855              0.0518  
forward:               0.6500             -0.5895              3.1960              0.0521  
forward:               0.7000             -0.7152              2.4808              0.0523  
forward:               0.7500             -0.8188              1.6620              0.0527  
forward:               0.8000             -0.9109              0.7511              0.0530  
forward:               0.8500             -0.9856             -0.2345              0.0533  
forward:               0.9000             -1.0495             -1.2839              0.0536  
forward:               0.9500             -1.1005             -2.3844              0.0538  
forward:               1.0000             -1.1257             -3.5102              0.0540  
backward:              1.0000              0.0000             -3.5102              0.0000  
backward:              0.9500              1.1207             -2.3895              0.0061  
backward:              0.9000              1.0814             -1.3081              0.0089  
backward:              0.8500              1.0486             -0.2594              0.0106  
backward:              0.8000              0.9925              0.7330              0.0126  
backward:              0.7500              0.9221              1.6551              0.0139  
backward:              0.7000              0.8277              2.4828              0.0151  
backward:              0.6500              0.7149              3.1977              0.0167  
backward:              0.6000              0.5739              3.7716              0.0180  
backward:              0.5500              0.4396              4.2112              0.0189  
backward:              0.5000              0.2424              4.4536              0.0201  
backward:              0.4500              0.1621              4.6156              0.0213  
backward:              0.4000              0.1260              4.7417              0.0221  
backward:              0.3500              0.0936              4.8352              0.0231  
backward:              0.3000              0.0479              4.8831              0.0241  
backward:              0.2500             -0.0107              4.8724              0.0254  
backward:              0.2000             -0.0691              4.8033              0.0268  
backward:              0.1500             -0.2700              4.5332              0.0302  
backward:              0.1000             -0.6101              3.9231              0.0370  
backward:              0.0500             -1.2538              2.6693              0.0482  
backward:              0.0000             -2.5600              0.1093              0.0663  
Inaccuracy estimation
======================================================================================================
                   i        i+δi          P0_overlap_P1   δε(forward)/ε   δε(backward)/ε
======================================================================================================
inaccuracy:  0.00000        0.05000           24.42            0.07            3.37
inaccuracy:  0.05000        0.10000           34.43           -0.07            2.04
inaccuracy:  0.10000        0.15000           50.91           -0.04            0.78
inaccuracy:  0.15000        0.20000           58.29           -0.04            0.43
inaccuracy:  0.20000        0.25000           62.44           -0.02            0.29
inaccuracy:  0.25000        0.30000           66.68           -0.03            0.19
inaccuracy:  0.30000        0.35000           69.43           -0.03            0.15
inaccuracy:  0.35000        0.40000           69.86           -0.02            0.13
inaccuracy:  0.40000        0.45000           71.61           -0.02            0.13
inaccuracy:  0.45000        0.50000           71.57           -0.02            0.11
inaccuracy:  0.50000        0.55000           64.28           -0.07            0.16
inaccuracy:  0.55000        0.60000           65.90           -0.08            0.12
inaccuracy:  0.60000        0.65000           67.47           -0.09            0.09
inaccuracy:  0.65000        0.70000           66.61           -0.11            0.07
inaccuracy:  0.70000        0.75000           67.24           -0.11            0.07
inaccuracy:  0.75000        0.80000           66.21           -0.11            0.06
inaccuracy:  0.80000        0.85000           66.94           -0.10            0.05
inaccuracy:  0.85000        0.90000           66.97           -0.11            0.04
inaccuracy:  0.90000        0.95000           68.83           -0.10            0.04
inaccuracy:  0.95000        1.00000           67.44           -0.10            0.04
===================================================================================================================================
                BAR        
-----------------------------------------------------------------------------------------------------------------------------------
BAR-estimator:         λ             λ+δλ          ΔΔA             ΔA            C               Δδe            δe       
                          
-----------------------------------------------------------------------------------------------------------------------------------
BAR-estimator:      0.00000        0.05000        2.6476         2.6476         2.6476         0.0146         0.0146 
BAR-estimator:      0.05000        0.10000        1.3601         4.0077         1.3601         0.0121         0.0189 
BAR-estimator:      0.10000        0.15000        0.5893         4.5970         0.5893         0.0082         0.0206 
BAR-estimator:      0.15000        0.20000        0.2697         4.8667         0.2697         0.0064         0.0216 
BAR-estimator:      0.20000        0.25000        0.1007         4.9674         0.1007         0.0049         0.0221 
BAR-estimator:      0.25000        0.30000        0.0059         4.9733         0.0059         0.0033         0.0224 
BAR-estimator:      0.30000        0.35000       -0.0537         4.9196        -0.0537         0.0037         0.0227 
BAR-estimator:      0.35000        0.40000       -0.0968         4.8228        -0.0968         0.0038         0.0230 
BAR-estimator:      0.40000        0.45000       -0.1283         4.6945        -0.1283         0.0034         0.0232 
BAR-estimator:      0.45000        0.50000       -0.1665         4.5279        -0.1665         0.0037         0.0235 
BAR-estimator:      0.50000        0.55000       -0.2381         4.2899        -0.2381         0.0041         0.0239 
BAR-estimator:      0.55000        0.60000       -0.4357         3.8541        -0.4357         0.0038         0.0242 
BAR-estimator:      0.60000        0.65000       -0.5862         3.2679        -0.5862         0.0039         0.0245 
BAR-estimator:      0.65000        0.70000       -0.7216         2.5463        -0.7216         0.0034         0.0248 
BAR-estimator:      0.70000        0.75000       -0.8207         1.7257        -0.8207         0.0039         0.0251 
BAR-estimator:      0.75000        0.80000       -0.9165         0.8092        -0.9165         0.0043         0.0254 
BAR-estimator:      0.80000        0.85000       -0.9863        -0.1771        -0.9863         0.0038         0.0257 
BAR-estimator:      0.85000        0.90000       -1.0480        -1.2252        -1.0480         0.0040         0.0260 
BAR-estimator:      0.90000        0.95000       -1.0933        -2.3185        -1.0933         0.0042         0.0264 
BAR-estimator:      0.95000        1.00000       -1.1221        -3.4406        -1.1221         0.0034         0.0266 
BAR-estimator: total free energy change is -3.440619539194933 , total error is 0.026562579463338367
