20
 energy: -572.565814476581 gnorm: 0.003956628332 xtb: 6.7.1 (41059b4)
C            0.55872921133693        1.72264584823407        0.01892310944455
C            1.37987099045417        0.46424671456621       -0.25765565536191
H            1.60116889244930        0.38499171729850       -1.33363687917500
C            0.56649960907488       -0.74285851688181        0.17134784465704
H            0.40467118762359       -0.67407817481524        1.26001407684914
C           -0.78147670712847       -0.74201593308814       -0.53322394954336
H           -0.61966234663418       -0.88389224329416       -1.61323951311376
C           -1.50485356520318        0.59726528112241       -0.32642922651949
H           -2.37321180546538        0.66382273772320       -0.99759322276743
O           -0.67866613866387        1.67065855976295       -0.70096930403387
O           -1.90522528817418        0.75000021968091        1.02163180084726
O           -1.63233545759966       -1.76436811204385       -0.01347493225412
O            1.19883886966988       -1.98029120042115       -0.15930777611735
O            2.58483703238503        0.43163549423182        0.51658306596022
H            1.07414633530269        2.61832897410925       -0.34105879028961
H            0.38392397341868        1.82161590389930        1.09831774952253
H           -2.14073808381298       -0.13401726968177        1.33885898829977
H           -1.10288673855124       -2.57068141822939        0.03655954855584
H            2.05444476822765       -1.98820943111250        0.28624415285123
H            3.21316985996094        1.05836415454749        0.13616711131217
20
 energy: -572.565825636206 gnorm: 0.000973656129 xtb: 6.7.1 (41059b4)
C            0.55898049474552        1.72263367028403        0.01877610365277
C            1.37973397378390        0.46399426737058       -0.25743667320424
H            1.60130470752414        0.38434763031168       -1.33320505678463
C            0.56619276334949       -0.74272684308236        0.17228195930228
H            0.40489663344968       -0.67393806914130        1.26093334317361
C           -0.78125175412343       -0.74162089940030       -0.53278212842584
H           -0.61868294992816       -0.88356402586861       -1.61260343356762
C           -1.50465696877827        0.59717552228534       -0.32608560442507
H           -2.37327218267216        0.66365741231697       -0.99677436499644
O           -0.67895862692803        1.67113045047263       -0.70057572867655
O           -1.90509017524696        0.74930012141946        1.02224292803004
O           -1.63270029640901       -1.76413977852891       -0.01423101468134
O            1.19862728808631       -1.98057936739560       -0.15740850961195
O            2.58549649214713        0.43238218706406        0.51626605410823
H            1.07432463268886        2.61793096290907       -0.34204150307074
H            0.38405816761453        1.82229323288967        1.09805408605080
H           -2.14317494869761       -0.13459108961044        1.33810659902894
H           -1.10358925892580       -2.57085080972185        0.03449379288789
H            2.05602366890203       -1.98580694209178        0.28510153022186
H            3.21298295325972        1.05613584532876        0.13494587481971
20
 energy: -572.565830940232 gnorm: 0.001373045587 xtb: 6.7.1 (41059b4)
C            0.55934008152769        1.72289212370984        0.01881762367839
C            1.37911522479289        0.46363392682427       -0.25669835463462
H            1.60089419699117        0.38301103418286       -1.33223234583519
C            0.56564920262381       -0.74252393537954        0.17431756231529
H            0.40430236523759       -0.67318281449647        1.26278007650032
C           -0.78068576947901       -0.74124355346247       -0.53214702985169
H           -0.61634156255768       -0.88274026035569       -1.61173354747569
C           -1.50449111024826        0.59663211752496       -0.32532837274961
H           -2.37343193638758        0.66277353461934       -0.99550750948047
O           -0.67957430286055        1.67140133739353       -0.69970788250073
O           -1.90456459196617        0.74865664524410        1.02348414727283
O           -1.63319422123957       -1.76419804129735       -0.01592595974245
O            1.19863569706233       -1.98086458245250       -0.15398343425018
O            2.58577493519843        0.43295935924491        0.51637898634183
H            1.07476692964892        2.61733478426891       -0.34379439825799
H            0.38480385239228        1.82381485313286        1.09794363285025
H           -2.14813120131571       -0.13461341155134        1.33711160574348
H           -1.10487451301211       -2.57161837005066        0.03026180986740
H            2.05936586259654       -1.98077797837716        0.28247755864791
H            3.21388549389237        1.05181705321950        0.13154422293090
20
 energy: -572.565834426756 gnorm: 0.000877591569 xtb: 6.7.1 (41059b4)
C            0.55944208055489        1.72309455130358        0.01895194434585
C            1.37877346618413        0.46343833086937       -0.25572773895478
H            1.60011252570879        0.38195773423347       -1.33127666393635
C            0.56528161121147       -0.74227978634896        0.17605749750651
H            0.40315388999769       -0.67241027635228        1.26432676685719
C           -0.78021701312339       -0.74122063650220       -0.53170718271726
H           -0.61459754599820       -0.88186165177096       -1.61121087023566
C           -1.50439672215447        0.59617139340545       -0.32483216284164
H           -2.37369924661756        0.66188187497275       -0.99458432109987
O           -0.68015875808089        1.67148844396800       -0.69897073508065
O           -1.90396461616918        0.74828240429876        1.02438390463641
O           -1.63356298741812       -1.76464298361036       -0.01745987459108
O            1.19913999877889       -1.98061501701463       -0.15115602075977
O            2.58587670836011        0.43302703894010        0.51691214846243
H            1.07483014624479        2.61698828347356       -0.34498692849026
H            0.38557465736654        1.82524357900764        1.09804007445935
H           -2.15255423014718       -0.13417880987689        1.33640947866628
H           -1.10619316068986       -2.57276834974369        0.02672914439501
H            2.06240532703571       -1.97624294210077        0.28033819827639
H            3.21599850922036        1.04781097436124        0.12782186377651
20
 energy: -572.565834426756 gnorm: 0.000877591569 xtb: 6.7.1 (41059b4)
C            0.55944208055489        1.72309455130358        0.01895194434585
C            1.37877346618413        0.46343833086937       -0.25572773895478
H            1.60011252570879        0.38195773423347       -1.33127666393635
C            0.56528161121147       -0.74227978634896        0.17605749750651
H            0.40315388999769       -0.67241027635228        1.26432676685719
C           -0.78021701312339       -0.74122063650220       -0.53170718271726
H           -0.61459754599820       -0.88186165177096       -1.61121087023566
C           -1.50439672215447        0.59617139340545       -0.32483216284164
H           -2.37369924661756        0.66188187497275       -0.99458432109987
O           -0.68015875808089        1.67148844396800       -0.69897073508065
O           -1.90396461616918        0.74828240429876        1.02438390463641
O           -1.63356298741812       -1.76464298361036       -0.01745987459108
O            1.19913999877889       -1.98061501701463       -0.15115602075977
O            2.58587670836011        0.43302703894010        0.51691214846243
H            1.07483014624479        2.61698828347356       -0.34498692849026
H            0.38557465736654        1.82524357900764        1.09804007445935
H           -2.15255423014718       -0.13417880987689        1.33640947866628
H           -1.10619316068986       -2.57276834974369        0.02672914439501
H            2.06240532703571       -1.97624294210077        0.28033819827639
H            3.21599850922036        1.04781097436124        0.12782186377651
