2025-04-09 05:22:41,621 -   censo.qm_processor   -   INFO   - worker281434:Running sp calculation in /home/michael/Documents/CHEM4561/automated/1808/0_PRESCREENING/CONF1/sp.
2025-04-09 05:22:44,614 -     censo.parallel     -   INFO   - All jobs executed successfully.
2025-04-09 05:22:44,635 -   censo.qm_processor   -   INFO   - worker281545:Running sp calculation in /home/michael/Documents/CHEM4561/automated/1808/1_SCREENING/CONF1/sp.
2025-04-09 05:22:57,909 -     censo.parallel     -   INFO   - All jobs executed successfully.
2025-04-09 05:22:57,927 -   censo.qm_processor   -   INFO   - worker281656:Running xtb_opt calculation in /home/michael/Documents/CHEM4561/automated/1808/2_OPTIMIZATION/CONF1/xtb_opt.
2025-04-09 05:24:22,751 -     censo.parallel     -   INFO   - All jobs executed successfully.
2025-04-09 05:24:22,767 -   censo.qm_processor   -   INFO   - worker282061:Running xtb_rrho calculation in /home/michael/Documents/CHEM4561/automated/1808/2_OPTIMIZATION/CONF1/xtb_rrho.
2025-04-09 05:24:23,210 -     censo.parallel     -   INFO   - All jobs executed successfully.
2025-04-09 05:24:23,229 -   censo.qm_processor   -   INFO   - worker282159:Running sp calculation in /home/michael/Documents/CHEM4561/automated/1808/3_REFINEMENT/CONF1/sp.
2025-04-09 05:26:09,500 -     censo.parallel     -   INFO   - All jobs executed successfully.
2025-04-09 05:26:09,589 -   censo.qm_processor   -   INFO   - worker283249:Running sp calculation in /home/michael/Documents/CHEM4561/automated/1808/0_PRESCREENING/CONF1/sp.
2025-04-09 05:26:11,164 -     censo.parallel     -   INFO   - All jobs executed successfully.
2025-04-09 05:26:11,182 -   censo.qm_processor   -   INFO   - worker283386:Running sp calculation in /home/michael/Documents/CHEM4561/automated/1808/1_SCREENING/CONF1/sp.
2025-04-09 05:26:24,465 -     censo.parallel     -   INFO   - All jobs executed successfully.
2025-04-09 05:26:24,482 -   censo.qm_processor   -   INFO   - worker283491:Running xtb_opt calculation in /home/michael/Documents/CHEM4561/automated/1808/2_OPTIMIZATION/CONF1/xtb_opt.
2025-04-09 05:27:49,007 -     censo.parallel     -   INFO   - All jobs executed successfully.
2025-04-09 05:27:49,023 -   censo.qm_processor   -   INFO   - worker283969:Running xtb_rrho calculation in /home/michael/Documents/CHEM4561/automated/1808/2_OPTIMIZATION/CONF1/xtb_rrho.
2025-04-09 05:27:49,477 -     censo.parallel     -   INFO   - All jobs executed successfully.
2025-04-09 05:27:49,496 -   censo.qm_processor   -   INFO   - worker284064:Running sp calculation in /home/michael/Documents/CHEM4561/automated/1808/3_REFINEMENT/CONF1/sp.
2025-04-09 05:29:35,960 -     censo.parallel     -   INFO   - All jobs executed successfully.
