#========================================================================================
#                     Free energy perturbation    
#----------------------------------------------------------------------------------------
#forward/backward          λ              ΔΔA                 ΔA                  δε   
#                                                 
#----------------------------------------------------------------------------------------
forward:               0.0000              0.0000              0.0000              0.0000  
forward:               0.0500              1.2697              1.2697              0.0149  
forward:               0.1000              0.8274              2.0971              0.0202  
forward:               0.1500              0.5246              2.6217              0.0229  
forward:               0.2000              0.3356              2.9573              0.0246  
forward:               0.2500              0.2147              3.1720              0.0260  
forward:               0.3000              0.1517              3.3237              0.0266  
forward:               0.3500              0.1016              3.4253              0.0271  
forward:               0.4000              0.0640              3.4893              0.0274  
forward:               0.4500              0.0410              3.5303              0.0277  
forward:               0.5000              0.0251              3.5554              0.0281  
forward:               0.5500              0.0013              3.5566              0.0292  
forward:               0.6000             -0.0433              3.5134              0.0295  
forward:               0.6500             -0.0924              3.4210              0.0298  
forward:               0.7000             -0.1249              3.2961              0.0302  
forward:               0.7500             -0.1638              3.1323              0.0304  
forward:               0.8000             -0.1777              2.9545              0.0305  
forward:               0.8500             -0.1932              2.7613              0.0308  
forward:               0.9000             -0.2129              2.5484              0.0310  
forward:               0.9500             -0.2304              2.3180              0.0313  
forward:               1.0000             -0.2290              2.0891              0.0315  
backward:              1.0000              0.0000              2.0891              0.0000  
backward:              0.9500              0.2292              2.3182              0.0049  
backward:              0.9000              0.2256              2.5438              0.0065  
backward:              0.8500              0.2163              2.7601              0.0087  
backward:              0.8000              0.1965              2.9566              0.0099  
backward:              0.7500              0.1761              3.1327              0.0108  
backward:              0.7000              0.1550              3.2877              0.0117  
backward:              0.6500              0.1273              3.4150              0.0125  
backward:              0.6000              0.0929              3.5080              0.0134  
backward:              0.5500              0.0518              3.5597              0.0143  
backward:              0.5000              0.0007              3.5604              0.0153  
backward:              0.4500             -0.0358              3.5246              0.0161  
backward:              0.4000             -0.0476              3.4770              0.0169  
backward:              0.3500             -0.0770              3.4001              0.0179  
backward:              0.3000             -0.0995              3.3006              0.0188  
backward:              0.2500             -0.1416              3.1590              0.0198  
backward:              0.2000             -0.2160              2.9430              0.0213  
backward:              0.1500             -0.3184              2.6247              0.0233  
backward:              0.1000             -0.4890              2.1357              0.0264  
backward:              0.0500             -0.8788              1.2569              0.0387  
backward:              0.0000             -1.2721             -0.0153              0.0434  
Inaccuracy estimation
======================================================================================================
                   i        i+δi          P0_overlap_P1   δε(forward)/ε   δε(backward)/ε
======================================================================================================
inaccuracy:  0.00000        0.05000           44.64           -0.03            1.14
inaccuracy:  0.05000        0.10000           52.73           -0.02            0.77
inaccuracy:  0.10000        0.15000           57.51           -0.02            0.47
inaccuracy:  0.15000        0.20000           64.76           -0.01            0.31
inaccuracy:  0.20000        0.25000           69.31           -0.01            0.21
inaccuracy:  0.25000        0.30000           71.08           -0.01            0.17
inaccuracy:  0.30000        0.35000           72.87           -0.01            0.15
inaccuracy:  0.35000        0.40000           74.89           -0.01            0.12
inaccuracy:  0.40000        0.45000           75.57           -0.00            0.11
inaccuracy:  0.45000        0.50000           75.64           -0.01            0.10
inaccuracy:  0.50000        0.55000           73.15           -0.02            0.11
inaccuracy:  0.55000        0.60000           72.66           -0.02            0.10
inaccuracy:  0.60000        0.65000           74.15           -0.02            0.10
inaccuracy:  0.65000        0.70000           74.02           -0.02            0.09
inaccuracy:  0.70000        0.75000           75.61           -0.02            0.08
inaccuracy:  0.75000        0.80000           74.36           -0.02            0.08
inaccuracy:  0.80000        0.85000           74.79           -0.02            0.09
inaccuracy:  0.85000        0.90000           73.90           -0.03            0.08
inaccuracy:  0.90000        0.95000           74.66           -0.02            0.07
inaccuracy:  0.95000        1.00000           73.67           -0.03            0.07
===================================================================================================================================
                BAR        
-----------------------------------------------------------------------------------------------------------------------------------
BAR-estimator:         λ             λ+δλ          ΔΔA             ΔA            C               Δδe            δe       
                          
-----------------------------------------------------------------------------------------------------------------------------------
BAR-estimator:      0.00000        0.05000        1.2830         1.2830         1.2830         0.0081         0.0081 
BAR-estimator:      0.05000        0.10000        0.8494         2.1324         0.8494         0.0076         0.0111 
BAR-estimator:      0.10000        0.15000        0.5136         2.6460         0.5136         0.0066         0.0129 
BAR-estimator:      0.15000        0.20000        0.3313         2.9773         0.3313         0.0060         0.0142 
BAR-estimator:      0.20000        0.25000        0.2175         3.1948         0.2175         0.0057         0.0153 
BAR-estimator:      0.25000        0.30000        0.1503         3.3451         0.1503         0.0041         0.0159 
BAR-estimator:      0.30000        0.35000        0.1044         3.4495         0.1044         0.0033         0.0162 
BAR-estimator:      0.35000        0.40000        0.0682         3.5177         0.0682         0.0031         0.0165 
BAR-estimator:      0.40000        0.45000        0.0448         3.5625         0.0448         0.0028         0.0168 
BAR-estimator:      0.45000        0.50000        0.0283         3.5907         0.0283         0.0030         0.0170 
BAR-estimator:      0.50000        0.55000        0.0016         3.5923         0.0016         0.0033         0.0173 
BAR-estimator:      0.55000        0.60000       -0.0467         3.5456        -0.0467         0.0031         0.0176 
BAR-estimator:      0.60000        0.65000       -0.0929         3.4528        -0.0929         0.0030         0.0179 
BAR-estimator:      0.65000        0.70000       -0.1275         3.3253        -0.1275         0.0028         0.0181 
BAR-estimator:      0.70000        0.75000       -0.1607         3.1645        -0.1607         0.0028         0.0183 
BAR-estimator:      0.75000        0.80000       -0.1780         2.9866        -0.1780         0.0030         0.0185 
BAR-estimator:      0.80000        0.85000       -0.1937         2.7928        -0.1937         0.0030         0.0188 
BAR-estimator:      0.85000        0.90000       -0.2151         2.5777        -0.2151         0.0033         0.0191 
BAR-estimator:      0.90000        0.95000       -0.2282         2.3495        -0.2282         0.0035         0.0194 
BAR-estimator:      0.95000        1.00000       -0.2307         2.1188        -0.2307         0.0034         0.0197 
BAR-estimator: total free energy change is 2.118779780746523 , total error is 0.01965652014151522
