#========================================================================================
#                     Free energy perturbation    
#----------------------------------------------------------------------------------------
#forward/backward          λ              ΔΔA                 ΔA                  δε   
#                                                 
#----------------------------------------------------------------------------------------
forward:               0.0000              0.0000              0.0000              0.0000  
forward:               0.0500              3.1536              3.1536              0.0835  
forward:               0.1000              1.5117              4.6652              0.0872  
forward:               0.1500              0.6312              5.2964              0.0890  
forward:               0.2000              0.2168              5.5132              0.0895  
forward:               0.2500              0.0335              5.5467              0.0898  
forward:               0.3000             -0.0758              5.4709              0.0900  
forward:               0.3500             -0.1299              5.3411              0.0901  
forward:               0.4000             -0.1975              5.1436              0.0902  
forward:               0.4500             -0.2311              4.9125              0.0904  
forward:               0.5000             -0.2560              4.6565              0.0905  
forward:               0.5500             -0.3695              4.2870              0.0906  
forward:               0.6000             -0.5928              3.6942              0.0909  
forward:               0.6500             -0.7801              2.9141              0.0911  
forward:               0.7000             -0.9523              1.9618              0.0913  
forward:               0.7500             -1.0802              0.8816              0.0914  
forward:               0.8000             -1.1811             -0.2995              0.0916  
forward:               0.8500             -1.2743             -1.5738              0.0917  
forward:               0.9000             -1.3452             -2.9189              0.0919  
forward:               0.9500             -1.4067             -4.3256              0.0919  
forward:               1.0000             -1.4641             -5.7898              0.0921  
backward:              1.0000              0.0000             -5.7898              0.0000  
backward:              0.9500              1.4635             -4.3262              0.0060  
backward:              0.9000              1.4100             -2.9163              0.0088  
backward:              0.8500              1.3393             -1.5770              0.0115  
backward:              0.8000              1.2820             -0.2949              0.0130  
backward:              0.7500              1.1792              0.8842              0.0148  
backward:              0.7000              1.0698              1.9541              0.0160  
backward:              0.6500              0.9321              2.8862              0.0176  
backward:              0.6000              0.7788              3.6650              0.0203  
backward:              0.5500              0.6081              4.2731              0.0221  
backward:              0.5000              0.3581              4.6312              0.0234  
backward:              0.4500              0.2479              4.8790              0.0241  
backward:              0.4000              0.2247              5.1037              0.0248  
backward:              0.3500              0.1878              5.2915              0.0261  
backward:              0.3000              0.1443              5.4358              0.0268  
backward:              0.2500              0.0745              5.5103              0.0281  
backward:              0.2000             -0.0070              5.5033              0.0295  
backward:              0.1500             -0.2251              5.2782              0.0342  
backward:              0.1000             -0.6982              4.5800              0.0713  
backward:              0.0500             -1.5410              3.0390              0.0836  
backward:              0.0000             -3.0658             -0.0268              0.1015  
Inaccuracy estimation
======================================================================================================
                   i        i+δi          P0_overlap_P1   δε(forward)/ε   δε(backward)/ε
======================================================================================================
inaccuracy:  0.00000        0.05000           20.98            0.32            4.21
inaccuracy:  0.05000        0.10000           32.04           -0.10            2.34
inaccuracy:  0.10000        0.15000           45.87           -0.08            0.98
inaccuracy:  0.15000        0.20000           58.07           -0.05            0.44
inaccuracy:  0.20000        0.25000           61.96           -0.04            0.29
inaccuracy:  0.25000        0.30000           66.33           -0.03            0.20
inaccuracy:  0.30000        0.35000           67.06           -0.04            0.17
inaccuracy:  0.35000        0.40000           69.31           -0.03            0.13
inaccuracy:  0.40000        0.45000           69.83           -0.02            0.12
inaccuracy:  0.45000        0.50000           70.72           -0.04            0.10
inaccuracy:  0.50000        0.55000           63.28           -0.09            0.15
inaccuracy:  0.55000        0.60000           63.00           -0.12            0.11
inaccuracy:  0.60000        0.65000           65.55           -0.11            0.08
inaccuracy:  0.65000        0.70000           66.10           -0.10            0.06
inaccuracy:  0.70000        0.75000           66.67           -0.11            0.04
inaccuracy:  0.75000        0.80000           65.83           -0.12            0.03
inaccuracy:  0.80000        0.85000           65.74           -0.14            0.02
inaccuracy:  0.85000        0.90000           65.41           -0.13            0.02
inaccuracy:  0.90000        0.95000           65.29           -0.12            0.01
inaccuracy:  0.95000        1.00000           65.55           -0.14            0.01
===================================================================================================================================
                BAR        
-----------------------------------------------------------------------------------------------------------------------------------
BAR-estimator:         λ             λ+δλ          ΔΔA             ΔA            C               Δδe            δe       
                          
-----------------------------------------------------------------------------------------------------------------------------------
BAR-estimator:      0.00000        0.05000        3.1717         3.1717         3.1717         0.0168         0.0168 
BAR-estimator:      0.05000        0.10000        1.5328         4.7046         1.5328         0.0140         0.0219 
BAR-estimator:      0.10000        0.15000        0.6230         5.3276         0.6230         0.0100         0.0241 
BAR-estimator:      0.15000        0.20000        0.2180         5.5456         0.2180         0.0062         0.0249 
BAR-estimator:      0.20000        0.25000        0.0244         5.5700         0.0244         0.0048         0.0253 
BAR-estimator:      0.25000        0.30000       -0.0744         5.4956        -0.0744         0.0043         0.0257 
BAR-estimator:      0.30000        0.35000       -0.1343         5.3612        -0.1343         0.0038         0.0260 
BAR-estimator:      0.35000        0.40000       -0.1947         5.1665        -0.1947         0.0037         0.0262 
BAR-estimator:      0.40000        0.45000       -0.2281         4.9384        -0.2281         0.0036         0.0265 
BAR-estimator:      0.45000        0.50000       -0.2555         4.6829        -0.2555         0.0031         0.0266 
BAR-estimator:      0.50000        0.55000       -0.3668         4.3160        -0.3668         0.0038         0.0269 
BAR-estimator:      0.55000        0.60000       -0.6012         3.7149        -0.6012         0.0040         0.0272 
BAR-estimator:      0.60000        0.65000       -0.7810         2.9339        -0.7810         0.0040         0.0275 
BAR-estimator:      0.65000        0.70000       -0.9466         1.9872        -0.9466         0.0038         0.0277 
BAR-estimator:      0.70000        0.75000       -1.0744         0.9128        -1.0744         0.0038         0.0280 
BAR-estimator:      0.75000        0.80000       -1.1843        -0.2715        -1.1843         0.0030         0.0282 
BAR-estimator:      0.80000        0.85000       -1.2785        -1.5500        -1.2785         0.0039         0.0284 
BAR-estimator:      0.85000        0.90000       -1.3480        -2.8980        -1.3480         0.0038         0.0287 
BAR-estimator:      0.90000        0.95000       -1.4107        -4.3087        -1.4107         0.0037         0.0289 
BAR-estimator:      0.95000        1.00000       -1.4627        -5.7714        -1.4627         0.0042         0.0292 
BAR-estimator: total free energy change is -5.771389644452562 , total error is 0.029240921031606717
