#========================================================================================
#                     Free energy perturbation    
#----------------------------------------------------------------------------------------
#forward/backward          λ              ΔΔA                 ΔA                  δε   
#                                                 
#----------------------------------------------------------------------------------------
forward:               0.0000              0.0000              0.0000              0.0000  
forward:               0.0500              1.1200              1.1200              0.0161  
forward:               0.1000              0.6166              1.7366              0.0191  
forward:               0.1500              0.3689              2.1055              0.0206  
forward:               0.2000              0.2258              2.3313              0.0215  
forward:               0.2500              0.1428              2.4741              0.0222  
forward:               0.3000              0.0960              2.5701              0.0227  
forward:               0.3500              0.0506              2.6207              0.0230  
forward:               0.4000              0.0273              2.6480              0.0234  
forward:               0.4500              0.0057              2.6537              0.0237  
forward:               0.5000             -0.0084              2.6454              0.0239  
forward:               0.5500             -0.0680              2.5773              0.0242  
forward:               0.6000             -0.1371              2.4402              0.0245  
forward:               0.6500             -0.2013              2.2389              0.0247  
forward:               0.7000             -0.2421              1.9968              0.0249  
forward:               0.7500             -0.2820              1.7148              0.0252  
forward:               0.8000             -0.3169              1.3978              0.0254  
forward:               0.8500             -0.3467              1.0511              0.0257  
forward:               0.9000             -0.3695              0.6815              0.0260  
forward:               0.9500             -0.4025              0.2791              0.0264  
forward:               1.0000             -0.4214             -0.1423              0.0267  
backward:              1.0000              0.0000             -0.1423              0.0000  
backward:              0.9500              0.4204              0.2781              0.0043  
backward:              0.9000              0.3988              0.6768              0.0063  
backward:              0.8500              0.3648              1.0416              0.0078  
backward:              0.8000              0.3405              1.3821              0.0087  
backward:              0.7500              0.3091              1.6912              0.0096  
backward:              0.7000              0.2712              1.9625              0.0106  
backward:              0.6500              0.2421              2.2045              0.0114  
backward:              0.6000              0.1926              2.3971              0.0121  
backward:              0.5500              0.1421              2.5392              0.0127  
backward:              0.5000              0.0590              2.5982              0.0137  
backward:              0.4500              0.0078              2.6060              0.0143  
backward:              0.4000             -0.0094              2.5966              0.0150  
backward:              0.3500             -0.0281              2.5685              0.0157  
backward:              0.3000             -0.0575              2.5110              0.0162  
backward:              0.2500             -0.1091              2.4019              0.0174  
backward:              0.2000             -0.1579              2.2440              0.0184  
backward:              0.1500             -0.2184              2.0256              0.0198  
backward:              0.1000             -0.4082              1.6173              0.0280  
backward:              0.0500             -0.6649              0.9525              0.0331  
backward:              0.0000             -1.1809             -0.2284              0.0865  
Inaccuracy estimation
======================================================================================================
                   i        i+δi          P0_overlap_P1   δε(forward)/ε   δε(backward)/ε
======================================================================================================
inaccuracy:  0.00000        0.05000           43.68           -0.02            1.34
inaccuracy:  0.05000        0.10000           58.19           -0.01            0.56
inaccuracy:  0.10000        0.15000           65.96           -0.01            0.31
inaccuracy:  0.15000        0.20000           70.59           -0.01            0.21
inaccuracy:  0.20000        0.25000           74.63           -0.01            0.14
inaccuracy:  0.25000        0.30000           75.77           -0.01            0.11
inaccuracy:  0.30000        0.35000           77.59           -0.01            0.09
inaccuracy:  0.35000        0.40000           77.37           -0.01            0.08
inaccuracy:  0.40000        0.45000           78.85           -0.01            0.08
inaccuracy:  0.45000        0.50000           78.50           -0.01            0.07
inaccuracy:  0.50000        0.55000           75.80           -0.02            0.08
inaccuracy:  0.55000        0.60000           76.28           -0.02            0.07
inaccuracy:  0.60000        0.65000           77.81           -0.02            0.07
inaccuracy:  0.65000        0.70000           76.79           -0.03            0.06
inaccuracy:  0.70000        0.75000           78.28           -0.03            0.05
inaccuracy:  0.75000        0.80000           77.83           -0.03            0.05
inaccuracy:  0.80000        0.85000           77.69           -0.03            0.05
inaccuracy:  0.85000        0.90000           76.75           -0.03            0.05
inaccuracy:  0.90000        0.95000           77.09           -0.03            0.05
inaccuracy:  0.95000        1.00000           76.18           -0.03            0.05
===================================================================================================================================
                BAR        
-----------------------------------------------------------------------------------------------------------------------------------
BAR-estimator:         λ             λ+δλ          ΔΔA             ΔA            C               Δδe            δe       
                          
-----------------------------------------------------------------------------------------------------------------------------------
BAR-estimator:      0.00000        0.05000        1.1246         1.1246         1.1246         0.0085         0.0085 
BAR-estimator:      0.05000        0.10000        0.6306         1.7552         0.6306         0.0068         0.0109 
BAR-estimator:      0.10000        0.15000        0.3739         2.1291         0.3739         0.0054         0.0121 
BAR-estimator:      0.15000        0.20000        0.2269         2.3559         0.2269         0.0042         0.0129 
BAR-estimator:      0.20000        0.25000        0.1482         2.5041         0.1482         0.0038         0.0134 
BAR-estimator:      0.25000        0.30000        0.0985         2.6026         0.0985         0.0032         0.0138 
BAR-estimator:      0.30000        0.35000        0.0516         2.6542         0.0516         0.0029         0.0141 
BAR-estimator:      0.35000        0.40000        0.0277         2.6818         0.0277         0.0028         0.0144 
BAR-estimator:      0.40000        0.45000        0.0068         2.6887         0.0068         0.0025         0.0146 
BAR-estimator:      0.45000        0.50000       -0.0086         2.6801        -0.0086         0.0025         0.0148 
BAR-estimator:      0.50000        0.55000       -0.0651         2.6150        -0.0651         0.0027         0.0150 
BAR-estimator:      0.55000        0.60000       -0.1380         2.4770        -0.1380         0.0025         0.0153 
BAR-estimator:      0.60000        0.65000       -0.1963         2.2807        -0.1963         0.0026         0.0155 
BAR-estimator:      0.65000        0.70000       -0.2430         2.0377        -0.2430         0.0024         0.0157 
BAR-estimator:      0.70000        0.75000       -0.2783         1.7594        -0.2783         0.0025         0.0159 
BAR-estimator:      0.75000        0.80000       -0.3146         1.4448        -0.3146         0.0024         0.0160 
BAR-estimator:      0.80000        0.85000       -0.3448         1.0999        -0.3448         0.0028         0.0163 
BAR-estimator:      0.85000        0.90000       -0.3700         0.7300        -0.3700         0.0028         0.0165 
BAR-estimator:      0.90000        0.95000       -0.4011         0.3289        -0.4011         0.0029         0.0168 
BAR-estimator:      0.95000        1.00000       -0.4222        -0.0933        -0.4222         0.0028         0.0170 
BAR-estimator: total free energy change is -0.09330122645427502 , total error is 0.017000412438548485
