#========================================================================================
#                     Free energy perturbation    
#----------------------------------------------------------------------------------------
#forward/backward          λ              ΔΔA                 ΔA                  δε   
#                                                 
#----------------------------------------------------------------------------------------
forward:               0.0000              0.0000              0.0000              0.0000  
forward:               0.0500              0.4724              0.4724              0.0091  
forward:               0.1000              0.3236              0.7960              0.0142  
forward:               0.1500              0.2497              1.0458              0.0156  
forward:               0.2000              0.1979              1.2437              0.0165  
forward:               0.2500              0.1610              1.4046              0.0175  
forward:               0.3000              0.1403              1.5450              0.0183  
forward:               0.3500              0.1157              1.6606              0.0188  
forward:               0.4000              0.1049              1.7656              0.0192  
forward:               0.4500              0.0923              1.8579              0.0195  
forward:               0.5000              0.0864              1.9443              0.0207  
forward:               0.5500              0.0847              2.0290              0.0210  
forward:               0.6000              0.0674              2.0964              0.0213  
forward:               0.6500              0.0660              2.1624              0.0215  
forward:               0.7000              0.0610              2.2234              0.0217  
forward:               0.7500              0.0665              2.2899              0.0219  
forward:               0.8000              0.0591              2.3490              0.0222  
forward:               0.8500              0.0553              2.4043              0.0224  
forward:               0.9000              0.0490              2.4533              0.0225  
forward:               0.9500              0.0522              2.5055              0.0227  
forward:               1.0000              0.0412              2.5466              0.0229  
backward:              1.0000              0.0000              2.5466              0.0000  
backward:              0.9500             -0.0470              2.4996              0.0036  
backward:              0.9000             -0.0561              2.4436              0.0047  
backward:              0.8500             -0.0505              2.3930              0.0057  
backward:              0.8000             -0.0548              2.3382              0.0066  
backward:              0.7500             -0.0502              2.2880              0.0075  
backward:              0.7000             -0.0682              2.2199              0.0084  
backward:              0.6500             -0.0672              2.1527              0.0094  
backward:              0.6000             -0.0751              2.0776              0.0101  
backward:              0.5500             -0.0756              2.0020              0.0107  
backward:              0.5000             -0.0853              1.9166              0.0114  
backward:              0.4500             -0.0862              1.8304              0.0124  
backward:              0.4000             -0.1000              1.7304              0.0130  
backward:              0.3500             -0.0987              1.6317              0.0137  
backward:              0.3000             -0.1193              1.5124              0.0143  
backward:              0.2500             -0.1336              1.3788              0.0152  
backward:              0.2000             -0.1598              1.2190              0.0161  
backward:              0.1500             -0.1898              1.0292              0.0174  
backward:              0.1000             -0.2415              0.7877              0.0188  
backward:              0.0500             -0.3302              0.4575              0.0228  
backward:              0.0000             -0.4585             -0.0010              0.0256  
Inaccuracy estimation
======================================================================================================
                   i        i+δi          P0_overlap_P1   δε(forward)/ε   δε(backward)/ε
======================================================================================================
inaccuracy:  0.00000        0.05000           63.40           -0.00            0.37
inaccuracy:  0.05000        0.10000           70.38           -0.01            0.24
inaccuracy:  0.10000        0.15000           73.15           -0.00            0.17
inaccuracy:  0.15000        0.20000           75.02           -0.00            0.13
inaccuracy:  0.20000        0.25000           78.10           -0.00            0.11
inaccuracy:  0.25000        0.30000           77.54           -0.00            0.10
inaccuracy:  0.30000        0.35000           79.98           -0.00            0.08
inaccuracy:  0.35000        0.40000           79.39           -0.00            0.08
inaccuracy:  0.40000        0.45000           81.02           -0.00            0.07
inaccuracy:  0.45000        0.50000           80.34           -0.00            0.08
inaccuracy:  0.50000        0.55000           80.69           -0.00            0.07
inaccuracy:  0.55000        0.60000           81.74           -0.00            0.07
inaccuracy:  0.60000        0.65000           81.83           -0.00            0.06
inaccuracy:  0.65000        0.70000           81.33           -0.00            0.06
inaccuracy:  0.70000        0.75000           80.74           -0.00            0.07
inaccuracy:  0.75000        0.80000           79.78           -0.00            0.07
inaccuracy:  0.80000        0.85000           80.53           -0.01            0.06
inaccuracy:  0.85000        0.90000           80.66           -0.01            0.06
inaccuracy:  0.90000        0.95000           81.08           -0.01            0.07
inaccuracy:  0.95000        1.00000           81.29           -0.01            0.06
===================================================================================================================================
                BAR        
-----------------------------------------------------------------------------------------------------------------------------------
BAR-estimator:         λ             λ+δλ          ΔΔA             ΔA            C               Δδe            δe       
                          
-----------------------------------------------------------------------------------------------------------------------------------
BAR-estimator:      0.00000        0.05000        0.4712         0.4712         0.4712         0.0061         0.0061 
BAR-estimator:      0.05000        0.10000        0.3227         0.7939         0.3227         0.0047         0.0077 
BAR-estimator:      0.10000        0.15000        0.2476         1.0415         0.2476         0.0040         0.0087 
BAR-estimator:      0.15000        0.20000        0.1928         1.2343         0.1928         0.0037         0.0095 
BAR-estimator:      0.20000        0.25000        0.1611         1.3954         0.1611         0.0038         0.0102 
BAR-estimator:      0.25000        0.30000        0.1382         1.5336         0.1382         0.0032         0.0107 
BAR-estimator:      0.30000        0.35000        0.1174         1.6509         0.1174         0.0029         0.0111 
BAR-estimator:      0.35000        0.40000        0.1027         1.7537         0.1027         0.0025         0.0114 
BAR-estimator:      0.40000        0.45000        0.0950         1.8486         0.0950         0.0027         0.0117 
BAR-estimator:      0.45000        0.50000        0.0858         1.9344         0.0858         0.0025         0.0119 
BAR-estimator:      0.50000        0.55000        0.0844         2.0188         0.0844         0.0025         0.0122 
BAR-estimator:      0.55000        0.60000        0.0708         2.0896         0.0708         0.0026         0.0125 
BAR-estimator:      0.60000        0.65000        0.0689         2.1585         0.0689         0.0022         0.0127 
BAR-estimator:      0.65000        0.70000        0.0625         2.2210         0.0625         0.0022         0.0128 
BAR-estimator:      0.70000        0.75000        0.0665         2.2876         0.0665         0.0025         0.0131 
BAR-estimator:      0.75000        0.80000        0.0549         2.3424         0.0549         0.0024         0.0133 
BAR-estimator:      0.80000        0.85000        0.0553         2.3977         0.0553         0.0024         0.0135 
BAR-estimator:      0.85000        0.90000        0.0493         2.4470         0.0493         0.0024         0.0137 
BAR-estimator:      0.90000        0.95000        0.0543         2.5013         0.0543         0.0024         0.0139 
BAR-estimator:      0.95000        1.00000        0.0430         2.5443         0.0430         0.0024         0.0141 
BAR-estimator: total free energy change is 2.5442647086875625 , total error is 0.014149516645007323
