#========================================================================================
#                     Free energy perturbation    
#----------------------------------------------------------------------------------------
#forward/backward          λ              ΔΔA                 ΔA                  δε   
#                                                 
#----------------------------------------------------------------------------------------
forward:               0.0000              0.0000              0.0000              0.0000  
forward:               0.0500              1.1868              1.1868              0.0167  
forward:               0.1000              0.5729              1.7597              0.0191  
forward:               0.1500              0.2922              2.0519              0.0207  
forward:               0.2000              0.1612              2.2131              0.0214  
forward:               0.2500              0.0934              2.3065              0.0219  
forward:               0.3000              0.0407              2.3472              0.0222  
forward:               0.3500              0.0050              2.3522              0.0225  
forward:               0.4000             -0.0057              2.3466              0.0228  
forward:               0.4500             -0.0312              2.3153              0.0231  
forward:               0.5000             -0.0545              2.2608              0.0233  
forward:               0.5500             -0.0926              2.1683              0.0236  
forward:               0.6000             -0.1454              2.0229              0.0238  
forward:               0.6500             -0.1900              1.8329              0.0239  
forward:               0.7000             -0.2164              1.6165              0.0241  
forward:               0.7500             -0.2363              1.3801              0.0242  
forward:               0.8000             -0.2610              1.1191              0.0243  
forward:               0.8500             -0.2790              0.8401              0.0244  
forward:               0.9000             -0.2919              0.5482              0.0245  
forward:               0.9500             -0.3073              0.2409              0.0247  
forward:               1.0000             -0.3112             -0.0703              0.0248  
backward:              1.0000              0.0000             -0.0703              0.0000  
backward:              0.9500              0.3192              0.2489              0.0029  
backward:              0.9000              0.3080              0.5569              0.0041  
backward:              0.8500              0.2896              0.8465              0.0051  
backward:              0.8000              0.2821              1.1285              0.0060  
backward:              0.7500              0.2592              1.3877              0.0069  
backward:              0.7000              0.2418              1.6296              0.0076  
backward:              0.6500              0.2171              1.8467              0.0082  
backward:              0.6000              0.1854              2.0322              0.0088  
backward:              0.5500              0.1451              2.1772              0.0096  
backward:              0.5000              0.0957              2.2729              0.0104  
backward:              0.4500              0.0598              2.3327              0.0110  
backward:              0.4000              0.0320              2.3647              0.0118  
backward:              0.3500              0.0169              2.3817              0.0124  
backward:              0.3000             -0.0077              2.3740              0.0130  
backward:              0.2500             -0.0470              2.3270              0.0141  
backward:              0.2000             -0.0969              2.2302              0.0154  
backward:              0.1500             -0.1712              2.0589              0.0173  
backward:              0.1000             -0.3145              1.7444              0.0204  
backward:              0.0500             -0.5654              1.1790              0.0254  
backward:              0.0000             -1.1314              0.0476              0.0429  
Inaccuracy estimation
======================================================================================================
                   i        i+δi          P0_overlap_P1   δε(forward)/ε   δε(backward)/ε
======================================================================================================
inaccuracy:  0.00000        0.05000           39.68           -0.02            2.04
inaccuracy:  0.05000        0.10000           57.80           -0.01            0.56
inaccuracy:  0.10000        0.15000           68.47           -0.01            0.26
inaccuracy:  0.15000        0.20000           73.40           -0.00            0.17
inaccuracy:  0.20000        0.25000           75.73           -0.01            0.12
inaccuracy:  0.25000        0.30000           77.50           -0.01            0.09
inaccuracy:  0.30000        0.35000           79.42           -0.01            0.07
inaccuracy:  0.35000        0.40000           78.01           -0.01            0.07
inaccuracy:  0.40000        0.45000           79.57           -0.01            0.07
inaccuracy:  0.45000        0.50000           79.97           -0.01            0.06
inaccuracy:  0.50000        0.55000           77.24           -0.02            0.07
inaccuracy:  0.55000        0.60000           78.52           -0.02            0.05
inaccuracy:  0.60000        0.65000           80.15           -0.02            0.05
inaccuracy:  0.65000        0.70000           79.81           -0.01            0.05
inaccuracy:  0.70000        0.75000           79.13           -0.02            0.05
inaccuracy:  0.75000        0.80000           79.62           -0.02            0.04
inaccuracy:  0.80000        0.85000           79.88           -0.02            0.04
inaccuracy:  0.85000        0.90000           80.29           -0.02            0.04
inaccuracy:  0.90000        0.95000           80.18           -0.01            0.04
inaccuracy:  0.95000        1.00000           78.45           -0.02            0.04
===================================================================================================================================
                BAR        
-----------------------------------------------------------------------------------------------------------------------------------
BAR-estimator:         λ             λ+δλ          ΔΔA             ΔA            C               Δδe            δe       
                          
-----------------------------------------------------------------------------------------------------------------------------------
BAR-estimator:      0.00000        0.05000        1.2013         1.2013         1.2013         0.0096         0.0096 
BAR-estimator:      0.05000        0.10000        0.5717         1.7730         0.5717         0.0062         0.0115 
BAR-estimator:      0.10000        0.15000        0.2988         2.0718         0.2988         0.0051         0.0125 
BAR-estimator:      0.15000        0.20000        0.1651         2.2369         0.1651         0.0037         0.0131 
BAR-estimator:      0.20000        0.25000        0.0956         2.3325         0.0956         0.0032         0.0134 
BAR-estimator:      0.25000        0.30000        0.0410         2.3736         0.0410         0.0026         0.0137 
BAR-estimator:      0.30000        0.35000        0.0068         2.3804         0.0068         0.0025         0.0139 
BAR-estimator:      0.35000        0.40000       -0.0108         2.3696        -0.0108         0.0024         0.0141 
BAR-estimator:      0.40000        0.45000       -0.0319         2.3377        -0.0319         0.0023         0.0143 
BAR-estimator:      0.45000        0.50000       -0.0567         2.2811        -0.0567         0.0023         0.0145 
BAR-estimator:      0.50000        0.55000       -0.0941         2.1869        -0.0941         0.0026         0.0147 
BAR-estimator:      0.55000        0.60000       -0.1459         2.0411        -0.1459         0.0024         0.0149 
BAR-estimator:      0.60000        0.65000       -0.1883         1.8528        -0.1883         0.0021         0.0151 
BAR-estimator:      0.65000        0.70000       -0.2171         1.6356        -0.2171         0.0023         0.0152 
BAR-estimator:      0.70000        0.75000       -0.2384         1.3972        -0.2384         0.0022         0.0154 
BAR-estimator:      0.75000        0.80000       -0.2613         1.1360        -0.2613         0.0021         0.0155 
BAR-estimator:      0.80000        0.85000       -0.2796         0.8563        -0.2796         0.0022         0.0157 
BAR-estimator:      0.85000        0.90000       -0.2920         0.5643        -0.2920         0.0018         0.0158 
BAR-estimator:      0.90000        0.95000       -0.3061         0.2582        -0.3061         0.0023         0.0160 
BAR-estimator:      0.95000        1.00000       -0.3147        -0.0565        -0.3147         0.0023         0.0161 
BAR-estimator: total free energy change is -0.05645925630661608 , total error is 0.01612201629632633
