#========================================================================================
#                     Free energy perturbation    
#----------------------------------------------------------------------------------------
#forward/backward          λ              ΔΔA                 ΔA                  δε   
#                                                 
#----------------------------------------------------------------------------------------
forward:               0.0000              0.0000              0.0000              0.0000  
forward:               0.0500              1.6066              1.6066              0.0089  
forward:               0.1000              0.9156              2.5221              0.0170  
forward:               0.1500              0.4702              2.9924              0.0199  
forward:               0.2000              0.2561              3.2485              0.0217  
forward:               0.2500              0.1405              3.3889              0.0223  
forward:               0.3000              0.0700              3.4589              0.0232  
forward:               0.3500              0.0309              3.4898              0.0237  
forward:               0.4000             -0.0152              3.4747              0.0242  
forward:               0.4500             -0.0461              3.4286              0.0245  
forward:               0.5000             -0.0647              3.3639              0.0248  
forward:               0.5500             -0.1434              3.2205              0.0254  
forward:               0.6000             -0.2972              2.9234              0.0260  
forward:               0.6500             -0.4464              2.4770              0.0266  
forward:               0.7000             -0.5638              1.9131              0.0272  
forward:               0.7500             -0.6609              1.2522              0.0277  
forward:               0.8000             -0.7269              0.5254              0.0282  
forward:               0.8500             -0.7661             -0.2407              0.0285  
forward:               0.9000             -0.7798             -1.0206              0.0288  
forward:               0.9500             -0.8034             -1.8240              0.0291  
forward:               1.0000             -0.8105             -2.6345              0.0294  
backward:              1.0000              0.0000             -2.6345              0.0000  
backward:              0.9500              0.8158             -1.8188              0.0062  
backward:              0.9000              0.7911             -1.0276              0.0077  
backward:              0.8500              0.7878             -0.2398              0.0094  
backward:              0.8000              0.7552              0.5154              0.0118  
backward:              0.7500              0.7156              1.2310              0.0133  
backward:              0.7000              0.6505              1.8815              0.0146  
backward:              0.6500              0.5518              2.4333              0.0162  
backward:              0.6000              0.4388              2.8721              0.0177  
backward:              0.5500              0.2970              3.1691              0.0186  
backward:              0.5000              0.1487              3.3178              0.0192  
backward:              0.4500              0.0571              3.3749              0.0199  
backward:              0.4000              0.0421              3.4170              0.0207  
backward:              0.3500              0.0153              3.4323              0.0214  
backward:              0.3000             -0.0184              3.4139              0.0232  
backward:              0.2500             -0.0729              3.3410              0.0244  
backward:              0.2000             -0.1297              3.2113              0.0257  
backward:              0.1500             -0.2306              2.9807              0.0273  
backward:              0.1000             -0.4729              2.5078              0.0308  
backward:              0.0500             -0.8676              1.6402              0.0372  
backward:              0.0000             -1.6196              0.0207              0.0487  
Inaccuracy estimation
======================================================================================================
                   i        i+δi          P0_overlap_P1   δε(forward)/ε   δε(backward)/ε
======================================================================================================
inaccuracy:  0.00000        0.05000           36.47           -0.03            1.69
inaccuracy:  0.05000        0.10000           45.42           -0.04            1.04
inaccuracy:  0.10000        0.15000           57.87           -0.02            0.50
inaccuracy:  0.15000        0.20000           63.65           -0.02            0.33
inaccuracy:  0.20000        0.25000           68.20           -0.02            0.22
inaccuracy:  0.25000        0.30000           70.51           -0.01            0.16
inaccuracy:  0.30000        0.35000           70.60           -0.02            0.14
inaccuracy:  0.35000        0.40000           72.85           -0.01            0.12
inaccuracy:  0.40000        0.45000           73.90           -0.02            0.10
inaccuracy:  0.45000        0.50000           75.00           -0.01            0.10
inaccuracy:  0.50000        0.55000           68.44           -0.06            0.13
inaccuracy:  0.55000        0.60000           69.39           -0.07            0.11
inaccuracy:  0.60000        0.65000           69.55           -0.06            0.09
inaccuracy:  0.65000        0.70000           69.01           -0.08            0.07
inaccuracy:  0.70000        0.75000           68.97           -0.08            0.06
inaccuracy:  0.75000        0.80000           69.75           -0.07            0.06
inaccuracy:  0.80000        0.85000           70.13           -0.08            0.06
inaccuracy:  0.85000        0.90000           68.62           -0.08            0.06
inaccuracy:  0.90000        0.95000           69.33           -0.07            0.06
inaccuracy:  0.95000        1.00000           68.34           -0.07            0.06
===================================================================================================================================
                BAR        
-----------------------------------------------------------------------------------------------------------------------------------
BAR-estimator:         λ             λ+δλ          ΔΔA             ΔA            C               Δδe            δe       
                          
-----------------------------------------------------------------------------------------------------------------------------------
BAR-estimator:      0.00000        0.05000        1.6131         1.6131         1.6131         0.0105         0.0105 
BAR-estimator:      0.05000        0.10000        0.9024         2.5154         0.9024         0.0081         0.0133 
BAR-estimator:      0.10000        0.15000        0.4721         2.9875         0.4721         0.0066         0.0148 
BAR-estimator:      0.15000        0.20000        0.2565         3.2440         0.2565         0.0056         0.0158 
BAR-estimator:      0.20000        0.25000        0.1392         3.3832         0.1392         0.0037         0.0162 
BAR-estimator:      0.25000        0.30000        0.0693         3.4525         0.0693         0.0041         0.0168 
BAR-estimator:      0.30000        0.35000        0.0266         3.4790         0.0266         0.0033         0.0171 
BAR-estimator:      0.35000        0.40000       -0.0151         3.4639        -0.0151         0.0033         0.0174 
BAR-estimator:      0.40000        0.45000       -0.0454         3.4186        -0.0454         0.0028         0.0176 
BAR-estimator:      0.45000        0.50000       -0.0620         3.3565        -0.0620         0.0028         0.0178 
BAR-estimator:      0.50000        0.55000       -0.1441         3.2124        -0.1441         0.0035         0.0182 
BAR-estimator:      0.55000        0.60000       -0.2947         2.9177        -0.2947         0.0036         0.0185 
BAR-estimator:      0.60000        0.65000       -0.4418         2.4760        -0.4418         0.0038         0.0189 
BAR-estimator:      0.65000        0.70000       -0.5613         1.9146        -0.5613         0.0045         0.0194 
BAR-estimator:      0.70000        0.75000       -0.6577         1.2570        -0.6577         0.0038         0.0198 
BAR-estimator:      0.75000        0.80000       -0.7247         0.5323        -0.7247         0.0036         0.0201 
BAR-estimator:      0.80000        0.85000       -0.7649        -0.2326        -0.7649         0.0035         0.0204 
BAR-estimator:      0.85000        0.90000       -0.7830        -1.0157        -0.7830         0.0034         0.0207 
BAR-estimator:      0.90000        0.95000       -0.7970        -1.8126        -0.7970         0.0037         0.0210 
BAR-estimator:      0.95000        1.00000       -0.8105        -2.6231        -0.8105         0.0036         0.0213 
BAR-estimator: total free energy change is -2.6231053766363175 , total error is 0.02133407623954333
