20
 energy: -36.130681087050 gnorm: 0.041294338666 xtb: 6.7.1 (41059b4)
C            0.64530663554999        1.68613711486244       -0.04707094489728
C            1.42039306170134        0.38657218300993       -0.27444689719509
H            1.63522776706131        0.25133921175315       -1.34599606762256
C            0.57413893369138       -0.78289860351107        0.19326875104571
H            0.44555325391848       -0.69557441294135        1.28646137046905
C           -0.79869902964889       -0.72574131126870       -0.48575830710836
H           -0.65548190549740       -0.88424393222334       -1.56114735106293
C           -1.47127791990595        0.63292662579599       -0.29696605135132
H           -2.36442520016390        0.71414603810292       -0.93031719802182
O           -0.62656826480828        1.68134548725765       -0.71707128428465
O           -1.82084646844526        0.72117250879106        1.07934147711792
O           -1.62845151638403       -1.79467221450752       -0.03538195866090
O            1.22780933397151       -1.99860481350795       -0.14169534404800
O            2.62298574755431        0.40948121205445        0.49425673039324
H            1.19221858482879        2.53874024979804       -0.45910315879041
H            0.51565638109294        1.83866583914319        1.03282827792810
H           -2.39404761879301        1.48755472942879        1.19660675398007
H           -1.94308923591917       -1.54273851350047        0.84399790886568
H            0.58529486578528       -2.70325658089079        0.01391022188264
H            3.29081744880745        0.89640631111513        0.00086949284477
20
 energy: -36.132264861291 gnorm: 0.019519384267 xtb: 6.7.1 (41059b4)
C            0.63736687990388        1.68804328778995       -0.04944204394216
C            1.42255440097549        0.38927288164469       -0.26935965111451
H            1.64540979000558        0.25280862325666       -1.33633828426199
C            0.57221889767176       -0.78834654738193        0.19511205810547
H            0.44086394646375       -0.71460289412129        1.28696596967590
C           -0.79703536432707       -0.73795521073034       -0.49811305525634
H           -0.65737108471786       -0.90910064712161       -1.57175114657678
C           -1.46087810788071        0.62688933224559       -0.29125379910036
H           -2.35477630686378        0.71356082081683       -0.92286620100069
O           -0.62794694883873        1.67619658358828       -0.70582952741851
O           -1.81424002812863        0.72106632463344        1.07261564473030
O           -1.62758009221243       -1.78368562471150       -0.03380716745162
O            1.22088894590862       -1.99552508632231       -0.13811580592625
O            2.61498412254432        0.41656006215506        0.49538234322353
H            1.16930001459994        2.54619573366976       -0.46563556195630
H            0.50026790409755        1.83586449601110        1.02863068297313
H           -2.36023667708816        1.50568069459366        1.19913463738588
H           -1.93556278336126       -1.52513383267037        0.84569256885034
H            0.57750440724163       -2.70353368940421       -0.00170864330176
H            3.28678293840300        0.90250182082005        0.00727340384660
20
 energy: -36.132743939936 gnorm: 0.004779837816 xtb: 6.7.1 (41059b4)
C            0.62701410899450        1.68789023696590       -0.05247850422196
C            1.42547939657421        0.39152462983163       -0.26490922360371
H            1.65098126207349        0.25280101832310       -1.32987700744310
C            0.57236881212106       -0.79472964324387        0.19325336545942
H            0.43617318127983       -0.72578711187737        1.28358972679065
C           -0.80153348247918       -0.74499621696140       -0.49826026687523
H           -0.66310174371821       -0.92349392699712       -1.56943508868871
C           -1.46058470660572        0.62697500722694       -0.29370916068808
H           -2.35450599342478        0.71339205281521       -0.92877851031181
O           -0.63076484188880        1.67278530630347       -0.70362816449234
O           -1.81076503479050        0.71534668348306        1.06153902614341
O           -1.62897157879160       -1.77612873719979       -0.02667764903061
O            1.22339793523141       -1.99273607351733       -0.13892247343428
O            2.60602749703664        0.42177674065070        0.50146342570703
H            1.15402799296983        2.54640840800505       -0.47117461008035
H            0.49176519852969        1.83361291964778        1.02621563475468
H           -2.31629085247195        1.52615223201714        1.20573936237789
H           -1.93303137749463       -1.51689229439752        0.85391775453005
H            0.58123550324059       -2.70672855270964       -0.02480853652949
H            3.28359357801103        0.90958445039560        0.02352732112039
20
 energy: -36.132832706666 gnorm: 0.004832966262 xtb: 6.7.1 (41059b4)
C            0.62338572408046        1.68855513609030       -0.05432573016360
C            1.42511108655148        0.39215259416108       -0.26362185472381
H            1.65116158522117        0.25304368090406       -1.32899916655779
C            0.57213412907853       -0.79690849281544        0.19221889278475
H            0.43551401616712       -0.72794731271239        1.28309163945111
C           -0.80468308058953       -0.74874682019118       -0.49655811459574
H           -0.66720430659248       -0.92899893052031       -1.56772051158491
C           -1.46208736758083        0.62629987503075       -0.29531751808204
H           -2.35512724366063        0.70946846601852       -0.93384801826409
O           -0.63191196980111        1.67046098980282       -0.70711673039506
O           -1.81256964248969        0.71413289189377        1.05822321678452
O           -1.63061168697789       -1.77693949265496       -0.02113376569055
O            1.22549217818494       -1.99135440470156       -0.14399681307031
O            2.59994897417842        0.42381332709751        0.50775397270617
H            1.15244958346373        2.54588937137874       -0.47320536237393
H            0.49160419924609        1.83535116110307        1.02541332475649
H           -2.29234974416398        1.53996795396987        1.20945347393840
H           -1.93302300101005       -1.51760197810967        0.86013899156641
H            0.58461645471229       -2.70813083622532       -0.04059346846241
H            3.28066496637886        0.91424994924188        0.03672996346024
20
 energy: -36.132892049057 gnorm: 0.004509127939 xtb: 6.7.1 (41059b4)
C            0.61998064249366        1.68867448110699       -0.05666271645914
C            1.42403103530073        0.39217318001109       -0.26233635431767
H            1.65235868435163        0.25338700958519       -1.32797890768548
C            0.57225182740441       -0.79902564675403        0.19084469538491
H            0.43744515667684       -0.73121416196981        1.28277089103487
C           -0.80734676596728       -0.75183175160431       -0.49388108756673
H           -0.67162660197702       -0.93328661795327       -1.56543466183117
C           -1.46496686949711        0.62492949508000       -0.29680084558773
H           -2.35738398601043        0.70478804290819       -0.93799080749049
O           -0.63402101790793        1.66797425232399       -0.71185291083948
O           -1.81659999009000        0.71547270748807        1.05603390415179
O           -1.63180790224439       -1.77948114985261       -0.01506722518295
O            1.22818597132373       -1.99065682421993       -0.15109303130034
O            2.59395851112237        0.42473091531374        0.51538272944008
H            1.15173754131910        2.54497393032224       -0.47540566185651
H            0.49033657292324        1.83804524766397        1.02369394949981
H           -2.26627491894108        1.55675531667176        1.21178738307888
H           -1.93316840778295       -1.51985819089859        0.86654803903487
H            0.58843698200430       -2.70938922005123       -0.05805082480778
H            3.27698838989508        0.91959611359009        0.05207986478411
20
 energy: -36.132922634793 gnorm: 0.002973336380 xtb: 6.7.1 (41059b4)
C            0.61794728602391        1.68828946970055       -0.05856416567426
C            1.42292820145639        0.39192702386387       -0.26122417133884
H            1.65525751991695        0.25349615092387       -1.32627107700329
C            0.57212887027384       -0.80021819978429        0.18970210918976
H            0.43986135835091       -0.73521993445388        1.28236878789575
C           -0.80857339391825       -0.75361679736135       -0.49228938806926
H           -0.67463610450661       -0.93589148107024       -1.56413915219936
C           -1.46686972766723        0.62311967703362       -0.29745405901309
H           -2.35947218761399        0.70137041910869       -0.93881539579007
O           -0.63578164898399        1.66586124921521       -0.71507591982411
O           -1.81900214625460        0.71743334644844        1.05537293268529
O           -1.63212796720012       -1.78187013385673       -0.01140895894917
O            1.22907894245539       -1.99061144765382       -0.15656637836832
O            2.59003588453517        0.42538617969516        0.52125146994933
H            1.15039837700484        2.54415458900413       -0.47800716239448
H            0.48759261119653        1.84016655660229        1.02154232882362
H           -2.24562201387420        1.56918060506913        1.21256907729184
H           -1.93327410284598       -1.52148813680990        0.86999471401386
H            0.58933686166638       -2.70964060753520       -0.06971672443875
H            3.27330823438155        0.92492860062198        0.06331755469740
20
 energy: -36.132941208261 gnorm: 0.001307433199 xtb: 6.7.1 (41059b4)
C            0.61635995392070        1.68755110716996       -0.06051249952721
C            1.42186994433168        0.39163074104674       -0.26007066360955
H            1.65942702063217        0.25307892315065       -1.32380480527289
C            0.57164798732250       -0.80106314781081        0.18861702240681
H            0.44161013674999       -0.73970095007794        1.28162429054894
C           -0.80913974295007       -0.75474037702474       -0.49184962971547
H           -0.67659368364975       -0.93786979555062       -1.56376212832402
C           -1.46821949447459        0.62097445840780       -0.29774345595899
H           -2.36172601736318        0.69886709262833       -0.93757657468084
O           -0.63764210720464        1.66372707733793       -0.71727910262138
O           -1.81972990812628        0.71867450877903        1.05544378645308
O           -1.63189516032443       -1.78384194024914       -0.00959322742507
O            1.22881587376245       -1.99098739549812       -0.16074176666941
O            2.58694556758067        0.42628254855340        0.52649074859473
H            1.14783503177311        2.54323675842794       -0.48159451784460
H            0.48429153255855        1.84166249415994        1.01892090045831
H           -2.22503941895059        1.57959654996464        1.21354200073397
H           -1.93349884967163       -1.52232234515777        0.87119615708977
H            0.58827070337554       -2.70945301060134       -0.07765449716362
H            3.26892548510468        0.93145383110565        0.07293438401130
20
 energy: -36.132946584597 gnorm: 0.000738536867 xtb: 6.7.1 (41059b4)
C            0.61566359930539        1.68692207887488       -0.06239111564439
C            1.42121457797372        0.39137471434653       -0.25941655482093
H            1.66335739549190        0.25186856026889       -1.32166121221006
C            0.57082346071986       -0.80147016854748        0.18779794546330
H            0.44137294822855       -0.74265953463301        1.28064014003766
C           -0.80940474569535       -0.75517809224836       -0.49276138814800
H           -0.67715686266719       -0.93861607226762       -1.56454105332673
C           -1.46861105245444        0.61933929337804       -0.29759046675705
H           -2.36363290540993        0.69775766533858       -0.93485775849311
O           -0.63915541663004        1.66225527456966       -0.71813365538509
O           -1.81809873915668        0.71829376743937        1.05636109805967
O           -1.63163498406508       -1.78507295435303       -0.01037609527082
O            1.22758242806540       -1.99162535765500       -0.16262177360627
O            2.58496321984827        0.42724962919196        0.53012938806322
H            1.14526422161280        2.54235237981291       -0.48580390310868
H            0.48282688534538        1.84265978752135        1.01644530941467
H           -2.20893900855958        1.58473241520469        1.21549191008791
H           -1.93437611116226       -1.52264815760697        0.86965565145409
H            0.58593332228325       -2.70916641883860       -0.07949624944052
H            3.26452262132292        0.93838831896475        0.07971620511498
20
 energy: -36.132947926777 gnorm: 0.000297356018 xtb: 6.7.1 (41059b4)
C            0.61592416771754        1.68693645970533       -0.06276701804459
C            1.42131618571577        0.39121470818201       -0.25970801299082
H            1.66334526519227        0.25123145195239       -1.32189442671312
C            0.57057370945734       -0.80152424663150        0.18778106453782
H            0.44021741723575       -0.74191540395064        1.28044885092794
C           -0.80952474757671       -0.75507883322756       -0.49357349266950
H           -0.67668233058388       -0.93790669967010       -1.56535287562260
C           -1.46844869064201        0.61948280812540       -0.29738355750999
H           -2.36392038166302        0.69835366414873       -0.93409678409292
O           -0.63927846898090        1.66238643547580       -0.71768848152704
O           -1.81704227213652        0.71720485096061        1.05688183365749
O           -1.63183459917361       -1.78503103645838       -0.01197486728638
O            1.22731087185718       -1.99181114831730       -0.16180559610044
O            2.58496445390917        0.42715325484308        0.52985148323768
H            1.14534195712376        2.54212538730237       -0.48679402439794
H            0.48409890357637        1.84290120917020        1.01619169138702
H           -2.20841287808866        1.58354617324477        1.21696320465420
H           -1.93503913258066       -1.52293868348041        0.86802499397167
H            0.58588292739067       -2.70946438609376       -0.07651509876313
H            3.26372249664705        0.93989116348051        0.07999753482851
20
 energy: -36.132948981839 gnorm: 0.000486355721 xtb: 6.7.1 (41059b4)
C            0.61666950143787        1.68694004634913       -0.06362229673683
C            1.42148066555838        0.39071006948009       -0.26033070773578
H            1.66338630244634        0.25010521675469       -1.32249888466939
C            0.57023738392861       -0.80167842150414        0.18758074557970
H            0.43872786254538       -0.74092279072743        1.28007095868979
C           -0.80973796807509       -0.75476653855852       -0.49461441160208
H           -0.67619973853117       -0.93629322117441       -1.56650255653899
C           -1.46807176386118        0.61991036720901       -0.29687181501661
H           -2.36431641592774        0.69921923736700       -0.93259485762768
O           -0.63934968274864        1.66287173645516       -0.71705414062962
O           -1.81532198691552        0.71605702878157        1.05798566144727
O           -1.63229334544941       -1.78500999837612       -0.01438784178192
O            1.22672438626397       -1.99223354044454       -0.16105073259185
O            2.58501811347399        0.42631091406403        0.52930181007811
H            1.14610599546430        2.54151560370652       -0.48886680109152
H            0.48659708812916        1.84369440665542        1.01551203823744
H           -2.20891856842533        1.58078104402142        1.21904108805152
H           -1.93615806166401       -1.52358799547517        0.86562441072018
H            0.58594246837854       -2.71018014925287       -0.07161836687076
H            3.26199261836844        0.94331411343073        0.08148312157286
20
 energy: -36.132949437952 gnorm: 0.000540776440 xtb: 6.7.1 (41059b4)
C            0.61687142264567        1.68672146069818       -0.06457394174338
C            1.42136128323624        0.39011768638755       -0.26061924044819
H            1.66385692335057        0.24916618375584       -1.32267464127096
C            0.56985265124948       -0.80206604115111        0.18722399473950
H            0.43799020256791       -0.74104611172220        1.27969129960774
C           -0.81003714931705       -0.75490384828645       -0.49535706551578
H           -0.67625521557806       -0.93551883556928       -1.56737134672207
C           -1.46818890137416        0.61974234029832       -0.29656451440908
H           -2.36498813188553        0.69955910518404       -0.93149090133828
O           -0.63966747838665        1.66271416528099       -0.71687139923166
O           -1.81448072166662        0.71517004973452        1.05864795533328
O           -1.63272226697979       -1.78538536048699       -0.01606680384918
O            1.22636023486407       -1.99255911846058       -0.16107927989610
O            2.58445035067070        0.42550829959231        0.52949163803540
H            1.14629702633283        2.54075097162827       -0.49107064876243
H            0.48777409008219        1.84462605094201        1.01455692902843
H           -2.20482264145828        1.58180327406033        1.22126804410754
H           -1.93704062280937       -1.52450618515398        0.86394190268779
H            0.58631187355504       -2.71091274673828       -0.06932636911128
H            3.25959192529770        0.94777578876806        0.08483081024256
20
 energy: -36.132949765227 gnorm: 0.000198422837 xtb: 6.7.1 (41059b4)
C            0.61701843378088        1.68665013001550       -0.06467747151696
C            1.42132493511162        0.38996052910254       -0.26065154490189
H            1.66380099115283        0.24900319868512       -1.32273032040855
C            0.56982447427810       -0.80210124738707        0.18721928435189
H            0.43814736208776       -0.74121126542257        1.27971008814310
C           -0.80997760626304       -0.75481813971353       -0.49526055905497
H           -0.67631709821774       -0.93547096452080       -1.56729183604982
C           -1.46817029362682        0.61975844617545       -0.29646888174663
H           -2.36493551148222        0.69957152778834       -0.93136374180622
O           -0.63954062778993        1.66271131865832       -0.71695604369299
O           -1.81431309121269        0.71541556301365        1.05874502926841
O           -1.63276678058565       -1.78530829078388       -0.01601346268778
O            1.22627855036131       -1.99264666670157       -0.16113011830353
O            2.58450038692666        0.42514830521532        0.52932829480954
H            1.14650964130169        2.54057223018551       -0.49132204103257
H            0.48787833443835        1.84472676618624        1.01440127244481
H           -2.20508213214812        1.58159267447069        1.22119419790462
H           -1.93701412277923       -1.52448296578114        0.86401820406844
H            0.58625125037663       -2.71099243139117       -0.06964681216510
H            3.25909775868652        0.94867841096660        0.08548288386006
20
 energy: -36.132950117253 gnorm: 0.000234006308 xtb: 6.7.1 (41059b4)
C            0.61743004663447        1.68642860628202       -0.06499409359805
C            1.42135110952392        0.38950638514782       -0.26085971568991
H            1.66372202580548        0.24851938493496       -1.32302585529671
C            0.56972827436345       -0.80229565479440        0.18713015405612
H            0.43828388170587       -0.74150171203578        1.27965895624161
C           -0.81000878372371       -0.75482786847390       -0.49511370575953
H           -0.67655779291291       -0.93544231610978       -1.56718560219106
C           -1.46799969392309        0.61980291504204       -0.29626546740254
H           -2.36475618224825        0.69972809105200       -0.93104808145720
O           -0.63918986734461        1.66271378319139       -0.71711713965632
O           -1.81384894654253        0.71580321363538        1.05891382971176
O           -1.63300437303088       -1.78530591994435       -0.01592640689512
O            1.22595600173990       -1.99297173257883       -0.16127111977873
O            2.58464354782854        0.42414358893705        0.52885930891053
H            1.14708067346869        2.54011250293700       -0.49196337734985
H            0.48835858587454        1.84486748390110        1.01402893966476
H           -2.20519165903975        1.58150677160377        1.22119974438074
H           -1.93691295041433       -1.52470762615617        0.86427508724733
H            0.58588937872462       -2.71128424216020       -0.07027100533907
H            3.25754157790748        0.95196147435043        0.08756197168508
20
 energy: -36.132950126164 gnorm: 0.000573472605 xtb: 6.7.1 (41059b4)
C            0.61784165948806        1.68620708254854       -0.06531071567915
C            1.42137728393622        0.38905224119310       -0.26106788647792
H            1.66364306045812        0.24803557118479       -1.32332139018486
C            0.56963207444880       -0.80249006220173        0.18704102376035
H            0.43842040132399       -0.74179215864899        1.27960782434012
C           -0.81003996118438       -0.75483759723426       -0.49496685246409
H           -0.67679848760808       -0.93541366769876       -1.56707936833230
C           -1.46782909421935        0.61984738390862       -0.29606205305844
H           -2.36457685301429        0.69988465431566       -0.93073242110817
O           -0.63883910689928        1.66271624772445       -0.71727823561964
O           -1.81338480187236        0.71619086425711        1.05908263015511
O           -1.63324196547610       -1.78530354910481       -0.01583935110246
O            1.22563345311850       -1.99329679845608       -0.16141212125392
O            2.58478670873042        0.42313887265877        0.52839032301153
H            1.14765170563569        2.53965277568848       -0.49260471366714
H            0.48883883731073        1.84500820161595        1.01365660688472
H           -2.20530118593139        1.58142086873686        1.22120529085685
H           -1.93681177804942       -1.52493228653121        0.86453197042621
H            0.58552750707260       -2.71157605292923       -0.07089519851303
H            3.25598539712845        0.95524453773427        0.08964105951010
20
 energy: -36.132950334556 gnorm: 0.000291651143 xtb: 6.7.1 (41059b4)
C            0.61779653562601        1.68610273139758       -0.06526059887211
C            1.42145675811539        0.38902536071725       -0.26110481082185
H            1.66376520961740        0.24796737413070       -1.32332742498096
C            0.56973158879307       -0.80261248696666        0.18702725940356
H            0.43851464241790       -0.74178859565827        1.27958774378430
C           -0.81003833345432       -0.75482762138672       -0.49503100622766
H           -0.67683730857626       -0.93553333639113       -1.56711930140772
C           -1.46791297472083        0.61983793997085       -0.29616759119466
H           -2.36469109156535        0.69990326081108       -0.93088937776682
O           -0.63886036734070        1.66255542570359       -0.71730480931577
O           -1.81344709600746        0.71613858431933        1.05901598298312
O           -1.63315329031463       -1.78516471663781       -0.01568351100744
O            1.22566126892100       -1.99345726231299       -0.16140640062517
O            2.58482021568140        0.42323464466223        0.52843055538998
H            1.14755306489875        2.53967584699389       -0.49236430392755
H            0.48873161667721        1.84470514018460        1.01374803810591
H           -2.20511246464129        1.58169477327864        1.22117285069469
H           -1.93657443745525       -1.52468509109296        0.86471964740583
H            0.58527360958001       -2.71154783521304       -0.07109012300258
H            3.25583770814481        0.95553299225138        0.08963360286678
20
 energy: -36.132950493270 gnorm: 0.000057294726 xtb: 6.7.1 (41059b4)
C            0.61797893130172        1.68585791985638       -0.06520161525982
C            1.42168999832371        0.38885025432305       -0.26128174557008
H            1.66388842758014        0.24780554000637       -1.32353149503945
C            0.56986651060077       -0.80279074460719        0.18695687337156
H            0.43875097410969       -0.74182081513792        1.27952017640340
C           -0.81012579028736       -0.75496064375819       -0.49490843833328
H           -0.67705422769457       -0.93589532940772       -1.56695825657271
C           -1.46774783099862        0.61988894364280       -0.29626328866305
H           -2.36449895764660        0.69996441640899       -0.93108395133538
O           -0.63858930690656        1.66241045983982       -0.71742273550537
O           -1.81339158668470        0.71630080902037        1.05889030843675
O           -1.63318340955606       -1.78510533872034       -0.01519253872796
O            1.22541089316076       -1.99380487368788       -0.16149267544694
O            2.58512053431567        0.42303647871412        0.52813873535788
H            1.14774573172867        2.53959263648120       -0.49195387070359
H            0.48875878290703        1.84408593997765        1.01386252068926
H           -2.20548367803356        1.58196086755360        1.22078992877784
H           -1.93615304765746       -1.52453237438751        0.86535241167454
H            0.58441110932737       -2.71146457382299       -0.07185538208629
H            3.25512079650685        0.95737755646694        0.09022146001655
20
 energy: -36.132950528429 gnorm: 0.000069188080 xtb: 6.7.1 (41059b4)
C            0.61816134958322        1.68566208678559       -0.06522438752835
C            1.42177836870669        0.38862243467810       -0.26144386494581
H            1.66386468997241        0.24760379640182       -1.32374433861587
C            0.56996175000231       -0.80295804093707        0.18693052070126
H            0.43898019290710       -0.74192984630510        1.27951958723637
C           -0.81009307214079       -0.75494721891995       -0.49480075822604
H           -0.67714697043988       -0.93602615604172       -1.56684866609807
C           -1.46764328472314        0.61996476804162       -0.29627846431526
H           -2.36437925372458        0.70006322264320       -0.93110414338758
O           -0.63837585909677        1.66236404430781       -0.71750406326610
O           -1.81327774049622        0.71654954342801        1.05886599812169
O           -1.63316973515747       -1.78495447436558       -0.01486643158932
O            1.22527462367421       -1.99409033072375       -0.16154837562404
O            2.58530932894970        0.42261020331563        0.52780022406554
H            1.14799286546707        2.53943915412958       -0.49182286934220
H            0.48884371539312        1.84375299527781        1.01384940014142
H           -2.20606774562550        1.58194522879699        1.22053228518417
H           -1.93589654482927       -1.52433212002601        0.86574751297105
H            0.58397723809802       -2.71154928902714       -0.07238224232424
H            3.25442093787666        0.95896712730171        0.09090949832524
