#========================================================================================
#                     Free energy perturbation    
#----------------------------------------------------------------------------------------
#forward/backward          λ              ΔΔA                 ΔA                  δε   
#                                                 
#----------------------------------------------------------------------------------------
forward:               0.0000              0.0000              0.0000              0.0000  
forward:               0.0500              1.0333              1.0333              0.0131  
forward:               0.1000              0.6810              1.7142              0.0177  
forward:               0.1500              0.4157              2.1299              0.0195  
forward:               0.2000              0.2606              2.3905              0.0207  
forward:               0.2500              0.1621              2.5526              0.0215  
forward:               0.3000              0.1037              2.6563              0.0219  
forward:               0.3500              0.0628              2.7191              0.0224  
forward:               0.4000              0.0223              2.7414              0.0229  
forward:               0.4500              0.0032              2.7447              0.0233  
forward:               0.5000             -0.0145              2.7302              0.0237  
forward:               0.5500             -0.1232              2.6070              0.0242  
forward:               0.6000             -0.2954              2.3116              0.0247  
forward:               0.6500             -0.4639              1.8477              0.0250  
forward:               0.7000             -0.6096              1.2381              0.0254  
forward:               0.7500             -0.6952              0.5429              0.0258  
forward:               0.8000             -0.7497             -0.2067              0.0262  
forward:               0.8500             -0.7794             -0.9862              0.0265  
forward:               0.9000             -0.7992             -1.7853              0.0268  
forward:               0.9500             -0.8001             -2.5855              0.0271  
forward:               1.0000             -0.7907             -3.3762              0.0274  
backward:              1.0000              0.0000             -3.3762              0.0000  
backward:              0.9500              0.7819             -2.5943              0.0058  
backward:              0.9000              0.7857             -1.8086              0.0102  
backward:              0.8500              0.7889             -1.0196              0.0115  
backward:              0.8000              0.7875             -0.2321              0.0128  
backward:              0.7500              0.7561              0.5240              0.0141  
backward:              0.7000              0.6827              1.2067              0.0153  
backward:              0.6500              0.5973              1.8040              0.0165  
backward:              0.6000              0.4558              2.2597              0.0175  
backward:              0.5500              0.3054              2.5652              0.0186  
backward:              0.5000              0.1178              2.6829              0.0194  
backward:              0.4500              0.0130              2.6960              0.0212  
backward:              0.4000             -0.0091              2.6869              0.0217  
backward:              0.3500             -0.0279              2.6590              0.0223  
backward:              0.3000             -0.0646              2.5943              0.0232  
backward:              0.2500             -0.1033              2.4911              0.0242  
backward:              0.2000             -0.1705              2.3205              0.0252  
backward:              0.1500             -0.2566              2.0639              0.0270  
backward:              0.1000             -0.4237              1.6402              0.0290  
backward:              0.0500             -0.6832              0.9570              0.0439  
backward:              0.0000             -1.1220             -0.1650              0.0591  
Inaccuracy estimation
======================================================================================================
                   i        i+δi          P0_overlap_P1   δε(forward)/ε   δε(backward)/ε
======================================================================================================
inaccuracy:  0.00000        0.05000           48.31           -0.02            0.90
inaccuracy:  0.05000        0.10000           53.59           -0.02            0.66
inaccuracy:  0.10000        0.15000           61.65           -0.02            0.38
inaccuracy:  0.15000        0.20000           66.37           -0.01            0.26
inaccuracy:  0.20000        0.25000           70.01           -0.01            0.18
inaccuracy:  0.25000        0.30000           71.20           -0.02            0.16
inaccuracy:  0.30000        0.35000           73.30           -0.01            0.13
inaccuracy:  0.35000        0.40000           74.77           -0.01            0.11
inaccuracy:  0.40000        0.45000           75.42           -0.01            0.10
inaccuracy:  0.45000        0.50000           75.38           -0.01            0.10
inaccuracy:  0.50000        0.55000           68.39           -0.06            0.13
inaccuracy:  0.55000        0.60000           67.59           -0.08            0.10
inaccuracy:  0.60000        0.65000           69.13           -0.08            0.09
inaccuracy:  0.65000        0.70000           69.55           -0.08            0.07
inaccuracy:  0.70000        0.75000           69.75           -0.06            0.06
inaccuracy:  0.75000        0.80000           67.92           -0.09            0.06
inaccuracy:  0.80000        0.85000           68.70           -0.09            0.05
inaccuracy:  0.85000        0.90000           69.60           -0.07            0.06
inaccuracy:  0.90000        0.95000           68.98           -0.07            0.06
inaccuracy:  0.95000        1.00000           68.44           -0.07            0.07
===================================================================================================================================
                BAR        
-----------------------------------------------------------------------------------------------------------------------------------
BAR-estimator:         λ             λ+δλ          ΔΔA             ΔA            C               Δδe            δe       
                          
-----------------------------------------------------------------------------------------------------------------------------------
BAR-estimator:      0.00000        0.05000        1.0578         1.0578         1.0578         0.0075         0.0075 
BAR-estimator:      0.05000        0.10000        0.6761         1.7340         0.6761         0.0066         0.0100 
BAR-estimator:      0.10000        0.15000        0.4204         2.1544         0.4204         0.0054         0.0114 
BAR-estimator:      0.15000        0.20000        0.2608         2.4152         0.2608         0.0050         0.0124 
BAR-estimator:      0.20000        0.25000        0.1659         2.5811         0.1659         0.0038         0.0130 
BAR-estimator:      0.25000        0.30000        0.1015         2.6826         0.1015         0.0037         0.0135 
BAR-estimator:      0.30000        0.35000        0.0636         2.7461         0.0636         0.0034         0.0139 
BAR-estimator:      0.35000        0.40000        0.0250         2.7712         0.0250         0.0034         0.0143 
BAR-estimator:      0.40000        0.45000        0.0063         2.7774         0.0063         0.0029         0.0146 
BAR-estimator:      0.45000        0.50000       -0.0135         2.7640        -0.0135         0.0028         0.0149 
BAR-estimator:      0.50000        0.55000       -0.1178         2.6462        -0.1178         0.0036         0.0153 
BAR-estimator:      0.55000        0.60000       -0.2990         2.3472        -0.2990         0.0032         0.0157 
BAR-estimator:      0.60000        0.65000       -0.4582         1.8890        -0.4582         0.0033         0.0160 
BAR-estimator:      0.65000        0.70000       -0.6033         1.2857        -0.6033         0.0034         0.0164 
BAR-estimator:      0.70000        0.75000       -0.6894         0.5963        -0.6894         0.0033         0.0167 
BAR-estimator:      0.75000        0.80000       -0.7532        -0.1568        -0.7532         0.0033         0.0170 
BAR-estimator:      0.80000        0.85000       -0.7855        -0.9423        -0.7855         0.0035         0.0174 
BAR-estimator:      0.85000        0.90000       -0.7941        -1.7365        -0.7941         0.0033         0.0177 
BAR-estimator:      0.90000        0.95000       -0.7966        -2.5331        -0.7966         0.0035         0.0180 
BAR-estimator:      0.95000        1.00000       -0.7876        -3.3207        -0.7876         0.0033         0.0183 
BAR-estimator: total free energy change is -3.3207056880302277 , total error is 0.018332369926523706
