14
 energy: -307.634544643926 gnorm: 0.005062186003 xtb: 6.7.1 (41059b4)
C           -2.48418362302182        0.07379775042876        0.37651896409364
C           -1.23391032325531        0.68941072024870       -0.23740970334597
C            0.03111305547335        0.00314507315493        0.21374113268377
O            0.09673677663572       -0.95445452923674        0.94931690219184
O            1.12285111093693        0.61556035387752       -0.31893421930212
C            2.38482530253816        0.02564093228296        0.05210887073513
H           -2.43320549760384        0.09712540543198        1.46865300941295
H           -3.37361602838520        0.62351858779611        0.05614510802468
H           -2.59334914310322       -0.97179924736826        0.07557777818266
H           -1.14233252309152        1.75400596026263        0.00971550071097
H           -1.25976531246568        0.64470283690812       -1.33344357186532
H            3.14651157948320        0.63312684662079       -0.43905342468335
H            2.43768829822041       -1.01218295178560       -0.29190099658629
H            2.51425108189003        0.04776523757501        1.13878986203072
14
 energy: -307.634564813138 gnorm: 0.002641730824 xtb: 6.7.1 (41059b4)
C           -2.48394552233188        0.07363706198077        0.37591025706719
C           -1.23422991265805        0.69028870634276       -0.23665710034116
C            0.03183015772389        0.00586159510169        0.21603098665837
O            0.09645963284263       -0.95410031598956        0.94688564861288
O            1.12225101478756        0.61434075632389       -0.31857732295211
C            2.38500564940410        0.02465907197647        0.05162552291040
H           -2.43483370262786        0.09932776601488        1.46725471127344
H           -3.37451360991433        0.61976867451273        0.05367684453416
H           -2.58990565347314       -0.97219131660639        0.07753397575099
H           -1.14374295803889        1.75427692885574        0.01215389621265
H           -1.25941702842487        0.64717639015169       -1.33251215653422
H            3.14617597393226        0.63078125575392       -0.44003629617485
H            2.43773992452143       -1.01262285840482       -0.29059877401337
H            2.51474063441834        0.04815918429196        1.13713537722595
14
 energy: -307.634573592307 gnorm: 0.001315592126 xtb: 6.7.1 (41059b4)
C           -2.48314482091897        0.07364184983958        0.37597104202696
C           -1.23444832358051        0.69180282993311       -0.23596758543091
C            0.03229932017533        0.00508913542873        0.21344777782470
O            0.09569299414601       -0.95410370903122        0.94491324534442
O            1.12150765734213        0.61267008616123       -0.31901961794431
C            2.38494642146848        0.02396198431328        0.05181366818106
H           -2.43640127579152        0.10255498660241        1.46682998401123
H           -3.37494256243642        0.61563252094902        0.05078272396245
H           -2.58526591798736       -0.97296211167336        0.08068516642318
H           -1.14410813760836        1.75519866714771        0.01485928450591
H           -1.26005452012924        0.65068825208192       -1.33163989070474
H            3.14545257227292        0.62954646555478       -0.44024831957450
H            2.43786858850768       -1.01299808419749       -0.28923212700357
H            2.51421253448942        0.04863987072652        1.13663036561721
14
 energy: -307.634578653587 gnorm: 0.000937826247 xtb: 6.7.1 (41059b4)
C           -2.48219280041375        0.07303950893490        0.37571902610739
C           -1.23447169016815        0.69380141291479       -0.23522047049876
C            0.03263594427514        0.00574490534787        0.21314158406405
O            0.09449762480663       -0.95484414992816        0.94383786319010
O            1.12114841829929        0.61194707788458       -0.31948328946964
C            2.38476290749132        0.02285960688652        0.05152295336654
H           -2.43877949049419        0.10661540013276        1.46679767199649
H           -3.37521174552441        0.61039897732055        0.04568414474927
H           -2.57921029770017       -0.97532802060885        0.08429691014679
H           -1.14440240255271        1.75657574244686        0.01864079484801
H           -1.26026832846472        0.65572932330416       -1.33106519126359
H            3.14467347273046        0.62820650650064       -0.44212027556235
H            2.43654742564444       -1.01468460394752       -0.28841795123174
H            2.51388525750325        0.04930090374660        1.13649239264900
14
 energy: -307.634582342960 gnorm: 0.001242145746 xtb: 6.7.1 (41059b4)
C           -2.48223009662748        0.07248194060086        0.37515568379853
C           -1.23456155573171        0.69569258095847       -0.23362024204967
C            0.03277316605479        0.00630925327127        0.21246480646169
O            0.09391293376450       -0.95479848071289        0.94317234564907
O            1.12147744280852        0.61202479155083       -0.32024275328400
C            2.38504452619070        0.02177320463450        0.05076651355218
H           -2.44352123620494        0.11204794111704        1.46652044183811
H           -3.37664882712281        0.60361408095288        0.03839100649638
H           -2.57222910440017       -0.97821563177048        0.08890919683083
H           -1.14465496250210        1.75762585041844        0.02439600465562
H           -1.26046620907992        0.66178025542147       -1.32970629482236
H            3.14518665426094        0.62585724817883       -0.44456863266569
H            2.43489516465071       -1.01661296157898       -0.28776661482655
H            2.51463606656546        0.04978238939066        1.13595543086491
14
 energy: -307.634584398394 gnorm: 0.000728645284 xtb: 6.7.1 (41059b4)
C           -2.48215482398663        0.07171608271783        0.37459899525364
C           -1.23441473953284        0.69687084817641       -0.23237527831215
C            0.03261223064666        0.00715865974922        0.21340190404419
O            0.09413630563073       -0.95401341537249        0.94381778504555
O            1.12159111613948        0.61264562915616       -0.32038601590629
C            2.38476326147731        0.02111576069908        0.04988765398253
H           -2.44742061554902        0.11492976562784        1.46593136728032
H           -3.37676969212317        0.59925418512517        0.03309616944566
H           -2.56824477900734       -0.98010342667047        0.09153631372641
H           -1.14499697124275        1.75824619535844        0.02823002491600
H           -1.25982193615811        0.66569479470218       -1.32855299708272
H            3.14535453156719        0.62362653666850       -0.44662694888554
H            2.43321303154630       -1.01765546189811       -0.28762043300220
H            2.51576674491258        0.04987627692462        1.13488899631179
14
 energy: -307.634584398394 gnorm: 0.000728645284 xtb: 6.7.1 (41059b4)
C           -2.48215482398663        0.07171608271783        0.37459899525364
C           -1.23441473953284        0.69687084817641       -0.23237527831215
C            0.03261223064666        0.00715865974922        0.21340190404419
O            0.09413630563073       -0.95401341537249        0.94381778504555
O            1.12159111613948        0.61264562915616       -0.32038601590629
C            2.38476326147731        0.02111576069908        0.04988765398253
H           -2.44742061554902        0.11492976562784        1.46593136728032
H           -3.37676969212317        0.59925418512517        0.03309616944566
H           -2.56824477900734       -0.98010342667047        0.09153631372641
H           -1.14499697124275        1.75824619535844        0.02823002491600
H           -1.25982193615811        0.66569479470218       -1.32855299708272
H            3.14535453156719        0.62362653666850       -0.44662694888554
H            2.43321303154630       -1.01765546189811       -0.28762043300220
H            2.51576674491258        0.04987627692462        1.13488899631179
