#========================================================================================
#                     Free energy perturbation    
#----------------------------------------------------------------------------------------
#forward/backward          λ              ΔΔA                 ΔA                  δε   
#                                                 
#----------------------------------------------------------------------------------------
forward:               0.0000              0.0000              0.0000              0.0000  
forward:               0.0500              2.6080              2.6080              0.0304  
forward:               0.1000              1.3286              3.9365              0.0376  
forward:               0.1500              0.6229              4.5594              0.0410  
forward:               0.2000              0.2909              4.8503              0.0421  
forward:               0.2500              0.1123              4.9626              0.0426  
forward:               0.3000              0.0061              4.9687              0.0431  
forward:               0.3500             -0.0585              4.9102              0.0436  
forward:               0.4000             -0.1037              4.8065              0.0438  
forward:               0.4500             -0.1483              4.6582              0.0440  
forward:               0.5000             -0.1728              4.4854              0.0442  
forward:               0.5500             -0.2231              4.2623              0.0444  
forward:               0.6000             -0.2806              3.9817              0.0445  
forward:               0.6500             -0.3326              3.6491              0.0447  
forward:               0.7000             -0.3714              3.2777              0.0448  
forward:               0.7500             -0.4038              2.8739              0.0449  
forward:               0.8000             -0.4392              2.4347              0.0451  
forward:               0.8500             -0.4636              1.9712              0.0452  
forward:               0.9000             -0.4825              1.4886              0.0453  
forward:               0.9500             -0.5027              0.9859              0.0454  
forward:               1.0000             -0.5147              0.4712              0.0455  
backward:              1.0000              0.0000              0.4712              0.0000  
backward:              0.9500              0.5223              0.9935              0.0032  
backward:              0.9000              0.5004              1.4939              0.0050  
backward:              0.8500              0.4834              1.9773              0.0063  
backward:              0.8000              0.4595              2.4368              0.0075  
backward:              0.7500              0.4375              2.8743              0.0085  
backward:              0.7000              0.3969              3.2712              0.0091  
backward:              0.6500              0.3729              3.6440              0.0101  
backward:              0.6000              0.3332              3.9772              0.0111  
backward:              0.5500              0.2829              4.2601              0.0122  
backward:              0.5000              0.2283              4.4884              0.0132  
backward:              0.4500              0.1726              4.6610              0.0143  
backward:              0.4000              0.1565              4.8176              0.0152  
backward:              0.3500              0.1316              4.9492              0.0160  
backward:              0.3000              0.0501              4.9994              0.0171  
backward:              0.2500             -0.0052              4.9942              0.0185  
backward:              0.2000             -0.1058              4.8883              0.0207  
backward:              0.1500             -0.3046              4.5837              0.0281  
backward:              0.1000             -0.6269              3.9568              0.0337  
backward:              0.0500             -1.3596              2.5972              0.0465  
backward:              0.0000             -2.5005              0.0967              0.0633  
Inaccuracy estimation
======================================================================================================
                   i        i+δi          P0_overlap_P1   δε(forward)/ε   δε(backward)/ε
======================================================================================================
inaccuracy:  0.00000        0.05000           24.65            0.09            3.76
inaccuracy:  0.05000        0.10000           38.63           -0.05            1.66
inaccuracy:  0.10000        0.15000           50.30           -0.03            0.78
inaccuracy:  0.15000        0.20000           60.12           -0.02            0.38
inaccuracy:  0.20000        0.25000           66.50           -0.02            0.25
inaccuracy:  0.25000        0.30000           69.72           -0.02            0.16
inaccuracy:  0.30000        0.35000           72.50           -0.02            0.13
inaccuracy:  0.35000        0.40000           71.17           -0.02            0.12
inaccuracy:  0.40000        0.45000           74.08           -0.02            0.10
inaccuracy:  0.45000        0.50000           74.50           -0.02            0.09
inaccuracy:  0.50000        0.55000           72.29           -0.04            0.09
inaccuracy:  0.55000        0.60000           73.37           -0.03            0.08
inaccuracy:  0.60000        0.65000           74.07           -0.04            0.07
inaccuracy:  0.65000        0.70000           74.20           -0.03            0.06
inaccuracy:  0.70000        0.75000           75.22           -0.03            0.06
inaccuracy:  0.75000        0.80000           75.18           -0.02            0.06
inaccuracy:  0.80000        0.85000           75.17           -0.04            0.05
inaccuracy:  0.85000        0.90000           74.73           -0.04            0.05
inaccuracy:  0.90000        0.95000           75.19           -0.04            0.05
inaccuracy:  0.95000        1.00000           73.87           -0.03            0.05
===================================================================================================================================
                BAR        
-----------------------------------------------------------------------------------------------------------------------------------
BAR-estimator:         λ             λ+δλ          ΔΔA             ΔA            C               Δδe            δe       
                          
-----------------------------------------------------------------------------------------------------------------------------------
BAR-estimator:      0.00000        0.05000        2.6022         2.6022         2.6022         0.0133         0.0133 
BAR-estimator:      0.05000        0.10000        1.3638         3.9661         1.3638         0.0119         0.0178 
BAR-estimator:      0.10000        0.15000        0.6261         4.5922         0.6261         0.0093         0.0201 
BAR-estimator:      0.15000        0.20000        0.2886         4.8809         0.2886         0.0054         0.0208 
BAR-estimator:      0.20000        0.25000        0.1141         4.9949         0.1141         0.0046         0.0213 
BAR-estimator:      0.25000        0.30000        0.0080         5.0029         0.0080         0.0037         0.0216 
BAR-estimator:      0.30000        0.35000       -0.0540         4.9490        -0.0540         0.0042         0.0220 
BAR-estimator:      0.35000        0.40000       -0.1127         4.8363        -0.1127         0.0030         0.0222 
BAR-estimator:      0.40000        0.45000       -0.1498         4.6865        -0.1498         0.0032         0.0225 
BAR-estimator:      0.45000        0.50000       -0.1746         4.5119        -0.1746         0.0029         0.0227 
BAR-estimator:      0.50000        0.55000       -0.2251         4.2868        -0.2251         0.0029         0.0228 
BAR-estimator:      0.55000        0.60000       -0.2817         4.0051        -0.2817         0.0025         0.0230 
BAR-estimator:      0.60000        0.65000       -0.3342         3.6709        -0.3342         0.0027         0.0231 
BAR-estimator:      0.65000        0.70000       -0.3729         3.2980        -0.3729         0.0026         0.0233 
BAR-estimator:      0.70000        0.75000       -0.4019         2.8961        -0.4019         0.0027         0.0234 
BAR-estimator:      0.75000        0.80000       -0.4366         2.4596        -0.4366         0.0028         0.0236 
BAR-estimator:      0.80000        0.85000       -0.4617         1.9979        -0.4617         0.0028         0.0238 
BAR-estimator:      0.85000        0.90000       -0.4820         1.5159        -0.4820         0.0029         0.0239 
BAR-estimator:      0.90000        0.95000       -0.5019         1.0140        -0.5019         0.0028         0.0241 
BAR-estimator:      0.95000        1.00000       -0.5195         0.4945        -0.5195         0.0026         0.0242 
BAR-estimator: total free energy change is 0.4945096045671197 , total error is 0.02423814592872787
