#========================================================================================
#                     Free energy perturbation    
#----------------------------------------------------------------------------------------
#forward/backward          λ              ΔΔA                 ΔA                  δε   
#                                                 
#----------------------------------------------------------------------------------------
forward:               0.0000              0.0000              0.0000              0.0000  
forward:               0.0500              1.6662              1.6662              0.0207  
forward:               0.1000              0.9590              2.6252              0.0253  
forward:               0.1500              0.4966              3.1218              0.0281  
forward:               0.2000              0.3010              3.4229              0.0304  
forward:               0.2500              0.1643              3.5871              0.0311  
forward:               0.3000              0.0919              3.6791              0.0317  
forward:               0.3500              0.0463              3.7254              0.0322  
forward:               0.4000              0.0070              3.7323              0.0326  
forward:               0.4500             -0.0174              3.7149              0.0329  
forward:               0.5000             -0.0376              3.6774              0.0331  
forward:               0.5500             -0.0736              3.6038              0.0335  
forward:               0.6000             -0.1745              3.4293              0.0338  
forward:               0.6500             -0.2629              3.1664              0.0341  
forward:               0.7000             -0.3404              2.8260              0.0344  
forward:               0.7500             -0.4134              2.4126              0.0347  
forward:               0.8000             -0.4497              1.9629              0.0350  
forward:               0.8500             -0.4972              1.4657              0.0352  
forward:               0.9000             -0.5347              0.9310              0.0355  
forward:               0.9500             -0.5460              0.3850              0.0357  
forward:               1.0000             -0.5696             -0.1846              0.0360  
backward:              1.0000              0.0000             -0.1846              0.0000  
backward:              0.9500              0.5596              0.3749              0.0039  
backward:              0.9000              0.5590              0.9339              0.0065  
backward:              0.8500              0.5216              1.4556              0.0084  
backward:              0.8000              0.4987              1.9542              0.0105  
backward:              0.7500              0.4506              2.4048              0.0120  
backward:              0.7000              0.4061              2.8109              0.0131  
backward:              0.6500              0.3317              3.1425              0.0143  
backward:              0.6000              0.2735              3.4161              0.0149  
backward:              0.5500              0.1723              3.5884              0.0165  
backward:              0.5000              0.0745              3.6628              0.0176  
backward:              0.4500              0.0436              3.7064              0.0185  
backward:              0.4000              0.0122              3.7186              0.0192  
backward:              0.3500             -0.0127              3.7060              0.0208  
backward:              0.3000             -0.0587              3.6472              0.0217  
backward:              0.2500             -0.0926              3.5547              0.0223  
backward:              0.2000             -0.1841              3.3705              0.0238  
backward:              0.1500             -0.2840              3.0865              0.0259  
backward:              0.1000             -0.5071              2.5794              0.0306  
backward:              0.0500             -0.9838              1.5956              0.0396  
backward:              0.0000             -1.5907              0.0049              0.0467  
Inaccuracy estimation
======================================================================================================
                   i        i+δi          P0_overlap_P1   δε(forward)/ε   δε(backward)/ε
======================================================================================================
inaccuracy:  0.00000        0.05000           35.78           -0.03            1.71
inaccuracy:  0.05000        0.10000           46.27           -0.03            1.04
inaccuracy:  0.10000        0.15000           57.56           -0.02            0.53
inaccuracy:  0.15000        0.20000           63.08           -0.02            0.32
inaccuracy:  0.20000        0.25000           69.15           -0.01            0.20
inaccuracy:  0.25000        0.30000           69.79           -0.01            0.17
inaccuracy:  0.30000        0.35000           72.70           -0.01            0.15
inaccuracy:  0.35000        0.40000           72.27           -0.02            0.12
inaccuracy:  0.40000        0.45000           73.89           -0.01            0.11
inaccuracy:  0.45000        0.50000           73.31           -0.02            0.10
inaccuracy:  0.50000        0.55000           69.21           -0.05            0.13
inaccuracy:  0.55000        0.60000           70.51           -0.04            0.11
inaccuracy:  0.60000        0.65000           70.13           -0.05            0.09
inaccuracy:  0.65000        0.70000           71.63           -0.04            0.08
inaccuracy:  0.70000        0.75000           72.34           -0.05            0.08
inaccuracy:  0.75000        0.80000           71.13           -0.05            0.08
inaccuracy:  0.80000        0.85000           70.63           -0.05            0.07
inaccuracy:  0.85000        0.90000           72.15           -0.05            0.07
inaccuracy:  0.90000        0.95000           70.37           -0.06            0.07
inaccuracy:  0.95000        1.00000           71.92           -0.05            0.07
===================================================================================================================================
                BAR        
-----------------------------------------------------------------------------------------------------------------------------------
BAR-estimator:         λ             λ+δλ          ΔΔA             ΔA            C               Δδe            δe       
                          
-----------------------------------------------------------------------------------------------------------------------------------
BAR-estimator:      0.00000        0.05000        1.6597         1.6597         1.6597         0.0108         0.0108 
BAR-estimator:      0.05000        0.10000        0.9675         2.6273         0.9675         0.0086         0.0138 
BAR-estimator:      0.10000        0.15000        0.5061         3.1334         0.5061         0.0072         0.0156 
BAR-estimator:      0.15000        0.20000        0.2975         3.4309         0.2975         0.0074         0.0172 
BAR-estimator:      0.20000        0.25000        0.1715         3.6024         0.1715         0.0047         0.0179 
BAR-estimator:      0.25000        0.30000        0.0926         3.6950         0.0926         0.0029         0.0181 
BAR-estimator:      0.30000        0.35000        0.0516         3.7466         0.0516         0.0039         0.0185 
BAR-estimator:      0.35000        0.40000        0.0048         3.7514         0.0048         0.0037         0.0189 
BAR-estimator:      0.40000        0.45000       -0.0148         3.7366        -0.0148         0.0030         0.0191 
BAR-estimator:      0.45000        0.50000       -0.0393         3.6973        -0.0393         0.0029         0.0193 
BAR-estimator:      0.50000        0.55000       -0.0756         3.6217        -0.0756         0.0036         0.0197 
BAR-estimator:      0.55000        0.60000       -0.1766         3.4451        -0.1766         0.0033         0.0199 
BAR-estimator:      0.60000        0.65000       -0.2668         3.1784        -0.2668         0.0037         0.0203 
BAR-estimator:      0.65000        0.70000       -0.3378         2.8406        -0.3378         0.0029         0.0205 
BAR-estimator:      0.70000        0.75000       -0.4089         2.4317        -0.4089         0.0032         0.0207 
BAR-estimator:      0.75000        0.80000       -0.4503         1.9814        -0.4503         0.0032         0.0210 
BAR-estimator:      0.80000        0.85000       -0.5007         1.4807        -0.5007         0.0034         0.0213 
BAR-estimator:      0.85000        0.90000       -0.5303         0.9504        -0.5303         0.0034         0.0215 
BAR-estimator:      0.90000        0.95000       -0.5512         0.3992        -0.5512         0.0031         0.0218 
BAR-estimator:      0.95000        1.00000       -0.5674        -0.1682        -0.5674         0.0030         0.0220 
BAR-estimator: total free energy change is -0.16819819855494245 , total error is 0.021960346385357914
