#========================================================================================
#                     Free energy perturbation    
#----------------------------------------------------------------------------------------
#forward/backward          λ              ΔΔA                 ΔA                  δε   
#                                                 
#----------------------------------------------------------------------------------------
forward:               0.0000              0.0000              0.0000              0.0000  
forward:               0.0500              2.0859              2.0859              0.0237  
forward:               0.1000              1.1983              3.2842              0.0296  
forward:               0.1500              0.5908              3.8750              0.0332  
forward:               0.2000              0.2839              4.1588              0.0344  
forward:               0.2500              0.1200              4.2788              0.0354  
forward:               0.3000              0.0497              4.3285              0.0362  
forward:               0.3500             -0.0064              4.3221              0.0366  
forward:               0.4000             -0.0666              4.2555              0.0372  
forward:               0.4500             -0.1003              4.1552              0.0377  
forward:               0.5000             -0.1257              4.0295              0.0380  
forward:               0.5500             -0.2833              3.7462              0.0386  
forward:               0.6000             -0.5777              3.1686              0.0392  
forward:               0.6500             -0.8583              2.3103              0.0398  
forward:               0.7000             -1.1011              1.2091              0.0403  
forward:               0.7500             -1.2641             -0.0550              0.0407  
forward:               0.8000             -1.3729             -1.4279              0.0411  
forward:               0.8500             -1.4447             -2.8727              0.0415  
forward:               0.9000             -1.5042             -4.3769              0.0419  
forward:               0.9500             -1.5228             -5.8996              0.0422  
forward:               1.0000             -1.5497             -7.4493              0.0425  
backward:              1.0000              0.0000             -7.4493              0.0000  
backward:              0.9500              1.5358             -5.9135              0.0074  
backward:              0.9000              1.5251             -4.3884              0.0106  
backward:              0.8500              1.4877             -2.9007              0.0127  
backward:              0.8000              1.4426             -1.4581              0.0157  
backward:              0.7500              1.3683             -0.0897              0.0169  
backward:              0.7000              1.2541              1.1644              0.0188  
backward:              0.6500              1.0815              2.2459              0.0221  
backward:              0.6000              0.8490              3.0949              0.0235  
backward:              0.5500              0.5667              3.6616              0.0246  
backward:              0.5000              0.2777              3.9393              0.0255  
backward:              0.4500              0.1311              4.0704              0.0262  
backward:              0.4000              0.1037              4.1741              0.0270  
backward:              0.3500              0.0634              4.2375              0.0278  
backward:              0.3000              0.0170              4.2545              0.0289  
backward:              0.2500             -0.0530              4.2015              0.0306  
backward:              0.2000             -0.1477              4.0538              0.0324  
backward:              0.1500             -0.2737              3.7801              0.0352  
backward:              0.1000             -0.6070              3.1731              0.0403  
backward:              0.0500             -1.2184              1.9547              0.0716  
backward:              0.0000             -2.1179             -0.1632              0.0837  
Inaccuracy estimation
======================================================================================================
                   i        i+δi          P0_overlap_P1   δε(forward)/ε   δε(backward)/ε
======================================================================================================
inaccuracy:  0.00000        0.05000           30.94           -0.00            2.46
inaccuracy:  0.05000        0.10000           39.40           -0.06            1.50
inaccuracy:  0.10000        0.15000           50.96           -0.03            0.76
inaccuracy:  0.15000        0.20000           59.50           -0.02            0.41
inaccuracy:  0.20000        0.25000           65.83           -0.03            0.24
inaccuracy:  0.25000        0.30000           66.78           -0.03            0.20
inaccuracy:  0.30000        0.35000           67.56           -0.02            0.18
inaccuracy:  0.35000        0.40000           70.17           -0.02            0.14
inaccuracy:  0.40000        0.45000           71.25           -0.02            0.13
inaccuracy:  0.45000        0.50000           71.41           -0.02            0.12
inaccuracy:  0.50000        0.55000           62.47           -0.11            0.17
inaccuracy:  0.55000        0.60000           62.78           -0.14            0.11
inaccuracy:  0.60000        0.65000           61.88           -0.16            0.08
inaccuracy:  0.65000        0.70000           63.09           -0.15            0.05
inaccuracy:  0.70000        0.75000           63.42           -0.16            0.03
inaccuracy:  0.75000        0.80000           62.63           -0.17            0.02
inaccuracy:  0.80000        0.85000           62.66           -0.17            0.02
inaccuracy:  0.85000        0.90000           62.73           -0.14            0.02
inaccuracy:  0.90000        0.95000           62.13           -0.18            0.01
inaccuracy:  0.95000        1.00000           62.41           -0.19            0.01
===================================================================================================================================
                BAR        
-----------------------------------------------------------------------------------------------------------------------------------
BAR-estimator:         λ             λ+δλ          ΔΔA             ΔA            C               Δδe            δe       
                          
-----------------------------------------------------------------------------------------------------------------------------------
BAR-estimator:      0.00000        0.05000        2.1004         2.1004         2.1004         0.0108         0.0108 
BAR-estimator:      0.05000        0.10000        1.1949         3.2953         1.1949         0.0098         0.0146 
BAR-estimator:      0.10000        0.15000        0.6076         3.9029         0.6076         0.0091         0.0172 
BAR-estimator:      0.15000        0.20000        0.2842         4.1870         0.2842         0.0063         0.0183 
BAR-estimator:      0.20000        0.25000        0.1284         4.3154         0.1284         0.0048         0.0190 
BAR-estimator:      0.25000        0.30000        0.0485         4.3639         0.0485         0.0048         0.0196 
BAR-estimator:      0.30000        0.35000       -0.0127         4.3512        -0.0127         0.0039         0.0199 
BAR-estimator:      0.35000        0.40000       -0.0667         4.2845        -0.0667         0.0042         0.0204 
BAR-estimator:      0.40000        0.45000       -0.1002         4.1843        -0.1002         0.0043         0.0208 
BAR-estimator:      0.45000        0.50000       -0.1267         4.0575        -0.1267         0.0035         0.0211 
BAR-estimator:      0.50000        0.55000       -0.2764         3.7811        -0.2764         0.0041         0.0215 
BAR-estimator:      0.55000        0.60000       -0.5694         3.2117        -0.5694         0.0043         0.0219 
BAR-estimator:      0.60000        0.65000       -0.8531         2.3586        -0.8531         0.0042         0.0223 
BAR-estimator:      0.65000        0.70000       -1.0967         1.2618        -1.0967         0.0040         0.0227 
BAR-estimator:      0.70000        0.75000       -1.2619        -0.0000        -1.2619         0.0041         0.0231 
BAR-estimator:      0.75000        0.80000       -1.3716        -1.3716        -1.3716         0.0045         0.0235 
BAR-estimator:      0.80000        0.85000       -1.4431        -2.8147        -1.4431         0.0046         0.0239 
BAR-estimator:      0.85000        0.90000       -1.4979        -4.3127        -1.4979         0.0044         0.0244 
BAR-estimator:      0.90000        0.95000       -1.5257        -5.8383        -1.5257         0.0052         0.0249 
BAR-estimator:      0.95000        1.00000       -1.5449        -7.3832        -1.5449         0.0041         0.0252 
BAR-estimator: total free energy change is -7.38321470077795 , total error is 0.025229703354481672
