#========================================================================================
#                     Free energy perturbation    
#----------------------------------------------------------------------------------------
#forward/backward          λ              ΔΔA                 ΔA                  δε   
#                                                 
#----------------------------------------------------------------------------------------
forward:               0.0000              0.0000              0.0000              0.0000  
forward:               0.0500              1.3800              1.3800              0.0155  
forward:               0.1000              0.7871              2.1671              0.0200  
forward:               0.1500              0.4492              2.6162              0.0221  
forward:               0.2000              0.2526              2.8689              0.0232  
forward:               0.2500              0.1459              3.0147              0.0242  
forward:               0.3000              0.0964              3.1111              0.0247  
forward:               0.3500              0.0436              3.1547              0.0251  
forward:               0.4000              0.0197              3.1745              0.0255  
forward:               0.4500             -0.0126              3.1619              0.0259  
forward:               0.5000             -0.0316              3.1302              0.0262  
forward:               0.5500             -0.0884              3.0419              0.0265  
forward:               0.6000             -0.1506              2.8913              0.0268  
forward:               0.6500             -0.2127              2.6786              0.0270  
forward:               0.7000             -0.2838              2.3948              0.0274  
forward:               0.7500             -0.3005              2.0943              0.0277  
forward:               0.8000             -0.3314              1.7629              0.0283  
forward:               0.8500             -0.3784              1.3844              0.0292  
forward:               0.9000             -0.4153              0.9691              0.0299  
forward:               0.9500             -0.4409              0.5282              0.0304  
forward:               1.0000             -0.4751              0.0531              0.0311  
backward:              1.0000              0.0000              0.0531              0.0000  
backward:              0.9500              0.4552              0.5083              0.0075  
backward:              0.9000              0.4425              0.9509              0.0084  
backward:              0.8500              0.4085              1.3594              0.0102  
backward:              0.8000              0.3732              1.7326              0.0121  
backward:              0.7500              0.3386              2.0711              0.0136  
backward:              0.7000              0.3096              2.3807              0.0143  
backward:              0.6500              0.2598              2.6406              0.0151  
backward:              0.6000              0.2176              2.8582              0.0157  
backward:              0.5500              0.1622              3.0204              0.0163  
backward:              0.5000              0.0844              3.1048              0.0170  
backward:              0.4500              0.0262              3.1310              0.0176  
backward:              0.4000             -0.0010              3.1300              0.0183  
backward:              0.3500             -0.0163              3.1137              0.0190  
backward:              0.3000             -0.0525              3.0612              0.0200  
backward:              0.2500             -0.0961              2.9651              0.0209  
backward:              0.2000             -0.1582              2.8069              0.0221  
backward:              0.1500             -0.2729              2.5339              0.0246  
backward:              0.1000             -0.4237              2.1102              0.0269  
backward:              0.0500             -0.7838              1.3264              0.0365  
backward:              0.0000             -1.4560             -0.1296              0.0649  
Inaccuracy estimation
======================================================================================================
                   i        i+δi          P0_overlap_P1   δε(forward)/ε   δε(backward)/ε
======================================================================================================
inaccuracy:  0.00000        0.05000           39.95           -0.03            1.63
inaccuracy:  0.05000        0.10000           51.09           -0.02            0.78
inaccuracy:  0.10000        0.15000           59.86           -0.02            0.42
inaccuracy:  0.15000        0.20000           67.62           -0.01            0.24
inaccuracy:  0.20000        0.25000           72.19           -0.01            0.16
inaccuracy:  0.25000        0.30000           73.38           -0.01            0.14
inaccuracy:  0.30000        0.35000           75.82           -0.00            0.11
inaccuracy:  0.35000        0.40000           75.31           -0.01            0.09
inaccuracy:  0.40000        0.45000           77.75           -0.01            0.08
inaccuracy:  0.45000        0.50000           77.68           -0.01            0.08
inaccuracy:  0.50000        0.55000           74.22           -0.03            0.09
inaccuracy:  0.55000        0.60000           72.98           -0.02            0.08
inaccuracy:  0.60000        0.65000           74.63           -0.03            0.07
inaccuracy:  0.65000        0.70000           77.96           -0.02            0.06
inaccuracy:  0.70000        0.75000           74.60           -0.04            0.06
inaccuracy:  0.75000        0.80000           74.92           -0.03            0.06
inaccuracy:  0.80000        0.85000           75.84           -0.03            0.06
inaccuracy:  0.85000        0.90000           75.49           -0.03            0.05
inaccuracy:  0.90000        0.95000           74.68           -0.03            0.06
inaccuracy:  0.95000        1.00000           77.16           -0.03            0.05
===================================================================================================================================
                BAR        
-----------------------------------------------------------------------------------------------------------------------------------
BAR-estimator:         λ             λ+δλ          ΔΔA             ΔA            C               Δδe            δe       
                          
-----------------------------------------------------------------------------------------------------------------------------------
BAR-estimator:      0.00000        0.05000        1.3702         1.3702         1.3702         0.0110         0.0110 
BAR-estimator:      0.05000        0.10000        0.7848         2.1550         0.7848         0.0075         0.0133 
BAR-estimator:      0.10000        0.15000        0.4386         2.5936         0.4386         0.0071         0.0151 
BAR-estimator:      0.15000        0.20000        0.2535         2.8471         0.2535         0.0055         0.0161 
BAR-estimator:      0.20000        0.25000        0.1520         2.9991         0.1520         0.0045         0.0167 
BAR-estimator:      0.25000        0.30000        0.0968         3.0959         0.0968         0.0035         0.0170 
BAR-estimator:      0.30000        0.35000        0.0473         3.1432         0.0473         0.0031         0.0173 
BAR-estimator:      0.35000        0.40000        0.0173         3.1605         0.0173         0.0031         0.0176 
BAR-estimator:      0.40000        0.45000       -0.0075         3.1530        -0.0075         0.0030         0.0179 
BAR-estimator:      0.45000        0.50000       -0.0298         3.1232        -0.0298         0.0026         0.0180 
BAR-estimator:      0.50000        0.55000       -0.0851         3.0381        -0.0851         0.0033         0.0183 
BAR-estimator:      0.55000        0.60000       -0.1553         2.8828        -0.1553         0.0030         0.0186 
BAR-estimator:      0.60000        0.65000       -0.2150         2.6677        -0.2150         0.0026         0.0188 
BAR-estimator:      0.65000        0.70000       -0.2704         2.3973        -0.2704         0.0032         0.0190 
BAR-estimator:      0.70000        0.75000       -0.3065         2.0908        -0.3065         0.0029         0.0193 
BAR-estimator:      0.75000        0.80000       -0.3367         1.7542        -0.3367         0.0034         0.0196 
BAR-estimator:      0.80000        0.85000       -0.3748         1.3794        -0.3748         0.0042         0.0200 
BAR-estimator:      0.85000        0.90000       -0.4119         0.9675        -0.4119         0.0042         0.0205 
BAR-estimator:      0.90000        0.95000       -0.4406         0.5268        -0.4406         0.0039         0.0208 
BAR-estimator:      0.95000        1.00000       -0.4646         0.0622        -0.4646         0.0032         0.0211 
BAR-estimator: total free energy change is 0.062238498326441516 , total error is 0.021083336408675057
