#========================================================================================
#                     Free energy perturbation    
#----------------------------------------------------------------------------------------
#forward/backward          λ              ΔΔA                 ΔA                  δε   
#                                                 
#----------------------------------------------------------------------------------------
forward:               0.0000              0.0000              0.0000              0.0000  
forward:               0.0500              0.3400              0.3400              0.0052  
forward:               0.1000              0.2355              0.5755              0.0071  
forward:               0.1500              0.1721              0.7476              0.0079  
forward:               0.2000              0.1460              0.8936              0.0084  
forward:               0.2500              0.1195              1.0131              0.0090  
forward:               0.3000              0.0943              1.1073              0.0098  
forward:               0.3500              0.0840              1.1913              0.0102  
forward:               0.4000              0.0761              1.2674              0.0106  
forward:               0.4500              0.0671              1.3345              0.0110  
forward:               0.5000              0.0542              1.3887              0.0113  
forward:               0.5500             -0.0484              1.3403              0.0118  
forward:               0.6000             -0.2130              1.1272              0.0123  
forward:               0.6500             -0.3776              0.7496              0.0132  
forward:               0.7000             -0.5142              0.2354              0.0140  
forward:               0.7500             -0.6089             -0.3734              0.0146  
forward:               0.8000             -0.6416             -1.0150              0.0151  
forward:               0.8500             -0.6238             -1.6388              0.0154  
forward:               0.9000             -0.6141             -2.2529              0.0157  
forward:               0.9500             -0.5882             -2.8411              0.0161  
forward:               1.0000             -0.5654             -3.4065              0.0163  
backward:              1.0000              0.0000             -3.4065              0.0000  
backward:              0.9500              0.5502             -2.8563              0.0052  
backward:              0.9000              0.5870             -2.2693              0.0066  
backward:              0.8500              0.6134             -1.6559              0.0079  
backward:              0.8000              0.6261             -1.0298              0.0092  
backward:              0.7500              0.6321             -0.3977              0.0106  
backward:              0.7000              0.6052              0.2074              0.0117  
backward:              0.6500              0.5114              0.7188              0.0126  
backward:              0.6000              0.3741              1.0929              0.0133  
backward:              0.5500              0.2159              1.3088              0.0139  
backward:              0.5000              0.0507              1.3595              0.0146  
backward:              0.4500             -0.0563              1.3032              0.0152  
backward:              0.4000             -0.0635              1.2397              0.0155  
backward:              0.3500             -0.0678              1.1719              0.0159  
backward:              0.3000             -0.0872              1.0847              0.0165  
backward:              0.2500             -0.1062              0.9785              0.0169  
backward:              0.2000             -0.1140              0.8644              0.0174  
backward:              0.1500             -0.1482              0.7162              0.0182  
backward:              0.1000             -0.1745              0.5417              0.0188  
backward:              0.0500             -0.2379              0.3038              0.0200  
backward:              0.0000             -0.3464             -0.0426              0.0223  
Inaccuracy estimation
======================================================================================================
                   i        i+δi          P0_overlap_P1   δε(forward)/ε   δε(backward)/ε
======================================================================================================
inaccuracy:  0.00000        0.05000           69.42           -0.01            0.28
inaccuracy:  0.05000        0.10000           75.07           -0.01            0.18
inaccuracy:  0.10000        0.15000           77.55           -0.00            0.12
inaccuracy:  0.15000        0.20000           79.13           -0.00            0.10
inaccuracy:  0.20000        0.25000           79.79           -0.00            0.08
inaccuracy:  0.25000        0.30000           82.91           -0.00            0.07
inaccuracy:  0.30000        0.35000           82.18           -0.00            0.07
inaccuracy:  0.35000        0.40000           81.18           -0.00            0.06
inaccuracy:  0.40000        0.45000           81.84           -0.00            0.06
inaccuracy:  0.45000        0.50000           83.09           -0.00            0.06
inaccuracy:  0.50000        0.55000           73.94           -0.05            0.09
inaccuracy:  0.55000        0.60000           73.33           -0.07            0.06
inaccuracy:  0.60000        0.65000           73.03           -0.07            0.05
inaccuracy:  0.65000        0.70000           72.58           -0.07            0.05
inaccuracy:  0.70000        0.75000           73.01           -0.06            0.04
inaccuracy:  0.75000        0.80000           73.78           -0.05            0.04
inaccuracy:  0.80000        0.85000           72.44           -0.07            0.05
inaccuracy:  0.85000        0.90000           72.89           -0.06            0.06
inaccuracy:  0.90000        0.95000           72.34           -0.05            0.06
inaccuracy:  0.95000        1.00000           72.22           -0.04            0.07
===================================================================================================================================
                BAR        
-----------------------------------------------------------------------------------------------------------------------------------
BAR-estimator:         λ             λ+δλ          ΔΔA             ΔA            C               Δδe            δe       
                          
-----------------------------------------------------------------------------------------------------------------------------------
BAR-estimator:      0.00000        0.05000        0.3398         0.3398         0.3398         0.0037         0.0037 
BAR-estimator:      0.05000        0.10000        0.2366         0.5764         0.2366         0.0034         0.0050 
BAR-estimator:      0.10000        0.15000        0.1712         0.7476         0.1712         0.0028         0.0057 
BAR-estimator:      0.15000        0.20000        0.1444         0.8920         0.1444         0.0024         0.0062 
BAR-estimator:      0.20000        0.25000        0.1173         1.0093         0.1173         0.0023         0.0067 
BAR-estimator:      0.25000        0.30000        0.0986         1.1079         0.0986         0.0028         0.0072 
BAR-estimator:      0.30000        0.35000        0.0840         1.1919         0.0840         0.0021         0.0075 
BAR-estimator:      0.35000        0.40000        0.0729         1.2648         0.0729         0.0020         0.0078 
BAR-estimator:      0.40000        0.45000        0.0658         1.3306         0.0658         0.0018         0.0080 
BAR-estimator:      0.45000        0.50000        0.0545         1.3851         0.0545         0.0019         0.0082 
BAR-estimator:      0.50000        0.55000       -0.0506         1.3345        -0.0506         0.0028         0.0087 
BAR-estimator:      0.55000        0.60000       -0.2155         1.1190        -0.2155         0.0026         0.0090 
BAR-estimator:      0.60000        0.65000       -0.3741         0.7449        -0.3741         0.0030         0.0095 
BAR-estimator:      0.65000        0.70000       -0.5136         0.2313        -0.5136         0.0030         0.0100 
BAR-estimator:      0.70000        0.75000       -0.6063        -0.3750        -0.6063         0.0028         0.0104 
BAR-estimator:      0.75000        0.80000       -0.6374        -1.0123        -0.6374         0.0027         0.0107 
BAR-estimator:      0.80000        0.85000       -0.6267        -1.6390        -0.6267         0.0027         0.0111 
BAR-estimator:      0.85000        0.90000       -0.6120        -2.2510        -0.6120         0.0024         0.0113 
BAR-estimator:      0.90000        0.95000       -0.5873        -2.8383        -0.5873         0.0026         0.0116 
BAR-estimator:      0.95000        1.00000       -0.5597        -3.3980        -0.5597         0.0023         0.0118 
BAR-estimator: total free energy change is -3.3980194432260804 , total error is 0.011838173130648534
