12
 energy: -248.462375790800 gnorm: 0.028198743197 xtb: 6.7.1 (41059b4)
C           -1.76103564748036        0.68417585480318       -0.00002350950001
C           -0.47513460181054       -0.11856875995254        0.00000025500000
O           -0.43713954769371       -1.32905490638894        0.00000515280000
N            0.63877662058306        0.65220479758901        0.00006300670003
C            1.97003275557297        0.09829217304356       -0.00003587250002
H           -1.80963755870190        1.31431862078241        0.88544138209236
H           -1.80872884960150        1.31597281688314       -0.88438207309189
H           -2.60637114255495        0.00286886780127       -0.00108783500048
H            0.54867272284313        1.65525646663349       -0.00003484790002
H            1.86759176932758       -0.98565825353677       -0.00079632680035
H            2.52088615641707        0.40907794758127        0.89013025289444
H            2.52123649601723        0.41034829878184       -0.88952333979417
12
 energy: -248.463046825991 gnorm: 0.005884461097 xtb: 6.7.1 (41059b4)
C           -1.77136762463704        0.68469814559832       -0.00002642523711
C           -0.48064435197339       -0.11561053644714       -0.00003880077397
O           -0.44950388714388       -1.33626533366006       -0.00000565829739
N            0.64377662826486        0.65632617528182        0.00002524638469
C            1.98156335651283        0.09833997549197       -0.00002016011281
H           -1.82714975144742        1.32164051155407        0.88671143958835
H           -1.82626563910634        1.32332462252935       -0.88561090141932
H           -2.61499981292865       -0.00309298520035       -0.00107221711170
H            0.54811418655628        1.65812250931058       -0.00005881862994
H            1.88529255348492       -0.98834402089176       -0.00077891345609
H            2.53998555568386        0.40441847591502        0.89109173624150
H            2.54034818587532        0.40567648346232       -0.89046047468045
12
 energy: -248.463108569566 gnorm: 0.001589023637 xtb: 6.7.1 (41059b4)
C           -1.77495521345155        0.68478314346694       -0.00002872257874
C           -0.48143379748029       -0.11201489120908       -0.00003506677777
O           -0.45372393499659       -1.33434102682650       -0.00001310606236
N            0.64803968672864        0.65866600593573       -0.00000493864230
C            1.98714079266325        0.09677490638274       -0.00002022449597
H           -1.83735572572646        1.32437129813146        0.88664541428819
H           -1.83648400993176        1.32610290354551       -0.88550938730274
H           -2.61487327711033       -0.00876891795633       -0.00107818373499
H            0.54843658803397        1.66006374039474       -0.00007295591895
H            1.88919172216944       -0.99054217066251       -0.00076325126752
H            2.54738502512219        0.40145756564596        0.89184605892000
H            2.54778164012475        0.40268155123960       -0.89120979142477
12
 energy: -248.463115011799 gnorm: 0.000651857054 xtb: 6.7.1 (41059b4)
C           -1.77539207661605        0.68507746828424       -0.00002245579151
C           -0.48063378575786       -0.10934505728836       -0.00006736466959
O           -0.45421137663693       -1.33136116851643       -0.00001302463913
N            0.65046239469913        0.66047413402343       -0.00005124960265
C            1.98893922029848        0.09569284732907       -0.00001712938741
H           -1.84208393504917        1.32488874547335        0.88643269942616
H           -1.84123419352782        1.32667080737181       -0.88524687650902
H           -2.61164483740576       -0.01286543297835       -0.00107744882967
H            0.54812756804843        1.66168781453879       -0.00009705998957
H            1.88727986865930       -0.99130761698704       -0.00074310444927
H            2.54954726896363        0.39921774550413        0.89199572778397
H            2.54999341013619        0.40040388145956       -0.89133702677114
12
 energy: -248.463115830625 gnorm: 0.000624124723 xtb: 6.7.1 (41059b4)
C           -1.77484854108744        0.68511204300960       -0.00002228768644
C           -0.48012950732849       -0.10910064195432       -0.00004634363746
O           -0.45340723270171       -1.33080378096551       -0.00000876822391
N            0.65040782725199        0.66094114251305       -0.00007153495244
C            1.98834881057709        0.09577420387112       -0.00002323293536
H           -1.84158335078723        1.32433991002808        0.88648110158297
H           -1.84072039086167        1.32616455619497       -0.88526727171182
H           -2.61065515891001       -0.01312683294007       -0.00110112803230
H            0.54780197058067        1.66217608142598       -0.00010413398201
H            1.88546671188061       -0.99100548924975       -0.00073045080050
H            2.54900105821238        0.39880278216643        0.89191100594452
H            2.54946732064313        0.39996020053406       -0.89126128712862
12
 energy: -248.463115830625 gnorm: 0.000624124723 xtb: 6.7.1 (41059b4)
C           -1.77484854108744        0.68511204300960       -0.00002228768644
C           -0.48012950732849       -0.10910064195432       -0.00004634363746
O           -0.45340723270171       -1.33080378096551       -0.00000876822391
N            0.65040782725199        0.66094114251305       -0.00007153495244
C            1.98834881057709        0.09577420387112       -0.00002323293536
H           -1.84158335078723        1.32433991002808        0.88648110158297
H           -1.84072039086167        1.32616455619497       -0.88526727171182
H           -2.61065515891001       -0.01312683294007       -0.00110112803230
H            0.54780197058067        1.66217608142598       -0.00010413398201
H            1.88546671188061       -0.99100548924975       -0.00073045080050
H            2.54900105821238        0.39880278216643        0.89191100594452
H            2.54946732064313        0.39996020053406       -0.89126128712862
