2025-04-09 06:35:42,074 -   censo.qm_processor   -   INFO   - worker306757:Running sp calculation in /home/michael/Documents/CHEM4561/automated/1817/0_PRESCREENING/CONF1/sp.
2025-04-09 06:35:44,427 -     censo.parallel     -   INFO   - All jobs executed successfully.
2025-04-09 06:35:44,446 -   censo.qm_processor   -   INFO   - worker306861:Running sp calculation in /home/michael/Documents/CHEM4561/automated/1817/1_SCREENING/CONF1/sp.
2025-04-09 06:35:54,260 -     censo.parallel     -   INFO   - All jobs executed successfully.
2025-04-09 06:35:54,279 -   censo.qm_processor   -   INFO   - worker306972:Running xtb_opt calculation in /home/michael/Documents/CHEM4561/automated/1817/2_OPTIMIZATION/CONF1/xtb_opt.
2025-04-09 06:36:39,022 -     censo.parallel     -   INFO   - All jobs executed successfully.
2025-04-09 06:36:39,038 -   censo.qm_processor   -   INFO   - worker307270:Running xtb_rrho calculation in /home/michael/Documents/CHEM4561/automated/1817/2_OPTIMIZATION/CONF1/xtb_rrho.
2025-04-09 06:36:39,551 -     censo.parallel     -   INFO   - All jobs executed successfully.
2025-04-09 06:36:39,571 -   censo.qm_processor   -   INFO   - worker307365:Running sp calculation in /home/michael/Documents/CHEM4561/automated/1817/3_REFINEMENT/CONF1/sp.
2025-04-09 06:38:07,769 -     censo.parallel     -   INFO   - All jobs executed successfully.
2025-04-09 06:38:07,852 -   censo.qm_processor   -   INFO   - worker307749:Running sp calculation in /home/michael/Documents/CHEM4561/automated/1817/0_PRESCREENING/CONF1/sp.
2025-04-09 06:38:08,941 -     censo.parallel     -   INFO   - All jobs executed successfully.
2025-04-09 06:38:08,958 -   censo.qm_processor   -   INFO   - worker307850:Running sp calculation in /home/michael/Documents/CHEM4561/automated/1817/1_SCREENING/CONF1/sp.
2025-04-09 06:38:18,899 -     censo.parallel     -   INFO   - All jobs executed successfully.
2025-04-09 06:38:18,916 -   censo.qm_processor   -   INFO   - worker307993:Running xtb_opt calculation in /home/michael/Documents/CHEM4561/automated/1817/2_OPTIMIZATION/CONF1/xtb_opt.
2025-04-09 06:39:03,197 -     censo.parallel     -   INFO   - All jobs executed successfully.
2025-04-09 06:39:03,215 -   censo.qm_processor   -   INFO   - worker308385:Running xtb_rrho calculation in /home/michael/Documents/CHEM4561/automated/1817/2_OPTIMIZATION/CONF1/xtb_rrho.
2025-04-09 06:39:03,732 -     censo.parallel     -   INFO   - All jobs executed successfully.
2025-04-09 06:39:03,751 -   censo.qm_processor   -   INFO   - worker308479:Running sp calculation in /home/michael/Documents/CHEM4561/automated/1817/3_REFINEMENT/CONF1/sp.
2025-04-09 06:40:32,118 -     censo.parallel     -   INFO   - All jobs executed successfully.
