19
 energy: -26.288685936912 gnorm: 0.018255830905 xtb: 6.7.1 (41059b4)
C           -2.62692653545713        0.53326317161035        0.00933573592731
C           -1.23663009240978       -0.05441218286023       -0.00076822301401
C           -1.13829410000191       -1.45148563256793       -0.00246297687581
C            0.09516268470021       -2.08582238551502       -0.00400668573141
C            1.26378067393703       -1.33697508335939       -0.00098222470380
C            1.17463839405895        0.04942951905404        0.00131706764833
C           -0.06442095357740        0.71917968087499       -0.00321564623354
C           -0.04250330064688        2.22643268506895       -0.01021446842631
O            2.36179959824695        0.73494298088766        0.00710824805202
H           -2.64883087857252        1.62188923015174       -0.00391918757144
H           -3.19425334009134        0.18092935885159       -0.85850140812958
H           -3.16882121342870        0.20525913604224        0.90283791874981
H           -2.05052769914083       -2.04108146795370       -0.00186874205103
H            0.15049165723821       -3.16981199106710       -0.00608757393859
H            2.24361373578688       -1.80145029173598        0.00053013519741
H            0.41809026870645        2.62954546626127        0.90246156234435
H            0.51809623958612        2.61536889007683       -0.87146864264689
H           -1.03880401795653        2.65918480593437       -0.07311437862618
H            2.18699181122937        1.68176370499371        0.02230266343249
19
 energy: -26.289363306235 gnorm: 0.007215769807 xtb: 6.7.1 (41059b4)
C           -2.61906496752614        0.53007123953176        0.00923426227330
C           -1.23150800223231       -0.04932393074108       -0.00035967490903
C           -1.13535604818591       -1.44011258914212       -0.00206558848660
C            0.08935468324937       -2.07715720723841       -0.00414234428649
C            1.25261209122332       -1.33155012718939       -0.00110566277760
C            1.17108954829205        0.05298566491920        0.00086508807490
C           -0.06474560315596        0.71872577305177       -0.00328571621358
C           -0.04603545863166        2.22379475426707       -0.01083803706545
O            2.35579799012645        0.73573779477705        0.00768960921777
H           -2.63560831260563        1.61528323597508       -0.00452518530359
H           -3.17648129023216        0.17304100964750       -0.85815174022230
H           -3.15158213730767        0.19767143959054        0.90189809246052
H           -2.04485515642770       -2.02508279376718       -0.00139381878509
H            0.14154877639354       -3.15705192230656       -0.00612852258293
H            2.22695918461137       -1.79531697402147        0.00061330839546
H            0.41600179953363        2.61324674395710        0.90187594488525
H            0.51483766446844        2.60111037541369       -0.87179797849421
H           -1.04384391654868        2.64644766924908       -0.07175215166306
H            2.18353208716280        1.68362943877476        0.02265328888591
19
 energy: -26.289416567971 gnorm: 0.002443101308 xtb: 6.7.1 (41059b4)
C           -2.61960869575579        0.52672341488276        0.00911767761844
C           -1.23023292055227       -0.04663880319489       -0.00068702896142
C           -1.13523131505942       -1.43603252995920       -0.00196309050642
C            0.08686273737826       -2.07516412311559       -0.00408386303059
C            1.24848168999867       -1.32966477119398       -0.00101743654621
C            1.17097234748673        0.05493626943357        0.00088438552116
C           -0.06452844222757        0.71903707518845       -0.00370128833349
C           -0.04335816374023        2.22562350598639       -0.01098046707440
O            2.35438248320965        0.73570005309769        0.00808923603428
H           -2.64297530348880        1.61022086081204       -0.00457610567311
H           -3.17184212662390        0.16547698604358       -0.85766927070528
H           -3.14708559513078        0.19014662389041        0.90107951531258
H           -2.04470265519574       -2.01864069764587       -0.00093096937283
H            0.13778729601157       -3.15354143390955       -0.00613260305202
H            2.22158407430511       -1.79270209419521        0.00065055424577
H            0.41952585075765        2.60945146551522        0.90131570884868
H            0.51702920550397        2.59806809451429       -0.87178888072731
H           -1.03898302310442        2.64881163716313       -0.07098752146497
H            2.18457548843443        1.68433806143515        0.02266462127029
19
 energy: -26.289421389468 gnorm: 0.000883777843 xtb: 6.7.1 (41059b4)
C           -2.61918869272834        0.52739591095651        0.00883248712971
C           -1.22967010242035       -0.04626629789834       -0.00064559713037
C           -1.13539113583677       -1.43587628348318       -0.00182298894934
C            0.08662704869282       -2.07565806732652       -0.00402115833168
C            1.24819408478305       -1.32974294557990       -0.00105971504425
C            1.17195185241562        0.05520113660828        0.00086944674306
C           -0.06408451762803        0.71871425485157       -0.00370821520682
C           -0.04445522693171        2.22620401518844       -0.01084645579839
O            2.35502349567978        0.73500486875599        0.00818237606073
H           -2.64209501053767        1.61108618133994       -0.00499797445346
H           -3.17053179020056        0.16537158583775       -0.85804613074598
H           -3.14603879079684        0.19016653795562        0.90076379281233
H           -2.04548891016230       -2.01766227678057       -0.00069063907964
H            0.13734397922107       -3.15388490800958       -0.00600423062182
H            2.22157441571034       -1.79256162544219        0.00066539676510
H            0.41899415034478        2.60947631260406        0.90110239211146
H            0.51459694161241        2.59851497588043       -0.87227850040227
H           -1.04139204293512        2.64669732265662       -0.06962625671646
H            2.18668318392497        1.68396889663346        0.02261514426124
19
 energy: -26.289422339476 gnorm: 0.000458171250 xtb: 6.7.1 (41059b4)
C           -2.61985303429584        0.52715725819822        0.00837594946651
C           -1.22956870511432       -0.04602421926915       -0.00069300188075
C           -1.13567191192944       -1.43605380933603       -0.00169708934099
C            0.08651576945205       -2.07604404752502       -0.00378561791588
C            1.24804428865699       -1.32972325860013       -0.00095170188002
C            1.17267892267163        0.05548018462870        0.00097684941421
C           -0.06384406142365        0.71863573212001       -0.00360213939244
C           -0.04401311924277        2.22696508236455       -0.01049120585744
O            2.35534713566390        0.73462284004887        0.00811947985062
H           -2.64397828414666        1.61090861597148       -0.00558853513989
H           -3.17055463150318        0.16463540396050       -0.85876466188648
H           -3.14661451394782        0.18958243311694        0.90029036758888
H           -2.04633579782221       -2.01735011286955       -0.00048430999997
H            0.13733721672855       -3.15431186695218       -0.00570514253059
H            2.22190761255440       -1.79239027217778        0.00069838013157
H            0.42087250300608        2.60998829640380        0.90076701812998
H            0.51337710087215        2.59940239699986       -0.87289008045582
H           -1.04130806881048        2.64680545364558       -0.06736376570685
H            2.18831451083780        1.68386348401973        0.02207238080851
19
 energy: -26.289422684601 gnorm: 0.000128207493 xtb: 6.7.1 (41059b4)
C           -2.61968503852715        0.52722596859293        0.00815696306344
C           -1.22962229923391       -0.04615672128468       -0.00067952162524
C           -1.13560486914332       -1.43613067295522       -0.00165133280301
C            0.08657774428198       -2.07591561252224       -0.00365579505191
C            1.24809068490358       -1.32971167337388       -0.00086216478993
C            1.17249944851207        0.05540117019146        0.00099692181248
C           -0.06396249667979        0.71861447103300       -0.00349336006227
C           -0.04415296207933        2.22668342289470       -0.01027784410462
O            2.35517949401195        0.73471921959349        0.00801297500584
H           -2.64338993766109        1.61099637317077       -0.00591534616932
H           -3.17048019512642        0.16488365959267       -0.85904077011415
H           -3.14683375890580        0.18995152426379        0.89999707590050
H           -2.04614462327064       -2.01753187277220       -0.00052402278756
H            0.13751003496772       -3.15421611857697       -0.00551581631258
H            2.22188220629358       -1.79243112015476        0.00077192047040
H            0.42161432362530        2.60975947748774        0.90058407797572
H            0.51258025178409        2.59930279117154       -0.87310288363475
H           -1.04142937047169        2.64677968394266       -0.06620357951338
H            2.18802429492600        1.68392562445358        0.02168567614351
19
 energy: -26.289423130474 gnorm: 0.000196742816 xtb: 6.7.1 (41059b4)
C           -2.61959372081738        0.52719690816263        0.00748090617708
C           -1.22970296086606       -0.04624573652834       -0.00071162591063
C           -1.13558369603974       -1.43617254009604       -0.00156364037763
C            0.08658278433565       -2.07576505411417       -0.00329661882811
C            1.24808896362002       -1.32964957157671       -0.00057603449550
C            1.17233320680462        0.05538671951261        0.00111875800718
C           -0.06411613419870        0.71861465065131       -0.00323927345644
C           -0.04418057156836        2.22644346005119       -0.00968930230566
O            2.35496539356519        0.73486175831112        0.00784030994421
H           -2.64307671858131        1.61095476065303       -0.00690904151365
H           -3.17012900412688        0.16480320788628       -0.85986960446221
H           -3.14729900372463        0.19024690513179        0.89912430940733
H           -2.04602252001313       -2.01761723207694       -0.00059235246983
H            0.13766091105320       -3.15407918700112       -0.00498743016100
H            2.22178733300855       -1.79241125278629        0.00105826453600
H            0.42433456869790        2.60923345808601        0.89993511661661
H            0.51021039092080        2.59928213760424       -0.87398503685228
H           -1.04144206717935        2.64699252042766       -0.06247845315632
H            2.18783577731677        1.68407368245014        0.02062392270403
19
 energy: -26.289423963456 gnorm: 0.000463860142 xtb: 6.7.1 (41059b4)
C           -2.61954533820058        0.52717828516326        0.00589386112885
C           -1.22980358626786       -0.04634949835309       -0.00081062817591
C           -1.13557178997761       -1.43625822854498       -0.00134265620543
C            0.08659780544218       -2.07564924278218       -0.00246031380266
C            1.24811608856610       -1.32958890559744        0.00008401870655
C            1.17217428649826        0.05537222004928        0.00145059599414
C           -0.06429690005333        0.71860307436632       -0.00265474904503
C           -0.04419254625510        2.22621761325256       -0.00833638286777
O            2.35473793610176        0.73503037767882        0.00749776916852
H           -2.64276676859429        1.61093194324580       -0.00924751907443
H           -3.16933379016091        0.16448367738582       -0.86182662357491
H           -3.14832679673999        0.19082365288005        0.89714872563082
H           -2.04593155398300       -2.01774621272098       -0.00068771733948
H            0.13786792537331       -3.15397852701278       -0.00383222053757
H            2.22172919156913       -1.79240861864663        0.00168582752281
H            0.43057613492845        2.60835174605326        0.89840289771596
H            0.50458356272188        2.59957684492843       -0.87608676090583
H           -1.04164973587021        2.64728567331075       -0.05381445232755
H            2.18768880710894        1.68427372009213        0.01821950139209
19
 energy: -26.289425012852 gnorm: 0.000503335685 xtb: 6.7.1 (41059b4)
C           -2.61963042982335        0.52709441308052        0.00392584105759
C           -1.22985804301961       -0.04634869701330       -0.00090980173018
C           -1.13557941972565       -1.43625732310063       -0.00099994700174
C            0.08658232924657       -2.07562099803790       -0.00143612466487
C            1.24811202233549       -1.32954796106143        0.00079993576094
C            1.17211394301501        0.05539158395533        0.00180619847418
C           -0.06437209977612        0.71861765268528       -0.00194610535650
C           -0.04406259678526        2.22620900541821       -0.00662831282075
O            2.35464160594059        0.73513263970936        0.00697015817051
H           -2.64291055861812        1.61082133212007       -0.01220019860063
H           -3.16828842100614        0.16377733991193       -0.86424335497335
H           -3.14952144384431        0.19132381299417        0.89473283709273
H           -2.04592408958190       -2.01775672756998       -0.00059040114503
H            0.13790780460091       -3.15394338857176       -0.00236686769089
H            2.22169293531619       -1.79239228263781        0.00229280525012
H            0.43790054540149        2.60742584950681        0.89672175795089
H            0.49800670233122        2.60019762097224       -0.87835530913579
H           -1.04174936092135        2.64762232701168       -0.04350180592417
H            2.18759150712148        1.68440339537560        0.01521186869011
19
 energy: -26.289426494705 gnorm: 0.000356847657 xtb: 6.7.1 (41059b4)
C           -2.61976184615276        0.52704757327985        0.00112579412037
C           -1.22984527496101       -0.04627987646214       -0.00109511689418
C           -1.13559376050849       -1.43621706967144       -0.00048268115858
C            0.08656952379514       -2.07569868974579        0.00006790157286
C            1.24810992920689       -1.32955679053432        0.00175391849928
C            1.17217884702776        0.05541739970363        0.00213421976769
C           -0.06432857971804        0.71862780781573       -0.00110351975468
C           -0.04393375072888        2.22636646472925       -0.00413863071922
O            2.35470964157196        0.73512901225022        0.00611520377168
H           -2.64322105345638        1.61075071715093       -0.01674745105800
H           -3.16683413485439        0.16247420532378       -0.86750446022431
H           -3.15101773744785        0.19230340801216        0.89148978298730
H           -2.04598906382561       -2.01770350617721       -0.00047458051671
H            0.13781642663098       -3.15400557454225       -0.00022912430942
H            2.22173121347541       -1.79238568742949        0.00315584066685
H            0.44782107786840        2.60617032894678        0.89451154332459
H            0.48867478981418        2.60148669404060       -0.88120846175503
H           -1.04201082083100        2.64780416232696       -0.02901969801920
H            2.18757750530086        1.68441901573114        0.01093269310187
19
 energy: -26.289428022762 gnorm: 0.000185001954 xtb: 6.7.1 (41059b4)
C           -2.61993284925242        0.52696007332024       -0.00224274919390
C           -1.22981207824213       -0.04617341887409       -0.00141714456506
C           -1.13561615441307       -1.43613327078835       -0.00008434878451
C            0.08654896226223       -2.07579675695527        0.00170015409756
C            1.24808625730926       -1.32958295486720        0.00283399681352
C            1.17227130575363        0.05545236924174        0.00247313074743
C           -0.06422622748199        0.71865739563505       -0.00015609497179
C           -0.04372924792990        2.22659908432244       -0.00105165969605
O            2.35483482132070        0.73509294114594        0.00488721190412
H           -2.64373931931127        1.61060503692553       -0.02298075916755
H           -3.16543105473399        0.16022471790772       -0.87093256369330
H           -3.15242920485314        0.19406179756061        0.88804741830249
H           -2.04606986442912       -2.01760956076904       -0.00040775733325
H            0.13762442444853       -3.15408659117092        0.00241705393775
H            2.22178409873797       -1.79235324923540        0.00427990218918
H            0.45925538340107        2.60458445416382        0.89209828185984
H            0.47779640580171        2.60329449570297       -0.88407519536676
H           -1.04208249461555        2.64797763985730       -0.01192120230762
H            2.18751976843464        1.68437539162532        0.00581549863106
19
 energy: -26.289429505681 gnorm: 0.000219048387 xtb: 6.7.1 (41059b4)
C           -2.61997490939236        0.52698854790159       -0.00565599873816
C           -1.22974847348223       -0.04610751116685       -0.00189159989652
C           -1.13562465145355       -1.43608391699382        0.00031246212628
C            0.08655010129892       -2.07590414211735        0.00346962176827
C            1.24808362932660       -1.32963795743171        0.00391624881997
C            1.17238629538314        0.05545988990833        0.00264153599576
C           -0.06410784502615        0.71865333953048        0.00066875695814
C           -0.04371527244644        2.22676479888994        0.00220599621911
O            2.35498727127559        0.73500650052531        0.00361153189519
H           -2.64389298868697        1.61056702344360       -0.03055575755723
H           -3.16443201368458        0.15713751991091       -0.87365945407140
H           -3.15330370948955        0.19707081274051        0.88524308235650
H           -2.04613703919375       -2.01754070100337       -0.00072649997816
H            0.13746176002259       -3.15418103148541        0.00487107552418
H            2.22185951971386       -1.79234043657248        0.00535952967393
H            0.47020956615035        2.60288957501136        0.88985848187295
H            0.46677187228154        2.60528382422602       -0.88645307849510
H           -1.04225578812541        2.64785314111481        0.00523124582048
H            2.18753560773554        1.68427031831652        0.00083599310899
19
 energy: -26.289431483239 gnorm: 0.000340493724 xtb: 6.7.1 (41059b4)
C           -2.61996976995327        0.52704598320665       -0.00929141691707
C           -1.22968202309922       -0.04606820747108       -0.00246856416213
C           -1.13562971704634       -1.43605114901206        0.00038415537999
C            0.08655853345463       -2.07600144199306        0.00491476644772
C            1.24808524084522       -1.32970060412893        0.00486402535230
C            1.17249194750711        0.05545537024291        0.00283854594938
C           -0.06398560253507        0.71864334604093        0.00159120300714
C           -0.04375029859120        2.22689361198084        0.00581671747067
O            2.35514118926215        0.73490728889252        0.00222141170863
H           -2.64393305684448        1.61050217941506       -0.04026340084595
H           -3.16399957940906        0.15262029327716       -0.87559294349386
H           -3.15359916228790        0.20172171609181        0.88313251716419
H           -2.04618604255084       -2.01749958696400       -0.00114776207970
H            0.13731588727795       -3.15427132219406        0.00744748723717
H            2.22193455416385       -1.79233542067987        0.00643537332882
H            0.48116550693930        2.60100399993387        0.88778900582616
H            0.45540294644171        2.60755647668663       -0.88829582382583
H           -1.04227692942071        2.64759224549038        0.02308624173984
H            2.18756930805334        1.68413481593271       -0.00417836588430
19
 energy: -26.289433722048 gnorm: 0.000519753370 xtb: 6.7.1 (41059b4)
C           -2.61994725029952        0.52710136474033       -0.01286198495533
C           -1.22962783329365       -0.04604786495744       -0.00310738718684
C           -1.13562907258231       -1.43602987249928        0.00054284968624
C            0.08656344361842       -2.07607450041047        0.00647063785399
C            1.24808342542908       -1.32974231515146        0.00581599638521
C            1.17256735282050        0.05545332427046        0.00304175756465
C           -0.06389911864448        0.71862187203010        0.00247109398356
C           -0.04379565558232        2.22697394374513        0.00938304058536
O            2.35524408298623        0.73484543958448        0.00103157117089
H           -2.64390228872058        1.61039292228308       -0.05034453413653
H           -3.16377847649236        0.14778889898153       -0.87715697304727
H           -3.15370141505950        0.20679074195496        0.88133133048275
H           -2.04621234539944       -2.01747172771890       -0.00169646708346
H            0.13721907085963       -3.15433099635362        0.00967320041520
H            2.22197522930948       -1.79233163013331        0.00731912400621
H            0.49190572785261        2.59912758630566        0.88582241346828
H            0.44431532174547        2.60967956152420       -0.89009922167487
H           -1.04231416008298        2.64735406880399        0.04058127380169
H            2.18758689374283        1.68404877774897       -0.00893454791655
19
 energy: -26.289436401116 gnorm: 0.000612840785 xtb: 6.7.1 (41059b4)
C           -2.61984919714890        0.52721668096631       -0.01582959385113
C           -1.22955668107205       -0.04605203228676       -0.00369413966141
C           -1.13562236213601       -1.43602876048894        0.00047609610669
C            0.08656975245246       -2.07616017430846        0.00753122108837
C            1.24808916121626       -1.32980159278906        0.00653023530765
C            1.17265485539857        0.05542990580037        0.00323176217970
C           -0.06380939909199        0.71857521208320        0.00322482080253
C           -0.04395303604430        2.22699934552024        0.01242948020953
O            2.35536652679317        0.73474733928385        0.00012819024285
H           -2.64364871953474        1.61031779611917       -0.05967723300606
H           -3.16392109316381        0.14312299951219       -0.87785217598234
H           -3.15333882931077        0.21190469634434        0.88032712103740
H           -2.04623367249252       -2.01745470000696       -0.00234445415438
H            0.13713968845570       -3.15440282842411        0.01144357043379
H            2.22200740736885       -1.79236410394689        0.00811659767205
H            0.50041408028538        2.59763262010370        0.88411167782474
H            0.43492226147382        2.61160250624583       -0.89118726654233
H           -1.04224691044196        2.64694702153348        0.05507820362939
H            2.18766909920000        1.68391766348691       -0.01276093993387
19
 energy: -26.289439680139 gnorm: 0.000756678579 xtb: 6.7.1 (41059b4)
C           -2.61975049653810        0.52734588374312       -0.01890797419405
C           -1.22948922228831       -0.04606381673681       -0.00435001199968
C           -1.13561543508019       -1.43604110201456        0.00036029246329
C            0.08658667852883       -2.07623852116733        0.00862595761280
C            1.24810392953321       -1.32985277107723        0.00727862847568
C            1.17274425543277        0.05541304543130        0.00345739726449
C           -0.06371718717578        0.71853530136913        0.00400255653621
C           -0.04411415772981        2.22702555253458        0.01560209948545
O            2.35548666360310        0.73466308461826       -0.00070652779332
H           -2.64338605872685        1.61020143135393       -0.06979241296415
H           -3.16426982247621        0.13798780629038       -0.87829318116671
H           -3.15282837778486        0.21763147161300        0.87949924880218
H           -2.04625080950463       -2.01746209881702       -0.00309180009629
H            0.13708757913504       -3.15447230160904        0.01313468035950
H            2.22205283405939       -1.79239522358883        0.00887627510198
H            0.50923805004472        2.59605256529062        0.88239131398966
H            0.42521999290274        2.61354869778822       -0.89231317023303
H           -1.04219684414269        2.64647507892703        0.07011358556205
H            2.18775136041479        1.68379551079966       -0.01660378380288
19
 energy: -26.289443658840 gnorm: 0.000774838201 xtb: 6.7.1 (41059b4)
C           -2.61957091746035        0.52752146326263       -0.02116114225889
C           -1.22940218606673       -0.04610426403262       -0.00496279747432
C           -1.13559823929282       -1.43606658478472        0.00008924867794
C            0.08660257693166       -2.07631660378248        0.00925652896341
C            1.24811794952080       -1.32991480633772        0.00775331137064
C            1.17282829082964        0.05537797270998        0.00362099432618
C           -0.06362861411305        0.71846634482703        0.00454952758910
C           -0.04437267010031        2.22699660422332        0.01804620268562
O            2.35560078687017        0.73456238194983       -0.00120169512752
H           -2.64291794972297        1.61008447566057       -0.07863349856066
H           -3.16503798215521        0.13324588617003       -0.87768282907090
H           -3.15178263217122        0.22319190055917        0.87963135119953
H           -2.04625062528641       -2.01747219848453       -0.00394670277429
H            0.13705243239842       -3.15453516893132        0.01413805264342
H            2.22207543117395       -1.79244902392853        0.00942233647255
H            0.51509034827440        2.59492561600149        0.88119112043666
H            0.41806402337108        2.61512740875610       -0.89257587091482
H           -1.04207928090563        2.64585423462644        0.08095465533811
H            2.18786219011173        1.68365395628376       -0.01920562011857
19
 energy: -26.289448376424 gnorm: 0.001059901304 xtb: 6.7.1 (41059b4)
C           -2.61943661229685        0.52770749844725       -0.02454435846259
C           -1.22932971209826       -0.04614141206528       -0.00569062762250
C           -1.13558615742824       -1.43610701484611       -0.00014259682361
C            0.08664252220301       -2.07641008836444        0.01029487832411
C            1.24815904199306       -1.32998330942921        0.00848569595681
C            1.17292779917794        0.05534776983717        0.00388543822279
C           -0.06352143465203        0.71841622054166        0.00543188287637
C           -0.04458945623428        2.22701405889044        0.02155919838648
O            2.35573601077748        0.73448343922356       -0.00201909940569
H           -2.64254527883793        1.60991879864267       -0.09044418194664
H           -3.16569168503864        0.12716968345916       -0.87771662642957
H           -3.15097126457204        0.23018561480297        0.87903501852621
H           -2.04625916081276       -2.01752457921063       -0.00480408286562
H            0.13702487437622       -3.15462982807852        0.01589760213758
H            2.22215696770943       -1.79249892003833        0.01018097926766
H            0.52462924906871        2.59316659392664        0.87945760642630
H            0.40751588312629        2.61726073656954       -0.89373810985011
H           -1.04213564995295        2.64524800765322        0.09737163947416
H            2.18792699569898        1.68352632478664       -0.02321708278895
19
 energy: -26.282854990855 gnorm: 0.063584732312 xtb: 6.7.1 (41059b4)
C           -2.61514296815627        0.53335964744973       -0.11546679513790
C           -1.22723739852860       -0.04742072318805       -0.02688101063808
C           -1.13520065719044       -1.43743238612927       -0.00894729492485
C            0.08783643731653       -2.07898946806820        0.03628655304356
C            1.24939512774468       -1.33194096933392        0.02767603296172
C            1.17570618791753        0.05441042101762        0.01113681732059
C           -0.06052782080168        0.71688581674021        0.02881102090941
C           -0.05138772186368        2.22711390148606        0.11699962767810
O            2.35952680152098        0.73220505511990       -0.02188685170085
H           -2.63062019904527        1.60498479145646       -0.42409078254666
H           -3.18962597090995       -0.04761831380601       -0.86822940058071
H           -3.12228003090812        0.43317519818707        0.87142999304487
H           -2.04637375552351       -2.01922122815810       -0.03175768739095
H            0.13655919853508       -3.15726048268025        0.06036735161517
H            2.22441695818714       -1.79406433694837        0.03085230655545
H            0.77774822442132        2.54564006800605        0.83328220892262
H            0.12304493166138        2.67568970961708       -0.92134723839147
H           -1.04318343539921        2.62683131473078        0.53878881290961
H            2.18999902322913        1.67980157924966       -0.12774049024641
19
 energy: -26.288464408163 gnorm: 0.027667883425 xtb: 6.7.1 (41059b4)
C           -2.61522217537637        0.53287902705204       -0.09235526840935
C           -1.22736146224610       -0.04741070924641       -0.02035445045593
C           -1.13497753878944       -1.43771193616645       -0.00454988812980
C            0.08821628824818       -2.07897298266058        0.03191077766264
C            1.24983935070752       -1.33172254479130        0.02063876830700
C            1.17581876050008        0.05460495280994        0.00587160082089
C           -0.06070753811972        0.71731064796346        0.02506762797459
C           -0.05114756779546        2.22695705901349        0.09838087423316
O            2.35979441058578        0.73240740927982       -0.03234820311409
H           -2.63317864816310        1.60291291909311       -0.32378903537913
H           -3.18392960107973        0.01161503274993       -0.87089391566823
H           -3.13047101974486        0.37682223992960        0.86473302682470
H           -2.04612172457620       -2.01963164388473       -0.01871380975871
H            0.13719882568250       -3.15755820959403        0.05625832996291
H            2.22499615318652       -1.79395749721497        0.02100641596675
H            0.67848015992742        2.56077076813742        0.86795066516815
H            0.22591664426427        2.65801521080600       -0.88986074823595
H           -1.04515958004304        2.62869371919688        0.38876471629949
H            2.19066919503885        1.68012613227522       -0.11843431066587
19
 energy: -26.289350638854 gnorm: 0.013725921541 xtb: 6.7.1 (41059b4)
C           -2.61429628983577        0.53410752955007       -0.07672680645733
C           -1.22757647244815       -0.04800586111094       -0.01617693099263
C           -1.13500513072565       -1.43814051543224       -0.00372254155166
C            0.08835161819440       -2.07885961569995        0.02672736260833
C            1.24963018255408       -1.33132307613129        0.01522485928004
C            1.17519688555944        0.05483858708856        0.00199851386719
C           -0.06124885196020        0.71647529922234        0.01985642227748
C           -0.05124282399420        2.22579987232763        0.08388142346443
O            2.35778957154909        0.73416004328768       -0.02692195058343
H           -2.62794924232307        1.60233349870750       -0.29165613336665
H           -3.18191722151012        0.02786796408926       -0.86035539708923
H           -3.12964881790392        0.36559676578711        0.87291688559321
H           -2.04610194206801       -2.02015384816518       -0.01733951519282
H            0.13766275106003       -3.15697400473120        0.04805523063836
H            2.22464745906326       -1.79325740949215        0.01490312678960
H            0.63248622867232        2.56365763473450        0.87810954352174
H            0.27099689619900        2.65303912775878       -0.87950645961477
H           -1.04588183294422        2.62440466165901        0.31860477703639
H            2.18675996506877        1.68058294129893       -0.09858923682504
19
 energy: -26.289667359973 gnorm: 0.002930445896 xtb: 6.7.1 (41059b4)
C           -2.61131287224595        0.53523653002790       -0.07407742683385
C           -1.22700472875077       -0.04954596145396       -0.01850595529461
C           -1.13448387219411       -1.43885738998016       -0.00600933273470
C            0.08831530217884       -2.07852315984140        0.02384769939140
C            1.24940386417653       -1.33196012029122        0.01506309734100
C            1.17479781898007        0.05368937867651        0.00352309169978
C           -0.06167816628789        0.71498751155402        0.01715483035273
C           -0.05508107265436        2.22239680055017        0.08004278532890
O            2.35746211759925        0.73311217895429       -0.01987666007052
H           -2.62015105690617        1.59760041392733       -0.29807598835291
H           -3.18683842366977        0.02644956267939       -0.84659607689389
H           -3.12182187242505        0.37908939884673        0.87711630587410
H           -2.04480163846952       -2.02072841336687       -0.02094541160390
H            0.13840239690680       -3.15658698235905        0.04199683342734
H            2.22361407800870       -1.79427878710330        0.01586483737885
H            0.62079270137450        2.56858791703580        0.86678012872326
H            0.26398949259061        2.65596122589425       -0.87247607793506
H           -1.03893253709943        2.61981153563443        0.31356478978224
H            2.18798140109481        1.67970795536357       -0.08910829617693
19
 energy: -26.289728345880 gnorm: 0.001391901100 xtb: 6.7.1 (41059b4)
C           -2.60927501503130        0.53750072051529       -0.07195971040904
C           -1.22670875473140       -0.05035730522762       -0.01994181449007
C           -1.13427559578695       -1.43944775779239       -0.00943751190622
C            0.08855920759182       -2.07837141549061        0.01939100831357
C            1.24969525720886       -1.33206783408779        0.01434997050643
C            1.17486148541856        0.05347097169022        0.00535871043339
C           -0.06174735123866        0.71448980869170        0.01604639872486
C           -0.05853810856122        2.22096518278367        0.07713918162014
O            2.35752427991918        0.73312650285569       -0.01243104678894
H           -2.61417133632778        1.59559453764282       -0.30993660782527
H           -3.19356209481314        0.02069247547315       -0.83161513552414
H           -3.11174286964367        0.39633371769829        0.88510795461501
H           -2.04419472398590       -2.02142771044002       -0.02509647023154
H            0.13945658121658       -3.15651111427807        0.03500552313626
H            2.22348787601685       -1.79469843562026        0.01686015019320
H            0.61592289357070        2.56934407924582        0.86108212664687
H            0.25881139470066        2.65342842985807       -0.87362967259392
H           -1.04060543100156        2.61401037514750        0.31037194167033
H            2.18915523768546        1.68007436608294       -0.07738182268770
19
 energy: -26.289874429122 gnorm: 0.006898865357 xtb: 6.7.1 (41059b4)
C           -2.60525419740336        0.54271154925504       -0.06675361545523
C           -1.22624966349798       -0.05301186294978       -0.02539571215460
C           -1.13388451340308       -1.44167557660972       -0.02186074415957
C            0.08948582556187       -2.07857560494829        0.00446655825831
C            1.25071541238799       -1.33255790263563        0.01205349966057
C            1.17515198255801        0.05282028595017        0.01177459593169
C           -0.06175562419113        0.71293163105028        0.01409265058031
C           -0.06599945174091        2.21837695027478        0.07089595642743
O            2.35780138213661        0.73320182811158        0.01130753381752
H           -2.60406192415172        1.58519956292576       -0.36659676543660
H           -3.22152817209000       -0.01224617502656       -0.77497769912386
H           -3.07592063871560        0.46292024353355        0.91586538321095
H           -2.04273856324408       -2.02436684410000       -0.04163863255053
H            0.14284806465437       -3.15697633345957        0.01002726419105
H            2.22360810109930       -1.79598983765540        0.01905077427851
H            0.60821765171044        2.57298843101784        0.84774587676976
H            0.24515624156249        2.64638334739706       -0.87972930692074
H           -1.04537135979027        2.60250520152911        0.30672140098206
H            2.19243237876414        1.68151070108823       -0.03776584490384
19
 energy: -26.289972386174 gnorm: 0.015115781587 xtb: 6.7.1 (41059b4)
C           -2.60047619484373        0.54867982848692       -0.06176178007524
C           -1.22551302364566       -0.05648162594919       -0.03219524604075
C           -1.13317457734997       -1.44469411958790       -0.03984541048762
C            0.09111043667175       -2.07964427819727       -0.01533796177993
C            1.25221005495762       -1.33360330880053        0.00917856693860
C            1.17587474654023        0.05179160856584        0.02095306293831
C           -0.06133844385690        0.71050678380359        0.01517043022332
C           -0.07430307821424        2.21583664453134        0.06718855719763
O            2.35851418969488        0.73248073286124        0.03931865446907
H           -2.59776728960282        1.56603443766065       -0.45785384142688
H           -3.26045331645470       -0.06481651279558       -0.69103944249099
H           -3.02549518514477        0.56334563661488        0.95512333127044
H           -2.04088249133450       -2.02847713067551       -0.06659889965028
H            0.14704410157054       -3.15824196140154       -0.02265029218969
H            2.22438162378937       -1.79780399725638        0.02068981268756
H            0.60297018068088        2.57927398230479        0.83553964308836
H            0.22714867882127        2.63858493869108       -0.88730199401079
H           -1.05342376949002        2.59094099940290        0.30909837560004
H            2.19622628941787        1.68243693648908        0.01160760714203
19
 energy: -26.290151219554 gnorm: 0.007883294276 xtb: 6.7.1 (41059b4)
C           -2.60086836074277        0.54806045215090       -0.06203824311709
C           -1.22546273818983       -0.05618252278910       -0.03012127550012
C           -1.13310418451606       -1.44451496794513       -0.03902578716206
C            0.09124618136548       -2.08002825187533       -0.01270632692530
C            1.25221130325374       -1.33378901193820        0.01047940643573
C            1.17608176300547        0.05174345161176        0.02094762886774
C           -0.06100273956715        0.71047834639534        0.01833572253991
C           -0.07287340534396        2.21658755589446        0.06867763312069
O            2.35866257474077        0.73203513325084        0.03416663938954
H           -2.60308053083729        1.56514778897126       -0.44612904716673
H           -3.25278929134605       -0.05489399366893       -0.69871694798701
H           -3.03231566470236        0.55209078530473        0.94500064407330
H           -2.04106428072329       -2.02830443851593       -0.06566558252646
H            0.14655797005160       -3.15849559069452       -0.01827679956603
H            2.22470170685758       -1.79779092431229        0.02079949403575
H            0.60707137876422        2.58083878579874        0.83707498823714
H            0.22743066205748        2.63791532136111       -0.88936385065846
H           -1.05422031948071        2.59365821456624        0.31169082460867
H            2.19547090756025        1.68159346118247        0.00415405270400
19
 energy: -26.290437208416 gnorm: 0.004566987380 xtb: 6.7.1 (41059b4)
C           -2.59794665897128        0.55107170992138       -0.06108379282734
C           -1.22483551313212       -0.05838594508683       -0.03223971062493
C           -1.13241057908267       -1.44639467029892       -0.05110187964663
C            0.09286888260511       -2.08188669181553       -0.02202816722222
C            1.25314027076628       -1.33510376074138        0.01117808257017
C            1.17704201791045        0.05084831248667        0.02729746267594
C           -0.06006528925437        0.70816592742500        0.02548612736417
C           -0.07672103953846        2.21561434829799        0.07261810486522
O            2.35952828784715        0.73028962612684        0.04361628689102
H           -2.60924046645034        1.54322305680817       -0.50738937303662
H           -3.26979485738257       -0.08305413543714       -0.64069576825019
H           -3.00113780780912        0.62024670951519        0.95392186151137
H           -2.03987727514738       -2.03123106737386       -0.08607696533094
H            0.14837672116260       -3.16014251859372       -0.03447367782372
H            2.22601068056855       -1.79896393872541        0.02217446935593
H            0.61234354291740        2.58828403909693        0.83335217665466
H            0.21104928765442        2.63317653651334       -0.89521134377517
H           -1.06175424731642        2.59039803846258        0.32555642671084
H            2.19607697485987        1.67999401816712        0.02438285334164
19
 energy: -26.290521873534 gnorm: 0.018197961480 xtb: 6.7.1 (41059b4)
C           -2.59264767056731        0.55631087360808       -0.06429592692664
C           -1.22376098348206       -0.06253937831688       -0.04042170346084
C           -1.13105819685548       -1.44949036234380       -0.07131804485374
C            0.09571737624473       -2.08510056308085       -0.03700906852945
C            1.25433868220425       -1.33732922886398        0.01163390979936
C            1.17849457756965        0.04947240654213        0.03507181320830
C           -0.05896637634358        0.70374784822583        0.03276945530679
C           -0.08513380968813        2.21207823109594        0.08440489244673
O            2.36089986706995        0.72780328710761        0.05746359930184
H           -2.61446380454098        1.49928601389311       -0.63107751776744
H           -3.30564476852858       -0.14156236292223       -0.53031129207800
H           -2.93726488838482        0.75635197212195        0.96857084001810
H           -2.03726451230495       -2.03624710475096       -0.12133724936277
H            0.15087419844712       -3.16289798692067       -0.05827611451528
H            2.22820562423137       -1.80021310719569        0.02514658171411
H            0.61662946624655        2.59414695733069        0.83338301325229
H            0.18130532823049        2.63313331380349       -0.89278328419545
H           -1.07342967618481        2.58187925408205        0.35597365670400
H            2.19582249884372        1.67731953133261        0.05169561334130
19
 energy: -26.290812340536 gnorm: 0.006000903242 xtb: 6.7.1 (41059b4)
C           -2.59501493987011        0.55338623151271       -0.06965851696657
C           -1.22417887080252       -0.06127187845321       -0.04045998049100
C           -1.13132974135794       -1.44811050553127       -0.06334729528067
C            0.09503591697722       -2.08495264208103       -0.02688869048875
C            1.25331006094864       -1.33698074258258        0.01312659837052
C            1.17805221756546        0.05001430267653        0.02898984737759
C           -0.05950328749290        0.70437931871714        0.02965704402986
C           -0.08217497875069        2.21216103158562        0.08976932391343
O            2.36056588200872        0.72840884320563        0.04253272928787
H           -2.61479744827565        1.50282354549512       -0.60022683869929
H           -3.29161727739197       -0.12277475760821       -0.56076333688789
H           -2.95292805861436        0.72224262966652        0.94837726205652
H           -2.03778804654615       -2.03454873811607       -0.11172698039718
H            0.14828858774514       -3.16262061621097       -0.04012610597826
H            2.22794370755631       -1.79882399063405        0.02564513643725
H            0.61710668380220        2.58756649753854        0.84354168373885
H            0.18810421641745        2.64188404619523       -0.88203378848806
H           -1.06928200916779        2.58645539916849        0.35991362687730
H            2.19286031745605        1.67691162020426        0.02296145499167
19
 energy: -26.290981692406 gnorm: 0.006518694549 xtb: 6.7.1 (41059b4)
C           -2.59239995421147        0.55638492049738       -0.07343204747251
C           -1.22372495719400       -0.06316269199199       -0.04333265692753
C           -1.13056550964076       -1.44962645016537       -0.06884734248984
C            0.09621663718087       -2.08636685454787       -0.02925016082430
C            1.25369085997101       -1.33774331049621        0.01246410536691
C            1.17833549126761        0.04964215038479        0.02857189420371
C           -0.05949082541754        0.70267244479096        0.03067496097470
C           -0.08603829745173        2.20977530188824        0.09761818045317
O            2.36050531074488        0.72875807721444        0.04128445613864
H           -2.61371458533380        1.48531613783781       -0.64207400001029
H           -3.30028601097607       -0.13567141861596       -0.52504899724569
H           -2.93223231863093        0.76965256852808        0.94310191607998
H           -2.03629938871630       -2.03680093239945       -0.11894106739044
H            0.14892168349527       -3.16399993654713       -0.04017827880611
H            2.22895890463819       -1.79843240343967        0.02655037847856
H            0.61434431151967        2.58262442839475        0.85131561949208
H            0.17959376892001        2.64696753743541       -0.87207704805122
H           -1.07386768964016        2.57920885462843        0.37256333431165
H            2.19070550168239        1.67695117135175        0.01831992712172
19
 energy: -26.290784261404 gnorm: 0.023317545058 xtb: 6.7.1 (41059b4)
C           -2.58133550009135        0.56888822188257       -0.08711223789803
C           -1.22221791791623       -0.07106935033796       -0.05248936103472
C           -1.12806185690596       -1.45610031639383       -0.08689858741110
C            0.10050987685720       -2.09068614687222       -0.03887922756950
C            1.25582557758522       -1.34013291310850        0.00830572067963
C            1.17909953726928        0.04809787158180        0.02733917862622
C           -0.05972484992860        0.69654987315323        0.03319415440194
C           -0.10167241192265        2.20054399157407        0.12603020968534
O            2.35928823987584        0.73198381875065        0.04259047414696
H           -2.60819393088433        1.41268616859550       -0.80430247566761
H           -3.33738519555572       -0.18108857800615       -0.38168556272617
H           -2.84955867902471        0.95709672388620        0.92071318086940
H           -2.03097097368508       -2.04627318371571       -0.14396429700329
H            0.15292580708253       -3.16876289728395       -0.04634561968487
H            2.23264039724793       -1.79721394657239        0.02706416191207
H            0.59893131543830        2.56267893584844        0.88212063494309
H            0.15139055308299        2.66261554858495       -0.83299539865085
H           -1.09137532570820        2.54689977051547        0.41351521956009
H            2.18253826939070        1.67943600266624        0.00308300622462
19
 energy: -26.291328569828 gnorm: 0.003100263802 xtb: 6.7.1 (41059b4)
C           -2.58540193016320        0.56484865308364       -0.08279952305113
C           -1.22285589776470       -0.06764344274690       -0.04660733773868
C           -1.12918175469410       -1.45353667599090       -0.07559059897012
C            0.09836698442720       -2.08850284668560       -0.03165673457295
C            1.25498631964903       -1.33882823516201        0.00881775444009
C            1.17843743604916        0.04887540534675        0.02503087279909
C           -0.05998082117219        0.69961688771046        0.03051073957677
C           -0.09540058415961        2.20382396962588        0.11559047183311
O            2.35899057689476        0.73231783931344        0.03724799244297
H           -2.60689624910921        1.44510310224573       -0.72458474507000
H           -3.31499418244230       -0.14909377935301       -0.45417764582224
H           -2.89132357945182        0.86559511298503        0.91973250615317
H           -2.03322201020674       -2.04225419126480       -0.12469381059195
H            0.15106679916195       -3.16668124806045       -0.03596399358312
H            2.23094627061821       -1.79725958720430        0.02580814290731
H            0.60099648859601        2.56456947508160        0.87506140668567
H            0.16707551377587        2.65945069070559       -0.84236910022201
H           -1.08340358416654        2.55567970757970        0.39448271692249
H            2.18444713636538        1.68006875753856       -0.00455594073526
19
 energy: -26.291408836467 gnorm: 0.002607097345 xtb: 6.7.1 (41059b4)
C           -2.58395263095628        0.56600129791175       -0.08535466610509
C           -1.22283909804370       -0.06884268720825       -0.04729207846116
C           -1.12916763385667       -1.45443916810986       -0.07581167955360
C            0.09880329794672       -2.08858386528710       -0.03260497442137
C            1.25554168454004       -1.33901391602144        0.00799776977842
C            1.17852200490227        0.04847990093554        0.02527614078622
C           -0.06003960512372        0.69876872538162        0.03045665532976
C           -0.09758471821518        2.20270973609223        0.11977047251268
O            2.35854988004054        0.73301823797521        0.03934727484413
H           -2.60654326918987        1.43041141093504       -0.74810291466940
H           -3.32110736929764       -0.15420090375670       -0.43241906260269
H           -2.87840450146487        0.89414746689927        0.91388848885291
H           -2.03300325151166       -2.04352679946619       -0.12696143418993
H            0.15219822325003       -3.16679753010453       -0.03917399112588
H            2.23134050658681       -1.79760492727733        0.02417077267954
H            0.59869130103517        2.56254171396170        0.87960466070164
H            0.16369154984302        2.66114698544747       -0.83664895120937
H           -1.08558839127785        2.55151941948497        0.40004655163574
H            2.18354495299998        1.68041449695501       -0.00690586137933
19
 energy: -26.291413094177 gnorm: 0.012951880557 xtb: 6.7.1 (41059b4)
C           -2.57750730227704        0.57262834239167       -0.09227883501252
C           -1.22289812763406       -0.07350033177017       -0.04469747482535
C           -1.12911563563250       -1.45828612172503       -0.07787547608243
C            0.10054643262692       -2.08937040774354       -0.04075095668927
C            1.25770372942897       -1.34002556405428        0.00228608831698
C            1.17879132949370        0.04682443266728        0.02887260721312
C           -0.06033219159036        0.69510335448567        0.03545355575467
C           -0.10654407445076        2.19801791245306        0.13620299881820
O            2.35659626383742        0.73572599803712        0.04963135007220
H           -2.60749116372160        1.36644408330675       -0.85344697444207
H           -3.34050363511011       -0.17576190875737       -0.33509781772427
H           -2.82765598345922        1.01504238324237        0.88509487037387
H           -2.03202107306509       -2.04860675535384       -0.13364229052633
H            0.15706780551021       -3.16755684235189       -0.05551719404044
H            2.23274459324682       -1.79964509245665        0.01411609597476
H            0.59057814411558        2.55583217442441        0.89549485606630
H            0.14756835803345        2.66626907471192       -0.81588810730306
H           -1.09475444852962        2.53506928565004        0.42282283079749
H            2.17987991138444        1.68194557759090       -0.01149695333865
19
 energy: -26.291558768220 gnorm: 0.002500133285 xtb: 6.7.1 (41059b4)
C           -2.58078942116164        0.56911445648034       -0.08909896246308
C           -1.22297281752145       -0.07124623121290       -0.04566563621936
C           -1.12929708341807       -1.45646843042476       -0.07608164400785
C            0.09964410250268       -2.08869268756636       -0.03725201074231
C            1.25688446380686       -1.33940641925236        0.00466875546485
C            1.17871524146248        0.04754033300654        0.02812163554429
C           -0.06019008862865        0.69685834060432        0.03329140485694
C           -0.10211232270212        2.20040834479648        0.12762096586866
O            2.35743272457848        0.73454241562776        0.04723298990431
H           -2.60777239842530        1.39228315331168       -0.80108834427760
H           -3.33231669767824       -0.16313707679416       -0.37929650212013
H           -2.85088892642120        0.95876417477108        0.89542466009569
H           -2.03280903646521       -2.04608285698897       -0.12904382704171
H            0.15530281852991       -3.16682531639962       -0.04992083251514
H            2.23198432919562       -1.79915143484672        0.01743769190398
H            0.59450002591225        2.56020991179720        0.88696977366097
H            0.15560457647507        2.66273728431143       -0.82714257434680
H           -1.09037001948256        2.54349559966321        0.41057528163273
H            2.18210346164826        1.68120603386421       -0.00746965179522
19
 energy: -26.291600939974 gnorm: 0.002267011481 xtb: 6.7.1 (41059b4)
C           -2.58015228354964        0.56988154955197       -0.08858499291842
C           -1.22310564741963       -0.07182046480615       -0.04350086456893
C           -1.12931114873396       -1.45700355367348       -0.07615461710732
C            0.09989300812468       -2.08878001094591       -0.03992141653940
C            1.25718377186378       -1.33947656177608        0.00318792357101
C            1.17872410722891        0.04733547782110        0.02999298344524
C           -0.06031078607551        0.69634111423706        0.03560462631981
C           -0.10312055407368        2.19991623619767        0.12882431440191
O            2.35716558054788        0.73471067651532        0.05109894245655
H           -2.60975107164606        1.37917706763693       -0.81736223441564
H           -3.33424411468739       -0.16585635673742       -0.36141805073223
H           -2.84382108507202        0.97851656984306        0.88969736589154
H           -2.03274380909416       -2.04670881235620       -0.12965817528861
H            0.15632938860341       -3.16685133363340       -0.05579324049499
H            2.23205543174299       -1.79968712609792        0.01420542704727
H            0.59406558205851        2.56122801100718        0.88700829531089
H            0.15317186430981        2.66130531608837       -0.82679861833664
H           -1.09147500056306        2.54257582186498        0.41215716833584
H            2.18209969864229        1.68134597401132       -0.00330166297467
19
 energy: -26.291672673950 gnorm: 0.005742552135 xtb: 6.7.1 (41059b4)
C           -2.57790692859786        0.57270809790141       -0.08575426064443
C           -1.22321786278169       -0.07364728590200       -0.03814834356599
C           -1.12903140151341       -1.45868398790191       -0.08020483233650
C            0.10096099680399       -2.08923990017387       -0.05234232922191
C            1.25819568539261       -1.33971451453472       -0.00206169237472
C            1.17906438388488        0.04670320573210        0.03816896999775
C           -0.06049785009101        0.69454192067108        0.04369902255934
C           -0.10666713944369        2.19835689844386        0.13078322037342
O            2.35695109123278        0.73439155837730        0.06873438884873
H           -2.61980250086853        1.32641543952981       -0.87456039330480
H           -3.34694719523349       -0.17750185213461       -0.28540670961517
H           -2.81254177614087        1.05556453573430        0.86820160805178
H           -2.03222222383188       -2.04857500901682       -0.13475428285583
H            0.15983473024023       -3.16689555639498       -0.08010452628309
H            2.23243561753309       -1.80141834120240        0.00353769659426
H            0.59108459214647        2.56718244785614        0.88525056373564
H            0.14608329617962        2.65402250529586       -0.82903457796704
H           -1.09648907092449        2.54051826359197        0.41262924830976
H            2.18336648822040        1.68142116887585        0.02065040310203
19
 energy: -26.291713185303 gnorm: 0.001964586874 xtb: 6.7.1 (41059b4)
C           -2.57900926737683        0.57150574124004       -0.08253387056013
C           -1.22353281307095       -0.07318459669780       -0.03462531657059
C           -1.12917349358076       -1.45823320891692       -0.07860172367040
C            0.10069697173704       -2.08901913362430       -0.05380998260723
C            1.25774269045169       -1.33942120660709       -0.00291713648543
C            1.17871525170536        0.04691632244722        0.03910949050199
C           -0.06081241268809        0.69502249541273        0.04534492677826
C           -0.10546303352324        2.19910875666327        0.12824791449353
O            2.35691374850117        0.73373639900141        0.07026797117813
H           -2.62377737183678        1.32330237195329       -0.87149303465839
H           -3.34242108625328       -0.17626324705603       -0.28465335241809
H           -2.81607064681080        1.05225207391099        0.86766666227104
H           -2.03246124941330       -2.04798073583268       -0.13422891463303
H            0.15951191402498       -3.16662331405384       -0.08470419240196
H            2.23206716157646       -1.80097901226715        0.00124880704734
H            0.59154392742254        2.56987770779009        0.88227022490472
H            0.14922418075570        2.65079258808946       -0.83295236096404
H           -1.09498033240311        2.54407743866314        0.40744156420037
H            2.18393879298934        1.68126215463256        0.02820549699714
19
 energy: -26.291738628774 gnorm: 0.001958305856 xtb: 6.7.1 (41059b4)
C           -2.57949360405564        0.57093182163056       -0.07919658850005
C           -1.22355104232678       -0.07310796774920       -0.03401227644231
C           -1.12902570220797       -1.45796647774095       -0.08171831286337
C            0.10081939464506       -2.08892993352267       -0.05963690991137
C            1.25749098704176       -1.33919800448083       -0.00472235178545
C            1.17861987272300        0.04702512443730        0.04164366335310
C           -0.06093175893520        0.69518281447334        0.04671735932185
C           -0.10503839213644        2.19955380477688        0.12520836198006
O            2.35724128776600        0.73258309265282        0.07674762270027
H           -2.63286330548988        1.30290442608654       -0.88152877479234
H           -3.34712606753632       -0.17987124701925       -0.25416073408821
H           -2.80485799177494        1.07350197655894        0.86041854077504
H           -2.03229473315514       -2.04758527090477       -0.13782367284937
H            0.15944919900527       -3.16624669826274       -0.09469647327252
H            2.23210565097481       -1.80023261163956       -0.00118021861443
H            0.58815471214572        2.57315731123965        0.88112280872417
H            0.15489755638298        2.64690146484837       -0.83669761226267
H           -1.09587973984235        2.54670932592142        0.39752202045250
H            2.18493660898323        1.68083664344253        0.04527672147831
19
 energy: -26.291742353879 gnorm: 0.002843495571 xtb: 6.7.1 (41059b4)
C           -2.57987928369944        0.57028971669894       -0.07346709968771
C           -1.22379171986886       -0.07358065889945       -0.03069603663945
C           -1.12878906699572       -1.45803911403264       -0.08503628785622
C            0.10123959352115       -2.08907836325134       -0.06821783375376
C            1.25721173853833       -1.33911970425793       -0.00818162813142
C            1.17824409941024        0.04702458266275        0.04437281017147
C           -0.06134499831610        0.69504307503976        0.04928192257754
C           -0.10534188959379        2.19953806868979        0.12337905043289
O            2.35721932024740        0.73140537398530        0.08439030545707
H           -2.64756550690470        1.26680208598025       -0.91132367793759
H           -3.35084320322122       -0.18703125484333       -0.20049889662594
H           -2.78525932330482        1.11823097346883        0.84864732677282
H           -2.03183484053272       -2.04780710799976       -0.14406032648094
H            0.15966280775111       -3.16615734047196       -0.11088434574247
H            2.23239342288256       -1.79905629463481       -0.00636448359173
H            0.58060746426664        2.57605188247706        0.88413515712428
H            0.16408509246574        2.64256851206796       -0.83770676902761
H           -1.09846094522695        2.54872774523970        0.38385518792730
H            2.18510017078831        1.68033741682928        0.06765879841469
19
 energy: -26.291761315105 gnorm: 0.001261331415 xtb: 6.7.1 (41059b4)
C           -2.58029051201810        0.56995328048062       -0.07332170223905
C           -1.22371513414978       -0.07312671468693       -0.03289625491378
C           -1.12881176861317       -1.45758591630794       -0.08578252996064
C            0.10107014981653       -2.08892889080244       -0.06690805300396
C            1.25707956097644       -1.33916032679890       -0.00746886065845
C            1.17816978436271        0.04710380640112        0.04232194795587
C           -0.06119790851975        0.69548489839769        0.04658165391183
C           -0.10444785851059        2.19989282700650        0.12253728585892
O            2.35719883376977        0.73156997011984        0.08128937179927
H           -2.64864866528836        1.27335014084672       -0.90303873756021
H           -3.35030356143782       -0.18628465068788       -0.20622305837254
H           -2.78736876650584        1.10788530552078        0.85173770534028
H           -2.03186521925692       -2.04730850397199       -0.14442012086120
H            0.15878427559985       -3.16607737294354       -0.10692893207389
H            2.23249302501644       -1.79856447331759       -0.00375532019374
H            0.57833216870865        2.57406732766785        0.88732928592187
H            0.17004653769920        2.64466747634518       -0.83612006445327
H           -1.09836338868520        2.54901399488814        0.37902233278450
H            2.18449137924312        1.68019741659116        0.06532722412142
19
 energy: -26.291775601940 gnorm: 0.002043947466 xtb: 6.7.1 (41059b4)
C           -2.58135542451239        0.56895960290400       -0.07154473497132
C           -1.22389526877860       -0.07276530750459       -0.03711914152892
C           -1.12879841021211       -1.45721568857770       -0.08911293454872
C            0.10103058231517       -2.08891591733528       -0.06721473876020
C            1.25700673232778       -1.33936600396752       -0.00748643714151
C            1.17776188608300        0.04718049089148        0.03843732865051
C           -0.06123955032791        0.69601476352356        0.04138276288362
C           -0.10257813406392        2.20038327473149        0.12018097675228
O            2.35653950882621        0.73247774931490        0.07657646959999
H           -2.65625595619866        1.27469481359594       -0.89470775578619
H           -3.35134436907767       -0.18688231643596       -0.19829647827220
H           -2.78356959615426        1.10369551436407        0.85510235992617
H           -2.03170295047058       -2.04703588382292       -0.14723232785555
H            0.15767623244193       -3.16625547694367       -0.10345124999805
H            2.23296952158056       -1.79755296953216       -0.00003315399940
H            0.56763109317954        2.56963034044683        0.89910962350358
H            0.19093197846163        2.64809134092790       -0.83154744282651
H           -1.10022000270534        2.55059763580239        0.35936943624256
H            2.18206505949279        1.68041363236564        0.06687061153307
19
 energy: -26.291784002346 gnorm: 0.001930313900 xtb: 6.7.1 (41059b4)
C           -2.58198482887746        0.56851129075775       -0.06922505535392
C           -1.22410829574995       -0.07239246175965       -0.03771388320183
C           -1.12887940381654       -1.45684326383064       -0.09034180921428
C            0.10091175747982       -2.08862485838322       -0.06900424268668
C            1.25696419566058       -1.33928338356732       -0.00869782620266
C            1.17759142070006        0.04726206496613        0.03761931972512
C           -0.06131642335497        0.69629048804768        0.04017255800495
C           -0.10144118225187        2.20070712800368        0.11874639815710
O            2.35623219882648        0.73282783946592        0.07655204618945
H           -2.66274729621931        1.26992508018755       -0.89671227144520
H           -3.35243514694449       -0.18910717692001       -0.18653779779371
H           -2.77947077374556        1.10709336787378        0.85523565982672
H           -2.03175386019333       -2.04672323752581       -0.14832097456859
H            0.15746559795219       -3.16601757939783       -0.10537582694101
H            2.23286307406334       -1.79754589685844       -0.00067323330326
H            0.56055315384779        2.56837731544665        0.90564794352644
H            0.20391689084806        2.64806310717854       -0.82955162792006
H           -1.10110735774326        2.55288873948856        0.34646355199377
H            2.18139921172558        1.68074103157505        0.07100024461089
19
 energy: -26.291793168723 gnorm: 0.000524697909 xtb: 6.7.1 (41059b4)
C           -2.58212766336042        0.56870158437095       -0.06751703320021
C           -1.22448788645927       -0.07275890858227       -0.03664260976933
C           -1.12900454587925       -1.45726798568840       -0.08962863816616
C            0.10094008035894       -2.08864265908229       -0.06946942714244
C            1.25709122309115       -1.33912685205018       -0.00960350835436
C            1.17742497020795        0.04721162586167        0.03807106301230
C           -0.06174970084007        0.69584410550806        0.04104856849510
C           -0.10149301570892        2.20046992174584        0.11810165379226
O            2.35570629951965        0.73326194642018        0.07747192295245
H           -2.66171164190518        1.27063137078866       -0.89673567824279
H           -3.35166459706699       -0.18960582548461       -0.18754454910437
H           -2.77986256244327        1.10803171330579        0.85918754403965
H           -2.03186864221361       -2.04733698341283       -0.14739585745159
H            0.15822929045440       -3.16600300128114       -0.10680879440575
H            2.23266958940025       -1.79809206077781       -0.00259436421898
H            0.55613961876569        2.56849723377871        0.90830057728237
H            0.20969281612599        2.64658683780498       -0.82905718233229
H           -1.10220549624346        2.55437504091573        0.33954544929582
H            2.18093479640357        1.68137249060735        0.07055403692153
19
 energy: -26.291799511412 gnorm: 0.000784729801 xtb: 6.7.1 (41059b4)
C           -2.58253125222442        0.56823530555555       -0.06601362283537
C           -1.22478295398778       -0.07296845813281       -0.03546785848437
C           -1.12905218589408       -1.45753007618752       -0.08868268851327
C            0.10102397146095       -2.08847541438255       -0.07018130069405
C            1.25728031312462       -1.33881616287597       -0.01067360152984
C            1.17737538960781        0.04735091698488        0.03803621516128
C           -0.06205639596437        0.69560272588242        0.04138867596352
C           -0.10092893031890        2.20031934452462        0.11726419819465
O            2.35519240511234        0.73401030787427        0.07841764428314
H           -2.66208821282795        1.27134114166039       -0.89472586540644
H           -3.35233456556138       -0.18945175814429       -0.18696333083241
H           -2.78047336691562        1.10742356943228        0.86116872395543
H           -2.03187209337952       -2.04781187218834       -0.14571554105594
H            0.15896643512785       -3.16578555363035       -0.10847246389716
H            2.23253126503409       -1.79847071415216       -0.00477501960691
H            0.55024688113665        2.56809851021869        0.91292621266571
H            0.21911047010542        2.64507788130171       -0.82774471328474
H           -1.10320288688316        2.55585577364227        0.32932742763204
H            2.18024864545462        1.68214412736530        0.07017008168793
19
 energy: -26.291818036363 gnorm: 0.002643011282 xtb: 6.7.1 (41059b4)
C           -2.58453977570028        0.56627618404351       -0.05781326257561
C           -1.22621778082213       -0.07335183542007       -0.03206101553191
C           -1.12947383645539       -1.45824123330858       -0.08518941466693
C            0.10108843236718       -2.08763060426905       -0.07340786214625
C            1.25774668328337       -1.33744804499873       -0.01626628372355
C            1.17678661946858        0.04804245487670        0.03648735426695
C           -0.06362432177128        0.69511691687502        0.04048559409057
C           -0.09776442997742        2.20026703499123        0.11242636366540
O            2.35252726668900        0.73752367850653        0.08131821928458
H           -2.66658254533994        1.27293350721718       -0.88393488161657
H           -3.35415303655259       -0.19082017214528       -0.18059722088665
H           -2.78168325356750        1.10289737957090        0.87154312091276
H           -2.03210108137812       -2.04933851430787       -0.13760333556526
H            0.16131771445779       -3.16473821720691       -0.11496732294720
H            2.23188402970670       -1.79943649843982       -0.01473344207098
H            0.51686080482268        2.56429899105404        0.93996688864484
H            0.27269308308601        2.64055447812692       -0.81818107466727
H           -1.10820598036408        2.56383634053213        0.27291204051232
H            2.17609434025459        1.68540774905053        0.06889870842397
19
 energy: -26.291826125116 gnorm: 0.001884153167 xtb: 6.7.1 (41059b4)
C           -2.58491997354728        0.56597887523306       -0.05679094471476
C           -1.22628889424609       -0.07325032145707       -0.03194646733089
C           -1.12947264693952       -1.45813506909639       -0.08508604664453
C            0.10106797628329       -2.08756576551093       -0.07389581096325
C            1.25772506095920       -1.33739305789364       -0.01711297300702
C            1.17672404583302        0.04809920493358        0.03534157909519
C           -0.06366471704498        0.69525972257095        0.03946076823451
C           -0.09720476164198        2.20036436758480        0.11167432066876
O            2.35237345248205        0.73771823077650        0.08078992054540
H           -2.66829576048983        1.27229373291790       -0.88274124607712
H           -3.35449577446068       -0.19142537750058       -0.17843935971904
H           -2.78113823246872        1.10233121535773        0.87250638916294
H           -2.03209392411973       -2.04923732442586       -0.13711034592561
H            0.16107529281660       -3.16468779697159       -0.11504709466984
H            2.23196852036508       -1.79913376389089       -0.01518833601169
H            0.51158790850228        2.56368340878824        0.94320940845142
H            0.27983364468864        2.64102657612842       -0.81534071162677
H           -1.10765999030254        2.56472645812602        0.26509275246562
H            2.17553170553835        1.68549627907814        0.06990737146988
19
 energy: -26.291849716523 gnorm: 0.000934753084 xtb: 6.7.1 (41059b4)
C           -2.58689853674023        0.56466982305755       -0.04916027110257
C           -1.22664105153249       -0.07248036217251       -0.03256460534195
C           -1.12941761012674       -1.45736016358603       -0.08539684485620
C            0.10099459749744       -2.08717540915263       -0.07673392986987
C            1.25755267501147       -1.33704485247703       -0.02193004295268
C            1.17621333957166        0.04849354700725        0.02963631429718
C           -0.06397189605209        0.69627304274110        0.03348930098607
C           -0.09445327087137        2.20130009856316        0.10663250029275
O            2.35150214299886        0.73881388044047        0.07633566551571
H           -2.67900894653220        1.26839234062992       -0.87485956713249
H           -3.35570419627181       -0.19525268851488       -0.16317901604722
H           -2.77653470245778        1.09999065591999        0.88036452467474
H           -2.03206474897381       -2.04854046968932       -0.13412085500211
H            0.15960386824078       -3.16438059667063       -0.11622997387115
H            2.23261621342737       -1.79700866644247       -0.01916275007105
H            0.47552934647923        2.55876153582702        0.96769914769140
H            0.32951672178953        2.64262890052719       -0.79879104039430
H           -1.10846047818976        2.57001862156310        0.21105956396934
H            2.17227946493910        1.68605035717712        0.07619505261762
19
 energy: -26.291857998083 gnorm: 0.000822481768 xtb: 6.7.1 (41059b4)
C           -2.58712104412567        0.56449223618248       -0.04523782386165
C           -1.22668862015530       -0.07237196257375       -0.03322046033808
C           -1.12938667823521       -1.45717405659734       -0.08610107332414
C            0.10106428196930       -2.08729778811476       -0.07823601483008
C            1.25742000425208       -1.33715397865433       -0.02416687342858
C            1.17590067589372        0.04852424666796        0.02725405703590
C           -0.06402118453698        0.69660405937318        0.03120328557822
C           -0.09417568818151        2.20179016308700        0.10427453543610
O            2.35145528907292        0.73865976196121        0.07313901363488
H           -2.68388800296789        1.26476507710566       -0.87331185059177
H           -3.35560867992987       -0.19677601379056       -0.15273017516592
H           -2.77204297471039        1.10284799753225        0.88355733391099
H           -2.03205695740964       -2.04838276962444       -0.13381458466313
H            0.15892943843503       -3.16455111307748       -0.11756809117211
H            2.23311699490074       -1.79587414925632       -0.02141344176675
H            0.45744642629205        2.55730829008003        0.97802211682139
H            0.35063057731815        2.64284333430881       -0.79118380813455
H           -1.10989259244895        2.57209115216603        0.18605655595190
H            2.17157166677458        1.68580510797278        0.08276047231058
19
 energy: -26.291864009974 gnorm: 0.001009495463 xtb: 6.7.1 (41059b4)
C           -2.58703125864126        0.56441155265224       -0.04184378602111
C           -1.22668594669291       -0.07251697624710       -0.03331550801254
C           -1.12934313135081       -1.45710384902828       -0.08726781785258
C            0.10124186630655       -2.08748897635736       -0.08066058331610
C            1.25728088109777       -1.33731647665827       -0.02655410762422
C            1.17563611756956        0.04857350508576        0.02501716789188
C           -0.06388835967798        0.69678685926033        0.02943443837056
C           -0.09431514614507        2.20211033790135        0.10202410115503
O            2.35170942334003        0.73810877971075        0.07029280548533
H           -2.68889609784714        1.25777484641295       -0.87550167844602
H           -3.35605108161077       -0.19786413923660       -0.13848477746781
H           -2.76576644525528        1.11074312038385        0.88393286653674
H           -2.03199477257370       -2.04839362208140       -0.13458715062463
H            0.15841328612258       -3.16478796026261       -0.11980567344357
H            2.23364059226988       -1.79468890477409       -0.02358811890541
H            0.44234518806481        2.55707706988335        0.98402093802045
H            0.36481721852176        2.64276953351755       -0.78495760502982
H           -1.11010317315044        2.57281166737655        0.16693137613202
H            2.17164377185954        1.68514322720943        0.09419628655502
19
 energy: -26.291850101743 gnorm: 0.004064981872 xtb: 6.7.1 (41059b4)
C           -2.58832469946843        0.56292554034569       -0.03046224712264
C           -1.22757082643094       -0.07306839041724       -0.03073096374262
C           -1.12946773057709       -1.45736716314339       -0.08754290095574
C            0.10165580678492       -2.08725147917094       -0.08794709969734
C            1.25734223830282       -1.33675622704227       -0.03462980167705
C            1.17485394840782        0.04910904116260        0.01984561661723
C           -0.06451812737342        0.69679821369048        0.02572283634083
C           -0.09245431042528        2.20255701817599        0.09475985939938
O            2.35060504698080        0.73919141606292        0.06738501051529
H           -2.70221781525109        1.24294659959922       -0.87485066293496
H           -3.35866290026528       -0.20088139010578       -0.10467809043228
H           -2.75402935701316        1.12527429867102        0.88928098034860
H           -2.03190938057668       -2.04931105889324       -0.13196614557209
H            0.15890673090278       -3.16448224443435       -0.12904587726392
H            2.23420743511834       -1.79305504011801       -0.03353111150495
H            0.39455465342535        2.55515308356823        1.01012389849064
H            0.42252471426412        2.63988579901155       -0.76743739364277
H           -1.11226012063412        2.57890601796110        0.09777738776853
H            2.16941762603568        1.68557555982483        0.11720987846908
19
 energy: -26.291870433249 gnorm: 0.001118929486 xtb: 6.7.1 (41059b4)
C           -2.58761902280247        0.56368202121706       -0.03576014454912
C           -1.22716902252678       -0.07289026553512       -0.03162413186587
C           -1.12939770465024       -1.45733948294002       -0.08729598343348
C            0.10149984535332       -2.08727859254642       -0.08496892087234
C            1.25742606319724       -1.33694092286636       -0.03100534379707
C            1.17532737214973        0.04885863026072        0.02300811436234
C           -0.06425323036923        0.69665030811820        0.02795136000288
C           -0.09354753345438        2.20218734782214        0.09818121222789
O            2.35109731267745        0.73875105101590        0.07025749063580
H           -2.69617532385261        1.24825084018653       -0.87649507952016
H           -3.35759423246544       -0.19918389693703       -0.11840969765446
H           -2.75908677720885        1.12076688640248        0.88546796875189
H           -2.03191563297242       -2.04903764978255       -0.13292242012690
H            0.15909305243511       -3.16448359482446       -0.12628699661549
H            2.23380262513931       -1.79425797179273       -0.02979583709979
H            0.41726022026855        2.55666675294575        0.99695920820685
H            0.39434338090930        2.64059344575768       -0.77609631767081
H           -1.11119963839544        2.57590829530055        0.13070426129818
H            2.17076117877497        1.68524639294608        0.10741443112287
19
 energy: -26.291873588743 gnorm: 0.000438794610 xtb: 6.7.1 (41059b4)
C           -2.58747602708355        0.56383027140481       -0.03548644176913
C           -1.22709683421694       -0.07284550729786       -0.03143743057618
C           -1.12937423974734       -1.45733952737489       -0.08746275540402
C            0.10148313492922       -2.08712335253294       -0.08593033830600
C            1.25754739783208       -1.33685395138802       -0.03145661866287
C            1.17553125713070        0.04882039314322        0.02405638458802
C           -0.06423378237412        0.69657158858405        0.02845631106777
C           -0.09388173086018        2.20203587674955        0.09808650833001
O            2.35114530224935        0.73872514529771        0.07254068460573
H           -2.69729246608594        1.24490638165002       -0.87874160634013
H           -3.35768512088544       -0.19918188031406       -0.11358967284396
H           -2.75759837376725        1.12472749768257        0.88336779091791
H           -2.03189854119499       -2.04904923381337       -0.13265544745441
H            0.15943921351818       -3.16425790066404       -0.12869069738539
H            2.23359522433033       -1.79484589080364       -0.03111649202398
H            0.41617918468799        2.55753347478596        0.99617758447705
H            0.39401432116794        2.63982650557917       -0.77567217848595
H           -1.11087525250181        2.57559871303628        0.12965194578918
H            2.17113026507893        1.68507099102386        0.10918564287956
19
 energy: -26.291876245603 gnorm: 0.000380624018 xtb: 6.7.1 (41059b4)
C           -2.58757248745350        0.56372490671196       -0.03363463812001
C           -1.22717010377029       -0.07286335374819       -0.03038493531807
C           -1.12943999575815       -1.45739509739910       -0.08775826567296
C            0.10144444488241       -2.08686730238027       -0.08850775822431
C            1.25764836126372       -1.33661108822736       -0.03323618050903
C            1.17565455167712        0.04884651195125        0.02458100566924
C           -0.06432361697968        0.69647748677565        0.02890124925145
C           -0.09379200584828        2.20197439001589        0.09707508139922
O            2.35095492359043        0.73895679463341        0.07577812437194
H           -2.70082908174770        1.23796536461170       -0.88191333370741
H           -3.35814598863974       -0.19980927436571       -0.10243244151992
H           -2.75390068707230        1.13203759685875        0.88114232539019
H           -2.03195282441903       -2.04912849189456       -0.13257339490297
H            0.15988036273754       -3.16390580814092       -0.13300701011112
H            2.23333214402698       -1.79534351846785       -0.03366020094445
H            0.40891748764609        2.55831242039956        0.99874592181700
H            0.40142078821446        2.63858778733998       -0.77286801286944
H           -1.11046768333503        2.57600221643516        0.11939690892857
H            2.17099434319209        1.68518805363905        0.11363872847530
19
 energy: -26.291878162308 gnorm: 0.000345043586 xtb: 6.7.1 (41059b4)
C           -2.58779394882170        0.56347290340516       -0.03007075225975
C           -1.22719731923809       -0.07288407771537       -0.02958986391738
C           -1.12940553106040       -1.45740977686003       -0.08882613173019
C            0.10148384919697       -2.08660631935671       -0.09200752705271
C            1.25777151171014       -1.33637904652995       -0.03543467438414
C            1.17575373740726        0.04884600372481        0.02509445057899
C           -0.06437966926109        0.69639893793517        0.02884489435699
C           -0.09357590244726        2.20195982656336        0.09540884591931
O            2.35074908963251        0.73911396980764        0.07932722975249
H           -2.70699209110070        1.22770355078141       -0.88558988319164
H           -3.35893942571080       -0.20075488055728       -0.08467397859261
H           -2.74787199959452        1.14265306908076        0.87894877409374
H           -2.03193387268560       -2.04915046542202       -0.13310642160412
H            0.16031199151654       -3.16351336645212       -0.13925138378915
H            2.23320143524841       -1.79562813458402       -0.03713746862316
H            0.39465033716054        2.55902244250042        1.00511935119327
H            0.41658194551617        2.63697257430375       -0.76702727658977
H           -1.11036685986444        2.57709957900886        0.09963504048117
H            2.17060565460319        1.68523280511457        0.11961994876185
19
 energy: -26.291878486308 gnorm: 0.000194026078 xtb: 6.7.1 (41059b4)
C           -2.58781871169147        0.56341409424347       -0.02929644367662
C           -1.22722348286025       -0.07289619179542       -0.02930479021587
C           -1.12941546613206       -1.45738619715944       -0.08931706580399
C            0.10149641267266       -2.08661147504551       -0.09292863839877
C            1.25773415186686       -1.33637905019727       -0.03588861337361
C            1.17568571193652        0.04884331837948        0.02496134732697
C           -0.06440569189602        0.69642983361908        0.02891245722595
C           -0.09348475333903        2.20202530132506        0.09516832181527
O            2.35070274331595        0.73907393530337        0.07977387453444
H           -2.70865166322756        1.22524432471797       -0.88632735428370
H           -3.35882065950921       -0.20096373330927       -0.08055157756078
H           -2.74631522354416        1.14491365614197        0.87836051939541
H           -2.03195897680301       -2.04906986624554       -0.13403540026973
H            0.16021329377408       -3.16351119274542       -0.14011927054109
H            2.23325727298836       -1.79542326922640       -0.03694613384079
H            0.39141480520013        2.55880741705433        1.00677714524781
H            0.42011293654078        2.63703357498609       -0.76534001270306
H           -1.11022087592858        2.57733298009143        0.09544757996269
H            2.17035110884315        1.68527213461043        0.11993722856267
19
 energy: -26.291878615661 gnorm: 0.000093709875 xtb: 6.7.1 (41059b4)
C           -2.58783396687866        0.56336928457470       -0.02896509726186
C           -1.22718626736684       -0.07287277208004       -0.02961772077599
C           -1.12938950723780       -1.45732146142649       -0.08982523926218
C            0.10150924152963       -2.08664362057835       -0.09304689737523
C            1.25769436217361       -1.33643943608689       -0.03568804554245
C            1.17565332334607        0.04883362105329        0.02482349882629
C           -0.06434832643030        0.69648566635894        0.02860626528264
C           -0.09345236310577        2.20206950436103        0.09527323145259
O            2.35076159953877        0.73895163649972        0.07982552008648
H           -2.70960795705072        1.22395121962051       -0.88674809719538
H           -3.35885148254158       -0.20110391849003       -0.07822196463466
H           -2.74527360607116        1.14612695085129        0.87799960004457
H           -2.03194709408012       -2.04896616606223       -0.13488952317877
H            0.16005611399291       -3.16354584220108       -0.14041804337794
H            2.23335540349476       -1.79521682344988       -0.03647668845165
H            0.38960171674224        2.55859661994271        1.00794408200056
H            0.42173851725261        2.63732244611501       -0.76406941118053
H           -1.11016145932123        2.57736213654157        0.09355304171831
H            2.17033468422070        1.68519054920464        0.11922466222843
19
 energy: -26.291878550432 gnorm: 0.000158649362 xtb: 6.7.1 (41059b4)
C           -2.58785345104105        0.56331992823534       -0.02869295041745
C           -1.22714986569094       -0.07284840589379       -0.02991597127017
C           -1.12936875315255       -1.45726266799563       -0.09025363636691
C            0.10151421980092       -2.08666980137458       -0.09309834973750
C            1.25765529646105       -1.33649010988420       -0.03547161946957
C            1.17562814993888        0.04882679800037        0.02467787832382
C           -0.06429173663271        0.69653837440968        0.02829919669561
C           -0.09340571133394        2.20211031295271        0.09536533203032
O            2.35081707027668        0.73884306820463        0.07986847622220
H           -2.71042495272996        1.22286459649724       -0.88708240506108
H           -3.35889259818347       -0.20122506804925       -0.07626262520607
H           -2.74438163392762        1.14712095401603        0.87769245742979
H           -2.03193988461732       -2.04886842812406       -0.13565456564820
H            0.15991070003135       -3.16357238984122       -0.14067987597682
H            2.23343779806992       -1.79503359908449       -0.03604776721391
H            0.38813483095501        2.55844180537362        1.00892087098622
H            0.42304404797280        2.63758165831578       -0.76302779100419
H           -1.11010159193213        2.57735417875760        0.09202202718436
H            2.17032099794223        1.68511839023260        0.11862449190275
19
 energy: -26.291878639260 gnorm: 0.000050497382 xtb: 6.7.1 (41059b4)
C           -2.58780401503048        0.56340905048013       -0.02902235811968
C           -1.22717794144309       -0.07287169508502       -0.02974382291133
C           -1.12936960215971       -1.45730334023222       -0.09000266749700
C            0.10153450071963       -2.08667270410062       -0.09302142432051
C            1.25769440744820       -1.33648348696700       -0.03557423505310
C            1.17563352093516        0.04882092802880        0.02491598003996
C           -0.06434392680560        0.69649328791097        0.02864586972336
C           -0.09353077465718        2.20207322134266        0.09542353903192
O            2.35078266844420        0.73890826614797        0.07968554210745
H           -2.70963168478314        1.22403447248268       -0.88676505012281
H           -3.35878652192061       -0.20109545801203       -0.07828383357023
H           -2.74521994494435        1.14608478811175        0.87799245553568
H           -2.03192462869173       -2.04895484018632       -0.13507581580763
H            0.16001532409632       -3.16358839153892       -0.14016940037894
H            2.23340386933413       -1.79516562561493       -0.03618273292217
H            0.38949937408107        2.55838192113600        1.00809321722489
H            0.42171809429127        2.63748472346399       -0.76378213170302
H           -1.11020946322869        2.57743614802346        0.09372884211099
H            2.17036967652175        1.68515832935708        0.11842120003539
