#========================================================================================
#                     Free energy perturbation    
#----------------------------------------------------------------------------------------
#forward/backward          λ              ΔΔA                 ΔA                  δε   
#                                                 
#----------------------------------------------------------------------------------------
forward:               0.0000              0.0000              0.0000              0.0000  
forward:               0.0500              1.2667              1.2667              0.0140  
forward:               0.1000              0.7789              2.0456              0.0214  
forward:               0.1500              0.4663              2.5119              0.0232  
forward:               0.2000              0.2920              2.8039              0.0246  
forward:               0.2500              0.1859              2.9898              0.0253  
forward:               0.3000              0.1134              3.1031              0.0259  
forward:               0.3500              0.0703              3.1734              0.0264  
forward:               0.4000              0.0310              3.2044              0.0267  
forward:               0.4500              0.0053              3.2097              0.0272  
forward:               0.5000             -0.0090              3.2007              0.0275  
forward:               0.5500             -0.1180              3.0828              0.0279  
forward:               0.6000             -0.2830              2.7998              0.0284  
forward:               0.6500             -0.4339              2.3659              0.0290  
forward:               0.7000             -0.5854              1.7806              0.0299  
forward:               0.7500             -0.6736              1.1070              0.0304  
forward:               0.8000             -0.7216              0.3853              0.0309  
forward:               0.8500             -0.7118             -0.3264              0.0313  
forward:               0.9000             -0.6874             -1.0138              0.0316  
forward:               0.9500             -0.6662             -1.6800              0.0320  
forward:               1.0000             -0.6348             -2.3148              0.0323  
backward:              1.0000              0.0000             -2.3148              0.0000  
backward:              0.9500              0.6482             -1.6666              0.0076  
backward:              0.9000              0.6754             -0.9912              0.0098  
backward:              0.8500              0.6858             -0.3054              0.0121  
backward:              0.8000              0.7090              0.4035              0.0135  
backward:              0.7500              0.7128              1.1163              0.0148  
backward:              0.7000              0.6658              1.7821              0.0164  
backward:              0.6500              0.5761              2.3582              0.0176  
backward:              0.6000              0.4172              2.7754              0.0189  
backward:              0.5500              0.2787              3.0541              0.0198  
backward:              0.5000              0.0978              3.1519              0.0232  
backward:              0.4500              0.0089              3.1608              0.0239  
backward:              0.4000             -0.0084              3.1525              0.0247  
backward:              0.3500             -0.0401              3.1124              0.0255  
backward:              0.3000             -0.0579              3.0544              0.0265  
backward:              0.2500             -0.1132              2.9412              0.0267  
backward:              0.2000             -0.1627              2.7784              0.0277  
backward:              0.1500             -0.2676              2.5108              0.0298  
backward:              0.1000             -0.4627              2.0481              0.0327  
backward:              0.0500             -0.7782              1.2699              0.0380  
backward:              0.0000             -1.3042             -0.0343              0.0467  
Inaccuracy estimation
======================================================================================================
                   i        i+δi          P0_overlap_P1   δε(forward)/ε   δε(backward)/ε
======================================================================================================
inaccuracy:  0.00000        0.05000           43.37           -0.03            1.19
inaccuracy:  0.05000        0.10000           51.58           -0.03            0.77
inaccuracy:  0.10000        0.15000           57.96           -0.02            0.48
inaccuracy:  0.15000        0.20000           63.33           -0.01            0.31
inaccuracy:  0.20000        0.25000           67.15           -0.01            0.22
inaccuracy:  0.25000        0.30000           70.61           -0.01            0.16
inaccuracy:  0.30000        0.35000           71.00           -0.02            0.14
inaccuracy:  0.35000        0.40000           73.40           -0.01            0.13
inaccuracy:  0.40000        0.45000           74.14           -0.01            0.12
inaccuracy:  0.45000        0.50000           73.72           -0.01            0.10
inaccuracy:  0.50000        0.55000           69.07           -0.06            0.12
inaccuracy:  0.55000        0.60000           68.69           -0.09            0.10
inaccuracy:  0.60000        0.65000           68.53           -0.10            0.08
inaccuracy:  0.65000        0.70000           67.58           -0.08            0.08
inaccuracy:  0.70000        0.75000           67.78           -0.09            0.07
inaccuracy:  0.75000        0.80000           67.88           -0.09            0.07
inaccuracy:  0.80000        0.85000           68.07           -0.08            0.08
inaccuracy:  0.85000        0.90000           66.53           -0.09            0.08
inaccuracy:  0.90000        0.95000           65.87           -0.09            0.09
inaccuracy:  0.95000        1.00000           64.95           -0.08            0.10
===================================================================================================================================
                BAR        
-----------------------------------------------------------------------------------------------------------------------------------
BAR-estimator:         λ             λ+δλ          ΔΔA             ΔA            C               Δδe            δe       
                          
-----------------------------------------------------------------------------------------------------------------------------------
BAR-estimator:      0.00000        0.05000        1.2812         1.2812         1.2812         0.0100         0.0100 
BAR-estimator:      0.05000        0.10000        0.7818         2.0630         0.7818         0.0096         0.0138 
BAR-estimator:      0.10000        0.15000        0.4622         2.5252         0.4622         0.0060         0.0151 
BAR-estimator:      0.15000        0.20000        0.2859         2.8111         0.2859         0.0053         0.0160 
BAR-estimator:      0.20000        0.25000        0.1791         2.9902         0.1791         0.0043         0.0166 
BAR-estimator:      0.25000        0.30000        0.1122         3.1024         0.1122         0.0039         0.0170 
BAR-estimator:      0.30000        0.35000        0.0644         3.1668         0.0644         0.0036         0.0174 
BAR-estimator:      0.35000        0.40000        0.0334         3.2002         0.0334         0.0032         0.0177 
BAR-estimator:      0.40000        0.45000        0.0076         3.2078         0.0076         0.0034         0.0180 
BAR-estimator:      0.45000        0.50000       -0.0112         3.1967        -0.0112         0.0029         0.0182 
BAR-estimator:      0.50000        0.55000       -0.1114         3.0853        -0.1114         0.0036         0.0186 
BAR-estimator:      0.55000        0.60000       -0.2797         2.8056        -0.2797         0.0032         0.0189 
BAR-estimator:      0.60000        0.65000       -0.4310         2.3746        -0.4310         0.0040         0.0193 
BAR-estimator:      0.65000        0.70000       -0.5772         1.7975        -0.5772         0.0041         0.0197 
BAR-estimator:      0.70000        0.75000       -0.6714         1.1260        -0.6714         0.0039         0.0201 
BAR-estimator:      0.75000        0.80000       -0.7191         0.4069        -0.7191         0.0037         0.0204 
BAR-estimator:      0.80000        0.85000       -0.7088        -0.3019        -0.7088         0.0035         0.0207 
BAR-estimator:      0.85000        0.90000       -0.6946        -0.9965        -0.6946         0.0036         0.0210 
BAR-estimator:      0.90000        0.95000       -0.6697        -1.6662        -0.6697         0.0038         0.0214 
BAR-estimator:      0.95000        1.00000       -0.6451        -2.3113        -0.6451         0.0035         0.0216 
BAR-estimator: total free energy change is -2.311296690021196 , total error is 0.02163641187650686
