2025-04-08 22:49:14,084 -   censo.qm_processor   -   INFO   - worker108235:Running sp calculation in /home/michael/Documents/CHEM4561/automated/1851/0_PRESCREENING/CONF1/sp.
2025-04-08 22:49:18,700 -     censo.parallel     -   INFO   - All jobs executed successfully.
2025-04-08 22:49:18,722 -   censo.qm_processor   -   INFO   - worker108338:Running sp calculation in /home/michael/Documents/CHEM4561/automated/1851/1_SCREENING/CONF1/sp.
2025-04-08 22:49:41,162 -     censo.parallel     -   INFO   - All jobs executed successfully.
2025-04-08 22:49:41,185 -   censo.qm_processor   -   INFO   - worker108493:Running xtb_opt calculation in /home/michael/Documents/CHEM4561/automated/1851/2_OPTIMIZATION/CONF1/xtb_opt.
2025-04-08 23:07:19,270 -     censo.parallel     -   INFO   - All jobs executed successfully.
2025-04-08 23:07:19,287 -   censo.qm_processor   -   INFO   - worker113062:Running xtb_rrho calculation in /home/michael/Documents/CHEM4561/automated/1851/2_OPTIMIZATION/CONF1/xtb_rrho.
2025-04-08 23:07:20,680 -     censo.parallel     -   INFO   - All jobs executed successfully.
2025-04-08 23:07:20,699 -   censo.qm_processor   -   INFO   - worker113165:Running sp calculation in /home/michael/Documents/CHEM4561/automated/1851/3_REFINEMENT/CONF1/sp.
2025-04-08 23:10:54,771 -     censo.parallel     -   INFO   - All jobs executed successfully.
2025-04-08 23:10:54,853 -   censo.qm_processor   -   INFO   - worker113879:Running sp calculation in /home/michael/Documents/CHEM4561/automated/1851/0_PRESCREENING/CONF1/sp.
2025-04-08 23:10:56,772 -     censo.parallel     -   INFO   - All jobs executed successfully.
2025-04-08 23:10:56,789 -   censo.qm_processor   -   INFO   - worker113982:Running sp calculation in /home/michael/Documents/CHEM4561/automated/1851/1_SCREENING/CONF1/sp.
2025-04-08 23:11:16,996 -     censo.parallel     -   INFO   - All jobs executed successfully.
2025-04-08 23:11:17,013 -   censo.qm_processor   -   INFO   - worker114157:Running xtb_opt calculation in /home/michael/Documents/CHEM4561/automated/1851/2_OPTIMIZATION/CONF1/xtb_opt.
2025-04-08 23:20:22,071 -     censo.parallel     -   INFO   - All jobs executed successfully.
2025-04-08 23:20:22,087 -   censo.qm_processor   -   INFO   - worker115732:Running xtb_rrho calculation in /home/michael/Documents/CHEM4561/automated/1851/2_OPTIMIZATION/CONF1/xtb_rrho.
2025-04-08 23:20:23,489 -     censo.parallel     -   INFO   - All jobs executed successfully.
2025-04-08 23:20:23,506 -   censo.qm_processor   -   INFO   - worker115828:Running sp calculation in /home/michael/Documents/CHEM4561/automated/1851/3_REFINEMENT/CONF1/sp.
2025-04-08 23:23:58,359 -     censo.parallel     -   INFO   - All jobs executed successfully.
