#========================================================================================
#                     Free energy perturbation    
#----------------------------------------------------------------------------------------
#forward/backward          λ              ΔΔA                 ΔA                  δε   
#                                                 
#----------------------------------------------------------------------------------------
forward:               0.0000              0.0000              0.0000              0.0000  
forward:               0.0500              1.9018              1.9018              0.0283  
forward:               0.1000              1.1472              3.0490              0.0345  
forward:               0.1500              0.5926              3.6415              0.0369  
forward:               0.2000              0.3175              3.9590              0.0379  
forward:               0.2500              0.1643              4.1233              0.0389  
forward:               0.3000              0.0804              4.2037              0.0398  
forward:               0.3500              0.0336              4.2373              0.0401  
forward:               0.4000             -0.0086              4.2287              0.0405  
forward:               0.4500             -0.0442              4.1844              0.0408  
forward:               0.5000             -0.0533              4.1311              0.0410  
forward:               0.5500             -0.1150              4.0161              0.0416  
forward:               0.6000             -0.2146              3.8015              0.0420  
forward:               0.6500             -0.3178              3.4837              0.0423  
forward:               0.7000             -0.3989              3.0848              0.0427  
forward:               0.7500             -0.4641              2.6207              0.0431  
forward:               0.8000             -0.5320              2.0887              0.0434  
forward:               0.8500             -0.5592              1.5294              0.0437  
forward:               0.9000             -0.6089              0.9205              0.0440  
forward:               0.9500             -0.6264              0.2942              0.0443  
forward:               1.0000             -0.6490             -0.3548              0.0446  
backward:              1.0000              0.0000             -0.3548              0.0000  
backward:              0.9500              0.6533              0.2984              0.0072  
backward:              0.9000              0.6251              0.9235              0.0091  
backward:              0.8500              0.6081              1.5317              0.0107  
backward:              0.8000              0.5617              2.0934              0.0126  
backward:              0.7500              0.5176              2.6110              0.0143  
backward:              0.7000              0.4476              3.0586              0.0164  
backward:              0.6500              0.3997              3.4582              0.0176  
backward:              0.6000              0.3145              3.7728              0.0187  
backward:              0.5500              0.2191              3.9919              0.0197  
backward:              0.5000              0.1041              4.0960              0.0209  
backward:              0.4500              0.0715              4.1675              0.0219  
backward:              0.4000              0.0332              4.2008              0.0230  
backward:              0.3500              0.0143              4.2150              0.0237  
backward:              0.3000             -0.0323              4.1827              0.0248  
backward:              0.2500             -0.0870              4.0957              0.0260  
backward:              0.2000             -0.1766              3.9191              0.0277  
backward:              0.1500             -0.3382              3.5809              0.0316  
backward:              0.1000             -0.5646              3.0163              0.0353  
backward:              0.0500             -1.0729              1.9434              0.0390  
backward:              0.0000             -1.9623             -0.0190              0.1020  
Inaccuracy estimation
======================================================================================================
                   i        i+δi          P0_overlap_P1   δε(forward)/ε   δε(backward)/ε
======================================================================================================
inaccuracy:  0.00000        0.05000           32.95           -0.01            2.09
inaccuracy:  0.05000        0.10000           41.16           -0.06            1.34
inaccuracy:  0.10000        0.15000           53.15           -0.03            0.69
inaccuracy:  0.15000        0.20000           61.65           -0.02            0.33
inaccuracy:  0.20000        0.25000           66.70           -0.02            0.24
inaccuracy:  0.25000        0.30000           68.38           -0.02            0.19
inaccuracy:  0.30000        0.35000           69.64           -0.01            0.17
inaccuracy:  0.35000        0.40000           70.79           -0.02            0.14
inaccuracy:  0.40000        0.45000           72.78           -0.02            0.12
inaccuracy:  0.45000        0.50000           70.91           -0.02            0.13
inaccuracy:  0.50000        0.55000           69.90           -0.04            0.13
inaccuracy:  0.55000        0.60000           68.99           -0.05            0.12
inaccuracy:  0.60000        0.65000           70.31           -0.05            0.10
inaccuracy:  0.65000        0.70000           69.91           -0.05            0.09
inaccuracy:  0.70000        0.75000           71.15           -0.06            0.08
inaccuracy:  0.75000        0.80000           70.71           -0.05            0.07
inaccuracy:  0.80000        0.85000           70.29           -0.06            0.07
inaccuracy:  0.85000        0.90000           70.59           -0.05            0.07
inaccuracy:  0.90000        0.95000           69.82           -0.06            0.07
inaccuracy:  0.95000        1.00000           69.06           -0.06            0.07
===================================================================================================================================
                BAR        
-----------------------------------------------------------------------------------------------------------------------------------
BAR-estimator:         λ             λ+δλ          ΔΔA             ΔA            C               Δδe            δe       
                          
-----------------------------------------------------------------------------------------------------------------------------------
BAR-estimator:      0.00000        0.05000        1.9141         1.9141         1.9141         0.0129         0.0129 
BAR-estimator:      0.05000        0.10000        1.1251         3.0392         1.1251         0.0099         0.0162 
BAR-estimator:      0.10000        0.15000        0.5932         3.6324         0.5932         0.0085         0.0183 
BAR-estimator:      0.15000        0.20000        0.3161         3.9485         0.3161         0.0059         0.0193 
BAR-estimator:      0.20000        0.25000        0.1708         4.1193         0.1708         0.0058         0.0201 
BAR-estimator:      0.25000        0.30000        0.0850         4.2043         0.0850         0.0047         0.0207 
BAR-estimator:      0.30000        0.35000        0.0340         4.2382         0.0340         0.0036         0.0210 
BAR-estimator:      0.35000        0.40000       -0.0123         4.2259        -0.0123         0.0037         0.0213 
BAR-estimator:      0.40000        0.45000       -0.0404         4.1855        -0.0404         0.0037         0.0216 
BAR-estimator:      0.45000        0.50000       -0.0613         4.1242        -0.0613         0.0032         0.0219 
BAR-estimator:      0.50000        0.55000       -0.1102         4.0140        -0.1102         0.0042         0.0223 
BAR-estimator:      0.55000        0.60000       -0.2183         3.7957        -0.2183         0.0038         0.0226 
BAR-estimator:      0.60000        0.65000       -0.3154         3.4803        -0.3154         0.0035         0.0229 
BAR-estimator:      0.65000        0.70000       -0.3994         3.0808        -0.3994         0.0041         0.0232 
BAR-estimator:      0.70000        0.75000       -0.4587         2.6221        -0.4587         0.0041         0.0236 
BAR-estimator:      0.75000        0.80000       -0.5282         2.0939        -0.5282         0.0046         0.0240 
BAR-estimator:      0.80000        0.85000       -0.5629         1.5310        -0.5629         0.0038         0.0243 
BAR-estimator:      0.85000        0.90000       -0.6077         0.9234        -0.6077         0.0040         0.0247 
BAR-estimator:      0.90000        0.95000       -0.6258         0.2975        -0.6258         0.0031         0.0249 
BAR-estimator:      0.95000        1.00000       -0.6523        -0.3547        -0.6523         0.0036         0.0251 
BAR-estimator: total free energy change is -0.35473612212706274 , total error is 0.025109220307170044
