#========================================================================================
#                     Free energy perturbation    
#----------------------------------------------------------------------------------------
#forward/backward          λ              ΔΔA                 ΔA                  δε   
#                                                 
#----------------------------------------------------------------------------------------
forward:               0.0000              0.0000              0.0000              0.0000  
forward:               0.0500              1.4094              1.4094              0.0157  
forward:               0.1000              0.7575              2.1669              0.0199  
forward:               0.1500              0.3909              2.5578              0.0211  
forward:               0.2000              0.2255              2.7833              0.0223  
forward:               0.2500              0.1243              2.9076              0.0227  
forward:               0.3000              0.0742              2.9818              0.0233  
forward:               0.3500              0.0255              3.0073              0.0237  
forward:               0.4000             -0.0106              2.9967              0.0240  
forward:               0.4500             -0.0343              2.9624              0.0243  
forward:               0.5000             -0.0492              2.9132              0.0245  
forward:               0.5500             -0.1260              2.7872              0.0249  
forward:               0.6000             -0.2717              2.5155              0.0253  
forward:               0.6500             -0.4250              2.0905              0.0257  
forward:               0.7000             -0.5461              1.5445              0.0261  
forward:               0.7500             -0.6442              0.9003              0.0266  
forward:               0.8000             -0.6976              0.2027              0.0269  
forward:               0.8500             -0.7425             -0.5398              0.0272  
forward:               0.9000             -0.7701             -1.3099              0.0275  
forward:               0.9500             -0.7755             -2.0854              0.0278  
forward:               1.0000             -0.7770             -2.8623              0.0281  
backward:              1.0000              0.0000             -2.8623              0.0000  
backward:              0.9500              0.7859             -2.0764              0.0061  
backward:              0.9000              0.7743             -1.3021              0.0079  
backward:              0.8500              0.7629             -0.5392              0.0093  
backward:              0.8000              0.7416              0.2023              0.0109  
backward:              0.7500              0.6983              0.9007              0.0123  
backward:              0.7000              0.6354              1.5361              0.0134  
backward:              0.6500              0.5317              2.0678              0.0147  
backward:              0.6000              0.4090              2.4769              0.0159  
backward:              0.5500              0.2768              2.7536              0.0166  
backward:              0.5000              0.1228              2.8765              0.0178  
backward:              0.4500              0.0394              2.9159              0.0185  
backward:              0.4000              0.0254              2.9413              0.0192  
backward:              0.3500              0.0102              2.9514              0.0199  
backward:              0.3000             -0.0300              2.9214              0.0208  
backward:              0.2500             -0.0607              2.8607              0.0216  
backward:              0.2000             -0.1285              2.7322              0.0226  
backward:              0.1500             -0.2382              2.4940              0.0260  
backward:              0.1000             -0.3966              2.0975              0.0284  
backward:              0.0500             -0.7758              1.3216              0.0395  
backward:              0.0000             -1.4407             -0.1191              0.0597  
Inaccuracy estimation
======================================================================================================
                   i        i+δi          P0_overlap_P1   δε(forward)/ε   δε(backward)/ε
======================================================================================================
inaccuracy:  0.00000        0.05000           39.26           -0.04            1.40
inaccuracy:  0.05000        0.10000           50.14           -0.03            0.84
inaccuracy:  0.10000        0.15000           61.50           -0.02            0.43
inaccuracy:  0.15000        0.20000           67.39           -0.02            0.25
inaccuracy:  0.20000        0.25000           70.80           -0.01            0.18
inaccuracy:  0.25000        0.30000           71.26           -0.01            0.15
inaccuracy:  0.30000        0.35000           74.32           -0.01            0.12
inaccuracy:  0.35000        0.40000           75.17           -0.01            0.10
inaccuracy:  0.40000        0.45000           76.24           -0.01            0.09
inaccuracy:  0.45000        0.50000           75.94           -0.01            0.08
inaccuracy:  0.50000        0.55000           69.50           -0.05            0.12
inaccuracy:  0.55000        0.60000           70.03           -0.06            0.10
inaccuracy:  0.60000        0.65000           71.56           -0.07            0.08
inaccuracy:  0.65000        0.70000           70.68           -0.07            0.06
inaccuracy:  0.70000        0.75000           71.10           -0.06            0.06
inaccuracy:  0.75000        0.80000           70.00           -0.08            0.05
inaccuracy:  0.80000        0.85000           70.29           -0.06            0.05
inaccuracy:  0.85000        0.90000           70.55           -0.06            0.05
inaccuracy:  0.90000        0.95000           70.09           -0.07            0.05
inaccuracy:  0.95000        1.00000           69.04           -0.07            0.06
===================================================================================================================================
                BAR        
-----------------------------------------------------------------------------------------------------------------------------------
BAR-estimator:         λ             λ+δλ          ΔΔA             ΔA            C               Δδe            δe       
                          
-----------------------------------------------------------------------------------------------------------------------------------
BAR-estimator:      0.00000        0.05000        1.3970         1.3970         1.3970         0.0087         0.0087 
BAR-estimator:      0.05000        0.10000        0.7596         2.1566         0.7596         0.0085         0.0122 
BAR-estimator:      0.10000        0.15000        0.3931         2.5497         0.3931         0.0049         0.0131 
BAR-estimator:      0.15000        0.20000        0.2269         2.7766         0.2269         0.0049         0.0140 
BAR-estimator:      0.20000        0.25000        0.1272         2.9037         0.1272         0.0032         0.0144 
BAR-estimator:      0.25000        0.30000        0.0704         2.9742         0.0704         0.0036         0.0148 
BAR-estimator:      0.30000        0.35000        0.0259         3.0001         0.0259         0.0031         0.0151 
BAR-estimator:      0.35000        0.40000       -0.0107         2.9894        -0.0107         0.0037         0.0156 
BAR-estimator:      0.40000        0.45000       -0.0315         2.9579        -0.0315         0.0028         0.0158 
BAR-estimator:      0.45000        0.50000       -0.0474         2.9105        -0.0474         0.0026         0.0160 
BAR-estimator:      0.50000        0.55000       -0.1244         2.7861        -0.1244         0.0031         0.0163 
BAR-estimator:      0.55000        0.60000       -0.2726         2.5135        -0.2726         0.0029         0.0166 
BAR-estimator:      0.60000        0.65000       -0.4167         2.0968        -0.4167         0.0031         0.0169 
BAR-estimator:      0.65000        0.70000       -0.5401         1.5568        -0.5401         0.0034         0.0172 
BAR-estimator:      0.70000        0.75000       -0.6403         0.9165        -0.6403         0.0032         0.0175 
BAR-estimator:      0.75000        0.80000       -0.6999         0.2166        -0.6999         0.0031         0.0178 
BAR-estimator:      0.80000        0.85000       -0.7424        -0.5258        -0.7424         0.0032         0.0181 
BAR-estimator:      0.85000        0.90000       -0.7716        -1.2974        -0.7716         0.0032         0.0184 
BAR-estimator:      0.90000        0.95000       -0.7752        -2.0727        -0.7752         0.0035         0.0187 
BAR-estimator:      0.95000        1.00000       -0.7788        -2.8514        -0.7788         0.0030         0.0190 
BAR-estimator: total free energy change is -2.8514241959891593 , total error is 0.0189514391913866
