14
 energy: -20.782539038430 gnorm: 0.031527635546 xtb: 6.7.1 (41059b4)
C           -2.16758701035543        0.37212175427081       -0.68383746809994
C           -1.32486406864479        0.46373011464740        0.59729045764719
C            0.01318558105299       -0.19508451685301        0.37070359079244
O            0.26851405585948       -1.35594264646735        0.58461181313288
O            0.89174573966611        0.67281574740966       -0.16068874826993
C            2.18900875454514        0.15963997379019       -0.44964703766691
H           -2.29351822083807       -0.67082482031160       -0.98841601779492
H           -3.15897665241207        0.80237982892913       -0.51635738562393
H           -1.69187721767532        0.91694867242804       -1.50424262144401
H           -1.81936058993548       -0.05780280290702        1.41958579095876
H           -1.17016217341450        1.51015572977589        0.87317520357467
H            2.67503561344110        0.88653192559263       -1.06479919264752
H            2.15199638811494       -0.78150730682978       -0.97059925652411
H            2.74334199512951        0.02359814655666        0.45078979371976
14
 energy: -20.783738097697 gnorm: 0.006741611267 xtb: 6.7.1 (41059b4)
C           -2.16683210850161        0.37042099690191       -0.68048962015711
C           -1.32434550823527        0.46199295656012        0.59297629919097
C            0.01301561169200       -0.19733636793544        0.35805148938622
O            0.27102373722460       -1.34989009734717        0.58405342848597
O            0.89378997715130        0.66972775723554       -0.16366577248079
C            2.19139189168206        0.16263899014048       -0.44955643952541
H           -2.29086903959173       -0.66952626615975       -0.97826644674760
H           -3.15124151069625        0.80296671837732       -0.50988215584756
H           -1.68524619870221        0.91170814652450       -1.49317207290885
H           -1.82658776988892       -0.05774339050230        1.41000898277601
H           -1.16847631336373        1.50760273097729        0.86148519688991
H            2.67902964102592        0.90508684171483       -1.07133112099120
H            2.12579345027611       -0.78848881816001       -0.97545443570201
H            2.74603633446135        0.01759960170432        0.47281158938588
14
 energy: -20.783794323079 gnorm: 0.002022822050 xtb: 6.7.1 (41059b4)
C           -2.16388741774823        0.36978280736161       -0.68205611578653
C           -1.32445721950926        0.46195471660914        0.59322229302687
C            0.01616531557618       -0.19501606584910        0.36638486237890
O            0.27254467218725       -1.34850190978173        0.58504620872034
O            0.89364816951575        0.67127628229303       -0.15847938845073
C            2.18855751129182        0.16396926910348       -0.45171817002248
H           -2.28888794450836       -0.66942190685687       -0.97680700010653
H           -3.14641355061177        0.80339398786945       -0.51346753673440
H           -1.68040611635136        0.90804331334437       -1.49374763353960
H           -1.82871506075507       -0.05914317923822        1.40727996950493
H           -1.16871369104635        1.50660120041084        0.86182228895496
H            2.67690113976378        0.91028005522197       -1.07391038358720
H            2.11202760595128       -0.78918888633250       -0.97905559299289
H            2.74811878077797        0.01273011587619        0.47305512038877
14
 energy: -20.783801742569 gnorm: 0.000717043822 xtb: 6.7.1 (41059b4)
C           -2.16270456445606        0.36906909824129       -0.68236625831294
C           -1.32483216917572        0.46234371554601        0.59409937910167
C            0.01543045046390       -0.19538092955124        0.36481668208189
O            0.27303647160058       -1.34830058911652        0.58628455130584
O            0.89299383988372        0.67209765886392       -0.15681617423879
C            2.18709726209130        0.16470936984650       -0.45211520805886
H           -2.28886103367843       -0.67045228542072       -0.97527305437379
H           -3.14439544951296        0.80470185781847       -0.51509454569918
H           -1.67734958980362        0.90510917639487       -1.49432109439794
H           -1.82896245864836       -0.05865487689041        1.40815993616855
H           -1.16851512163974        1.50701419587692        0.86189264767851
H            2.67637214044935        0.91226792686459       -1.07209532191340
H            2.10876948826080       -0.78729209597113       -0.98148299661550
H            2.74840292869886        0.00952757752908        0.47188037902835
14
 energy: -20.783806360883 gnorm: 0.000652231525 xtb: 6.7.1 (41059b4)
C           -2.16044643724282        0.36805398960189       -0.68292353130122
C           -1.32552262689757        0.46254662544665        0.59576659890177
C            0.01557895788455       -0.19477233687233        0.36751717696913
O            0.27336340690891       -1.34795823742840        0.58854916439357
O            0.89246317128001        0.67361318775340       -0.15249812387877
C            2.18464180165486        0.16556108070322       -0.45356548070961
H           -2.28857970716091       -0.67220041242078       -0.97281869982403
H           -3.14135130512175        0.80744240758102       -0.51996917816068
H           -1.67058644732200        0.90009138000137       -1.49498490919725
H           -1.83107703991517       -0.05831040050486        1.40889071336295
H           -1.16972645788471        1.50735921581350        0.86298249241971
H            2.67441653989055        0.91483360908805       -1.07025520921818
H            2.10401277833393       -0.78372728443541       -0.98669775342690
H            2.74929556012575        0.00422697570430        0.46757566142394
14
 energy: -20.783808802730 gnorm: 0.000479161227 xtb: 6.7.1 (41059b4)
C           -2.15845110673840        0.36709165966620       -0.68317629081915
C           -1.32592823632043        0.46262675340260        0.59702774306682
C            0.01574219325948       -0.19410317690969        0.37049746162619
O            0.27299281981900       -1.34758105305417        0.59008360454978
O            0.89237786197074        0.67444614938944       -0.14946001839764
C            2.18333427932309        0.16610043299080       -0.45458986002838
H           -2.28930100401597       -0.67357523339148       -0.97041967286200
H           -3.13841772171741        0.81000992230608       -0.52405555158838
H           -1.66517487313168        0.89521844545895       -1.49576922218458
H           -1.83273482456831       -0.05790263616904        1.40953728177493
H           -1.17103385571526        1.50766747177259        0.86394252642062
H            2.67306052304039        0.91745534174486       -1.06863148002730
H            2.10077877654764       -0.78046140548929       -0.99201295957703
H            2.74923736278075       -0.00023287168622        0.46459535980053
14
 energy: -20.783810125579 gnorm: 0.000254073070 xtb: 6.7.1 (41059b4)
C           -2.15679203788385        0.36616259575827       -0.68324720882634
C           -1.32625562027505        0.46276789561839        0.59803684133320
C            0.01552187366579       -0.19371718914960        0.37235281836257
O            0.27294555962601       -1.34715623132977        0.59182213549765
O            0.89201499059422        0.67503342850367       -0.14779308761510
C            2.18234320260102        0.16654751941787       -0.45539909983539
H           -2.29027369905602       -0.67490014241390       -0.96778860846699
H           -3.13565240525041        0.81268736228062       -0.52748522465156
H           -1.66015662061713        0.89034357241732       -1.49635642221422
H           -1.83381134732900       -0.05744141766520        1.41028138464352
H           -1.17218672119053        1.50807000697392        0.86453951334968
H            2.67232065713754        0.92035597761054       -1.06643792148090
H            2.09826568515688       -0.77722532809792       -0.99763124813837
H            2.74819867735417       -0.00476824989256        0.46267504979666
14
 energy: -20.783810892960 gnorm: 0.000132256155 xtb: 6.7.1 (41059b4)
C           -2.15620719052822        0.36560654154256       -0.68323972891119
C           -1.32637056069678        0.46283561837997        0.59844494057745
C            0.01545067431927       -0.19340014733873        0.37323107223701
O            0.27348002369625       -1.34654818780609        0.59331104160461
O            0.89160764577387        0.67526385811369       -0.14801157157475
C            2.18194900430261        0.16671445796296       -0.45591311605926
H           -2.29147113187321       -0.67564852529235       -0.96615708382976
H           -3.13429219653524        0.81425271005696       -0.52907055547864
H           -1.65796842441061        0.88742796378708       -1.49684945498223
H           -1.83413288532554       -0.05711139714326        1.41076278519853
H           -1.17257678305631        1.50826281811319        0.86464062339237
H            2.67283401266545        0.92226015669386       -1.06415788754272
H            2.09761182918785       -0.77509103751561       -1.00155052681176
H            2.74656817701423       -0.00806502952261        0.46212838393475
14
 energy: -20.783812166858 gnorm: 0.000309767946 xtb: 6.7.1 (41059b4)
C           -2.15598438540873        0.36486939368857       -0.68313469305893
C           -1.32638621873006        0.46291425140875        0.59860292885442
C            0.01556619581676       -0.19290924129606        0.37397867770956
O            0.27506969303082       -1.34525146888194        0.59634922562742
O            0.89087209816211        0.67535955862446       -0.14988770918457
C            2.18159868494946        0.16681987979123       -0.45667235683577
H           -2.29362075192931       -0.67664364359439       -0.96384792848784
H           -3.13298887415204        0.81623326519038       -0.53037018667472
H           -1.65607606403526        0.88370361536798       -1.49758161998446
H           -1.83418455755938       -0.05658852212847        1.41120442931574
H           -1.17291995434203        1.50855554321043        0.86417069943720
H            2.67482184164336        0.92515817405754       -1.05963012989627
H            2.09761056996238       -0.77189398564893       -1.00774523553729
H            2.74310391712556       -0.01356701975794        0.46213282046993
14
 energy: -20.783814224786 gnorm: 0.000541566507 xtb: 6.7.1 (41059b4)
C           -2.15607342423402        0.36360801715918       -0.68299347959396
C           -1.32632913465771        0.46320441327392        0.59856208588628
C            0.01602518959408       -0.19182957494934        0.37499675204758
O            0.27834170542879       -1.34243823347287        0.60288908908477
O            0.88951993653269        0.67532692801420       -0.15434192916060
C            2.18107768399417        0.16679397889614       -0.45805660862193
H           -2.29718887736916       -0.67828624282117       -0.96045830824310
H           -3.13154095175133        0.81866819095482       -0.53167982019035
H           -1.65449505437896        0.87821761529494       -1.49904598040842
H           -1.83378523891466       -0.05551763711087        1.41190271314677
H           -1.17325361246345        1.50922578514840        0.86293538533183
H            2.67943486294869        0.93014990099323       -1.05051009926494
H            2.09849415277374       -0.76619084382321       -1.01915841736868
H            2.73625495703077       -0.02417249752575        0.46252753910918
14
 energy: -20.783816326080 gnorm: 0.000637672955 xtb: 6.7.1 (41059b4)
C           -2.15649173188278        0.36215785237556       -0.68279258802132
C           -1.32622038024307        0.46381906454829        0.59820199016436
C            0.01685606421070       -0.19025661106230        0.37622870080009
O            0.28243735611426       -1.33856117215235        0.61195538420537
O            0.88800565117635        0.67507445352277       -0.16025522538216
C            2.18048557324555        0.16648354846223       -0.45983792040613
H           -2.30016159892988       -0.68023083430052       -0.95699337722300
H           -3.13080999486415        0.82003306270549       -0.53252179653766
H           -1.65387169766726        0.87309199670257       -1.50048618758706
H           -1.83320284855288       -0.05391930165238        1.41246748815450
H           -1.17383489806458        1.51038266835829        0.86091561471253
H            2.68568063709873        0.93587445446436       -1.03865791299635
H            2.09999197385197       -0.75915162227886       -1.03348324927738
H            2.72761808904067       -0.03803775966151        0.46282800114864
14
 energy: -20.783818320393 gnorm: 0.000525308600 xtb: 6.7.1 (41059b4)
C           -2.15675247179191        0.36074805894909       -0.68273958177408
C           -1.32613951208474        0.46485667839571        0.59786969030321
C            0.01773956513026       -0.18838492414096        0.37764318824948
O            0.28603216697123       -1.33437099634608        0.62154823293414
O            0.88665786277551        0.67468318931858       -0.16590641952463
C            2.17980231971731        0.16585129343920       -0.46165299441460
H           -2.30092792626818       -0.68208277963498       -0.95493019679240
H           -3.13089191642431        0.81910526718777       -0.53279377163820
H           -1.65455619973999        0.87004580274284       -1.50168741052790
H           -1.83250473230707       -0.05190392447039        1.41313755888408
H           -1.17442074325068        1.51196797143629        0.85888611822593
H            2.69176615596003        0.94075650609412       -1.02689099041762
H            2.10142553823284       -0.75234010721140       -1.04745886016846
H            2.71925208761335       -0.05217223572816        0.46254435841546
14
 energy: -20.783820474976 gnorm: 0.000294277800 xtb: 6.7.1 (41059b4)
C           -2.15666995333077        0.35929732314658       -0.68273856762809
C           -1.32612497387017        0.46646047390317        0.59761292169778
C            0.01874345110160       -0.18603854644667        0.37978031012860
O            0.28928186324312       -1.32963738421284        0.63238904519273
O            0.88546241338914        0.67422744020602       -0.17106652398567
C            2.17886198223777        0.16480474578379       -0.46379479819840
H           -2.29841030569840       -0.68414401580425       -0.95391110915814
H           -3.13193872086956        0.81546630523012       -0.53294744909547
H           -1.65577198411387        0.86909125168234       -1.50220044109825
H           -1.83216833518578       -0.04911888138433        1.41379458112041
H           -1.17546176783229        1.51425435906727        0.85652791702537
H            2.69774940003820        0.94522414437564       -1.01464804856546
H            2.10213035923497       -0.74517466763707       -1.06244357893640
H            2.71079876618971       -0.06795274787816        0.46121466325540
14
 energy: -20.783821978457 gnorm: 0.000270228407 xtb: 6.7.1 (41059b4)
C           -2.15559634457046        0.35804071150471       -0.68294356134459
C           -1.32628831463922        0.46805470366047        0.59802359277223
C            0.01923645182277       -0.18408910214644        0.38225904864893
O            0.29086057146271       -1.32614037388059        0.64060347049062
O            0.88456284592593        0.67404843357733       -0.17343346470171
C            2.17765882872814        0.16388872417245       -0.46564796145249
H           -2.29396419242175       -0.68591129776724       -0.95414136260741
H           -3.13247094908926        0.81108700536738       -0.53375317829613
H           -1.65592151580472        0.86939657768132       -1.50225177865400
H           -1.83249061887528       -0.04643042029512        1.41476974906580
H           -1.17641092648507        1.51638729483786        0.85520490599042
H            2.70104094878712        0.94821124434598       -1.00626749006535
H            2.10114314603513       -0.73969296716506       -1.07381533560612
H            2.70512226365762       -0.08009073386143        0.45896228751423
14
 energy: -20.783822822011 gnorm: 0.000268156547 xtb: 6.7.1 (41059b4)
C           -2.15447220379929        0.35710157709171       -0.68302957062940
C           -1.32644419293598        0.46938628702087        0.59851260596626
C            0.01945657537567       -0.18260668650775        0.38450289582300
O            0.29173520044150       -1.32372094574119        0.64632951383978
O            0.88400323057634        0.67415342200248       -0.17436960448682
C            2.17666335752207        0.16312757220323       -0.46708322400750
H           -2.28932466763766       -0.68727888912575       -0.95440438203431
H           -3.13291795777979        0.80710865453331       -0.53482594154988
H           -1.65546407851044        0.86998363245607       -1.50179091189057
H           -1.83313999646259       -0.04413423896317        1.41553100169893
H           -1.17739836128584        1.51818815161148        0.85424379612048
H            2.70305811092172        0.95021941296794       -1.00065498906013
H            2.09946877839943       -0.73561773815793       -1.08226210267320
H            2.70125839970852       -0.08915041135970        0.45686983463778
14
 energy: -20.783823145835 gnorm: 0.000154256018 xtb: 6.7.1 (41059b4)
C           -2.15356803409165        0.35651548820246       -0.68314937444230
C           -1.32656628687106        0.47025446830257        0.59896197190388
C            0.01936222853729       -0.18171787614822        0.38574249821608
O            0.29182829809685       -1.32249419640152        0.64864151250311
O            0.88380561300449        0.67447495697035       -0.17429044809807
C            2.17607179998964        0.16265932999347       -0.46774536745454
H           -2.28603894844944       -0.68808847488221       -0.95491590956328
H           -3.13305895408522        0.80430280087273       -0.53538762522334
H           -1.65522339162689        0.87071338036255       -1.50148862541535
H           -1.83353998126534       -0.04271746137771        1.41616374738742
H           -1.17788097395857        1.51928802579453        0.85393196133464
H            2.70382542795309        0.95083435620009       -0.99823721192749
H            2.09797029856178       -0.73360978998456       -1.08623360967959
H            2.69949509873867       -0.09365520787288        0.45557540221327
14
 energy: -20.783823204414 gnorm: 0.000146833476 xtb: 6.7.1 (41059b4)
C           -2.15305073781477        0.35597305851081       -0.68317357037953
C           -1.32661262534226        0.47087197056944        0.59921149594909
C            0.01943346762556       -0.18094605279939        0.38671181830003
O            0.29240043351366       -1.32134755662668        0.65087914665151
O            0.88361298668223        0.67481627677183       -0.17461332096341
C            2.17561120742311        0.16235602471239       -0.46834489496632
H           -2.28424053612817       -0.68884219550774       -0.95471475205289
H           -3.13308389006081        0.80273404676972       -0.53600147945514
H           -1.65484999818832        0.87046158067283       -1.50140516939476
H           -1.83375208514326       -0.04164915503387        1.41659246277801
H           -1.17833505801386        1.52013170435873        0.85345887549632
H            2.70496893277773        0.95192850330729       -0.99553057690113
H            2.09682071136281       -0.73161877736850       -1.09032453695080
H            2.69755938584002       -0.09810962830523        0.45482342364344
