#========================================================================================
#                     Free energy perturbation    
#----------------------------------------------------------------------------------------
#forward/backward          λ              ΔΔA                 ΔA                  δε   
#                                                 
#----------------------------------------------------------------------------------------
forward:               0.0000              0.0000              0.0000              0.0000  
forward:               0.0500              4.7278              4.7278              0.1493  
forward:               0.1000              2.1123              6.8401              0.1571  
forward:               0.1500              0.6934              7.5335              0.1584  
forward:               0.2000              0.1501              7.6835              0.1589  
forward:               0.2500             -0.0580              7.6255              0.1592  
forward:               0.3000             -0.1918              7.4337              0.1594  
forward:               0.3500             -0.2865              7.1472              0.1595  
forward:               0.4000             -0.3427              6.8045              0.1596  
forward:               0.4500             -0.3868              6.4176              0.1597  
forward:               0.5000             -0.4293              5.9883              0.1597  
forward:               0.5500             -0.6322              5.3561              0.1599  
forward:               0.6000             -0.9037              4.4524              0.1600  
forward:               0.6500             -1.1335              3.3189              0.1601  
forward:               0.7000             -1.3348              1.9841              0.1602  
forward:               0.7500             -1.4788              0.5053              0.1603  
forward:               0.8000             -1.5900             -1.0847              0.1605  
forward:               0.8500             -1.6852             -2.7699              0.1605  
forward:               0.9000             -1.7518             -4.5218              0.1607  
forward:               0.9500             -1.8129             -6.3347              0.1607  
forward:               1.0000             -1.8540             -8.1887              0.1608  
backward:              1.0000              0.0000             -8.1887              0.0000  
backward:              0.9500              1.8546             -6.3341              0.0069  
backward:              0.9000              1.8049             -4.5292              0.0093  
backward:              0.8500              1.7510             -2.7782              0.0113  
backward:              0.8000              1.6820             -1.0963              0.0131  
backward:              0.7500              1.5802              0.4839              0.0146  
backward:              0.7000              1.4671              1.9510              0.0163  
backward:              0.6500              1.3207              3.2717              0.0180  
backward:              0.6000              1.1448              4.4166              0.0194  
backward:              0.5500              0.9154              5.3320              0.0211  
backward:              0.5000              0.6259              5.9579              0.0230  
backward:              0.4500              0.4385              6.3964              0.0237  
backward:              0.4000              0.4051              6.8014              0.0241  
backward:              0.3500              0.3563              7.1577              0.0249  
backward:              0.3000              0.2900              7.4477              0.0258  
backward:              0.2500              0.2119              7.6596              0.0277  
backward:              0.2000              0.0831              7.7427              0.0294  
backward:              0.1500             -0.1550              7.5877              0.0329  
backward:              0.1000             -0.6966              6.8911              0.0534  
backward:              0.0500             -2.0088              4.8822              0.0766  
backward:              0.0000             -4.5698              0.3125              0.1636  
Inaccuracy estimation
======================================================================================================
                   i        i+δi          P0_overlap_P1   δε(forward)/ε   δε(backward)/ε
======================================================================================================
inaccuracy:  0.00000        0.05000           11.22            1.16            8.13
inaccuracy:  0.05000        0.10000           20.49           -0.11            4.10
inaccuracy:  0.10000        0.15000           40.59           -0.11            1.32
inaccuracy:  0.15000        0.20000           54.43           -0.05            0.51
inaccuracy:  0.20000        0.25000           59.34           -0.05            0.32
inaccuracy:  0.25000        0.30000           62.43           -0.05            0.22
inaccuracy:  0.30000        0.35000           65.59           -0.04            0.16
inaccuracy:  0.35000        0.40000           66.91           -0.04            0.14
inaccuracy:  0.40000        0.45000           67.53           -0.04            0.12
inaccuracy:  0.45000        0.50000           68.60           -0.04            0.10
inaccuracy:  0.50000        0.55000           60.33           -0.15            0.14
inaccuracy:  0.55000        0.60000           61.38           -0.14            0.09
inaccuracy:  0.60000        0.65000           62.39           -0.17            0.05
inaccuracy:  0.65000        0.70000           64.60           -0.15            0.02
inaccuracy:  0.70000        0.75000           64.00           -0.18            0.00
inaccuracy:  0.75000        0.80000           64.28           -0.17           -0.01
inaccuracy:  0.80000        0.85000           63.40           -0.17           -0.01
inaccuracy:  0.85000        0.90000           63.25           -0.19           -0.02
inaccuracy:  0.90000        0.95000           63.39           -0.19           -0.03
inaccuracy:  0.95000        1.00000           62.22           -0.22           -0.03
===================================================================================================================================
                BAR        
-----------------------------------------------------------------------------------------------------------------------------------
BAR-estimator:         λ             λ+δλ          ΔΔA             ΔA            C               Δδe            δe       
                          
-----------------------------------------------------------------------------------------------------------------------------------
BAR-estimator:      0.00000        0.05000        4.7662         4.7662         4.7662         0.0214         0.0214 
BAR-estimator:      0.05000        0.10000        2.1592         6.9254         2.1592         0.0223         0.0309 
BAR-estimator:      0.10000        0.15000        0.6915         7.6169         0.6915         0.0122         0.0332 
BAR-estimator:      0.15000        0.20000        0.1596         7.7765         0.1596         0.0084         0.0342 
BAR-estimator:      0.20000        0.25000       -0.0616         7.7149        -0.0616         0.0058         0.0347 
BAR-estimator:      0.25000        0.30000       -0.1986         7.5163        -0.1986         0.0050         0.0351 
BAR-estimator:      0.30000        0.35000       -0.2857         7.2306        -0.2857         0.0044         0.0354 
BAR-estimator:      0.35000        0.40000       -0.3450         6.8856        -0.3450         0.0039         0.0356 
BAR-estimator:      0.40000        0.45000       -0.3919         6.4937        -0.3919         0.0030         0.0357 
BAR-estimator:      0.45000        0.50000       -0.4310         6.0628        -0.4310         0.0031         0.0358 
BAR-estimator:      0.50000        0.55000       -0.6323         5.4304        -0.6323         0.0042         0.0361 
BAR-estimator:      0.55000        0.60000       -0.9082         4.5222        -0.9082         0.0038         0.0363 
BAR-estimator:      0.60000        0.65000       -1.1388         3.3834        -1.1388         0.0039         0.0365 
BAR-estimator:      0.65000        0.70000       -1.3241         2.0593        -1.3241         0.0039         0.0367 
BAR-estimator:      0.70000        0.75000       -1.4727         0.5867        -1.4727         0.0040         0.0369 
BAR-estimator:      0.75000        0.80000       -1.5837        -0.9970        -1.5837         0.0042         0.0372 
BAR-estimator:      0.80000        0.85000       -1.6853        -2.6823        -1.6853         0.0039         0.0374 
BAR-estimator:      0.85000        0.90000       -1.7520        -4.4342        -1.7520         0.0045         0.0376 
BAR-estimator:      0.90000        0.95000       -1.8124        -6.2466        -1.8124         0.0047         0.0379 
BAR-estimator:      0.95000        1.00000       -1.8565        -8.1031        -1.8565         0.0039         0.0381 
BAR-estimator: total free energy change is -8.103117561503804 , total error is 0.03811001344418688
