#========================================================================================
#                     Free energy perturbation    
#----------------------------------------------------------------------------------------
#forward/backward          λ              ΔΔA                 ΔA                  δε   
#                                                 
#----------------------------------------------------------------------------------------
forward:               0.0000              0.0000              0.0000              0.0000  
forward:               0.0500              1.6392              1.6392              0.0216  
forward:               0.1000              0.8364              2.4757              0.0255  
forward:               0.1500              0.3986              2.8743              0.0276  
forward:               0.2000              0.1894              3.0637              0.0285  
forward:               0.2500              0.0798              3.1435              0.0299  
forward:               0.3000              0.0091              3.1526              0.0303  
forward:               0.3500             -0.0532              3.0994              0.0308  
forward:               0.4000             -0.0787              3.0207              0.0311  
forward:               0.4500             -0.1088              2.9119              0.0312  
forward:               0.5000             -0.1378              2.7741              0.0314  
forward:               0.5500             -0.1735              2.6006              0.0316  
forward:               0.6000             -0.1997              2.4009              0.0318  
forward:               0.6500             -0.2200              2.1809              0.0320  
forward:               0.7000             -0.2398              1.9411              0.0321  
forward:               0.7500             -0.2491              1.6920              0.0324  
forward:               0.8000             -0.2629              1.4291              0.0326  
forward:               0.8500             -0.2750              1.1542              0.0327  
forward:               0.9000             -0.2951              0.8590              0.0329  
forward:               0.9500             -0.2987              0.5603              0.0330  
forward:               1.0000             -0.3086              0.2518              0.0331  
backward:              1.0000              0.0000              0.2518              0.0000  
backward:              0.9500              0.3167              0.5684              0.0030  
backward:              0.9000              0.2967              0.8651              0.0045  
backward:              0.8500              0.2802              1.1453              0.0060  
backward:              0.8000              0.2833              1.4286              0.0068  
backward:              0.7500              0.2717              1.7002              0.0076  
backward:              0.7000              0.2461              1.9463              0.0084  
backward:              0.6500              0.2411              2.1874              0.0092  
backward:              0.6000              0.2186              2.4061              0.0098  
backward:              0.5500              0.1976              2.6036              0.0108  
backward:              0.5000              0.1723              2.7759              0.0114  
backward:              0.4500              0.1337              2.9096              0.0124  
backward:              0.4000              0.1166              3.0261              0.0129  
backward:              0.3500              0.0841              3.1103              0.0138  
backward:              0.3000              0.0501              3.1604              0.0145  
backward:              0.2500             -0.0060              3.1544              0.0156  
backward:              0.2000             -0.0745              3.0799              0.0172  
backward:              0.1500             -0.1920              2.8879              0.0196  
backward:              0.1000             -0.3912              2.4967              0.0253  
backward:              0.0500             -0.8170              1.6797              0.0312  
backward:              0.0000             -1.6141              0.0655              0.0509  
Inaccuracy estimation
======================================================================================================
                   i        i+δi          P0_overlap_P1   δε(forward)/ε   δε(backward)/ε
======================================================================================================
inaccuracy:  0.00000        0.05000           34.36           -0.04            2.17
inaccuracy:  0.05000        0.10000           47.58           -0.03            0.99
inaccuracy:  0.10000        0.15000           59.77           -0.01            0.50
inaccuracy:  0.15000        0.20000           66.94           -0.01            0.26
inaccuracy:  0.20000        0.25000           70.58           -0.01            0.18
inaccuracy:  0.25000        0.30000           72.99           -0.01            0.13
inaccuracy:  0.30000        0.35000           75.95           -0.02            0.10
inaccuracy:  0.35000        0.40000           75.49           -0.01            0.09
inaccuracy:  0.40000        0.45000           76.45           -0.02            0.08
inaccuracy:  0.45000        0.50000           77.95           -0.01            0.07
inaccuracy:  0.50000        0.55000           77.07           -0.01            0.06
inaccuracy:  0.55000        0.60000           77.68           -0.02            0.06
inaccuracy:  0.60000        0.65000           77.71           -0.02            0.06
inaccuracy:  0.65000        0.70000           78.16           -0.02            0.06
inaccuracy:  0.70000        0.75000           78.58           -0.02            0.05
inaccuracy:  0.75000        0.80000           77.16           -0.02            0.06
inaccuracy:  0.80000        0.85000           77.57           -0.02            0.05
inaccuracy:  0.85000        0.90000           79.95           -0.01            0.05
inaccuracy:  0.90000        0.95000           77.87           -0.02            0.05
inaccuracy:  0.95000        1.00000           77.11           -0.02            0.05
===================================================================================================================================
                BAR        
-----------------------------------------------------------------------------------------------------------------------------------
BAR-estimator:         λ             λ+δλ          ΔΔA             ΔA            C               Δδe            δe       
                          
-----------------------------------------------------------------------------------------------------------------------------------
BAR-estimator:      0.00000        0.05000        1.6463         1.6463         1.6463         0.0107         0.0107 
BAR-estimator:      0.05000        0.10000        0.8438         2.4901         0.8438         0.0084         0.0136 
BAR-estimator:      0.10000        0.15000        0.4005         2.8906         0.4005         0.0067         0.0152 
BAR-estimator:      0.15000        0.20000        0.1916         3.0822         0.1916         0.0046         0.0159 
BAR-estimator:      0.20000        0.25000        0.0798         3.1620         0.0798         0.0058         0.0169 
BAR-estimator:      0.25000        0.30000        0.0075         3.1694         0.0075         0.0035         0.0173 
BAR-estimator:      0.30000        0.35000       -0.0508         3.1187        -0.0508         0.0038         0.0177 
BAR-estimator:      0.35000        0.40000       -0.0805         3.0381        -0.0805         0.0025         0.0178 
BAR-estimator:      0.40000        0.45000       -0.1118         2.9263        -0.1118         0.0025         0.0180 
BAR-estimator:      0.45000        0.50000       -0.1362         2.7901        -0.1362         0.0024         0.0182 
BAR-estimator:      0.50000        0.55000       -0.1732         2.6169        -0.1732         0.0024         0.0183 
BAR-estimator:      0.55000        0.60000       -0.1983         2.4186        -0.1983         0.0023         0.0185 
BAR-estimator:      0.60000        0.65000       -0.2199         2.1987        -0.2199         0.0025         0.0186 
BAR-estimator:      0.65000        0.70000       -0.2407         1.9580        -0.2407         0.0023         0.0188 
BAR-estimator:      0.70000        0.75000       -0.2487         1.7093        -0.2487         0.0026         0.0190 
BAR-estimator:      0.75000        0.80000       -0.2656         1.4437        -0.2656         0.0027         0.0192 
BAR-estimator:      0.80000        0.85000       -0.2774         1.1663        -0.2774         0.0023         0.0193 
BAR-estimator:      0.85000        0.90000       -0.2891         0.8773        -0.2891         0.0029         0.0195 
BAR-estimator:      0.90000        0.95000       -0.2984         0.5788        -0.2984         0.0027         0.0197 
BAR-estimator:      0.95000        1.00000       -0.3112         0.2676        -0.3112         0.0025         0.0199 
BAR-estimator: total free energy change is 0.2676394542830722 , total error is 0.019867580890735884
