#========================================================================================
#                     Free energy perturbation    
#----------------------------------------------------------------------------------------
#forward/backward          λ              ΔΔA                 ΔA                  δε   
#                                                 
#----------------------------------------------------------------------------------------
forward:               0.0000              0.0000              0.0000              0.0000  
forward:               0.0500              1.4197              1.4197              0.0198  
forward:               0.1000              0.7975              2.2172              0.0237  
forward:               0.1500              0.4451              2.6623              0.0256  
forward:               0.2000              0.2537              2.9160              0.0266  
forward:               0.2500              0.1398              3.0559              0.0273  
forward:               0.3000              0.0709              3.1268              0.0280  
forward:               0.3500              0.0394              3.1661              0.0284  
forward:               0.4000              0.0065              3.1726              0.0287  
forward:               0.4500             -0.0258              3.1468              0.0290  
forward:               0.5000             -0.0363              3.1105              0.0293  
forward:               0.5500             -0.0732              3.0373              0.0295  
forward:               0.6000             -0.1163              2.9210              0.0298  
forward:               0.6500             -0.1465              2.7745              0.0300  
forward:               0.7000             -0.1843              2.5902              0.0302  
forward:               0.7500             -0.2076              2.3825              0.0304  
forward:               0.8000             -0.2266              2.1560              0.0306  
forward:               0.8500             -0.2488              1.9072              0.0308  
forward:               0.9000             -0.2664              1.6408              0.0309  
forward:               0.9500             -0.2744              1.3664              0.0311  
forward:               1.0000             -0.2945              1.0719              0.0313  
backward:              1.0000              0.0000              1.0719              0.0000  
backward:              0.9500              0.2916              1.3634              0.0037  
backward:              0.9000              0.2736              1.6370              0.0058  
backward:              0.8500              0.2681              1.9052              0.0071  
backward:              0.8000              0.2464              2.1515              0.0082  
backward:              0.7500              0.2281              2.3796              0.0094  
backward:              0.7000              0.2049              2.5845              0.0102  
backward:              0.6500              0.1797              2.7642              0.0109  
backward:              0.6000              0.1493              2.9135              0.0119  
backward:              0.5500              0.1196              3.0331              0.0127  
backward:              0.5000              0.0603              3.0934              0.0138  
backward:              0.4500              0.0410              3.1343              0.0147  
backward:              0.4000              0.0131              3.1474              0.0156  
backward:              0.3500             -0.0001              3.1473              0.0167  
backward:              0.3000             -0.0407              3.1067              0.0176  
backward:              0.2500             -0.0808              3.0258              0.0196  
backward:              0.2000             -0.1471              2.8787              0.0208  
backward:              0.1500             -0.2368              2.6419              0.0227  
backward:              0.1000             -0.4614              2.1805              0.0269  
backward:              0.0500             -0.7946              1.3859              0.0404  
backward:              0.0000             -1.3821              0.0038              0.0500  
Inaccuracy estimation
======================================================================================================
                   i        i+δi          P0_overlap_P1   δε(forward)/ε   δε(backward)/ε
======================================================================================================
inaccuracy:  0.00000        0.05000           38.67           -0.03            1.84
inaccuracy:  0.05000        0.10000           50.40           -0.03            0.81
inaccuracy:  0.10000        0.15000           59.97           -0.01            0.44
inaccuracy:  0.15000        0.20000           65.78           -0.01            0.26
inaccuracy:  0.20000        0.25000           70.45           -0.01            0.18
inaccuracy:  0.25000        0.30000           72.74           -0.01            0.14
inaccuracy:  0.30000        0.35000           73.78           -0.01            0.13
inaccuracy:  0.35000        0.40000           73.68           -0.01            0.11
inaccuracy:  0.40000        0.45000           76.75           -0.01            0.10
inaccuracy:  0.45000        0.50000           74.89           -0.01            0.09
inaccuracy:  0.50000        0.55000           75.18           -0.02            0.09
inaccuracy:  0.55000        0.60000           75.08           -0.02            0.09
inaccuracy:  0.60000        0.65000           74.77           -0.03            0.08
inaccuracy:  0.65000        0.70000           75.90           -0.02            0.07
inaccuracy:  0.70000        0.75000           75.80           -0.02            0.07
inaccuracy:  0.75000        0.80000           74.73           -0.03            0.07
inaccuracy:  0.80000        0.85000           75.67           -0.02            0.07
inaccuracy:  0.85000        0.90000           75.35           -0.02            0.07
inaccuracy:  0.90000        0.95000           75.01           -0.03            0.06
inaccuracy:  0.95000        1.00000           75.53           -0.02            0.07
===================================================================================================================================
                BAR        
-----------------------------------------------------------------------------------------------------------------------------------
BAR-estimator:         λ             λ+δλ          ΔΔA             ΔA            C               Δδe            δe       
                          
-----------------------------------------------------------------------------------------------------------------------------------
BAR-estimator:      0.00000        0.05000        1.4268         1.4268         1.4268         0.0090         0.0090 
BAR-estimator:      0.05000        0.10000        0.7965         2.2233         0.7965         0.0082         0.0121 
BAR-estimator:      0.10000        0.15000        0.4474         2.6707         0.4474         0.0063         0.0137 
BAR-estimator:      0.15000        0.20000        0.2483         2.9190         0.2483         0.0047         0.0145 
BAR-estimator:      0.20000        0.25000        0.1433         3.0623         0.1433         0.0042         0.0151 
BAR-estimator:      0.25000        0.30000        0.0755         3.1378         0.0755         0.0040         0.0156 
BAR-estimator:      0.30000        0.35000        0.0395         3.1773         0.0395         0.0034         0.0160 
BAR-estimator:      0.35000        0.40000        0.0034         3.1806         0.0034         0.0031         0.0163 
BAR-estimator:      0.40000        0.45000       -0.0205         3.1602        -0.0205         0.0029         0.0165 
BAR-estimator:      0.45000        0.50000       -0.0395         3.1207        -0.0395         0.0027         0.0167 
BAR-estimator:      0.50000        0.55000       -0.0688         3.0518        -0.0688         0.0029         0.0170 
BAR-estimator:      0.55000        0.60000       -0.1150         2.9368        -0.1150         0.0034         0.0173 
BAR-estimator:      0.60000        0.65000       -0.1475         2.7893        -0.1475         0.0026         0.0175 
BAR-estimator:      0.65000        0.70000       -0.1820         2.6073        -0.1820         0.0027         0.0177 
BAR-estimator:      0.70000        0.75000       -0.2059         2.4014        -0.2059         0.0027         0.0179 
BAR-estimator:      0.75000        0.80000       -0.2285         2.1728        -0.2285         0.0027         0.0181 
BAR-estimator:      0.80000        0.85000       -0.2481         1.9247        -0.2481         0.0027         0.0183 
BAR-estimator:      0.85000        0.90000       -0.2676         1.6571        -0.2676         0.0028         0.0185 
BAR-estimator:      0.90000        0.95000       -0.2746         1.3826        -0.2746         0.0030         0.0188 
BAR-estimator:      0.95000        1.00000       -0.2923         1.0903        -0.2923         0.0024         0.0189 
BAR-estimator: total free energy change is 1.0902580877216315 , total error is 0.018922921737552716
