#========================================================================================
#                     Free energy perturbation    
#----------------------------------------------------------------------------------------
#forward/backward          λ              ΔΔA                 ΔA                  δε   
#                                                 
#----------------------------------------------------------------------------------------
forward:               0.0000              0.0000              0.0000              0.0000  
forward:               0.0500              1.8911              1.8911              0.0207  
forward:               0.1000              1.0200              2.9111              0.0272  
forward:               0.1500              0.5110              3.4221              0.0295  
forward:               0.2000              0.2488              3.6709              0.0306  
forward:               0.2500              0.1338              3.8047              0.0313  
forward:               0.3000              0.0491              3.8538              0.0318  
forward:               0.3500             -0.0073              3.8465              0.0321  
forward:               0.4000             -0.0426              3.8039              0.0325  
forward:               0.4500             -0.0704              3.7335              0.0327  
forward:               0.5000             -0.0941              3.6394              0.0329  
forward:               0.5500             -0.1235              3.5159              0.0332  
forward:               0.6000             -0.2270              3.2889              0.0334  
forward:               0.6500             -0.2910              2.9979              0.0335  
forward:               0.7000             -0.3335              2.6644              0.0337  
forward:               0.7500             -0.3685              2.2959              0.0339  
forward:               0.8000             -0.4132              1.8828              0.0341  
forward:               0.8500             -0.4363              1.4464              0.0342  
forward:               0.9000             -0.4666              0.9798              0.0344  
forward:               0.9500             -0.4903              0.4895              0.0345  
forward:               1.0000             -0.5029             -0.0134              0.0347  
backward:              1.0000              0.0000             -0.0134              0.0000  
backward:              0.9500              0.5029              0.4895              0.0042  
backward:              0.9000              0.4813              0.9708              0.0058  
backward:              0.8500              0.4627              1.4335              0.0071  
backward:              0.8000              0.4357              1.8692              0.0079  
backward:              0.7500              0.4075              2.2767              0.0088  
backward:              0.7000              0.3714              2.6481              0.0100  
backward:              0.6500              0.3335              2.9816              0.0108  
backward:              0.6000              0.2820              3.2636              0.0117  
backward:              0.5500              0.2189              3.4825              0.0127  
backward:              0.5000              0.1351              3.6176              0.0136  
backward:              0.4500              0.0923              3.7099              0.0143  
backward:              0.4000              0.0622              3.7722              0.0151  
backward:              0.3500              0.0495              3.8217              0.0160  
backward:              0.3000              0.0066              3.8283              0.0167  
backward:              0.2500             -0.0470              3.7813              0.0182  
backward:              0.2000             -0.1299              3.6513              0.0198  
backward:              0.1500             -0.2588              3.3925              0.0221  
backward:              0.1000             -0.5039              2.8886              0.0276  
backward:              0.0500             -1.0092              1.8794              0.0389  
backward:              0.0000             -1.8826             -0.0032              0.0597  
Inaccuracy estimation
======================================================================================================
                   i        i+δi          P0_overlap_P1   δε(forward)/ε   δε(backward)/ε
======================================================================================================
inaccuracy:  0.00000        0.05000           32.93           -0.01            2.37
inaccuracy:  0.05000        0.10000           44.47           -0.04            1.18
inaccuracy:  0.10000        0.15000           56.32           -0.02            0.56
inaccuracy:  0.15000        0.20000           65.33           -0.01            0.29
inaccuracy:  0.20000        0.25000           68.97           -0.01            0.19
inaccuracy:  0.25000        0.30000           71.32           -0.02            0.14
inaccuracy:  0.30000        0.35000           74.18           -0.01            0.12
inaccuracy:  0.35000        0.40000           74.85           -0.01            0.11
inaccuracy:  0.40000        0.45000           76.42           -0.01            0.09
inaccuracy:  0.45000        0.50000           76.10           -0.01            0.08
inaccuracy:  0.50000        0.55000           70.93           -0.04            0.10
inaccuracy:  0.55000        0.60000           74.35           -0.03            0.08
inaccuracy:  0.60000        0.65000           75.78           -0.03            0.07
inaccuracy:  0.65000        0.70000           74.35           -0.04            0.06
inaccuracy:  0.70000        0.75000           74.25           -0.04            0.06
inaccuracy:  0.75000        0.80000           75.04           -0.03            0.06
inaccuracy:  0.80000        0.85000           74.86           -0.04            0.06
inaccuracy:  0.85000        0.90000           74.94           -0.04            0.05
inaccuracy:  0.90000        0.95000           74.88           -0.04            0.05
inaccuracy:  0.95000        1.00000           73.91           -0.04            0.05
===================================================================================================================================
                BAR        
-----------------------------------------------------------------------------------------------------------------------------------
BAR-estimator:         λ             λ+δλ          ΔΔA             ΔA            C               Δδe            δe       
                          
-----------------------------------------------------------------------------------------------------------------------------------
BAR-estimator:      0.00000        0.05000        1.9004         1.9004         1.9004         0.0104         0.0104 
BAR-estimator:      0.05000        0.10000        1.0211         2.9216         1.0211         0.0100         0.0144 
BAR-estimator:      0.10000        0.15000        0.5048         3.4263         0.5048         0.0078         0.0164 
BAR-estimator:      0.15000        0.20000        0.2519         3.6782         0.2519         0.0052         0.0172 
BAR-estimator:      0.20000        0.25000        0.1325         3.8108         0.1325         0.0042         0.0177 
BAR-estimator:      0.25000        0.30000        0.0463         3.8571         0.0463         0.0035         0.0180 
BAR-estimator:      0.30000        0.35000       -0.0060         3.8511        -0.0060         0.0031         0.0183 
BAR-estimator:      0.35000        0.40000       -0.0428         3.8082        -0.0428         0.0025         0.0185 
BAR-estimator:      0.40000        0.45000       -0.0660         3.7422        -0.0660         0.0030         0.0187 
BAR-estimator:      0.45000        0.50000       -0.0926         3.6496        -0.0926         0.0023         0.0188 
BAR-estimator:      0.50000        0.55000       -0.1293         3.5203        -0.1293         0.0029         0.0191 
BAR-estimator:      0.55000        0.60000       -0.2248         3.2955        -0.2248         0.0028         0.0193 
BAR-estimator:      0.60000        0.65000       -0.2853         3.0102        -0.2853         0.0026         0.0194 
BAR-estimator:      0.65000        0.70000       -0.3347         2.6756        -0.3347         0.0029         0.0197 
BAR-estimator:      0.70000        0.75000       -0.3715         2.3040        -0.3715         0.0028         0.0199 
BAR-estimator:      0.75000        0.80000       -0.4118         1.8922        -0.4118         0.0028         0.0200 
BAR-estimator:      0.80000        0.85000       -0.4370         1.4552        -0.4370         0.0031         0.0203 
BAR-estimator:      0.85000        0.90000       -0.4649         0.9903        -0.4649         0.0030         0.0205 
BAR-estimator:      0.90000        0.95000       -0.4873         0.5030        -0.4873         0.0027         0.0207 
BAR-estimator:      0.95000        1.00000       -0.5041        -0.0011        -0.5041         0.0024         0.0208 
BAR-estimator: total free energy change is -0.0011160749336935893 , total error is 0.020827385687194867
