CONF#        G (xTB)          ΔG (xTB)          E (DFT)         ΔGsolv       GmRRHO          Gtot             ΔGtot          Boltzmann weight   
               [Eh]          [kcal/mol]          [Eh]            [Eh]         [Eh]           [Eh]           [kcal/mol]        % at 298.15 K     
CONF1       -13.737010          ---           -517.254330        ---          ---         -517.254330          0.00               46.51         
CONF2       -13.735602          ---           -517.254335        ---          ---         -517.254335          0.00               46.77         
CONF3       -13.735316          ---           -517.251919        ---          ---         -517.251919          1.52                3.62         
CONF4       -13.734656          ---           -517.251774        ---          ---         -517.251774          1.61                3.11         

Boltzmann averaged free energy/enthalpy of ensemble on input geometries (not DFT optimized):
temperature /K:   avE(T) /a.u.   avG(T) /a.u.
    298.15        -517.2541656    -517.2541656     <<==part1==
----------------------------------------------------------------------------------------------------

CONF#        G (xTB)          ΔG (xTB)          E (DFT)         ΔGsolv       GmRRHO          Gtot             ΔGtot          Boltzmann weight   
               [Eh]          [kcal/mol]          [Eh]            [Eh]         [Eh]           [Eh]           [kcal/mol]        % at 298.15 K     
CONF1       -13.737010          ---           -517.254330        ---          ---         -517.254330          0.00               46.51         
CONF2       -13.735602          ---           -517.254335        ---          ---         -517.254335          0.00               46.77         
CONF3       -13.735316          ---           -517.251919        ---          ---         -517.251919          1.52                3.62         
CONF4       -13.734656          ---           -517.251774        ---          ---         -517.251774          1.61                3.11         

Boltzmann averaged free energy/enthalpy of ensemble on input geometries (not DFT optimized):
temperature /K:   avE(T) /a.u.   avG(T) /a.u.
    298.15        -517.2541656    -517.2541656     <<==part1==
----------------------------------------------------------------------------------------------------

