2025-04-09 03:00:02,832 -   censo.qm_processor   -   INFO   - worker219118:Running sp calculation in /home/michael/Documents/CHEM4561/automated/1861/0_PRESCREENING/CONF1/sp.
2025-04-09 03:00:02,832 -   censo.qm_processor   -   INFO   - worker219119:Running sp calculation in /home/michael/Documents/CHEM4561/automated/1861/0_PRESCREENING/CONF2/sp.
2025-04-09 03:00:02,833 -   censo.qm_processor   -   INFO   - worker219121:Running sp calculation in /home/michael/Documents/CHEM4561/automated/1861/0_PRESCREENING/CONF3/sp.
2025-04-09 03:00:02,834 -   censo.qm_processor   -   INFO   - worker219124:Running sp calculation in /home/michael/Documents/CHEM4561/automated/1861/0_PRESCREENING/CONF4/sp.
2025-04-09 03:00:03,985 -     censo.parallel     -   INFO   - All jobs executed successfully.
2025-04-09 03:00:04,004 -   censo.qm_processor   -   INFO   - worker219245:Running sp calculation in /home/michael/Documents/CHEM4561/automated/1861/1_SCREENING/CONF1/sp.
2025-04-09 03:00:04,005 -   censo.qm_processor   -   INFO   - worker219284:Running sp calculation in /home/michael/Documents/CHEM4561/automated/1861/1_SCREENING/CONF2/sp.
2025-04-09 03:00:04,005 -   censo.qm_processor   -   INFO   - worker219248:Running sp calculation in /home/michael/Documents/CHEM4561/automated/1861/1_SCREENING/CONF4/sp.
2025-04-09 03:00:04,005 -   censo.qm_processor   -   INFO   - worker219250:Running sp calculation in /home/michael/Documents/CHEM4561/automated/1861/1_SCREENING/CONF3/sp.
2025-04-09 03:00:08,180 -     censo.parallel     -   INFO   - All jobs executed successfully.
2025-04-09 03:00:08,198 -   censo.qm_processor   -   INFO   - worker219412:Running xtb_opt calculation in /home/michael/Documents/CHEM4561/automated/1861/2_OPTIMIZATION/CONF2/xtb_opt.
2025-04-09 03:00:08,199 -   censo.qm_processor   -   INFO   - worker219413:Running xtb_opt calculation in /home/michael/Documents/CHEM4561/automated/1861/2_OPTIMIZATION/CONF1/xtb_opt.
2025-04-09 03:00:08,199 -   censo.qm_processor   -   INFO   - worker219415:Running xtb_opt calculation in /home/michael/Documents/CHEM4561/automated/1861/2_OPTIMIZATION/CONF3/xtb_opt.
2025-04-09 03:00:08,199 -   censo.qm_processor   -   INFO   - worker219418:Running xtb_opt calculation in /home/michael/Documents/CHEM4561/automated/1861/2_OPTIMIZATION/CONF4/xtb_opt.
2025-04-09 03:00:54,966 -     censo.parallel     -   INFO   - All jobs executed successfully.
2025-04-09 03:00:54,982 -   censo.qm_processor   -   INFO   - worker220062:Running xtb_rrho calculation in /home/michael/Documents/CHEM4561/automated/1861/2_OPTIMIZATION/CONF2/xtb_rrho.
2025-04-09 03:00:54,982 -   censo.qm_processor   -   INFO   - worker220063:Running xtb_rrho calculation in /home/michael/Documents/CHEM4561/automated/1861/2_OPTIMIZATION/CONF1/xtb_rrho.
2025-04-09 03:00:54,983 -   censo.qm_processor   -   INFO   - worker220065:Running xtb_rrho calculation in /home/michael/Documents/CHEM4561/automated/1861/2_OPTIMIZATION/CONF3/xtb_rrho.
2025-04-09 03:00:54,983 -   censo.qm_processor   -   INFO   - worker220068:Running xtb_rrho calculation in /home/michael/Documents/CHEM4561/automated/1861/2_OPTIMIZATION/CONF4/xtb_rrho.
2025-04-09 03:00:55,696 -     censo.parallel     -   INFO   - All jobs executed successfully.
2025-04-09 03:00:55,696 -censo.ensembleopt.optimization-   INFO   - Threshold: 2.25 kcal/mol
2025-04-09 03:00:55,713 -   censo.qm_processor   -   INFO   - worker220159:Running xtb_opt calculation in /home/michael/Documents/CHEM4561/automated/1861/2_OPTIMIZATION/CONF3/xtb_opt.
2025-04-09 03:00:55,714 -   censo.qm_processor   -   INFO   - worker220160:Running xtb_opt calculation in /home/michael/Documents/CHEM4561/automated/1861/2_OPTIMIZATION/CONF4/xtb_opt.
2025-04-09 03:01:39,956 -     censo.parallel     -   INFO   - All jobs executed successfully.
2025-04-09 03:01:39,956 -censo.ensembleopt.optimization-   INFO   - Threshold: 2.25 kcal/mol
2025-04-09 03:01:39,973 -   censo.qm_processor   -   INFO   - worker220663:Running xtb_opt calculation in /home/michael/Documents/CHEM4561/automated/1861/2_OPTIMIZATION/CONF3/xtb_opt.
2025-04-09 03:01:39,974 -   censo.qm_processor   -   INFO   - worker220664:Running xtb_opt calculation in /home/michael/Documents/CHEM4561/automated/1861/2_OPTIMIZATION/CONF4/xtb_opt.
2025-04-09 03:02:24,772 -     censo.parallel     -   INFO   - All jobs executed successfully.
2025-04-09 03:02:24,772 -censo.ensembleopt.optimization-   INFO   - Threshold: 1.88 kcal/mol
2025-04-09 03:02:24,789 -   censo.qm_processor   -   INFO   - worker221078:Running xtb_opt calculation in /home/michael/Documents/CHEM4561/automated/1861/2_OPTIMIZATION/CONF3/xtb_opt.
2025-04-09 03:03:04,575 -     censo.parallel     -   INFO   - All jobs executed successfully.
2025-04-09 03:03:04,575 -censo.ensembleopt.optimization-   INFO   - Threshold: 1.88 kcal/mol
2025-04-09 03:03:04,593 -   censo.qm_processor   -   INFO   - worker221380:Running xtb_opt calculation in /home/michael/Documents/CHEM4561/automated/1861/2_OPTIMIZATION/CONF3/xtb_opt.
2025-04-09 03:03:14,310 -     censo.parallel     -   INFO   - All jobs executed successfully.
2025-04-09 03:03:14,310 -censo.ensembleopt.optimization-   INFO   - Threshold: 1.50 kcal/mol
2025-04-09 03:03:14,326 -   censo.qm_processor   -   INFO   - worker221564:Running xtb_rrho calculation in /home/michael/Documents/CHEM4561/automated/1861/2_OPTIMIZATION/CONF2/xtb_rrho.
2025-04-09 03:03:14,327 -   censo.qm_processor   -   INFO   - worker221565:Running xtb_rrho calculation in /home/michael/Documents/CHEM4561/automated/1861/2_OPTIMIZATION/CONF1/xtb_rrho.
2025-04-09 03:03:14,327 -   censo.qm_processor   -   INFO   - worker221567:Running xtb_rrho calculation in /home/michael/Documents/CHEM4561/automated/1861/2_OPTIMIZATION/CONF3/xtb_rrho.
2025-04-09 03:03:14,327 -   censo.qm_processor   -   INFO   - worker221570:Running xtb_rrho calculation in /home/michael/Documents/CHEM4561/automated/1861/2_OPTIMIZATION/CONF4/xtb_rrho.
2025-04-09 03:03:14,593 -     censo.parallel     -   INFO   - All jobs executed successfully.
2025-04-09 03:03:14,615 -   censo.qm_processor   -   INFO   - worker221662:Running sp calculation in /home/michael/Documents/CHEM4561/automated/1861/3_REFINEMENT/CONF4/sp.
2025-04-09 03:03:14,615 -   censo.qm_processor   -   INFO   - worker221663:Running sp calculation in /home/michael/Documents/CHEM4561/automated/1861/3_REFINEMENT/CONF2/sp.
2025-04-09 03:03:14,616 -   censo.qm_processor   -   INFO   - worker221665:Running sp calculation in /home/michael/Documents/CHEM4561/automated/1861/3_REFINEMENT/CONF3/sp.
2025-04-09 03:03:14,616 -   censo.qm_processor   -   INFO   - worker221668:Running sp calculation in /home/michael/Documents/CHEM4561/automated/1861/3_REFINEMENT/CONF1/sp.
2025-04-09 03:03:43,182 -     censo.parallel     -   INFO   - All jobs executed successfully.
2025-04-09 03:03:43,269 -   censo.qm_processor   -   INFO   - worker221903:Running sp calculation in /home/michael/Documents/CHEM4561/automated/1861/0_PRESCREENING/CONF1/sp.
2025-04-09 03:03:43,270 -   censo.qm_processor   -   INFO   - worker221904:Running sp calculation in /home/michael/Documents/CHEM4561/automated/1861/0_PRESCREENING/CONF2/sp.
2025-04-09 03:03:43,270 -   censo.qm_processor   -   INFO   - worker221908:Running sp calculation in /home/michael/Documents/CHEM4561/automated/1861/0_PRESCREENING/CONF3/sp.
2025-04-09 03:03:43,271 -   censo.qm_processor   -   INFO   - worker221910:Running sp calculation in /home/michael/Documents/CHEM4561/automated/1861/0_PRESCREENING/CONF4/sp.
2025-04-09 03:03:43,900 -     censo.parallel     -   INFO   - All jobs executed successfully.
2025-04-09 03:03:43,917 -   censo.qm_processor   -   INFO   - worker222031:Running sp calculation in /home/michael/Documents/CHEM4561/automated/1861/1_SCREENING/CONF1/sp.
2025-04-09 03:03:43,917 -   censo.qm_processor   -   INFO   - worker222032:Running sp calculation in /home/michael/Documents/CHEM4561/automated/1861/1_SCREENING/CONF2/sp.
2025-04-09 03:03:43,918 -   censo.qm_processor   -   INFO   - worker222037:Running sp calculation in /home/michael/Documents/CHEM4561/automated/1861/1_SCREENING/CONF3/sp.
2025-04-09 03:03:43,918 -   censo.qm_processor   -   INFO   - worker222034:Running sp calculation in /home/michael/Documents/CHEM4561/automated/1861/1_SCREENING/CONF4/sp.
2025-04-09 03:03:48,103 -     censo.parallel     -   INFO   - All jobs executed successfully.
2025-04-09 03:03:48,121 -   censo.qm_processor   -   INFO   - worker222168:Running xtb_opt calculation in /home/michael/Documents/CHEM4561/automated/1861/2_OPTIMIZATION/CONF2/xtb_opt.
2025-04-09 03:03:48,121 -   censo.qm_processor   -   INFO   - worker222169:Running xtb_opt calculation in /home/michael/Documents/CHEM4561/automated/1861/2_OPTIMIZATION/CONF1/xtb_opt.
2025-04-09 03:03:48,121 -   censo.qm_processor   -   INFO   - worker222171:Running xtb_opt calculation in /home/michael/Documents/CHEM4561/automated/1861/2_OPTIMIZATION/CONF3/xtb_opt.
2025-04-09 03:03:48,122 -   censo.qm_processor   -   INFO   - worker222174:Running xtb_opt calculation in /home/michael/Documents/CHEM4561/automated/1861/2_OPTIMIZATION/CONF4/xtb_opt.
2025-04-09 03:04:34,919 -     censo.parallel     -   INFO   - All jobs executed successfully.
2025-04-09 03:04:34,935 -   censo.qm_processor   -   INFO   - worker222883:Running xtb_rrho calculation in /home/michael/Documents/CHEM4561/automated/1861/2_OPTIMIZATION/CONF2/xtb_rrho.
2025-04-09 03:04:34,935 -   censo.qm_processor   -   INFO   - worker222884:Running xtb_rrho calculation in /home/michael/Documents/CHEM4561/automated/1861/2_OPTIMIZATION/CONF1/xtb_rrho.
2025-04-09 03:04:34,936 -   censo.qm_processor   -   INFO   - worker222886:Running xtb_rrho calculation in /home/michael/Documents/CHEM4561/automated/1861/2_OPTIMIZATION/CONF3/xtb_rrho.
2025-04-09 03:04:34,936 -   censo.qm_processor   -   INFO   - worker222889:Running xtb_rrho calculation in /home/michael/Documents/CHEM4561/automated/1861/2_OPTIMIZATION/CONF4/xtb_rrho.
2025-04-09 03:04:35,654 -     censo.parallel     -   INFO   - All jobs executed successfully.
2025-04-09 03:04:35,654 -censo.ensembleopt.optimization-   INFO   - Threshold: 2.25 kcal/mol
2025-04-09 03:04:35,672 -   censo.qm_processor   -   INFO   - worker222980:Running xtb_opt calculation in /home/michael/Documents/CHEM4561/automated/1861/2_OPTIMIZATION/CONF3/xtb_opt.
2025-04-09 03:04:35,672 -   censo.qm_processor   -   INFO   - worker222981:Running xtb_opt calculation in /home/michael/Documents/CHEM4561/automated/1861/2_OPTIMIZATION/CONF4/xtb_opt.
2025-04-09 03:05:19,919 -     censo.parallel     -   INFO   - All jobs executed successfully.
2025-04-09 03:05:19,919 -censo.ensembleopt.optimization-   INFO   - Threshold: 2.25 kcal/mol
2025-04-09 03:05:19,937 -   censo.qm_processor   -   INFO   - worker223482:Running xtb_opt calculation in /home/michael/Documents/CHEM4561/automated/1861/2_OPTIMIZATION/CONF3/xtb_opt.
2025-04-09 03:05:19,938 -   censo.qm_processor   -   INFO   - worker223483:Running xtb_opt calculation in /home/michael/Documents/CHEM4561/automated/1861/2_OPTIMIZATION/CONF4/xtb_opt.
2025-04-09 03:06:03,976 -     censo.parallel     -   INFO   - All jobs executed successfully.
2025-04-09 03:06:03,976 -censo.ensembleopt.optimization-   INFO   - Threshold: 1.88 kcal/mol
2025-04-09 03:06:03,992 -   censo.qm_processor   -   INFO   - worker223937:Running xtb_opt calculation in /home/michael/Documents/CHEM4561/automated/1861/2_OPTIMIZATION/CONF3/xtb_opt.
2025-04-09 03:06:43,651 -     censo.parallel     -   INFO   - All jobs executed successfully.
2025-04-09 03:06:43,651 -censo.ensembleopt.optimization-   INFO   - Threshold: 1.88 kcal/mol
2025-04-09 03:06:43,668 -   censo.qm_processor   -   INFO   - worker224311:Running xtb_opt calculation in /home/michael/Documents/CHEM4561/automated/1861/2_OPTIMIZATION/CONF3/xtb_opt.
2025-04-09 03:06:53,197 -     censo.parallel     -   INFO   - All jobs executed successfully.
2025-04-09 03:06:53,197 -censo.ensembleopt.optimization-   INFO   - Threshold: 1.50 kcal/mol
2025-04-09 03:06:53,214 -   censo.qm_processor   -   INFO   - worker224459:Running xtb_rrho calculation in /home/michael/Documents/CHEM4561/automated/1861/2_OPTIMIZATION/CONF2/xtb_rrho.
2025-04-09 03:06:53,214 -   censo.qm_processor   -   INFO   - worker224460:Running xtb_rrho calculation in /home/michael/Documents/CHEM4561/automated/1861/2_OPTIMIZATION/CONF1/xtb_rrho.
2025-04-09 03:06:53,214 -   censo.qm_processor   -   INFO   - worker224462:Running xtb_rrho calculation in /home/michael/Documents/CHEM4561/automated/1861/2_OPTIMIZATION/CONF3/xtb_rrho.
2025-04-09 03:06:53,215 -   censo.qm_processor   -   INFO   - worker224465:Running xtb_rrho calculation in /home/michael/Documents/CHEM4561/automated/1861/2_OPTIMIZATION/CONF4/xtb_rrho.
2025-04-09 03:06:53,479 -     censo.parallel     -   INFO   - All jobs executed successfully.
2025-04-09 03:06:53,498 -   censo.qm_processor   -   INFO   - worker224556:Running sp calculation in /home/michael/Documents/CHEM4561/automated/1861/3_REFINEMENT/CONF4/sp.
2025-04-09 03:06:53,498 -   censo.qm_processor   -   INFO   - worker224557:Running sp calculation in /home/michael/Documents/CHEM4561/automated/1861/3_REFINEMENT/CONF2/sp.
2025-04-09 03:06:53,499 -   censo.qm_processor   -   INFO   - worker224559:Running sp calculation in /home/michael/Documents/CHEM4561/automated/1861/3_REFINEMENT/CONF3/sp.
2025-04-09 03:06:53,499 -   censo.qm_processor   -   INFO   - worker224562:Running sp calculation in /home/michael/Documents/CHEM4561/automated/1861/3_REFINEMENT/CONF1/sp.
2025-04-09 03:07:22,082 -     censo.parallel     -   INFO   - All jobs executed successfully.
