
         ______________________________________________________________
        |                                                              |
        |                                                              |
        |                   CENSO - Commandline ENSO                   |
        |                           v 2.1.2                            |
        |    energetic sorting of CREST Conformer Rotamer Ensembles    |
        |                    University of Bonn, MCTC                  |
        |                           Oct 2024                           |
        |                 based on ENSO version 2.0.1                  |
        |             L. M. Seidler, F. Bohle and S. Grimme            |
        |                                                              |
        |______________________________________________________________|

        Please cite:
        (TBA)
        S. Grimme, F. Bohle, A. Hansen, P. Pracht, S. Spicher, and M. Stahn
        J. Phys. Chem. A 2021, 125, 19, 4039-4054.
        DOI: https://doi.org/10.1021/acs.jpca.1c00971

        This program is distributed in the hope that it will be useful,
        but WITHOUT ANY WARRANTY; without even the implied warranty of
        MERCHANTABILITY or FITNESS FOR A PARTICULAR PURPOSE.

Reading configuration file from /home/michael/.censo2rc.
CALL: /home/michael/Documents/CHEM4561/censo_screwed/bin/censo -i crest_conformers.xyz --maxcores 16 -O 1
Read 4 conformers.
Number of atoms:              12
Charge:                       0
Unpaired electrons:           0


----------------------------------------------------------------------------------------------------
                                          GENERAL SETTINGS                                          
----------------------------------------------------------------------------------------------------
    
imagthr:                      -100.0
sthr:                         0.0
scale:                        1.0
temperature:                  298.15
solvent:                      h2o
sm_rrho:                      alpb
multitemp:                    False
evaluate_rrho:                False
consider_sym:                 False
bhess:                        False
rmsdbias:                     False
balance:                      False
gas-phase:                    True
copy_mo:                      True
retry_failed:                 True
trange:                       [273.15, 373.15, 5]



----------------------------------------------------------------------------------------------------
                                            PRESCREENING                                            
----------------------------------------------------------------------------------------------------
    
threshold:                    4.0
func:                         pbe-d4
basis:                        def2-sv(p)
prog:                         orca
gfnv:                         gfn2
run:                          True
template:                     False


Running sp calculation for CONF1.
Running sp calculation for CONF2.
Running sp calculation for CONF3.
Running sp calculation for CONF4.



-------------------------------- PRESCREENING SINGLE-POINT RESULTS ---------------------------------

CONF#       E (xTB)        ΔE (xTB)          E (DFT)          ΔE (DFT)        ΔGsolv (xTB)          Gtot             ΔGtot          Boltzmann weight   
             [Eh]         [kcal/mol]          [Eh]           [kcal/mol]        [kcal/mol]           [Eh]           [kcal/mol]        % at 298.15 K     
CONF1         ---            ---           -516.702585          0.00              ---            -516.702585          0.00               52.97         
CONF2         ---            ---           -516.702304          0.18              ---            -516.702304          0.18               39.34         
CONF3         ---            ---           -516.700104          1.56              ---            -516.700104          1.56                3.82         
CONF4         ---            ---           -516.700114          1.55              ---            -516.700114          1.55                3.87         

Boltzmann averaged free energy/enthalpy of ensemble on input geometries (not DFT optimized):
temperature /K:   avE(T) /a.u.   avG(T) /a.u.
    298.15        -516.7022843    -516.7022843     <<==part0==
----------------------------------------------------------------------------------------------------

Number of conformers:         4
Highest ranked conformer:     CONF1


Ran prescreening in 0.65 seconds!

----------------------------------------------------------------------------------------------------
                                             SCREENING                                              
----------------------------------------------------------------------------------------------------
    
threshold:                    3.5
func:                         r2scan-3c
basis:                        def2-tzvp
prog:                         orca
sm:                           smd
gfnv:                         gfn2
run:                          True
implicit:                     False
template:                     False


Running sp calculation for CONF1.
Running sp calculation for CONF2.
Running sp calculation for CONF3.
Running sp calculation for CONF4.

----------------------------- SCREENING SINGLE-POINT (+ mRRHO) RESULTS -----------------------------

CONF#        G (xTB)          ΔG (xTB)          E (DFT)         ΔGsolv       GmRRHO          Gtot             ΔGtot          Boltzmann weight   
               [Eh]          [kcal/mol]          [Eh]            [Eh]         [Eh]           [Eh]           [kcal/mol]        % at 298.15 K     
CONF1       -13.737010          ---           -517.254330        ---          ---         -517.254330          0.00               46.51         
CONF2       -13.735602          ---           -517.254335        ---          ---         -517.254335          0.00               46.77         
CONF3       -13.735316          ---           -517.251919        ---          ---         -517.251919          1.52                3.62         
CONF4       -13.734656          ---           -517.251774        ---          ---         -517.251774          1.61                3.11         

Boltzmann averaged free energy/enthalpy of ensemble on input geometries (not DFT optimized):
temperature /K:   avE(T) /a.u.   avG(T) /a.u.
    298.15        -517.2541656    -517.2541656     <<==part1==
----------------------------------------------------------------------------------------------------


----------------------------------- SCREENING RANKING COMPARISON -----------------------------------

CONF#       ΔGtot prescreening       ΔGtot screening   
                [kcal/mol]             [kcal/mol]      
CONF1              0.00                   0.00         
CONF2              0.18                   0.00         
CONF3              1.56                   1.52         
CONF4              1.55                   1.61         
----------------------------------------------------------------------------------------------------



Number of conformers:         4
Highest ranked conformer:     CONF2


Ran screening in 4.20 seconds!

----------------------------------------------------------------------------------------------------
                                            OPTIMIZATION                                            
----------------------------------------------------------------------------------------------------
    
optcycles:                    8
maxcyc:                       200
threshold:                    1.5
hlow:                         0.01
gradthr:                      0.01
func:                         r2scan-3c
basis:                        def2-tzvp
prog:                         orca
sm:                           smd
gfnv:                         gfn2
optlevel:                     normal
run:                          True
macrocycles:                  True
crestcheck:                   True
template:                     False
constrain:                    False
xtb_opt:                      True


Optimization using macrocycles, 8 microcycles per step.
Running xtb_opt calculation for CONF2.
Running xtb_opt calculation for CONF1.
Running xtb_opt calculation for CONF3.
Running xtb_opt calculation for CONF4.
Running xtb_rrho calculation for CONF2.
Running xtb_rrho calculation for CONF1.
Running xtb_rrho calculation for CONF3.
Running xtb_rrho calculation for CONF4.
CONF2 converged after 4 steps.
CONF1 converged after 5 steps.

----------------------------------- OPTIMIZATION CYCLE 8 UPDATE ------------------------------------

CONF#          Gtot             ΔGtot          grad_norm       converged   
               [Eh]           [kcal/mol]        [Eh/a0]                    
CONF1       -517.182512          0.07          0.000463          True      
CONF2       -517.182631          0.00          0.000655          True      
CONF3       -517.178788          2.41          0.001967          False     
CONF4       -517.180012          1.64          0.020303          False     
----------------------------------------------------------------------------------------------------
Running xtb_opt calculation for CONF3.
Running xtb_opt calculation for CONF4.

----------------------------------- OPTIMIZATION CYCLE 16 UPDATE -----------------------------------

CONF#          Gtot             ΔGtot          grad_norm       converged   
               [Eh]           [kcal/mol]        [Eh/a0]                    
CONF1       -517.182512          0.07          0.000463          True      
CONF2       -517.182631          0.00          0.000655          True      
CONF3       -517.180078          1.60          0.007126          False     
CONF4       -517.181696          0.59          0.002346          False     
----------------------------------------------------------------------------------------------------
Running xtb_opt calculation for CONF3.
Running xtb_opt calculation for CONF4.
CONF4 converged after 37 steps.

----------------------------------- OPTIMIZATION CYCLE 24 UPDATE -----------------------------------

CONF#          Gtot             ΔGtot          grad_norm       converged   
               [Eh]           [kcal/mol]        [Eh/a0]                    
CONF1       -517.182512          0.07          0.000463          True      
CONF2       -517.182631          0.00          0.000655          True      
CONF3       -517.180833          1.13          0.005673          False     
CONF4       -517.181730          0.57          0.000311          True      
----------------------------------------------------------------------------------------------------
Running xtb_opt calculation for CONF3.

----------------------------------- OPTIMIZATION CYCLE 32 UPDATE -----------------------------------

CONF#          Gtot             ΔGtot          grad_norm       converged   
               [Eh]           [kcal/mol]        [Eh/a0]                    
CONF1       -517.182512          0.07          0.000463          True      
CONF2       -517.182631          0.00          0.000655          True      
CONF3       -517.181098          0.96          0.000672          False     
CONF4       -517.181730          0.57          0.000311          True      
----------------------------------------------------------------------------------------------------
Running xtb_opt calculation for CONF3.
CONF3 converged after 65 steps.

----------------------------------- OPTIMIZATION CYCLE 40 UPDATE -----------------------------------

CONF#          Gtot             ΔGtot          grad_norm       converged   
               [Eh]           [kcal/mol]        [Eh/a0]                    
CONF1       -517.182512          0.07          0.000463          True      
CONF2       -517.182631          0.00          0.000655          True      
CONF3       -517.181101          0.96          0.000684          True      
CONF4       -517.181730          0.57          0.000311          True      
----------------------------------------------------------------------------------------------------
Running xtb_rrho calculation for CONF2.
Running xtb_rrho calculation for CONF1.
Running xtb_rrho calculation for CONF3.
Running xtb_rrho calculation for CONF4.

--------------------------------------- OPTIMIZATION RESULTS ---------------------------------------

CONF#       E (DFT) (+ ΔGsolv)       ΔE (DFT) (+ δΔGsolv)       GmRRHO          Gtot             ΔGtot          Boltzmann weight   
                   [Eh]                   [kcal/mol]             [Eh]           [Eh]           [kcal/mol]        % at 298.15 K     
CONF1          -517.255214                   0.00                ---         -517.182512          0.08               23.39         
CONF2          -517.255032                   0.11                ---         -517.182631          0.00               26.54         
CONF3          -517.255200                   0.01                ---         -517.182514          0.08               23.43         
CONF4          -517.255036                   0.11                ---         -517.182635          0.00               26.64         

Boltzmann averaged free energy/enthalpy of ensemble on optimized geometries:
temperature /K:   avE(T) /a.u.   avG(T) /a.u.
    298.15        -517.2551152    -517.1825769     <<==part2==
----------------------------------------------------------------------------------------------------


--------------------------------------- OPTIMIZATION RESULTS ---------------------------------------

CONF#       E (DFT) (+ ΔGsolv)       ΔE (DFT) (+ δΔGsolv)       GmRRHO          Gtot             ΔGtot          Boltzmann weight   
                   [Eh]                   [kcal/mol]             [Eh]           [Eh]           [kcal/mol]        % at 298.15 K     
CONF1          -517.255214                   0.00                ---         -517.182512          0.08               23.39         
CONF2          -517.255032                   0.11                ---         -517.182631          0.00               26.54         
CONF3          -517.255200                   0.01                ---         -517.182514          0.08               23.43         
CONF4          -517.255036                   0.11                ---         -517.182635          0.00               26.64         

Boltzmann averaged free energy/enthalpy of ensemble on optimized geometries:
temperature /K:   avE(T) /a.u.   avG(T) /a.u.
    298.15        -517.2551152    -517.1825769     <<==part2==
----------------------------------------------------------------------------------------------------


--------------------------------- OPTIMIZATION RANKING COMPARISON ----------------------------------

CONF#       ΔGtot prescreening       ΔGtot screening       ΔGtot optimization   
                [kcal/mol]             [kcal/mol]              [kcal/mol]       
CONF1              0.00                   0.00                    0.08          
CONF2              0.18                   0.00                    0.00          
CONF3              1.56                   1.52                    0.08          
CONF4              1.55                   1.61                    0.00          
----------------------------------------------------------------------------------------------------



Number of conformers:         4
Highest ranked conformer:     CONF4


Ran optimization in 185.38 seconds!

----------------------------------------------------------------------------------------------------
                                             REFINEMENT                                             
----------------------------------------------------------------------------------------------------
    
threshold:                    0.95
func:                         wb97x-v
basis:                        def2-tzvp
prog:                         orca
sm:                           smd
gfnv:                         gfn2
run:                          True
implicit:                     False
template:                     False


Running sp calculation for CONF4.
Running sp calculation for CONF2.
Running sp calculation for CONF3.
Running sp calculation for CONF1.
No longer considering CONF4.
No longer considering CONF2.
No longer considering CONF3.
No longer considering CONF1.

---------------------------- REFINEMENT SINGLE-POINT (+ mRRHO) RESULTS -----------------------------

CONF#         E (DFT)         ΔGsolv       GmRRHO          Gtot             ΔGtot          Boltzmann weight   
               [Eh]            [Eh]         [Eh]           [Eh]           [kcal/mol]        % at 298.15 K     
CONF1       -517.279107        ---          ---         -517.279107          0.02               24.78         
CONF2       -517.279120        ---          ---         -517.279120          0.01               25.12         
CONF3       -517.279094        ---          ---         -517.279094          0.03               24.44         
CONF4       -517.279140        ---          ---         -517.279140          0.00               25.66         

Boltzmann averaged free energy/enthalpy of ensemble (high level single-points):
temperature /K:   avE(T) /a.u.   avG(T) /a.u.
    298.15        -517.2791157    -517.2791157     <<==part3==
----------------------------------------------------------------------------------------------------


---------------------------------- REFINEMENT RANKING COMPARISON -----------------------------------

CONF#       ΔGtot prescreening       ΔGtot screening       ΔGtot optimization       ΔGtot refinement   
                [kcal/mol]             [kcal/mol]              [kcal/mol]              [kcal/mol]      
CONF1              0.00                   0.00                    0.08                    0.02         
CONF2              0.18                   0.00                    0.00                    0.01         
CONF3              1.56                   1.52                    0.08                    0.03         
CONF4              1.55                   1.61                    0.00                    0.00         
----------------------------------------------------------------------------------------------------



Number of conformers:         4
Highest ranked conformer:     CONF4


Ran refinement in 28.60 seconds!

Ran CENSO in 00:03:38

CENSO all done!
