#========================================================================================
#                     Free energy perturbation    
#----------------------------------------------------------------------------------------
#forward/backward          λ              ΔΔA                 ΔA                  δε   
#                                                 
#----------------------------------------------------------------------------------------
forward:               0.0000              0.0000              0.0000              0.0000  
forward:               0.0500              0.3907              0.3907              0.0094  
forward:               0.1000              0.2211              0.6117              0.0107  
forward:               0.1500              0.1826              0.7943              0.0115  
forward:               0.2000              0.1424              0.9367              0.0120  
forward:               0.2500              0.1267              1.0634              0.0125  
forward:               0.3000              0.1005              1.1640              0.0128  
forward:               0.3500              0.0970              1.2610              0.0132  
forward:               0.4000              0.0813              1.3423              0.0134  
forward:               0.4500              0.0766              1.4189              0.0136  
forward:               0.5000              0.0664              1.4853              0.0140  
forward:               0.5500             -0.0076              1.4777              0.0144  
forward:               0.6000             -0.1300              1.3477              0.0149  
forward:               0.6500             -0.2078              1.1399              0.0152  
forward:               0.7000             -0.2707              0.8692              0.0156  
forward:               0.7500             -0.3049              0.5643              0.0159  
forward:               0.8000             -0.3302              0.2341              0.0162  
forward:               0.8500             -0.3410             -0.1069              0.0164  
forward:               0.9000             -0.3432             -0.4501              0.0167  
forward:               0.9500             -0.3388             -0.7888              0.0169  
forward:               1.0000             -0.3447             -1.1335              0.0171  
backward:              1.0000              0.0000             -1.1335              0.0000  
backward:              0.9500              0.3449             -0.7887              0.0034  
backward:              0.9000              0.3419             -0.4468              0.0063  
backward:              0.8500              0.3480             -0.0989              0.0070  
backward:              0.8000              0.3287              0.2298              0.0078  
backward:              0.7500              0.3330              0.5628              0.0085  
backward:              0.7000              0.2999              0.8627              0.0093  
backward:              0.6500              0.2690              1.1317              0.0100  
backward:              0.6000              0.2081              1.3397              0.0107  
backward:              0.5500              0.1365              1.4762              0.0117  
backward:              0.5000              0.0134              1.4896              0.0123  
backward:              0.4500             -0.0691              1.4205              0.0126  
backward:              0.4000             -0.0832              1.3373              0.0131  
backward:              0.3500             -0.0870              1.2504              0.0134  
backward:              0.3000             -0.0930              1.1573              0.0139  
backward:              0.2500             -0.1031              1.0542              0.0142  
backward:              0.2000             -0.1187              0.9355              0.0146  
backward:              0.1500             -0.1381              0.7974              0.0151  
backward:              0.1000             -0.1727              0.6246              0.0161  
backward:              0.0500             -0.2235              0.4011              0.0172  
backward:              0.0000             -0.4799             -0.0788              0.1020  
Inaccuracy estimation
======================================================================================================
                   i        i+δi          P0_overlap_P1   δε(forward)/ε   δε(backward)/ε
======================================================================================================
inaccuracy:  0.00000        0.05000           68.10            0.00            0.53
inaccuracy:  0.05000        0.10000           78.74           -0.00            0.16
inaccuracy:  0.10000        0.15000           79.96           -0.00            0.10
inaccuracy:  0.15000        0.20000           82.36           -0.00            0.07
inaccuracy:  0.20000        0.25000           82.51           -0.00            0.06
inaccuracy:  0.25000        0.30000           85.29           -0.00            0.05
inaccuracy:  0.30000        0.35000           84.65           -0.00            0.05
inaccuracy:  0.35000        0.40000           86.26           -0.00            0.04
inaccuracy:  0.40000        0.45000           86.59           -0.00            0.04
inaccuracy:  0.45000        0.50000           86.84           -0.00            0.04
inaccuracy:  0.50000        0.55000           77.22           -0.02            0.09
inaccuracy:  0.55000        0.60000           78.74           -0.03            0.05
inaccuracy:  0.60000        0.65000           79.65           -0.03            0.03
inaccuracy:  0.65000        0.70000           80.54           -0.03            0.03
inaccuracy:  0.70000        0.75000           81.36           -0.03            0.03
inaccuracy:  0.75000        0.80000           80.12           -0.02            0.04
inaccuracy:  0.80000        0.85000           81.73           -0.02            0.04
inaccuracy:  0.85000        0.90000           79.56           -0.03            0.05
inaccuracy:  0.90000        0.95000           78.22           -0.02            0.05
inaccuracy:  0.95000        1.00000           78.70           -0.02            0.06
===================================================================================================================================
                BAR        
-----------------------------------------------------------------------------------------------------------------------------------
BAR-estimator:         λ             λ+δλ          ΔΔA             ΔA            C               Δδe            δe       
                          
-----------------------------------------------------------------------------------------------------------------------------------
BAR-estimator:      0.00000        0.05000        0.3941         0.3941         0.3941         0.0068         0.0068 
BAR-estimator:      0.05000        0.10000        0.2238         0.6179         0.2238         0.0036         0.0077 
BAR-estimator:      0.10000        0.15000        0.1791         0.7969         0.1791         0.0029         0.0083 
BAR-estimator:      0.15000        0.20000        0.1411         0.9380         0.1411         0.0024         0.0086 
BAR-estimator:      0.20000        0.25000        0.1237         1.0618         0.1237         0.0022         0.0089 
BAR-estimator:      0.25000        0.30000        0.1016         1.1634         0.1016         0.0021         0.0091 
BAR-estimator:      0.30000        0.35000        0.0957         1.2591         0.0957         0.0021         0.0094 
BAR-estimator:      0.35000        0.40000        0.0839         1.3430         0.0839         0.0020         0.0096 
BAR-estimator:      0.40000        0.45000        0.0778         1.4208         0.0778         0.0018         0.0097 
BAR-estimator:      0.45000        0.50000        0.0681         1.4889         0.0681         0.0022         0.0100 
BAR-estimator:      0.50000        0.55000       -0.0099         1.4790        -0.0099         0.0023         0.0102 
BAR-estimator:      0.55000        0.60000       -0.1334         1.3456        -0.1334         0.0030         0.0107 
BAR-estimator:      0.60000        0.65000       -0.2085         1.1371        -0.2085         0.0022         0.0109 
BAR-estimator:      0.65000        0.70000       -0.2701         0.8670        -0.2701         0.0024         0.0112 
BAR-estimator:      0.70000        0.75000       -0.3021         0.5649        -0.3021         0.0023         0.0114 
BAR-estimator:      0.75000        0.80000       -0.3308         0.2341        -0.3308         0.0022         0.0116 
BAR-estimator:      0.80000        0.85000       -0.3371        -0.1030        -0.3371         0.0024         0.0119 
BAR-estimator:      0.85000        0.90000       -0.3442        -0.4472        -0.3442         0.0025         0.0121 
BAR-estimator:      0.90000        0.95000       -0.3427        -0.7899        -0.3427         0.0023         0.0123 
BAR-estimator:      0.95000        1.00000       -0.3445        -1.1344        -0.3445         0.0021         0.0125 
BAR-estimator: total free energy change is -1.1344233919484803 , total error is 0.012519531621262063
