#========================================================================================
#                     Free energy perturbation    
#----------------------------------------------------------------------------------------
#forward/backward          λ              ΔΔA                 ΔA                  δε   
#                                                 
#----------------------------------------------------------------------------------------
forward:               0.0000              0.0000              0.0000              0.0000  
forward:               0.0500              1.6881              1.6881              0.0186  
forward:               0.1000              0.9594              2.6475              0.0239  
forward:               0.1500              0.4920              3.1395              0.0260  
forward:               0.2000              0.2593              3.3989              0.0270  
forward:               0.2500              0.1319              3.5308              0.0277  
forward:               0.3000              0.0560              3.5868              0.0283  
forward:               0.3500              0.0011              3.5878              0.0288  
forward:               0.4000             -0.0419              3.5459              0.0292  
forward:               0.4500             -0.0567              3.4892              0.0296  
forward:               0.5000             -0.0862              3.4030              0.0299  
forward:               0.5500             -0.2497              3.1533              0.0305  
forward:               0.6000             -0.5351              2.6182              0.0310  
forward:               0.6500             -0.7622              1.8560              0.0316  
forward:               0.7000             -0.9398              0.9163              0.0323  
forward:               0.7500             -1.0734             -0.1571              0.0328  
forward:               0.8000             -1.1525             -1.3096              0.0332  
forward:               0.8500             -1.1970             -2.5066              0.0336  
forward:               0.9000             -1.2120             -3.7186              0.0339  
forward:               0.9500             -1.2116             -4.9302              0.0343  
forward:               1.0000             -1.2186             -6.1488              0.0346  
backward:              1.0000              0.0000             -6.1488              0.0000  
backward:              0.9500              1.2115             -4.9373              0.0064  
backward:              0.9000              1.2139             -3.7234              0.0098  
backward:              0.8500              1.2149             -2.5086              0.0117  
backward:              0.8000              1.1984             -1.3102              0.0132  
backward:              0.7500              1.1503             -0.1599              0.0153  
backward:              0.7000              1.0702              0.9103              0.0169  
backward:              0.6500              0.9257              1.8360              0.0182  
backward:              0.6000              0.7562              2.5922              0.0192  
backward:              0.5500              0.5308              3.1230              0.0208  
backward:              0.5000              0.2608              3.3837              0.0214  
backward:              0.4500              0.0997              3.4834              0.0219  
backward:              0.4000              0.0657              3.5491              0.0225  
backward:              0.3500              0.0367              3.5858              0.0231  
backward:              0.3000             -0.0108              3.5750              0.0241  
backward:              0.2500             -0.0519              3.5230              0.0257  
backward:              0.2000             -0.1421              3.3809              0.0274  
backward:              0.1500             -0.2597              3.1212              0.0293  
backward:              0.1000             -0.4645              2.6567              0.0327  
backward:              0.0500             -0.9078              1.7489              0.0373  
backward:              0.0000             -1.6841              0.0647              0.0509  
Inaccuracy estimation
======================================================================================================
                   i        i+δi          P0_overlap_P1   δε(forward)/ε   δε(backward)/ε
======================================================================================================
inaccuracy:  0.00000        0.05000           35.51           -0.03            1.69
inaccuracy:  0.05000        0.10000           44.86           -0.03            1.12
inaccuracy:  0.10000        0.15000           55.90           -0.03            0.57
inaccuracy:  0.15000        0.20000           62.94           -0.02            0.33
inaccuracy:  0.20000        0.25000           68.28           -0.02            0.22
inaccuracy:  0.25000        0.30000           69.78           -0.02            0.16
inaccuracy:  0.30000        0.35000           71.84           -0.02            0.12
inaccuracy:  0.35000        0.40000           72.57           -0.01            0.12
inaccuracy:  0.40000        0.45000           72.82           -0.01            0.12
inaccuracy:  0.45000        0.50000           73.65           -0.02            0.10
inaccuracy:  0.50000        0.55000           63.05           -0.10            0.17
inaccuracy:  0.55000        0.60000           64.89           -0.12            0.10
inaccuracy:  0.60000        0.65000           65.62           -0.13            0.07
inaccuracy:  0.65000        0.70000           66.01           -0.12            0.05
inaccuracy:  0.70000        0.75000           65.99           -0.14            0.04
inaccuracy:  0.75000        0.80000           64.43           -0.13            0.04
inaccuracy:  0.80000        0.85000           64.95           -0.14            0.04
inaccuracy:  0.85000        0.90000           64.19           -0.13            0.04
inaccuracy:  0.90000        0.95000           63.40           -0.13            0.05
inaccuracy:  0.95000        1.00000           64.23           -0.13            0.05
===================================================================================================================================
                BAR        
-----------------------------------------------------------------------------------------------------------------------------------
BAR-estimator:         λ             λ+δλ          ΔΔA             ΔA            C               Δδe            δe       
                          
-----------------------------------------------------------------------------------------------------------------------------------
BAR-estimator:      0.00000        0.05000        1.6857         1.6857         1.6857         0.0094         0.0094 
BAR-estimator:      0.05000        0.10000        0.9577         2.6434         0.9577         0.0088         0.0129 
BAR-estimator:      0.10000        0.15000        0.4888         3.1322         0.4888         0.0078         0.0150 
BAR-estimator:      0.15000        0.20000        0.2591         3.3913         0.2591         0.0053         0.0159 
BAR-estimator:      0.20000        0.25000        0.1352         3.5265         0.1352         0.0042         0.0165 
BAR-estimator:      0.25000        0.30000        0.0534         3.5800         0.0534         0.0041         0.0170 
BAR-estimator:      0.30000        0.35000        0.0031         3.5831         0.0031         0.0039         0.0174 
BAR-estimator:      0.35000        0.40000       -0.0410         3.5421        -0.0410         0.0032         0.0177 
BAR-estimator:      0.40000        0.45000       -0.0588         3.4833        -0.0588         0.0037         0.0181 
BAR-estimator:      0.45000        0.50000       -0.0893         3.3940        -0.0893         0.0026         0.0183 
BAR-estimator:      0.50000        0.55000       -0.2503         3.1437        -0.2503         0.0039         0.0187 
BAR-estimator:      0.55000        0.60000       -0.5324         2.6113        -0.5324         0.0036         0.0190 
BAR-estimator:      0.60000        0.65000       -0.7575         1.8538        -0.7575         0.0036         0.0194 
BAR-estimator:      0.65000        0.70000       -0.9327         0.9212        -0.9327         0.0041         0.0198 
BAR-estimator:      0.70000        0.75000       -1.0724        -0.1513        -1.0724         0.0034         0.0201 
BAR-estimator:      0.75000        0.80000       -1.1534        -1.3047        -1.1534         0.0040         0.0205 
BAR-estimator:      0.80000        0.85000       -1.1947        -2.4994        -1.1947         0.0038         0.0209 
BAR-estimator:      0.85000        0.90000       -1.2150        -3.7144        -1.2150         0.0038         0.0212 
BAR-estimator:      0.90000        0.95000       -1.2152        -4.9296        -1.2152         0.0041         0.0216 
BAR-estimator:      0.95000        1.00000       -1.2166        -6.1462        -1.2166         0.0036         0.0219 
BAR-estimator: total free energy change is -6.146187047244133 , total error is 0.02190450140142574
