#========================================================================================
#                     Free energy perturbation    
#----------------------------------------------------------------------------------------
#forward/backward          λ              ΔΔA                 ΔA                  δε   
#                                                 
#----------------------------------------------------------------------------------------
forward:               0.0000              0.0000              0.0000              0.0000  
forward:               0.0500              1.5256              1.5256              0.0209  
forward:               0.1000              0.8531              2.3787              0.0251  
forward:               0.1500              0.4683              2.8470              0.0269  
forward:               0.2000              0.2508              3.0977              0.0282  
forward:               0.2500              0.1404              3.2381              0.0289  
forward:               0.3000              0.0751              3.3133              0.0294  
forward:               0.3500              0.0176              3.3309              0.0298  
forward:               0.4000             -0.0213              3.3096              0.0301  
forward:               0.4500             -0.0530              3.2566              0.0304  
forward:               0.5000             -0.0649              3.1917              0.0306  
forward:               0.5500             -0.1898              3.0019              0.0311  
forward:               0.6000             -0.4305              2.5714              0.0316  
forward:               0.6500             -0.6381              1.9332              0.0321  
forward:               0.7000             -0.8153              1.1179              0.0326  
forward:               0.7500             -0.9517              0.1662              0.0332  
forward:               0.8000             -1.0340             -0.8678              0.0337  
forward:               0.8500             -1.0674             -1.9352              0.0341  
forward:               0.9000             -1.0861             -3.0213              0.0344  
forward:               0.9500             -1.0750             -4.0963              0.0348  
forward:               1.0000             -1.0803             -5.1766              0.0351  
backward:              1.0000              0.0000             -5.1766              0.0000  
backward:              0.9500              1.0521             -4.1245              0.0070  
backward:              0.9000              1.0739             -3.0506              0.0095  
backward:              0.8500              1.0847             -1.9658              0.0114  
backward:              0.8000              1.0706             -0.8952              0.0133  
backward:              0.7500              1.0385              0.1432              0.0150  
backward:              0.7000              0.9513              1.0946              0.0168  
backward:              0.6500              0.8225              1.9171              0.0178  
backward:              0.6000              0.6294              2.5464              0.0193  
backward:              0.5500              0.4252              2.9716              0.0205  
backward:              0.5000              0.1939              3.1655              0.0219  
backward:              0.4500              0.0599              3.2254              0.0226  
backward:              0.4000              0.0511              3.2765              0.0231  
backward:              0.3500              0.0154              3.2919              0.0238  
backward:              0.3000             -0.0140              3.2779              0.0248  
backward:              0.2500             -0.0613              3.2166              0.0262  
backward:              0.2000             -0.1499              3.0667              0.0279  
backward:              0.1500             -0.2475              2.8192              0.0299  
backward:              0.1000             -0.4734              2.3458              0.0331  
backward:              0.0500             -0.8546              1.4912              0.0399  
backward:              0.0000             -1.5708             -0.0796              0.0499  
Inaccuracy estimation
======================================================================================================
                   i        i+δi          P0_overlap_P1   δε(forward)/ε   δε(backward)/ε
======================================================================================================
inaccuracy:  0.00000        0.05000           37.94           -0.03            1.65
inaccuracy:  0.05000        0.10000           47.55           -0.03            0.96
inaccuracy:  0.10000        0.15000           58.21           -0.03            0.48
inaccuracy:  0.15000        0.20000           64.15           -0.02            0.29
inaccuracy:  0.20000        0.25000           68.42           -0.01            0.19
inaccuracy:  0.25000        0.30000           69.66           -0.02            0.17
inaccuracy:  0.30000        0.35000           72.39           -0.01            0.14
inaccuracy:  0.35000        0.40000           74.02           -0.02            0.11
inaccuracy:  0.40000        0.45000           74.52           -0.01            0.11
inaccuracy:  0.45000        0.50000           74.60           -0.02            0.09
inaccuracy:  0.50000        0.55000           65.08           -0.10            0.14
inaccuracy:  0.55000        0.60000           65.84           -0.10            0.10
inaccuracy:  0.60000        0.65000           66.54           -0.11            0.07
inaccuracy:  0.65000        0.70000           65.87           -0.14            0.06
inaccuracy:  0.70000        0.75000           66.33           -0.12            0.05
inaccuracy:  0.75000        0.80000           66.07           -0.11            0.05
inaccuracy:  0.80000        0.85000           65.72           -0.11            0.05
inaccuracy:  0.85000        0.90000           66.39           -0.11            0.05
inaccuracy:  0.90000        0.95000           64.73           -0.10            0.06
inaccuracy:  0.95000        1.00000           65.98           -0.08            0.06
===================================================================================================================================
                BAR        
-----------------------------------------------------------------------------------------------------------------------------------
BAR-estimator:         λ             λ+δλ          ΔΔA             ΔA            C               Δδe            δe       
                          
-----------------------------------------------------------------------------------------------------------------------------------
BAR-estimator:      0.00000        0.05000        1.5766         1.5766         1.5766         0.0098         0.0098 
BAR-estimator:      0.05000        0.10000        0.8526         2.4291         0.8526         0.0083         0.0128 
BAR-estimator:      0.10000        0.15000        0.4671         2.8963         0.4671         0.0063         0.0143 
BAR-estimator:      0.15000        0.20000        0.2497         3.1460         0.2497         0.0039         0.0148 
BAR-estimator:      0.20000        0.25000        0.1396         3.2855         0.1396         0.0042         0.0154 
BAR-estimator:      0.25000        0.30000        0.0704         3.3559         0.0704         0.0041         0.0159 
BAR-estimator:      0.30000        0.35000        0.0174         3.3733         0.0174         0.0035         0.0163 
BAR-estimator:      0.35000        0.40000       -0.0204         3.3530        -0.0204         0.0035         0.0167 
BAR-estimator:      0.40000        0.45000       -0.0504         3.3026        -0.0504         0.0030         0.0169 
BAR-estimator:      0.45000        0.50000       -0.0651         3.2375        -0.0651         0.0028         0.0172 
BAR-estimator:      0.50000        0.55000       -0.1916         3.0459        -0.1916         0.0036         0.0175 
BAR-estimator:      0.55000        0.60000       -0.4307         2.6152        -0.4307         0.0035         0.0179 
BAR-estimator:      0.60000        0.65000       -0.6332         1.9820        -0.6332         0.0036         0.0183 
BAR-estimator:      0.65000        0.70000       -0.8195         1.1625        -0.8195         0.0047         0.0189 
BAR-estimator:      0.70000        0.75000       -0.9477         0.2147        -0.9477         0.0034         0.0192 
BAR-estimator:      0.75000        0.80000       -1.0337        -0.8189        -1.0337         0.0038         0.0196 
BAR-estimator:      0.80000        0.85000       -1.0701        -1.8890        -1.0701         0.0038         0.0199 
BAR-estimator:      0.85000        0.90000       -1.0841        -2.9730        -1.0841         0.0041         0.0203 
BAR-estimator:      0.90000        0.95000       -1.0744        -4.0474        -1.0744         0.0040         0.0207 
BAR-estimator:      0.95000        1.00000       -1.0694        -5.1168        -1.0694         0.0036         0.0210 
BAR-estimator: total free energy change is -5.1168020532468965 , total error is 0.021045462372685942
