2025-04-08 22:18:29,633 -   censo.qm_processor   -   INFO   - worker83326: Running sp calculation in /home/michael/Documents/CHEM4561/automated/1764/0_PRESCREENING/CONF1/sp.
2025-04-08 22:18:29,634 -   censo.qm_processor   -   INFO   - worker83327: Running sp calculation in /home/michael/Documents/CHEM4561/automated/1764/0_PRESCREENING/CONF2/sp.
2025-04-08 22:45:14,947 -   censo.qm_processor   -   INFO   - worker105729:Running sp calculation in /home/michael/Documents/CHEM4561/automated/1764/0_PRESCREENING/CONF1/sp.
2025-04-08 22:45:14,947 -   censo.qm_processor   -   INFO   - worker105730:Running sp calculation in /home/michael/Documents/CHEM4561/automated/1764/0_PRESCREENING/CONF2/sp.
2025-04-08 22:45:17,275 -     censo.parallel     -   INFO   - All jobs executed successfully.
2025-04-08 22:45:17,296 -   censo.qm_processor   -   INFO   - worker105839:Running sp calculation in /home/michael/Documents/CHEM4561/automated/1764/1_SCREENING/CONF1/sp.
2025-04-08 22:45:17,297 -   censo.qm_processor   -   INFO   - worker105840:Running sp calculation in /home/michael/Documents/CHEM4561/automated/1764/1_SCREENING/CONF2/sp.
2025-04-08 22:45:27,152 -     censo.parallel     -   INFO   - All jobs executed successfully.
2025-04-08 22:45:27,174 -   censo.qm_processor   -   INFO   - worker105956:Running xtb_opt calculation in /home/michael/Documents/CHEM4561/automated/1764/2_OPTIMIZATION/CONF1/xtb_opt.
2025-04-08 22:45:27,175 -   censo.qm_processor   -   INFO   - worker105957:Running xtb_opt calculation in /home/michael/Documents/CHEM4561/automated/1764/2_OPTIMIZATION/CONF2/xtb_opt.
2025-04-08 22:46:21,247 -     censo.parallel     -   INFO   - All jobs executed successfully.
2025-04-08 22:46:21,267 -   censo.qm_processor   -   INFO   - worker106380:Running xtb_rrho calculation in /home/michael/Documents/CHEM4561/automated/1764/2_OPTIMIZATION/CONF1/xtb_rrho.
2025-04-08 22:46:21,267 -   censo.qm_processor   -   INFO   - worker106381:Running xtb_rrho calculation in /home/michael/Documents/CHEM4561/automated/1764/2_OPTIMIZATION/CONF2/xtb_rrho.
2025-04-08 22:46:21,753 -     censo.parallel     -   INFO   - All jobs executed successfully.
2025-04-08 22:46:21,753 -censo.ensembleopt.optimization-   INFO   - Threshold: 1.50 kcal/mol
2025-04-08 22:46:21,773 -   censo.qm_processor   -   INFO   - worker106475:Running xtb_rrho calculation in /home/michael/Documents/CHEM4561/automated/1764/2_OPTIMIZATION/CONF1/xtb_rrho.
2025-04-08 22:46:21,773 -   censo.qm_processor   -   INFO   - worker106476:Running xtb_rrho calculation in /home/michael/Documents/CHEM4561/automated/1764/2_OPTIMIZATION/CONF2/xtb_rrho.
2025-04-08 22:46:22,253 -     censo.parallel     -   INFO   - All jobs executed successfully.
2025-04-08 22:46:22,277 -   censo.qm_processor   -   INFO   - worker106571:Running sp calculation in /home/michael/Documents/CHEM4561/automated/1764/3_REFINEMENT/CONF1/sp.
2025-04-08 22:46:22,277 -   censo.qm_processor   -   INFO   - worker106572:Running sp calculation in /home/michael/Documents/CHEM4561/automated/1764/3_REFINEMENT/CONF2/sp.
2025-04-08 22:47:47,522 -     censo.parallel     -   INFO   - All jobs executed successfully.
