2025-04-09 01:48:22,840 -   censo.qm_processor   -   INFO   - worker175807:Running sp calculation in /home/michael/Documents/CHEM4561/automated/1779/0_PRESCREENING/CONF1/sp.
2025-04-09 01:48:24,868 -     censo.parallel     -   INFO   - All jobs executed successfully.
2025-04-09 01:48:24,887 -   censo.qm_processor   -   INFO   - worker175912:Running sp calculation in /home/michael/Documents/CHEM4561/automated/1779/1_SCREENING/CONF1/sp.
2025-04-09 01:48:30,936 -     censo.parallel     -   INFO   - All jobs executed successfully.
2025-04-09 01:48:30,954 -   censo.qm_processor   -   INFO   - worker176021:Running xtb_opt calculation in /home/michael/Documents/CHEM4561/automated/1779/2_OPTIMIZATION/CONF1/xtb_opt.
2025-04-09 01:49:05,943 -     censo.parallel     -   INFO   - All jobs executed successfully.
2025-04-09 01:49:05,959 -   censo.qm_processor   -   INFO   - worker176270:Running xtb_rrho calculation in /home/michael/Documents/CHEM4561/automated/1779/2_OPTIMIZATION/CONF1/xtb_rrho.
2025-04-09 01:49:06,367 -     censo.parallel     -   INFO   - All jobs executed successfully.
2025-04-09 01:49:06,385 -   censo.qm_processor   -   INFO   - worker176365:Running sp calculation in /home/michael/Documents/CHEM4561/automated/1779/3_REFINEMENT/CONF1/sp.
2025-04-09 01:50:06,941 -     censo.parallel     -   INFO   - All jobs executed successfully.
2025-04-09 01:50:07,026 -   censo.qm_processor   -   INFO   - worker176708:Running sp calculation in /home/michael/Documents/CHEM4561/automated/1779/0_PRESCREENING/CONF1/sp.
2025-04-09 01:50:07,987 -     censo.parallel     -   INFO   - All jobs executed successfully.
2025-04-09 01:50:08,004 -   censo.qm_processor   -   INFO   - worker176809:Running sp calculation in /home/michael/Documents/CHEM4561/automated/1779/1_SCREENING/CONF1/sp.
2025-04-09 01:50:14,006 -     censo.parallel     -   INFO   - All jobs executed successfully.
2025-04-09 01:50:14,023 -   censo.qm_processor   -   INFO   - worker176915:Running xtb_opt calculation in /home/michael/Documents/CHEM4561/automated/1779/2_OPTIMIZATION/CONF1/xtb_opt.
2025-04-09 01:50:48,793 -     censo.parallel     -   INFO   - All jobs executed successfully.
2025-04-09 01:50:48,809 -   censo.qm_processor   -   INFO   - worker177196:Running xtb_rrho calculation in /home/michael/Documents/CHEM4561/automated/1779/2_OPTIMIZATION/CONF1/xtb_rrho.
2025-04-09 01:50:49,213 -     censo.parallel     -   INFO   - All jobs executed successfully.
2025-04-09 01:50:49,230 -   censo.qm_processor   -   INFO   - worker177290:Running sp calculation in /home/michael/Documents/CHEM4561/automated/1779/3_REFINEMENT/CONF1/sp.
2025-04-09 01:51:49,809 -     censo.parallel     -   INFO   - All jobs executed successfully.
