2025-04-09 02:41:42,755 -   censo.qm_processor   -   INFO   - worker204575:Running sp calculation in /home/michael/Documents/CHEM4561/automated/1783/0_PRESCREENING/CONF1/sp.
2025-04-09 02:41:43,458 -     censo.parallel     -   INFO   - All jobs executed successfully.
2025-04-09 02:41:43,477 -   censo.qm_processor   -   INFO   - worker204678:Running sp calculation in /home/michael/Documents/CHEM4561/automated/1783/1_SCREENING/CONF1/sp.
2025-04-09 02:41:46,791 -     censo.parallel     -   INFO   - All jobs executed successfully.
2025-04-09 02:41:46,810 -   censo.qm_processor   -   INFO   - worker204781:Running xtb_opt calculation in /home/michael/Documents/CHEM4561/automated/1783/2_OPTIMIZATION/CONF1/xtb_opt.
2025-04-09 02:42:08,201 -     censo.parallel     -   INFO   - All jobs executed successfully.
2025-04-09 02:42:08,217 -   censo.qm_processor   -   INFO   - worker205019:Running xtb_rrho calculation in /home/michael/Documents/CHEM4561/automated/1783/2_OPTIMIZATION/CONF1/xtb_rrho.
2025-04-09 02:42:08,289 -     censo.parallel     -   INFO   - All jobs executed successfully.
2025-04-09 02:42:08,308 -   censo.qm_processor   -   INFO   - worker205114:Running sp calculation in /home/michael/Documents/CHEM4561/automated/1783/3_REFINEMENT/CONF1/sp.
2025-04-09 02:42:21,479 -     censo.parallel     -   INFO   - All jobs executed successfully.
2025-04-09 02:42:21,566 -   censo.qm_processor   -   INFO   - worker205266:Running sp calculation in /home/michael/Documents/CHEM4561/automated/1783/0_PRESCREENING/CONF1/sp.
2025-04-09 02:42:21,989 -     censo.parallel     -   INFO   - All jobs executed successfully.
2025-04-09 02:42:22,007 -   censo.qm_processor   -   INFO   - worker205368:Running sp calculation in /home/michael/Documents/CHEM4561/automated/1783/1_SCREENING/CONF1/sp.
2025-04-09 02:42:25,405 -     censo.parallel     -   INFO   - All jobs executed successfully.
2025-04-09 02:42:25,422 -   censo.qm_processor   -   INFO   - worker205494:Running xtb_opt calculation in /home/michael/Documents/CHEM4561/automated/1783/2_OPTIMIZATION/CONF1/xtb_opt.
2025-04-09 02:42:47,204 -     censo.parallel     -   INFO   - All jobs executed successfully.
2025-04-09 02:42:47,220 -   censo.qm_processor   -   INFO   - worker205730:Running xtb_rrho calculation in /home/michael/Documents/CHEM4561/automated/1783/2_OPTIMIZATION/CONF1/xtb_rrho.
2025-04-09 02:42:47,292 -     censo.parallel     -   INFO   - All jobs executed successfully.
2025-04-09 02:42:47,309 -   censo.qm_processor   -   INFO   - worker205824:Running sp calculation in /home/michael/Documents/CHEM4561/automated/1783/3_REFINEMENT/CONF1/sp.
2025-04-09 02:43:00,963 -     censo.parallel     -   INFO   - All jobs executed successfully.
