#========================================================================================
#                     Free energy perturbation    
#----------------------------------------------------------------------------------------
#forward/backward          λ              ΔΔA                 ΔA                  δε   
#                                                 
#----------------------------------------------------------------------------------------
forward:               0.0000              0.0000              0.0000              0.0000  
forward:               0.0500              2.2451              2.2451              0.0262  
forward:               0.1000              1.1680              3.4131              0.0340  
forward:               0.1500              0.6077              4.0209              0.0362  
forward:               0.2000              0.2794              4.3003              0.0373  
forward:               0.2500              0.1328              4.4331              0.0379  
forward:               0.3000              0.0398              4.4729              0.0383  
forward:               0.3500             -0.0213              4.4515              0.0386  
forward:               0.4000             -0.0636              4.3879              0.0389  
forward:               0.4500             -0.1005              4.2875              0.0392  
forward:               0.5000             -0.1293              4.1582              0.0394  
forward:               0.5500             -0.1759              3.9823              0.0397  
forward:               0.6000             -0.2498              3.7325              0.0399  
forward:               0.6500             -0.3057              3.4268              0.0401  
forward:               0.7000             -0.3394              3.0874              0.0402  
forward:               0.7500             -0.3673              2.7201              0.0404  
forward:               0.8000             -0.3909              2.3292              0.0405  
forward:               0.8500             -0.4142              1.9150              0.0407  
forward:               0.9000             -0.4401              1.4749              0.0408  
forward:               0.9500             -0.4438              1.0311              0.0409  
forward:               1.0000             -0.4606              0.5706              0.0410  
backward:              1.0000              0.0000              0.5706              0.0000  
backward:              0.9500              0.4662              1.0367              0.0040  
backward:              0.9000              0.4525              1.4892              0.0057  
backward:              0.8500              0.4226              1.9118              0.0069  
backward:              0.8000              0.4178              2.3295              0.0078  
backward:              0.7500              0.4012              2.7307              0.0089  
backward:              0.7000              0.3673              3.0980              0.0099  
backward:              0.6500              0.3454              3.4434              0.0106  
backward:              0.6000              0.2998              3.7433              0.0116  
backward:              0.5500              0.2529              3.9962              0.0125  
backward:              0.5000              0.1738              4.1700              0.0134  
backward:              0.4500              0.1289              4.2989              0.0142  
backward:              0.4000              0.1040              4.4029              0.0151  
backward:              0.3500              0.0700              4.4729              0.0159  
backward:              0.3000              0.0036              4.4765              0.0172  
backward:              0.2500             -0.0532              4.4234              0.0197  
backward:              0.2000             -0.1278              4.2955              0.0214  
backward:              0.1500             -0.3237              3.9718              0.0266  
backward:              0.1000             -0.5336              3.4382              0.0306  
backward:              0.0500             -1.1819              2.2563              0.0416  
backward:              0.0000             -2.0764              0.1800              0.0507  
Inaccuracy estimation
======================================================================================================
                   i        i+δi          P0_overlap_P1   δε(forward)/ε   δε(backward)/ε
======================================================================================================
inaccuracy:  0.00000        0.05000           27.19            0.03            3.09
inaccuracy:  0.05000        0.10000           41.29           -0.05            1.45
inaccuracy:  0.10000        0.15000           50.79           -0.04            0.71
inaccuracy:  0.15000        0.20000           63.30           -0.02            0.31
inaccuracy:  0.20000        0.25000           67.17           -0.02            0.21
inaccuracy:  0.25000        0.30000           70.99           -0.01            0.16
inaccuracy:  0.30000        0.35000           73.16           -0.01            0.12
inaccuracy:  0.35000        0.40000           73.34           -0.01            0.11
inaccuracy:  0.40000        0.45000           74.05           -0.01            0.09
inaccuracy:  0.45000        0.50000           74.88           -0.02            0.09
inaccuracy:  0.50000        0.55000           72.94           -0.03            0.09
inaccuracy:  0.55000        0.60000           73.60           -0.02            0.08
inaccuracy:  0.60000        0.65000           75.28           -0.03            0.07
inaccuracy:  0.65000        0.70000           74.78           -0.04            0.07
inaccuracy:  0.70000        0.75000           74.88           -0.03            0.06
inaccuracy:  0.75000        0.80000           73.78           -0.03            0.06
inaccuracy:  0.80000        0.85000           74.67           -0.03            0.06
inaccuracy:  0.85000        0.90000           76.55           -0.03            0.05
inaccuracy:  0.90000        0.95000           73.90           -0.03            0.06
inaccuracy:  0.95000        1.00000           74.45           -0.04            0.06
===================================================================================================================================
                BAR        
-----------------------------------------------------------------------------------------------------------------------------------
BAR-estimator:         λ             λ+δλ          ΔΔA             ΔA            C               Δδe            δe       
                          
-----------------------------------------------------------------------------------------------------------------------------------
BAR-estimator:      0.00000        0.05000        2.2421         2.2421         2.2421         0.0121         0.0121 
BAR-estimator:      0.05000        0.10000        1.1845         3.4266         1.1845         0.0115         0.0167 
BAR-estimator:      0.10000        0.15000        0.5848         4.0114         0.5848         0.0079         0.0184 
BAR-estimator:      0.15000        0.20000        0.2847         4.2961         0.2847         0.0059         0.0194 
BAR-estimator:      0.20000        0.25000        0.1317         4.4278         0.1317         0.0043         0.0198 
BAR-estimator:      0.25000        0.30000        0.0430         4.4708         0.0430         0.0038         0.0202 
BAR-estimator:      0.30000        0.35000       -0.0152         4.4556        -0.0152         0.0033         0.0205 
BAR-estimator:      0.35000        0.40000       -0.0663         4.3893        -0.0663         0.0031         0.0207 
BAR-estimator:      0.40000        0.45000       -0.1020         4.2873        -0.1020         0.0035         0.0210 
BAR-estimator:      0.45000        0.50000       -0.1293         4.1580        -0.1293         0.0029         0.0212 
BAR-estimator:      0.50000        0.55000       -0.1743         3.9837        -0.1743         0.0033         0.0215 
BAR-estimator:      0.55000        0.60000       -0.2504         3.7333        -0.2504         0.0028         0.0216 
BAR-estimator:      0.60000        0.65000       -0.3024         3.4309        -0.3024         0.0026         0.0218 
BAR-estimator:      0.65000        0.70000       -0.3411         3.0898        -0.3411         0.0027         0.0220 
BAR-estimator:      0.70000        0.75000       -0.3673         2.7225        -0.3673         0.0027         0.0221 
BAR-estimator:      0.75000        0.80000       -0.3957         2.3268        -0.3957         0.0026         0.0223 
BAR-estimator:      0.80000        0.85000       -0.4153         1.9115        -0.4153         0.0027         0.0225 
BAR-estimator:      0.85000        0.90000       -0.4340         1.4774        -0.4340         0.0027         0.0226 
BAR-estimator:      0.90000        0.95000       -0.4474         1.0300        -0.4474         0.0028         0.0228 
BAR-estimator:      0.95000        1.00000       -0.4621         0.5679        -0.4621         0.0025         0.0229 
BAR-estimator: total free energy change is 0.5678742927595246 , total error is 0.022916774451087717
