2025-04-08 23:29:55,311 -   censo.qm_processor   -   INFO   - worker121201:Running sp calculation in /home/michael/Documents/CHEM4561/automated/1768/0_PRESCREENING/CONF1/sp.
2025-04-08 23:29:55,311 -   censo.qm_processor   -   INFO   - worker121202:Running sp calculation in /home/michael/Documents/CHEM4561/automated/1768/0_PRESCREENING/CONF2/sp.
2025-04-08 23:29:55,312 -   censo.qm_processor   -   INFO   - worker121205:Running sp calculation in /home/michael/Documents/CHEM4561/automated/1768/0_PRESCREENING/CONF3/sp.
2025-04-08 23:29:55,312 -   censo.qm_processor   -   INFO   - worker121207:Running sp calculation in /home/michael/Documents/CHEM4561/automated/1768/0_PRESCREENING/CONF4/sp.
2025-04-08 23:29:57,258 -     censo.parallel     -   INFO   - All jobs executed successfully.
2025-04-08 23:29:57,277 -   censo.qm_processor   -   INFO   - worker121334:Running sp calculation in /home/michael/Documents/CHEM4561/automated/1768/1_SCREENING/CONF2/sp.
2025-04-08 23:29:57,278 -   censo.qm_processor   -   INFO   - worker121335:Running sp calculation in /home/michael/Documents/CHEM4561/automated/1768/1_SCREENING/CONF1/sp.
2025-04-08 23:30:05,548 -     censo.parallel     -   INFO   - All jobs executed successfully.
2025-04-08 23:30:05,567 -   censo.qm_processor   -   INFO   - worker121486:Running xtb_opt calculation in /home/michael/Documents/CHEM4561/automated/1768/2_OPTIMIZATION/CONF2/xtb_opt.
2025-04-08 23:30:05,567 -   censo.qm_processor   -   INFO   - worker121487:Running xtb_opt calculation in /home/michael/Documents/CHEM4561/automated/1768/2_OPTIMIZATION/CONF1/xtb_opt.
2025-04-08 23:30:58,633 -     censo.parallel     -   INFO   - All jobs executed successfully.
2025-04-08 23:30:58,650 -   censo.qm_processor   -   INFO   - worker121859:Running xtb_rrho calculation in /home/michael/Documents/CHEM4561/automated/1768/2_OPTIMIZATION/CONF2/xtb_rrho.
2025-04-08 23:30:58,650 -   censo.qm_processor   -   INFO   - worker121860:Running xtb_rrho calculation in /home/michael/Documents/CHEM4561/automated/1768/2_OPTIMIZATION/CONF1/xtb_rrho.
2025-04-08 23:30:59,030 -     censo.parallel     -   INFO   - All jobs executed successfully.
2025-04-08 23:30:59,031 -censo.ensembleopt.optimization-   INFO   - Threshold: 1.50 kcal/mol
2025-04-08 23:30:59,048 -   censo.qm_processor   -   INFO   - worker121954:Running xtb_rrho calculation in /home/michael/Documents/CHEM4561/automated/1768/2_OPTIMIZATION/CONF2/xtb_rrho.
2025-04-08 23:30:59,048 -   censo.qm_processor   -   INFO   - worker121955:Running xtb_rrho calculation in /home/michael/Documents/CHEM4561/automated/1768/2_OPTIMIZATION/CONF1/xtb_rrho.
2025-04-08 23:30:59,431 -     censo.parallel     -   INFO   - All jobs executed successfully.
2025-04-08 23:30:59,451 -   censo.qm_processor   -   INFO   - worker122052:Running sp calculation in /home/michael/Documents/CHEM4561/automated/1768/3_REFINEMENT/CONF2/sp.
2025-04-08 23:30:59,452 -   censo.qm_processor   -   INFO   - worker122053:Running sp calculation in /home/michael/Documents/CHEM4561/automated/1768/3_REFINEMENT/CONF1/sp.
2025-04-08 23:31:55,334 -     censo.parallel     -   INFO   - All jobs executed successfully.
2025-04-08 23:31:55,444 -   censo.qm_processor   -   INFO   - worker122265:Running sp calculation in /home/michael/Documents/CHEM4561/automated/1768/0_PRESCREENING/CONF1/sp.
2025-04-08 23:31:55,444 -   censo.qm_processor   -   INFO   - worker122266:Running sp calculation in /home/michael/Documents/CHEM4561/automated/1768/0_PRESCREENING/CONF2/sp.
2025-04-08 23:31:55,445 -   censo.qm_processor   -   INFO   - worker122268:Running sp calculation in /home/michael/Documents/CHEM4561/automated/1768/0_PRESCREENING/CONF3/sp.
2025-04-08 23:31:55,445 -   censo.qm_processor   -   INFO   - worker122271:Running sp calculation in /home/michael/Documents/CHEM4561/automated/1768/0_PRESCREENING/CONF4/sp.
2025-04-08 23:31:56,387 -     censo.parallel     -   INFO   - All jobs executed successfully.
2025-04-08 23:31:56,404 -   censo.qm_processor   -   INFO   - worker122396:Running sp calculation in /home/michael/Documents/CHEM4561/automated/1768/1_SCREENING/CONF2/sp.
2025-04-08 23:31:56,405 -   censo.qm_processor   -   INFO   - worker122397:Running sp calculation in /home/michael/Documents/CHEM4561/automated/1768/1_SCREENING/CONF1/sp.
2025-04-08 23:32:04,687 -     censo.parallel     -   INFO   - All jobs executed successfully.
2025-04-08 23:32:04,704 -   censo.qm_processor   -   INFO   - worker122510:Running xtb_opt calculation in /home/michael/Documents/CHEM4561/automated/1768/2_OPTIMIZATION/CONF2/xtb_opt.
2025-04-08 23:32:04,705 -   censo.qm_processor   -   INFO   - worker122511:Running xtb_opt calculation in /home/michael/Documents/CHEM4561/automated/1768/2_OPTIMIZATION/CONF1/xtb_opt.
2025-04-08 23:32:57,774 -     censo.parallel     -   INFO   - All jobs executed successfully.
2025-04-08 23:32:57,791 -   censo.qm_processor   -   INFO   - worker122883:Running xtb_rrho calculation in /home/michael/Documents/CHEM4561/automated/1768/2_OPTIMIZATION/CONF2/xtb_rrho.
2025-04-08 23:32:57,792 -   censo.qm_processor   -   INFO   - worker122884:Running xtb_rrho calculation in /home/michael/Documents/CHEM4561/automated/1768/2_OPTIMIZATION/CONF1/xtb_rrho.
2025-04-08 23:32:58,165 -     censo.parallel     -   INFO   - All jobs executed successfully.
2025-04-08 23:32:58,165 -censo.ensembleopt.optimization-   INFO   - Threshold: 1.50 kcal/mol
2025-04-08 23:32:58,182 -   censo.qm_processor   -   INFO   - worker122980:Running xtb_rrho calculation in /home/michael/Documents/CHEM4561/automated/1768/2_OPTIMIZATION/CONF2/xtb_rrho.
2025-04-08 23:32:58,183 -   censo.qm_processor   -   INFO   - worker122981:Running xtb_rrho calculation in /home/michael/Documents/CHEM4561/automated/1768/2_OPTIMIZATION/CONF1/xtb_rrho.
2025-04-08 23:32:58,553 -     censo.parallel     -   INFO   - All jobs executed successfully.
2025-04-08 23:32:58,571 -   censo.qm_processor   -   INFO   - worker123076:Running sp calculation in /home/michael/Documents/CHEM4561/automated/1768/3_REFINEMENT/CONF2/sp.
2025-04-08 23:32:58,572 -   censo.qm_processor   -   INFO   - worker123077:Running sp calculation in /home/michael/Documents/CHEM4561/automated/1768/3_REFINEMENT/CONF1/sp.
2025-04-08 23:33:54,380 -     censo.parallel     -   INFO   - All jobs executed successfully.
