14
 energy: -20.782665003761 gnorm: 0.026877880343 xtb: 6.7.1 (41059b4)
C           -2.47959443652156        0.07569996808140        0.37981394615013
C           -1.23715769527250        0.67107494271878       -0.26726589122772
C            0.03143886758739       -0.01937233980101        0.17173238455633
O            0.09425406057310       -1.02527307233079        0.83813028268660
O            1.12179004475350        0.63628890791560       -0.29754177794946
C            2.38581337807203        0.03121669220642        0.04642733907071
H           -2.56010917198549       -0.99074240415882        0.15824095783802
H           -2.44211742179973        0.18271646822716        1.46671279865065
H           -3.37815040031091        0.57851318296461        0.01275242875168
H           -1.13511104311417        1.74023331800869       -0.05012844129003
H           -1.28300465929198        0.59623821281228       -1.36127027495070
H            2.50379743976140       -0.01471113926287        1.13224722636680
H            3.14688685040418        0.67305303268390       -0.39720541179074
H            2.44786075157523       -0.98099041836218       -0.36190216157313
14
 energy: -20.783330964647 gnorm: 0.009795540509 xtb: 6.7.1 (41059b4)
C           -2.47302630479498        0.07807882575096        0.37845296774646
C           -1.23338727640218        0.67234478303486       -0.26930287289869
C            0.03060859948146       -0.02473839518617        0.17195004561447
O            0.09084749707506       -1.02338174951161        0.83654828661742
O            1.11886052107712        0.62264995865161       -0.29117912468703
C            2.37859586636114        0.03392125917296        0.04590115902766
H           -2.54588534872456       -0.98372510242106        0.15261256223613
H           -2.42776911381293        0.18728393642803        1.46037558610014
H           -3.36833085595497        0.57803104148123        0.01339784675237
H           -1.13417229296252        1.73676523544669       -0.04005268493600
H           -1.28692980077957        0.58807822306754       -1.35960749152655
H            2.49210964616735       -0.01036344528010        1.13002071801511
H            3.13646008238731        0.67548066450778       -0.39719762532140
H            2.43861534531275       -0.97647988343955       -0.36117596745094
14
 energy: -20.783425413734 gnorm: 0.003321781522 xtb: 6.7.1 (41059b4)
C           -2.47001419857634        0.07861612993186        0.37828543601254
C           -1.23151343252877        0.67532799556388       -0.27249437198978
C            0.02974096613043       -0.02675127914527        0.17210719045481
O            0.08720480243018       -1.02471002531078        0.83610447539899
O            1.11619264962814        0.61548428168217       -0.28890259255095
C            2.37229000580633        0.03561505895366        0.04546460439808
H           -2.53900872868550       -0.98165888818709        0.15142869318517
H           -2.42058937625554        0.18840452458513        1.45820535946422
H           -3.36487010301578        0.57653272984009        0.01509587681221
H           -1.13138085505486        1.73660478919342       -0.03699368147942
H           -1.28728148951932        0.58759861308145       -1.36057792710113
H            2.48885159553272       -0.00853453306713        1.12918812327622
H            3.12897347700188        0.67689419937698       -0.39729834213636
H            2.43800125153690       -0.97547824479521       -0.35886943845545
14
 energy: -20.783434329606 gnorm: 0.001093580230 xtb: 6.7.1 (41059b4)
C           -2.47044015784569        0.07905666098025        0.37847238066528
C           -1.23157766436248        0.67594350824798       -0.27344589042858
C            0.02960288754762       -0.02814666605455        0.17044598118321
O            0.08539859757128       -1.02611765539249        0.83564827613389
O            1.11579257059365        0.61325762277394       -0.28956791456767
C            2.37107671374904        0.03639978339616        0.04547318893792
H           -2.53832984022333       -0.98130641060964        0.15152534971832
H           -2.41911132705528        0.18880744681925        1.45832094392074
H           -3.36590903276198        0.57663268142550        0.01616567829816
H           -1.13014236054622        1.73640742093575       -0.03658844499479
H           -1.28819158797866        0.58863062784550       -1.36104826102984
H            2.48942801296722       -0.00786843622537        1.12959295318885
H            3.12799249697880        0.67796982507347       -0.39704730738863
H            2.44100725579652       -0.97572105751258       -0.35720352834771
14
 energy: -20.783435548497 gnorm: 0.000691474049 xtb: 6.7.1 (41059b4)
C           -2.47097462522800        0.07912634973333        0.37863182687964
C           -1.23191482128056        0.67605505339571       -0.27387227351424
C            0.02962628934890       -0.02849456986717        0.17003885946062
O            0.08358901138478       -1.02751592760470        0.83471826954604
O            1.11585978355419        0.61171526671183       -0.29065655513617
C            2.37087746187093        0.03677827340930        0.04531763914230
H           -2.53885797224493       -0.98151919424506        0.15201895434732
H           -2.41907514889817        0.18911547610062        1.45865097637859
H           -3.36670902991055        0.57683405271424        0.01653399341368
H           -1.12956157489907        1.73619046052436       -0.03611305536364
H           -1.28894497961740        0.59022085119533       -1.36152625078555
H            2.49034163086082       -0.00683576957509        1.12992990936733
H            3.12811615649258        0.67865600388882       -0.39727150915674
H            2.44422438299697       -0.97638097467835       -0.35565737929003
14
 energy: -20.783435931439 gnorm: 0.000198111837 xtb: 6.7.1 (41059b4)
C           -2.47081921886637        0.07919996547198        0.37876938089130
C           -1.23190487668769        0.67583743082330       -0.27369659958780
C            0.02966429492503       -0.02915542215004        0.16914105266976
O            0.08376414045931       -1.02749785063093        0.83453521945555
O            1.11593582320107        0.61163474082633       -0.29105339544063
C            2.37114696346883        0.03676399386469        0.04550503411378
H           -2.53912947662096       -0.98139861559616        0.15220133012526
H           -2.41921264361672        0.18918801934426        1.45878161995186
H           -3.36640914986076        0.57705488601310        0.01656848086712
H           -1.12947896533065        1.73612253926194       -0.03605939922734
H           -1.28928118049585        0.59017657717580       -1.36143468265499
H            2.48981655350935       -0.00659977602661        1.13008210913856
H            3.12827790925315        0.67878821907095       -0.39692605320339
H            2.44422639109273       -0.97616935574545       -0.35567069180989
14
 energy: -20.783435979176 gnorm: 0.000129829926 xtb: 6.7.1 (41059b4)
C           -2.47072165236426        0.07917895624017        0.37870179844978
C           -1.23185335745700        0.67580200446145       -0.27362533370955
C            0.02968284235047       -0.02897091935925        0.16952935571641
O            0.08386103800601       -1.02753290765704        0.83443693685439
O            1.11589366711242        0.61159527232780       -0.29111195852636
C            2.37116352886057        0.03667245946537        0.04544582568597
H           -2.53899593163286       -0.98141328395194        0.15225006901104
H           -2.41925970320651        0.18928616542365        1.45867484979608
H           -3.36627847636385        0.57695250697659        0.01638320984608
H           -1.12952829611872        1.73606678185918       -0.03582821464410
H           -1.28917812735162        0.59025737084481       -1.36139616734053
H            2.48957084895522       -0.00643429493322        1.12997498889999
H            3.12819600947459        0.67868396900526       -0.39702175234893
H            2.44404417416601       -0.97619872899966       -0.35567020240113
