#========================================================================================
#                     Free energy perturbation    
#----------------------------------------------------------------------------------------
#forward/backward          λ              ΔΔA                 ΔA                  δε   
#                                                 
#----------------------------------------------------------------------------------------
forward:               0.0000              0.0000              0.0000              0.0000  
forward:               0.0500              1.9401              1.9401              0.0230  
forward:               0.1000              1.0068              2.9469              0.0286  
forward:               0.1500              0.5162              3.4631              0.0306  
forward:               0.2000              0.2614              3.7246              0.0315  
forward:               0.2500              0.1493              3.8739              0.0322  
forward:               0.3000              0.0682              3.9421              0.0327  
forward:               0.3500              0.0069              3.9490              0.0330  
forward:               0.4000             -0.0379              3.9111              0.0334  
forward:               0.4500             -0.0624              3.8487              0.0341  
forward:               0.5000             -0.0946              3.7541              0.0343  
forward:               0.5500             -0.1341              3.6200              0.0346  
forward:               0.6000             -0.2368              3.3832              0.0349  
forward:               0.6500             -0.3078              3.0754              0.0351  
forward:               0.7000             -0.3644              2.7110              0.0354  
forward:               0.7500             -0.4166              2.2943              0.0357  
forward:               0.8000             -0.4634              1.8309              0.0359  
forward:               0.8500             -0.4931              1.3378              0.0361  
forward:               0.9000             -0.5164              0.8214              0.0362  
forward:               0.9500             -0.5441              0.2772              0.0365  
forward:               1.0000             -0.5580             -0.2807              0.0367  
backward:              1.0000              0.0000             -0.2807              0.0000  
backward:              0.9500              0.5613              0.2806              0.0044  
backward:              0.9000              0.5384              0.8190              0.0062  
backward:              0.8500              0.5193              1.3383              0.0075  
backward:              0.8000              0.4905              1.8289              0.0087  
backward:              0.7500              0.4499              2.2788              0.0099  
backward:              0.7000              0.4127              2.6915              0.0111  
backward:              0.6500              0.3636              3.0551              0.0122  
backward:              0.6000              0.3119              3.3670              0.0130  
backward:              0.5500              0.2351              3.6021              0.0141  
backward:              0.5000              0.1368              3.7389              0.0151  
backward:              0.4500              0.0954              3.8343              0.0158  
backward:              0.4000              0.0680              3.9023              0.0170  
backward:              0.3500              0.0294              3.9317              0.0181  
backward:              0.3000             -0.0049              3.9268              0.0198  
backward:              0.2500             -0.0700              3.8568              0.0212  
backward:              0.2000             -0.1371              3.7198              0.0228  
backward:              0.1500             -0.2481              3.4716              0.0247  
backward:              0.1000             -0.5431              2.9285              0.0303  
backward:              0.0500             -1.0958              1.8327              0.0525  
backward:              0.0000             -1.8924             -0.0597              0.0810  
Inaccuracy estimation
======================================================================================================
                   i        i+δi          P0_overlap_P1   δε(forward)/ε   δε(backward)/ε
======================================================================================================
inaccuracy:  0.00000        0.05000           31.15           -0.02            2.60
inaccuracy:  0.05000        0.10000           44.86           -0.04            1.17
inaccuracy:  0.10000        0.15000           56.88           -0.03            0.56
inaccuracy:  0.15000        0.20000           63.48           -0.02            0.32
inaccuracy:  0.20000        0.25000           66.53           -0.01            0.22
inaccuracy:  0.25000        0.30000           69.69           -0.02            0.17
inaccuracy:  0.30000        0.35000           71.63           -0.01            0.14
inaccuracy:  0.35000        0.40000           73.55           -0.01            0.11
inaccuracy:  0.40000        0.45000           73.19           -0.01            0.10
inaccuracy:  0.45000        0.50000           74.35           -0.01            0.09
inaccuracy:  0.50000        0.55000           70.81           -0.04            0.12
inaccuracy:  0.55000        0.60000           72.01           -0.03            0.10
inaccuracy:  0.60000        0.65000           72.44           -0.04            0.08
inaccuracy:  0.65000        0.70000           72.64           -0.04            0.07
inaccuracy:  0.70000        0.75000           72.99           -0.04            0.07
inaccuracy:  0.75000        0.80000           73.78           -0.04            0.06
inaccuracy:  0.80000        0.85000           73.36           -0.04            0.06
inaccuracy:  0.85000        0.90000           73.00           -0.04            0.06
inaccuracy:  0.90000        0.95000           73.21           -0.04            0.06
inaccuracy:  0.95000        1.00000           72.11           -0.04            0.06
===================================================================================================================================
                BAR        
-----------------------------------------------------------------------------------------------------------------------------------
BAR-estimator:         λ             λ+δλ          ΔΔA             ΔA            C               Δδe            δe       
                          
-----------------------------------------------------------------------------------------------------------------------------------
BAR-estimator:      0.00000        0.05000        1.9308         1.9308         1.9308         0.0112         0.0112 
BAR-estimator:      0.05000        0.10000        1.0234         2.9542         1.0234         0.0093         0.0146 
BAR-estimator:      0.10000        0.15000        0.5262         3.4803         0.5262         0.0079         0.0166 
BAR-estimator:      0.15000        0.20000        0.2599         3.7402         0.2599         0.0051         0.0174 
BAR-estimator:      0.20000        0.25000        0.1462         3.8864         0.1462         0.0043         0.0179 
BAR-estimator:      0.25000        0.30000        0.0676         3.9540         0.0676         0.0043         0.0184 
BAR-estimator:      0.30000        0.35000        0.0038         3.9578         0.0038         0.0032         0.0187 
BAR-estimator:      0.35000        0.40000       -0.0351         3.9227        -0.0351         0.0033         0.0190 
BAR-estimator:      0.40000        0.45000       -0.0650         3.8577        -0.0650         0.0030         0.0192 
BAR-estimator:      0.45000        0.50000       -0.0936         3.7640        -0.0936         0.0027         0.0194 
BAR-estimator:      0.50000        0.55000       -0.1336         3.6304        -0.1336         0.0034         0.0197 
BAR-estimator:      0.55000        0.60000       -0.2350         3.3955        -0.2350         0.0031         0.0199 
BAR-estimator:      0.60000        0.65000       -0.3088         3.0866        -0.3088         0.0031         0.0202 
BAR-estimator:      0.65000        0.70000       -0.3649         2.7218        -0.3649         0.0029         0.0204 
BAR-estimator:      0.70000        0.75000       -0.4151         2.3066        -0.4151         0.0029         0.0206 
BAR-estimator:      0.75000        0.80000       -0.4576         1.8491        -0.4576         0.0029         0.0208 
BAR-estimator:      0.80000        0.85000       -0.4911         1.3580        -0.4911         0.0028         0.0210 
BAR-estimator:      0.85000        0.90000       -0.5156         0.8424        -0.5156         0.0030         0.0212 
BAR-estimator:      0.90000        0.95000       -0.5402         0.3022        -0.5402         0.0029         0.0214 
BAR-estimator:      0.95000        1.00000       -0.5605        -0.2583        -0.5605         0.0033         0.0216 
BAR-estimator: total free energy change is -0.25826986196705004 , total error is 0.021647096357192284
