#========================================================================================
#                     Free energy perturbation    
#----------------------------------------------------------------------------------------
#forward/backward          λ              ΔΔA                 ΔA                  δε   
#                                                 
#----------------------------------------------------------------------------------------
forward:               0.0000              0.0000              0.0000              0.0000  
forward:               0.0500              1.5255              1.5255              0.0177  
forward:               0.1000              0.9550              2.4805              0.0223  
forward:               0.1500              0.5636              3.0441              0.0249  
forward:               0.2000              0.3318              3.3759              0.0262  
forward:               0.2500              0.1849              3.5608              0.0273  
forward:               0.3000              0.1190              3.6798              0.0282  
forward:               0.3500              0.0555              3.7354              0.0287  
forward:               0.4000              0.0112              3.7466              0.0292  
forward:               0.4500             -0.0120              3.7346              0.0297  
forward:               0.5000             -0.0385              3.6961              0.0300  
forward:               0.5500             -0.1533              3.5428              0.0305  
forward:               0.6000             -0.3168              3.2261              0.0310  
forward:               0.6500             -0.4740              2.7521              0.0313  
forward:               0.7000             -0.6004              2.1517              0.0316  
forward:               0.7500             -0.7048              1.4469              0.0320  
forward:               0.8000             -0.7529              0.6940              0.0324  
forward:               0.8500             -0.7647             -0.0707              0.0328  
forward:               0.9000             -0.7924             -0.8631              0.0331  
forward:               0.9500             -0.8034             -1.6665              0.0337  
forward:               1.0000             -0.7920             -2.4585              0.0340  
backward:              1.0000              0.0000             -2.4585              0.0000  
backward:              0.9500              0.7911             -1.6674              0.0065  
backward:              0.9000              0.7991             -0.8683              0.0088  
backward:              0.8500              0.7809             -0.0874              0.0109  
backward:              0.8000              0.7865              0.6991              0.0126  
backward:              0.7500              0.7442              1.4433              0.0155  
backward:              0.7000              0.6879              2.1312              0.0168  
backward:              0.6500              0.6033              2.7346              0.0182  
backward:              0.6000              0.4653              3.1999              0.0200  
backward:              0.5500              0.3172              3.5171              0.0208  
backward:              0.5000              0.1401              3.6571              0.0217  
backward:              0.4500              0.0400              3.6972              0.0223  
backward:              0.4000              0.0159              3.7131              0.0231  
backward:              0.3500             -0.0095              3.7036              0.0244  
backward:              0.3000             -0.0574              3.6461              0.0254  
backward:              0.2500             -0.1140              3.5321              0.0267  
backward:              0.2000             -0.1959              3.3362              0.0281  
backward:              0.1500             -0.3268              3.0094              0.0309  
backward:              0.1000             -0.5808              2.4285              0.0406  
backward:              0.0500             -0.9773              1.4512              0.0582  
backward:              0.0000             -1.5010             -0.0498              0.0660  
Inaccuracy estimation
======================================================================================================
                   i        i+δi          P0_overlap_P1   δε(forward)/ε   δε(backward)/ε
======================================================================================================
inaccuracy:  0.00000        0.05000           38.16           -0.04            1.57
inaccuracy:  0.05000        0.10000           46.14           -0.04            1.02
inaccuracy:  0.10000        0.15000           54.57           -0.03            0.58
inaccuracy:  0.15000        0.20000           60.77           -0.03            0.37
inaccuracy:  0.20000        0.25000           66.61           -0.03            0.24
inaccuracy:  0.25000        0.30000           67.59           -0.02            0.20
inaccuracy:  0.30000        0.35000           69.42           -0.01            0.17
inaccuracy:  0.35000        0.40000           70.78           -0.02            0.15
inaccuracy:  0.40000        0.45000           70.90           -0.02            0.13
inaccuracy:  0.45000        0.50000           71.87           -0.02            0.11
inaccuracy:  0.50000        0.55000           67.09           -0.07            0.15
inaccuracy:  0.55000        0.60000           66.52           -0.08            0.12
inaccuracy:  0.60000        0.65000           67.20           -0.10            0.10
inaccuracy:  0.65000        0.70000           66.53           -0.09            0.09
inaccuracy:  0.70000        0.75000           68.27           -0.07            0.08
inaccuracy:  0.75000        0.80000           67.05           -0.08            0.07
inaccuracy:  0.80000        0.85000           65.55           -0.10            0.08
inaccuracy:  0.85000        0.90000           67.08           -0.08            0.08
inaccuracy:  0.90000        0.95000           66.54           -0.06            0.08
inaccuracy:  0.95000        1.00000           65.45           -0.09            0.08
===================================================================================================================================
                BAR        
-----------------------------------------------------------------------------------------------------------------------------------
BAR-estimator:         λ             λ+δλ          ΔΔA             ΔA            C               Δδe            δe       
                          
-----------------------------------------------------------------------------------------------------------------------------------
BAR-estimator:      0.00000        0.05000        1.5243         1.5243         1.5243         0.0098         0.0098 
BAR-estimator:      0.05000        0.10000        0.9398         2.4641         0.9398         0.0080         0.0126 
BAR-estimator:      0.10000        0.15000        0.5637         3.0278         0.5637         0.0075         0.0147 
BAR-estimator:      0.15000        0.20000        0.3276         3.3554         0.3276         0.0057         0.0158 
BAR-estimator:      0.20000        0.25000        0.1887         3.5441         0.1887         0.0051         0.0166 
BAR-estimator:      0.25000        0.30000        0.1163         3.6604         0.1163         0.0049         0.0173 
BAR-estimator:      0.30000        0.35000        0.0565         3.7169         0.0565         0.0038         0.0177 
BAR-estimator:      0.35000        0.40000        0.0118         3.7287         0.0118         0.0038         0.0181 
BAR-estimator:      0.40000        0.45000       -0.0146         3.7141        -0.0146         0.0037         0.0185 
BAR-estimator:      0.45000        0.50000       -0.0400         3.6741        -0.0400         0.0031         0.0187 
BAR-estimator:      0.50000        0.55000       -0.1454         3.5286        -0.1454         0.0035         0.0190 
BAR-estimator:      0.55000        0.60000       -0.3170         3.2116        -0.3170         0.0039         0.0194 
BAR-estimator:      0.60000        0.65000       -0.4699         2.7417        -0.4699         0.0039         0.0198 
BAR-estimator:      0.65000        0.70000       -0.6034         2.1383        -0.6034         0.0039         0.0202 
BAR-estimator:      0.70000        0.75000       -0.6925         1.4458        -0.6925         0.0036         0.0205 
BAR-estimator:      0.75000        0.80000       -0.7532         0.6926        -0.7532         0.0038         0.0209 
BAR-estimator:      0.80000        0.85000       -0.7743        -0.0816        -0.7743         0.0038         0.0212 
BAR-estimator:      0.85000        0.90000       -0.7878        -0.8695        -0.7878         0.0039         0.0216 
BAR-estimator:      0.90000        0.95000       -0.7983        -1.6678        -0.7983         0.0033         0.0218 
BAR-estimator:      0.95000        1.00000       -0.7941        -2.4619        -0.7941         0.0032         0.0221 
BAR-estimator: total free energy change is -2.461864976515111 , total error is 0.02205270400328411
