20
 energy: -386.236003193839 gnorm: 0.002239394468 xtb: 6.7.1 (41059b4)
C           -1.24473469990343       -0.97287396821935        1.25917148707126
C           -1.00647227413122       -0.12282838297456        0.00166335857869
C           -1.92633331067886        1.09998980256557        0.00550617705760
C           -1.26068779718581       -0.97114951554667       -1.25910888175737
C            0.44073444910405        0.35858488630523       -0.04796608533115
O            0.79822870652156        1.49432939438250       -0.25903275935016
O            1.31351009767500       -0.66242972326268        0.14327530203535
C            2.70239945427099       -0.29140680760587        0.06185021556301
H           -0.62197257389209       -1.86973436812809        1.26165683346687
H           -1.02937061744456       -0.40042269014474        2.16692319852013
H           -2.29505004813519       -1.27950478735847        1.29461519895055
H           -1.74646172864082        1.72229971701388        0.88652783862674
H           -2.97071430174775        0.77308001382837        0.01669402589364
H           -1.75948398420009        1.71929354068324       -0.87862459371900
H           -1.09412579736208       -0.38201055773916       -2.16624277795389
H           -0.60624191342797       -1.84586391581034       -1.28577244946833
H           -2.29960855671569       -1.31539075282231       -1.26293128799804
H            2.93917532803401        0.47076787969070        0.80760275169348
H            2.93540874926514        0.10103650814970       -0.93078133739310
H            3.26246273939813       -1.20523802575133        0.25469236298840
20
 energy: -386.236011746955 gnorm: 0.001252880043 xtb: 6.7.1 (41059b4)
C           -1.24406972859623       -0.97208016933470        1.25907306605866
C           -1.00629935395386       -0.12210438026539        0.00136056476063
C           -1.92789890110010        1.09926878928268        0.00514488855521
C           -1.26067467686755       -0.97084641096430       -1.25892524099780
C            0.44132279639538        0.35960425092549       -0.04923346335974
O            0.79891817815943        1.49610229967614       -0.25660361021128
O            1.31321071241854       -0.66189929154547        0.14198237422821
C            2.70354743707447       -0.29195837726829        0.06203473943379
H           -0.62094031448486       -1.86894122552156        1.26075208484688
H           -1.02795686961632       -0.39931662361255        2.16668876575502
H           -2.29455769804421       -1.27877468993172        1.29495270690716
H           -1.74838031567426        1.72202640842335        0.88586801222588
H           -2.97185511234650        0.77085383605981        0.01677038404610
H           -1.76213282384426        1.71815953215978       -0.87948770103326
H           -1.09300976709019       -0.38223864782229       -2.16652683583943
H           -0.60720355166223       -1.84675824310890       -1.28448263273703
H           -2.30056603758148       -1.31346179138287       -1.26253128947907
H            2.94045632044369        0.46912553688425        0.80991734339571
H            2.93678884691215        0.10180893638423       -0.93086019053994
H            3.26196284785594       -1.20804157468726        0.25382424628244
20
 energy: -386.236016057273 gnorm: 0.001476373146 xtb: 6.7.1 (41059b4)
C           -1.24227507370839       -0.97023431292566        1.25927861344599
C           -1.00628787216575       -0.12085392602319        0.00074646509346
C           -1.93059523571720        1.09820677827978        0.00353412326725
C           -1.26027597867124       -0.97089695316088       -1.25847378715694
C            0.44187943446898        0.36304674007223       -0.04656134550871
O            0.79926852864829        1.50036314471409       -0.24937141084739
O            1.31201918087571       -0.66066038623881        0.13849443460493
C            2.70545222325697       -0.29331604578346        0.06115243092251
H           -0.61858573689269       -1.86706372673730        1.26002582277079
H           -1.02489107381186       -0.39673155604661        2.16644739623589
H           -2.29295181937025       -1.27699109070562        1.29609501075515
H           -1.75286549798187        1.72234971679646        0.88352114736976
H           -2.97343215856927        0.76604801548725        0.01594631702431
H           -1.76769378530248        1.71627632981364       -0.88221932646569
H           -1.08907318776745       -0.38420025342669       -2.16708710848377
H           -0.60969677818218       -1.84957960435840       -1.28114585852222
H           -2.30203791996991       -1.30960274872052       -1.26329071077486
H            2.94328195871511        0.46297135080131        0.81484756529251
H            2.93932858684584        0.10532945791438       -0.93058097652872
H            3.26009428412314       -1.21393284850335        0.24835880192185
20
 energy: -386.236020735611 gnorm: 0.000882275108 xtb: 6.7.1 (41059b4)
C           -1.24207085053660       -0.96970581581933        1.25969356644424
C           -1.00644105220151       -0.12087078550215        0.00064035731529
C           -1.93083505527715        1.09817072182492        0.00309729686009
C           -1.25992701908660       -0.97125198418249       -1.25833566988145
C            0.44172543140271        0.36282049250963       -0.04760633078887
O            0.79883280626239        1.50111960237825       -0.24543603897093
O            1.31194059814273       -0.66096857362665        0.13576153134566
C            2.70539028798752       -0.29347842410336        0.06066119158433
H           -0.61853877634237       -1.86640919538020        1.26074761917243
H           -1.02424048395774       -0.39600912918214        2.16644576110854
H           -2.29254294241443       -1.27649663347060        1.29755622120409
H           -1.75336313515228        1.72317576958812        0.88252934236838
H           -2.97356076912439        0.76569897585664        0.01598690858190
H           -1.76872706334421        1.71582063491926       -0.88314644253910
H           -1.08710989667762       -0.38569082464222       -2.16716174299990
H           -0.61070119344215       -1.85060367387937       -1.28000608432429
H           -2.30181750674127       -1.30866147541384       -1.26426701784554
H            2.94285014424171        0.46008453685692        0.81634468351012
H            2.94015332209640        0.10785228581559       -0.92911971134768
H            3.25964527384316       -1.21406858771738        0.24533191945353
20
 energy: -386.236020735611 gnorm: 0.000882275108 xtb: 6.7.1 (41059b4)
C           -1.24207085053660       -0.96970581581933        1.25969356644424
C           -1.00644105220151       -0.12087078550215        0.00064035731529
C           -1.93083505527715        1.09817072182492        0.00309729686009
C           -1.25992701908660       -0.97125198418249       -1.25833566988145
C            0.44172543140271        0.36282049250963       -0.04760633078887
O            0.79883280626239        1.50111960237825       -0.24543603897093
O            1.31194059814273       -0.66096857362665        0.13576153134566
C            2.70539028798752       -0.29347842410336        0.06066119158433
H           -0.61853877634237       -1.86640919538020        1.26074761917243
H           -1.02424048395774       -0.39600912918214        2.16644576110854
H           -2.29254294241443       -1.27649663347060        1.29755622120409
H           -1.75336313515228        1.72317576958812        0.88252934236838
H           -2.97356076912439        0.76569897585664        0.01598690858190
H           -1.76872706334421        1.71582063491926       -0.88314644253910
H           -1.08710989667762       -0.38569082464222       -2.16716174299990
H           -0.61070119344215       -1.85060367387937       -1.28000608432429
H           -2.30181750674127       -1.30866147541384       -1.26426701784554
H            2.94285014424171        0.46008453685692        0.81634468351012
H            2.94015332209640        0.10785228581559       -0.92911971134768
H            3.25964527384316       -1.21406858771738        0.24533191945353
