#========================================================================================
#                     Free energy perturbation    
#----------------------------------------------------------------------------------------
#forward/backward          λ              ΔΔA                 ΔA                  δε   
#                                                 
#----------------------------------------------------------------------------------------
forward:               0.0000              0.0000              0.0000              0.0000  
forward:               0.0500              1.5008              1.5008              0.0192  
forward:               0.1000              0.7733              2.2741              0.0224  
forward:               0.1500              0.4479              2.7220              0.0243  
forward:               0.2000              0.2438              2.9658              0.0253  
forward:               0.2500              0.1334              3.0992              0.0259  
forward:               0.3000              0.0641              3.1633              0.0263  
forward:               0.3500              0.0394              3.2027              0.0267  
forward:               0.4000             -0.0057              3.1971              0.0270  
forward:               0.4500             -0.0345              3.1625              0.0274  
forward:               0.5000             -0.0572              3.1054              0.0279  
forward:               0.5500             -0.1145              2.9909              0.0282  
forward:               0.6000             -0.1871              2.8038              0.0284  
forward:               0.6500             -0.2390              2.5649              0.0287  
forward:               0.7000             -0.2892              2.2757              0.0290  
forward:               0.7500             -0.3306              1.9451              0.0299  
forward:               0.8000             -0.3532              1.5919              0.0303  
forward:               0.8500             -0.3745              1.2174              0.0329  
forward:               0.9000             -0.4118              0.8056              0.0341  
forward:               0.9500             -0.4351              0.3705              0.0342  
forward:               1.0000             -0.4743             -0.1038              0.0351  
backward:              1.0000              0.0000             -0.1038              0.0000  
backward:              0.9500              0.4482              0.3444              0.0095  
backward:              0.9000              0.4277              0.7720              0.0147  
backward:              0.8500              0.4083              1.1803              0.0180  
backward:              0.8000              0.3788              1.5591              0.0192  
backward:              0.7500              0.3537              1.9128              0.0195  
backward:              0.7000              0.3097              2.2226              0.0213  
backward:              0.6500              0.2817              2.5043              0.0219  
backward:              0.6000              0.2442              2.7484              0.0225  
backward:              0.5500              0.1973              2.9457              0.0229  
backward:              0.5000              0.1159              3.0617              0.0233  
backward:              0.4500              0.0570              3.1187              0.0238  
backward:              0.4000              0.0301              3.1488              0.0243  
backward:              0.3500             -0.0011              3.1477              0.0247  
backward:              0.3000             -0.0190              3.1287              0.0252  
backward:              0.2500             -0.0774              3.0513              0.0262  
backward:              0.2000             -0.1412              2.9101              0.0268  
backward:              0.1500             -0.2421              2.6680              0.0280  
backward:              0.1000             -0.4328              2.2352              0.0330  
backward:              0.0500             -0.8429              1.3922              0.0524  
backward:              0.0000             -1.5072             -0.1150              0.0635  
Inaccuracy estimation
======================================================================================================
                   i        i+δi          P0_overlap_P1   δε(forward)/ε   δε(backward)/ε
======================================================================================================
inaccuracy:  0.00000        0.05000           37.95           -0.03            1.93
inaccuracy:  0.05000        0.10000           52.83           -0.02            0.75
inaccuracy:  0.10000        0.15000           61.08           -0.01            0.44
inaccuracy:  0.15000        0.20000           67.97           -0.01            0.24
inaccuracy:  0.20000        0.25000           72.64           -0.01            0.16
inaccuracy:  0.25000        0.30000           75.44           -0.01            0.12
inaccuracy:  0.30000        0.35000           73.72           -0.01            0.11
inaccuracy:  0.35000        0.40000           77.33           -0.01            0.08
inaccuracy:  0.40000        0.45000           78.15           -0.01            0.08
inaccuracy:  0.45000        0.50000           77.87           -0.01            0.07
inaccuracy:  0.50000        0.55000           74.06           -0.03            0.08
inaccuracy:  0.55000        0.60000           75.14           -0.03            0.07
inaccuracy:  0.60000        0.65000           76.64           -0.03            0.06
inaccuracy:  0.65000        0.70000           76.41           -0.03            0.05
inaccuracy:  0.70000        0.75000           78.46           -0.02            0.05
inaccuracy:  0.75000        0.80000           76.75           -0.04            0.05
inaccuracy:  0.80000        0.85000           76.10           -0.02            0.05
inaccuracy:  0.85000        0.90000           76.15           -0.04            0.05
inaccuracy:  0.90000        0.95000           76.93           -0.04            0.05
inaccuracy:  0.95000        1.00000           78.83           -0.02            0.05
===================================================================================================================================
                BAR        
-----------------------------------------------------------------------------------------------------------------------------------
BAR-estimator:         λ             λ+δλ          ΔΔA             ΔA            C               Δδe            δe       
                          
-----------------------------------------------------------------------------------------------------------------------------------
BAR-estimator:      0.00000        0.05000        1.5070         1.5070         1.5070         0.0150         0.0150 
BAR-estimator:      0.05000        0.10000        0.7913         2.2984         0.7913         0.0122         0.0194 
BAR-estimator:      0.10000        0.15000        0.4445         2.7429         0.4445         0.0091         0.0214 
BAR-estimator:      0.15000        0.20000        0.2434         2.9863         0.2434         0.0058         0.0222 
BAR-estimator:      0.20000        0.25000        0.1378         3.1240         0.1378         0.0037         0.0225 
BAR-estimator:      0.25000        0.30000        0.0680         3.1920         0.0680         0.0043         0.0229 
BAR-estimator:      0.30000        0.35000        0.0323         3.2242         0.0323         0.0032         0.0231 
BAR-estimator:      0.35000        0.40000       -0.0032         3.2210        -0.0032         0.0030         0.0233 
BAR-estimator:      0.40000        0.45000       -0.0338         3.1872        -0.0338         0.0026         0.0235 
BAR-estimator:      0.45000        0.50000       -0.0583         3.1290        -0.0583         0.0034         0.0237 
BAR-estimator:      0.50000        0.55000       -0.1174         3.0116        -0.1174         0.0028         0.0239 
BAR-estimator:      0.55000        0.60000       -0.1933         2.8183        -0.1933         0.0026         0.0240 
BAR-estimator:      0.60000        0.65000       -0.2435         2.5748        -0.2435         0.0028         0.0242 
BAR-estimator:      0.65000        0.70000       -0.2870         2.2878        -0.2870         0.0025         0.0243 
BAR-estimator:      0.70000        0.75000       -0.3212         1.9665        -0.3212         0.0039         0.0246 
BAR-estimator:      0.75000        0.80000       -0.3532         1.6133        -0.3532         0.0032         0.0248 
BAR-estimator:      0.80000        0.85000       -0.3743         1.2391        -0.3743         0.0068         0.0257 
BAR-estimator:      0.85000        0.90000       -0.4113         0.8278        -0.4113         0.0054         0.0263 
BAR-estimator:      0.90000        0.95000       -0.4313         0.3964        -0.4313         0.0027         0.0264 
BAR-estimator:      0.95000        1.00000       -0.4602        -0.0638        -0.4602         0.0042         0.0268 
BAR-estimator: total free energy change is -0.06377498135692033 , total error is 0.026769934305328664
