#========================================================================================
#                     Free energy perturbation    
#----------------------------------------------------------------------------------------
#forward/backward          λ              ΔΔA                 ΔA                  δε   
#                                                 
#----------------------------------------------------------------------------------------
forward:               0.0000              0.0000              0.0000              0.0000  
forward:               0.0500              1.4488              1.4488              0.0177  
forward:               0.1000              0.7115              2.1603              0.0206  
forward:               0.1500              0.3950              2.5553              0.0223  
forward:               0.2000              0.2246              2.7799              0.0231  
forward:               0.2500              0.1362              2.9162              0.0237  
forward:               0.3000              0.0804              2.9966              0.0243  
forward:               0.3500              0.0461              3.0427              0.0247  
forward:               0.4000              0.0137              3.0563              0.0251  
forward:               0.4500             -0.0112              3.0451              0.0254  
forward:               0.5000             -0.0280              3.0172              0.0257  
forward:               0.5500             -0.0786              2.9386              0.0259  
forward:               0.6000             -0.1520              2.7866              0.0263  
forward:               0.6500             -0.2167              2.5698              0.0266  
forward:               0.7000             -0.2659              2.3040              0.0268  
forward:               0.7500             -0.3083              1.9956              0.0270  
forward:               0.8000             -0.3502              1.6454              0.0272  
forward:               0.8500             -0.3830              1.2624              0.0274  
forward:               0.9000             -0.4152              0.8473              0.0276  
forward:               0.9500             -0.4399              0.4074              0.0278  
forward:               1.0000             -0.4626             -0.0552              0.0280  
backward:              1.0000              0.0000             -0.0552              0.0000  
backward:              0.9500              0.4645              0.4093              0.0038  
backward:              0.9000              0.4377              0.8470              0.0054  
backward:              0.8500              0.4156              1.2627              0.0067  
backward:              0.8000              0.3873              1.6500              0.0075  
backward:              0.7500              0.3561              2.0060              0.0086  
backward:              0.7000              0.3191              2.3252              0.0094  
backward:              0.6500              0.2677              2.5929              0.0103  
backward:              0.6000              0.2166              2.8094              0.0111  
backward:              0.5500              0.1500              2.9595              0.0120  
backward:              0.5000              0.0861              3.0456              0.0129  
backward:              0.4500              0.0279              3.0735              0.0142  
backward:              0.4000              0.0176              3.0912              0.0149  
backward:              0.3500             -0.0047              3.0865              0.0157  
backward:              0.3000             -0.0423              3.0441              0.0165  
backward:              0.2500             -0.0774              2.9667              0.0174  
backward:              0.2000             -0.1438              2.8229              0.0189  
backward:              0.1500             -0.2256              2.5973              0.0212  
backward:              0.1000             -0.3860              2.2113              0.0248  
backward:              0.0500             -0.7536              1.4576              0.0426  
backward:              0.0000             -1.4435              0.0141              0.1110  
Inaccuracy estimation
======================================================================================================
                   i        i+δi          P0_overlap_P1   δε(forward)/ε   δε(backward)/ε
======================================================================================================
inaccuracy:  0.00000        0.05000           35.04           -0.04            2.48
inaccuracy:  0.05000        0.10000           53.54           -0.03            0.68
inaccuracy:  0.10000        0.15000           61.35           -0.01            0.37
inaccuracy:  0.15000        0.20000           68.42           -0.01            0.21
inaccuracy:  0.20000        0.25000           71.58           -0.01            0.16
inaccuracy:  0.25000        0.30000           73.63           -0.01            0.13
inaccuracy:  0.30000        0.35000           74.81           -0.01            0.11
inaccuracy:  0.35000        0.40000           75.43           -0.01            0.10
inaccuracy:  0.40000        0.45000           76.32           -0.01            0.09
inaccuracy:  0.45000        0.50000           76.85           -0.01            0.08
inaccuracy:  0.50000        0.55000           73.70           -0.03            0.10
inaccuracy:  0.55000        0.60000           74.38           -0.03            0.08
inaccuracy:  0.60000        0.65000           75.47           -0.04            0.07
inaccuracy:  0.65000        0.70000           75.41           -0.03            0.07
inaccuracy:  0.70000        0.75000           74.96           -0.03            0.06
inaccuracy:  0.75000        0.80000           75.73           -0.03            0.06
inaccuracy:  0.80000        0.85000           75.32           -0.03            0.06
inaccuracy:  0.85000        0.90000           75.49           -0.03            0.05
inaccuracy:  0.90000        0.95000           75.75           -0.04            0.05
inaccuracy:  0.95000        1.00000           75.26           -0.03            0.05
===================================================================================================================================
                BAR        
-----------------------------------------------------------------------------------------------------------------------------------
BAR-estimator:         λ             λ+δλ          ΔΔA             ΔA            C               Δδe            δe       
                          
-----------------------------------------------------------------------------------------------------------------------------------
BAR-estimator:      0.00000        0.05000        1.4193         1.4193         1.4193         0.0114         0.0114 
BAR-estimator:      0.05000        0.10000        0.7104         2.1297         0.7104         0.0068         0.0133 
BAR-estimator:      0.10000        0.15000        0.3835         2.5132         0.3835         0.0057         0.0144 
BAR-estimator:      0.15000        0.20000        0.2228         2.7361         0.2228         0.0042         0.0150 
BAR-estimator:      0.20000        0.25000        0.1350         2.8711         0.1350         0.0036         0.0155 
BAR-estimator:      0.25000        0.30000        0.0796         2.9507         0.0796         0.0046         0.0161 
BAR-estimator:      0.30000        0.35000        0.0434         2.9941         0.0434         0.0031         0.0164 
BAR-estimator:      0.35000        0.40000        0.0111         3.0052         0.0111         0.0029         0.0167 
BAR-estimator:      0.40000        0.45000       -0.0121         2.9931        -0.0121         0.0029         0.0169 
BAR-estimator:      0.45000        0.50000       -0.0298         2.9634        -0.0298         0.0027         0.0171 
BAR-estimator:      0.50000        0.55000       -0.0807         2.8826        -0.0807         0.0029         0.0174 
BAR-estimator:      0.55000        0.60000       -0.1516         2.7310        -0.1516         0.0031         0.0176 
BAR-estimator:      0.60000        0.65000       -0.2188         2.5122        -0.2188         0.0027         0.0178 
BAR-estimator:      0.65000        0.70000       -0.2671         2.2451        -0.2671         0.0026         0.0180 
BAR-estimator:      0.70000        0.75000       -0.3132         1.9319        -0.3132         0.0026         0.0182 
BAR-estimator:      0.75000        0.80000       -0.3516         1.5803        -0.3516         0.0028         0.0184 
BAR-estimator:      0.80000        0.85000       -0.3840         1.1964        -0.3840         0.0026         0.0186 
BAR-estimator:      0.85000        0.90000       -0.4160         0.7804        -0.4160         0.0028         0.0188 
BAR-estimator:      0.90000        0.95000       -0.4394         0.3410        -0.4394         0.0028         0.0190 
BAR-estimator:      0.95000        1.00000       -0.4624        -0.1215        -0.4624         0.0024         0.0192 
BAR-estimator: total free energy change is -0.12145131378083024 , total error is 0.019183070537519373
