#========================================================================================
#                     Free energy perturbation    
#----------------------------------------------------------------------------------------
#forward/backward          λ              ΔΔA                 ΔA                  δε   
#                                                 
#----------------------------------------------------------------------------------------
forward:               0.0000              0.0000              0.0000              0.0000  
forward:               0.0500              2.2369              2.2369              0.0265  
forward:               0.1000              1.3247              3.5616              0.0328  
forward:               0.1500              0.7362              4.2978              0.0367  
forward:               0.2000              0.4003              4.6980              0.0381  
forward:               0.2500              0.2226              4.9206              0.0386  
forward:               0.3000              0.1252              5.0458              0.0391  
forward:               0.3500              0.0657              5.1115              0.0395  
forward:               0.4000              0.0222              5.1337              0.0399  
forward:               0.4500             -0.0228              5.1109              0.0403  
forward:               0.5000             -0.0518              5.0590              0.0406  
forward:               0.5500             -0.1718              4.8872              0.0411  
forward:               0.6000             -0.3049              4.5823              0.0413  
forward:               0.6500             -0.3918              4.1904              0.0415  
forward:               0.7000             -0.4574              3.7330              0.0418  
forward:               0.7500             -0.5092              3.2238              0.0420  
forward:               0.8000             -0.5367              2.6872              0.0422  
forward:               0.8500             -0.5675              2.1197              0.0423  
forward:               0.9000             -0.5857              1.5340              0.0425  
forward:               0.9500             -0.6162              0.9179              0.0426  
forward:               1.0000             -0.6122              0.3056              0.0428  
backward:              1.0000              0.0000              0.3056              0.0000  
backward:              0.9500              0.6124              0.9180              0.0048  
backward:              0.9000              0.6123              1.5303              0.0067  
backward:              0.8500              0.5872              2.1175              0.0081  
backward:              0.8000              0.5638              2.6813              0.0092  
backward:              0.7500              0.5295              3.2108              0.0103  
backward:              0.7000              0.4947              3.7055              0.0118  
backward:              0.6500              0.4495              4.1551              0.0130  
backward:              0.6000              0.3897              4.5447              0.0149  
backward:              0.5500              0.2970              4.8417              0.0161  
backward:              0.5000              0.1630              5.0047              0.0179  
backward:              0.4500              0.0438              5.0485              0.0200  
backward:              0.4000              0.0250              5.0736              0.0208  
backward:              0.3500             -0.0199              5.0537              0.0221  
backward:              0.3000             -0.0684              4.9853              0.0235  
backward:              0.2500             -0.1257              4.8596              0.0246  
backward:              0.2000             -0.2445              4.6151              0.0269  
backward:              0.1500             -0.4160              4.1991              0.0295  
backward:              0.1000             -0.6772              3.5219              0.0344  
backward:              0.0500             -1.3299              2.1920              0.0470  
backward:              0.0000             -2.3140             -0.1221              0.1049  
Inaccuracy estimation
======================================================================================================
                   i        i+δi          P0_overlap_P1   δε(forward)/ε   δε(backward)/ε
======================================================================================================
inaccuracy:  0.00000        0.05000           30.91            0.05            2.26
inaccuracy:  0.05000        0.10000           38.76           -0.05            1.56
inaccuracy:  0.10000        0.15000           49.20           -0.04            0.81
inaccuracy:  0.15000        0.20000           59.90           -0.02            0.42
inaccuracy:  0.20000        0.25000           65.02           -0.02            0.28
inaccuracy:  0.25000        0.30000           67.39           -0.02            0.21
inaccuracy:  0.30000        0.35000           68.90           -0.02            0.18
inaccuracy:  0.35000        0.40000           69.84           -0.02            0.16
inaccuracy:  0.40000        0.45000           71.40           -0.02            0.13
inaccuracy:  0.45000        0.50000           72.11           -0.02            0.13
inaccuracy:  0.50000        0.55000           67.71           -0.05            0.15
inaccuracy:  0.55000        0.60000           69.67           -0.06            0.11
inaccuracy:  0.60000        0.65000           69.63           -0.05            0.09
inaccuracy:  0.65000        0.70000           70.63           -0.05            0.07
inaccuracy:  0.70000        0.75000           71.40           -0.05            0.07
inaccuracy:  0.75000        0.80000           70.93           -0.06            0.07
inaccuracy:  0.80000        0.85000           70.96           -0.06            0.07
inaccuracy:  0.85000        0.90000           70.29           -0.06            0.07
inaccuracy:  0.90000        0.95000           70.78           -0.05            0.07
inaccuracy:  0.95000        1.00000           70.18           -0.06            0.07
===================================================================================================================================
                BAR        
-----------------------------------------------------------------------------------------------------------------------------------
BAR-estimator:         λ             λ+δλ          ΔΔA             ΔA            C               Δδe            δe       
                          
-----------------------------------------------------------------------------------------------------------------------------------
BAR-estimator:      0.00000        0.05000        2.1864         2.1864         2.1864         0.0113         0.0113 
BAR-estimator:      0.05000        0.10000        1.3201         3.5065         1.3201         0.0132         0.0174 
BAR-estimator:      0.10000        0.15000        0.7244         4.2308         0.7244         0.0089         0.0195 
BAR-estimator:      0.15000        0.20000        0.4093         4.6402         0.4093         0.0065         0.0206 
BAR-estimator:      0.20000        0.25000        0.2326         4.8728         0.2326         0.0050         0.0212 
BAR-estimator:      0.25000        0.30000        0.1284         5.0012         0.1284         0.0042         0.0216 
BAR-estimator:      0.30000        0.35000        0.0654         5.0666         0.0654         0.0039         0.0219 
BAR-estimator:      0.35000        0.40000        0.0206         5.0872         0.0206         0.0035         0.0222 
BAR-estimator:      0.40000        0.45000       -0.0219         5.0653        -0.0219         0.0038         0.0225 
BAR-estimator:      0.45000        0.50000       -0.0515         5.0138        -0.0515         0.0031         0.0227 
BAR-estimator:      0.50000        0.55000       -0.1688         4.8450        -0.1688         0.0039         0.0231 
BAR-estimator:      0.55000        0.60000       -0.3033         4.5418        -0.3033         0.0033         0.0233 
BAR-estimator:      0.60000        0.65000       -0.3916         4.1501        -0.3916         0.0032         0.0235 
BAR-estimator:      0.65000        0.70000       -0.4571         3.6930        -0.4571         0.0034         0.0238 
BAR-estimator:      0.70000        0.75000       -0.5047         3.1884        -0.5047         0.0031         0.0240 
BAR-estimator:      0.75000        0.80000       -0.5366         2.6518        -0.5366         0.0032         0.0242 
BAR-estimator:      0.80000        0.85000       -0.5651         2.0867        -0.5651         0.0029         0.0244 
BAR-estimator:      0.85000        0.90000       -0.5863         1.5004        -0.5863         0.0034         0.0246 
BAR-estimator:      0.90000        0.95000       -0.6149         0.8855        -0.6149         0.0038         0.0249 
BAR-estimator:      0.95000        1.00000       -0.6115         0.2741        -0.6115         0.0033         0.0251 
BAR-estimator: total free energy change is 0.27406404785620353 , total error is 0.025091137038775687
