#========================================================================================
#                     Free energy perturbation    
#----------------------------------------------------------------------------------------
#forward/backward          λ              ΔΔA                 ΔA                  δε   
#                                                 
#----------------------------------------------------------------------------------------
forward:               0.0000              0.0000              0.0000              0.0000  
forward:               0.0500              1.8934              1.8934              0.0235  
forward:               0.1000              1.0769              2.9703              0.0295  
forward:               0.1500              0.5684              3.5387              0.0326  
forward:               0.2000              0.3154              3.8541              0.0337  
forward:               0.2500              0.1737              4.0279              0.0343  
forward:               0.3000              0.0970              4.1249              0.0348  
forward:               0.3500              0.0403              4.1652              0.0353  
forward:               0.4000             -0.0046              4.1606              0.0356  
forward:               0.4500             -0.0372              4.1234              0.0359  
forward:               0.5000             -0.0533              4.0701              0.0362  
forward:               0.5500             -0.1047              3.9654              0.0368  
forward:               0.6000             -0.2015              3.7639              0.0372  
forward:               0.6500             -0.2975              3.4664              0.0375  
forward:               0.7000             -0.3627              3.1036              0.0379  
forward:               0.7500             -0.4293              2.6743              0.0382  
forward:               0.8000             -0.4859              2.1884              0.0385  
forward:               0.8500             -0.5336              1.6548              0.0388  
forward:               0.9000             -0.5688              1.0860              0.0391  
forward:               0.9500             -0.5881              0.4979              0.0394  
forward:               1.0000             -0.5983             -0.1004              0.0396  
backward:              1.0000              0.0000             -0.1004              0.0000  
backward:              0.9500              0.5976              0.4972              0.0054  
backward:              0.9000              0.5926              1.0898              0.0075  
backward:              0.8500              0.5691              1.6589              0.0101  
backward:              0.8000              0.5308              2.1897              0.0117  
backward:              0.7500              0.4824              2.6721              0.0130  
backward:              0.7000              0.4331              3.1052              0.0143  
backward:              0.6500              0.3642              3.4694              0.0154  
backward:              0.6000              0.2881              3.7575              0.0167  
backward:              0.5500              0.2069              3.9644              0.0176  
backward:              0.5000              0.1112              4.0756              0.0185  
backward:              0.4500              0.0502              4.1258              0.0193  
backward:              0.4000              0.0239              4.1497              0.0200  
backward:              0.3500              0.0050              4.1547              0.0208  
backward:              0.3000             -0.0275              4.1272              0.0214  
backward:              0.2500             -0.1068              4.0205              0.0233  
backward:              0.2000             -0.1708              3.8497              0.0251  
backward:              0.1500             -0.3060              3.5437              0.0286  
backward:              0.1000             -0.5809              2.9628              0.0351  
backward:              0.0500             -1.1202              1.8426              0.0669  
backward:              0.0000             -1.8933             -0.0507              0.0749  
Inaccuracy estimation
======================================================================================================
                   i        i+δi          P0_overlap_P1   δε(forward)/ε   δε(backward)/ε
======================================================================================================
inaccuracy:  0.00000        0.05000           33.63           -0.01            2.06
inaccuracy:  0.05000        0.10000           42.39           -0.05            1.22
inaccuracy:  0.10000        0.15000           53.81           -0.04            0.62
inaccuracy:  0.15000        0.20000           60.49           -0.02            0.38
inaccuracy:  0.20000        0.25000           65.64           -0.02            0.25
inaccuracy:  0.25000        0.30000           68.19           -0.02            0.19
inaccuracy:  0.30000        0.35000           69.46           -0.02            0.16
inaccuracy:  0.35000        0.40000           71.53           -0.02            0.14
inaccuracy:  0.40000        0.45000           72.82           -0.01            0.11
inaccuracy:  0.45000        0.50000           72.78           -0.02            0.12
inaccuracy:  0.50000        0.55000           69.13           -0.04            0.14
inaccuracy:  0.55000        0.60000           68.84           -0.04            0.12
inaccuracy:  0.60000        0.65000           71.36           -0.05            0.09
inaccuracy:  0.65000        0.70000           70.15           -0.06            0.10
inaccuracy:  0.70000        0.75000           69.98           -0.06            0.08
inaccuracy:  0.75000        0.80000           70.43           -0.06            0.08
inaccuracy:  0.80000        0.85000           70.19           -0.06            0.08
inaccuracy:  0.85000        0.90000           69.64           -0.06            0.07
inaccuracy:  0.90000        0.95000           69.80           -0.05            0.07
inaccuracy:  0.95000        1.00000           69.80           -0.06            0.07
===================================================================================================================================
                BAR        
-----------------------------------------------------------------------------------------------------------------------------------
BAR-estimator:         λ             λ+δλ          ΔΔA             ΔA            C               Δδe            δe       
                          
-----------------------------------------------------------------------------------------------------------------------------------
BAR-estimator:      0.00000        0.05000        1.9081         1.9081         1.9081         0.0107         0.0107 
BAR-estimator:      0.05000        0.10000        1.0754         2.9835         1.0754         0.0098         0.0145 
BAR-estimator:      0.10000        0.15000        0.5738         3.5573         0.5738         0.0089         0.0171 
BAR-estimator:      0.15000        0.20000        0.3094         3.8667         0.3094         0.0056         0.0180 
BAR-estimator:      0.20000        0.25000        0.1725         4.0392         0.1725         0.0046         0.0185 
BAR-estimator:      0.25000        0.30000        0.0994         4.1386         0.0994         0.0042         0.0190 
BAR-estimator:      0.30000        0.35000        0.0371         4.1757         0.0371         0.0042         0.0195 
BAR-estimator:      0.35000        0.40000       -0.0034         4.1723        -0.0034         0.0034         0.0198 
BAR-estimator:      0.40000        0.45000       -0.0314         4.1409        -0.0314         0.0031         0.0200 
BAR-estimator:      0.45000        0.50000       -0.0527         4.0882        -0.0527         0.0032         0.0203 
BAR-estimator:      0.50000        0.55000       -0.1032         3.9850        -0.1032         0.0042         0.0207 
BAR-estimator:      0.55000        0.60000       -0.2030         3.7820        -0.2030         0.0033         0.0210 
BAR-estimator:      0.60000        0.65000       -0.2925         3.4895        -0.2925         0.0034         0.0212 
BAR-estimator:      0.65000        0.70000       -0.3635         3.1260        -0.3635         0.0032         0.0215 
BAR-estimator:      0.70000        0.75000       -0.4317         2.6943        -0.4317         0.0034         0.0217 
BAR-estimator:      0.75000        0.80000       -0.4841         2.2102        -0.4841         0.0036         0.0220 
BAR-estimator:      0.80000        0.85000       -0.5329         1.6773        -0.5329         0.0036         0.0223 
BAR-estimator:      0.85000        0.90000       -0.5699         1.1074        -0.5699         0.0033         0.0226 
BAR-estimator:      0.90000        0.95000       -0.5879         0.5195        -0.5879         0.0034         0.0228 
BAR-estimator:      0.95000        1.00000       -0.5960        -0.0766        -0.5960         0.0033         0.0231 
BAR-estimator: total free energy change is -0.07659489869048197 , total error is 0.02305848053259548
