#========================================================================================
#                     Free energy perturbation    
#----------------------------------------------------------------------------------------
#forward/backward          λ              ΔΔA                 ΔA                  δε   
#                                                 
#----------------------------------------------------------------------------------------
forward:               0.0000              0.0000              0.0000              0.0000  
forward:               0.0500              1.6627              1.6627              0.0172  
forward:               0.1000              1.0288              2.6915              0.0276  
forward:               0.1500              0.5550              3.2465              0.0307  
forward:               0.2000              0.3158              3.5623              0.0321  
forward:               0.2500              0.1987              3.7610              0.0328  
forward:               0.3000              0.1231              3.8841              0.0334  
forward:               0.3500              0.0655              3.9496              0.0337  
forward:               0.4000              0.0326              3.9822              0.0340  
forward:               0.4500              0.0005              3.9827              0.0342  
forward:               0.5000             -0.0176              3.9651              0.0345  
forward:               0.5500             -0.0296              3.9355              0.0348  
forward:               0.6000             -0.0485              3.8870              0.0351  
forward:               0.6500             -0.0633              3.8237              0.0353  
forward:               0.7000             -0.0693              3.7544              0.0355  
forward:               0.7500             -0.0802              3.6743              0.0356  
forward:               0.8000             -0.0969              3.5774              0.0358  
forward:               0.8500             -0.0985              3.4789              0.0360  
forward:               0.9000             -0.0995              3.3794              0.0361  
forward:               0.9500             -0.1100              3.2695              0.0363  
forward:               1.0000             -0.1142              3.1553              0.0365  
backward:              1.0000              0.0000              3.1553              0.0000  
backward:              0.9500              0.1148              3.2701              0.0048  
backward:              0.9000              0.1092              3.3792              0.0068  
backward:              0.8500              0.0983              3.4775              0.0081  
backward:              0.8000              0.0914              3.5689              0.0093  
backward:              0.7500              0.0880              3.6569              0.0104  
backward:              0.7000              0.0833              3.7402              0.0116  
backward:              0.6500              0.0742              3.8143              0.0125  
backward:              0.6000              0.0592              3.8735              0.0134  
backward:              0.5500              0.0484              3.9219              0.0145  
backward:              0.5000              0.0305              3.9524              0.0154  
backward:              0.4500              0.0230              3.9755              0.0163  
backward:              0.4000             -0.0037              3.9717              0.0174  
backward:              0.3500             -0.0350              3.9368              0.0187  
backward:              0.3000             -0.0780              3.8588              0.0196  
backward:              0.2500             -0.1304              3.7284              0.0214  
backward:              0.2000             -0.2017              3.5267              0.0242  
backward:              0.1500             -0.3288              3.1980              0.0275  
backward:              0.1000             -0.5801              2.6179              0.0332  
backward:              0.0500             -1.0126              1.6053              0.0583  
backward:              0.0000             -1.6695             -0.0642              0.0667  
Inaccuracy estimation
======================================================================================================
                   i        i+δi          P0_overlap_P1   δε(forward)/ε   δε(backward)/ε
======================================================================================================
inaccuracy:  0.00000        0.05000           37.68           -0.03            1.64
inaccuracy:  0.05000        0.10000           44.02           -0.05            1.16
inaccuracy:  0.10000        0.15000           56.02           -0.03            0.61
inaccuracy:  0.15000        0.20000           62.63           -0.02            0.38
inaccuracy:  0.20000        0.25000           65.59           -0.02            0.24
inaccuracy:  0.25000        0.30000           67.97           -0.01            0.19
inaccuracy:  0.30000        0.35000           70.13           -0.02            0.16
inaccuracy:  0.35000        0.40000           70.32           -0.01            0.15
inaccuracy:  0.40000        0.45000           71.38           -0.02            0.13
inaccuracy:  0.45000        0.50000           71.48           -0.01            0.13
inaccuracy:  0.50000        0.55000           72.53           -0.02            0.12
inaccuracy:  0.55000        0.60000           72.82           -0.02            0.11
inaccuracy:  0.60000        0.65000           73.30           -0.01            0.11
inaccuracy:  0.65000        0.70000           72.73           -0.01            0.11
inaccuracy:  0.70000        0.75000           73.18           -0.02            0.11
inaccuracy:  0.75000        0.80000           73.79           -0.01            0.10
inaccuracy:  0.80000        0.85000           73.66           -0.02            0.10
inaccuracy:  0.85000        0.90000           73.07           -0.02            0.10
inaccuracy:  0.90000        0.95000           72.34           -0.02            0.10
inaccuracy:  0.95000        1.00000           72.57           -0.02            0.10
===================================================================================================================================
                BAR        
-----------------------------------------------------------------------------------------------------------------------------------
BAR-estimator:         λ             λ+δλ          ΔΔA             ΔA            C               Δδe            δe       
                          
-----------------------------------------------------------------------------------------------------------------------------------
BAR-estimator:      0.00000        0.05000        1.6592         1.6592         1.6592         0.0097         0.0097 
BAR-estimator:      0.05000        0.10000        1.0174         2.6766         1.0174         0.0102         0.0141 
BAR-estimator:      0.10000        0.15000        0.5659         3.2425         0.5659         0.0086         0.0165 
BAR-estimator:      0.15000        0.20000        0.3215         3.5640         0.3215         0.0060         0.0175 
BAR-estimator:      0.20000        0.25000        0.1950         3.7591         0.1950         0.0047         0.0182 
BAR-estimator:      0.25000        0.30000        0.1257         3.8847         0.1257         0.0043         0.0187 
BAR-estimator:      0.30000        0.35000        0.0690         3.9537         0.0690         0.0041         0.0191 
BAR-estimator:      0.35000        0.40000        0.0307         3.9844         0.0307         0.0030         0.0194 
BAR-estimator:      0.40000        0.45000        0.0002         3.9846         0.0002         0.0030         0.0196 
BAR-estimator:      0.45000        0.50000       -0.0201         3.9644        -0.0201         0.0031         0.0198 
BAR-estimator:      0.50000        0.55000       -0.0299         3.9345        -0.0299         0.0032         0.0201 
BAR-estimator:      0.55000        0.60000       -0.0484         3.8861        -0.0484         0.0030         0.0203 
BAR-estimator:      0.60000        0.65000       -0.0614         3.8246        -0.0614         0.0030         0.0205 
BAR-estimator:      0.65000        0.70000       -0.0701         3.7545        -0.0701         0.0028         0.0207 
BAR-estimator:      0.70000        0.75000       -0.0810         3.6735        -0.0810         0.0028         0.0209 
BAR-estimator:      0.75000        0.80000       -0.0920         3.5815        -0.0920         0.0030         0.0211 
BAR-estimator:      0.80000        0.85000       -0.0958         3.4858        -0.0958         0.0031         0.0213 
BAR-estimator:      0.85000        0.90000       -0.0986         3.3872        -0.0986         0.0031         0.0216 
BAR-estimator:      0.90000        0.95000       -0.1121         3.2751        -0.1121         0.0027         0.0217 
BAR-estimator:      0.95000        1.00000       -0.1165         3.1587        -0.1165         0.0029         0.0219 
BAR-estimator: total free energy change is 3.1586731833038373 , total error is 0.02192473194386345
