#========================================================================================
#                     Free energy perturbation    
#----------------------------------------------------------------------------------------
#forward/backward          λ              ΔΔA                 ΔA                  δε   
#                                                 
#----------------------------------------------------------------------------------------
forward:               0.0000              0.0000              0.0000              0.0000  
forward:               0.0500              1.1405              1.1405              0.0145  
forward:               0.1000              0.6269              1.7674              0.0187  
forward:               0.1500              0.3162              2.0835              0.0201  
forward:               0.2000              0.1809              2.2644              0.0209  
forward:               0.2500              0.1108              2.3752              0.0214  
forward:               0.3000              0.0560              2.4312              0.0217  
forward:               0.3500              0.0230              2.4543              0.0220  
forward:               0.4000              0.0035              2.4578              0.0224  
forward:               0.4500             -0.0189              2.4389              0.0226  
forward:               0.5000             -0.0309              2.4081              0.0230  
forward:               0.5500             -0.1041              2.3039              0.0234  
forward:               0.6000             -0.2554              2.0485              0.0238  
forward:               0.6500             -0.4025              1.6460              0.0241  
forward:               0.7000             -0.5153              1.1306              0.0246  
forward:               0.7500             -0.6140              0.5167              0.0250  
forward:               0.8000             -0.6785             -0.1618              0.0253  
forward:               0.8500             -0.7187             -0.8805              0.0256  
forward:               0.9000             -0.7363             -1.6168              0.0259  
forward:               0.9500             -0.7451             -2.3619              0.0262  
forward:               1.0000             -0.7426             -3.1045              0.0265  
backward:              1.0000              0.0000             -3.1045              0.0000  
backward:              0.9500              0.7531             -2.3513              0.0045  
backward:              0.9000              0.7421             -1.6092              0.0069  
backward:              0.8500              0.7366             -0.8726              0.0085  
backward:              0.8000              0.7151             -0.1576              0.0096  
backward:              0.7500              0.6782              0.5206              0.0109  
backward:              0.7000              0.6118              1.1324              0.0118  
backward:              0.6500              0.5207              1.6530              0.0123  
backward:              0.6000              0.3952              2.0482              0.0133  
backward:              0.5500              0.2474              2.2956              0.0141  
backward:              0.5000              0.1016              2.3972              0.0151  
backward:              0.4500              0.0226              2.4197              0.0160  
backward:              0.4000              0.0165              2.4362              0.0165  
backward:              0.3500             -0.0007              2.4355              0.0170  
backward:              0.3000             -0.0229              2.4126              0.0176  
backward:              0.2500             -0.0636              2.3490              0.0184  
backward:              0.2000             -0.1112              2.2378              0.0194  
backward:              0.1500             -0.1746              2.0633              0.0206  
backward:              0.1000             -0.3203              1.7430              0.0246  
backward:              0.0500             -0.5925              1.1505              0.0293  
backward:              0.0000             -1.1859             -0.0353              0.0371  
Inaccuracy estimation
======================================================================================================
                   i        i+δi          P0_overlap_P1   δε(forward)/ε   δε(backward)/ε
======================================================================================================
inaccuracy:  0.00000        0.05000           44.08           -0.03            1.05
inaccuracy:  0.05000        0.10000           53.77           -0.02            0.67
inaccuracy:  0.10000        0.15000           65.52           -0.01            0.34
inaccuracy:  0.15000        0.20000           70.81           -0.01            0.21
inaccuracy:  0.20000        0.25000           73.49           -0.01            0.14
inaccuracy:  0.25000        0.30000           76.08           -0.01            0.12
inaccuracy:  0.30000        0.35000           76.67           -0.00            0.10
inaccuracy:  0.35000        0.40000           77.04           -0.01            0.10
inaccuracy:  0.40000        0.45000           77.49           -0.01            0.08
inaccuracy:  0.45000        0.50000           77.84           -0.01            0.08
inaccuracy:  0.50000        0.55000           71.17           -0.05            0.10
inaccuracy:  0.55000        0.60000           72.05           -0.05            0.08
inaccuracy:  0.60000        0.65000           72.15           -0.07            0.06
inaccuracy:  0.65000        0.70000           70.52           -0.07            0.06
inaccuracy:  0.70000        0.75000           71.64           -0.06            0.05
inaccuracy:  0.75000        0.80000           71.48           -0.05            0.05
inaccuracy:  0.80000        0.85000           72.65           -0.06            0.04
inaccuracy:  0.85000        0.90000           72.12           -0.06            0.05
inaccuracy:  0.90000        0.95000           71.60           -0.06            0.05
inaccuracy:  0.95000        1.00000           71.19           -0.07            0.05
===================================================================================================================================
                BAR        
-----------------------------------------------------------------------------------------------------------------------------------
BAR-estimator:         λ             λ+δλ          ΔΔA             ΔA            C               Δδe            δe       
                          
-----------------------------------------------------------------------------------------------------------------------------------
BAR-estimator:      0.00000        0.05000        1.1552         1.1552         1.1552         0.0080         0.0080 
BAR-estimator:      0.05000        0.10000        0.6201         1.7753         0.6201         0.0077         0.0111 
BAR-estimator:      0.10000        0.15000        0.3196         2.0949         0.3196         0.0050         0.0122 
BAR-estimator:      0.15000        0.20000        0.1827         2.2776         0.1827         0.0037         0.0127 
BAR-estimator:      0.20000        0.25000        0.1097         2.3873         0.1097         0.0032         0.0131 
BAR-estimator:      0.25000        0.30000        0.0594         2.4467         0.0594         0.0029         0.0134 
BAR-estimator:      0.30000        0.35000        0.0241         2.4708         0.0241         0.0028         0.0137 
BAR-estimator:      0.35000        0.40000        0.0045         2.4753         0.0045         0.0027         0.0140 
BAR-estimator:      0.40000        0.45000       -0.0186         2.4567        -0.0186         0.0025         0.0142 
BAR-estimator:      0.45000        0.50000       -0.0302         2.4265        -0.0302         0.0024         0.0144 
BAR-estimator:      0.50000        0.55000       -0.1046         2.3219        -0.1046         0.0027         0.0147 
BAR-estimator:      0.55000        0.60000       -0.2529         2.0690        -0.2529         0.0028         0.0149 
BAR-estimator:      0.60000        0.65000       -0.3995         1.6695        -0.3995         0.0026         0.0151 
BAR-estimator:      0.65000        0.70000       -0.5196         1.1499        -0.5196         0.0031         0.0155 
BAR-estimator:      0.70000        0.75000       -0.6111         0.5388        -0.6111         0.0031         0.0158 
BAR-estimator:      0.75000        0.80000       -0.6786        -0.1398        -0.6786         0.0030         0.0160 
BAR-estimator:      0.80000        0.85000       -0.7149        -0.8546        -0.7149         0.0028         0.0163 
BAR-estimator:      0.85000        0.90000       -0.7360        -1.5907        -0.7360         0.0031         0.0166 
BAR-estimator:      0.90000        0.95000       -0.7432        -2.3339        -0.7432         0.0032         0.0169 
BAR-estimator:      0.95000        1.00000       -0.7455        -3.0793        -0.7455         0.0034         0.0172 
BAR-estimator: total free energy change is -3.0793470235754077 , total error is 0.017225417240122994
