19
 energy: -386.004741743549 gnorm: 0.018934042117 xtb: 6.7.1 (41059b4)
C           -2.56086743753479        0.62251422467585        0.00016865880007
C           -1.22577680554317       -0.05759787172552        0.00003868050002
C           -1.14916405500923       -1.44462846944015       -0.00000853510000
C            0.07566638893353       -2.08333441712318       -0.00009228920004
C            1.24004145904950       -1.33874315409323       -0.00001219120001
C            1.17687515512150        0.04805265592129       -0.00000886040000
C           -0.05728011912538        0.70345740291172       -0.00007982650004
C           -0.10757050064767        2.20129641087545       -0.00018957470008
O            2.31785846352710        0.80223642155549        0.00015509850007
H           -2.66848225108247        1.25579101615647       -0.87980565628987
H           -3.36514888979119       -0.10858229624812        0.00151796170067
H           -2.66732218028196        1.25780600915737        0.87881538588943
H           -2.05829226001208       -2.02792810509863       -0.00008038960004
H            0.12795999025670       -3.16182632360109       -0.00030692950014
H            2.20459679897691       -1.83039733471110       -0.00000347210000
H           -0.63497533748137        2.56646200803727       -0.88079738799030
H           -0.63433578178109        2.56689528873746        0.88067766929025
H            0.89917765029845        2.60676485365513       -0.00071092950032
H            3.08321487126625        0.21595746649570        0.00042367610019
19
 energy: -386.005500506893 gnorm: 0.006527895912 xtb: 6.7.1 (41059b4)
C           -2.56077782692355        0.62461647482490        0.00013192370616
C           -1.22368066655237       -0.06107461263801        0.00005493714742
C           -1.15061629080023       -1.45393493501791       -0.00002155413959
C            0.07898592749981       -2.09641627805513       -0.00011077795877
C            1.24826273772999       -1.35131633723346       -0.00003687594286
C            1.18142505060854        0.03998103718269        0.00003925560617
C           -0.05045715104530        0.70535701118327       -0.00001131898994
C           -0.10536782614096        2.20797175385710       -0.00019572680505
O            2.32039718431298        0.80251162981556        0.00013201744647
H           -2.67874113987286        1.26412653911486       -0.88005476014789
H           -3.37058227107232       -0.10604638569121        0.00139972988246
H           -2.67768006805560        1.26603544510039        0.87905572122830
H           -2.06548258001153       -2.03637889780837       -0.00000320770069
H            0.13059354643773       -3.17894312020704       -0.00020205750497
H            2.21615614339961       -1.84524655495845       -0.00003628257338
H           -0.63862084066624        2.57958736792237       -0.88042658518838
H           -0.63790812942187        2.57991332029386        0.88033783753029
H            0.89506796901755        2.63616869973647       -0.00068260397595
H            3.08520120856476        0.21728377849211        0.00033164765690
19
 energy: -386.005559281435 gnorm: 0.001703408471 xtb: 6.7.1 (41059b4)
C           -2.56146218267284        0.62443110142983        0.00009333900704
C           -1.22291579964609       -0.06114444330543        0.00005485168951
C           -1.15109633877213       -1.45581855425904        0.00001677297894
C            0.07997396362148       -2.09987411177021       -0.00006134460765
C            1.25148542672374       -1.35566636441961       -0.00003505459976
C            1.18320435700091        0.03714386704706        0.00001341198017
C           -0.04716490558046        0.70678951700527       -0.00001321923460
C           -0.10397953664972        2.20982117817896       -0.00016817676205
O            2.32220716568225        0.80332230862253        0.00008040174754
H           -2.68288015793516        1.26610153358842       -0.88014846864775
H           -3.37353577882938       -0.10575130485452        0.00126486744998
H           -2.68193434326257        1.26790411087485        0.87913571801650
H           -2.06789876172336       -2.03736016708885        0.00004624725754
H            0.13079527621116       -3.18386884185617       -0.00012925143098
H            2.21986720116345       -1.85105765092995       -0.00005206838011
H           -0.64009207814009        2.58269838301457       -0.88037481675491
H           -0.63932160691321        2.58296612490086        0.88039386640872
H            0.89424095510409        2.64585137342182       -0.00065837841237
H            3.08668204072697        0.21770794453886        0.00024267515948
19
 energy: -386.005561131417 gnorm: 0.000332669296 xtb: 6.7.1 (41059b4)
C           -2.56161355465454        0.62431851558311        0.00005947796428
C           -1.22294190674781       -0.06068586580651        0.00005347079555
C           -1.15101079031772       -1.45534392424300        0.00004828732102
C            0.08004329664690       -2.09961884343218       -0.00002309625471
C            1.25188561067995       -1.35597945029927       -0.00002884371740
C            1.18306177465105        0.03680421552185       -0.00000185834797
C           -0.04660366218006        0.70723660617693       -0.00001995663478
C           -0.10363321941358        2.20961373881490       -0.00014219845134
O            2.32274170832728        0.80381765286574        0.00002685351134
H           -2.68349368780904        1.26607048562820       -0.88016154135816
H           -3.37338941643622       -0.10625670227395        0.00112473442589
H           -2.68266573987729        1.26774878315958        0.87915678827295
H           -2.06791427945688       -2.03653564008967        0.00009250862434
H            0.13043515098089       -3.18370057291244       -0.00005669713626
H            2.21989949759815       -1.85181960685884       -0.00005408864915
H           -0.64026113161298        2.58219104976366       -0.88030305087743
H           -0.63944712946073        2.58240705281359        0.88042536280853
H            0.89415431645730        2.64633489014635       -0.00064327272003
H            3.08692804023787        0.21759362602473        0.00014848481713
19
 energy: -386.005561131417 gnorm: 0.000332669296 xtb: 6.7.1 (41059b4)
C           -2.56161355465454        0.62431851558311        0.00005947796428
C           -1.22294190674781       -0.06068586580651        0.00005347079555
C           -1.15101079031772       -1.45534392424300        0.00004828732102
C            0.08004329664690       -2.09961884343218       -0.00002309625471
C            1.25188561067995       -1.35597945029927       -0.00002884371740
C            1.18306177465105        0.03680421552185       -0.00000185834797
C           -0.04660366218006        0.70723660617693       -0.00001995663478
C           -0.10363321941358        2.20961373881490       -0.00014219845134
O            2.32274170832728        0.80381765286574        0.00002685351134
H           -2.68349368780904        1.26607048562820       -0.88016154135816
H           -3.37338941643622       -0.10625670227395        0.00112473442589
H           -2.68266573987729        1.26774878315958        0.87915678827295
H           -2.06791427945688       -2.03653564008967        0.00009250862434
H            0.13043515098089       -3.18370057291244       -0.00005669713626
H            2.21989949759815       -1.85181960685884       -0.00005408864915
H           -0.64026113161298        2.58219104976366       -0.88030305087743
H           -0.63944712946073        2.58240705281359        0.88042536280853
H            0.89415431645730        2.64633489014635       -0.00064327272003
H            3.08692804023787        0.21759362602473        0.00014848481713
