#========================================================================================
#                     Free energy perturbation    
#----------------------------------------------------------------------------------------
#forward/backward          λ              ΔΔA                 ΔA                  δε   
#                                                 
#----------------------------------------------------------------------------------------
forward:               0.0000              0.0000              0.0000              0.0000  
forward:               0.0500              1.3687              1.3687              0.0177  
forward:               0.1000              0.7574              2.1261              0.0213  
forward:               0.1500              0.4427              2.5689              0.0232  
forward:               0.2000              0.2566              2.8255              0.0244  
forward:               0.2500              0.1555              2.9810              0.0251  
forward:               0.3000              0.1009              3.0819              0.0256  
forward:               0.3500              0.0410              3.1229              0.0259  
forward:               0.4000              0.0145              3.1374              0.0263  
forward:               0.4500             -0.0122              3.1252              0.0266  
forward:               0.5000             -0.0368              3.0884              0.0268  
forward:               0.5500             -0.0898              2.9986              0.0272  
forward:               0.6000             -0.1778              2.8208              0.0274  
forward:               0.6500             -0.2411              2.5797              0.0277  
forward:               0.7000             -0.2867              2.2931              0.0279  
forward:               0.7500             -0.3333              1.9598              0.0281  
forward:               0.8000             -0.3631              1.5967              0.0283  
forward:               0.8500             -0.3983              1.1984              0.0285  
forward:               0.9000             -0.4137              0.7847              0.0288  
forward:               0.9500             -0.4329              0.3518              0.0290  
forward:               1.0000             -0.4541             -0.1023              0.0293  
backward:              1.0000              0.0000             -0.1023              0.0000  
backward:              0.9500              0.4507              0.3484              0.0040  
backward:              0.9000              0.4338              0.7822              0.0055  
backward:              0.8500              0.4146              1.1968              0.0065  
backward:              0.8000              0.3964              1.5932              0.0076  
backward:              0.7500              0.3560              1.9492              0.0086  
backward:              0.7000              0.3250              2.2742              0.0089  
backward:              0.6500              0.2859              2.5601              0.0098  
backward:              0.6000              0.2416              2.8017              0.0108  
backward:              0.5500              0.1787              2.9804              0.0118  
backward:              0.5000              0.0825              3.0630              0.0129  
backward:              0.4500              0.0293              3.0923              0.0137  
backward:              0.4000              0.0058              3.0981              0.0147  
backward:              0.3500             -0.0220              3.0761              0.0165  
backward:              0.3000             -0.0441              3.0320              0.0174  
backward:              0.2500             -0.1026              2.9294              0.0179  
backward:              0.2000             -0.1423              2.7871              0.0188  
backward:              0.1500             -0.2534              2.5337              0.0209  
backward:              0.1000             -0.4407              2.0930              0.0247  
backward:              0.0500             -0.7580              1.3350              0.0294  
backward:              0.0000             -1.2862              0.0488              0.0386  
Inaccuracy estimation
======================================================================================================
                   i        i+δi          P0_overlap_P1   δε(forward)/ε   δε(backward)/ε
======================================================================================================
inaccuracy:  0.00000        0.05000           39.33           -0.03            1.63
inaccuracy:  0.05000        0.10000           52.72           -0.02            0.74
inaccuracy:  0.10000        0.15000           60.84           -0.01            0.43
inaccuracy:  0.15000        0.20000           67.20           -0.02            0.24
inaccuracy:  0.20000        0.25000           70.37           -0.01            0.18
inaccuracy:  0.25000        0.30000           72.87           -0.01            0.14
inaccuracy:  0.30000        0.35000           75.50           -0.01            0.11
inaccuracy:  0.35000        0.40000           76.11           -0.01            0.10
inaccuracy:  0.40000        0.45000           77.09           -0.01            0.09
inaccuracy:  0.45000        0.50000           77.39           -0.01            0.09
inaccuracy:  0.50000        0.55000           73.14           -0.03            0.09
inaccuracy:  0.55000        0.60000           74.16           -0.03            0.08
inaccuracy:  0.60000        0.65000           74.60           -0.03            0.07
inaccuracy:  0.65000        0.70000           75.41           -0.04            0.06
inaccuracy:  0.70000        0.75000           75.93           -0.03            0.06
inaccuracy:  0.75000        0.80000           76.05           -0.03            0.06
inaccuracy:  0.80000        0.85000           76.15           -0.03            0.06
inaccuracy:  0.85000        0.90000           75.19           -0.03            0.06
inaccuracy:  0.90000        0.95000           74.85           -0.04            0.05
inaccuracy:  0.95000        1.00000           75.29           -0.03            0.05
===================================================================================================================================
                BAR        
-----------------------------------------------------------------------------------------------------------------------------------
BAR-estimator:         λ             λ+δλ          ΔΔA             ΔA            C               Δδe            δe       
                          
-----------------------------------------------------------------------------------------------------------------------------------
BAR-estimator:      0.00000        0.05000        1.3583         1.3583         1.3583         0.0083         0.0083 
BAR-estimator:      0.05000        0.10000        0.7672         2.1256         0.7672         0.0078         0.0114 
BAR-estimator:      0.10000        0.15000        0.4436         2.5691         0.4436         0.0032         0.0118 
BAR-estimator:      0.15000        0.20000        0.2575         2.8267         0.2575         0.0049         0.0128 
BAR-estimator:      0.20000        0.25000        0.1543         2.9810         0.1543         0.0040         0.0134 
BAR-estimator:      0.25000        0.30000        0.1008         3.0817         0.1008         0.0035         0.0139 
BAR-estimator:      0.30000        0.35000        0.0427         3.1244         0.0427         0.0029         0.0142 
BAR-estimator:      0.35000        0.40000        0.0168         3.1412         0.0168         0.0029         0.0145 
BAR-estimator:      0.40000        0.45000       -0.0094         3.1318        -0.0094         0.0028         0.0148 
BAR-estimator:      0.45000        0.50000       -0.0327         3.0991        -0.0327         0.0026         0.0150 
BAR-estimator:      0.50000        0.55000       -0.0896         3.0095        -0.0896         0.0030         0.0153 
BAR-estimator:      0.55000        0.60000       -0.1768         2.8326        -0.1768         0.0023         0.0155 
BAR-estimator:      0.60000        0.65000       -0.2417         2.5909        -0.2417         0.0027         0.0157 
BAR-estimator:      0.65000        0.70000       -0.2879         2.3031        -0.2879         0.0027         0.0159 
BAR-estimator:      0.70000        0.75000       -0.3291         1.9739        -0.3291         0.0026         0.0161 
BAR-estimator:      0.75000        0.80000       -0.3612         1.6128        -0.3612         0.0027         0.0164 
BAR-estimator:      0.80000        0.85000       -0.3965         1.2163        -0.3965         0.0027         0.0166 
BAR-estimator:      0.85000        0.90000       -0.4121         0.8041        -0.4121         0.0028         0.0168 
BAR-estimator:      0.90000        0.95000       -0.4334         0.3707        -0.4334         0.0027         0.0171 
BAR-estimator:      0.95000        1.00000       -0.4525        -0.0818        -0.4525         0.0029         0.0173 
BAR-estimator: total free energy change is -0.08176121157924238 , total error is 0.017304134455280864
