#========================================================================================
#                     Free energy perturbation    
#----------------------------------------------------------------------------------------
#forward/backward          λ              ΔΔA                 ΔA                  δε   
#                                                 
#----------------------------------------------------------------------------------------
forward:               0.0000              0.0000              0.0000              0.0000  
forward:               0.0500              0.8387              0.8387              0.0114  
forward:               0.1000              0.5578              1.3965              0.0148  
forward:               0.1500              0.3497              1.7462              0.0166  
forward:               0.2000              0.2272              1.9734              0.0177  
forward:               0.2500              0.1386              2.1119              0.0184  
forward:               0.3000              0.0894              2.2013              0.0192  
forward:               0.3500              0.0713              2.2726              0.0197  
forward:               0.4000              0.0332              2.3059              0.0201  
forward:               0.4500              0.0176              2.3235              0.0204  
forward:               0.5000             -0.0010              2.3225              0.0206  
forward:               0.5500             -0.0730              2.2494              0.0209  
forward:               0.6000             -0.2263              2.0231              0.0214  
forward:               0.6500             -0.3640              1.6591              0.0220  
forward:               0.7000             -0.4853              1.1738              0.0228  
forward:               0.7500             -0.5872              0.5866              0.0230  
forward:               0.8000             -0.6457             -0.0591              0.0258  
forward:               0.8500             -0.7032             -0.7623              0.0275  
forward:               0.9000             -0.7653             -1.5276              0.0302  
forward:               0.9500             -0.8052             -2.3328              0.0355  
forward:               1.0000             -0.9196             -3.2525              0.0412  
backward:              1.0000              0.0000             -3.2525              0.0000  
backward:              0.9500              0.8898             -2.3627              0.0211  
backward:              0.9000              0.8266             -1.5361              0.0267  
backward:              0.8500              0.7289             -0.8072              0.0298  
backward:              0.8000              0.7123             -0.0949              0.0328  
backward:              0.7500              0.6523              0.5574              0.0360  
backward:              0.7000              0.5771              1.1346              0.0372  
backward:              0.6500              0.4702              1.6048              0.0376  
backward:              0.6000              0.3580              1.9628              0.0382  
backward:              0.5500              0.2176              2.1804              0.0386  
backward:              0.5000              0.0737              2.2541              0.0390  
backward:              0.4500              0.0087              2.2628              0.0393  
backward:              0.4000             -0.0111              2.2517              0.0396  
backward:              0.3500             -0.0216              2.2301              0.0399  
backward:              0.3000             -0.0535              2.1765              0.0402  
backward:              0.2500             -0.1030              2.0735              0.0406  
backward:              0.2000             -0.1406              1.9329              0.0411  
backward:              0.1500             -0.2167              1.7162              0.0423  
backward:              0.1000             -0.3517              1.3645              0.0437  
backward:              0.0500             -0.5566              0.8079              0.0466  
backward:              0.0000             -0.8338             -0.0259              0.0488  
Inaccuracy estimation
======================================================================================================
                   i        i+δi          P0_overlap_P1   δε(forward)/ε   δε(backward)/ε
======================================================================================================
inaccuracy:  0.00000        0.05000           52.61           -0.02            0.66
inaccuracy:  0.05000        0.10000           58.53           -0.02            0.51
inaccuracy:  0.10000        0.15000           63.85           -0.01            0.31
inaccuracy:  0.15000        0.20000           68.63           -0.01            0.23
inaccuracy:  0.20000        0.25000           73.04           -0.00            0.16
inaccuracy:  0.25000        0.30000           74.79           -0.01            0.13
inaccuracy:  0.30000        0.35000           73.22           -0.01            0.12
inaccuracy:  0.35000        0.40000           75.24           -0.01            0.11
inaccuracy:  0.40000        0.45000           75.48           -0.01            0.10
inaccuracy:  0.45000        0.50000           76.05           -0.01            0.09
inaccuracy:  0.50000        0.55000           69.88           -0.06            0.12
inaccuracy:  0.55000        0.60000           71.50           -0.07            0.09
inaccuracy:  0.60000        0.65000           71.47           -0.07            0.08
inaccuracy:  0.65000        0.70000           71.92           -0.06            0.07
inaccuracy:  0.70000        0.75000           70.82           -0.06            0.06
inaccuracy:  0.75000        0.80000           69.40           -0.08            0.06
inaccuracy:  0.80000        0.85000           68.76           -0.10            0.06
inaccuracy:  0.85000        0.90000           70.89           -0.08            0.06
inaccuracy:  0.90000        0.95000           64.89           -0.11            0.07
inaccuracy:  0.95000        1.00000           67.03           -0.14            0.06
===================================================================================================================================
                BAR        
-----------------------------------------------------------------------------------------------------------------------------------
BAR-estimator:         λ             λ+δλ          ΔΔA             ΔA            C               Δδe            δe       
                          
-----------------------------------------------------------------------------------------------------------------------------------
BAR-estimator:      0.00000        0.05000        0.8389         0.8389         0.8389         0.0126         0.0126 
BAR-estimator:      0.05000        0.10000        0.5580         1.3969         0.5580         0.0100         0.0161 
BAR-estimator:      0.10000        0.15000        0.3464         1.7433         0.3464         0.0079         0.0179 
BAR-estimator:      0.15000        0.20000        0.2262         1.9695         0.2262         0.0067         0.0191 
BAR-estimator:      0.20000        0.25000        0.1395         2.1090         0.1395         0.0043         0.0196 
BAR-estimator:      0.25000        0.30000        0.0939         2.2029         0.0939         0.0046         0.0201 
BAR-estimator:      0.30000        0.35000        0.0659         2.2688         0.0659         0.0052         0.0208 
BAR-estimator:      0.35000        0.40000        0.0315         2.3004         0.0315         0.0031         0.0210 
BAR-estimator:      0.40000        0.45000        0.0152         2.3155         0.0152         0.0027         0.0212 
BAR-estimator:      0.45000        0.50000       -0.0044         2.3111        -0.0044         0.0027         0.0214 
BAR-estimator:      0.50000        0.55000       -0.0756         2.2355        -0.0756         0.0030         0.0216 
BAR-estimator:      0.55000        0.60000       -0.2240         2.0115        -0.2240         0.0037         0.0219 
BAR-estimator:      0.60000        0.65000       -0.3610         1.6504        -0.3610         0.0032         0.0221 
BAR-estimator:      0.65000        0.70000       -0.4766         1.1738        -0.4766         0.0035         0.0224 
BAR-estimator:      0.70000        0.75000       -0.5796         0.5943        -0.5796         0.0042         0.0228 
BAR-estimator:      0.75000        0.80000       -0.6479        -0.0536        -0.6479         0.0058         0.0235 
BAR-estimator:      0.80000        0.85000       -0.7100        -0.7636        -0.7100         0.0052         0.0241 
BAR-estimator:      0.85000        0.90000       -0.7479        -1.5115        -0.7479         0.0077         0.0253 
BAR-estimator:      0.90000        0.95000       -0.8137        -2.3252        -0.8137         0.0091         0.0269 
BAR-estimator:      0.95000        1.00000       -0.9087        -3.2338        -0.9087         0.0102         0.0287 
BAR-estimator: total free energy change is -3.233838794653294 , total error is 0.028729819759191064
