9
 energy: -154.997844786755 gnorm: 0.018468184667 xtb: 6.7.1 (41059b4)
C            1.27135457716337       -0.24383850940805       -0.00055265480024
C           -0.01582100250701        0.56469258635023       -0.04876636052161
O           -1.17908049222248       -0.23626563590470        0.04029748341786
H            1.33971343949366       -0.79566249695258        0.93594277161474
H            1.30910367498010       -0.94958972282079       -0.82921604686745
H            2.12989682434381        0.41842545228542       -0.07320721403244
H           -0.06915868933065        1.12886091970023       -0.98869072583812
H           -0.03867269211714        1.28285589896847        0.78099809424608
H           -0.91617806110598       -1.15798252331313        0.12221869835416
9
 energy: -154.998156078755 gnorm: 0.007231563051 xtb: 6.7.1 (41059b4)
C            1.26856863085700       -0.24114030259759       -0.00077460546713
C           -0.01920698442521        0.56554490173889       -0.04866518390805
O           -1.18895240845310       -0.24510118501024        0.04074897922708
H            1.34284092811173       -0.79572157211529        0.93987116644631
H            1.31174860054285       -0.95052087797235       -0.83307010163472
H            2.13680911720649        0.41809151750705       -0.07340007977999
H           -0.06438745640262        1.13578893439218       -0.98682070203969
H           -0.03403359765751        1.28934947840087        0.77802829697575
H           -0.92222923538406       -1.16479491971508        0.12310626830430
9
 energy: -154.998196062198 gnorm: 0.002646306810 xtb: 6.7.1 (41059b4)
C            1.26681246424364       -0.24139485358359       -0.00074772233927
C           -0.01831468060278        0.56751609430878       -0.04888256240207
O           -1.19201348031958       -0.24642078188492        0.04033922312087
H            1.34460659063558       -0.79708830159923        0.94109564406976
H            1.31325889067502       -0.95215745696507       -0.83407557047478
H            2.13880618728420        0.41646427133160       -0.07338026619152
H           -0.06591334794496        1.13804590095676       -0.98704982039889
H           -0.03577456347588        1.29126319844959        0.77815321111619
H           -0.92031046680963       -1.16473209603569        0.12357190283986
9
 energy: -154.998202712690 gnorm: 0.000823016396 xtb: 6.7.1 (41059b4)
C            1.26658710033161       -0.24117814510920       -0.00081872228588
C           -0.01722296236894        0.56787075814308       -0.04899204023741
O           -1.19343294738372       -0.24645745528889        0.03972451293204
H            1.34446695173165       -0.79694123160325        0.94101458531620
H            1.31309282193749       -0.95199945858268       -0.83412966156378
H            2.13962184593674        0.41572128312308       -0.07337522423365
H           -0.06642345418326        1.13779427164031       -0.98721631893638
H           -0.03656761979312        1.29064168214740        0.77861778104036
H           -0.91896414188878       -1.16395572848828        0.12419912216738
9
 energy: -154.998204136457 gnorm: 0.000491666225 xtb: 6.7.1 (41059b4)
C            1.26623887250042       -0.24127708701890       -0.00092890293334
C           -0.01638450229600        0.56838862291825       -0.04919131303181
O           -1.19353654001347       -0.24672494278253        0.03842949205061
H            1.34350243494290       -0.79695801027636        0.94054660284948
H            1.31221460380410       -0.95173595799037       -0.83405202265323
H            2.13918448143888        0.41513809374252       -0.07329345366676
H           -0.06634755235392        1.13793790708264       -0.98722909594719
H           -0.03710090985462        1.29003390136402        0.77899737126658
H           -0.91661329903385       -1.16330655088173        0.12574534338792
9
 energy: -154.998204136457 gnorm: 0.000491666225 xtb: 6.7.1 (41059b4)
C            1.26623887250042       -0.24127708701890       -0.00092890293334
C           -0.01638450229600        0.56838862291825       -0.04919131303181
O           -1.19353654001347       -0.24672494278253        0.03842949205061
H            1.34350243494290       -0.79695801027636        0.94054660284948
H            1.31221460380410       -0.95173595799037       -0.83405202265323
H            2.13918448143888        0.41513809374252       -0.07329345366676
H           -0.06634755235392        1.13793790708264       -0.98722909594719
H           -0.03710090985462        1.29003390136402        0.77899737126658
H           -0.91661329903385       -1.16330655088173        0.12574534338792
