#========================================================================================
#                     Free energy perturbation    
#----------------------------------------------------------------------------------------
#forward/backward          λ              ΔΔA                 ΔA                  δε   
#                                                 
#----------------------------------------------------------------------------------------
forward:               0.0000              0.0000              0.0000              0.0000  
forward:               0.0500              1.0596              1.0596              0.0138  
forward:               0.1000              0.6372              1.6968              0.0235  
forward:               0.1500              0.3986              2.0954              0.0248  
forward:               0.2000              0.2646              2.3600              0.0258  
forward:               0.2500              0.1901              2.5502              0.0264  
forward:               0.3000              0.1257              2.6758              0.0267  
forward:               0.3500              0.0884              2.7642              0.0270  
forward:               0.4000              0.0651              2.8294              0.0272  
forward:               0.4500              0.0405              2.8698              0.0274  
forward:               0.5000              0.0272              2.8971              0.0276  
forward:               0.5500             -0.0484              2.8487              0.0279  
forward:               0.6000             -0.1335              2.7152              0.0281  
forward:               0.6500             -0.1921              2.5231              0.0283  
forward:               0.7000             -0.2320              2.2911              0.0284  
forward:               0.7500             -0.2601              2.0310              0.0286  
forward:               0.8000             -0.2895              1.7415              0.0287  
forward:               0.8500             -0.3063              1.4352              0.0289  
forward:               0.9000             -0.3287              1.1065              0.0290  
forward:               0.9500             -0.3365              0.7700              0.0291  
forward:               1.0000             -0.3520              0.4180              0.0293  
backward:              1.0000              0.0000              0.4180              0.0000  
backward:              0.9500              0.3599              0.7779              0.0040  
backward:              0.9000              0.3367              1.1145              0.0056  
backward:              0.8500              0.3250              1.4396              0.0066  
backward:              0.8000              0.3073              1.7469              0.0075  
backward:              0.7500              0.2912              2.0381              0.0085  
backward:              0.7000              0.2642              2.3022              0.0095  
backward:              0.6500              0.2289              2.5311              0.0103  
backward:              0.6000              0.1923              2.7234              0.0110  
backward:              0.5500              0.1240              2.8475              0.0118  
backward:              0.5000              0.0554              2.9029              0.0129  
backward:              0.4500             -0.0302              2.8727              0.0135  
backward:              0.4000             -0.0428              2.8299              0.0143  
backward:              0.3500             -0.0581              2.7718              0.0150  
backward:              0.3000             -0.0925              2.6792              0.0158  
backward:              0.2500             -0.1213              2.5579              0.0177  
backward:              0.2000             -0.1888              2.3691              0.0190  
backward:              0.1500             -0.2567              2.1124              0.0202  
backward:              0.1000             -0.4209              1.6916              0.0399  
backward:              0.0500             -0.7201              0.9715              0.0798  
backward:              0.0000             -1.0392             -0.0677              0.0834  
Inaccuracy estimation
======================================================================================================
                   i        i+δi          P0_overlap_P1   δε(forward)/ε   δε(backward)/ε
======================================================================================================
inaccuracy:  0.00000        0.05000           47.93           -0.02            1.04
inaccuracy:  0.05000        0.10000           58.00           -0.01            0.56
inaccuracy:  0.10000        0.15000           64.64           -0.01            0.33
inaccuracy:  0.15000        0.20000           69.35           -0.01            0.22
inaccuracy:  0.20000        0.25000           72.40           -0.01            0.15
inaccuracy:  0.25000        0.30000           73.90           -0.00            0.12
inaccuracy:  0.30000        0.35000           76.42           -0.01            0.10
inaccuracy:  0.35000        0.40000           77.27           -0.01            0.10
inaccuracy:  0.40000        0.45000           77.78           -0.01            0.08
inaccuracy:  0.45000        0.50000           78.48           -0.01            0.07
inaccuracy:  0.50000        0.55000           73.62           -0.02            0.10
inaccuracy:  0.55000        0.60000           76.11           -0.03            0.07
inaccuracy:  0.60000        0.65000           76.53           -0.02            0.07
inaccuracy:  0.65000        0.70000           77.07           -0.02            0.06
inaccuracy:  0.70000        0.75000           76.27           -0.03            0.06
inaccuracy:  0.75000        0.80000           76.75           -0.03            0.05
inaccuracy:  0.80000        0.85000           76.75           -0.03            0.05
inaccuracy:  0.85000        0.90000           77.19           -0.02            0.05
inaccuracy:  0.90000        0.95000           76.64           -0.03            0.05
inaccuracy:  0.95000        1.00000           75.42           -0.02            0.06
===================================================================================================================================
                BAR        
-----------------------------------------------------------------------------------------------------------------------------------
BAR-estimator:         λ             λ+δλ          ΔΔA             ΔA            C               Δδe            δe       
                          
-----------------------------------------------------------------------------------------------------------------------------------
BAR-estimator:      0.00000        0.05000        1.0575         1.0575         1.0575         0.0077         0.0077 
BAR-estimator:      0.05000        0.10000        0.6478         1.7053         0.6478         0.0113         0.0137 
BAR-estimator:      0.10000        0.15000        0.3993         2.1046         0.3993         0.0048         0.0145 
BAR-estimator:      0.15000        0.20000        0.2650         2.3696         0.2650         0.0044         0.0152 
BAR-estimator:      0.20000        0.25000        0.1880         2.5577         0.1880         0.0039         0.0157 
BAR-estimator:      0.25000        0.30000        0.1228         2.6804         0.1228         0.0039         0.0161 
BAR-estimator:      0.30000        0.35000        0.0886         2.7690         0.0886         0.0029         0.0164 
BAR-estimator:      0.35000        0.40000        0.0649         2.8339         0.0649         0.0028         0.0166 
BAR-estimator:      0.40000        0.45000        0.0403         2.8741         0.0403         0.0025         0.0168 
BAR-estimator:      0.45000        0.50000        0.0279         2.9020         0.0279         0.0024         0.0170 
BAR-estimator:      0.50000        0.55000       -0.0509         2.8511        -0.0509         0.0028         0.0172 
BAR-estimator:      0.55000        0.60000       -0.1299         2.7212        -0.1299         0.0026         0.0174 
BAR-estimator:      0.60000        0.65000       -0.1916         2.5296        -0.1916         0.0028         0.0177 
BAR-estimator:      0.65000        0.70000       -0.2308         2.2989        -0.2308         0.0033         0.0180 
BAR-estimator:      0.70000        0.75000       -0.2630         2.0359        -0.2630         0.0026         0.0181 
BAR-estimator:      0.75000        0.80000       -0.2905         1.7454        -0.2905         0.0026         0.0183 
BAR-estimator:      0.80000        0.85000       -0.3085         1.4369        -0.3085         0.0025         0.0185 
BAR-estimator:      0.85000        0.90000       -0.3259         1.1110        -0.3259         0.0027         0.0187 
BAR-estimator:      0.90000        0.95000       -0.3368         0.7742        -0.3368         0.0021         0.0188 
BAR-estimator:      0.95000        1.00000       -0.3554         0.4187        -0.3554         0.0025         0.0190 
BAR-estimator: total free energy change is 0.4187410349926178 , total error is 0.018984046418099042
