#========================================================================================
#                     Free energy perturbation    
#----------------------------------------------------------------------------------------
#forward/backward          λ              ΔΔA                 ΔA                  δε   
#                                                 
#----------------------------------------------------------------------------------------
forward:               0.0000              0.0000              0.0000              0.0000  
forward:               0.0500              1.4039              1.4039              0.0202  
forward:               0.1000              0.6562              2.0601              0.0244  
forward:               0.1500              0.3705              2.4305              0.0265  
forward:               0.2000              0.1943              2.6249              0.0274  
forward:               0.2500              0.1127              2.7376              0.0280  
forward:               0.3000              0.0418              2.7794              0.0287  
forward:               0.3500              0.0076              2.7869              0.0290  
forward:               0.4000             -0.0349              2.7521              0.0294  
forward:               0.4500             -0.0603              2.6918              0.0297  
forward:               0.5000             -0.0746              2.6171              0.0299  
forward:               0.5500             -0.1189              2.4982              0.0302  
forward:               0.6000             -0.1830              2.3152              0.0305  
forward:               0.6500             -0.2290              2.0862              0.0307  
forward:               0.7000             -0.2667              1.8195              0.0309  
forward:               0.7500             -0.2911              1.5284              0.0310  
forward:               0.8000             -0.3151              1.2133              0.0312  
forward:               0.8500             -0.3270              0.8863              0.0314  
forward:               0.9000             -0.3387              0.5476              0.0315  
forward:               0.9500             -0.3495              0.1981              0.0316  
forward:               1.0000             -0.3561             -0.1580              0.0318  
backward:              1.0000              0.0000             -0.1580              0.0000  
backward:              0.9500              0.3634              0.2054              0.0035  
backward:              0.9000              0.3498              0.5553              0.0054  
backward:              0.8500              0.3455              0.9008              0.0067  
backward:              0.8000              0.3266              1.2274              0.0075  
backward:              0.7500              0.3099              1.5373              0.0083  
backward:              0.7000              0.2825              1.8198              0.0092  
backward:              0.6500              0.2621              2.0819              0.0100  
backward:              0.6000              0.2302              2.3121              0.0107  
backward:              0.5500              0.1893              2.5014              0.0117  
backward:              0.5000              0.1192              2.6206              0.0125  
backward:              0.4500              0.0721              2.6927              0.0133  
backward:              0.4000              0.0531              2.7458              0.0141  
backward:              0.3500              0.0391              2.7848              0.0150  
backward:              0.3000             -0.0058              2.7791              0.0160  
backward:              0.2500             -0.0388              2.7403              0.0171  
backward:              0.2000             -0.1049              2.6353              0.0184  
backward:              0.1500             -0.2024              2.4329              0.0203  
backward:              0.1000             -0.4723              1.9606              0.0983  
backward:              0.0500             -0.6412              1.3194              0.0996  
backward:              0.0000             -1.3938             -0.0744              0.1083  
Inaccuracy estimation
======================================================================================================
                   i        i+δi          P0_overlap_P1   δε(forward)/ε   δε(backward)/ε
======================================================================================================
inaccuracy:  0.00000        0.05000           36.21           -0.03            2.35
inaccuracy:  0.05000        0.10000           53.58           -0.01            0.70
inaccuracy:  0.10000        0.15000           63.05           -0.01            0.36
inaccuracy:  0.15000        0.20000           69.62           -0.01            0.21
inaccuracy:  0.20000        0.25000           71.73           -0.01            0.15
inaccuracy:  0.25000        0.30000           74.87           -0.01            0.12
inaccuracy:  0.30000        0.35000           75.16           -0.01            0.09
inaccuracy:  0.35000        0.40000           77.00           -0.01            0.08
inaccuracy:  0.40000        0.45000           78.80           -0.01            0.07
inaccuracy:  0.45000        0.50000           78.18           -0.01            0.07
inaccuracy:  0.50000        0.55000           75.35           -0.02            0.08
inaccuracy:  0.55000        0.60000           76.24           -0.02            0.07
inaccuracy:  0.60000        0.65000           77.05           -0.02            0.06
inaccuracy:  0.65000        0.70000           77.73           -0.02            0.05
inaccuracy:  0.70000        0.75000           78.67           -0.02            0.05
inaccuracy:  0.75000        0.80000           78.94           -0.02            0.05
inaccuracy:  0.80000        0.85000           78.08           -0.02            0.05
inaccuracy:  0.85000        0.90000           76.54           -0.02            0.05
inaccuracy:  0.90000        0.95000           77.61           -0.02            0.05
inaccuracy:  0.95000        1.00000           76.64           -0.02            0.05
===================================================================================================================================
                BAR        
-----------------------------------------------------------------------------------------------------------------------------------
BAR-estimator:         λ             λ+δλ          ΔΔA             ΔA            C               Δδe            δe       
                          
-----------------------------------------------------------------------------------------------------------------------------------
BAR-estimator:      0.00000        0.05000        1.4214         1.4214         1.4214         0.0136         0.0136 
BAR-estimator:      0.05000        0.10000        0.6584         2.0798         0.6584         0.0087         0.0161 
BAR-estimator:      0.10000        0.15000        0.3700         2.4498         0.3700         0.0064         0.0173 
BAR-estimator:      0.15000        0.20000        0.1984         2.6482         0.1984         0.0046         0.0179 
BAR-estimator:      0.20000        0.25000        0.1097         2.7579         0.1097         0.0038         0.0184 
BAR-estimator:      0.25000        0.30000        0.0421         2.8000         0.0421         0.0040         0.0188 
BAR-estimator:      0.30000        0.35000        0.0038         2.8038         0.0038         0.0026         0.0190 
BAR-estimator:      0.35000        0.40000       -0.0354         2.7684        -0.0354         0.0031         0.0192 
BAR-estimator:      0.40000        0.45000       -0.0565         2.7118        -0.0565         0.0028         0.0194 
BAR-estimator:      0.45000        0.50000       -0.0742         2.6376        -0.0742         0.0027         0.0196 
BAR-estimator:      0.50000        0.55000       -0.1187         2.5189        -0.1187         0.0029         0.0198 
BAR-estimator:      0.55000        0.60000       -0.1856         2.3333        -0.1856         0.0028         0.0200 
BAR-estimator:      0.60000        0.65000       -0.2291         2.1043        -0.2291         0.0027         0.0202 
BAR-estimator:      0.65000        0.70000       -0.2647         1.8396        -0.2647         0.0025         0.0203 
BAR-estimator:      0.70000        0.75000       -0.2882         1.5514        -0.2882         0.0026         0.0205 
BAR-estimator:      0.75000        0.80000       -0.3126         1.2388        -0.3126         0.0025         0.0207 
BAR-estimator:      0.80000        0.85000       -0.3252         0.9137        -0.3252         0.0027         0.0208 
BAR-estimator:      0.85000        0.90000       -0.3425         0.5712        -0.3425         0.0023         0.0210 
BAR-estimator:      0.90000        0.95000       -0.3484         0.2227        -0.3484         0.0023         0.0211 
BAR-estimator:      0.95000        1.00000       -0.3584        -0.1357        -0.3584         0.0026         0.0212 
BAR-estimator: total free energy change is -0.13571062612577495 , total error is 0.021242572163431034
