19
 energy: -22.665089606806 gnorm: 0.022657948817 xtb: 6.7.1 (41059b4)
C            1.94210329536782        0.00004219264146        0.70884570909027
N            1.10539652016686       -0.00000144115900       -0.48732120338169
C            0.26763457040905        1.19992365704029       -0.60552843104514
C           -0.93319709138133        1.20588456692925        0.34346287605339
N           -1.73243156601414       -0.00005292790148        0.09074972395256
C           -0.93314813230256       -1.20594854795698        0.34350500105923
C            0.26768505327835       -1.19996645080151       -0.60548401707173
H            2.58815536829672        0.88510797084917        0.69417824723689
H            2.58814630524732       -0.88503148791296        0.69425047022823
H            1.39747895145325        0.00008352533898        1.66999401841955
H            0.89230833552045        2.08474792703357       -0.43407266421249
H           -0.10990176635412        1.24555725626498       -1.63624114149865
H           -0.58215872701598        1.27127973056530        1.39189187650906
H           -1.54911376679085        2.09175980303553        0.14672375202225
H           -2.54968024519356       -0.00005948985925        0.69009923212253
H           -0.58210866482847       -1.27129495050927        1.39193673778481
H           -1.54902763815509       -2.09185577870698        0.14679240683308
H            0.89239588002969       -2.08475784467245       -0.43399440251854
H           -0.10984606403685       -1.24565456031822       -1.63619649886335
19
 energy: -22.666123977009 gnorm: 0.009805410726 xtb: 6.7.1 (41059b4)
C            1.94218360717936        0.00004058082285        0.70678980939576
N            1.10283964882232       -0.00000191272102       -0.47611905291227
C            0.27053613863746        1.19029880969151       -0.60151436497202
C           -0.93226361890459        1.19849374581504        0.34563588664996
N           -1.72518684396575       -0.00005186863675        0.09699415568510
C           -0.93221308055391       -1.19855520621516        0.34567800087303
C            0.27058754183656       -1.19034291936832       -0.60147089742427
H            2.58067987344479        0.88476688588728        0.68038689205143
H            2.58067599192781       -0.88469035714888        0.68045586371206
H            1.39401125472029        0.00007890231395        1.66045433848071
H            0.89433335883417        2.07158985588407       -0.43107574356408
H           -0.09796483865554        1.21770446102941       -1.63229419565485
H           -0.58763195789891        1.25987234479791        1.39385243466316
H           -1.55500252158602        2.07403922753716        0.14223015264791
H           -2.54891081602581       -0.00005863495822        0.69064102055796
H           -0.58757994306845       -1.25988415481526        1.39389702150065
H           -1.55491477570312       -2.07413377207360        0.14230051515511
H            0.89442237226187       -2.07160112749076       -0.43099978379956
H           -0.09791077360599       -1.21780171045078       -1.63225036032553
19
 energy: -22.666253982451 gnorm: 0.003184097636 xtb: 6.7.1 (41059b4)
C            1.94518069592068        0.00003994749163        0.70779570823398
N            1.09908430929006       -0.00000182545517       -0.46642436878790
C            0.27139679546030        1.18634890672372       -0.59923726843144
C           -0.93458759409913        1.19719521099699        0.34559443665137
N           -1.72187174837983       -0.00005185713881        0.09929593640194
C           -0.93453679831322       -1.19725656006658        0.34563768983036
C            0.27144739811304       -1.18639253200215       -0.59919396115990
H            2.58138521927122        0.88388419639207        0.67520564284133
H            2.58138664384424       -0.88380524915004        0.67526976593114
H            1.40306898254168        0.00007415035289        1.66297763587690
H            0.89172356293797        2.06880599327199       -0.43102823880472
H           -0.09725721895742        1.20533465363683       -1.62855416010991
H           -0.58749496813591        1.26151610358207        1.39231632189526
H           -1.55666575198090        2.07054712494235        0.13802023346955
H           -2.55215583897814       -0.00005884828946        0.68492386811763
H           -0.58744138051185       -1.26152551320284        1.39236186208459
H           -1.55657789086958       -2.07064216035519        0.13809394830168
H            0.89181155421783       -2.06881723482422       -0.43095297850793
H           -0.09720535367447       -1.20543135700565       -1.62851038111366
19
 energy: -22.666269313913 gnorm: 0.001159538662 xtb: 6.7.1 (41059b4)
C            1.94750734635271        0.00003945369184        0.70821036908445
N            1.09802901633984       -0.00000195306215       -0.46327773199287
C            0.27165777167940        1.18543159461558       -0.59885972723036
C           -0.93609594294731        1.19702093950921        0.34598482092762
N           -1.72182246801396       -0.00005171448388        0.09947167469698
C           -0.93604483817039       -1.19708174514354        0.34602889935826
C            0.27170812859839       -1.18547537725070       -0.59881628998532
H            2.58374730003177        0.88382318935737        0.67353928675901
H            2.58375350575135       -0.88374181901546        0.67359912112649
H            1.40969533975078        0.00007001407460        1.66629261253110
H            0.89030764086966        2.06918169833400       -0.43163307726091
H           -0.09751658416266        1.20286576528421       -1.62804190867489
H           -0.58834970919067        1.26330716561200        1.39284330830573
H           -1.55745374370076        2.07047800763406        0.13748903751642
H           -2.55570115005663       -0.00005875276194        0.67986255095562
H           -0.58829517060170       -1.26331473885264        1.39288961761015
H           -1.55736549266776       -2.07057285905810        0.13756502532874
H            0.89039537590148       -2.06919335727971       -0.43155809406843
H           -0.09746570806700       -1.20296236130429       -1.62799780226753
19
 energy: -22.666272378874 gnorm: 0.000590135066 xtb: 6.7.1 (41059b4)
C            1.94991531517667        0.00003881635551        0.70761539163369
N            1.09772974695055       -0.00000209855923       -0.46181880796620
C            0.27193837715467        1.18515493787684       -0.59813165286970
C           -0.93761481240910        1.19696541254228        0.34646947240983
N           -1.72238109203284       -0.00005157178713        0.09873133763178
C           -0.93756367070719       -1.19702564813309        0.34651478819139
C            0.27198817430132       -1.18519875546143       -0.59808770700366
H            2.58645436736693        0.88401975294367        0.67168465951681
H            2.58646830725665       -0.88393399911950        0.67173754663094
H            1.41549702913290        0.00006334829172        1.66840639311253
H            0.88937295213383        2.07000785164821       -0.43097905121172
H           -0.09780725670005        1.20295731543738       -1.62738865286271
H           -0.58957861123729        1.26375162971602        1.39372715623815
H           -1.55810629706329        2.07124447782322        0.13801583553861
H           -2.55978278275616       -0.00005853832511        0.67347307796587
H           -0.58952345077036       -1.26375698930325        1.39377462861921
H           -1.55801800548082       -2.07133911397589        0.13809483000306
H            0.88945994127929       -2.07001979661782       -0.43090379319462
H           -0.09775761389915       -1.20305388145197       -1.62734375966299
19
 energy: -22.666273145350 gnorm: 0.000146551833 xtb: 6.7.1 (41059b4)
C            1.94978311548479        0.00003866730126        0.70705239164610
N            1.09777425800854       -0.00000220456655       -0.46245946462549
C            0.27181367202595        1.18540322232572       -0.59793306807807
C           -0.93742199564288        1.19672491805251        0.34657248225433
N           -1.72247242193902       -0.00005143594078        0.09808255011558
C           -0.93737095566029       -1.19678487404556        0.34661794350774
C            0.27186342177501       -1.18544721115827       -0.59788891320088
H            2.58633157579149        0.88397460497220        0.67133939698929
H            2.58634784030902       -0.88388739878969        0.67139040944700
H            1.41486544326780        0.00006147633598        1.66741705351329
H            0.88965343222553        2.06981437315512       -0.43002778496104
H           -0.09763787884997        1.20397791845832       -1.62728342427865
H           -0.58980835650118        1.26245769386042        1.39393384140273
H           -1.55784783521623        2.07114620175702        0.13855559974448
H           -2.55982161336874       -0.00005830590596        0.67279680362324
H           -0.58975345566775       -1.26246274538104        1.39398146736053
H           -1.55775969212345       -2.07124051701243        0.13863483068714
H            0.88974032346091       -2.06982643429746       -0.42995213895282
H           -0.09758825968297       -1.20407479922039       -1.62723828347423
19
 energy: -22.666273341494 gnorm: 0.000042430554 xtb: 6.7.1 (41059b4)
C            1.95011552887316        0.00003838218519        0.70658066580405
N            1.09768034557726       -0.00000231743017       -0.46255917626137
C            0.27173564333040        1.18553256623043       -0.59756887141301
C           -0.93758825600880        1.19656253883864        0.34663755510922
N           -1.72257754428512       -0.00005123316550        0.09738483760339
C           -0.93753746224369       -1.19662211758685        0.34668343578422
C            0.27178516876750       -1.18557669118434       -0.59752428726802
H            2.58663970438069        0.88394102880678        0.67060591082417
H            2.58666072521640       -0.88385087761966        0.67065296854525
H            1.41548264897556        0.00005760369244        1.66705311214878
H            0.88975131395375        2.06968482281898       -0.42911225544038
H           -0.09748396461762        1.20460677146041       -1.62697138202216
H           -0.59015464676257        1.26142237076195        1.39406877533940
H           -1.55784224888467        2.07119555779397        0.13910466928381
H           -2.56052501407120       -0.00005795563764        0.67121576579116
H           -0.59010011157806       -1.26142669461403        1.39411683498796
H           -1.55775449787275       -2.07128945193438        0.13918470382036
H            0.88983784404238       -2.06969699936331       -0.42903579276403
H           -0.09743455909607       -1.20470415415248       -1.62692577715254
19
 energy: -22.666273376245 gnorm: 0.000047161649 xtb: 6.7.1 (41059b4)
C            1.95037279214405        0.00003815132371        0.70642248577301
N            1.09759052147995       -0.00000244464531       -0.46249747138880
C            0.27168311663291        1.18560473400852       -0.59744113838670
C           -0.93769198435745        1.19646272084898        0.34670262286519
N           -1.72268128018601       -0.00005098298260        0.09699474846593
C           -0.93764141456190       -1.19652187552952        0.34674878743773
C            0.27173252135239       -1.18564908248289       -0.59739617288534
H            2.58689358546936        0.88394341234042        0.67025578752727
H            2.58691885855241       -0.88385057112992        0.67029933672871
H            1.41605235626395        0.00005418656272        1.66707615117101
H            0.88973033887985        2.06970101307296       -0.42878027486722
H           -0.09742161262913        1.20485691243398       -1.62689380542765
H           -0.59036788779388        1.26098792219880        1.39421806901910
H           -1.55786576751173        2.07119763638909        0.13938722352967
H           -2.56096581107397       -0.00005756880997        0.67031193006662
H           -0.59031375595249       -1.26099167731471        1.39426646164727
H           -1.55777837954470       -2.07129102725235        0.13946772771868
H            0.88981665736532       -2.06971337895956       -0.42870294500751
H           -0.09737223683238       -1.20495493017194       -1.62684783126672
