20
 energy: -36.131594026212 gnorm: 0.041936635926 xtb: 6.7.1 (41059b4)
C            0.60383658955650        1.69673306913305        0.02043860252231
C            1.39337696598479        0.42001039620427       -0.25026286183555
H            1.59562830577358        0.35034672729848       -1.33621766758519
C            0.54540655936747       -0.76886375858709        0.17420281646209
H            0.39063964836163       -0.72066502024789        1.25882647089259
C           -0.80309229656681       -0.73727782616933       -0.53296034233748
H           -0.65142990687493       -0.86275032582927       -1.61964771387620
C           -1.49057152352557        0.62122364867669       -0.31384398587641
H           -2.36644015961350        0.71239832490110       -0.97267510135356
O           -0.64016046953656        1.66993164674049       -0.69185620343641
O           -1.86734780997741        0.77290766048272        1.04174260536917
O           -1.67828873392729       -1.74647866543085       -0.03109343940018
O            1.21701932143721       -2.02311986538608       -0.04778912932697
O            2.60812507562865        0.49013026706459        0.48317471849708
H            1.14563367794063        2.56983114202480       -0.34928686303941
H            0.43810579744219        1.80748339192711        1.09926791113932
H           -2.17876660675735       -0.09479272255480        1.33795452835262
H           -1.14609196528847       -2.54146773800506        0.10613352968207
H            1.38641504188408       -2.10072193664665       -0.99683819297637
H            2.95946906560351       -0.40776097068091        0.54035762954450
20
 energy: -36.133036768986 gnorm: 0.019916693079 xtb: 6.7.1 (41059b4)
C            0.59781617001434        1.70114234486213        0.01304148479301
C            1.39425739395018        0.42243825327093       -0.24913985510418
H            1.60675946191753        0.34395153231148       -1.33121251928095
C            0.54500168088681       -0.77175363100557        0.18048609472647
H            0.39152890201513       -0.73420195399964        1.26540414115828
C           -0.80397376977520       -0.73652009570203       -0.53447898557563
H           -0.65326675217342       -0.87362106311296       -1.61877821552263
C           -1.47909054330466        0.62990311151948       -0.30565992419556
H           -2.36087343200540        0.72162123800930       -0.95598783648314
O           -0.63934315426854        1.67645806017210       -0.68942755012976
O           -1.85373318259162        0.76207730573486        1.04182208732956
O           -1.66737918810806       -1.73939544960328       -0.03043460041438
O            1.20986482559363       -2.01247005026353       -0.05028188140976
O            2.60345583751641        0.48035416179578        0.47563471107112
H            1.13446219714038        2.57314240150193       -0.35971342225623
H            0.42617293785349        1.81210018830250        1.08863604244041
H           -2.18567838141282       -0.10239759823614        1.32272231869351
H           -1.13651322638570       -2.53531298462901        0.10736704038673
H            1.38553587284607       -2.09013693404340       -0.99698926523935
H            2.94646292720381       -0.42028139196955        0.54661744643049
20
 energy: -36.133422778252 gnorm: 0.003173191308 xtb: 6.7.1 (41059b4)
C            0.59399600055749        1.70304624138383        0.00745030722755
C            1.39887332446686        0.42486434270982       -0.24826936745335
H            1.61180234484606        0.34044428477730       -1.32969914834036
C            0.54815106011620       -0.77697241817986        0.17682445884045
H            0.39317872794009       -0.74310360381773        1.26100065628418
C           -0.80746635133792       -0.73843005339157       -0.53501839456951
H           -0.65511168195713       -0.87866023508918       -1.61799288500218
C           -1.47542137078213        0.63412704584357       -0.29834911424103
H           -2.36288571043232        0.72704359053567       -0.94384743413513
O           -0.63823375315128        1.67301856560044       -0.68743201954853
O           -1.83788774499907        0.75435277085203        1.04548113411382
O           -1.66644155440254       -1.73218083617093       -0.02907913194301
O            1.21087976731183       -2.00487127020052       -0.05642761929660
O            2.60162324623077        0.47943923180482        0.47282702896843
H            1.12907372859102        2.57331601705815       -0.36912957862341
H            0.42460457608628        1.81414579102881        1.08283858937710
H           -2.19926033956249       -0.10291639381038        1.31388260077929
H           -1.13988694708525       -2.53097602433131        0.11081475373936
H            1.39539538542521       -2.08525936527971       -1.00084773068976
H            2.93648386905070       -0.42333023640785        0.56460020593071
20
 energy: -36.133467146895 gnorm: 0.002303307558 xtb: 6.7.1 (41059b4)
C            0.59393042913362        1.70361025380056        0.00572969983257
C            1.39980259788244        0.42518750754191       -0.24931890805968
H            1.61084673029821        0.34104393047312       -1.33183246237462
C            0.54971450128463       -0.77928960926445        0.17441988694484
H            0.39351394465345       -0.74468566594051        1.25874464341827
C           -0.80822418852253       -0.74052481091707       -0.53585139751940
H           -0.65614380465303       -0.87785657719440       -1.61959995632815
C           -1.47474655495811        0.63357355741381       -0.29568756645862
H           -2.36389407635907        0.72555084976158       -0.94014373662685
O           -0.63841198975463        1.67119515250341       -0.68747874310933
O           -1.83154706755439        0.75371385098375        1.04901977183440
O           -1.66773906147055       -1.73224184648320       -0.02888123104732
O            1.21373379909449       -2.00428167425486       -0.06044566751471
O            2.60054975005103        0.48058594104373        0.47310031302393
H            1.12945621952684        2.57322097535098       -0.37262008855539
H            0.42887301586651        1.81587677424083        1.08216538299967
H           -2.20742858245246       -0.09827180017277        1.31437019469458
H           -1.14373237753578       -2.53259077072150        0.11178668008231
H            1.40238544802538       -2.08382171626556       -1.00437526610152
H            2.93052784435629       -0.42289687698395        0.57652576228306
20
 energy: -36.133497859023 gnorm: 0.002746058814 xtb: 6.7.1 (41059b4)
C            0.59430533690483        1.70390766635729        0.00328554346551
C            1.40042184763219        0.42499946866887       -0.25120153890435
H            1.60995637472258        0.34155316806550       -1.33479301003328
C            0.55159120661722       -0.78168715543100        0.17157411361921
H            0.39428093677884       -0.74603750795885        1.25608070172644
C           -0.80842604746149       -0.74252318017483       -0.53651334734993
H           -0.65775396800903       -0.87541973937940       -1.62135409222356
C           -1.47433270438177        0.63241717117995       -0.29239239019007
H           -2.36617124401244        0.72283902863862       -0.93410630672972
O           -0.63965669602608        1.67000836528275       -0.68730402215781
O           -1.82343087434286        0.75317927614242        1.05450673846094
O           -1.66906927297497       -1.73354308690307       -0.03010332198476
O            1.21832124706515       -2.00435558792634       -0.06440103460555
O            2.60018027339255        0.48123029551155        0.47222925335641
H            1.13019000639965        2.57264518950014       -0.37776485326481
H            0.43452031474949        1.81875727220555        1.08076533152931
H           -2.21978180969511       -0.09051904628073        1.31588143465867
H           -1.14790173920329       -2.53563780238491        0.11043085567399
H            1.41260278151973       -2.08136264842625       -1.00768076746537
H            2.92162060723714       -0.42335370177189        0.59248802383677
20
 energy: -36.133512269697 gnorm: 0.002249131034 xtb: 6.7.1 (41059b4)
C            0.59487362142077        1.70400062826245        0.00158139235488
C            1.40033514157554        0.42463089727528       -0.25272871470864
H            1.60970553805815        0.34124068836234       -1.33650934091631
C            0.55227197023902       -0.78225887495992        0.17044234625558
H            0.39460502295057       -0.74629464202023        1.25497053195481
C           -0.80784674364375       -0.74317611671297       -0.53703340037503
H           -0.65811178747866       -0.87354367752117       -1.62237728314221
C           -1.47375007471741        0.63140971522067       -0.29002834875617
H           -2.36774653544016        0.72079203009992       -0.92871222119921
O           -0.64081952851854        1.66985050975395       -0.68663312908344
O           -1.81809630536010        0.75229494709458        1.05857558313171
O           -1.66917927463730       -1.73482842885929       -0.03241622025201
O            1.22055516799684       -2.00435150586757       -0.06538032378729
O            2.60078044783902        0.48078362529811        0.47005035304647
H            1.13042496984362        2.57209111148306       -0.38180908149918
H            0.43752514337081        1.82078534855503        1.07927221166273
H           -2.22856061030974       -0.08504655420664        1.31708953094053
H           -1.14906288846662       -2.53761952132195        0.10720561627633
H            1.41872971346847       -2.07902190015635       -1.00808055147879
H            2.91483358872181       -0.42464083486392        0.60214836099330
20
 energy: -36.133524064000 gnorm: 0.000965845334 xtb: 6.7.1 (41059b4)
C            0.59565790327325        1.70406206387599       -0.00028267497438
C            1.39980147552988        0.42407528577651       -0.25459219737827
H            1.60913358648693        0.34014669422759       -1.33817245684839
C            0.55237352527668       -0.78187670446852        0.17012257762542
H            0.39443422835784       -0.74561507013670        1.25451887422693
C           -0.80674757560975       -0.74303757962968       -0.53763433483422
H           -0.65730526092662       -0.87105871737278       -1.62320028531921
C           -1.47292421996861        0.63038897619684       -0.28744271891330
H           -2.36962200731627        0.71912502289207       -0.92179604888747
O           -0.64232895771990        1.67019324913774       -0.68533684341080
O           -1.81223031076512        0.75031103416282        1.06315446342204
O           -1.66835040415173       -1.73651691475859       -0.03635729428190
O            1.22181818527073       -2.00422945571025       -0.06434980904307
O            2.60231964118161        0.47938142814804        0.46594383702872
H            1.13023642680228        2.57139694501913       -0.38661655722319
H            0.44011025769056        1.82275377903809        1.07725689471542
H           -2.23811797860907       -0.07962122187403        1.31809321713827
H           -1.14804496734165       -2.53936646032717        0.10150860661552
H            1.42425587961005       -2.07645364810331       -1.00623369302738
H            2.90699714984127       -0.42696126117841        0.61104375478728
20
 energy: -36.133526855602 gnorm: 0.000472070438 xtb: 6.7.1 (41059b4)
C            0.59617745025094        1.70412704932355       -0.00100955161836
C            1.39927940142310        0.42375554761655       -0.25576510987821
H            1.60790284670658        0.33898395546031       -1.33910351647090
C            0.55177389900300       -0.78074522385395        0.17087509311881
H            0.39339865611797       -0.74378913410860        1.25502700566036
C           -0.80600936420024       -0.74232415844401       -0.53823024429901
H           -0.65543492617032       -0.86926533908539       -1.62364558188613
C           -1.47236631970079        0.63000977101488       -0.28608161778189
H           -2.37051177274008        0.71922385705144       -0.91780279125350
O           -0.64312465680731        1.67054881726978       -0.68406709762897
O           -1.80942858371926        0.74823278437092        1.06547491947207
O           -1.66705754145407       -1.73775650130321       -0.03984293791498
O            1.22097330154560       -2.00404504901859       -0.06144726277712
O            2.60394030113979        0.47804219735204        0.46212141095493
H            1.12972465807898        2.57112140954872       -0.38895917821443
H            0.44111124723080        1.82327437223809        1.07628770687768
H           -2.24258844459066       -0.07788937167746        1.31826388975098
H           -1.14499059131190       -2.53971980009333        0.09684983555748
H            1.42541509294684       -2.07607817537851       -1.00274467846023
H            2.90328192316337       -0.42860956336784        0.61342701820945
20
 energy: -36.133522990262 gnorm: 0.001631186278 xtb: 6.7.1 (41059b4)
C            0.59669376654631        1.70419131800565       -0.00173363575293
C            1.39875759943520        0.42343672006853       -0.25692924142321
H            1.60668712141958        0.33782377658667       -1.34002275027870
C            0.55117474200226       -0.77961654309922        0.17162692379958
H            0.39237105002439       -0.74197894337595        1.25553589496111
C           -0.80527229350405       -0.74161140039305       -0.53882087709661
H           -0.65357413361714       -0.86748813917524       -1.62408430711242
C           -1.47180867843965        0.62963304127182       -0.28472890760510
H           -2.37139564285177        0.71932136039224       -0.91382587815384
O           -0.64391657242532        1.67090563652871       -0.68280485924579
O           -1.80664321532107        0.74616498882407        1.06778109896228
O           -1.66576877748018       -1.73898691266048       -0.04330823565962
O            1.22012984840658       -2.00385983992894       -0.05856063753487
O            2.60555300257918        0.47670479300656        0.45832040370642
H            1.12921267537988        2.57084593946791       -0.39129294175076
H            0.44209675521576        1.82379355843613        1.07531894309487
H           -2.24703012506838       -0.07616523579448        1.31843232339147
H           -1.14195032732329       -2.54007016736786        0.09220890372790
H            1.42656507455705       -2.07569337391979       -0.99927404166789
H            2.89958470737702       -0.43025313195788        0.61578913305616
20
 energy: -36.133527418979 gnorm: 0.000152365326 xtb: 6.7.1 (41059b4)
C            0.59616231565257        1.70416469360367       -0.00074604636432
C            1.39933608901933        0.42381907063501       -0.25585529211220
H            1.60717204046743        0.33895029834035       -1.33934956394158
C            0.55163135405663       -0.78053782246243        0.17118266845999
H            0.39289949208848       -0.74292138540838        1.25526480344593
C           -0.80614136087448       -0.74217872796423       -0.53838871497218
H           -0.65492480831144       -0.86886603212740       -1.62377905729125
C           -1.47249043573241        0.63018440696424       -0.28619703228870
H           -2.37041071558101        0.71987667555372       -0.91832134060064
O           -0.64301682497074        1.67053867248887       -0.68385930538290
O           -1.80987420182355        0.74792537928766        1.06520581117579
O           -1.66680767032977       -1.73792564766143       -0.04028896726542
O            1.22039321296123       -2.00407832844393       -0.06042201870882
O            2.60415427586260        0.47808959149722        0.46155223491165
H            1.12966039655704        2.57130428606948       -0.38837006212286
H            0.44120667686548        1.82287865259785        1.07665433962150
H           -2.24195751808967       -0.07892958329923        1.31799736584003
H           -1.14398218153430       -2.53939507006839        0.09687322570753
H            1.42439534114820       -2.07724896285430       -1.00174306465396
H            2.90406109948073       -0.42855272183295        0.61221732796042
20
 energy: -36.133525208011 gnorm: 0.001205164361 xtb: 6.7.1 (41059b4)
C            0.59619841791160        1.70422448544289       -0.00098542320506
C            1.39972901824635        0.42390820107993       -0.25601808613194
H            1.60689007552015        0.33935259488312       -1.33993423117553
C            0.55224073537422       -0.78136380634778        0.17035460655353
H            0.39329902278869       -0.74341075547399        1.25452569547888
C           -0.80660099010994       -0.74284383417401       -0.53833879037642
H           -0.65569102045565       -0.86873797369675       -1.62401789417287
C           -1.47271063819492        0.63006192064173       -0.28593684453528
H           -2.37070661882817        0.71976174198223       -0.91847080605340
O           -0.64291421816215        1.66985684130184       -0.68419560968069
O           -1.80888596284860        0.74830692409528        1.06569945964621
O           -1.66739910003972       -1.73799904096145       -0.03938674023803
O            1.22144389144560       -2.00426445860302       -0.06200796164472
O            2.60368326934750        0.47889885712197        0.46240281044742
H            1.13000903900350        2.57136031632380       -0.38858286514009
H            0.44243990522204        1.82309185459100        1.07684146803966
H           -2.24379048475940       -0.07793880091520        1.31822459427737
H           -1.14522920929060       -2.53989436946644        0.09784199229774
H            1.42588786160486       -2.07739785663685       -1.00341122428204
H            2.90357358313700       -0.42787539627290        0.61502316131327
20
 energy: -36.133527614598 gnorm: 0.000129678217 xtb: 6.7.1 (41059b4)
C            0.59621643994800        1.70416639286164       -0.00065479772383
C            1.39932029953010        0.42380161102824       -0.25607618342164
H            1.60660535135125        0.33896915654197       -1.33970302630925
C            0.55155974457134       -0.78039195728040        0.17131209396312
H            0.39250289026959       -0.74219172842073        1.25533911281673
C           -0.80609582042048       -0.74210705099717       -0.53860888444009
H           -0.65454832375998       -0.86827047586744       -1.62404145856227
C           -1.47254856418987        0.63015990668171       -0.28608727799971
H           -2.37046154930242        0.71995375195682       -0.91824261464583
O           -0.64311197166329        1.67063114696300       -0.68359321634304
O           -1.80990340140780        0.74767266485095        1.06536568709531
O           -1.66667669541630       -1.73820814071412       -0.04105796559780
O            1.22019087455427       -2.00413763928549       -0.05959469305394
O            2.60439931333319        0.47801558670536        0.46085180660782
H            1.12969194722962        2.57135681693108       -0.38824283160373
H            0.44153795070645        1.82277621678423        1.07682054804914
H           -2.24198780666775       -0.07916900772365        1.31804146140163
H           -1.14343075751553       -2.53933911749009        0.09663484944815
H            1.42420575599866       -2.07793603781515       -1.00088459415602
H            2.90400089976332       -0.42865465079535        0.61204929589327
20
 energy: -36.133527712852 gnorm: 0.000077815399 xtb: 6.7.1 (41059b4)
C            0.59624296311547        1.70416716152643       -0.00054446265436
C            1.39928991035482        0.42379819382628       -0.25620670170689
H            1.60625282338872        0.33897787381020       -1.33989140696018
C            0.55148648466147       -0.78026341584197        0.17143052074389
H            0.39225074986914       -0.74170548214177        1.25541405607117
C           -0.80602879043101       -0.74200295890917       -0.53875130742888
H           -0.65427489421448       -0.86791363090718       -1.62417586695059
C           -1.47256750550201        0.63018688564310       -0.28606563481058
H           -2.37044382266584        0.72005382779264       -0.91825826571720
O           -0.64312914450000        1.67075195325184       -0.68335736325105
O           -1.81002328427276        0.74743568992122        1.06536949393216
O           -1.66655199062514       -1.73830706124289       -0.04158240555290
O            1.22001846036326       -2.00412017822017       -0.05894354015923
O            2.60457286061810        0.47792161107101        0.46032654025895
H            1.12970047209953        2.57138902064052       -0.38808279429991
H            0.44164644815686        1.82265358240692        1.07695400357442
H           -2.24191698146118       -0.07958463772236        1.31791789341177
H           -1.14306335095690       -2.53918591488617        0.09666453293902
H            1.42394708189587       -2.07839877239304       -1.00021125970554
H            2.90405808701844       -0.42875630271006        0.61162127968398
