#========================================================================================
#                     Free energy perturbation    
#----------------------------------------------------------------------------------------
#forward/backward          λ              ΔΔA                 ΔA                  δε   
#                                                 
#----------------------------------------------------------------------------------------
forward:               0.0000              0.0000              0.0000              0.0000  
forward:               0.0500              2.6782              2.6782              0.0430  
forward:               0.1000              1.4900              4.1682              0.0488  
forward:               0.1500              0.6868              4.8551              0.0508  
forward:               0.2000              0.3451              5.2001              0.0519  
forward:               0.2500              0.1647              5.3649              0.0524  
forward:               0.3000              0.0372              5.4020              0.0528  
forward:               0.3500             -0.0378              5.3642              0.0530  
forward:               0.4000             -0.0797              5.2845              0.0533  
forward:               0.4500             -0.1217              5.1628              0.0535  
forward:               0.5000             -0.1524              5.0104              0.0537  
forward:               0.5500             -0.2305              4.7799              0.0539  
forward:               0.6000             -0.3922              4.3878              0.0542  
forward:               0.6500             -0.5192              3.8686              0.0545  
forward:               0.7000             -0.6138              3.2547              0.0548  
forward:               0.7500             -0.6996              2.5551              0.0550  
forward:               0.8000             -0.7790              1.7762              0.0552  
forward:               0.8500             -0.8349              0.9413              0.0554  
forward:               0.9000             -0.8732              0.0681              0.0556  
forward:               0.9500             -0.9107             -0.8426              0.0559  
forward:               1.0000             -0.9442             -1.7869              0.0561  
backward:              1.0000              0.0000             -1.7869              0.0000  
backward:              0.9500              0.9222             -0.8646              0.0060  
backward:              0.9000              0.9118              0.0471              0.0082  
backward:              0.8500              0.8731              0.9202              0.0101  
backward:              0.8000              0.8178              1.7380              0.0119  
backward:              0.7500              0.7631              2.5011              0.0134  
backward:              0.7000              0.7007              3.2017              0.0149  
backward:              0.6500              0.6194              3.8212              0.0161  
backward:              0.6000              0.5080              4.3291              0.0173  
backward:              0.5500              0.3904              4.7195              0.0185  
backward:              0.5000              0.2305              4.9499              0.0200  
backward:              0.4500              0.1583              5.1082              0.0205  
backward:              0.4000              0.1166              5.2248              0.0215  
backward:              0.3500              0.0700              5.2948              0.0225  
backward:              0.3000              0.0316              5.3264              0.0242  
backward:              0.2500             -0.0682              5.2581              0.0303  
backward:              0.2000             -0.1338              5.1243              0.0337  
backward:              0.1500             -0.3193              4.8050              0.0357  
backward:              0.1000             -0.7035              4.1015              0.0427  
backward:              0.0500             -1.5185              2.5830              0.0716  
backward:              0.0000             -2.6672             -0.0842              0.0781  
Inaccuracy estimation
======================================================================================================
                   i        i+δi          P0_overlap_P1   δε(forward)/ε   δε(backward)/ε
======================================================================================================
inaccuracy:  0.00000        0.05000           25.36            0.13            3.53
inaccuracy:  0.05000        0.10000           33.85           -0.07            2.03
inaccuracy:  0.10000        0.15000           47.21           -0.03            0.96
inaccuracy:  0.15000        0.20000           56.81           -0.03            0.49
inaccuracy:  0.20000        0.25000           61.32           -0.03            0.30
inaccuracy:  0.25000        0.30000           66.13           -0.03            0.21
inaccuracy:  0.30000        0.35000           68.61           -0.02            0.16
inaccuracy:  0.35000        0.40000           69.96           -0.02            0.14
inaccuracy:  0.40000        0.45000           70.73           -0.03            0.12
inaccuracy:  0.45000        0.50000           70.73           -0.03            0.12
inaccuracy:  0.50000        0.55000           66.03           -0.07            0.15
inaccuracy:  0.55000        0.60000           67.00           -0.09            0.11
inaccuracy:  0.60000        0.65000           68.28           -0.06            0.09
inaccuracy:  0.65000        0.70000           67.83           -0.08            0.08
inaccuracy:  0.70000        0.75000           67.45           -0.08            0.07
inaccuracy:  0.75000        0.80000           68.57           -0.07            0.06
inaccuracy:  0.80000        0.85000           68.94           -0.08            0.06
inaccuracy:  0.85000        0.90000           67.89           -0.10            0.06
inaccuracy:  0.90000        0.95000           68.14           -0.10            0.05
inaccuracy:  0.95000        1.00000           68.69           -0.07            0.05
===================================================================================================================================
                BAR        
-----------------------------------------------------------------------------------------------------------------------------------
BAR-estimator:         λ             λ+δλ          ΔΔA             ΔA            C               Δδe            δe       
                          
-----------------------------------------------------------------------------------------------------------------------------------
BAR-estimator:      0.00000        0.05000        2.7477         2.7477         2.7477         0.0134         0.0134 
BAR-estimator:      0.05000        0.10000        1.4899         4.2376         1.4899         0.0120         0.0179 
BAR-estimator:      0.10000        0.15000        0.7067         4.9443         0.7067         0.0096         0.0203 
BAR-estimator:      0.15000        0.20000        0.3400         5.2843         0.3400         0.0078         0.0218 
BAR-estimator:      0.20000        0.25000        0.1533         5.4376         0.1533         0.0048         0.0223 
BAR-estimator:      0.25000        0.30000        0.0380         5.4756         0.0380         0.0044         0.0227 
BAR-estimator:      0.30000        0.35000       -0.0382         5.4375        -0.0382         0.0037         0.0230 
BAR-estimator:      0.35000        0.40000       -0.0768         5.3607        -0.0768         0.0036         0.0233 
BAR-estimator:      0.40000        0.45000       -0.1199         5.2409        -0.1199         0.0031         0.0235 
BAR-estimator:      0.45000        0.50000       -0.1546         5.0863        -0.1546         0.0033         0.0237 
BAR-estimator:      0.50000        0.55000       -0.2292         4.8570        -0.2292         0.0040         0.0241 
BAR-estimator:      0.55000        0.60000       -0.3963         4.4607        -0.3963         0.0035         0.0243 
BAR-estimator:      0.60000        0.65000       -0.5159         3.9449        -0.5159         0.0038         0.0246 
BAR-estimator:      0.65000        0.70000       -0.6164         3.3284        -0.6164         0.0035         0.0249 
BAR-estimator:      0.70000        0.75000       -0.7014         2.6270        -0.7014         0.0033         0.0251 
BAR-estimator:      0.75000        0.80000       -0.7720         1.8550        -0.7720         0.0037         0.0254 
BAR-estimator:      0.80000        0.85000       -0.8295         1.0255        -0.8295         0.0035         0.0256 
BAR-estimator:      0.85000        0.90000       -0.8744         0.1511        -0.8744         0.0039         0.0259 
BAR-estimator:      0.90000        0.95000       -0.9126        -0.7615        -0.9126         0.0041         0.0262 
BAR-estimator:      0.95000        1.00000       -0.9352        -1.6967        -0.9352         0.0036         0.0265 
BAR-estimator: total free energy change is -1.6966928148727867 , total error is 0.02646030439683907
