14
 energy: -20.783321014020 gnorm: 0.027781495526 xtb: 6.7.1 (41059b4)
C           -1.94517637694723        1.20531324196792       -0.23920105962129
C           -1.49397835884034       -0.18024667643105        0.21786561759401
C           -0.02522746665833       -0.50379788259031        0.05736632024642
O            0.41486910667320       -1.63152212763545        0.02114674365590
O            0.73057927581559        0.61605059990982       -0.01476177284092
C            2.15639225348622        0.44144609125641       -0.11920890901861
H           -3.03018431617798        1.29679903034634       -0.13374058702890
H           -1.47563729928471        1.99540942043588        0.35088888763365
H           -1.69094752214278        1.37637146584299       -1.28923925256203
H           -2.03439262348998       -0.97426261470713       -0.30532100567766
H           -1.71230804923865       -0.32269503366240        1.28486505877470
H            2.46806641682176        0.71836469542261       -1.13250022189856
H            2.43430646481916       -0.59555996919863        0.08770585646889
H            2.61453521911446        1.12024365758454        0.60661226878443
14
 energy: -20.784253150587 gnorm: 0.009353001235 xtb: 6.7.1 (41059b4)
C           -1.92849800679264        1.19654810420721       -0.23948407784999
C           -1.49602455712781       -0.18714825672267        0.21946679844424
C           -0.02496222406288       -0.49339800762463        0.05397190392281
O            0.42268528075540       -1.60970320192535        0.02121633919367
O            0.72548659817604        0.61851241136766       -0.01207183451159
C            2.14087236177753        0.44864502604781       -0.11994583051740
H           -3.00766201234581        1.29499009342169       -0.13007935737995
H           -1.44741810597638        1.97250863358208        0.35179418938950
H           -1.67257967503371        1.35580765566812       -1.28557754027754
H           -2.04584936805989       -0.96807297324316       -0.31209461622597
H           -1.71686568116711       -0.31522466706532        1.28525039462946
H            2.45144991934390        0.72090572585791       -1.13038159509939
H            2.40580400521956       -0.58941230358037        0.08459667028713
H            2.60445818924419        1.11695565855055        0.60581650050504
14
 energy: -20.784374817698 gnorm: 0.003545932178 xtb: 6.7.1 (41059b4)
C           -1.91853087458911        1.19456435286923       -0.23995737071049
C           -1.49794901372635       -0.19276180691293        0.22134604221866
C           -0.02517542268616       -0.49462943779434        0.06198238493270
O            0.42735122167635       -1.60828933662430        0.02112148297899
O            0.71914068173168        0.61501127393596       -0.00462649012125
C            2.12872705703418        0.45408123449205       -0.12107367735772
H           -2.99471802174294        1.30657699861944       -0.13048886205545
H           -1.42668947295498        1.96294349689208        0.34944361131300
H           -1.66005598373503        1.34675077118458       -1.28435720508899
H           -2.04727047896804       -0.96795537827179       -0.31711487048202
H           -1.72359370132666       -0.31777871999826        1.28470755709898
H            2.43484822700967        0.72654825625940       -1.13135847334669
H            2.39861264197182       -0.58322823851500        0.08083045365767
H            2.59619986425595        1.12008043240540        0.60202336147265
14
 energy: -20.784399529328 gnorm: 0.001225604027 xtb: 6.7.1 (41059b4)
C           -1.91266244625740        1.19427326647779       -0.24053927501869
C           -1.49987734577465       -0.19604880420569        0.22260780829275
C           -0.02705800164718       -0.49823413982830        0.06089335274325
O            0.42744245086991       -1.61208189549298        0.02188590646163
O            0.71489080063220        0.61133043693713       -0.00069050729009
C            2.12268310271110        0.45760199680752       -0.12027741162991
H           -2.98729429452701        1.31570453708921       -0.12788300996178
H           -1.41175547341316        1.95923790725171        0.34560478033059
H           -1.65556441463317        1.34098886799996       -1.28595784779818
H           -2.04950332000665       -0.96898101408565       -0.31765523183104
H           -1.72769227936930       -0.31984675249687        1.28508960186648
H            2.42575806441968        0.73290706710311       -1.13092109067317
H            2.40056922088936       -0.57900164226533        0.07832109447177
H            2.59096066005667        1.12406406724990        0.60199977454641
14
 energy: -20.784405907152 gnorm: 0.001524454706 xtb: 6.7.1 (41059b4)
C           -1.90899473548016        1.19443991014397       -0.24127694700425
C           -1.50146471945446       -0.19795359069389        0.22262055778305
C           -0.02796857791390       -0.50211003333441        0.06634373069147
O            0.42585435041450       -1.61669946207957        0.02243661468207
O            0.71296956001115        0.60822412174936        0.00621334563928
C            2.12009491093822        0.45981746790685       -0.12019687526613
H           -2.98254075347097        1.32276239860819       -0.12472757705578
H           -1.40088016736623        1.95730654961872        0.34181535163011
H           -1.65483185851728        1.33754283988670       -1.28839225465445
H           -2.05059666751812       -0.96918508890214       -0.32040116439522
H           -1.73404778159586       -0.32266136697086        1.28385349408910
H            2.41808681349775        0.73819912047156       -1.13240800777052
H            2.40585512312943       -0.57583292161408        0.07586325674913
H            2.58936122727632        1.12806395375111        0.60073441939219
14
 energy: -20.784408524958 gnorm: 0.000411097577 xtb: 6.7.1 (41059b4)
C           -1.90949623534337        1.19428485784603       -0.24141935606035
C           -1.50120688501923       -0.19756536142801        0.22207046427908
C           -0.02786974661426       -0.50212432545916        0.06459682512748
O            0.42573862197301       -1.61645206551632        0.02235317198661
O            0.71357581791400        0.60861814504413        0.00684303828291
C            2.12096991019658        0.45947992054178       -0.11939307068993
H           -2.98264818114880        1.32282120421822       -0.12183488982417
H           -1.39975938163342        1.95759234562737        0.33954322303500
H           -1.65866082016266        1.33700677175540       -1.28942910209642
H           -2.05043027413938       -0.96914878363971       -0.32060946223497
H           -1.73371780494627       -0.32245534743691        1.28349964775906
H            2.41839283200037        0.73817869115012       -1.13167613446382
H            2.40590813296695       -0.57613939318043        0.07631317404888
H            2.59010073790685        1.12781723901901        0.60162041536068
14
 energy: -20.784409728348 gnorm: 0.000388243601 xtb: 6.7.1 (41059b4)
C           -1.90986791059606        1.19408215884538       -0.24164727176078
C           -1.50109584017959       -0.19744027386173        0.22144133473525
C           -0.02764783239008       -0.50163425975392        0.06434628799458
O            0.42617350820793       -1.61556205630408        0.02112007629165
O            0.71393050032233        0.60932538581100        0.00805192857614
C            2.12136802494988        0.45934877841627       -0.11859325039235
H           -2.98245909512365        1.32337190788139       -0.11814884802522
H           -1.39748724114560        1.95750131969892        0.33670221719284
H           -1.66302066059549        1.33590120842152       -1.29066715106587
H           -2.05003884571602       -0.96916610640131       -0.32149978464582
H           -1.73354292220276       -0.32264009143861        1.28289087747611
H            2.41846128226104        0.73749765792505       -1.13093160812117
H            2.40515923142228       -0.57624085186921        0.07742657574340
H            2.59096452473618        1.12756912117084        0.60198656051128
14
 energy: -20.784410577917 gnorm: 0.000369159653 xtb: 6.7.1 (41059b4)
C           -1.91015398832788        1.19394502242604       -0.24199354830655
C           -1.50111976619596       -0.19756043560006        0.22087654319306
C           -0.02762008508877       -0.50141185952704        0.06369218083472
O            0.42644043813141       -1.61519560648711        0.01876743957684
O            0.71410079648024        0.60963999614552        0.00966297762224
C            2.12154349638233        0.45949316858771       -0.11739626520093
H           -2.98191788568259        1.32514569894612       -0.11326840583942
H           -1.39358492760799        1.95723214742908        0.33277307277958
H           -1.66838771184226        1.33392606044402       -1.29245350044764
H           -2.04986028302790       -0.96930180783481       -0.32221214429381
H           -1.73345567263127       -0.32294256462280        1.28230934666586
H            2.41827003447214        0.73700236209025       -1.12997687581981
H            2.40521554883553       -0.57605835344201        0.07906908998247
H            2.59142673005337        1.12800006998662        0.60262803376340
14
 energy: -20.784411069938 gnorm: 0.000165069351 xtb: 6.7.1 (41059b4)
C           -1.91056261339711        1.19391337463897       -0.24223637583087
C           -1.50104380383089       -0.19757968162614        0.22059065085528
C           -0.02761656742392       -0.50116008054956        0.06283248841924
O            0.42629491527519       -1.61500127137831        0.01581044033018
O            0.71435381668521        0.60974880790382        0.01043592622604
C            2.12182258198064        0.45949786588676       -0.11642306167386
H           -2.98172640215995        1.32605275455558       -0.10993607591694
H           -1.39142958055549        1.95727421084617        0.33003553614768
H           -1.67236701474228        1.33266591483291       -1.29365723666825
H           -2.04995974522893       -0.96944491356086       -0.32209465082967
H           -1.73272450133392       -0.32279865230834        1.28217328315908
H            2.41884212889600        0.73610510772566       -1.12919153010406
H            2.40554008339961       -0.57594757558665        0.08093635212013
H            2.59147342638623        1.12858803716151        0.60320219827605
14
 energy: -20.784411439614 gnorm: 0.000126841718 xtb: 6.7.1 (41059b4)
C           -1.91098805664360        1.19387340329961       -0.24242910435248
C           -1.50090199525966       -0.19751530016151        0.22052401984451
C           -0.02760048701537       -0.50102577850773        0.06164627653222
O            0.42607287179290       -1.61495589596491        0.01251448589084
O            0.71454348460675        0.60973159076259        0.01098514319727
C            2.12198508433720        0.45945732214796       -0.11555232352166
H           -2.98180887597000        1.32655068665431       -0.10792001424691
H           -1.39023326726358        1.95734031966519        0.32822083749502
H           -1.67492907182292        1.33168060292475       -1.29444927629639
H           -2.05030453177919       -0.96956415907252       -0.32134176647409
H           -1.73156884615479       -0.32220887914555        1.28238093456088
H            2.41941891343876        0.73515397185730       -1.12848310430217
H            2.40586713797616       -0.57582997103861        0.08272514568149
H            2.59134436370772        1.12922598512063        0.60365669050151
14
 energy: -20.784411984467 gnorm: 0.000302449541 xtb: 6.7.1 (41059b4)
C           -1.91152452260460        1.19377283410773       -0.24278094071508
C           -1.50070376401347       -0.19737451854321        0.22064034053487
C           -0.02763049424080       -0.50085540479849        0.05961286830529
O            0.42555152596810       -1.61487337016431        0.00657388695396
O            0.71485836374087        0.60972047350420        0.01221733212366
C            2.12226402652222        0.45934701722395       -0.11416767285054
H           -2.98194808372795        1.32681430539998       -0.10573362600260
H           -1.38919653968011        1.95767337529185        0.32581632920636
H           -1.67810231254672        1.33042906440768       -1.29554222465610
H           -2.05107499557501       -0.96986744884091       -0.31955183896407
H           -1.72940037021050       -0.32099992996521        1.28305862183995
H            2.42009547829697        0.73353675156953       -1.12745182399681
H            2.40637523257953       -0.57565474030348        0.08557021169976
H            2.59133317944187        1.13024548965220        0.60421648103138
14
 energy: -20.784413090808 gnorm: 0.000660170261 xtb: 6.7.1 (41059b4)
C           -1.91336003691640        1.19330294661398       -0.24388521096229
C           -1.50001017993895       -0.19674721297673        0.22102117377939
C           -0.02761835203921       -0.50032478696180        0.05354595215235
O            0.42424133560161       -1.61437243052292       -0.01182573346611
O            0.71598467425535        0.60984671021524        0.01708912570620
C            2.12319505527394        0.45892310367015       -0.10989433793085
H           -2.98275312094828        1.32752153774837       -0.09975328543788
H           -1.38639370151716        1.95848474295462        0.31874639797716
H           -1.68719892649120        1.32632508423844       -1.29874956966609
H           -2.05329052700460       -0.97062921753760       -0.31406840842990
H           -1.72290471707328       -0.31688362318645        1.28511509331247
H            2.42127535587419        0.72865190691938       -1.12441938172492
H            2.40774581222281       -0.57524508294934        0.09390283938280
H            2.59198405265158        1.13306022031619        0.60565328981771
14
 energy: -20.784414015827 gnorm: 0.000709878857 xtb: 6.7.1 (41059b4)
C           -1.91444825837590        1.19284238345522       -0.24490817328681
C           -1.49957983368689       -0.19632938085397        0.22162367705493
C           -0.02775272010777       -0.49985262494910        0.04896925040199
O            0.42315364594012       -1.61360163803578       -0.02709438221921
O            0.71682168322473        0.61000236795002        0.02233053445488
C            2.12378029476257        0.45858539413628       -0.10646466194530
H           -2.98306793818801        1.32776126025590       -0.09606873385368
H           -1.38466040873302        1.95926004572633        0.31332150944486
H           -1.69339765679448        1.32317600894534       -1.30119473767321
H           -2.05499575925851       -0.97145213238584       -0.30937087364622
H           -1.71791491886315       -0.31356023714543        1.28700741032907
H            2.42104821174496        0.72484734744917       -1.12219972269843
H            2.40879269394181       -0.57491234555415        0.10014739628978
H            2.59311768834393        1.13514744954756        0.60637945185739
14
 energy: -20.784416111706 gnorm: 0.000930403797 xtb: 6.7.1 (41059b4)
C           -1.91678692431951        1.19163937718398       -0.24723227554283
C           -1.49860670379339       -0.19526461489838        0.22332289564037
C           -0.02803077444932       -0.49875677737471        0.03970371578679
O            0.42087056409023       -1.61142260530847       -0.06112399207301
O            0.71882713673604        0.61032603433482        0.03606193775802
C            2.12502940233529        0.45775391167655       -0.09908533246968
H           -2.98405420004345        1.32786465895098       -0.09032493166208
H           -1.38205923176356        1.96069908456820        0.30254723686910
H           -1.70460057058581        1.31611626828585       -1.30604804264528
H           -2.05847404605955       -0.97312545258800       -0.29884145995915
H           -1.70762937621689       -0.30571340678235        1.29135161170942
H            2.41852284350188        0.71669748158133       -1.11792903832891
H            2.41116473387807       -0.57429910075329        0.11289999015360
H            2.59672387064038        1.13939903966505        0.60717562927367
14
 energy: -20.784418699068 gnorm: 0.000918356889 xtb: 6.7.1 (41059b4)
C           -1.91854631593317        1.19026939928409       -0.24970793953604
C           -1.49779673429529       -0.19431215861801        0.22571519938308
C           -0.02853215257371       -0.49747952674017        0.03144264214699
O            0.41850395037906       -1.60807449078434       -0.09561664370371
O            0.72074038272850        0.61032317832686        0.05250021527010
C            2.12590148503171        0.45678661179135       -0.09199915765325
H           -2.98492008697377        1.32723282626575       -0.08807119185924
H           -1.38118461310436        1.96205916478489        0.29350184107805
H           -1.71203536643625        1.30944604332323       -1.31018303549313
H           -2.06156384402351       -0.97503133418045       -0.28780746751919
H           -1.69816867922639       -0.29760407761318        1.29609110984163
H            2.41319538918694        0.70877554170384       -1.11443554349398
H            2.41386530973430       -0.57375756809170        0.12435263163641
H            2.60143799945633        1.14328028908940        0.60669528441233
14
 energy: -20.784420257167 gnorm: 0.000970920140 xtb: 6.7.1 (41059b4)
C           -1.91859983759983        1.18955256564181       -0.25066901602438
C           -1.49761629104930       -0.19399169375985        0.22742075597888
C           -0.02883993840557       -0.49677208291030        0.03008721114489
O            0.41761786664297       -1.60533150094550       -0.10824803007235
O            0.72147352775434        0.60972400534011        0.06167302419634
C            2.12587867948101        0.45623765849062       -0.08993742716077
H           -2.98537928759132        1.32607577139026       -0.09159918997260
H           -1.38293784227992        1.96228851905461        0.29272786291789
H           -1.70983825625534        1.30737965081748       -1.31074854816622
H           -2.06202533532634       -0.97566197930923       -0.28365976474090
H           -1.69627372731825       -0.29436280320769        1.29814938711861
H            2.40767526640867        0.70612502838149       -1.11432920949054
H            2.41534803888744       -0.57365825668541        0.12679199485161
H            2.60441386060185        1.14430901624315        0.60481889392959
14
 energy: -20.784421257441 gnorm: 0.000603023546 xtb: 6.7.1 (41059b4)
C           -1.91937143153785        1.18870316360250       -0.25212268933562
C           -1.49717735252728       -0.19345384537874        0.22926272656330
C           -0.02905214718717       -0.49605200743177        0.02620225683377
O            0.41607719218362       -1.60351056490134       -0.12949032075633
O            0.72265607722763        0.60939562918336        0.07282312867508
C            2.12630872038599        0.45582650830157       -0.08574661264996
H           -2.98587204564539        1.32601741900769       -0.09047765014638
H           -1.38146566982972        1.96298044477003        0.28733102966156
H           -1.71346629474977        1.30265328229774       -1.31351670594479
H           -2.06357865885217       -0.97647010737881       -0.27767268981595
H           -1.69202039871787       -0.28974520133800        1.30117228036798
H            2.40313985451102        0.70159971544038       -1.11262345878553
H            2.41739714625057       -0.57311464831510        0.13327424854988
H            2.60732173243880        1.14708411068205        0.60406240129302
14
 energy: -20.784421517381 gnorm: 0.000274901935 xtb: 6.7.1 (41059b4)
C           -1.91957646858526        1.18873438994302       -0.25211952336336
C           -1.49715905140833       -0.19349327822994        0.22921309572680
C           -0.02904565889966       -0.49594998096465        0.02582088987096
O            0.41592745575398       -1.60327945206332       -0.13034160679130
O            0.72276737582752        0.60917395740604        0.07295393079446
C            2.12641734012905        0.45572763643695       -0.08557045598732
H           -2.98602563683776        1.32612247298818       -0.09029440709181
H           -1.38166338550962        1.96306788789704        0.28716957473087
H           -1.71392172874402        1.30277380666811       -1.31350777928976
H           -2.06366307739641       -0.97665584466934       -0.27741814040699
H           -1.69162265220802       -0.28962530917439        1.30121237370660
H            2.40337956773160        0.70102546605976       -1.11249586637769
H            2.41783913940906       -0.57310180570511        0.13395677492104
H            2.60724350468827        1.14739395194922        0.60389908406753
14
 energy: -20.784421833213 gnorm: 0.000176378944 xtb: 6.7.1 (41059b4)
C           -1.92016329246107        1.18848629691379       -0.25263061965677
C           -1.49692742717980       -0.19329211728954        0.22970925040254
C           -0.02911659027252       -0.49540660272451        0.02366120673970
O            0.41513992908208       -1.60199287829011       -0.13931657817406
O            0.72333931278804        0.60878143370056        0.07710547304071
C            2.12669663162084        0.45536929572462       -0.08372449873432
H           -2.98632775915656        1.32606137868406       -0.08938435263911
H           -1.38148993054853        1.96339116568858        0.28499847029997
H           -1.71616063960128        1.30131317713837       -1.31444895974978
H           -2.06420739246785       -0.97710825602973       -0.27494829452067
H           -1.68931367987740       -0.28786303409158        1.30218538163731
H            2.40210945382610        0.69809718918442       -1.11172445998070
H            2.41910886269428       -0.57285791462700        0.13769403424922
H            2.60820924550407        1.14893476455963        0.60330189159601
14
 energy: -20.784422088260 gnorm: 0.000149597560 xtb: 6.7.1 (41059b4)
C           -1.92070755729444        1.18829032849399       -0.25295718899337
C           -1.49669589638608       -0.19309924773082        0.22989539499753
C           -0.02911767132276       -0.49492975534147        0.02179509623566
O            0.41466449797385       -1.60088440176933       -0.14622973780076
O            0.72379567261062        0.60862652996048        0.07993786757544
C            2.12696311822975        0.45505568244063       -0.08217765004473
H           -2.98654667455557        1.32611202199897       -0.08775669988880
H           -1.38083865987956        1.96359599074407        0.28293427559580
H           -1.71875260832862        1.29999021558425       -1.31530640975977
H           -2.06456951493751       -0.97730892205507       -0.27338373227703
H           -1.68744714199425       -0.28665825939033        1.30271933018166
H            2.40144186440988        0.69547299834897       -1.11099162111072
H            2.41985516141901       -0.57261210211792        0.14111342832032
H            2.60885213400608        1.15026281937515        0.60288559147883
14
 energy: -20.784422372305 gnorm: 0.000105900386 xtb: 6.7.1 (41059b4)
C           -1.92129774515429        1.18800523196483       -0.25334901134507
C           -1.49643296598373       -0.19288134504843        0.23021485290323
C           -0.02913382330769       -0.49439913838145        0.01963814525140
O            0.41418879646484       -1.59953302345483       -0.15480759945524
O            0.72432548095920        0.60852903138901        0.08363521672567
C            2.12726397564070        0.45468414031756       -0.08031935868211
H           -2.98674814492494        1.32618182252055       -0.08607429013073
H           -1.38018161934876        1.96383623357551        0.28048178151041
H           -1.72161320071870        1.29839690536124       -1.31624416470459
H           -2.06502818502401       -0.97756064075518       -0.27146622635977
H           -1.68529903860645       -0.28520388051636        1.30346479234622
H            2.40041129405901        0.69226555068762       -1.11016417647118
H            2.42066917382592       -0.57228651574871        0.14524105546957
H            2.60977272606929        1.15187952663022        0.60222692745222
14
 energy: -20.784422405888 gnorm: 0.000045497261 xtb: 6.7.1 (41059b4)
C           -1.92139226362021        1.18801268410821       -0.25330907498508
C           -1.49640609234878       -0.19285569829760        0.23013895198148
C           -0.02913309594591       -0.49437342792692        0.01935426082086
O            0.41424868910618       -1.59945692894685       -0.15510345573555
O            0.72435426247100        0.60859789358531        0.08334683437880
C            2.12733217841255        0.45465081087963       -0.08022466242821
H           -2.98679116115858        1.32618034220054       -0.08569041064056
H           -1.38011798473134        1.96384980009904        0.28034807667712
H           -1.72206376254562        1.29838792506891       -1.31627597486863
H           -2.06510764997902       -0.97754201114407       -0.27145586359428
H           -1.68507832594617       -0.28520351136826        1.30343354157522
H            2.40074169148787        0.69188971508169       -1.11005231018224
H            2.42062382608002       -0.57224674994818        0.14575079035741
H            2.60968641266841        1.15202305515012        0.60221724115370
