#========================================================================================
#                     Free energy perturbation    
#----------------------------------------------------------------------------------------
#forward/backward          λ              ΔΔA                 ΔA                  δε   
#                                                 
#----------------------------------------------------------------------------------------
forward:               0.0000              0.0000              0.0000              0.0000  
forward:               0.0500              3.3135              3.3135              0.0526  
forward:               0.1000              1.7657              5.0792              0.0652  
forward:               0.1500              0.7122              5.7914              0.0684  
forward:               0.2000              0.2325              6.0239              0.0693  
forward:               0.2500              0.0064              6.0303              0.0698  
forward:               0.3000             -0.1351              5.8952              0.0701  
forward:               0.3500             -0.2207              5.6745              0.0703  
forward:               0.4000             -0.2725              5.4020              0.0705  
forward:               0.4500             -0.3169              5.0851              0.0707  
forward:               0.5000             -0.3559              4.7292              0.0708  
forward:               0.5500             -0.6883              4.0410              0.0713  
forward:               0.6000             -1.1679              2.8730              0.0717  
forward:               0.6500             -1.6120              1.2610              0.0722  
forward:               0.7000             -1.9494             -0.6884              0.0727  
forward:               0.7500             -2.1507             -2.8391              0.0732  
forward:               0.8000             -2.2357             -5.0748              0.0735  
forward:               0.8500             -2.2599             -7.3347              0.0738  
forward:               0.9000             -2.2503             -9.5850              0.0743  
forward:               0.9500             -2.1997            -11.7847              0.0746  
forward:               1.0000             -2.1709            -13.9557              0.0748  
backward:              1.0000              0.0000            -13.9557              0.0000  
backward:              0.9500              2.1712            -11.7844              0.0086  
backward:              0.9000              2.1594             -9.6250              0.0197  
backward:              0.8500              2.2451             -7.3800              0.0219  
backward:              0.8000              2.2282             -5.1518              0.0292  
backward:              0.7500              2.2221             -2.9297              0.0336  
backward:              0.7000              2.1214             -0.8083              0.0350  
backward:              0.6500              1.9106              1.1022              0.0365  
backward:              0.6000              1.5843              2.6865              0.0376  
backward:              0.5500              1.1842              3.8707              0.0386  
backward:              0.5000              0.6673              4.5380              0.0397  
backward:              0.4500              0.3459              4.8839              0.0404  
backward:              0.4000              0.3181              5.2020              0.0409  
backward:              0.3500              0.2682              5.4702              0.0416  
backward:              0.3000              0.2101              5.6803              0.0423  
backward:              0.2500              0.1242              5.8045              0.0433  
backward:              0.2000             -0.0438              5.7607              0.0529  
backward:              0.1500             -0.2736              5.4872              0.0661  
backward:              0.1000             -0.8237              4.6635              0.0813  
backward:              0.0500             -1.7305              2.9330              0.0925  
backward:              0.0000             -3.2721             -0.3391              0.1119  
Inaccuracy estimation
======================================================================================================
                   i        i+δi          P0_overlap_P1   δε(forward)/ε   δε(backward)/ε
======================================================================================================
inaccuracy:  0.00000        0.05000           20.11            0.34            4.47
inaccuracy:  0.05000        0.10000           28.71           -0.09            2.74
inaccuracy:  0.10000        0.15000           43.23           -0.06            1.13
inaccuracy:  0.15000        0.20000           54.80           -0.05            0.53
inaccuracy:  0.20000        0.25000           61.60           -0.04            0.30
inaccuracy:  0.25000        0.30000           65.17           -0.02            0.20
inaccuracy:  0.30000        0.35000           67.72           -0.02            0.16
inaccuracy:  0.35000        0.40000           68.05           -0.03            0.14
inaccuracy:  0.40000        0.45000           69.35           -0.04            0.12
inaccuracy:  0.45000        0.50000           69.67           -0.03            0.11
inaccuracy:  0.50000        0.55000           55.29           -0.23            0.20
inaccuracy:  0.55000        0.60000           55.64           -0.32            0.08
inaccuracy:  0.60000        0.65000           56.56           -0.34            0.01
inaccuracy:  0.65000        0.70000           57.68           -0.38           -0.03
inaccuracy:  0.70000        0.75000           57.77           -0.34           -0.06
inaccuracy:  0.75000        0.80000           56.21           -0.40           -0.08
inaccuracy:  0.80000        0.85000           56.12           -0.36           -0.06
inaccuracy:  0.85000        0.90000           54.78           -0.36           -0.06
inaccuracy:  0.90000        0.95000           53.82           -0.40           -0.05
inaccuracy:  0.95000        1.00000           53.11           -0.36           -0.04
===================================================================================================================================
                BAR        
-----------------------------------------------------------------------------------------------------------------------------------
BAR-estimator:         λ             λ+δλ          ΔΔA             ΔA            C               Δδe            δe       
                          
-----------------------------------------------------------------------------------------------------------------------------------
BAR-estimator:      0.00000        0.05000        3.3485         3.3485         3.3485         0.0083         0.0083 
BAR-estimator:      0.05000        0.10000        1.7832         5.1317         1.7832         0.0151         0.0172 
BAR-estimator:      0.10000        0.15000        0.7302         5.8618         0.7302         0.0125         0.0213 
BAR-estimator:      0.15000        0.20000        0.2324         6.0943         0.2324         0.0073         0.0225 
BAR-estimator:      0.20000        0.25000        0.0102         6.1045         0.0102         0.0055         0.0231 
BAR-estimator:      0.25000        0.30000       -0.1312         5.9733        -0.1312         0.0043         0.0235 
BAR-estimator:      0.30000        0.35000       -0.2155         5.7578        -0.2155         0.0042         0.0239 
BAR-estimator:      0.35000        0.40000       -0.2717         5.4861        -0.2717         0.0036         0.0242 
BAR-estimator:      0.40000        0.45000       -0.3183         5.1678        -0.3183         0.0032         0.0244 
BAR-estimator:      0.45000        0.50000       -0.3521         4.8157        -0.3521         0.0032         0.0246 
BAR-estimator:      0.50000        0.55000       -0.6688         4.1470        -0.6688         0.0046         0.0250 
BAR-estimator:      0.55000        0.60000       -1.1740         2.9730        -1.1740         0.0046         0.0255 
BAR-estimator:      0.60000        0.65000       -1.5894         1.3836        -1.5894         0.0048         0.0259 
BAR-estimator:      0.65000        0.70000       -1.9351        -0.5515        -1.9351         0.0047         0.0263 
BAR-estimator:      0.70000        0.75000       -2.1344        -2.6860        -2.1344         0.0047         0.0267 
BAR-estimator:      0.75000        0.80000       -2.2372        -4.9232        -2.2372         0.0043         0.0271 
BAR-estimator:      0.80000        0.85000       -2.2584        -7.1816        -2.2584         0.0046         0.0275 
BAR-estimator:      0.85000        0.90000       -2.2382        -9.4198        -2.2382         0.0046         0.0279 
BAR-estimator:      0.90000        0.95000       -2.1943       -11.6140        -2.1943         0.0055         0.0284 
BAR-estimator:      0.95000        1.00000       -2.1594       -13.7734        -2.1594         0.0048         0.0288 
BAR-estimator: total free energy change is -13.773438340574174 , total error is 0.0288136867746421
