2025-04-08 23:45:12,559 -   censo.qm_processor   -   INFO   - worker129486:Running sp calculation in /home/michael/Documents/CHEM4561/automated/1771/0_PRESCREENING/CONF1/sp.
2025-04-08 23:45:19,180 -     censo.parallel     -   INFO   - All jobs executed successfully.
2025-04-08 23:45:19,200 -   censo.qm_processor   -   INFO   - worker129594:Running sp calculation in /home/michael/Documents/CHEM4561/automated/1771/1_SCREENING/CONF1/sp.
2025-04-08 23:45:43,087 -     censo.parallel     -   INFO   - All jobs executed successfully.
2025-04-08 23:45:43,107 -   censo.qm_processor   -   INFO   - worker129756:Running xtb_opt calculation in /home/michael/Documents/CHEM4561/automated/1771/2_OPTIMIZATION/CONF1/xtb_opt.
2025-04-08 23:47:31,570 -     censo.parallel     -   INFO   - All jobs executed successfully.
2025-04-08 23:47:31,589 -   censo.qm_processor   -   INFO   - worker130167:Running xtb_rrho calculation in /home/michael/Documents/CHEM4561/automated/1771/2_OPTIMIZATION/CONF1/xtb_rrho.
2025-04-08 23:47:33,121 -     censo.parallel     -   INFO   - All jobs executed successfully.
2025-04-08 23:47:33,142 -   censo.qm_processor   -   INFO   - worker130264:Running sp calculation in /home/michael/Documents/CHEM4561/automated/1771/3_REFINEMENT/CONF1/sp.
2025-04-08 23:52:08,195 -     censo.parallel     -   INFO   - All jobs executed successfully.
2025-04-08 23:52:08,280 -   censo.qm_processor   -   INFO   - worker131068:Running sp calculation in /home/michael/Documents/CHEM4561/automated/1771/0_PRESCREENING/CONF1/sp.
2025-04-08 23:52:10,159 -     censo.parallel     -   INFO   - All jobs executed successfully.
2025-04-08 23:52:10,177 -   censo.qm_processor   -   INFO   - worker131169:Running sp calculation in /home/michael/Documents/CHEM4561/automated/1771/1_SCREENING/CONF1/sp.
2025-04-08 23:52:33,417 -     censo.parallel     -   INFO   - All jobs executed successfully.
2025-04-08 23:52:33,434 -   censo.qm_processor   -   INFO   - worker131324:Running xtb_opt calculation in /home/michael/Documents/CHEM4561/automated/1771/2_OPTIMIZATION/CONF1/xtb_opt.
2025-04-08 23:54:18,586 -     censo.parallel     -   INFO   - All jobs executed successfully.
2025-04-08 23:54:18,603 -   censo.qm_processor   -   INFO   - worker131710:Running xtb_rrho calculation in /home/michael/Documents/CHEM4561/automated/1771/2_OPTIMIZATION/CONF1/xtb_rrho.
2025-04-08 23:54:20,068 -     censo.parallel     -   INFO   - All jobs executed successfully.
2025-04-08 23:54:20,086 -   censo.qm_processor   -   INFO   - worker131806:Running sp calculation in /home/michael/Documents/CHEM4561/automated/1771/3_REFINEMENT/CONF1/sp.
2025-04-08 23:58:51,468 -     censo.parallel     -   INFO   - All jobs executed successfully.
