#========================================================================================
#                     Free energy perturbation    
#----------------------------------------------------------------------------------------
#forward/backward          λ              ΔΔA                 ΔA                  δε   
#                                                 
#----------------------------------------------------------------------------------------
forward:               0.0000              0.0000              0.0000              0.0000  
forward:               0.0500              0.7574              0.7574              0.0129  
forward:               0.1000              0.4834              1.2408              0.0162  
forward:               0.1500              0.3115              1.5523              0.0184  
forward:               0.2000              0.2089              1.7612              0.0196  
forward:               0.2500              0.1479              1.9091              0.0203  
forward:               0.3000              0.1076              2.0167              0.0210  
forward:               0.3500              0.0901              2.1069              0.0216  
forward:               0.4000              0.0596              2.1665              0.0221  
forward:               0.4500              0.0516              2.2182              0.0225  
forward:               0.5000              0.0306              2.2487              0.0228  
forward:               0.5500             -0.0706              2.1781              0.0234  
forward:               0.6000             -0.2599              1.9182              0.0239  
forward:               0.6500             -0.3924              1.5258              0.0244  
forward:               0.7000             -0.5319              0.9939              0.0249  
forward:               0.7500             -0.6430              0.3509              0.0254  
forward:               0.8000             -0.7091             -0.3582              0.0258  
forward:               0.8500             -0.7513             -1.1095              0.0263  
forward:               0.9000             -0.7737             -1.8833              0.0267  
forward:               0.9500             -0.7885             -2.6718              0.0270  
forward:               1.0000             -0.8087             -3.4804              0.0273  
backward:              1.0000              0.0000             -3.4804              0.0000  
backward:              0.9500              0.8013             -2.6791              0.0057  
backward:              0.9000              0.7931             -1.8860              0.0074  
backward:              0.8500              0.7728             -1.1131              0.0090  
backward:              0.8000              0.7403             -0.3728              0.0109  
backward:              0.7500              0.7019              0.3290              0.0119  
backward:              0.7000              0.6364              0.9655              0.0131  
backward:              0.6500              0.5236              1.4891              0.0143  
backward:              0.6000              0.4004              1.8895              0.0154  
backward:              0.5500              0.2365              2.1260              0.0162  
backward:              0.5000              0.0684              2.1944              0.0170  
backward:              0.4500             -0.0284              2.1660              0.0177  
backward:              0.4000             -0.0689              2.0971              0.0299  
backward:              0.3500             -0.0649              2.0322              0.0304  
backward:              0.3000             -0.0903              1.9419              0.0316  
backward:              0.2500             -0.1151              1.8268              0.0323  
backward:              0.2000             -0.1615              1.6652              0.0332  
backward:              0.1500             -0.2163              1.4489              0.0341  
backward:              0.1000             -0.3264              1.1225              0.0358  
backward:              0.0500             -0.5240              0.5985              0.0507  
backward:              0.0000             -0.7538             -0.1553              0.0540  
Inaccuracy estimation
======================================================================================================
                   i        i+δi          P0_overlap_P1   δε(forward)/ε   δε(backward)/ε
======================================================================================================
inaccuracy:  0.00000        0.05000           55.00           -0.02            0.65
inaccuracy:  0.05000        0.10000           61.13           -0.01            0.41
inaccuracy:  0.10000        0.15000           68.35           -0.00            0.26
inaccuracy:  0.15000        0.20000           72.19           -0.00            0.18
inaccuracy:  0.20000        0.25000           75.09           -0.00            0.13
inaccuracy:  0.25000        0.30000           75.57           -0.00            0.11
inaccuracy:  0.30000        0.35000           76.93           -0.01            0.10
inaccuracy:  0.35000        0.40000           78.02           -0.01            0.09
inaccuracy:  0.40000        0.45000           76.43           -0.00            0.09
inaccuracy:  0.45000        0.50000           77.22           -0.01            0.08
inaccuracy:  0.50000        0.55000           70.96           -0.05            0.11
inaccuracy:  0.55000        0.60000           72.44           -0.05            0.08
inaccuracy:  0.60000        0.65000           70.29           -0.07            0.07
inaccuracy:  0.65000        0.70000           71.70           -0.07            0.06
inaccuracy:  0.70000        0.75000           71.26           -0.06            0.05
inaccuracy:  0.75000        0.80000           72.34           -0.06            0.05
inaccuracy:  0.80000        0.85000           72.68           -0.07            0.05
inaccuracy:  0.85000        0.90000           71.18           -0.07            0.05
inaccuracy:  0.90000        0.95000           70.39           -0.07            0.05
inaccuracy:  0.95000        1.00000           70.55           -0.06            0.05
===================================================================================================================================
                BAR        
-----------------------------------------------------------------------------------------------------------------------------------
BAR-estimator:         λ             λ+δλ          ΔΔA             ΔA            C               Δδe            δe       
                          
-----------------------------------------------------------------------------------------------------------------------------------
BAR-estimator:      0.00000        0.05000        0.7615         0.7615         0.7615         0.0082         0.0082 
BAR-estimator:      0.05000        0.10000        0.4764         1.2378         0.4764         0.0065         0.0105 
BAR-estimator:      0.10000        0.15000        0.3156         1.5535         0.3156         0.0056         0.0119 
BAR-estimator:      0.15000        0.20000        0.2137         1.7672         0.2137         0.0048         0.0128 
BAR-estimator:      0.20000        0.25000        0.1513         1.9184         0.1513         0.0038         0.0134 
BAR-estimator:      0.25000        0.30000        0.1081         2.0265         0.1081         0.0038         0.0139 
BAR-estimator:      0.30000        0.35000        0.0902         2.1167         0.0902         0.0034         0.0143 
BAR-estimator:      0.35000        0.40000        0.0619         2.1786         0.0619         0.0031         0.0147 
BAR-estimator:      0.40000        0.45000        0.0488         2.2274         0.0488         0.0031         0.0150 
BAR-estimator:      0.45000        0.50000        0.0280         2.2555         0.0280         0.0025         0.0152 
BAR-estimator:      0.50000        0.55000       -0.0710         2.1845        -0.0710         0.0034         0.0156 
BAR-estimator:      0.55000        0.60000       -0.2474         1.9371        -0.2474         0.0034         0.0159 
BAR-estimator:      0.60000        0.65000       -0.3961         1.5410        -0.3961         0.0036         0.0163 
BAR-estimator:      0.65000        0.70000       -0.5291         1.0119        -0.5291         0.0049         0.0170 
BAR-estimator:      0.70000        0.75000       -0.6408         0.3711        -0.6408         0.0036         0.0174 
BAR-estimator:      0.75000        0.80000       -0.7033        -0.3322        -0.7033         0.0034         0.0177 
BAR-estimator:      0.80000        0.85000       -0.7477        -1.0799        -0.7477         0.0038         0.0181 
BAR-estimator:      0.85000        0.90000       -0.7753        -1.8552        -0.7753         0.0036         0.0185 
BAR-estimator:      0.90000        0.95000       -0.7898        -2.6450        -0.7898         0.0039         0.0189 
BAR-estimator:      0.95000        1.00000       -0.8037        -3.4487        -0.8037         0.0035         0.0192 
BAR-estimator: total free energy change is -3.448733770671586 , total error is 0.0192181616990462
