#========================================================================================
#                     Free energy perturbation    
#----------------------------------------------------------------------------------------
#forward/backward          λ              ΔΔA                 ΔA                  δε   
#                                                 
#----------------------------------------------------------------------------------------
forward:               0.0000              0.0000              0.0000              0.0000  
forward:               0.0500              1.4021              1.4021              0.0195  
forward:               0.1000              0.8159              2.2180              0.0244  
forward:               0.1500              0.4292              2.6472              0.0259  
forward:               0.2000              0.2254              2.8726              0.0266  
forward:               0.2500              0.1387              3.0113              0.0275  
forward:               0.3000              0.0765              3.0878              0.0280  
forward:               0.3500              0.0353              3.1231              0.0283  
forward:               0.4000              0.0037              3.1267              0.0287  
forward:               0.4500             -0.0153              3.1114              0.0290  
forward:               0.5000             -0.0346              3.0768              0.0293  
forward:               0.5500             -0.0561              3.0206              0.0296  
forward:               0.6000             -0.1402              2.8804              0.0299  
forward:               0.6500             -0.2060              2.6744              0.0302  
forward:               0.7000             -0.2546              2.4198              0.0305  
forward:               0.7500             -0.3078              2.1120              0.0307  
forward:               0.8000             -0.3466              1.7653              0.0310  
forward:               0.8500             -0.3783              1.3871              0.0313  
forward:               0.9000             -0.4029              0.9841              0.0315  
forward:               0.9500             -0.4140              0.5701              0.0318  
forward:               1.0000             -0.4215              0.1486              0.0320  
backward:              1.0000              0.0000              0.1486              0.0000  
backward:              0.9500              0.4244              0.5730              0.0050  
backward:              0.9000              0.4144              0.9874              0.0073  
backward:              0.8500              0.4047              1.3921              0.0086  
backward:              0.8000              0.3834              1.7755              0.0097  
backward:              0.7500              0.3460              2.1215              0.0107  
backward:              0.7000              0.3133              2.4349              0.0118  
backward:              0.6500              0.2607              2.6956              0.0128  
backward:              0.6000              0.2129              2.9085              0.0137  
backward:              0.5500              0.1407              3.0492              0.0146  
backward:              0.5000              0.0542              3.1034              0.0154  
backward:              0.4500              0.0283              3.1317              0.0161  
backward:              0.4000              0.0192              3.1509              0.0167  
backward:              0.3500             -0.0096              3.1414              0.0173  
backward:              0.3000             -0.0399              3.1015              0.0180  
backward:              0.2500             -0.0797              3.0218              0.0196  
backward:              0.2000             -0.1381              2.8837              0.0207  
backward:              0.1500             -0.2414              2.6423              0.0234  
backward:              0.1000             -0.4269              2.2154              0.0279  
backward:              0.0500             -0.8219              1.3935              0.0339  
backward:              0.0000             -1.4395             -0.0460              0.0433  
Inaccuracy estimation
======================================================================================================
                   i        i+δi          P0_overlap_P1   δε(forward)/ε   δε(backward)/ε
======================================================================================================
inaccuracy:  0.00000        0.05000           41.82           -0.03            1.39
inaccuracy:  0.05000        0.10000           49.71           -0.02            0.90
inaccuracy:  0.10000        0.15000           58.48           -0.02            0.47
inaccuracy:  0.15000        0.20000           67.32           -0.01            0.26
inaccuracy:  0.20000        0.25000           70.56           -0.01            0.18
inaccuracy:  0.25000        0.30000           72.60           -0.01            0.14
inaccuracy:  0.30000        0.35000           74.44           -0.01            0.12
inaccuracy:  0.35000        0.40000           75.15           -0.01            0.11
inaccuracy:  0.40000        0.45000           75.33           -0.01            0.11
inaccuracy:  0.45000        0.50000           76.55           -0.01            0.09
inaccuracy:  0.50000        0.55000           72.92           -0.03            0.11
inaccuracy:  0.55000        0.60000           72.98           -0.03            0.10
inaccuracy:  0.60000        0.65000           72.94           -0.04            0.09
inaccuracy:  0.65000        0.70000           73.26           -0.03            0.08
inaccuracy:  0.70000        0.75000           73.11           -0.03            0.07
inaccuracy:  0.75000        0.80000           73.98           -0.03            0.07
inaccuracy:  0.80000        0.85000           73.51           -0.03            0.07
inaccuracy:  0.85000        0.90000           73.43           -0.03            0.07
inaccuracy:  0.90000        0.95000           73.18           -0.04            0.07
inaccuracy:  0.95000        1.00000           72.82           -0.04            0.07
===================================================================================================================================
                BAR        
-----------------------------------------------------------------------------------------------------------------------------------
BAR-estimator:         λ             λ+δλ          ΔΔA             ΔA            C               Δδe            δe       
                          
-----------------------------------------------------------------------------------------------------------------------------------
BAR-estimator:      0.00000        0.05000        1.4304         1.4304         1.4304         0.0112         0.0112 
BAR-estimator:      0.05000        0.10000        0.8324         2.2627         0.8324         0.0090         0.0144 
BAR-estimator:      0.10000        0.15000        0.4251         2.6878         0.4251         0.0066         0.0158 
BAR-estimator:      0.15000        0.20000        0.2280         2.9159         0.2280         0.0047         0.0165 
BAR-estimator:      0.20000        0.25000        0.1403         3.0562         0.1403         0.0044         0.0171 
BAR-estimator:      0.25000        0.30000        0.0761         3.1323         0.0761         0.0035         0.0174 
BAR-estimator:      0.30000        0.35000        0.0374         3.1697         0.0374         0.0032         0.0177 
BAR-estimator:      0.35000        0.40000        0.0067         3.1764         0.0067         0.0032         0.0180 
BAR-estimator:      0.40000        0.45000       -0.0143         3.1621        -0.0143         0.0029         0.0182 
BAR-estimator:      0.45000        0.50000       -0.0323         3.1299        -0.0323         0.0027         0.0184 
BAR-estimator:      0.50000        0.55000       -0.0534         3.0765        -0.0534         0.0031         0.0187 
BAR-estimator:      0.55000        0.60000       -0.1399         2.9366        -0.1399         0.0029         0.0189 
BAR-estimator:      0.60000        0.65000       -0.2073         2.7293        -0.2073         0.0027         0.0191 
BAR-estimator:      0.65000        0.70000       -0.2579         2.4714        -0.2579         0.0028         0.0193 
BAR-estimator:      0.70000        0.75000       -0.3115         2.1599        -0.3115         0.0029         0.0195 
BAR-estimator:      0.75000        0.80000       -0.3470         1.8129        -0.3470         0.0029         0.0198 
BAR-estimator:      0.80000        0.85000       -0.3790         1.4339        -0.3790         0.0033         0.0200 
BAR-estimator:      0.85000        0.90000       -0.4028         1.0310        -0.4028         0.0029         0.0202 
BAR-estimator:      0.90000        0.95000       -0.4158         0.6152        -0.4158         0.0032         0.0205 
BAR-estimator:      0.95000        1.00000       -0.4234         0.1919        -0.4234         0.0031         0.0207 
BAR-estimator: total free energy change is 0.19188339555519157 , total error is 0.020712736353479002
