#========================================================================================
#                     Free energy perturbation    
#----------------------------------------------------------------------------------------
#forward/backward          λ              ΔΔA                 ΔA                  δε   
#                                                 
#----------------------------------------------------------------------------------------
forward:               0.0000              0.0000              0.0000              0.0000  
forward:               0.0500              1.7109              1.7109              0.0212  
forward:               0.1000              0.8895              2.6005              0.0258  
forward:               0.1500              0.4420              3.0425              0.0273  
forward:               0.2000              0.2143              3.2568              0.0281  
forward:               0.2500              0.0958              3.3525              0.0287  
forward:               0.3000              0.0220              3.3745              0.0290  
forward:               0.3500             -0.0321              3.3424              0.0294  
forward:               0.4000             -0.0700              3.2725              0.0298  
forward:               0.4500             -0.0976              3.1749              0.0301  
forward:               0.5000             -0.1295              3.0455              0.0303  
forward:               0.5500             -0.3141              2.7313              0.0309  
forward:               0.6000             -0.5893              2.1420              0.0314  
forward:               0.6500             -0.8465              1.2956              0.0321  
forward:               0.7000             -1.0504              0.2451              0.0328  
forward:               0.7500             -1.1861             -0.9410              0.0334  
forward:               0.8000             -1.2356             -2.1766              0.0340  
forward:               0.8500             -1.2578             -3.4344              0.0344  
forward:               0.9000             -1.2467             -4.6812              0.0348  
forward:               0.9500             -1.2260             -5.9072              0.0350  
forward:               1.0000             -1.2029             -7.1101              0.0353  
backward:              1.0000              0.0000             -7.1101              0.0000  
backward:              0.9500              1.2058             -5.9043              0.0054  
backward:              0.9000              1.2345             -4.6698              0.0086  
backward:              0.8500              1.2409             -3.4289              0.0110  
backward:              0.8000              1.2563             -2.1725              0.0127  
backward:              0.7500              1.2302             -0.9424              0.0147  
backward:              0.7000              1.1715              0.2292              0.0164  
backward:              0.6500              1.0306              1.2598              0.0181  
backward:              0.6000              0.8418              2.1016              0.0193  
backward:              0.5500              0.5872              2.6888              0.0203  
backward:              0.5000              0.3042              2.9930              0.0221  
backward:              0.4500              0.1320              3.1250              0.0225  
backward:              0.4000              0.1019              3.2269              0.0231  
backward:              0.3500              0.0718              3.2987              0.0237  
backward:              0.3000              0.0449              3.3435              0.0242  
backward:              0.2500             -0.0194              3.3242              0.0250  
backward:              0.2000             -0.0892              3.2349              0.0262  
backward:              0.1500             -0.2275              3.0075              0.0287  
backward:              0.1000             -0.4028              2.6047              0.0342  
backward:              0.0500             -0.8977              1.7070              0.0560  
backward:              0.0000             -1.6909              0.0161              0.0666  
Inaccuracy estimation
======================================================================================================
                   i        i+δi          P0_overlap_P1   δε(forward)/ε   δε(backward)/ε
======================================================================================================
inaccuracy:  0.00000        0.05000           34.02           -0.03            2.08
inaccuracy:  0.05000        0.10000           46.26           -0.05            1.07
inaccuracy:  0.10000        0.15000           56.24           -0.03            0.53
inaccuracy:  0.15000        0.20000           64.63           -0.02            0.29
inaccuracy:  0.20000        0.25000           68.59           -0.02            0.19
inaccuracy:  0.25000        0.30000           70.50           -0.02            0.14
inaccuracy:  0.30000        0.35000           71.90           -0.02            0.13
inaccuracy:  0.35000        0.40000           73.38           -0.02            0.11
inaccuracy:  0.40000        0.45000           73.73           -0.02            0.09
inaccuracy:  0.45000        0.50000           75.35           -0.02            0.09
inaccuracy:  0.50000        0.55000           64.78           -0.11            0.14
inaccuracy:  0.55000        0.60000           65.37           -0.13            0.08
inaccuracy:  0.60000        0.65000           64.78           -0.15            0.06
inaccuracy:  0.65000        0.70000           65.82           -0.16            0.04
inaccuracy:  0.70000        0.75000           66.32           -0.14            0.03
inaccuracy:  0.75000        0.80000           65.81           -0.13            0.02
inaccuracy:  0.80000        0.85000           65.92           -0.12            0.03
inaccuracy:  0.85000        0.90000           65.59           -0.13            0.03
inaccuracy:  0.90000        0.95000           63.92           -0.13            0.04
inaccuracy:  0.95000        1.00000           64.47           -0.14            0.04
===================================================================================================================================
                BAR        
-----------------------------------------------------------------------------------------------------------------------------------
BAR-estimator:         λ             λ+δλ          ΔΔA             ΔA            C               Δδe            δe       
                          
-----------------------------------------------------------------------------------------------------------------------------------
BAR-estimator:      0.00000        0.05000        1.7242         1.7242         1.7242         0.0097         0.0097 
BAR-estimator:      0.05000        0.10000        0.8869         2.6110         0.8869         0.0090         0.0132 
BAR-estimator:      0.10000        0.15000        0.4327         3.0438         0.4327         0.0065         0.0147 
BAR-estimator:      0.15000        0.20000        0.2159         3.2597         0.2159         0.0047         0.0155 
BAR-estimator:      0.20000        0.25000        0.0947         3.3544         0.0947         0.0042         0.0160 
BAR-estimator:      0.25000        0.30000        0.0181         3.3725         0.0181         0.0026         0.0163 
BAR-estimator:      0.30000        0.35000       -0.0358         3.3368        -0.0358         0.0037         0.0167 
BAR-estimator:      0.35000        0.40000       -0.0704         3.2664        -0.0704         0.0034         0.0170 
BAR-estimator:      0.40000        0.45000       -0.1000         3.1664        -0.1000         0.0034         0.0173 
BAR-estimator:      0.45000        0.50000       -0.1295         3.0369        -0.1295         0.0026         0.0175 
BAR-estimator:      0.50000        0.55000       -0.3103         2.7266        -0.3103         0.0038         0.0179 
BAR-estimator:      0.55000        0.60000       -0.5897         2.1369        -0.5897         0.0039         0.0184 
BAR-estimator:      0.60000        0.65000       -0.8427         1.2942        -0.8427         0.0038         0.0187 
BAR-estimator:      0.65000        0.70000       -1.0447         0.2495        -1.0447         0.0040         0.0192 
BAR-estimator:      0.70000        0.75000       -1.1805        -0.9310        -1.1805         0.0036         0.0195 
BAR-estimator:      0.75000        0.80000       -1.2348        -2.1657        -1.2348         0.0038         0.0199 
BAR-estimator:      0.80000        0.85000       -1.2549        -3.4206        -1.2549         0.0040         0.0203 
BAR-estimator:      0.85000        0.90000       -1.2456        -4.6662        -1.2456         0.0038         0.0206 
BAR-estimator:      0.90000        0.95000       -1.2270        -5.8932        -1.2270         0.0036         0.0209 
BAR-estimator:      0.95000        1.00000       -1.2050        -7.0982        -1.2050         0.0038         0.0213 
BAR-estimator: total free energy change is -7.0981974514878425 , total error is 0.02127950895467749
