#========================================================================================
#                     Free energy perturbation    
#----------------------------------------------------------------------------------------
#forward/backward          λ              ΔΔA                 ΔA                  δε   
#                                                 
#----------------------------------------------------------------------------------------
forward:               0.0000              0.0000              0.0000              0.0000  
forward:               0.0500              1.5203              1.5203              0.0196  
forward:               0.1000              0.8561              2.3764              0.0240  
forward:               0.1500              0.4732              2.8496              0.0265  
forward:               0.2000              0.2540              3.1036              0.0275  
forward:               0.2500              0.1493              3.2529              0.0281  
forward:               0.3000              0.0815              3.3344              0.0286  
forward:               0.3500              0.0364              3.3708              0.0291  
forward:               0.4000              0.0000              3.3709              0.0293  
forward:               0.4500             -0.0258              3.3451              0.0295  
forward:               0.5000             -0.0447              3.3004              0.0298  
forward:               0.5500             -0.1215              3.1789              0.0300  
forward:               0.6000             -0.1821              2.9968              0.0302  
forward:               0.6500             -0.2201              2.7767              0.0304  
forward:               0.7000             -0.2536              2.5231              0.0306  
forward:               0.7500             -0.2785              2.2446              0.0308  
forward:               0.8000             -0.2985              1.9461              0.0309  
forward:               0.8500             -0.3104              1.6357              0.0311  
forward:               0.9000             -0.3254              1.3103              0.0312  
forward:               0.9500             -0.3341              0.9761              0.0313  
forward:               1.0000             -0.3415              0.6346              0.0314  
backward:              1.0000              0.0000              0.6346              0.0000  
backward:              0.9500              0.3464              0.9810              0.0034  
backward:              0.9000              0.3278              1.3088              0.0051  
backward:              0.8500              0.3192              1.6280              0.0062  
backward:              0.8000              0.3116              1.9396              0.0073  
backward:              0.7500              0.2905              2.2302              0.0082  
backward:              0.7000              0.2792              2.5094              0.0091  
backward:              0.6500              0.2552              2.7646              0.0101  
backward:              0.6000              0.2204              2.9850              0.0109  
backward:              0.5500              0.1788              3.1638              0.0116  
backward:              0.5000              0.1161              3.2799              0.0124  
backward:              0.4500              0.0482              3.3281              0.0131  
backward:              0.4000              0.0205              3.3486              0.0143  
backward:              0.3500             -0.0027              3.3460              0.0153  
backward:              0.3000             -0.0357              3.3102              0.0164  
backward:              0.2500             -0.0809              3.2293              0.0174  
backward:              0.2000             -0.1458              3.0835              0.0192  
backward:              0.1500             -0.2531              2.8304              0.0216  
backward:              0.1000             -0.4490              2.3814              0.0275  
backward:              0.0500             -0.8215              1.5598              0.0338  
backward:              0.0000             -1.4938              0.0661              0.0442  
Inaccuracy estimation
======================================================================================================
                   i        i+δi          P0_overlap_P1   δε(forward)/ε   δε(backward)/ε
======================================================================================================
inaccuracy:  0.00000        0.05000           38.36           -0.03            2.07
inaccuracy:  0.05000        0.10000           48.31           -0.02            0.90
inaccuracy:  0.10000        0.15000           59.17           -0.02            0.46
inaccuracy:  0.15000        0.20000           67.42           -0.01            0.25
inaccuracy:  0.20000        0.25000           70.75           -0.01            0.18
inaccuracy:  0.25000        0.30000           73.50           -0.01            0.14
inaccuracy:  0.30000        0.35000           74.84           -0.01            0.11
inaccuracy:  0.35000        0.40000           76.29           -0.01            0.09
inaccuracy:  0.40000        0.45000           77.44           -0.01            0.08
inaccuracy:  0.45000        0.50000           77.42           -0.01            0.08
inaccuracy:  0.50000        0.55000           75.40           -0.02            0.08
inaccuracy:  0.55000        0.60000           75.97           -0.02            0.07
inaccuracy:  0.60000        0.65000           76.70           -0.02            0.06
inaccuracy:  0.65000        0.70000           76.50           -0.03            0.06
inaccuracy:  0.70000        0.75000           77.10           -0.02            0.06
inaccuracy:  0.75000        0.80000           77.74           -0.02            0.05
inaccuracy:  0.80000        0.85000           76.74           -0.02            0.05
inaccuracy:  0.85000        0.90000           77.55           -0.02            0.05
inaccuracy:  0.90000        0.95000           77.16           -0.03            0.05
inaccuracy:  0.95000        1.00000           76.25           -0.02            0.06
===================================================================================================================================
                BAR        
-----------------------------------------------------------------------------------------------------------------------------------
BAR-estimator:         λ             λ+δλ          ΔΔA             ΔA            C               Δδe            δe       
                          
-----------------------------------------------------------------------------------------------------------------------------------
BAR-estimator:      0.00000        0.05000        1.5617         1.5617         1.5617         0.0098         0.0098 
BAR-estimator:      0.05000        0.10000        0.8481         2.4098         0.8481         0.0087         0.0131 
BAR-estimator:      0.10000        0.15000        0.4632         2.8730         0.4632         0.0073         0.0150 
BAR-estimator:      0.15000        0.20000        0.2554         3.1284         0.2554         0.0049         0.0158 
BAR-estimator:      0.20000        0.25000        0.1481         3.2766         0.1481         0.0040         0.0163 
BAR-estimator:      0.25000        0.30000        0.0821         3.3586         0.0821         0.0033         0.0166 
BAR-estimator:      0.30000        0.35000        0.0354         3.3940         0.0354         0.0034         0.0169 
BAR-estimator:      0.35000        0.40000       -0.0004         3.3937        -0.0004         0.0023         0.0171 
BAR-estimator:      0.40000        0.45000       -0.0254         3.3682        -0.0254         0.0025         0.0173 
BAR-estimator:      0.45000        0.50000       -0.0451         3.3231        -0.0451         0.0025         0.0175 
BAR-estimator:      0.50000        0.55000       -0.1180         3.2051        -0.1180         0.0031         0.0177 
BAR-estimator:      0.55000        0.60000       -0.1809         3.0242        -0.1809         0.0025         0.0179 
BAR-estimator:      0.60000        0.65000       -0.2195         2.8047        -0.2195         0.0025         0.0181 
BAR-estimator:      0.65000        0.70000       -0.2534         2.5513        -0.2534         0.0025         0.0183 
BAR-estimator:      0.70000        0.75000       -0.2790         2.2723        -0.2790         0.0025         0.0184 
BAR-estimator:      0.75000        0.80000       -0.2957         1.9766        -0.2957         0.0026         0.0186 
BAR-estimator:      0.80000        0.85000       -0.3106         1.6659        -0.3106         0.0026         0.0188 
BAR-estimator:      0.85000        0.90000       -0.3224         1.3435        -0.3224         0.0026         0.0190 
BAR-estimator:      0.90000        0.95000       -0.3317         1.0118        -0.3317         0.0027         0.0192 
BAR-estimator:      0.95000        1.00000       -0.3431         0.6687        -0.3431         0.0025         0.0194 
BAR-estimator: total free energy change is 0.6687108571719327 , total error is 0.019351605000229734
