13
 energy: -766.978354497936 gnorm: 0.015934998279 xtb: 6.7.1 (41059b4)
C           -2.41168487336868       -0.07763412693440       -0.00000483050000
C           -1.83964762271520       -1.33699299869246       -0.00000884170000
C           -0.46114280890434       -1.46861356275078       -0.00001456820001
C            0.34057752785092       -0.34199854725155       -0.00001389430001
C           -0.22514798349977        0.93554361621456       -0.00000569790000
C           -1.61001557661344        1.05004515216530       -0.00000226880000
O            0.59518157056374        2.01425071279257        0.00000089210000
Cl           2.05969157971270       -0.49565654791964        0.00001650650001
H           -3.48518587104438        0.03290172651458       -0.00000903980000
H           -2.46180542509089       -2.21803513158287       -0.00000015840000
H            0.00060824360027       -2.44301724398257        0.00000364130000
H           -2.05611153321112        2.03574765770209       -0.00000393890000
H            0.07335491473251        2.82571036525215        0.00001176780001
13
 energy: -766.978835948418 gnorm: 0.007022784000 xtb: 6.7.1 (41059b4)
C           -2.41853663570034       -0.07688822785772       -0.00000722073147
C           -1.84364961857451       -1.34115294261729       -0.00000699264444
C           -0.45972321986987       -1.46933602387871       -0.00000357980259
C            0.34592730050530       -0.33941300834219       -0.00000064196288
C           -0.22464072976685        0.93937173116543       -0.00000252520879
C           -1.61399067298478        1.05453216708916       -0.00000536116564
O            0.60144323505817        2.01692733594659        0.00000198993731
Cl           2.07411696805287       -0.50034172336025        0.00000738090010
H           -3.49628116631636        0.03435128268759       -0.00000750265418
H           -2.46588130059252       -2.22759703405777       -0.00000670923867
H            0.00643503881539       -2.44673595894791       -0.00000229683569
H           -2.06166412878844        2.04423883641603       -0.00000491532455
H            0.07511710006141        2.82429456456970        0.00000795746511
13
 energy: -766.978900288937 gnorm: 0.003131667281 xtb: 6.7.1 (41059b4)
C           -2.42076613961029       -0.07650969061086       -0.00000666456217
C           -1.84525150992290       -1.34281207153252       -0.00000556295394
C           -0.45968937412746       -1.46955396874889       -0.00000197035223
C            0.34624003702308       -0.33821156862938        0.00000147647020
C           -0.22461200902887        0.94095880550327        0.00000061782690
C           -1.61552223065580        1.05643269440373       -0.00000409307929
O            0.60475507169319        2.01824916295882        0.00000244606496
Cl           2.08079827436990       -0.50318940719945        0.00000388626322
H           -3.49992657072759        0.03540513687818       -0.00000968419413
H           -2.46674758076654       -2.23141890714792       -0.00000877966039
H            0.00886973050852       -2.44747880684521       -0.00000248369432
H           -2.06386305569217        2.04741917471033       -0.00000554659356
H            0.07438753333462        2.82296042490944        0.00000595047591
13
 energy: -766.978907459126 gnorm: 0.001454191644 xtb: 6.7.1 (41059b4)
C           -2.42063083363159       -0.07636051269853       -0.00000674525164
C           -1.84546596167035       -1.34290738269591       -0.00000585107564
C           -0.45990878428770       -1.46974354866990       -0.00000201699430
C            0.34516544355535       -0.33807705529390        0.00000107180820
C           -0.22460730040200        0.94110334895303        0.00000037412955
C           -1.61553144105895        1.05664907008028       -0.00000372846454
O            0.60541083041966        2.01868299273952        0.00000285996456
Cl           2.08216131013547       -0.50390571291637        0.00000379387239
H           -3.49971327817792        0.03588217932177       -0.00001008833904
H           -2.46666644849065       -2.23162044969721       -0.00000860798302
H            0.00924222064192       -2.44733970854274       -0.00000199368495
H           -2.06404524783500        2.04750256609024       -0.00000502808102
H            0.07326166310360        2.82238520012132        0.00000555419369
13
 energy: -766.978909073949 gnorm: 0.000656343342 xtb: 6.7.1 (41059b4)
C           -2.41998470943001       -0.07621821633195       -0.00000689509456
C           -1.84537643738097       -1.34269687318696       -0.00000622393558
C           -0.46007451621817       -1.46999086187202       -0.00000270207316
C            0.34367295968793       -0.33815440676381        0.00000014184110
C           -0.22440872732613        0.94093615406557       -0.00000003355184
C           -1.61508570201772        1.05658635943296       -0.00000372309330
O            0.60549761297535        2.01889474557660        0.00000339259013
Cl           2.08272132512959       -0.50407800056219        0.00000487456520
H           -3.49880797437410        0.03635677225891       -0.00000982774067
H           -2.46666608865513       -2.23102605510323       -0.00000824946488
H            0.00930784337888       -2.44705984287769       -0.00000173107897
H           -2.06387645664612        2.04702286420953       -0.00000413908192
H            0.07175303531650        2.82167836587446        0.00000470982249
13
 energy: -766.978909073949 gnorm: 0.000656343342 xtb: 6.7.1 (41059b4)
C           -2.41998470943001       -0.07621821633195       -0.00000689509456
C           -1.84537643738097       -1.34269687318696       -0.00000622393558
C           -0.46007451621817       -1.46999086187202       -0.00000270207316
C            0.34367295968793       -0.33815440676381        0.00000014184110
C           -0.22440872732613        0.94093615406557       -0.00000003355184
C           -1.61508570201772        1.05658635943296       -0.00000372309330
O            0.60549761297535        2.01889474557660        0.00000339259013
Cl           2.08272132512959       -0.50407800056219        0.00000487456520
H           -3.49880797437410        0.03635677225891       -0.00000982774067
H           -2.46666608865513       -2.23102605510323       -0.00000824946488
H            0.00930784337888       -2.44705984287769       -0.00000173107897
H           -2.06387645664612        2.04702286420953       -0.00000413908192
H            0.07175303531650        2.82167836587446        0.00000470982249
