#========================================================================================
#                     Free energy perturbation    
#----------------------------------------------------------------------------------------
#forward/backward          λ              ΔΔA                 ΔA                  δε   
#                                                 
#----------------------------------------------------------------------------------------
forward:               0.0000              0.0000              0.0000              0.0000  
forward:               0.0500              1.8479              1.8479              0.0240  
forward:               0.1000              1.0421              2.8900              0.0290  
forward:               0.1500              0.5567              3.4467              0.0314  
forward:               0.2000              0.2931              3.7398              0.0329  
forward:               0.2500              0.1566              3.8964              0.0336  
forward:               0.3000              0.0640              3.9604              0.0341  
forward:               0.3500              0.0067              3.9671              0.0345  
forward:               0.4000             -0.0315              3.9356              0.0348  
forward:               0.4500             -0.0615              3.8741              0.0350  
forward:               0.5000             -0.0884              3.7856              0.0352  
forward:               0.5500             -0.2276              3.5580              0.0360  
forward:               0.6000             -0.4677              3.0903              0.0363  
forward:               0.6500             -0.6804              2.4099              0.0370  
forward:               0.7000             -0.8422              1.5677              0.0376  
forward:               0.7500             -0.9801              0.5876              0.0380  
forward:               0.8000             -1.0591             -0.4715              0.0387  
forward:               0.8500             -1.0946             -1.5661              0.0391  
forward:               0.9000             -1.1190             -2.6851              0.0394  
forward:               0.9500             -1.1157             -3.8008              0.0397  
forward:               1.0000             -1.1056             -4.9063              0.0400  
backward:              1.0000              0.0000             -4.9063              0.0000  
backward:              0.9500              1.0900             -3.8163              0.0080  
backward:              0.9000              1.1107             -2.7056              0.0101  
backward:              0.8500              1.1126             -1.5930              0.0122  
backward:              0.8000              1.0965             -0.4964              0.0141  
backward:              0.7500              1.0580              0.5616              0.0155  
backward:              0.7000              0.9621              1.5237              0.0170  
backward:              0.6500              0.8305              2.3541              0.0189  
backward:              0.6000              0.6696              3.0237              0.0201  
backward:              0.5500              0.4519              3.4756              0.0214  
backward:              0.5000              0.2341              3.7097              0.0225  
backward:              0.4500              0.0810              3.7907              0.0231  
backward:              0.4000              0.0595              3.8502              0.0237  
backward:              0.3500              0.0276              3.8778              0.0244  
backward:              0.3000             -0.0213              3.8564              0.0253  
backward:              0.2500             -0.0679              3.7885              0.0264  
backward:              0.2000             -0.1311              3.6574              0.0277  
backward:              0.1500             -0.2755              3.3818              0.0297  
backward:              0.1000             -0.5181              2.8637              0.0353  
backward:              0.0500             -1.1121              1.7516              0.0586  
backward:              0.0000             -1.8129             -0.0613              0.0665  
Inaccuracy estimation
======================================================================================================
                   i        i+δi          P0_overlap_P1   δε(forward)/ε   δε(backward)/ε
======================================================================================================
inaccuracy:  0.00000        0.05000           32.99           -0.02            1.98
inaccuracy:  0.05000        0.10000           44.47           -0.04            1.14
inaccuracy:  0.10000        0.15000           53.49           -0.03            0.65
inaccuracy:  0.15000        0.20000           61.07           -0.02            0.35
inaccuracy:  0.20000        0.25000           65.13           -0.02            0.24
inaccuracy:  0.25000        0.30000           69.82           -0.02            0.17
inaccuracy:  0.30000        0.35000           71.27           -0.01            0.14
inaccuracy:  0.35000        0.40000           72.52           -0.02            0.12
inaccuracy:  0.40000        0.45000           73.75           -0.01            0.12
inaccuracy:  0.45000        0.50000           74.10           -0.01            0.10
inaccuracy:  0.50000        0.55000           63.45           -0.09            0.16
inaccuracy:  0.55000        0.60000           66.03           -0.10            0.10
inaccuracy:  0.60000        0.65000           66.63           -0.11            0.08
inaccuracy:  0.65000        0.70000           66.24           -0.12            0.06
inaccuracy:  0.70000        0.75000           66.39           -0.12            0.05
inaccuracy:  0.75000        0.80000           65.58           -0.12            0.05
inaccuracy:  0.80000        0.85000           65.44           -0.13            0.05
inaccuracy:  0.85000        0.90000           65.33           -0.11            0.05
inaccuracy:  0.90000        0.95000           64.64           -0.12            0.06
inaccuracy:  0.95000        1.00000           64.82           -0.12            0.06
===================================================================================================================================
                BAR        
-----------------------------------------------------------------------------------------------------------------------------------
BAR-estimator:         λ             λ+δλ          ΔΔA             ΔA            C               Δδe            δe       
                          
-----------------------------------------------------------------------------------------------------------------------------------
BAR-estimator:      0.00000        0.05000        1.8537         1.8537         1.8537         0.0104         0.0104 
BAR-estimator:      0.05000        0.10000        1.0415         2.8953         1.0415         0.0084         0.0133 
BAR-estimator:      0.10000        0.15000        0.5456         3.4408         0.5456         0.0080         0.0156 
BAR-estimator:      0.15000        0.20000        0.2913         3.7321         0.2913         0.0065         0.0169 
BAR-estimator:      0.20000        0.25000        0.1482         3.8803         0.1482         0.0043         0.0174 
BAR-estimator:      0.25000        0.30000        0.0670         3.9473         0.0670         0.0042         0.0179 
BAR-estimator:      0.30000        0.35000        0.0107         3.9581         0.0107         0.0037         0.0183 
BAR-estimator:      0.35000        0.40000       -0.0287         3.9293        -0.0287         0.0034         0.0186 
BAR-estimator:      0.40000        0.45000       -0.0588         3.8705        -0.0588         0.0032         0.0189 
BAR-estimator:      0.45000        0.50000       -0.0862         3.7843        -0.0862         0.0030         0.0191 
BAR-estimator:      0.50000        0.55000       -0.2287         3.5555        -0.2287         0.0038         0.0195 
BAR-estimator:      0.55000        0.60000       -0.4599         3.0957        -0.4599         0.0035         0.0198 
BAR-estimator:      0.60000        0.65000       -0.6747         2.4210        -0.6747         0.0039         0.0202 
BAR-estimator:      0.65000        0.70000       -0.8379         1.5831        -0.8379         0.0042         0.0206 
BAR-estimator:      0.70000        0.75000       -0.9736         0.6095        -0.9736         0.0040         0.0210 
BAR-estimator:      0.75000        0.80000       -1.0559        -0.4463        -1.0559         0.0039         0.0214 
BAR-estimator:      0.80000        0.85000       -1.0978        -1.5441        -1.0978         0.0039         0.0217 
BAR-estimator:      0.85000        0.90000       -1.1142        -2.6583        -1.1142         0.0042         0.0221 
BAR-estimator:      0.90000        0.95000       -1.1113        -3.7696        -1.1113         0.0040         0.0225 
BAR-estimator:      0.95000        1.00000       -1.1008        -4.8705        -1.1008         0.0037         0.0228 
BAR-estimator: total free energy change is -4.870455450738843 , total error is 0.022779224453324958
