#========================================================================================
#                     Free energy perturbation    
#----------------------------------------------------------------------------------------
#forward/backward          λ              ΔΔA                 ΔA                  δε   
#                                                 
#----------------------------------------------------------------------------------------
forward:               0.0000              0.0000              0.0000              0.0000  
forward:               0.0500              1.0331              1.0331              0.0114  
forward:               0.1000              0.6000              1.6330              0.0145  
forward:               0.1500              0.3798              2.0128              0.0165  
forward:               0.2000              0.2369              2.2497              0.0180  
forward:               0.2500              0.1706              2.4202              0.0188  
forward:               0.3000              0.1158              2.5360              0.0193  
forward:               0.3500              0.0740              2.6100              0.0198  
forward:               0.4000              0.0518              2.6618              0.0201  
forward:               0.4500              0.0292              2.6910              0.0205  
forward:               0.5000              0.0142              2.7052              0.0208  
forward:               0.5500             -0.0183              2.6869              0.0211  
forward:               0.6000             -0.0695              2.6175              0.0214  
forward:               0.6500             -0.1032              2.5143              0.0217  
forward:               0.7000             -0.1340              2.3803              0.0219  
forward:               0.7500             -0.1625              2.2177              0.0222  
forward:               0.8000             -0.1786              2.0391              0.0224  
forward:               0.8500             -0.2092              1.8299              0.0226  
forward:               0.9000             -0.2248              1.6051              0.0228  
forward:               0.9500             -0.2417              1.3634              0.0231  
forward:               1.0000             -0.2461              1.1173              0.0233  
backward:              1.0000              0.0000              1.1173              0.0000  
backward:              0.9500              0.2428              1.3602              0.0041  
backward:              0.9000              0.2295              1.5897              0.0054  
backward:              0.8500              0.2208              1.8105              0.0068  
backward:              0.8000              0.1956              2.0060              0.0079  
backward:              0.7500              0.1804              2.1864              0.0088  
backward:              0.7000              0.1642              2.3506              0.0096  
backward:              0.6500              0.1340              2.4846              0.0104  
backward:              0.6000              0.1073              2.5919              0.0111  
backward:              0.5500              0.0603              2.6522              0.0121  
backward:              0.5000              0.0186              2.6708              0.0129  
backward:              0.4500             -0.0200              2.6508              0.0137  
backward:              0.4000             -0.0404              2.6104              0.0146  
backward:              0.3500             -0.0586              2.5518              0.0154  
backward:              0.3000             -0.0823              2.4695              0.0162  
backward:              0.2500             -0.1168              2.3527              0.0177  
backward:              0.2000             -0.1835              2.1692              0.0199  
backward:              0.1500             -0.2404              1.9288              0.0218  
backward:              0.1000             -0.3882              1.5406              0.0243  
backward:              0.0500             -0.6168              0.9238              0.0318  
backward:              0.0000             -1.0551             -0.1313              0.0461  
Inaccuracy estimation
======================================================================================================
                   i        i+δi          P0_overlap_P1   δε(forward)/ε   δε(backward)/ε
======================================================================================================
inaccuracy:  0.00000        0.05000           47.32           -0.02            1.04
inaccuracy:  0.05000        0.10000           56.91           -0.01            0.53
inaccuracy:  0.10000        0.15000           64.62           -0.01            0.33
inaccuracy:  0.15000        0.20000           69.60           -0.01            0.20
inaccuracy:  0.20000        0.25000           72.62           -0.01            0.16
inaccuracy:  0.25000        0.30000           74.18           -0.01            0.14
inaccuracy:  0.30000        0.35000           76.46           -0.01            0.11
inaccuracy:  0.35000        0.40000           77.33           -0.01            0.10
inaccuracy:  0.40000        0.45000           77.71           -0.01            0.09
inaccuracy:  0.45000        0.50000           78.26           -0.00            0.08
inaccuracy:  0.50000        0.55000           75.69           -0.02            0.08
inaccuracy:  0.55000        0.60000           77.14           -0.02            0.08
inaccuracy:  0.60000        0.65000           76.60           -0.02            0.08
inaccuracy:  0.65000        0.70000           77.02           -0.02            0.07
inaccuracy:  0.70000        0.75000           76.69           -0.02            0.07
inaccuracy:  0.75000        0.80000           76.35           -0.03            0.07
inaccuracy:  0.80000        0.85000           77.46           -0.01            0.06
inaccuracy:  0.85000        0.90000           77.74           -0.02            0.06
inaccuracy:  0.90000        0.95000           77.91           -0.02            0.06
inaccuracy:  0.95000        1.00000           76.44           -0.03            0.07
===================================================================================================================================
                BAR        
-----------------------------------------------------------------------------------------------------------------------------------
BAR-estimator:         λ             λ+δλ          ΔΔA             ΔA            C               Δδe            δe       
                          
-----------------------------------------------------------------------------------------------------------------------------------
BAR-estimator:      0.00000        0.05000        1.0353         1.0353         1.0353         0.0070         0.0070 
BAR-estimator:      0.05000        0.10000        0.6019         1.6372         0.6019         0.0058         0.0090 
BAR-estimator:      0.10000        0.15000        0.3795         2.0167         0.3795         0.0053         0.0105 
BAR-estimator:      0.15000        0.20000        0.2373         2.2540         0.2373         0.0049         0.0116 
BAR-estimator:      0.20000        0.25000        0.1731         2.4270         0.1731         0.0035         0.0121 
BAR-estimator:      0.25000        0.30000        0.1160         2.5430         0.1160         0.0032         0.0125 
BAR-estimator:      0.30000        0.35000        0.0778         2.6208         0.0778         0.0030         0.0129 
BAR-estimator:      0.35000        0.40000        0.0554         2.6762         0.0554         0.0026         0.0131 
BAR-estimator:      0.40000        0.45000        0.0320         2.7082         0.0320         0.0026         0.0134 
BAR-estimator:      0.45000        0.50000        0.0168         2.7250         0.0168         0.0026         0.0136 
BAR-estimator:      0.50000        0.55000       -0.0185         2.7065        -0.0185         0.0027         0.0139 
BAR-estimator:      0.55000        0.60000       -0.0665         2.6400        -0.0665         0.0028         0.0142 
BAR-estimator:      0.60000        0.65000       -0.1050         2.5350        -0.1050         0.0026         0.0144 
BAR-estimator:      0.65000        0.70000       -0.1331         2.4019        -0.1331         0.0026         0.0146 
BAR-estimator:      0.70000        0.75000       -0.1626         2.2392        -0.1626         0.0026         0.0148 
BAR-estimator:      0.75000        0.80000       -0.1808         2.0585        -0.1808         0.0025         0.0151 
BAR-estimator:      0.80000        0.85000       -0.2039         1.8545        -0.2039         0.0024         0.0153 
BAR-estimator:      0.85000        0.90000       -0.2224         1.6321        -0.2224         0.0028         0.0155 
BAR-estimator:      0.90000        0.95000       -0.2370         1.3951        -0.2370         0.0025         0.0157 
BAR-estimator:      0.95000        1.00000       -0.2452         1.1499        -0.2452         0.0029         0.0160 
BAR-estimator: total free energy change is 1.1498823195395629 , total error is 0.015985680016669772
