#========================================================================================
#                     Free energy perturbation    
#----------------------------------------------------------------------------------------
#forward/backward          λ              ΔΔA                 ΔA                  δε   
#                                                 
#----------------------------------------------------------------------------------------
forward:               0.0000              0.0000              0.0000              0.0000  
forward:               0.0500              1.6964              1.6964              0.0219  
forward:               0.1000              0.9777              2.6742              0.0266  
forward:               0.1500              0.5316              3.2058              0.0284  
forward:               0.2000              0.2990              3.5047              0.0294  
forward:               0.2500              0.1412              3.6459              0.0301  
forward:               0.3000              0.0719              3.7178              0.0307  
forward:               0.3500              0.0136              3.7313              0.0311  
forward:               0.4000             -0.0228              3.7085              0.0314  
forward:               0.4500             -0.0523              3.6562              0.0317  
forward:               0.5000             -0.0786              3.5776              0.0319  
forward:               0.5500             -0.1830              3.3947              0.0324  
forward:               0.6000             -0.4103              2.9843              0.0328  
forward:               0.6500             -0.6150              2.3694              0.0331  
forward:               0.7000             -0.7641              1.6053              0.0335  
forward:               0.7500             -0.8866              0.7186              0.0339  
forward:               0.8000             -0.9747             -0.2560              0.0342  
forward:               0.8500             -1.0313             -1.2873              0.0345  
forward:               0.9000             -1.0590             -2.3463              0.0348  
forward:               0.9500             -1.0889             -3.4353              0.0352  
forward:               1.0000             -1.0967             -4.5320              0.0356  
backward:              1.0000              0.0000             -4.5320              0.0000  
backward:              0.9500              1.0888             -3.4432              0.0077  
backward:              0.9000              1.0878             -2.3554              0.0095  
backward:              0.8500              1.0717             -1.2838              0.0107  
backward:              0.8000              1.0254             -0.2584              0.0128  
backward:              0.7500              0.9756              0.7173              0.0138  
backward:              0.7000              0.8929              1.6102              0.0152  
backward:              0.6500              0.7746              2.3848              0.0164  
backward:              0.6000              0.6047              2.9895              0.0177  
backward:              0.5500              0.4124              3.4019              0.0188  
backward:              0.5000              0.1999              3.6018              0.0199  
backward:              0.4500              0.0787              3.6806              0.0205  
backward:              0.4000              0.0468              3.7274              0.0212  
backward:              0.3500              0.0335              3.7609              0.0218  
backward:              0.3000             -0.0242              3.7366              0.0229  
backward:              0.2500             -0.0655              3.6711              0.0241  
backward:              0.2000             -0.1693              3.5018              0.0311  
backward:              0.1500             -0.2819              3.2199              0.0331  
backward:              0.1000             -0.5264              2.6935              0.0367  
backward:              0.0500             -0.9647              1.7289              0.0432  
backward:              0.0000             -1.6878              0.0411              0.0524  
Inaccuracy estimation
======================================================================================================
                   i        i+δi          P0_overlap_P1   δε(forward)/ε   δε(backward)/ε
======================================================================================================
inaccuracy:  0.00000        0.05000           35.75           -0.03            1.81
inaccuracy:  0.05000        0.10000           45.63           -0.05            1.10
inaccuracy:  0.10000        0.15000           54.93           -0.03            0.58
inaccuracy:  0.15000        0.20000           61.58           -0.03            0.35
inaccuracy:  0.20000        0.25000           68.93           -0.02            0.21
inaccuracy:  0.25000        0.30000           69.13           -0.02            0.17
inaccuracy:  0.30000        0.35000           71.85           -0.02            0.14
inaccuracy:  0.35000        0.40000           71.98           -0.02            0.13
inaccuracy:  0.40000        0.45000           73.34           -0.02            0.11
inaccuracy:  0.45000        0.50000           73.99           -0.01            0.10
inaccuracy:  0.50000        0.55000           64.41           -0.09            0.14
inaccuracy:  0.55000        0.60000           66.08           -0.09            0.10
inaccuracy:  0.60000        0.65000           66.99           -0.10            0.08
inaccuracy:  0.65000        0.70000           66.13           -0.11            0.06
inaccuracy:  0.70000        0.75000           66.93           -0.11            0.05
inaccuracy:  0.75000        0.80000           67.54           -0.11            0.04
inaccuracy:  0.80000        0.85000           67.10           -0.10            0.04
inaccuracy:  0.85000        0.90000           66.76           -0.11            0.04
inaccuracy:  0.90000        0.95000           66.21           -0.11            0.04
inaccuracy:  0.95000        1.00000           65.64           -0.10            0.04
===================================================================================================================================
                BAR        
-----------------------------------------------------------------------------------------------------------------------------------
BAR-estimator:         λ             λ+δλ          ΔΔA             ΔA            C               Δδe            δe       
                          
-----------------------------------------------------------------------------------------------------------------------------------
BAR-estimator:      0.00000        0.05000        1.7116         1.7116         1.7116         0.0103         0.0103 
BAR-estimator:      0.05000        0.10000        0.9777         2.6894         0.9777         0.0087         0.0135 
BAR-estimator:      0.10000        0.15000        0.5298         3.2192         0.5298         0.0066         0.0150 
BAR-estimator:      0.15000        0.20000        0.2926         3.5117         0.2926         0.0049         0.0158 
BAR-estimator:      0.20000        0.25000        0.1485         3.6602         0.1485         0.0043         0.0164 
BAR-estimator:      0.25000        0.30000        0.0673         3.7275         0.0673         0.0044         0.0170 
BAR-estimator:      0.30000        0.35000        0.0168         3.7443         0.0168         0.0035         0.0173 
BAR-estimator:      0.35000        0.40000       -0.0250         3.7194        -0.0250         0.0032         0.0176 
BAR-estimator:      0.40000        0.45000       -0.0522         3.6672        -0.0522         0.0030         0.0178 
BAR-estimator:      0.45000        0.50000       -0.0773         3.5899        -0.0773         0.0028         0.0181 
BAR-estimator:      0.50000        0.55000       -0.1927         3.3972        -0.1927         0.0040         0.0185 
BAR-estimator:      0.55000        0.60000       -0.4115         2.9857        -0.4115         0.0033         0.0188 
BAR-estimator:      0.60000        0.65000       -0.6133         2.3724        -0.6133         0.0033         0.0191 
BAR-estimator:      0.65000        0.70000       -0.7731         1.5993        -0.7731         0.0035         0.0194 
BAR-estimator:      0.70000        0.75000       -0.8890         0.7103        -0.8890         0.0037         0.0197 
BAR-estimator:      0.75000        0.80000       -0.9759        -0.2656        -0.9759         0.0035         0.0200 
BAR-estimator:      0.80000        0.85000       -1.0333        -1.2989        -1.0333         0.0038         0.0204 
BAR-estimator:      0.85000        0.90000       -1.0636        -2.3625        -1.0636         0.0037         0.0207 
BAR-estimator:      0.90000        0.95000       -1.0897        -3.4522        -1.0897         0.0037         0.0211 
BAR-estimator:      0.95000        1.00000       -1.0990        -4.5512        -1.0990         0.0037         0.0214 
BAR-estimator: total free energy change is -4.551200120314027 , total error is 0.021393794832211342
