#========================================================================================
#                     Free energy perturbation    
#----------------------------------------------------------------------------------------
#forward/backward          λ              ΔΔA                 ΔA                  δε   
#                                                 
#----------------------------------------------------------------------------------------
forward:               0.0000              0.0000              0.0000              0.0000  
forward:               0.0500              1.4544              1.4544              0.0185  
forward:               0.1000              0.7760              2.2304              0.0247  
forward:               0.1500              0.4320              2.6624              0.0271  
forward:               0.2000              0.2539              2.9163              0.0283  
forward:               0.2500              0.1519              3.0683              0.0291  
forward:               0.3000              0.0803              3.1486              0.0297  
forward:               0.3500              0.0539              3.2025              0.0303  
forward:               0.4000              0.0125              3.2150              0.0306  
forward:               0.4500              0.0013              3.2163              0.0309  
forward:               0.5000             -0.0304              3.1859              0.0311  
forward:               0.5500             -0.0489              3.1370              0.0315  
forward:               0.6000             -0.1674              2.9696              0.0317  
forward:               0.6500             -0.2479              2.7216              0.0322  
forward:               0.7000             -0.3185              2.4032              0.0326  
forward:               0.7500             -0.3717              2.0315              0.0330  
forward:               0.8000             -0.4296              1.6019              0.0333  
forward:               0.8500             -0.4789              1.1230              0.0336  
forward:               0.9000             -0.5103              0.6126              0.0340  
forward:               0.9500             -0.5312              0.0815              0.0343  
forward:               1.0000             -0.5539             -0.4724              0.0347  
backward:              1.0000              0.0000             -0.4724              0.0000  
backward:              0.9500              0.5365              0.0641              0.0059  
backward:              0.9000              0.5212              0.5854              0.0080  
backward:              0.8500              0.5090              1.0943              0.0098  
backward:              0.8000              0.4691              1.5634              0.0111  
backward:              0.7500              0.4320              1.9954              0.0123  
backward:              0.7000              0.3739              2.3693              0.0137  
backward:              0.6500              0.3182              2.6875              0.0147  
backward:              0.6000              0.2521              2.9396              0.0160  
backward:              0.5500              0.1604              3.1000              0.0169  
backward:              0.5000              0.0535              3.1535              0.0178  
backward:              0.4500              0.0170              3.1705              0.0185  
backward:              0.4000              0.0003              3.1708              0.0192  
backward:              0.3500             -0.0130              3.1578              0.0196  
backward:              0.3000             -0.0477              3.1101              0.0208  
backward:              0.2500             -0.0845              3.0256              0.0215  
backward:              0.2000             -0.1536              2.8720              0.0232  
backward:              0.1500             -0.2430              2.6291              0.0249  
backward:              0.1000             -0.4401              2.1890              0.0299  
backward:              0.0500             -0.8305              1.3586              0.0400  
backward:              0.0000             -1.4028             -0.0442              0.0529  
Inaccuracy estimation
======================================================================================================
                   i        i+δi          P0_overlap_P1   δε(forward)/ε   δε(backward)/ε
======================================================================================================
inaccuracy:  0.00000        0.05000           38.95           -0.03            1.43
inaccuracy:  0.05000        0.10000           51.51           -0.03            0.82
inaccuracy:  0.10000        0.15000           60.03           -0.02            0.44
inaccuracy:  0.15000        0.20000           65.67           -0.01            0.26
inaccuracy:  0.20000        0.25000           69.97           -0.01            0.20
inaccuracy:  0.25000        0.30000           72.54           -0.01            0.14
inaccuracy:  0.30000        0.35000           72.49           -0.01            0.13
inaccuracy:  0.35000        0.40000           74.17           -0.01            0.11
inaccuracy:  0.40000        0.45000           75.14           -0.01            0.10
inaccuracy:  0.45000        0.50000           76.83           -0.01            0.10
inaccuracy:  0.50000        0.55000           70.41           -0.04            0.12
inaccuracy:  0.55000        0.60000           72.53           -0.04            0.09
inaccuracy:  0.60000        0.65000           71.64           -0.04            0.09
inaccuracy:  0.65000        0.70000           72.51           -0.05            0.07
inaccuracy:  0.70000        0.75000           72.03           -0.05            0.07
inaccuracy:  0.75000        0.80000           72.55           -0.05            0.07
inaccuracy:  0.80000        0.85000           73.31           -0.04            0.07
inaccuracy:  0.85000        0.90000           72.55           -0.04            0.06
inaccuracy:  0.90000        0.95000           73.34           -0.04            0.06
inaccuracy:  0.95000        1.00000           73.61           -0.05            0.06
===================================================================================================================================
                BAR        
-----------------------------------------------------------------------------------------------------------------------------------
BAR-estimator:         λ             λ+δλ          ΔΔA             ΔA            C               Δδe            δe       
                          
-----------------------------------------------------------------------------------------------------------------------------------
BAR-estimator:      0.00000        0.05000        1.4187         1.4187         1.4187         0.0136         0.0136 
BAR-estimator:      0.05000        0.10000        0.7854         2.2041         0.7854         0.0088         0.0162 
BAR-estimator:      0.10000        0.15000        0.4340         2.6380         0.4340         0.0092         0.0186 
BAR-estimator:      0.15000        0.20000        0.2507         2.8887         0.2507         0.0056         0.0194 
BAR-estimator:      0.20000        0.25000        0.1536         3.0423         0.1536         0.0045         0.0200 
BAR-estimator:      0.25000        0.30000        0.0828         3.1251         0.0828         0.0041         0.0204 
BAR-estimator:      0.30000        0.35000        0.0504         3.1755         0.0504         0.0040         0.0208 
BAR-estimator:      0.35000        0.40000        0.0125         3.1880         0.0125         0.0034         0.0210 
BAR-estimator:      0.40000        0.45000        0.0007         3.1887         0.0007         0.0030         0.0212 
BAR-estimator:      0.45000        0.50000       -0.0248         3.1639        -0.0248         0.0024         0.0214 
BAR-estimator:      0.50000        0.55000       -0.0514         3.1125        -0.0514         0.0036         0.0217 
BAR-estimator:      0.55000        0.60000       -0.1643         2.9482        -0.1643         0.0028         0.0219 
BAR-estimator:      0.60000        0.65000       -0.2501         2.6981        -0.2501         0.0035         0.0221 
BAR-estimator:      0.65000        0.70000       -0.3187         2.3794        -0.3187         0.0038         0.0225 
BAR-estimator:      0.70000        0.75000       -0.3751         2.0042        -0.3751         0.0034         0.0227 
BAR-estimator:      0.75000        0.80000       -0.4305         1.5737        -0.4305         0.0034         0.0230 
BAR-estimator:      0.80000        0.85000       -0.4752         1.0985        -0.4752         0.0033         0.0232 
BAR-estimator:      0.85000        0.90000       -0.5102         0.5883        -0.5102         0.0040         0.0235 
BAR-estimator:      0.90000        0.95000       -0.5278         0.0605        -0.5278         0.0036         0.0238 
BAR-estimator:      0.95000        1.00000       -0.5463        -0.4859        -0.5463         0.0037         0.0241 
BAR-estimator: total free energy change is -0.4858723878915646 , total error is 0.02408594839272324
