#========================================================================================
#                     Free energy perturbation    
#----------------------------------------------------------------------------------------
#forward/backward          λ              ΔΔA                 ΔA                  δε   
#                                                 
#----------------------------------------------------------------------------------------
forward:               0.0000              0.0000              0.0000              0.0000  
forward:               0.0500              0.6095              0.6095              0.0080  
forward:               0.1000              0.3391              0.9486              0.0100  
forward:               0.1500              0.2475              1.1960              0.0110  
forward:               0.2000              0.1834              1.3794              0.0117  
forward:               0.2500              0.1393              1.5188              0.0123  
forward:               0.3000              0.1158              1.6346              0.0128  
forward:               0.3500              0.0913              1.7259              0.0133  
forward:               0.4000              0.0764              1.8023              0.0136  
forward:               0.4500              0.0591              1.8614              0.0141  
forward:               0.5000              0.0511              1.9125              0.0144  
forward:               0.5500             -0.0082              1.9043              0.0147  
forward:               0.6000             -0.0795              1.8247              0.0150  
forward:               0.6500             -0.1500              1.6747              0.0152  
forward:               0.7000             -0.1980              1.4768              0.0155  
forward:               0.7500             -0.2302              1.2466              0.0157  
forward:               0.8000             -0.2562              0.9904              0.0160  
forward:               0.8500             -0.2780              0.7124              0.0162  
forward:               0.9000             -0.2879              0.4244              0.0164  
forward:               0.9500             -0.3017              0.1227              0.0166  
forward:               1.0000             -0.3114             -0.1887              0.0168  
backward:              1.0000              0.0000             -0.1887              0.0000  
backward:              0.9500              0.3142              0.1255              0.0032  
backward:              0.9000              0.2969              0.4224              0.0047  
backward:              0.8500              0.2890              0.7113              0.0056  
backward:              0.8000              0.2767              0.9880              0.0066  
backward:              0.7500              0.2603              1.2483              0.0075  
backward:              0.7000              0.2282              1.4766              0.0081  
backward:              0.6500              0.1962              1.6727              0.0088  
backward:              0.6000              0.1440              1.8168              0.0095  
backward:              0.5500              0.0869              1.9036              0.0101  
backward:              0.5000              0.0059              1.9095              0.0107  
backward:              0.4500             -0.0501              1.8595              0.0112  
backward:              0.4000             -0.0670              1.7925              0.0117  
backward:              0.3500             -0.0703              1.7222              0.0122  
backward:              0.3000             -0.0955              1.6267              0.0129  
backward:              0.2500             -0.1134              1.5133              0.0135  
backward:              0.2000             -0.1429              1.3704              0.0144  
backward:              0.1500             -0.1792              1.1912              0.0151  
backward:              0.1000             -0.2432              0.9480              0.0166  
backward:              0.0500             -0.3748              0.5732              0.0236  
backward:              0.0000             -0.5935             -0.0203              0.0281  
Inaccuracy estimation
======================================================================================================
                   i        i+δi          P0_overlap_P1   δε(forward)/ε   δε(backward)/ε
======================================================================================================
inaccuracy:  0.00000        0.05000           57.61           -0.00            0.72
inaccuracy:  0.05000        0.10000           71.00           -0.00            0.28
inaccuracy:  0.10000        0.15000           73.89           -0.00            0.18
inaccuracy:  0.15000        0.20000           76.98           -0.00            0.12
inaccuracy:  0.20000        0.25000           79.34           -0.00            0.10
inaccuracy:  0.25000        0.30000           79.83           -0.00            0.08
inaccuracy:  0.30000        0.35000           81.14           -0.00            0.07
inaccuracy:  0.35000        0.40000           80.51           -0.01            0.07
inaccuracy:  0.40000        0.45000           82.44           -0.00            0.06
inaccuracy:  0.45000        0.50000           81.90           -0.01            0.06
inaccuracy:  0.50000        0.55000           77.60           -0.02            0.07
inaccuracy:  0.55000        0.60000           77.59           -0.02            0.06
inaccuracy:  0.60000        0.65000           79.75           -0.02            0.05
inaccuracy:  0.65000        0.70000           79.67           -0.02            0.05
inaccuracy:  0.70000        0.75000           79.73           -0.02            0.05
inaccuracy:  0.75000        0.80000           78.62           -0.02            0.05
inaccuracy:  0.80000        0.85000           79.22           -0.02            0.05
inaccuracy:  0.85000        0.90000           78.25           -0.02            0.05
inaccuracy:  0.90000        0.95000           78.53           -0.03            0.05
inaccuracy:  0.95000        1.00000           77.93           -0.02            0.05
===================================================================================================================================
                BAR        
-----------------------------------------------------------------------------------------------------------------------------------
BAR-estimator:         λ             λ+δλ          ΔΔA             ΔA            C               Δδe            δe       
                          
-----------------------------------------------------------------------------------------------------------------------------------
BAR-estimator:      0.00000        0.05000        0.6133         0.6133         0.6133         0.0061         0.0061 
BAR-estimator:      0.05000        0.10000        0.3486         0.9618         0.3486         0.0040         0.0073 
BAR-estimator:      0.10000        0.15000        0.2462         1.2081         0.2462         0.0031         0.0079 
BAR-estimator:      0.15000        0.20000        0.1824         1.3905         0.1824         0.0028         0.0084 
BAR-estimator:      0.20000        0.25000        0.1412         1.5317         0.1412         0.0027         0.0088 
BAR-estimator:      0.25000        0.30000        0.1149         1.6467         0.1149         0.0025         0.0092 
BAR-estimator:      0.30000        0.35000        0.0922         1.7389         0.0922         0.0024         0.0095 
BAR-estimator:      0.35000        0.40000        0.0742         1.8131         0.0742         0.0020         0.0097 
BAR-estimator:      0.40000        0.45000        0.0615         1.8746         0.0615         0.0038         0.0104 
BAR-estimator:      0.45000        0.50000        0.0505         1.9251         0.0505         0.0019         0.0106 
BAR-estimator:      0.50000        0.55000       -0.0067         1.9184        -0.0067         0.0023         0.0108 
BAR-estimator:      0.55000        0.60000       -0.0824         1.8360        -0.0824         0.0022         0.0111 
BAR-estimator:      0.60000        0.65000       -0.1473         1.6886        -0.1473         0.0021         0.0113 
BAR-estimator:      0.65000        0.70000       -0.1967         1.4920        -0.1967         0.0022         0.0115 
BAR-estimator:      0.70000        0.75000       -0.2290         1.2630        -0.2290         0.0020         0.0117 
BAR-estimator:      0.75000        0.80000       -0.2583         1.0046        -0.2583         0.0022         0.0119 
BAR-estimator:      0.80000        0.85000       -0.2770         0.7277        -0.2770         0.0022         0.0121 
BAR-estimator:      0.85000        0.90000       -0.2885         0.4392        -0.2885         0.0022         0.0123 
BAR-estimator:      0.90000        0.95000       -0.3007         0.1385        -0.3007         0.0023         0.0125 
BAR-estimator:      0.95000        1.00000       -0.3119        -0.1734        -0.3119         0.0021         0.0126 
BAR-estimator: total free energy change is -0.17335579102605586 , total error is 0.012644960778361419
