#========================================================================================
#                     Free energy perturbation    
#----------------------------------------------------------------------------------------
#forward/backward          λ              ΔΔA                 ΔA                  δε   
#                                                 
#----------------------------------------------------------------------------------------
forward:               0.0000              0.0000              0.0000              0.0000  
forward:               0.0500              2.9163              2.9163              0.0412  
forward:               0.1000              1.5451              4.4614              0.0548  
forward:               0.1500              0.6678              5.1292              0.0573  
forward:               0.2000              0.2599              5.3891              0.0581  
forward:               0.2500              0.0541              5.4432              0.0587  
forward:               0.3000             -0.0517              5.3915              0.0590  
forward:               0.3500             -0.1225              5.2690              0.0594  
forward:               0.4000             -0.1880              5.0810              0.0596  
forward:               0.4500             -0.2337              4.8473              0.0599  
forward:               0.5000             -0.2654              4.5819              0.0601  
forward:               0.5500             -0.5659              4.0160              0.0606  
forward:               0.6000             -1.0937              2.9224              0.0611  
forward:               0.6500             -1.5236              1.3988              0.0617  
forward:               0.7000             -1.8903             -0.4915              0.0623  
forward:               0.7500             -2.1499             -2.6414              0.0627  
forward:               0.8000             -2.3264             -4.9678              0.0632  
forward:               0.8500             -2.4022             -7.3700              0.0635  
forward:               0.9000             -2.4554             -9.8255              0.0639  
forward:               0.9500             -2.4947            -12.3202              0.0642  
forward:               1.0000             -2.5192            -14.8394              0.0645  
backward:              1.0000              0.0000            -14.8394              0.0000  
backward:              0.9500              2.5201            -12.3192              0.0120  
backward:              0.9000              2.4741             -9.8451              0.0157  
backward:              0.8500              2.4415             -7.4036              0.0202  
backward:              0.8000              2.4200             -4.9836              0.0222  
backward:              0.7500              2.3152             -2.6684              0.0241  
backward:              0.7000              2.1363             -0.5321              0.0259  
backward:              0.6500              1.9025              1.3704              0.0278  
backward:              0.6000              1.5127              2.8831              0.0293  
backward:              0.5500              1.0448              3.9279              0.0317  
backward:              0.5000              0.5534              4.4814              0.0329  
backward:              0.4500              0.2608              4.7421              0.0334  
backward:              0.4000              0.2319              4.9740              0.0338  
backward:              0.3500              0.1957              5.1697              0.0344  
backward:              0.3000              0.1122              5.2818              0.0353  
backward:              0.2500              0.0190              5.3008              0.0377  
backward:              0.2000             -0.0654              5.2354              0.0390  
backward:              0.1500             -0.2709              4.9645              0.0421  
backward:              0.1000             -0.6671              4.2974              0.0586  
backward:              0.0500             -1.5860              2.7114              0.0757  
backward:              0.0000             -2.8543             -0.1429              0.0913  
Inaccuracy estimation
======================================================================================================
                   i        i+δi          P0_overlap_P1   δε(forward)/ε   δε(backward)/ε
======================================================================================================
inaccuracy:  0.00000        0.05000           22.01            0.17            4.09
inaccuracy:  0.05000        0.10000           31.98           -0.09            2.26
inaccuracy:  0.10000        0.15000           45.33           -0.06            1.00
inaccuracy:  0.15000        0.20000           56.81           -0.05            0.48
inaccuracy:  0.20000        0.25000           62.68           -0.04            0.28
inaccuracy:  0.25000        0.30000           66.23           -0.03            0.21
inaccuracy:  0.30000        0.35000           67.16           -0.04            0.15
inaccuracy:  0.35000        0.40000           68.82           -0.03            0.14
inaccuracy:  0.40000        0.45000           69.94           -0.03            0.12
inaccuracy:  0.45000        0.50000           70.40           -0.03            0.12
inaccuracy:  0.50000        0.55000           56.24           -0.22            0.20
inaccuracy:  0.55000        0.60000           57.70           -0.27            0.09
inaccuracy:  0.60000        0.65000           56.56           -0.36            0.03
inaccuracy:  0.65000        0.70000           55.84           -0.40           -0.04
inaccuracy:  0.70000        0.75000           56.98           -0.35           -0.06
inaccuracy:  0.75000        0.80000           57.52           -0.35           -0.08
inaccuracy:  0.80000        0.85000           55.82           -0.35           -0.10
inaccuracy:  0.85000        0.90000           55.96           -0.36           -0.10
inaccuracy:  0.90000        0.95000           55.72           -0.37           -0.09
inaccuracy:  0.95000        1.00000           53.66           -0.37           -0.13
===================================================================================================================================
                BAR        
-----------------------------------------------------------------------------------------------------------------------------------
BAR-estimator:         λ             λ+δλ          ΔΔA             ΔA            C               Δδe            δe       
                          
-----------------------------------------------------------------------------------------------------------------------------------
BAR-estimator:      0.00000        0.05000        2.9437         2.9437         2.9437         0.0132         0.0132 
BAR-estimator:      0.05000        0.10000        1.5457         4.4894         1.5457         0.0128         0.0184 
BAR-estimator:      0.10000        0.15000        0.6669         5.1563         0.6669         0.0100         0.0210 
BAR-estimator:      0.15000        0.20000        0.2641         5.4204         0.2641         0.0066         0.0220 
BAR-estimator:      0.20000        0.25000        0.0607         5.4812         0.0607         0.0053         0.0226 
BAR-estimator:      0.25000        0.30000       -0.0442         5.4370        -0.0442         0.0043         0.0230 
BAR-estimator:      0.30000        0.35000       -0.1242         5.3129        -0.1242         0.0046         0.0235 
BAR-estimator:      0.35000        0.40000       -0.1913         5.1216        -0.1913         0.0042         0.0238 
BAR-estimator:      0.40000        0.45000       -0.2337         4.8878        -0.2337         0.0038         0.0241 
BAR-estimator:      0.45000        0.50000       -0.2651         4.6227        -0.2651         0.0033         0.0244 
BAR-estimator:      0.50000        0.55000       -0.5585         4.0643        -0.5585         0.0038         0.0246 
BAR-estimator:      0.55000        0.60000       -1.0716         2.9926        -1.0716         0.0048         0.0251 
BAR-estimator:      0.60000        0.65000       -1.5189         1.4737        -1.5189         0.0048         0.0256 
BAR-estimator:      0.65000        0.70000       -1.8930        -0.4193        -1.8930         0.0049         0.0260 
BAR-estimator:      0.70000        0.75000       -2.1457        -2.5650        -2.1457         0.0045         0.0264 
BAR-estimator:      0.75000        0.80000       -2.3185        -4.8835        -2.3185         0.0054         0.0270 
BAR-estimator:      0.80000        0.85000       -2.4054        -7.2889        -2.4054         0.0050         0.0274 
BAR-estimator:      0.85000        0.90000       -2.4533        -9.7422        -2.4533         0.0049         0.0279 
BAR-estimator:      0.90000        0.95000       -2.4848       -12.2269        -2.4848         0.0054         0.0284 
BAR-estimator:      0.95000        1.00000       -2.5197       -14.7466        -2.5197         0.0049         0.0288 
BAR-estimator: total free energy change is -14.746599518134683 , total error is 0.028784869613577322
