19
 energy: -26.785144043923 gnorm: 0.023031835506 xtb: 6.7.1 (41059b4)
C           -2.61561237823260        1.40445385931872        0.00074006934494
C           -1.61790230302295        0.28894722949820       -0.00107460322657
C           -1.88412978380717       -1.05726307245935       -0.00136415366532
N           -0.70009578510875       -1.77199302313244       -0.00014668521852
C            0.35840625693753       -0.89594883788626        0.00045977549268
C           -0.18787617731991        0.41671871565733        0.00023074160837
C            0.69075485192833        1.50919054232077        0.00041689301921
C            2.05640676206739        1.27541416817683        0.00028463846846
C            2.57166967128345       -0.03320675650365        0.00031664019850
C            1.73101647781723       -1.13620900089451        0.00043676335706
H           -3.28669743530775        1.35170196665745       -0.86303540934358
H           -3.23587749745278        1.39518520923212        0.90352816241728
H           -2.11065610735370        2.37269366769054       -0.03745035859755
H           -2.83579773694367       -1.57065829426733       -0.00256308961990
H           -0.62718938823280       -2.77338791256692       -0.00071117337133
H            0.30839006015371        2.52544066391451        0.00065701218693
H            2.74497542569006        2.11416905703949        0.00015659750191
H            3.64648603893301       -0.18246565029542        0.00016844758546
H            2.12889886985933       -2.14652932514028        0.00038721374914
19
 energy: -26.786135708175 gnorm: 0.007385436307 xtb: 6.7.1 (41059b4)
C           -2.60551644412263        1.40240040854804        0.00032979223453
C           -1.61063253911994        0.29118479077476       -0.00090491855697
C           -1.87414825150262       -1.04866501284690       -0.00113933931493
N           -0.70047181349312       -1.76383708428317       -0.00037832680165
C            0.35158771413275       -0.89088033768395        0.00029986691241
C           -0.18598554568823        0.42082252383307        0.00032697260354
C            0.68952454122951        1.50811787394867        0.00052699123171
C            2.04644948885134        1.27000114364349        0.00045697327925
C            2.55705075857876       -0.03224373330544        0.00041549930582
C            1.71982847626334       -1.12883847469543        0.00037790801727
H           -3.27266565444036        1.33217865937328       -0.86051231075739
H           -3.22058144287657        1.37681797024386        0.90177563485435
H           -2.09877909240326        2.36522624552446       -0.03843305070357
H           -2.82054650144639       -1.55808575543552       -0.00237586320263
H           -0.62949843925422       -2.76632174189413       -0.00108193545119
H            0.31092526526400        2.52113622644397        0.00074233941383
H            2.73566996623324        2.10302452585120        0.00039869055550
H            3.62816378356999       -0.18017029817598        0.00028695493760
H            2.11479555211236       -2.13561472350450        0.00032560332968
19
 energy: -26.786192199687 gnorm: 0.001925030981 xtb: 6.7.1 (41059b4)
C           -2.60393659370749        1.40207919407857        0.00028159249558
C           -1.60821900202150        0.29162722784186       -0.00098327582697
C           -1.87056424984613       -1.04666470584615       -0.00134513463918
N           -0.70050785129276       -1.76159737443998       -0.00054774593324
C            0.34906793449361       -0.89036151472109        0.00013975166618
C           -0.18491623131883        0.42194098748794        0.00017992192331
C            0.68942849542226        1.50871490190363        0.00055255773520
C            2.04444022251651        1.26894034008305        0.00059129249398
C            2.55386747627732       -0.03225520643142        0.00052288957053
C            1.71713862176305       -1.12715846586319        0.00036644530540
H           -3.26994105942517        1.32645773024712       -0.85906861228003
H           -3.21624780445079        1.37263586765968        0.90168667150514
H           -2.09733085811725        2.36249554285943       -0.03962858635143
H           -2.81656081777091       -1.55389023488834       -0.00251740253690
H           -0.63012066736985       -2.76434203741195       -0.00119246382007
H            0.31102636783179        2.52051856359505        0.00088326086817
H            2.73452251307858        2.10008468462907        0.00069071539961
H            3.62395816045909       -0.17939982020410        0.00053225584032
H            2.11006516536643       -2.13357247421939        0.00029334847159
19
 energy: -26.786195696546 gnorm: 0.000456401524 xtb: 6.7.1 (41059b4)
C           -2.60468522491863        1.40222241827417        0.00023811014344
C           -1.60772643235667        0.29184264594520       -0.00110559499380
C           -1.87004323088809       -1.04656852682554       -0.00151193546637
N           -0.70049194047989       -1.76130687754406       -0.00079696865747
C            0.34865098424875       -0.89080714437290       -0.00001768026932
C           -0.18434011393329        0.42209696397817        0.00011328443819
C            0.68979396159049        1.50932792890079        0.00068196376324
C            2.04481685729717        1.26911557702282        0.00082750636518
C            2.55420502724750       -0.03248163072543        0.00068077716874
C            1.71739598944533       -1.12711315955447        0.00032126502841
H           -3.27122661257784        1.32423752524097       -0.85810956996219
H           -3.21515742811362        1.37250197367565        0.90255313599794
H           -2.09847879515056        2.36228179684560       -0.04143007288008
H           -2.81713167270922       -1.55226233766742       -0.00269430170469
H           -0.63014696090277       -2.76409722470715       -0.00147049055775
H            0.31071950296837        2.52076653806152        0.00105447240485
H            2.73558950096061        2.09978225921758        0.00107329975255
H            3.62426999644455       -0.17921300926118        0.00080688000276
H            2.10915641371574       -2.13407251014454        0.00022340131354
19
 energy: -26.786196455324 gnorm: 0.000223780840 xtb: 6.7.1 (41059b4)
C           -2.60509959870702        1.40210142040370        0.00022390356545
C           -1.60757264427037        0.29199553193064       -0.00124805677797
C           -1.87013175403263       -1.04655918607071       -0.00178842990199
N           -0.70045497729935       -1.76131305369236       -0.00104151469860
C            0.34881615554035       -0.89093911350020       -0.00012582453758
C           -0.18410517055434        0.42207188560199        0.00005939030261
C            0.69010346758295        1.50942455439987        0.00081134989744
C            2.04510046626038        1.26921544445956        0.00107675085613
C            2.55451622773580       -0.03259690253800        0.00086474713443
C            1.71776931497488       -1.12714206289266        0.00031675957835
H           -3.27303402604170        1.32259644200560       -0.85694940156334
H           -3.21400710965181        1.37340935342563        0.90369334516365
H           -2.09945884788293        2.36249892331442       -0.04365161401925
H           -2.81783078508315       -1.55132581549278       -0.00308242682260
H           -0.63005618640148       -2.76413048151622       -0.00176652212573
H            0.31066270594301        2.52077672810159        0.00129308685562
H            2.73617580415240        2.09973128081384        0.00151263721416
H            3.62468038235691       -0.17915423883007        0.00109847220707
H            2.10909639726604       -2.13440750356406        0.00014082955932
19
 energy: -26.786197278288 gnorm: 0.000393926410 xtb: 6.7.1 (41059b4)
C           -2.60535828080408        1.40183799190640        0.00015606600007
C           -1.60731046740768        0.29220092920006       -0.00153004833480
C           -1.87004992242964       -1.04641174291560       -0.00232597096830
N           -0.70043767368178       -1.76121936754620       -0.00152414881887
C            0.34888435504934       -0.89090821589063       -0.00029678191870
C           -0.18389692431851        0.42214832457055        0.00007247063646
C            0.69043226036636        1.50951422921088        0.00119050104342
C            2.04530641492454        1.26925583897153        0.00161252415051
C            2.55464643674536       -0.03272227852030        0.00121580362257
C            1.71792715859261       -1.12711489172334        0.00031759657725
H           -3.27612160452440        1.31950442878457       -0.85454339740362
H           -3.21118347581427        1.37535611748570        0.90580126249844
H           -2.10053837214337        2.36253562508489       -0.04806939650985
H           -2.81821749394896       -1.55022597960341       -0.00388999466988
H           -0.62997855225513       -2.76405691197749       -0.00240558797691
H            0.31070383389584        2.52077106362432        0.00176983535500
H            2.73669830458325        2.09952293863369        0.00228543329492
H            3.62485749354444       -0.17913196342014        0.00158805096346
H            2.10880633151404       -2.13460292951572        0.00001326434603
19
 energy: -26.786199391543 gnorm: 0.000788212658 xtb: 6.7.1 (41059b4)
C           -2.60577747931151        1.40138190202359        0.00003501180440
C           -1.60694969254514        0.29256275331727       -0.00211992594845
C           -1.86990842816268       -1.04615143653991       -0.00395970030066
N           -0.70040857522586       -1.76105376832684       -0.00264009312169
C            0.34900016662812       -0.89072440024804       -0.00035420760931
C           -0.18364707552139        0.42234352314632        0.00043166976460
C            0.69097136234368        1.50965364224822        0.00235016346176
C            2.04567138691611        1.26927789189357        0.00280586600018
C            2.55486126795745       -0.03295113146099        0.00205749725403
C            1.71810209241375       -1.12711761846026        0.00068160875082
H           -3.28384323539855        1.31220082850851       -0.84828398628185
H           -3.20384976071722        1.38104182552293        0.91117115328868
H           -2.10249169308497        2.36246488795245       -0.05934605461113
H           -2.81871146558554       -1.54865946395065       -0.00674184755763
H           -0.62978710610878       -2.76389533598265       -0.00409031835036
H            0.31090057617649        2.52081578916550        0.00332424123601
H            2.73752960519895        2.09915981850897        0.00370033967312
H            3.62512819303934       -0.17921405732279        0.00236465989650
H            2.10837968287567       -2.13488244363544        0.00005140453817
19
 energy: -26.785693810510 gnorm: 0.021272370183 xtb: 6.7.1 (41059b4)
C           -2.61148425474662        1.39548996584813       -0.00227243969904
C           -1.60228963807712        0.29728015300752       -0.01194389130717
C           -1.86797642123403       -1.04277767863615       -0.02835605287071
N           -0.69996755145709       -1.75877868121270       -0.02070693606187
C            0.35048613298373       -0.88827691709470       -0.00227885091117
C           -0.18034338932228        0.42499403307514        0.00556236869732
C            0.69806386128774        1.51156301952916        0.01976365181446
C            2.05046550490494        1.26943834925413        0.02185311497167
C            2.55771177845399       -0.03603344879766        0.01495237136591
C            1.72038008192583       -1.12717938389221        0.00462853071979
H           -3.40463562532444        1.20004361569232       -0.74921070190586
H           -3.08674501477002        1.47336520094557        0.99489237487538
H           -2.12988258091482        2.36026297564771       -0.23752092358755
H           -2.82515024228699       -1.52825652450158       -0.04845343025822
H           -0.62699045565445       -2.76166619393291       -0.03122122884523
H            0.31365139851583        2.52150091993434        0.02711262701594
H            2.74845287043347        2.09429515211183        0.02829471368711
H            3.62868844672951       -0.18041249444367        0.01665432512738
H            2.10273492044076       -2.13859885617450       -0.00031214094096
19
 energy: -26.786201495296 gnorm: 0.005206147080 xtb: 6.7.1 (41059b4)
C           -2.60847149933366        1.39829504558885       -0.00082538771208
C           -1.60470779210539        0.29477729061869       -0.00669182490880
C           -1.86893846549823       -1.04453498428172       -0.01589033977251
N           -0.70013445985749       -1.75997052864672       -0.01106993969616
C            0.34977363009440       -0.88951141533772       -0.00101423698370
C           -0.18205374106135        0.42360708674070        0.00297626739683
C            0.69441560637195        1.51050713304944        0.01058378333421
C            2.04800189375934        1.26930031235522        0.01162479520206
C            2.55624046310137       -0.03444874086407        0.00822819545263
C            1.71920411673109       -1.12714142665126        0.00294371777234
H           -3.33992275006652        1.26012384670368       -0.80002392238646
H           -3.14866070624214        1.42514120497342        0.94908302321245
H           -2.11716563110090        2.36040169159791       -0.14267906727925
H           -2.82169604360563       -1.53884147502277       -0.02716890417552
H           -0.62836323945540       -2.76282698454210       -0.01675451949858
H            0.31229644574652        2.52108657833088        0.01439872555522
H            2.74280709489758        2.09674807908283        0.01468515354331
H            3.62684498610110       -0.17982554691747        0.00881053780464
H            2.10569991341130       -2.13663396041800        0.00022142502655
19
 energy: -26.786215169539 gnorm: 0.003917444088 xtb: 6.7.1 (41059b4)
C           -2.60799463350576        1.39865501344812       -0.00080528453382
C           -1.60498319144244        0.29450117583445       -0.00664785948861
C           -1.86908116461654       -1.04474435282955       -0.01547836448764
N           -0.70020329682223       -1.76013610966302       -0.01089062143020
C            0.34963905765579       -0.88966875320845       -0.00110365736941
C           -0.18228556531534        0.42343160613648        0.00273825346098
C            0.69393262582280        1.51039734024803        0.01017006862299
C            2.04764215994113        1.26932304151070        0.01142600058240
C            2.55601170978928       -0.03425115587272        0.00816850999600
C            1.71903354686515       -1.12713691772848        0.00281240807286
H           -3.33726258006621        1.26251642247493       -0.80036655145315
H           -3.14937898874127        1.42468482944224        0.94689832517166
H           -2.11662360850889        2.35957757707307       -0.14006535827115
H           -2.82139476581505       -1.53989912072211       -0.02628014988569
H           -0.62850389688025       -2.76298448325262       -0.01640834927069
H            0.31196959583852        2.52101465418228        0.01383781069974
H            2.74208452585122        2.09706713714807        0.01455169782667
H            3.62658479389046       -0.17967856385929        0.00883854613340
H            2.10598349794758       -2.13641613400234        0.00004205751081
19
 energy: -26.786227687256 gnorm: 0.002513986809 xtb: 6.7.1 (41059b4)
C           -2.60711461090645        1.39959502000819       -0.00086262999517
C           -1.60565845475787        0.29388509925612       -0.00682742701220
C           -1.86937465457135       -1.04516897049757       -0.01508305795295
N           -0.70034639095759       -1.76043669217272       -0.01098081247114
C            0.34934579867433       -0.88996280443143       -0.00152333512767
C           -0.18282754304822        0.42308043551299        0.00230039785027
C            0.69283823048466        1.51016713556325        0.00969919143184
C            2.04686080994920        1.26932820881399        0.01151018239496
C            2.55551571421787       -0.03381443118783        0.00821189337419
C            1.71861850902762       -1.12714218058186        0.00234502485825
H           -3.33505368378191        1.26499170560195       -0.79934846143797
H           -3.14798183740237        1.42613989563260        0.94516381488355
H           -2.11471150457987        2.35810037393138       -0.13923579201482
H           -2.82056341985687       -1.54255813029707       -0.02511495852606
H           -0.62884929582917       -2.76325418330692       -0.01636441587547
H            0.31134895707662        2.52090824656174        0.01318361156377
H            2.74045140518838        2.09775571890065        0.01521120515075
H            3.62599449334722       -0.17946320273773        0.00954302028692
H            2.10667729961370       -2.13589803820997       -0.00038996949388
19
 energy: -26.786226243774 gnorm: 0.002926260476 xtb: 6.7.1 (41059b4)
C           -2.60623271926873        1.40053711034443       -0.00092019523167
C           -1.60633517502233        0.29326760448997       -0.00700756335216
C           -1.86966872013506       -1.04559451421134       -0.01468725620284
N           -0.70048975910054       -1.76073786037063       -0.01107162462330
C            0.34905188258251       -0.89025744852805       -0.00194392013109
C           -0.18337066081660        0.42272855900385        0.00186158969054
C            0.69174147896114        1.50993645576767        0.00922778603226
C            2.04607780482515        1.26933331693265        0.01159496503844
C            2.55501860721783       -0.03337675261035        0.00825561550585
C            1.71820247938050       -1.12714745639180        0.00187682512046
H           -3.33284392627777        1.26746956074475       -0.79832703721940
H           -3.14657914531950        1.42760035473308        0.94342894349116
H           -2.11279420050679        2.35662077194435       -0.13840929424659
H           -2.81973007969501       -1.54522333686665       -0.02394837278660
H           -0.62919544789051       -2.76352438252542       -0.01632122351151
H            0.31072723658536        2.52080168956869        0.01252916366224
H            2.73881470794276        2.09844576740052        0.01587268490087
H            3.62540280258434       -0.17924751601897        0.01024910131352
H            2.10737265584118       -2.13537871704698       -0.00082270556302
19
 energy: -26.786235237791 gnorm: 0.001984693993 xtb: 6.7.1 (41059b4)
C           -2.60645574680585        1.40035048582923       -0.00094698684275
C           -1.60621192176048        0.29331944830959       -0.00721835665734
C           -1.86958612698300       -1.04556043396588       -0.01544071048911
N           -0.70041723255478       -1.76070498034238       -0.01152966440841
C            0.34914305813288       -0.89021278049824       -0.00192521482792
C           -0.18324896626989        0.42277445663192        0.00200359114636
C            0.69195906139254        1.50996084823601        0.00972196445131
C            2.04623940474347        1.26930994463135        0.01209718748631
C            2.55511559039206       -0.03345162841723        0.00866910885084
C            1.71829380062318       -1.12714198612796        0.00211437508149
H           -3.33678087507076        1.26447244484287       -0.79627303343945
H           -3.14383939289847        1.43012389775684        0.94642932855547
H           -2.11297588089649        2.35707136329812       -0.14341580613303
H           -2.81981481354454       -1.54490242988283       -0.02523470009832
H           -0.62908987599028       -2.76350141101772       -0.01702940982069
H            0.31091755625019        2.52081741338882        0.01329948025173
H            2.73912576995166        2.09830190713509        0.01644970810404
H            3.62550171909925       -0.17932354258205        0.01049154787276
H            2.10729469407724       -2.13544981086576       -0.00082492719612
19
 energy: -26.786251391166 gnorm: 0.002620672308 xtb: 6.7.1 (41059b4)
C           -2.60593779279606        1.40081557199875       -0.00123898607844
C           -1.60671304103995        0.29256978370363       -0.00851815726277
C           -1.86964677166881       -1.04614637818322       -0.01887102223120
N           -0.70026353421944       -1.76115548095896       -0.01397938465392
C            0.34913904321990       -0.89059442787484       -0.00244382651999
C           -0.18353929226465        0.42232179871727        0.00257623265826
C            0.69120775228583        1.50962718399959        0.01186951336824
C            2.04570152529781        1.26924964214187        0.01490133631127
C            2.55481250442145       -0.03308112651324        0.01061265246407
C            1.71818578056605       -1.12708679373158        0.00233758716015
H           -3.35281833041824        1.25343358908191       -0.78261019145964
H           -3.12665871237010        1.44644431818576        0.95779495316267
H           -2.11194514567296        2.35613321232893       -0.16810457847063
H           -2.81896006527619       -1.54739446995135       -0.03012658558419
H           -0.62914051423566       -2.76399518301272       -0.02060662038349
H            0.31062475043045        2.52056592710670        0.01597350168623
H            2.73798837991920        2.09872869626350        0.02049254743780
H            3.62509781257098       -0.17918601470048        0.01301461013067
H            2.10803547313835       -2.13499664224172       -0.00163609984791
19
 energy: -26.786263906310 gnorm: 0.002963732046 xtb: 6.7.1 (41059b4)
C           -2.60523912796344        1.40155696902507       -0.00142819154871
C           -1.60745272876455        0.29190659986736       -0.00936466223216
C           -1.86993450292634       -1.04667280558500       -0.02156598213306
N           -0.70026219399762       -1.76174036953737       -0.01569958108274
C            0.34908675755722       -0.89104529747812       -0.00273279389297
C           -0.18402812250939        0.42179115240027        0.00318540745318
C            0.69022235391729        1.50928919756281        0.01333492442579
C            2.04506989155954        1.26933278520603        0.01715181258072
C            2.55448688733595       -0.03261843768258        0.01235678143612
C            1.71804671513413       -1.12709287285547        0.00247786667886
H           -3.36299728230024        1.24652297167906       -0.77129810618518
H           -3.11319561879176        1.45921485805337        0.96446671531761
H           -2.11136297117190        2.35429902819047       -0.18559524324497
H           -2.81813250219257       -1.55009828161655       -0.03349995165562
H           -0.62939224143312       -2.76467869989858       -0.02302531966609
H            0.31001829714397        2.52040870539255        0.01703147309601
H            2.73664272861698        2.09945828008050        0.02355546977392
H            3.62471887611617       -0.17898735420148        0.01509400495640
H            2.10887460655763       -2.13459322224258       -0.00300714218993
19
 energy: -26.786290986318 gnorm: 0.005020012848 xtb: 6.7.1 (41059b4)
C           -2.60271597163203        1.40370230698974       -0.00225107514459
C           -1.60940608570569        0.29001068652790       -0.01190195359641
C           -1.87081233327924       -1.04803042830387       -0.02839774634347
N           -0.70046794873250       -1.76303777467208       -0.02120899814834
C            0.34864507091873       -0.89220629263503       -0.00366994311178
C           -0.18539255861011        0.42042164641661        0.00465400061169
C            0.68726142300786        1.50842091664732        0.01745436505693
C            2.04304744141439        1.26951718679556        0.02349317970836
C            2.55334858084764       -0.03129124679465        0.01686983059066
C            1.71739452704185       -1.12703824061414        0.00255544440752
H           -3.39218806815860        1.22501390971720       -0.73621159525663
H           -3.07141371474584        1.49702572300928        0.98277205420092
H           -2.11073372402457        2.34763430542969       -0.23834410411340
H           -2.81595083787098       -1.55759397165986       -0.04306419742557
H           -0.63040310951222       -2.76605735622520       -0.03125081336164
H            0.30800666963742        2.51988898809882        0.02160200735838
H            2.73248562655067        2.10146056007925        0.03293862220123
H            3.62340464364178       -0.17829160959468        0.02144351676479
H            2.11106019109937       -2.13329610285208       -0.00604511251147
19
 energy: -26.786320367027 gnorm: 0.003840620890 xtb: 6.7.1 (41059b4)
C           -2.60135340001053        1.40485330933710       -0.00264761441105
C           -1.61028368260988        0.28917895266120       -0.01266487586686
C           -1.87127146847883       -1.04854173137196       -0.03017669156489
N           -0.70066477649950       -1.76347393273717       -0.02299320010812
C            0.34831684678265       -0.89269659245651       -0.00416114582208
C           -0.18604245472777        0.41985058711835        0.00498017457651
C            0.68577863980779        1.50806808662845        0.01881467126707
C            2.04201799527393        1.26956084378602        0.02555439277437
C            2.55271557470722       -0.03068745820025        0.01817161864925
C            1.71693633661411       -1.12705655968355        0.00233192480731
H           -3.39947645699955        1.21974649629725       -0.72308318007142
H           -3.05643255949122        1.50985246676894        0.98585875683329
H           -2.11116557700896        2.34369753266050       -0.25494845268056
H           -2.81489079514538       -1.56112308748388       -0.04554856208955
H           -0.63106834413049       -2.76644921577964       -0.03391153183464
H            0.30696052148893        2.51965931445380        0.02331837043502
H            2.73032439368197        2.10241358100647        0.03608531483484
H            3.62266873865580       -0.17797344531881        0.02343459672716
H            2.11210028997765       -2.13262594132653       -0.00697708456850
19
 energy: -26.786376172125 gnorm: 0.004292479210 xtb: 6.7.1 (41059b4)
C           -2.59932427650923        1.40578926368722       -0.00375969835331
C           -1.61076493030849        0.28828842587034       -0.01536424758780
C           -1.87174886002941       -1.04891209406027       -0.03526490391779
N           -0.70098819091856       -1.76361740201357       -0.02845081557727
C            0.34778351779453       -0.89321783252122       -0.00566820035154
C           -0.18651572652834        0.41921256649541        0.00508773691366
C            0.68407743529717        1.50772327754799        0.02342314622784
C            2.04052072156141        1.26957983150823        0.03115197522472
C            2.55165527988482       -0.03004059730927        0.02136394677611
C            1.71634007364065       -1.12690852263962        0.00246871819495
H           -3.42506741628181        1.19737256749333       -0.68554213382346
H           -3.01394563343128        1.54361998577187        0.99823266285654
H           -2.11778982749243        2.33413725086397       -0.30619402574577
H           -2.81419906298290       -1.56352437931459       -0.05472209782517
H           -0.63203178441294       -2.76640903037144       -0.04218809660046
H            0.30503722389398        2.51901648075430        0.03160496121917
H            2.72774152663465        2.10312362131940        0.04458811722562
H            3.62148393377098       -0.17721305988859        0.02781727031759
H            2.11290581830514       -2.13176714683370       -0.00714683328648
19
 energy: -26.786499702317 gnorm: 0.002765033027 xtb: 6.7.1 (41059b4)
C           -2.59821427300917        1.40463816985838       -0.00548458900356
C           -1.60934338074221        0.28851276493238       -0.01970699344186
C           -1.87167692435359       -1.04846262581778       -0.04233734076875
N           -0.70127801024790       -1.76278646961835       -0.03628665352939
C            0.34738286256853       -0.89314285889804       -0.00842864850828
C           -0.18583469340082        0.41923748142243        0.00451804759120
C            0.68415261405504        1.50803626308488        0.03132655838709
C            2.03989120172812        1.26963919047818        0.03889142390330
C            2.55097421333589       -0.03031191203795        0.02482701374518
C            1.71621913206015       -1.12676468713272        0.00283628254441
H           -3.46119308613429        1.16160240794221       -0.62513541643644
H           -2.95057935729334        1.59084620183532        1.01052101902798
H           -2.14013967202685        2.31661643851289       -0.38201192936279
H           -2.81601777063954       -1.55859867894769       -0.06922291117210
H           -0.63249587677326       -2.76510627434089       -0.05397950914049
H            0.30261911890226        2.51802168050426        0.04716478602696
H            2.72776800411133        2.10221220319813        0.05649287769734
H            3.62092084688201       -0.17610065878167        0.03225119417351
H            2.11201487286555       -2.13183542983420       -0.00479772984613
19
 energy: -26.786397002447 gnorm: 0.014603030883 xtb: 6.7.1 (41059b4)
C           -2.59759132445583        1.40336236598102       -0.00714792987014
C           -1.60850917368790        0.28807161307797       -0.02605004325119
C           -1.87143782317639       -1.04899347608853       -0.05663174540706
N           -0.70115117733088       -1.76336578842488       -0.04739105166352
C            0.34736613819179       -0.89383219925311       -0.01206891970323
C           -0.18547291134833        0.41850031866504        0.00556771615807
C            0.68396097350163        1.50811277077382        0.04227998198512
C            2.03941255251730        1.27011004252099        0.05169433414729
C            2.55066436007359       -0.03039668868248        0.03246964245339
C            1.71669642985827       -1.12687484672579        0.00337787662708
H           -3.51770143762030        1.11076364616162       -0.53515985569348
H           -2.85938381853605        1.66695861837479        1.03198717245158
H           -2.17187517654133        2.29214459879640       -0.49393294816348
H           -2.81791031665000       -1.55439880366160       -0.09130366702568
H           -0.63209376646411       -2.76560827369749       -0.06970685192713
H            0.29929145083379        2.51676824216284        0.06316561624792
H            2.72823527777749        2.10186845474384        0.07556011804530
H            3.62087285887544       -0.17463091970493        0.04132428510422
H            2.11179670606974       -2.13230646865974       -0.00659624862792
19
 energy: -26.786704171210 gnorm: 0.007682045048 xtb: 6.7.1 (41059b4)
C           -2.60228711053949        1.39764048922274       -0.00681163155631
C           -1.60468778214272        0.29024015277614       -0.02995696729468
C           -1.86951911755315       -1.04888118509467       -0.06704781381441
N           -0.70018263975199       -1.76383261016354       -0.05252509150625
C            0.34867802421826       -0.89340115959982       -0.01526446264436
C           -0.18320185038367        0.41911191236145        0.00554059108159
C            0.68888677315057        1.50966688516294        0.04778928449122
C            2.04253179183882        1.27128938684374        0.05823510086797
C            2.55287095883440       -0.03269234667146        0.03701027949679
C            1.71954237268463       -1.12729851564653        0.00398668220854
H           -3.53730129586170        1.08557323070319       -0.46844857962551
H           -2.81053797784115        1.70963116329046        1.02142260367187
H           -2.22233238433986        2.26535416742619       -0.54712848843632
H           -2.82572618328012       -1.53483389488905       -0.10287724896549
H           -0.62794859756127       -2.76646792766458       -0.07522497286390
H            0.29696635742133        2.51589483799480        0.06948616423302
H            2.73741966378628        2.09855680647247        0.08601997077494
H            3.62412669986750       -0.17309437765977        0.04525551428054
H            2.10787211934126       -2.13620380850490       -0.00802345251209
19
 energy: -26.786778127027 gnorm: 0.004216527156 xtb: 6.7.1 (41059b4)
C           -2.60098034209775        1.40000881970460       -0.00767665411850
C           -1.60634555165722        0.29019111471507       -0.02834682965266
C           -1.86971205903034       -1.04809175980811       -0.06405187322355
N           -0.70052015013728       -1.76308098711472       -0.05523466584166
C            0.34817585512277       -0.89264694732559       -0.01475859334195
C           -0.18417332249135        0.41959447980765        0.00604519332517
C            0.68756931191706        1.50927087533546        0.04637205528674
C            2.04169141014811        1.27047358770373        0.06017976092790
C            2.55214275164766       -0.03226319932727        0.03864383928754
C            1.71822103359049       -1.12707807042978        0.00301740159352
H           -3.53873724461031        1.08278944261402       -0.45868119488797
H           -2.80368935773666        1.71561786742936        1.01769240878176
H           -2.22211254152334        2.26196862636104       -0.55449497790465
H           -2.82272414331810       -1.54075999041846       -0.10024109122087
H           -0.62852757448369       -2.76555751483246       -0.08128178530271
H            0.29857508803517        2.51662677930857        0.06706260893285
H            2.73494510123639        2.09872060256126        0.08890834953674
H            3.62293429851623       -0.17466573101509        0.05016473150727
H            2.10843725876008       -2.13486478890949       -0.01188120179783
19
 energy: -26.786828703260 gnorm: 0.001483336059 xtb: 6.7.1 (41059b4)
C           -2.59966032197061        1.40321306895447       -0.00742720538833
C           -1.60893954111000        0.28952788904396       -0.02774545714986
C           -1.87037519828262       -1.04757461465445       -0.06453868360559
N           -0.70093041000228       -1.76271589557516       -0.05855955689060
C            0.34772844550755       -0.89212111336100       -0.01613745115124
C           -0.18560825040937        0.41978688211175        0.00582435334880
C            0.68533293146165        1.50849333520572        0.04622680145895
C            2.04047999705510        1.26957523724608        0.06363778268750
C            2.55131275961660       -0.03139233997679        0.04160936306214
C            1.71667680022629       -1.12691977466116        0.00123494348754
H           -3.54374562135326        1.07989355680382       -0.44041381832239
H           -2.78833010554083        1.73017552033825        1.01514423642068
H           -2.22402961828638        2.25448506102468       -0.56991651137156
H           -2.81841278292059       -1.55076224159167       -0.09985604406962
H           -0.62941442381254       -2.76501126332979       -0.08624951143791
H            0.30063767123309        2.51755423524235        0.06454215808378
H            2.73099173620210        2.09982989030420        0.09401341796560
H            3.62152659606135       -0.17664965606770        0.05669823809673
H            2.10992915821266       -2.13313457069777       -0.01664957333747
19
 energy: -26.786859405356 gnorm: 0.002892888618 xtb: 6.7.1 (41059b4)
C           -2.59840101470206        1.40525504896193       -0.00738337170460
C           -1.61091202290328        0.28821382009123       -0.02845548854805
C           -1.87146048619955       -1.04810835753927       -0.06725941604748
N           -0.70116390119408       -1.76333002403938       -0.06240155857358
C            0.34757924765889       -0.89252529390272       -0.01853803258711
C           -0.18676366355322        0.41916865171243        0.00507349428488
C            0.68305883200820        1.50763268762759        0.04774306889163
C            2.03921311270561        1.26929423876348        0.06746058721275
C            2.55064443940246       -0.03037963466997        0.04466455202475
C            1.71590506554787       -1.12684903400556        0.00015550563387
H           -3.55249370223950        1.07672670378819       -0.41532114970583
H           -2.76405862360007        1.75163508816698        1.01341748024760
H           -2.23092973441085        2.24431984749087       -0.59373704706993
H           -2.81551834757350       -1.55916869982783       -0.10205524647917
H           -0.63013117205007       -2.76552039583107       -0.09074435574208
H            0.30105744281377        2.51769876552431        0.06600701313389
H            2.72727946730165        2.10151948982015        0.10091800327047
H            3.62054071182100       -0.17742162962213        0.06184460610253
H            2.11172417105465       -2.13190806614946       -0.01995116245740
19
 energy: -26.786886549735 gnorm: 0.003019131140 xtb: 6.7.1 (41059b4)
C           -2.59749984404967        1.40538501344400       -0.00762207300334
C           -1.61127535472864        0.28730998719652       -0.02924381206233
C           -1.87210243580207       -1.04885925397958       -0.07056695623513
N           -0.70118980672742       -1.76409984359706       -0.06450920153204
C            0.34761399204927       -0.89327732095227       -0.01951501225608
C           -0.18709152413052        0.41836110920200        0.00553112100848
C            0.68198637682098        1.50718940595418        0.05071325212691
C            2.03848202214961        1.26954324124149        0.06990943305128
C            2.55031454575939       -0.02986311027810        0.04592724478747
C            1.71600291550287       -1.12682993561175        0.00054671347039
H           -3.55878153952646        1.07388963849433       -0.39647878562647
H           -2.74543503424120        1.76724342776672        1.01165200977664
H           -2.23865961404941        2.23668194364406       -0.61177662318876
H           -2.81520494252623       -1.56122066897790       -0.10680206645675
H           -0.63043311782154       -2.76629360686053       -0.09318207472231
H            0.29982828454526        2.51713614177319        0.07010943034081
H            2.72578925573812        2.10245858469475        0.10406038591910
H            3.62025188091997       -0.17685525751819        0.06250275260831
H            2.11257376200561       -2.13164628927608       -0.01981825611906
19
 energy: -26.786933185899 gnorm: 0.004816609999 xtb: 6.7.1 (41059b4)
C           -2.59540330096727        1.40511387892032       -0.00846872327088
C           -1.61138922327438        0.28568962651337       -0.03071731581589
C           -1.87314166758449       -1.05030789204009       -0.07856386895933
N           -0.70120782459163       -1.76561555404319       -0.06931797722478
C            0.34764480838150       -0.89497202807595       -0.02038091638319
C           -0.18746788761575        0.41656574302483        0.00798447461170
C            0.68012091179775        1.50642616994402        0.05825994182855
C            2.03700393422602        1.27026485670368        0.07517396213891
C            2.54958866410140       -0.02897803982908        0.04840726381725
C            1.71645103498228       -1.12678892551670        0.00213496052447
H           -3.57286453536591        1.06490604684583       -0.35031229751112
H           -2.70148461453659        1.80364607189096        1.00559927760849
H           -2.25930640728441        2.21772326742927       -0.65490612540560
H           -2.81562814758002       -1.56261863890284       -0.11979509371851
H           -0.63105946338059       -2.76784007888380       -0.09979017855275
H            0.29614481364366        2.51554117300583        0.08139292405756
H            2.72349927396750        2.10395214142313        0.11041191868795
H            3.61977607091388       -0.17503042156325        0.06282269386802
H            2.11389338205499       -2.13142419048655       -0.01849743841371
19
 energy: -26.786963973198 gnorm: 0.005026237907 xtb: 6.7.1 (41059b4)
C           -2.59448952249890        1.40454545399349       -0.00908477911895
C           -1.61090596193701        0.28522890720550       -0.03156739983735
C           -1.87324933430700       -1.05083274013693       -0.08259175709240
N           -0.70112841005742       -1.76619459751063       -0.07190864130272
C            0.34770589976846       -0.89575695180030       -0.02079257867068
C           -0.18731307061654        0.41574216787964        0.00949187161571
C            0.67973861155056        1.50622721985784        0.06197905187291
C            2.03651876270313        1.27067323852872        0.07810361381658
C            2.54934104958915       -0.02881822857287        0.04963068177128
C            1.71689531222923       -1.12680792214238        0.00239303472327
H           -3.57886647989028        1.05977920049074       -0.32490855874728
H           -2.67924562787722        1.82191959219111        0.99980340248207
H           -2.27302725723271        2.20675493199329       -0.67658831858490
H           -2.81662102912728       -1.56098247534877       -0.12566860509462
H           -0.63125068561314       -2.76845072490180       -0.10333985184559
H            0.29388131565978        2.51456543451173        0.08690595075176
H            2.72329640326694        2.10413834585826        0.11444181957026
H            3.61973777019990       -0.17385879857258        0.06353027616678
H            2.11415207607826       -2.13161884716429       -0.01839173058899
19
 energy: -26.787027906126 gnorm: 0.003122055137 xtb: 6.7.1 (41059b4)
C           -2.59385277128363        1.40318584720701       -0.01027773556960
C           -1.60932403183121        0.28562405624783       -0.03269775472564
C           -1.87245592506289       -1.05077783051635       -0.08742611785212
N           -0.70093939121951       -1.76623270953961       -0.07622323640857
C            0.34773730401293       -0.89628749731533       -0.02101590361256
C           -0.18649466636614        0.41516793519910        0.01164917252146
C            0.68045588668904        1.50647119568552        0.06655720255943
C            2.03642580716278        1.27117787218590        0.08304126246599
C            2.54917839015399       -0.02926597692842        0.05186530704795
C            1.71768743465183       -1.12684093996819        0.00211876448349
H           -3.58518748136993        1.04975478094610       -0.28472425193847
H           -2.64810337066852        1.84686182474788        0.98644206611926
H           -2.29822261420471        2.18813731904073       -0.70715901624421
H           -2.81939978811544       -1.55388397763366       -0.13243190871173
H           -0.63124206693472       -2.76854076536316       -0.10966554049588
H            0.29045711219591        2.51316871651695        0.09371228928719
H            2.72507507547870        2.10297219099401        0.12159863421889
H            3.61995717906742       -0.17207306541741        0.06596752399259
H            2.11341773953201       -2.13236576972912       -0.01989327525033
19
 energy: -26.787028959799 gnorm: 0.007639502492 xtb: 6.7.1 (41059b4)
C           -2.59310336744919        1.40321498194672       -0.01173852129929
C           -1.60885533440866        0.28597014828683       -0.03408455748270
C           -1.87169092340226       -1.05028174082678       -0.09386106104746
N           -0.70094968170563       -1.76579286883448       -0.08484372857789
C            0.34740940276049       -0.89625099030760       -0.02205023490599
C           -0.18634268516310        0.41495050910824        0.01361201743316
C            0.68033810675576        1.50654735034861        0.07341968657790
C            2.03572801643280        1.27122156034759        0.09243666952495
C            2.54850834560718       -0.02951116432103        0.05720014572178
C            1.71765973027244       -1.12672103349950        0.00179286446027
H           -3.60010179641166        1.03033109535872       -0.21495096168771
H           -2.59227073107654        1.89339468438260        0.96875479826181
H           -2.33464441740765        2.15639062388532       -0.76395417653172
H           -2.82062162325712       -1.54962759332083       -0.14377340243586
H           -0.63136941745226       -2.76801556171852       -0.12300868456507
H            0.28766660293481        2.51214676300194        0.10330110269903
H            2.72551402181142        2.10174648570819        0.13437323352008
H            3.61941164264765       -0.17113033635923        0.07274894892858
H            2.11288393039942       -2.13232970682698       -0.02393665670675
19
 energy: -26.787081597278 gnorm: 0.001818186831 xtb: 6.7.1 (41059b4)
C           -2.59472299031971        1.40348897009629       -0.01101455065735
C           -1.60911139909919        0.28677640674259       -0.03328984544187
C           -1.87106003290028       -1.04951233936169       -0.09018844891455
N           -0.70090428283162       -1.76488994631102       -0.08310509479126
C            0.34737105538034       -0.89508175907792       -0.02221653443873
C           -0.18630728910828        0.41610932921419        0.01198564250345
C            0.68128874958508        1.50695727652854        0.06992731766584
C            2.03652593489111        1.27065679000841        0.09046458499846
C            2.54891421002375       -0.03003299784728        0.05650073600858
C            1.71725463063214       -1.12673508352687        0.00078846287179
H           -3.59340082745727        1.03425834627161       -0.23337612013077
H           -2.61134338271796        1.87892931975781        0.97009402274597
H           -2.32721080543174        2.16265735504855       -0.74519584703566
H           -2.81998129179396       -1.54955037584944       -0.13786002173605
H           -0.63073000302291       -2.76704264150415       -0.12036880732400
H            0.29020187448392        2.51323788527248        0.09757229462842
H            2.72661930740020        2.10084031000677        0.13236911593895
H            3.61959948466589       -0.17249796514571        0.07361761046593
H            2.11216687950838       -2.13231567396336       -0.02526703547004
19
 energy: -26.787107735864 gnorm: 0.001724319424 xtb: 6.7.1 (41059b4)
C           -2.59569978340931        1.40377468408947       -0.01112887340715
C           -1.60948639555238        0.28704813843629       -0.03364794858239
C           -1.87052934623338       -1.04906272276691       -0.09276914525651
N           -0.70077016893966       -1.76431675363852       -0.08767174154114
C            0.34735401338489       -0.89428768912577       -0.02467812069610
C           -0.18640357870198        0.41672453401392        0.01163463647570
C            0.68153865341149        1.50704419167134        0.07239938361154
C            2.03670948275394        1.27009624961166        0.09531454908744
C            2.54899754015160       -0.03042291221076        0.05957504637531
C            1.71692465474223       -1.12677504724573       -0.00085363807721
H           -3.59906843488910        1.02687890452942       -0.19850188166271
H           -2.58626498374735        1.90279124712680        0.95886805114657
H           -2.34831724662010        2.14470486715103       -0.77119275213780
H           -2.81937964268683       -1.54960641228322       -0.14101320046674
H           -0.63000008371024       -2.76630749758666       -0.12625041819178
H            0.29129128490217        2.51366346204359        0.10032788905265
H            2.72690301879436        2.09999345331010        0.14094330312395
H            3.61950134850199       -0.17351981643784        0.07926164069689
H            2.11186948973555       -2.13216767432840       -0.02917929766340
19
 energy: -26.787107667958 gnorm: 0.005427623568 xtb: 6.7.1 (41059b4)
C           -2.59722537833505        1.40400440837367       -0.01230794619776
C           -1.61013229858385        0.28743539444318       -0.03526864164966
C           -1.87041927002053       -1.04826173306783       -0.09937985371872
N           -0.70051760784442       -1.76341495617039       -0.09772216236919
C            0.34763859463851       -0.89292428186616       -0.03137155268831
C           -0.18655002522689        0.41789974597149        0.00979323345188
C            0.68186421715013        1.50700687649300        0.07851560895114
C            2.03729937272665        1.26891976513550        0.10631288367079
C            2.54944015254938       -0.03107211907706        0.06635276523584
C            1.71646011792560       -1.12687623169428       -0.00382462828066
H           -3.61161151274329        1.01472716061333       -0.12023760333987
H           -2.52958851374618        1.95457278647518        0.93133727258249
H           -2.39748963163122        2.10501853663693       -0.82785670638090
H           -2.81804255214481       -1.55142223600739       -0.14718610980125
H           -0.62840120735979       -2.76514802906646       -0.13773010036044
H            0.29441439528288        2.51467320392069        0.10879077651636
H            2.72677442019973        2.09909056736258        0.15983890189905
H            3.61955454425060       -0.17602929598648        0.09010950429297
H            2.11170200480042       -2.13194635612970       -0.03672815992663
19
 energy: -26.787138054838 gnorm: 0.001556055835 xtb: 6.7.1 (41059b4)
C           -2.59731055609988        1.40413072011513       -0.01189034207734
C           -1.61031513826967        0.28735778455216       -0.03476658106552
C           -1.87068117322330       -1.04836116765696       -0.09707561686167
N           -0.70057140531709       -1.76349320139298       -0.09509922940571
C            0.34764951442742       -0.89292871179357       -0.03082222029701
C           -0.18666377940496        0.41796865140197        0.00923503748839
C            0.68179471821152        1.50698061209843        0.07633806917525
C            2.03738655570866        1.26892458893766        0.10338763379553
C            2.54952827910205       -0.03094322116368        0.06457015881315
C            1.71638793476181       -1.12685712536056       -0.00374128487356
H           -3.60712144063363        1.01995668644269       -0.14169589395029
H           -2.54632203570250        1.94040314516639        0.93722399517166
H           -2.38547142311745        2.11480805503074       -0.81096864426643
H           -2.81766298693579       -1.55273768184474       -0.14380139845504
H           -0.62846429850703       -2.76525737847228       -0.13405696089835
H            0.29510584859505        2.51495697559384        0.10600356573040
H            2.72649005954258        2.09946136971218        0.15592126140554
H            3.61960290316638       -0.17623908047634        0.08810222911148
H            2.11180824558373       -2.13187781453028       -0.03542629665336
19
 energy: -26.787129597865 gnorm: 0.003263587400 xtb: 6.7.1 (41059b4)
C           -2.59963927463991        1.40450248688915       -0.01124705636996
C           -1.61099072891484        0.28796840035107       -0.03436740010190
C           -1.87044733240414       -1.04757018062254       -0.09556235010452
N           -0.70052994134417       -1.76234173156152       -0.09608830387001
C            0.34770356090033       -0.89126213751590       -0.03313317630096
C           -0.18688361567195        0.41956440987256        0.00699867719648
C            0.68256055007172        1.50728415764221        0.07566102541446
C            2.03828026537739        1.26793668616398        0.10438221668078
C            2.55010296799128       -0.03150789770255        0.06547426047091
C            1.71571600190316       -1.12686201430678       -0.00518478565401
H           -3.60693724940530        1.01851432016666       -0.13668639388536
H           -2.54598938821426        1.94434914543756        0.93427314600327
H           -2.39122130112878        2.10920529874980       -0.81364332890643
H           -2.81631024914244       -1.55463896477748       -0.14217433930530
H           -0.62722169483882       -2.76386751024045       -0.13486834477188
H            0.29915695666486        2.51657524912954        0.10506089574151
H            2.72694765536157        2.09867805647763        0.15931338085245
H            3.61976389469945       -0.17859956817270        0.09105599190052
H            2.11110874462274       -2.13167499962044       -0.03782663310291
19
 energy: -26.787141965642 gnorm: 0.001436319575 xtb: 6.7.1 (41059b4)
C           -2.59779212020799        1.40417865801335       -0.01208238530461
C           -1.61035584366123        0.28765150677259       -0.03495727219933
C           -1.87074892660993       -1.04799616276220       -0.09711051373286
N           -0.70057930565524       -1.76305231688850       -0.09624430528240
C            0.34766116150998       -0.89243193843345       -0.03208134602219
C           -0.18669924325385        0.41848324201112        0.00825648615850
C            0.68202082689931        1.50703636063299        0.07690022106842
C            2.03763543813376        1.26859276781051        0.10476925323009
C            2.54966493733925       -0.03113105557919        0.06511642474305
C            1.71620022077430       -1.12680605797679       -0.00445621623454
H           -3.60730402361093        1.01875288982639       -0.13194806516639
H           -2.54037947176404        1.94627361446042        0.93210457757410
H           -2.39265186656273        2.10873886177219       -0.81682599599706
H           -2.81739640910367       -1.55304291187506       -0.14380780336295
H           -0.62802805684401       -2.76475811211501       -0.13543957101810
H            0.29632524142550        2.51536900084536        0.10732395739937
H            2.72650168318997        2.09919587873182        0.15882223035924
H            3.61961542415441       -0.17696467477874        0.08963945181879
H            2.11148015573505       -2.13183634410800       -0.03654164614403
19
 energy: -26.787147915451 gnorm: 0.001707244028 xtb: 6.7.1 (41059b4)
C           -2.59514773779136        1.40368379968796       -0.01330050740728
C           -1.60959719091171        0.28697208003996       -0.03589040937165
C           -1.87127294406385       -1.04876304053409       -0.10038979090969
N           -0.70063184506779       -1.76413877376859       -0.09783656112637
C            0.34757672546798       -0.89421609607197       -0.03125674950144
C           -0.18656761720021        0.41678293585417        0.01007406348487
C            0.68096016818050        1.50653273864581        0.08002388718568
C            2.03648394037484        1.26949831780026        0.10698933961648
C            2.54892971595163       -0.03050629506518        0.06555999501598
C            1.71688199640139       -1.12668363722492       -0.00372312765230
H           -3.60846934447653        1.01848383224126       -0.11221391614806
H           -2.52225891589490        1.95863727514740        0.92336391941794
H           -2.40265997021625        2.10036834642136       -0.83026149010028
H           -2.81878685047919       -1.55133533506026       -0.14788270968372
H           -0.62911696713186       -2.76605303190830       -0.13832636792252
H            0.29199115793325        2.51348162225019        0.11267792937098
H            2.72542393403056        2.10000183093791        0.16093869592601
H            3.61928879706624       -0.17454395745387        0.08855615396916
H            2.11214276971516       -2.13194940557930       -0.03566487227667
19
 energy: -26.787151319260 gnorm: 0.000865642993 xtb: 6.7.1 (41059b4)
C           -2.59552959885447        1.40393914809446       -0.01329425809754
C           -1.60975364241274        0.28705553482292       -0.03589826084855
C           -1.87120703481114       -1.04862102435267       -0.10048415169472
N           -0.70062813587578       -1.76392736500004       -0.09829842950499
C            0.34759371723455       -0.89395636553150       -0.03176718907582
C           -0.18660691990227        0.41701790157219        0.00981889048491
C            0.68103864425480        1.50654423054896        0.08042675095440
C            2.03659885227950        1.26931210212669        0.10762535488950
C            2.54901436321792       -0.03058751503333        0.06597413834217
C            1.71676362591838       -1.12669247481237       -0.00399467451775
H           -3.60866659662977        1.01833504370387       -0.10722688790185
H           -2.51949270217696        1.96146380195187        0.92075571108147
H           -2.40599793498016        2.09725836336487       -0.83298314880661
H           -2.81841956028859       -1.55187457986768       -0.14833469124806
H           -0.62899879494727       -2.76577764055458       -0.13902014209794
H            0.29263947568318        2.51371650157746        0.11296466512234
H            2.72542317977860        2.09987639424048        0.16210900435482
H            3.61929143133530       -0.17495830925756        0.08929528374949
H            2.11210745306481       -2.13187054123423       -0.03623048329815
19
 energy: -26.787155591907 gnorm: 0.000567674111 xtb: 6.7.1 (41059b4)
C           -2.59575443235526        1.40426448858920       -0.01340063295608
C           -1.61013168151784        0.28680156362608       -0.03583911601608
C           -1.87121517580494       -1.04871494094268       -0.10197061554099
N           -0.70060372112633       -1.76385226104171       -0.10062627643266
C            0.34756537660136       -0.89385049488945       -0.03283545211578
C           -0.18684128005546        0.41700072892817        0.00991603222744
C            0.68068103314898        1.50637546194105        0.08251546012115
C            2.03632897382307        1.26912611266242        0.11037203145797
C            2.54888971766981       -0.03052994525958        0.06749395892218
C            1.71661502794336       -1.12663968974615       -0.00450987823134
H           -3.60954779059931        1.01756239116560       -0.08466504293390
H           -2.50295319846008        1.97678971590897        0.91011978194333
H           -2.41999979327953        2.08378779150480       -0.84738552924150
H           -2.81788514432135       -1.55303588740686       -0.15124753311537
H           -0.62894835360130       -2.76558863428334       -0.14286890212605
H            0.29269022726969        2.51368641117587        0.11610750910036
H            2.72486131413438        2.09982672357999        0.16676163579401
H            3.61908973524197       -0.17517140617885        0.09144294993976
H            2.11232898717667       -2.13158492297371       -0.03794289890933
19
 energy: -26.787157089113 gnorm: 0.000393645400 xtb: 6.7.1 (41059b4)
C           -2.59520907546809        1.40443912649628       -0.01394282360926
C           -1.61004424085905        0.28670634832712       -0.03629840357257
C           -1.87124103216937       -1.04874791805665       -0.10363428505497
N           -0.70058710055447       -1.76394635320055       -0.10216220175359
C            0.34757556377449       -0.89409891829597       -0.03322737386699
C           -0.18682275978569        0.41671233966476        0.01041027413251
C            0.68044192238266        1.50622917479193        0.08431776365578
C            2.03607444164662        1.26919662929494        0.11233951293639
C            2.54873993003434       -0.03044321329454        0.06845251502330
C            1.71671453519360       -1.12662177637280       -0.00459090072882
H           -3.61027272142741        1.01731225935075       -0.06814006849838
H           -2.49105734287870        1.98596315842960        0.90185758716973
H           -2.42999175616209        2.07528224263497       -0.85694254059366
H           -2.81795495220238       -1.55285662512361       -0.15347430638754
H           -0.62926748792958       -2.76567750443820       -0.14536560814682
H            0.29193039761192        2.51331165397853        0.11849710398945
H            2.72459101581045        2.09984859088107        0.16932253785151
H            3.61898720234909       -0.17484034693991        0.09244213104732
H            2.11256328252153       -2.13151566176794       -0.03842343170628
19
 energy: -26.787157318029 gnorm: 0.000237248430 xtb: 6.7.1 (41059b4)
C           -2.59500694367438        1.40431722375879       -0.01389897154264
C           -1.61007346667237        0.28653452571119       -0.03609452960753
C           -1.87127708968920       -1.04892106437123       -0.10405184719928
N           -0.70054662767562       -1.76410346655060       -0.10261102956240
C            0.34756199669717       -0.89424351072640       -0.03315642742807
C           -0.18689115768066        0.41652382192027        0.01079564847564
C            0.68026000242014        1.50615461438065        0.08479682289983
C            2.03588741614368        1.26927046106688        0.11276729328434
C            2.54863576775576       -0.03036700764482        0.06863415191073
C            1.71675965220367       -1.12660386120493       -0.00455407771505
H           -3.60971669685327        1.01770139874170       -0.06408634327677
H           -2.48768738680276        1.98919421975281        0.89934870880934
H           -2.43283034642242        2.07247041187617       -0.85936338760737
H           -2.81807313424026       -1.55279534102372       -0.15408532651870
H           -0.62932079840703       -2.76583931731185       -0.14626394201744
H            0.29147294590878        2.51311666234128        0.11938919298648
H            2.72441311316255        2.09990743243961        0.16994396616274
H            3.61891926037360       -0.17458668641282        0.09256148793935
H            2.11268331534051       -2.13147731038317       -0.03863390810609
19
 energy: -26.787157395669 gnorm: 0.000137306761 xtb: 6.7.1 (41059b4)
C           -2.59511544581124        1.40433329684842       -0.01392484777191
C           -1.61011569894298        0.28656055979155       -0.03620351418955
C           -1.87123979602229       -1.04887086999351       -0.10442037707196
N           -0.70052664816797       -1.76403106472889       -0.10310641286185
C            0.34757394254461       -0.89414005303938       -0.03346842138686
C           -0.18690115777439        0.41660355597230        0.01067992995259
C            0.68029212780667        1.50615486976123        0.08509921280768
C            2.03592483395771        1.26919587612721        0.11328328153851
C            2.54866140429475       -0.03040939256617        0.06898587647584
C            1.71672298730359       -1.12660882684411       -0.00467212263556
H           -3.61018239186330        1.01729352476625       -0.05991986274700
H           -2.48495575442765        1.99169762894759        0.89761521401977
H           -2.43543694865473        2.07025025894143       -0.86185466039784
H           -2.81798904812421       -1.55286978024246       -0.15455316021691
H           -0.62922919399430       -2.76574446290052       -0.14682309794198
H            0.29168615081171        2.51318657063940        0.11970326416921
H            2.72442372165322        2.09984054652972        0.17079145547868
H            3.61891577532222       -0.17473338865567        0.09315810684736
H            2.11266096197648       -2.13145564299458       -0.03893238218111
