#========================================================================================
#                     Free energy perturbation    
#----------------------------------------------------------------------------------------
#forward/backward          λ              ΔΔA                 ΔA                  δε   
#                                                 
#----------------------------------------------------------------------------------------
forward:               0.0000              0.0000              0.0000              0.0000  
forward:               0.0500              1.6660              1.6660              0.0189  
forward:               0.1000              0.8713              2.5373              0.0254  
forward:               0.1500              0.4430              2.9803              0.0290  
forward:               0.2000              0.1930              3.1732              0.0300  
forward:               0.2500              0.0674              3.2407              0.0307  
forward:               0.3000             -0.0091              3.2316              0.0312  
forward:               0.3500             -0.0715              3.1601              0.0314  
forward:               0.4000             -0.1142              3.0459              0.0317  
forward:               0.4500             -0.1380              2.9079              0.0319  
forward:               0.5000             -0.1618              2.7461              0.0322  
forward:               0.5500             -0.3436              2.4025              0.0328  
forward:               0.6000             -0.6379              1.7646              0.0333  
forward:               0.6500             -0.9011              0.8634              0.0340  
forward:               0.7000             -1.1061             -0.2426              0.0346  
forward:               0.7500             -1.2563             -1.4990              0.0353  
forward:               0.8000             -1.2913             -2.7902              0.0357  
forward:               0.8500             -1.2944             -4.0846              0.0360  
forward:               0.9000             -1.2713             -5.3560              0.0361  
forward:               0.9500             -1.2541             -6.6101              0.0363  
forward:               1.0000             -1.2264             -7.8365              0.0366  
backward:              1.0000              0.0000             -7.8365              0.0000  
backward:              0.9500              1.2325             -6.6040              0.0062  
backward:              0.9000              1.2337             -5.3703              0.0128  
backward:              0.8500              1.2684             -4.1018              0.0144  
backward:              0.8000              1.2870             -2.8148              0.0157  
backward:              0.7500              1.2876             -1.5273              0.0170  
backward:              0.7000              1.2335             -0.2938              0.0185  
backward:              0.6500              1.1156              0.8218              0.0202  
backward:              0.6000              0.8912              1.7131              0.0216  
backward:              0.5500              0.6319              2.3450              0.0225  
backward:              0.5000              0.3421              2.6871              0.0235  
backward:              0.4500              0.1572              2.8443              0.0239  
backward:              0.4000              0.1374              2.9817              0.0244  
backward:              0.3500              0.1054              3.0871              0.0251  
backward:              0.3000              0.0624              3.1496              0.0257  
backward:              0.2500              0.0057              3.1553              0.0270  
backward:              0.2000             -0.0707              3.0846              0.0282  
backward:              0.1500             -0.2092              2.8754              0.0307  
backward:              0.1000             -0.4489              2.4265              0.0366  
backward:              0.0500             -0.8818              1.5447              0.0435  
backward:              0.0000             -1.6635             -0.1187              0.0595  
Inaccuracy estimation
======================================================================================================
                   i        i+δi          P0_overlap_P1   δε(forward)/ε   δε(backward)/ε
======================================================================================================
inaccuracy:  0.00000        0.05000           35.56           -0.04            1.76
inaccuracy:  0.05000        0.10000           46.49           -0.04            1.03
inaccuracy:  0.10000        0.15000           55.61           -0.03            0.59
inaccuracy:  0.15000        0.20000           64.05           -0.02            0.31
inaccuracy:  0.20000        0.25000           68.17           -0.01            0.20
inaccuracy:  0.25000        0.30000           70.46           -0.02            0.15
inaccuracy:  0.30000        0.35000           73.12           -0.01            0.13
inaccuracy:  0.35000        0.40000           73.98           -0.02            0.10
inaccuracy:  0.40000        0.45000           74.18           -0.01            0.09
inaccuracy:  0.45000        0.50000           74.51           -0.02            0.09
inaccuracy:  0.50000        0.55000           63.22           -0.11            0.16
inaccuracy:  0.55000        0.60000           64.81           -0.15            0.09
inaccuracy:  0.60000        0.65000           64.49           -0.17            0.06
inaccuracy:  0.65000        0.70000           62.88           -0.18            0.04
inaccuracy:  0.70000        0.75000           66.29           -0.14            0.02
inaccuracy:  0.75000        0.80000           64.87           -0.13            0.02
inaccuracy:  0.80000        0.85000           65.22           -0.12            0.03
inaccuracy:  0.85000        0.90000           65.36           -0.11            0.03
inaccuracy:  0.90000        0.95000           64.92           -0.13            0.04
inaccuracy:  0.95000        1.00000           63.46           -0.14            0.05
===================================================================================================================================
                BAR        
-----------------------------------------------------------------------------------------------------------------------------------
BAR-estimator:         λ             λ+δλ          ΔΔA             ΔA            C               Δδe            δe       
                          
-----------------------------------------------------------------------------------------------------------------------------------
BAR-estimator:      0.00000        0.05000        1.6604         1.6604         1.6604         0.0098         0.0098 
BAR-estimator:      0.05000        0.10000        0.8868         2.5473         0.8868         0.0074         0.0123 
BAR-estimator:      0.10000        0.15000        0.4441         2.9914         0.4441         0.0084         0.0148 
BAR-estimator:      0.15000        0.20000        0.2005         3.1919         0.2005         0.0050         0.0157 
BAR-estimator:      0.20000        0.25000        0.0687         3.2606         0.0687         0.0047         0.0164 
BAR-estimator:      0.25000        0.30000       -0.0097         3.2509        -0.0097         0.0038         0.0168 
BAR-estimator:      0.30000        0.35000       -0.0676         3.1833        -0.0676         0.0036         0.0172 
BAR-estimator:      0.35000        0.40000       -0.1102         3.0731        -0.1102         0.0032         0.0175 
BAR-estimator:      0.40000        0.45000       -0.1373         2.9358        -0.1373         0.0029         0.0177 
BAR-estimator:      0.45000        0.50000       -0.1599         2.7759        -0.1599         0.0030         0.0179 
BAR-estimator:      0.50000        0.55000       -0.3358         2.4400        -0.3358         0.0038         0.0183 
BAR-estimator:      0.55000        0.60000       -0.6358         1.8042        -0.6358         0.0037         0.0187 
BAR-estimator:      0.60000        0.65000       -0.8980         0.9063        -0.8980         0.0040         0.0192 
BAR-estimator:      0.65000        0.70000       -1.1139        -0.2077        -1.1139         0.0041         0.0196 
BAR-estimator:      0.70000        0.75000       -1.2467        -1.4544        -1.2467         0.0040         0.0200 
BAR-estimator:      0.75000        0.80000       -1.2917        -2.7460        -1.2917         0.0038         0.0204 
BAR-estimator:      0.80000        0.85000       -1.2916        -4.0377        -1.2916         0.0037         0.0207 
BAR-estimator:      0.85000        0.90000       -1.2709        -5.3085        -1.2709         0.0034         0.0210 
BAR-estimator:      0.90000        0.95000       -1.2503        -6.5588        -1.2503         0.0041         0.0214 
BAR-estimator:      0.95000        1.00000       -1.2296        -7.7884        -1.2296         0.0049         0.0219 
BAR-estimator: total free energy change is -7.788439463860641 , total error is 0.02193316827621201
