#========================================================================================
#                     Free energy perturbation    
#----------------------------------------------------------------------------------------
#forward/backward          λ              ΔΔA                 ΔA                  δε   
#                                                 
#----------------------------------------------------------------------------------------
forward:               0.0000              0.0000              0.0000              0.0000  
forward:               0.0500              0.6854              0.6854              0.0105  
forward:               0.1000              0.4186              1.1039              0.0152  
forward:               0.1500              0.2583              1.3622              0.0171  
forward:               0.2000              0.1718              1.5340              0.0181  
forward:               0.2500              0.1211              1.6551              0.0189  
forward:               0.3000              0.0692              1.7243              0.0195  
forward:               0.3500              0.0431              1.7675              0.0199  
forward:               0.4000              0.0208              1.7882              0.0207  
forward:               0.4500              0.0114              1.7997              0.0210  
forward:               0.5000             -0.0022              1.7975              0.0214  
forward:               0.5500             -0.2061              1.5914              0.0225  
forward:               0.6000             -0.5347              1.0568              0.0235  
forward:               0.6500             -0.8113              0.2455              0.0252  
forward:               0.7000             -1.0527             -0.8072              0.0272  
forward:               0.7500             -1.1746             -1.9818              0.0282  
forward:               0.8000             -1.2136             -3.1954              0.0292  
forward:               0.8500             -1.1979             -4.3934              0.0298  
forward:               0.9000             -1.1437             -5.5370              0.0303  
forward:               0.9500             -1.0970             -6.6341              0.0307  
forward:               1.0000             -1.0337             -7.6678              0.0309  
backward:              1.0000              0.0000             -7.6678              0.0000  
backward:              0.9500              1.0300             -6.6378              0.0061  
backward:              0.9000              1.0848             -5.5530              0.0083  
backward:              0.8500              1.1586             -4.3944              0.0105  
backward:              0.8000              1.1917             -3.2027              0.0128  
backward:              0.7500              1.2179             -1.9848              0.0145  
backward:              0.7000              1.1682             -0.8165              0.0175  
backward:              0.6500              1.0514              0.2348              0.0199  
backward:              0.6000              0.7980              1.0328              0.0217  
backward:              0.5500              0.5146              1.5475              0.0227  
backward:              0.5000              0.1945              1.7419              0.0239  
backward:              0.4500              0.0053              1.7473              0.0242  
backward:              0.4000             -0.0168              1.7305              0.0247  
backward:              0.3500             -0.0183              1.7122              0.0251  
backward:              0.3000             -0.0438              1.6684              0.0255  
backward:              0.2500             -0.0686              1.5998              0.0261  
backward:              0.2000             -0.1184              1.4814              0.0270  
backward:              0.1500             -0.1653              1.3161              0.0278  
backward:              0.1000             -0.2542              1.0620              0.0291  
backward:              0.0500             -0.4127              0.6493              0.0322  
backward:              0.0000             -0.6948             -0.0455              0.0371  
Inaccuracy estimation
======================================================================================================
                   i        i+δi          P0_overlap_P1   δε(forward)/ε   δε(backward)/ε
======================================================================================================
inaccuracy:  0.00000        0.05000           56.28           -0.01            0.55
inaccuracy:  0.05000        0.10000           63.44           -0.00            0.37
inaccuracy:  0.10000        0.15000           69.53           -0.00            0.24
inaccuracy:  0.15000        0.20000           72.60           -0.00            0.17
inaccuracy:  0.20000        0.25000           75.01           -0.00            0.13
inaccuracy:  0.25000        0.30000           77.02           -0.00            0.11
inaccuracy:  0.30000        0.35000           78.41           -0.00            0.09
inaccuracy:  0.35000        0.40000           78.26           -0.00            0.08
inaccuracy:  0.40000        0.45000           79.70           -0.01            0.08
inaccuracy:  0.45000        0.50000           78.97           -0.00            0.07
inaccuracy:  0.50000        0.55000           66.00           -0.09            0.16
inaccuracy:  0.55000        0.60000           67.49           -0.13            0.08
inaccuracy:  0.60000        0.65000           65.72           -0.17            0.05
inaccuracy:  0.65000        0.70000           65.29           -0.16            0.03
inaccuracy:  0.70000        0.75000           65.80           -0.17            0.02
inaccuracy:  0.75000        0.80000           65.20           -0.16            0.03
inaccuracy:  0.80000        0.85000           65.53           -0.13            0.04
inaccuracy:  0.85000        0.90000           64.30           -0.14            0.05
inaccuracy:  0.90000        0.95000           64.98           -0.12            0.06
inaccuracy:  0.95000        1.00000           63.94           -0.13            0.07
===================================================================================================================================
                BAR        
-----------------------------------------------------------------------------------------------------------------------------------
BAR-estimator:         λ             λ+δλ          ΔΔA             ΔA            C               Δδe            δe       
                          
-----------------------------------------------------------------------------------------------------------------------------------
BAR-estimator:      0.00000        0.05000        0.6857         0.6857         0.6857         0.0063         0.0063 
BAR-estimator:      0.05000        0.10000        0.4150         1.1008         0.4150         0.0068         0.0093 
BAR-estimator:      0.10000        0.15000        0.2587         1.3595         0.2587         0.0049         0.0105 
BAR-estimator:      0.15000        0.20000        0.1710         1.5305         0.1710         0.0042         0.0113 
BAR-estimator:      0.20000        0.25000        0.1184         1.6490         0.1184         0.0039         0.0120 
BAR-estimator:      0.25000        0.30000        0.0694         1.7183         0.0694         0.0030         0.0123 
BAR-estimator:      0.30000        0.35000        0.0451         1.7634         0.0451         0.0033         0.0128 
BAR-estimator:      0.35000        0.40000        0.0202         1.7837         0.0202         0.0040         0.0134 
BAR-estimator:      0.40000        0.45000        0.0138         1.7974         0.0138         0.0029         0.0137 
BAR-estimator:      0.45000        0.50000       -0.0031         1.7943        -0.0031         0.0027         0.0140 
BAR-estimator:      0.50000        0.55000       -0.2025         1.5918        -0.2025         0.0040         0.0145 
BAR-estimator:      0.55000        0.60000       -0.5243         1.0674        -0.5243         0.0040         0.0151 
BAR-estimator:      0.60000        0.65000       -0.8069         0.2606        -0.8069         0.0045         0.0157 
BAR-estimator:      0.65000        0.70000       -1.0521        -0.7915        -1.0521         0.0055         0.0167 
BAR-estimator:      0.70000        0.75000       -1.1789        -1.9704        -1.1789         0.0046         0.0173 
BAR-estimator:      0.75000        0.80000       -1.2210        -3.1914        -1.2210         0.0045         0.0179 
BAR-estimator:      0.80000        0.85000       -1.1978        -4.3892        -1.1978         0.0042         0.0183 
BAR-estimator:      0.85000        0.90000       -1.1542        -5.5434        -1.1542         0.0039         0.0188 
BAR-estimator:      0.90000        0.95000       -1.0900        -6.6334        -1.0900         0.0045         0.0193 
BAR-estimator:      0.95000        1.00000       -1.0356        -7.6690        -1.0356         0.0044         0.0198 
BAR-estimator: total free energy change is -7.669024222288924 , total error is 0.019790582376244824
