#========================================================================================
#                     Free energy perturbation    
#----------------------------------------------------------------------------------------
#forward/backward          λ              ΔΔA                 ΔA                  δε   
#                                                 
#----------------------------------------------------------------------------------------
forward:               0.0000              0.0000              0.0000              0.0000  
forward:               0.0500              1.4169              1.4169              0.0217  
forward:               0.1000              0.6919              2.1089              0.0252  
forward:               0.1500              0.3883              2.4971              0.0271  
forward:               0.2000              0.2316              2.7287              0.0284  
forward:               0.2500              0.1410              2.8698              0.0291  
forward:               0.3000              0.0701              2.9399              0.0296  
forward:               0.3500              0.0438              2.9837              0.0301  
forward:               0.4000              0.0226              3.0063              0.0306  
forward:               0.4500             -0.0091              2.9972              0.0309  
forward:               0.5000             -0.0328              2.9643              0.0313  
forward:               0.5500             -0.0814              2.8829              0.0317  
forward:               0.6000             -0.1532              2.7297              0.0320  
forward:               0.6500             -0.2146              2.5151              0.0322  
forward:               0.7000             -0.2594              2.2556              0.0325  
forward:               0.7500             -0.2917              1.9640              0.0327  
forward:               0.8000             -0.3348              1.6292              0.0329  
forward:               0.8500             -0.3573              1.2718              0.0331  
forward:               0.9000             -0.3925              0.8793              0.0332  
forward:               0.9500             -0.4120              0.4673              0.0334  
forward:               1.0000             -0.4267              0.0406              0.0337  
backward:              1.0000              0.0000              0.0406              0.0000  
backward:              0.9500              0.4305              0.4711              0.0037  
backward:              0.9000              0.4036              0.8747              0.0057  
backward:              0.8500              0.3815              1.2562              0.0071  
backward:              0.8000              0.3591              1.6154              0.0082  
backward:              0.7500              0.3262              1.9416              0.0092  
backward:              0.7000              0.2965              2.2380              0.0101  
backward:              0.6500              0.2561              2.4941              0.0109  
backward:              0.6000              0.2032              2.6973              0.0117  
backward:              0.5500              0.1551              2.8525              0.0125  
backward:              0.5000              0.0749              2.9274              0.0136  
backward:              0.4500              0.0333              2.9606              0.0143  
backward:              0.4000              0.0171              2.9778              0.0152  
backward:              0.3500             -0.0110              2.9668              0.0159  
backward:              0.3000             -0.0484              2.9184              0.0168  
backward:              0.2500             -0.0831              2.8353              0.0178  
backward:              0.2000             -0.1315              2.7038              0.0191  
backward:              0.1500             -0.2199              2.4839              0.0244  
backward:              0.1000             -0.4015              2.0824              0.0281  
backward:              0.0500             -0.6861              1.3963              0.0321  
backward:              0.0000             -1.3369              0.0593              0.0478  
Inaccuracy estimation
======================================================================================================
                   i        i+δi          P0_overlap_P1   δε(forward)/ε   δε(backward)/ε
======================================================================================================
inaccuracy:  0.00000        0.05000           36.17           -0.03            2.52
inaccuracy:  0.05000        0.10000           53.65           -0.02            0.67
inaccuracy:  0.10000        0.15000           63.04           -0.01            0.36
inaccuracy:  0.15000        0.20000           67.10           -0.01            0.24
inaccuracy:  0.20000        0.25000           71.23           -0.01            0.17
inaccuracy:  0.25000        0.30000           75.24           -0.01            0.12
inaccuracy:  0.30000        0.35000           74.99           -0.01            0.11
inaccuracy:  0.35000        0.40000           75.07           -0.01            0.10
inaccuracy:  0.40000        0.45000           75.70           -0.01            0.09
inaccuracy:  0.45000        0.50000           77.15           -0.01            0.08
inaccuracy:  0.50000        0.55000           74.54           -0.02            0.09
inaccuracy:  0.55000        0.60000           74.86           -0.03            0.08
inaccuracy:  0.60000        0.65000           77.03           -0.02            0.07
inaccuracy:  0.65000        0.70000           75.94           -0.02            0.07
inaccuracy:  0.70000        0.75000           75.41           -0.02            0.06
inaccuracy:  0.75000        0.80000           76.47           -0.03            0.06
inaccuracy:  0.80000        0.85000           75.70           -0.03            0.06
inaccuracy:  0.85000        0.90000           76.72           -0.03            0.05
inaccuracy:  0.90000        0.95000           76.99           -0.03            0.05
inaccuracy:  0.95000        1.00000           75.32           -0.03            0.05
===================================================================================================================================
                BAR        
-----------------------------------------------------------------------------------------------------------------------------------
BAR-estimator:         λ             λ+δλ          ΔΔA             ΔA            C               Δδe            δe       
                          
-----------------------------------------------------------------------------------------------------------------------------------
BAR-estimator:      0.00000        0.05000        1.4151         1.4151         1.4151         0.0100         0.0100 
BAR-estimator:      0.05000        0.10000        0.6898         2.1049         0.6898         0.0083         0.0130 
BAR-estimator:      0.10000        0.15000        0.3940         2.4989         0.3940         0.0063         0.0144 
BAR-estimator:      0.15000        0.20000        0.2262         2.7251         0.2262         0.0052         0.0153 
BAR-estimator:      0.20000        0.25000        0.1387         2.8638         0.1387         0.0042         0.0159 
BAR-estimator:      0.25000        0.30000        0.0771         2.9409         0.0771         0.0038         0.0163 
BAR-estimator:      0.30000        0.35000        0.0458         2.9867         0.0458         0.0036         0.0167 
BAR-estimator:      0.35000        0.40000        0.0177         3.0045         0.0177         0.0032         0.0170 
BAR-estimator:      0.40000        0.45000       -0.0130         2.9915        -0.0130         0.0029         0.0173 
BAR-estimator:      0.45000        0.50000       -0.0319         2.9596        -0.0319         0.0028         0.0175 
BAR-estimator:      0.50000        0.55000       -0.0790         2.8806        -0.0790         0.0033         0.0178 
BAR-estimator:      0.55000        0.60000       -0.1530         2.7275        -0.1530         0.0031         0.0181 
BAR-estimator:      0.60000        0.65000       -0.2081         2.5195        -0.2081         0.0025         0.0183 
BAR-estimator:      0.65000        0.70000       -0.2578         2.2617        -0.2578         0.0029         0.0185 
BAR-estimator:      0.70000        0.75000       -0.2921         1.9696        -0.2921         0.0029         0.0187 
BAR-estimator:      0.75000        0.80000       -0.3330         1.6366        -0.3330         0.0027         0.0189 
BAR-estimator:      0.80000        0.85000       -0.3587         1.2779        -0.3587         0.0028         0.0191 
BAR-estimator:      0.85000        0.90000       -0.3899         0.8881        -0.3899         0.0027         0.0193 
BAR-estimator:      0.90000        0.95000       -0.4092         0.4789        -0.4092         0.0022         0.0194 
BAR-estimator:      0.95000        1.00000       -0.4294         0.0495        -0.4294         0.0030         0.0197 
BAR-estimator: total free energy change is 0.04946896274215595 , total error is 0.019657898031353
