#========================================================================================
#                     Free energy perturbation    
#----------------------------------------------------------------------------------------
#forward/backward          λ              ΔΔA                 ΔA                  δε   
#                                                 
#----------------------------------------------------------------------------------------
forward:               0.0000              0.0000              0.0000              0.0000  
forward:               0.0500              1.1304              1.1304              0.0176  
forward:               0.1000              0.5972              1.7276              0.0213  
forward:               0.1500              0.3087              2.0364              0.0231  
forward:               0.2000              0.1818              2.2182              0.0240  
forward:               0.2500              0.1071              2.3253              0.0249  
forward:               0.3000              0.0556              2.3809              0.0255  
forward:               0.3500              0.0341              2.4150              0.0258  
forward:               0.4000             -0.0070              2.4080              0.0262  
forward:               0.4500             -0.0188              2.3892              0.0265  
forward:               0.5000             -0.0398              2.3495              0.0268  
forward:               0.5500             -0.1079              2.2415              0.0272  
forward:               0.6000             -0.2507              1.9908              0.0280  
forward:               0.6500             -0.4027              1.5881              0.0285  
forward:               0.7000             -0.5193              1.0687              0.0290  
forward:               0.7500             -0.6119              0.4569              0.0295  
forward:               0.8000             -0.6792             -0.2223              0.0299  
forward:               0.8500             -0.7189             -0.9411              0.0302  
forward:               0.9000             -0.7363             -1.6774              0.0304  
forward:               0.9500             -0.7471             -2.4245              0.0307  
forward:               1.0000             -0.7450             -3.1695              0.0310  
backward:              1.0000              0.0000             -3.1695              0.0000  
backward:              0.9500              0.7425             -2.4270              0.0049  
backward:              0.9000              0.7386             -1.6884              0.0068  
backward:              0.8500              0.7349             -0.9535              0.0083  
backward:              0.8000              0.7144             -0.2391              0.0098  
backward:              0.7500              0.6884              0.4492              0.0112  
backward:              0.7000              0.6198              1.0691              0.0123  
backward:              0.6500              0.5237              1.5927              0.0134  
backward:              0.6000              0.4023              1.9950              0.0144  
backward:              0.5500              0.2657              2.2607              0.0153  
backward:              0.5000              0.1068              2.3675              0.0161  
backward:              0.4500              0.0390              2.4064              0.0167  
backward:              0.4000              0.0227              2.4292              0.0173  
backward:              0.3500              0.0082              2.4374              0.0183  
backward:              0.3000             -0.0298              2.4076              0.0192  
backward:              0.2500             -0.0708              2.3368              0.0209  
backward:              0.2000             -0.1036              2.2333              0.0221  
backward:              0.1500             -0.1745              2.0588              0.0238  
backward:              0.1000             -0.3371              1.7217              0.0266  
backward:              0.0500             -0.6878              1.0338              0.0619  
backward:              0.0000             -1.1618             -0.1279              0.0672  
Inaccuracy estimation
======================================================================================================
                   i        i+δi          P0_overlap_P1   δε(forward)/ε   δε(backward)/ε
======================================================================================================
inaccuracy:  0.00000        0.05000           43.98           -0.03            1.04
inaccuracy:  0.05000        0.10000           54.64           -0.01            0.66
inaccuracy:  0.10000        0.15000           66.15           -0.01            0.30
inaccuracy:  0.15000        0.20000           70.01           -0.01            0.21
inaccuracy:  0.20000        0.25000           73.15           -0.00            0.15
inaccuracy:  0.25000        0.30000           75.35           -0.01            0.11
inaccuracy:  0.30000        0.35000           75.30           -0.01            0.10
inaccuracy:  0.35000        0.40000           76.51           -0.01            0.09
inaccuracy:  0.40000        0.45000           77.06           -0.01            0.09
inaccuracy:  0.45000        0.50000           78.18           -0.01            0.07
inaccuracy:  0.50000        0.55000           71.76           -0.05            0.11
inaccuracy:  0.55000        0.60000           70.73           -0.06            0.08
inaccuracy:  0.60000        0.65000           71.95           -0.06            0.07
inaccuracy:  0.65000        0.70000           71.32           -0.08            0.06
inaccuracy:  0.70000        0.75000           71.76           -0.06            0.06
inaccuracy:  0.75000        0.80000           71.74           -0.07            0.05
inaccuracy:  0.80000        0.85000           72.60           -0.05            0.04
inaccuracy:  0.85000        0.90000           72.05           -0.05            0.05
inaccuracy:  0.90000        0.95000           72.12           -0.07            0.05
inaccuracy:  0.95000        1.00000           71.42           -0.05            0.05
===================================================================================================================================
                BAR        
-----------------------------------------------------------------------------------------------------------------------------------
BAR-estimator:         λ             λ+δλ          ΔΔA             ΔA            C               Δδe            δe       
                          
-----------------------------------------------------------------------------------------------------------------------------------
BAR-estimator:      0.00000        0.05000        1.1274         1.1274         1.1274         0.0102         0.0102 
BAR-estimator:      0.05000        0.10000        0.5990         1.7264         0.5990         0.0079         0.0129 
BAR-estimator:      0.10000        0.15000        0.3181         2.0445         0.3181         0.0057         0.0141 
BAR-estimator:      0.15000        0.20000        0.1796         2.2242         0.1796         0.0052         0.0151 
BAR-estimator:      0.20000        0.25000        0.1069         2.3310         0.1069         0.0041         0.0156 
BAR-estimator:      0.25000        0.30000        0.0582         2.3893         0.0582         0.0036         0.0160 
BAR-estimator:      0.30000        0.35000        0.0299         2.4191         0.0299         0.0032         0.0163 
BAR-estimator:      0.35000        0.40000       -0.0081         2.4110        -0.0081         0.0030         0.0166 
BAR-estimator:      0.40000        0.45000       -0.0198         2.3912        -0.0198         0.0029         0.0169 
BAR-estimator:      0.45000        0.50000       -0.0405         2.3507        -0.0405         0.0026         0.0171 
BAR-estimator:      0.50000        0.55000       -0.1081         2.2426        -0.1081         0.0035         0.0174 
BAR-estimator:      0.55000        0.60000       -0.2571         1.9856        -0.2571         0.0036         0.0178 
BAR-estimator:      0.60000        0.65000       -0.4008         1.5848        -0.4008         0.0034         0.0181 
BAR-estimator:      0.65000        0.70000       -0.5219         1.0629        -0.5219         0.0034         0.0184 
BAR-estimator:      0.70000        0.75000       -0.6123         0.4506        -0.6123         0.0033         0.0187 
BAR-estimator:      0.75000        0.80000       -0.6835        -0.2329        -0.6835         0.0037         0.0191 
BAR-estimator:      0.80000        0.85000       -0.7158        -0.9487        -0.7158         0.0032         0.0193 
BAR-estimator:      0.85000        0.90000       -0.7339        -1.6826        -0.7339         0.0034         0.0196 
BAR-estimator:      0.90000        0.95000       -0.7424        -2.4250        -0.7424         0.0033         0.0199 
BAR-estimator:      0.95000        1.00000       -0.7437        -3.1687        -0.7437         0.0034         0.0202 
BAR-estimator: total free energy change is -3.1687079640302525 , total error is 0.020197083618453824
