2025-04-09 05:45:18,902 -   censo.qm_processor   -   INFO   - worker291740:Running sp calculation in /home/michael/Documents/CHEM4561/automated/1813/0_PRESCREENING/CONF1/sp.
2025-04-09 05:45:22,249 -     censo.parallel     -   INFO   - All jobs executed successfully.
2025-04-09 05:45:22,268 -   censo.qm_processor   -   INFO   - worker291844:Running sp calculation in /home/michael/Documents/CHEM4561/automated/1813/1_SCREENING/CONF1/sp.
2025-04-09 05:45:33,416 -     censo.parallel     -   INFO   - All jobs executed successfully.
2025-04-09 05:45:33,435 -   censo.qm_processor   -   INFO   - worker292014:Running xtb_opt calculation in /home/michael/Documents/CHEM4561/automated/1813/2_OPTIMIZATION/CONF1/xtb_opt.
2025-04-09 05:46:32,601 -     censo.parallel     -   INFO   - All jobs executed successfully.
2025-04-09 05:46:32,617 -   censo.qm_processor   -   INFO   - worker292327:Running xtb_rrho calculation in /home/michael/Documents/CHEM4561/automated/1813/2_OPTIMIZATION/CONF1/xtb_rrho.
2025-04-09 05:46:33,367 -     censo.parallel     -   INFO   - All jobs executed successfully.
2025-04-09 05:46:33,386 -   censo.qm_processor   -   INFO   - worker292423:Running sp calculation in /home/michael/Documents/CHEM4561/automated/1813/3_REFINEMENT/CONF1/sp.
2025-04-09 05:48:45,161 -     censo.parallel     -   INFO   - All jobs executed successfully.
2025-04-09 05:48:45,246 -   censo.qm_processor   -   INFO   - worker292995:Running sp calculation in /home/michael/Documents/CHEM4561/automated/1813/0_PRESCREENING/CONF1/sp.
2025-04-09 05:48:46,746 -     censo.parallel     -   INFO   - All jobs executed successfully.
2025-04-09 05:48:46,765 -   censo.qm_processor   -   INFO   - worker293119:Running sp calculation in /home/michael/Documents/CHEM4561/automated/1813/1_SCREENING/CONF1/sp.
2025-04-09 05:48:58,031 -     censo.parallel     -   INFO   - All jobs executed successfully.
2025-04-09 05:48:58,048 -   censo.qm_processor   -   INFO   - worker293270:Running xtb_opt calculation in /home/michael/Documents/CHEM4561/automated/1813/2_OPTIMIZATION/CONF1/xtb_opt.
2025-04-09 05:49:56,264 -     censo.parallel     -   INFO   - All jobs executed successfully.
2025-04-09 05:49:56,280 -   censo.qm_processor   -   INFO   - worker293571:Running xtb_rrho calculation in /home/michael/Documents/CHEM4561/automated/1813/2_OPTIMIZATION/CONF1/xtb_rrho.
2025-04-09 05:49:57,039 -     censo.parallel     -   INFO   - All jobs executed successfully.
2025-04-09 05:49:57,057 -   censo.qm_processor   -   INFO   - worker293665:Running sp calculation in /home/michael/Documents/CHEM4561/automated/1813/3_REFINEMENT/CONF1/sp.
2025-04-09 05:52:08,992 -     censo.parallel     -   INFO   - All jobs executed successfully.
