2025-04-09 07:04:44,019 -   censo.qm_processor   -   INFO   - worker315708:Running sp calculation in /home/michael/Documents/CHEM4561/automated/1819/0_PRESCREENING/CONF1/sp.
2025-04-09 07:04:45,405 -     censo.parallel     -   INFO   - All jobs executed successfully.
2025-04-09 07:04:45,424 -   censo.qm_processor   -   INFO   - worker315811:Running sp calculation in /home/michael/Documents/CHEM4561/automated/1819/1_SCREENING/CONF1/sp.
2025-04-09 07:04:50,660 -     censo.parallel     -   INFO   - All jobs executed successfully.
2025-04-09 07:04:50,678 -   censo.qm_processor   -   INFO   - worker315948:Running xtb_opt calculation in /home/michael/Documents/CHEM4561/automated/1819/2_OPTIMIZATION/CONF1/xtb_opt.
2025-04-09 07:05:16,761 -     censo.parallel     -   INFO   - All jobs executed successfully.
2025-04-09 07:05:16,777 -   censo.qm_processor   -   INFO   - worker316198:Running xtb_rrho calculation in /home/michael/Documents/CHEM4561/automated/1819/2_OPTIMIZATION/CONF1/xtb_rrho.
2025-04-09 07:05:16,986 -     censo.parallel     -   INFO   - All jobs executed successfully.
2025-04-09 07:05:17,006 -   censo.qm_processor   -   INFO   - worker316293:Running sp calculation in /home/michael/Documents/CHEM4561/automated/1819/3_REFINEMENT/CONF1/sp.
2025-04-09 07:05:56,465 -     censo.parallel     -   INFO   - All jobs executed successfully.
2025-04-09 07:05:56,550 -   censo.qm_processor   -   INFO   - worker316537:Running sp calculation in /home/michael/Documents/CHEM4561/automated/1819/0_PRESCREENING/CONF1/sp.
2025-04-09 07:05:57,264 -     censo.parallel     -   INFO   - All jobs executed successfully.
2025-04-09 07:05:57,282 -   censo.qm_processor   -   INFO   - worker316669:Running sp calculation in /home/michael/Documents/CHEM4561/automated/1819/1_SCREENING/CONF1/sp.
2025-04-09 07:06:02,501 -     censo.parallel     -   INFO   - All jobs executed successfully.
2025-04-09 07:06:02,518 -   censo.qm_processor   -   INFO   - worker316775:Running xtb_opt calculation in /home/michael/Documents/CHEM4561/automated/1819/2_OPTIMIZATION/CONF1/xtb_opt.
2025-04-09 07:06:28,755 -     censo.parallel     -   INFO   - All jobs executed successfully.
2025-04-09 07:06:28,771 -   censo.qm_processor   -   INFO   - worker317052:Running xtb_rrho calculation in /home/michael/Documents/CHEM4561/automated/1819/2_OPTIMIZATION/CONF1/xtb_rrho.
2025-04-09 07:06:28,983 -     censo.parallel     -   INFO   - All jobs executed successfully.
2025-04-09 07:06:29,000 -   censo.qm_processor   -   INFO   - worker317146:Running sp calculation in /home/michael/Documents/CHEM4561/automated/1819/3_REFINEMENT/CONF1/sp.
2025-04-09 07:07:08,482 -     censo.parallel     -   INFO   - All jobs executed successfully.
