#========================================================================================
#                     Free energy perturbation    
#----------------------------------------------------------------------------------------
#forward/backward          λ              ΔΔA                 ΔA                  δε   
#                                                 
#----------------------------------------------------------------------------------------
forward:               0.0000              0.0000              0.0000              0.0000  
forward:               0.0500              3.4506              3.4506              0.0372  
forward:               0.1000              1.7080              5.1586              0.0557  
forward:               0.1500              0.7506              5.9092              0.0582  
forward:               0.2000              0.2941              6.2033              0.0591  
forward:               0.2500              0.0631              6.2664              0.0595  
forward:               0.3000             -0.0471              6.2192              0.0599  
forward:               0.3500             -0.1234              6.0958              0.0601  
forward:               0.4000             -0.1744              5.9214              0.0604  
forward:               0.4500             -0.2246              5.6968              0.0606  
forward:               0.5000             -0.2612              5.4356              0.0607  
forward:               0.5500             -0.2998              5.1357              0.0608  
forward:               0.6000             -0.3317              4.8040              0.0610  
forward:               0.6500             -0.3542              4.4498              0.0610  
forward:               0.7000             -0.3790              4.0709              0.0611  
forward:               0.7500             -0.3938              3.6771              0.0612  
forward:               0.8000             -0.4241              3.2530              0.0613  
forward:               0.8500             -0.4370              2.8160              0.0614  
forward:               0.9000             -0.4547              2.3613              0.0615  
forward:               0.9500             -0.4722              1.8892              0.0616  
forward:               1.0000             -0.4882              1.4010              0.0617  
backward:              1.0000              0.0000              1.4010              0.0000  
backward:              0.9500              0.4788              1.8798              0.0044  
backward:              0.9000              0.4676              2.3474              0.0057  
backward:              0.8500              0.4522              2.7996              0.0068  
backward:              0.8000              0.4392              3.2388              0.0078  
backward:              0.7500              0.4231              3.6618              0.0088  
backward:              0.7000              0.4021              4.0639              0.0097  
backward:              0.6500              0.3744              4.4383              0.0106  
backward:              0.6000              0.3567              4.7951              0.0111  
backward:              0.5500              0.3217              5.1168              0.0119  
backward:              0.5000              0.2965              5.4133              0.0129  
backward:              0.4500              0.2619              5.6752              0.0139  
backward:              0.4000              0.2287              5.9040              0.0148  
backward:              0.3500              0.1715              6.0755              0.0156  
backward:              0.3000              0.1154              6.1909              0.0185  
backward:              0.2500              0.0457              6.2366              0.0202  
backward:              0.2000             -0.0764              6.1602              0.0218  
backward:              0.1500             -0.3129              5.8473              0.0279  
backward:              0.1000             -0.7310              5.1162              0.0401  
backward:              0.0500             -1.6182              3.4981              0.0518  
backward:              0.0000             -3.2741              0.2240              0.1167  
Inaccuracy estimation
======================================================================================================
                   i        i+δi          P0_overlap_P1   δε(forward)/ε   δε(backward)/ε
======================================================================================================
inaccuracy:  0.00000        0.05000           18.82            0.38            5.28
inaccuracy:  0.05000        0.10000           31.07           -0.07            2.41
inaccuracy:  0.10000        0.15000           45.64           -0.06            1.06
inaccuracy:  0.15000        0.20000           58.55           -0.03            0.44
inaccuracy:  0.20000        0.25000           65.53           -0.03            0.23
inaccuracy:  0.25000        0.30000           67.91           -0.02            0.18
inaccuracy:  0.30000        0.35000           70.54           -0.02            0.13
inaccuracy:  0.35000        0.40000           71.96           -0.02            0.11
inaccuracy:  0.40000        0.45000           73.05           -0.02            0.10
inaccuracy:  0.45000        0.50000           73.56           -0.02            0.08
inaccuracy:  0.50000        0.55000           74.51           -0.03            0.07
inaccuracy:  0.55000        0.60000           75.53           -0.02            0.06
inaccuracy:  0.60000        0.65000           74.89           -0.03            0.06
inaccuracy:  0.65000        0.70000           74.99           -0.03            0.06
inaccuracy:  0.70000        0.75000           74.50           -0.04            0.06
inaccuracy:  0.75000        0.80000           75.55           -0.03            0.05
inaccuracy:  0.80000        0.85000           75.25           -0.03            0.05
inaccuracy:  0.85000        0.90000           75.43           -0.03            0.05
inaccuracy:  0.90000        0.95000           75.65           -0.02            0.05
inaccuracy:  0.95000        1.00000           75.45           -0.02            0.04
===================================================================================================================================
                BAR        
-----------------------------------------------------------------------------------------------------------------------------------
BAR-estimator:         λ             λ+δλ          ΔΔA             ΔA            C               Δδe            δe       
                          
-----------------------------------------------------------------------------------------------------------------------------------
BAR-estimator:      0.00000        0.05000        3.3766         3.3766         3.3766         0.0168         0.0168 
BAR-estimator:      0.05000        0.10000        1.7185         5.0951         1.7185         0.0186         0.0251 
BAR-estimator:      0.10000        0.15000        0.7485         5.8436         0.7485         0.0104         0.0272 
BAR-estimator:      0.15000        0.20000        0.3018         6.1455         0.3018         0.0068         0.0280 
BAR-estimator:      0.20000        0.25000        0.0699         6.2154         0.0699         0.0046         0.0284 
BAR-estimator:      0.25000        0.30000       -0.0424         6.1730        -0.0424         0.0043         0.0287 
BAR-estimator:      0.30000        0.35000       -0.1243         6.0486        -0.1243         0.0038         0.0289 
BAR-estimator:      0.35000        0.40000       -0.1733         5.8754        -0.1733         0.0040         0.0292 
BAR-estimator:      0.40000        0.45000       -0.2257         5.6497        -0.2257         0.0029         0.0294 
BAR-estimator:      0.45000        0.50000       -0.2618         5.3879        -0.2618         0.0029         0.0295 
BAR-estimator:      0.50000        0.55000       -0.2979         5.0900        -0.2979         0.0028         0.0296 
BAR-estimator:      0.55000        0.60000       -0.3291         4.7609        -0.3291         0.0029         0.0298 
BAR-estimator:      0.60000        0.65000       -0.3554         4.4055        -0.3554         0.0026         0.0299 
BAR-estimator:      0.65000        0.70000       -0.3781         4.0274        -0.3781         0.0026         0.0300 
BAR-estimator:      0.70000        0.75000       -0.3974         3.6300        -0.3974         0.0027         0.0301 
BAR-estimator:      0.75000        0.80000       -0.4227         3.2073        -0.4227         0.0027         0.0302 
BAR-estimator:      0.80000        0.85000       -0.4364         2.7709        -0.4364         0.0029         0.0304 
BAR-estimator:      0.85000        0.90000       -0.4535         2.3175        -0.4535         0.0030         0.0305 
BAR-estimator:      0.90000        0.95000       -0.4696         1.8479        -0.4696         0.0030         0.0307 
BAR-estimator:      0.95000        1.00000       -0.4850         1.3629        -0.4850         0.0028         0.0308 
BAR-estimator: total free energy change is 1.3629138228470965 , total error is 0.030802765485553017
