CONF#        E (DFT) (+ ΔGsolv)       ΔE (DFT) (+ δΔGsolv)       GmRRHO          Gtot             ΔGtot          Boltzmann weight   
                    [Eh]                   [kcal/mol]             [Eh]           [Eh]           [kcal/mol]        % at 298.15 K     
CONF1           -307.634599                   0.00                ---         -307.553640          0.28                7.55         
CONF2           -307.634583                   0.01                ---         -307.553501          0.37                6.52         
CONF3           -307.634555                   0.03                ---         -307.553306          0.49                5.30         
CONF4           -307.634580                   0.01                ---         -307.553228          0.54                4.88         
CONF5           -307.632853                   1.10                ---         -307.552612          0.93                2.54         
CONF7           -307.633035                   0.98                ---         -307.552405          1.06                2.04         
CONF8           -307.633052                   0.97                ---         -307.551676          1.51                0.94         
CONF9           -307.634570                   0.02                ---         -307.553662          0.27                7.73         
CONF10          -307.634545                   0.03                ---         -307.553890          0.12                9.84         
CONF11          -307.634584                   0.01                ---         -307.554087          0.00               12.12         
CONF12          -307.633075                   0.96                ---         -307.551366          1.71                0.68         
CONF13          -307.634570                   0.02                ---         -307.554073          0.01               11.94         
CONF14          -307.633081                   0.95                ---         -307.551328          1.73                0.65         
CONF15          -307.634539                   0.04                ---         -307.553252          0.52                5.01         
CONF16          -307.634573                   0.02                ---         -307.553799          0.18                8.94         
CONF18          -307.633023                   0.99                ---         -307.551040          1.91                0.48         
CONF21          -307.634572                   0.02                ---         -307.553781          0.19                8.77         
CONF23          -307.631336                   2.05                ---         -307.551299          1.75                0.63         
CONF24          -307.632902                   1.06                ---         -307.550664          2.15                0.32         
CONF26          -307.632812                   1.12                ---         -307.552516          0.99                2.30         
CONF27          -307.632834                   1.11                ---         -307.551542          1.60                0.82         

Boltzmann averaged free energy/enthalpy of ensemble on optimized geometries:
temperature /K:   avE(T) /a.u.   avG(T) /a.u.
    298.15        -307.6343738    -307.5535520     <<==part2==
----------------------------------------------------------------------------------------------------

