2025-04-08 22:16:30,435 -   censo.qm_processor   -   INFO   - worker80341: Running sp calculation in /home/michael/Documents/CHEM4561/automated/1849/0_PRESCREENING/CONF1/sp.
2025-04-08 22:16:30,436 -   censo.qm_processor   -   INFO   - worker80342: Running sp calculation in /home/michael/Documents/CHEM4561/automated/1849/0_PRESCREENING/CONF2/sp.
2025-04-08 22:16:30,436 -   censo.qm_processor   -   INFO   - worker80344: Running sp calculation in /home/michael/Documents/CHEM4561/automated/1849/0_PRESCREENING/CONF3/sp.
2025-04-08 22:16:30,437 -   censo.qm_processor   -   INFO   - worker80347: Running sp calculation in /home/michael/Documents/CHEM4561/automated/1849/0_PRESCREENING/CONF4/sp.
2025-04-08 22:16:30,437 -   censo.qm_processor   -   INFO   - worker80350: Running sp calculation in /home/michael/Documents/CHEM4561/automated/1849/0_PRESCREENING/CONF5/sp.
2025-04-08 22:16:30,437 -   censo.qm_processor   -   INFO   - worker80354: Running sp calculation in /home/michael/Documents/CHEM4561/automated/1849/0_PRESCREENING/CONF6/sp.
2025-04-08 22:16:30,438 -   censo.qm_processor   -   INFO   - worker80356: Running sp calculation in /home/michael/Documents/CHEM4561/automated/1849/0_PRESCREENING/CONF7/sp.
2025-04-08 22:16:30,438 -   censo.qm_processor   -   INFO   - worker80359: Running sp calculation in /home/michael/Documents/CHEM4561/automated/1849/0_PRESCREENING/CONF8/sp.
2025-04-08 22:16:30,439 -   censo.qm_processor   -   INFO   - worker80362: Running sp calculation in /home/michael/Documents/CHEM4561/automated/1849/0_PRESCREENING/CONF12/sp.
2025-04-08 22:16:30,439 -   censo.qm_processor   -   INFO   - worker80366: Running sp calculation in /home/michael/Documents/CHEM4561/automated/1849/0_PRESCREENING/CONF14/sp.
2025-04-08 22:16:30,440 -   censo.qm_processor   -   INFO   - worker80369: Running sp calculation in /home/michael/Documents/CHEM4561/automated/1849/0_PRESCREENING/CONF9/sp.
2025-04-08 22:16:30,440 -   censo.qm_processor   -   INFO   - worker80372: Running sp calculation in /home/michael/Documents/CHEM4561/automated/1849/0_PRESCREENING/CONF10/sp.
2025-04-08 22:16:30,441 -   censo.qm_processor   -   INFO   - worker80374: Running sp calculation in /home/michael/Documents/CHEM4561/automated/1849/0_PRESCREENING/CONF11/sp.
2025-04-08 22:16:30,441 -   censo.qm_processor   -   INFO   - worker80377: Running sp calculation in /home/michael/Documents/CHEM4561/automated/1849/0_PRESCREENING/CONF13/sp.
2025-04-08 22:16:30,442 -   censo.qm_processor   -   INFO   - worker80380: Running sp calculation in /home/michael/Documents/CHEM4561/automated/1849/0_PRESCREENING/CONF15/sp.
2025-04-08 22:16:30,442 -   censo.qm_processor   -   INFO   - worker80383: Running sp calculation in /home/michael/Documents/CHEM4561/automated/1849/0_PRESCREENING/CONF16/sp.
2025-04-08 22:16:33,648 -   censo.qm_processor   -   INFO   - worker80350: Running sp calculation in /home/michael/Documents/CHEM4561/automated/1849/0_PRESCREENING/CONF17/sp.
2025-04-08 22:16:33,702 -   censo.qm_processor   -   INFO   - worker80362: Running sp calculation in /home/michael/Documents/CHEM4561/automated/1849/0_PRESCREENING/CONF21/sp.
2025-04-08 22:16:33,725 -   censo.qm_processor   -   INFO   - worker80341: Running sp calculation in /home/michael/Documents/CHEM4561/automated/1849/0_PRESCREENING/CONF22/sp.
2025-04-08 22:16:33,746 -   censo.qm_processor   -   INFO   - worker80347: Running sp calculation in /home/michael/Documents/CHEM4561/automated/1849/0_PRESCREENING/CONF20/sp.
2025-04-08 22:16:33,755 -   censo.qm_processor   -   INFO   - worker80356: Running sp calculation in /home/michael/Documents/CHEM4561/automated/1849/0_PRESCREENING/CONF23/sp.
2025-04-08 22:16:33,772 -   censo.qm_processor   -   INFO   - worker80354: Running sp calculation in /home/michael/Documents/CHEM4561/automated/1849/0_PRESCREENING/CONF18/sp.
2025-04-08 22:16:33,773 -   censo.qm_processor   -   INFO   - worker80366: Running sp calculation in /home/michael/Documents/CHEM4561/automated/1849/0_PRESCREENING/CONF19/sp.
2025-04-08 22:16:33,805 -   censo.qm_processor   -   INFO   - worker80372: Running sp calculation in /home/michael/Documents/CHEM4561/automated/1849/0_PRESCREENING/CONF24/sp.
2025-04-08 22:16:33,810 -   censo.qm_processor   -   INFO   - worker80369: Running sp calculation in /home/michael/Documents/CHEM4561/automated/1849/0_PRESCREENING/CONF25/sp.
2025-04-08 22:16:33,811 -   censo.qm_processor   -   INFO   - worker80383: Running sp calculation in /home/michael/Documents/CHEM4561/automated/1849/0_PRESCREENING/CONF26/sp.
2025-04-08 22:16:33,812 -   censo.qm_processor   -   INFO   - worker80359: Running sp calculation in /home/michael/Documents/CHEM4561/automated/1849/0_PRESCREENING/CONF27/sp.
2025-04-08 22:16:33,813 -   censo.qm_processor   -   INFO   - worker80344: Running sp calculation in /home/michael/Documents/CHEM4561/automated/1849/0_PRESCREENING/CONF28/sp.
2025-04-08 22:16:36,489 -     censo.parallel     -   INFO   - All jobs executed successfully.
2025-04-08 22:16:36,508 -   censo.qm_processor   -   INFO   - worker80732: Running sp calculation in /home/michael/Documents/CHEM4561/automated/1849/1_SCREENING/CONF1/sp.
2025-04-08 22:16:36,509 -   censo.qm_processor   -   INFO   - worker80733: Running sp calculation in /home/michael/Documents/CHEM4561/automated/1849/1_SCREENING/CONF2/sp.
2025-04-08 22:16:36,509 -   censo.qm_processor   -   INFO   - worker80735: Running sp calculation in /home/michael/Documents/CHEM4561/automated/1849/1_SCREENING/CONF3/sp.
2025-04-08 22:16:36,510 -   censo.qm_processor   -   INFO   - worker80737: Running sp calculation in /home/michael/Documents/CHEM4561/automated/1849/1_SCREENING/CONF4/sp.
2025-04-08 22:16:36,510 -   censo.qm_processor   -   INFO   - worker80741: Running sp calculation in /home/michael/Documents/CHEM4561/automated/1849/1_SCREENING/CONF5/sp.
2025-04-08 22:16:36,511 -   censo.qm_processor   -   INFO   - worker80744: Running sp calculation in /home/michael/Documents/CHEM4561/automated/1849/1_SCREENING/CONF14/sp.
2025-04-08 22:16:36,512 -   censo.qm_processor   -   INFO   - worker80747: Running sp calculation in /home/michael/Documents/CHEM4561/automated/1849/1_SCREENING/CONF12/sp.
2025-04-08 22:16:36,513 -   censo.qm_processor   -   INFO   - worker80750: Running sp calculation in /home/michael/Documents/CHEM4561/automated/1849/1_SCREENING/CONF8/sp.
2025-04-08 22:16:36,513 -   censo.qm_processor   -   INFO   - worker80753: Running sp calculation in /home/michael/Documents/CHEM4561/automated/1849/1_SCREENING/CONF7/sp.
2025-04-08 22:16:36,514 -   censo.qm_processor   -   INFO   - worker80756: Running sp calculation in /home/michael/Documents/CHEM4561/automated/1849/1_SCREENING/CONF9/sp.
2025-04-08 22:16:36,514 -   censo.qm_processor   -   INFO   - worker80760: Running sp calculation in /home/michael/Documents/CHEM4561/automated/1849/1_SCREENING/CONF6/sp.
2025-04-08 22:16:36,515 -   censo.qm_processor   -   INFO   - worker80762: Running sp calculation in /home/michael/Documents/CHEM4561/automated/1849/1_SCREENING/CONF25/sp.
2025-04-08 22:16:36,515 -   censo.qm_processor   -   INFO   - worker80765: Running sp calculation in /home/michael/Documents/CHEM4561/automated/1849/1_SCREENING/CONF11/sp.
2025-04-08 22:16:36,516 -   censo.qm_processor   -   INFO   - worker80768: Running sp calculation in /home/michael/Documents/CHEM4561/automated/1849/1_SCREENING/CONF13/sp.
2025-04-08 22:16:36,517 -   censo.qm_processor   -   INFO   - worker80772: Running sp calculation in /home/michael/Documents/CHEM4561/automated/1849/1_SCREENING/CONF26/sp.
2025-04-08 22:16:36,518 -   censo.qm_processor   -   INFO   - worker80775: Running sp calculation in /home/michael/Documents/CHEM4561/automated/1849/1_SCREENING/CONF10/sp.
2025-04-08 22:16:48,099 -   censo.qm_processor   -   INFO   - worker80733: Running sp calculation in /home/michael/Documents/CHEM4561/automated/1849/1_SCREENING/CONF15/sp.
2025-04-08 22:16:48,265 -   censo.qm_processor   -   INFO   - worker80735: Running sp calculation in /home/michael/Documents/CHEM4561/automated/1849/1_SCREENING/CONF16/sp.
2025-04-08 22:16:48,295 -   censo.qm_processor   -   INFO   - worker80753: Running sp calculation in /home/michael/Documents/CHEM4561/automated/1849/1_SCREENING/CONF17/sp.
2025-04-08 22:16:48,330 -   censo.qm_processor   -   INFO   - worker80737: Running sp calculation in /home/michael/Documents/CHEM4561/automated/1849/1_SCREENING/CONF27/sp.
2025-04-08 22:16:48,365 -   censo.qm_processor   -   INFO   - worker80762: Running sp calculation in /home/michael/Documents/CHEM4561/automated/1849/1_SCREENING/CONF22/sp.
2025-04-08 22:16:48,383 -   censo.qm_processor   -   INFO   - worker80775: Running sp calculation in /home/michael/Documents/CHEM4561/automated/1849/1_SCREENING/CONF18/sp.
2025-04-08 22:16:48,423 -   censo.qm_processor   -   INFO   - worker80732: Running sp calculation in /home/michael/Documents/CHEM4561/automated/1849/1_SCREENING/CONF20/sp.
2025-04-08 22:16:48,443 -   censo.qm_processor   -   INFO   - worker80765: Running sp calculation in /home/michael/Documents/CHEM4561/automated/1849/1_SCREENING/CONF21/sp.
2025-04-08 22:16:48,450 -   censo.qm_processor   -   INFO   - worker80772: Running sp calculation in /home/michael/Documents/CHEM4561/automated/1849/1_SCREENING/CONF23/sp.
2025-04-08 22:16:48,500 -   censo.qm_processor   -   INFO   - worker80744: Running sp calculation in /home/michael/Documents/CHEM4561/automated/1849/1_SCREENING/CONF19/sp.
2025-04-08 22:16:48,570 -   censo.qm_processor   -   INFO   - worker80747: Running sp calculation in /home/michael/Documents/CHEM4561/automated/1849/1_SCREENING/CONF24/sp.
2025-04-08 22:16:48,583 -   censo.qm_processor   -   INFO   - worker80756: Running sp calculation in /home/michael/Documents/CHEM4561/automated/1849/1_SCREENING/CONF28/sp.
2025-04-08 22:16:57,924 -     censo.parallel     -   INFO   - All jobs executed successfully.
2025-04-08 22:16:57,944 -   censo.qm_processor   -   INFO   - worker81153: Running xtb_opt calculation in /home/michael/Documents/CHEM4561/automated/1849/2_OPTIMIZATION/CONF1/xtb_opt.
2025-04-08 22:16:57,944 -   censo.qm_processor   -   INFO   - worker81154: Running xtb_opt calculation in /home/michael/Documents/CHEM4561/automated/1849/2_OPTIMIZATION/CONF2/xtb_opt.
2025-04-08 22:16:57,945 -   censo.qm_processor   -   INFO   - worker81156: Running xtb_opt calculation in /home/michael/Documents/CHEM4561/automated/1849/2_OPTIMIZATION/CONF3/xtb_opt.
2025-04-08 22:16:57,945 -   censo.qm_processor   -   INFO   - worker81159: Running xtb_opt calculation in /home/michael/Documents/CHEM4561/automated/1849/2_OPTIMIZATION/CONF4/xtb_opt.
2025-04-08 22:16:57,946 -   censo.qm_processor   -   INFO   - worker81162: Running xtb_opt calculation in /home/michael/Documents/CHEM4561/automated/1849/2_OPTIMIZATION/CONF14/xtb_opt.
2025-04-08 22:16:57,946 -   censo.qm_processor   -   INFO   - worker81165: Running xtb_opt calculation in /home/michael/Documents/CHEM4561/automated/1849/2_OPTIMIZATION/CONF12/xtb_opt.
2025-04-08 22:16:57,947 -   censo.qm_processor   -   INFO   - worker81169: Running xtb_opt calculation in /home/michael/Documents/CHEM4561/automated/1849/2_OPTIMIZATION/CONF8/xtb_opt.
2025-04-08 22:16:57,947 -   censo.qm_processor   -   INFO   - worker81171: Running xtb_opt calculation in /home/michael/Documents/CHEM4561/automated/1849/2_OPTIMIZATION/CONF7/xtb_opt.
2025-04-08 22:16:57,948 -   censo.qm_processor   -   INFO   - worker81175: Running xtb_opt calculation in /home/michael/Documents/CHEM4561/automated/1849/2_OPTIMIZATION/CONF6/xtb_opt.
2025-04-08 22:16:57,948 -   censo.qm_processor   -   INFO   - worker81177: Running xtb_opt calculation in /home/michael/Documents/CHEM4561/automated/1849/2_OPTIMIZATION/CONF25/xtb_opt.
2025-04-08 22:16:57,949 -   censo.qm_processor   -   INFO   - worker81180: Running xtb_opt calculation in /home/michael/Documents/CHEM4561/automated/1849/2_OPTIMIZATION/CONF5/xtb_opt.
2025-04-08 22:16:57,949 -   censo.qm_processor   -   INFO   - worker81183: Running xtb_opt calculation in /home/michael/Documents/CHEM4561/automated/1849/2_OPTIMIZATION/CONF9/xtb_opt.
2025-04-08 22:16:57,950 -   censo.qm_processor   -   INFO   - worker81187: Running xtb_opt calculation in /home/michael/Documents/CHEM4561/automated/1849/2_OPTIMIZATION/CONF26/xtb_opt.
2025-04-08 22:16:57,951 -   censo.qm_processor   -   INFO   - worker81189: Running xtb_opt calculation in /home/michael/Documents/CHEM4561/automated/1849/2_OPTIMIZATION/CONF11/xtb_opt.
2025-04-08 22:16:57,952 -   censo.qm_processor   -   INFO   - worker81192: Running xtb_opt calculation in /home/michael/Documents/CHEM4561/automated/1849/2_OPTIMIZATION/CONF13/xtb_opt.
2025-04-08 22:16:57,989 -   censo.qm_processor   -   INFO   - worker81195: Running xtb_opt calculation in /home/michael/Documents/CHEM4561/automated/1849/2_OPTIMIZATION/CONF17/xtb_opt.
2025-04-08 22:18:14,326 -   censo.qm_processor   -   INFO   - worker81153: Running xtb_opt calculation in /home/michael/Documents/CHEM4561/automated/1849/2_OPTIMIZATION/CONF27/xtb_opt.
2025-04-08 22:18:19,702 -   censo.qm_processor   -   INFO   - worker81175: Running xtb_opt calculation in /home/michael/Documents/CHEM4561/automated/1849/2_OPTIMIZATION/CONF22/xtb_opt.
2025-04-08 22:18:22,212 -   censo.qm_processor   -   INFO   - worker81169: Running xtb_opt calculation in /home/michael/Documents/CHEM4561/automated/1849/2_OPTIMIZATION/CONF10/xtb_opt.
2025-04-08 22:18:28,096 -   censo.qm_processor   -   INFO   - worker81153: Running xtb_opt calculation in /home/michael/Documents/CHEM4561/automated/1849/2_OPTIMIZATION/CONF16/xtb_opt.
2025-04-08 22:18:28,096 -   censo.qm_processor   -   INFO   - worker81154: Running xtb_opt calculation in /home/michael/Documents/CHEM4561/automated/1849/2_OPTIMIZATION/CONF15/xtb_opt.
2025-04-08 22:18:28,098 -   censo.qm_processor   -   INFO   - worker81153: Running xtb_opt calculation in /home/michael/Documents/CHEM4561/automated/1849/2_OPTIMIZATION/CONF20/xtb_opt.
2025-04-08 22:18:28,100 -   censo.qm_processor   -   INFO   - worker81192: Running xtb_opt calculation in /home/michael/Documents/CHEM4561/automated/1849/2_OPTIMIZATION/CONF19/xtb_opt.
2025-04-08 22:18:28,100 -   censo.qm_processor   -   INFO   - worker81162: Running xtb_opt calculation in /home/michael/Documents/CHEM4561/automated/1849/2_OPTIMIZATION/CONF18/xtb_opt.
2025-04-08 22:18:28,103 -   censo.qm_processor   -   INFO   - worker81189: Running xtb_opt calculation in /home/michael/Documents/CHEM4561/automated/1849/2_OPTIMIZATION/CONF21/xtb_opt.
2025-04-08 22:18:28,104 -   censo.qm_processor   -   INFO   - worker81165: Running xtb_opt calculation in /home/michael/Documents/CHEM4561/automated/1849/2_OPTIMIZATION/CONF23/xtb_opt.
2025-04-08 22:18:28,105 -   censo.qm_processor   -   INFO   - worker81165: Running xtb_opt calculation in /home/michael/Documents/CHEM4561/automated/1849/2_OPTIMIZATION/CONF24/xtb_opt.
2025-04-08 22:18:28,105 -   censo.qm_processor   -   INFO   - worker81183: Running xtb_opt calculation in /home/michael/Documents/CHEM4561/automated/1849/2_OPTIMIZATION/CONF28/xtb_opt.
2025-04-08 22:18:38,300 -   censo.qm_processor   -   INFO   - worker83495: Running sp calculation in /home/michael/Documents/CHEM4561/automated/1849/0_PRESCREENING/CONF1/sp.
2025-04-08 22:18:38,300 -   censo.qm_processor   -   INFO   - worker83496: Running sp calculation in /home/michael/Documents/CHEM4561/automated/1849/0_PRESCREENING/CONF2/sp.
2025-04-08 22:18:38,301 -   censo.qm_processor   -   INFO   - worker83498: Running sp calculation in /home/michael/Documents/CHEM4561/automated/1849/0_PRESCREENING/CONF3/sp.
2025-04-08 22:18:38,301 -   censo.qm_processor   -   INFO   - worker83501: Running sp calculation in /home/michael/Documents/CHEM4561/automated/1849/0_PRESCREENING/CONF4/sp.
2025-04-08 22:18:38,302 -   censo.qm_processor   -   INFO   - worker83504: Running sp calculation in /home/michael/Documents/CHEM4561/automated/1849/0_PRESCREENING/CONF5/sp.
2025-04-08 22:18:38,302 -   censo.qm_processor   -   INFO   - worker83507: Running sp calculation in /home/michael/Documents/CHEM4561/automated/1849/0_PRESCREENING/CONF6/sp.
2025-04-08 22:18:38,302 -   censo.qm_processor   -   INFO   - worker83510: Running sp calculation in /home/michael/Documents/CHEM4561/automated/1849/0_PRESCREENING/CONF7/sp.
2025-04-08 22:18:38,303 -   censo.qm_processor   -   INFO   - worker83513: Running sp calculation in /home/michael/Documents/CHEM4561/automated/1849/0_PRESCREENING/CONF8/sp.
2025-04-08 22:18:38,304 -   censo.qm_processor   -   INFO   - worker83516: Running sp calculation in /home/michael/Documents/CHEM4561/automated/1849/0_PRESCREENING/CONF12/sp.
2025-04-08 22:18:38,304 -   censo.qm_processor   -   INFO   - worker83520: Running sp calculation in /home/michael/Documents/CHEM4561/automated/1849/0_PRESCREENING/CONF14/sp.
2025-04-08 22:18:38,304 -   censo.qm_processor   -   INFO   - worker83522: Running sp calculation in /home/michael/Documents/CHEM4561/automated/1849/0_PRESCREENING/CONF9/sp.
2025-04-08 22:18:38,305 -   censo.qm_processor   -   INFO   - worker83525: Running sp calculation in /home/michael/Documents/CHEM4561/automated/1849/0_PRESCREENING/CONF10/sp.
2025-04-08 22:18:38,305 -   censo.qm_processor   -   INFO   - worker83528: Running sp calculation in /home/michael/Documents/CHEM4561/automated/1849/0_PRESCREENING/CONF11/sp.
2025-04-08 22:18:38,306 -   censo.qm_processor   -   INFO   - worker83532: Running sp calculation in /home/michael/Documents/CHEM4561/automated/1849/0_PRESCREENING/CONF13/sp.
2025-04-08 22:18:38,307 -   censo.qm_processor   -   INFO   - worker83535: Running sp calculation in /home/michael/Documents/CHEM4561/automated/1849/0_PRESCREENING/CONF15/sp.
2025-04-08 22:18:38,308 -   censo.qm_processor   -   INFO   - worker83538: Running sp calculation in /home/michael/Documents/CHEM4561/automated/1849/0_PRESCREENING/CONF16/sp.
2025-04-08 22:18:39,612 -   censo.qm_processor   -   INFO   - worker83510: Running sp calculation in /home/michael/Documents/CHEM4561/automated/1849/0_PRESCREENING/CONF17/sp.
2025-04-08 22:18:39,666 -   censo.qm_processor   -   INFO   - worker83496: Running sp calculation in /home/michael/Documents/CHEM4561/automated/1849/0_PRESCREENING/CONF21/sp.
2025-04-08 22:18:39,687 -   censo.qm_processor   -   INFO   - worker83520: Running sp calculation in /home/michael/Documents/CHEM4561/automated/1849/0_PRESCREENING/CONF22/sp.
2025-04-08 22:18:39,688 -   censo.qm_processor   -   INFO   - worker83516: Running sp calculation in /home/michael/Documents/CHEM4561/automated/1849/0_PRESCREENING/CONF20/sp.
2025-04-08 22:18:39,690 -   censo.qm_processor   -   INFO   - worker83535: Running sp calculation in /home/michael/Documents/CHEM4561/automated/1849/0_PRESCREENING/CONF23/sp.
2025-04-08 22:18:39,696 -   censo.qm_processor   -   INFO   - worker83501: Running sp calculation in /home/michael/Documents/CHEM4561/automated/1849/0_PRESCREENING/CONF18/sp.
2025-04-08 22:18:39,705 -   censo.qm_processor   -   INFO   - worker83498: Running sp calculation in /home/michael/Documents/CHEM4561/automated/1849/0_PRESCREENING/CONF19/sp.
2025-04-08 22:18:39,708 -   censo.qm_processor   -   INFO   - worker83504: Running sp calculation in /home/michael/Documents/CHEM4561/automated/1849/0_PRESCREENING/CONF24/sp.
2025-04-08 22:18:39,718 -   censo.qm_processor   -   INFO   - worker83538: Running sp calculation in /home/michael/Documents/CHEM4561/automated/1849/0_PRESCREENING/CONF25/sp.
2025-04-08 22:18:39,721 -   censo.qm_processor   -   INFO   - worker83522: Running sp calculation in /home/michael/Documents/CHEM4561/automated/1849/0_PRESCREENING/CONF26/sp.
2025-04-08 22:18:39,724 -   censo.qm_processor   -   INFO   - worker83495: Running sp calculation in /home/michael/Documents/CHEM4561/automated/1849/0_PRESCREENING/CONF27/sp.
2025-04-08 22:18:39,726 -   censo.qm_processor   -   INFO   - worker83528: Running sp calculation in /home/michael/Documents/CHEM4561/automated/1849/0_PRESCREENING/CONF28/sp.
2025-04-08 22:18:40,854 -     censo.parallel     -   INFO   - All jobs executed successfully.
2025-04-08 22:18:40,874 -   censo.qm_processor   -   INFO   - worker83844: Running sp calculation in /home/michael/Documents/CHEM4561/automated/1849/1_SCREENING/CONF1/sp.
2025-04-08 22:18:40,874 -   censo.qm_processor   -   INFO   - worker83845: Running sp calculation in /home/michael/Documents/CHEM4561/automated/1849/1_SCREENING/CONF2/sp.
2025-04-08 22:18:40,875 -   censo.qm_processor   -   INFO   - worker83847: Running sp calculation in /home/michael/Documents/CHEM4561/automated/1849/1_SCREENING/CONF3/sp.
2025-04-08 22:18:40,875 -   censo.qm_processor   -   INFO   - worker83850: Running sp calculation in /home/michael/Documents/CHEM4561/automated/1849/1_SCREENING/CONF4/sp.
2025-04-08 22:18:40,876 -   censo.qm_processor   -   INFO   - worker83853: Running sp calculation in /home/michael/Documents/CHEM4561/automated/1849/1_SCREENING/CONF5/sp.
2025-04-08 22:18:40,876 -   censo.qm_processor   -   INFO   - worker83856: Running sp calculation in /home/michael/Documents/CHEM4561/automated/1849/1_SCREENING/CONF14/sp.
2025-04-08 22:18:40,877 -   censo.qm_processor   -   INFO   - worker83859: Running sp calculation in /home/michael/Documents/CHEM4561/automated/1849/1_SCREENING/CONF12/sp.
2025-04-08 22:18:40,877 -   censo.qm_processor   -   INFO   - worker83862: Running sp calculation in /home/michael/Documents/CHEM4561/automated/1849/1_SCREENING/CONF8/sp.
2025-04-08 22:18:40,878 -   censo.qm_processor   -   INFO   - worker83866: Running sp calculation in /home/michael/Documents/CHEM4561/automated/1849/1_SCREENING/CONF7/sp.
2025-04-08 22:18:40,879 -   censo.qm_processor   -   INFO   - worker83869: Running sp calculation in /home/michael/Documents/CHEM4561/automated/1849/1_SCREENING/CONF9/sp.
2025-04-08 22:18:40,879 -   censo.qm_processor   -   INFO   - worker83872: Running sp calculation in /home/michael/Documents/CHEM4561/automated/1849/1_SCREENING/CONF6/sp.
2025-04-08 22:18:40,880 -   censo.qm_processor   -   INFO   - worker83875: Running sp calculation in /home/michael/Documents/CHEM4561/automated/1849/1_SCREENING/CONF25/sp.
2025-04-08 22:18:40,881 -   censo.qm_processor   -   INFO   - worker83878: Running sp calculation in /home/michael/Documents/CHEM4561/automated/1849/1_SCREENING/CONF11/sp.
2025-04-08 22:18:40,882 -   censo.qm_processor   -   INFO   - worker83880: Running sp calculation in /home/michael/Documents/CHEM4561/automated/1849/1_SCREENING/CONF13/sp.
2025-04-08 22:18:40,885 -   censo.qm_processor   -   INFO   - worker83883: Running sp calculation in /home/michael/Documents/CHEM4561/automated/1849/1_SCREENING/CONF26/sp.
2025-04-08 22:18:40,888 -   censo.qm_processor   -   INFO   - worker83886: Running sp calculation in /home/michael/Documents/CHEM4561/automated/1849/1_SCREENING/CONF10/sp.
2025-04-08 22:18:52,507 -   censo.qm_processor   -   INFO   - worker83844: Running sp calculation in /home/michael/Documents/CHEM4561/automated/1849/1_SCREENING/CONF15/sp.
2025-04-08 22:18:52,612 -   censo.qm_processor   -   INFO   - worker83878: Running sp calculation in /home/michael/Documents/CHEM4561/automated/1849/1_SCREENING/CONF16/sp.
2025-04-08 22:18:52,747 -   censo.qm_processor   -   INFO   - worker83856: Running sp calculation in /home/michael/Documents/CHEM4561/automated/1849/1_SCREENING/CONF17/sp.
2025-04-08 22:18:52,823 -   censo.qm_processor   -   INFO   - worker83880: Running sp calculation in /home/michael/Documents/CHEM4561/automated/1849/1_SCREENING/CONF27/sp.
2025-04-08 22:18:52,847 -   censo.qm_processor   -   INFO   - worker83850: Running sp calculation in /home/michael/Documents/CHEM4561/automated/1849/1_SCREENING/CONF22/sp.
2025-04-08 22:18:52,856 -   censo.qm_processor   -   INFO   - worker83862: Running sp calculation in /home/michael/Documents/CHEM4561/automated/1849/1_SCREENING/CONF18/sp.
2025-04-08 22:18:52,873 -   censo.qm_processor   -   INFO   - worker83853: Running sp calculation in /home/michael/Documents/CHEM4561/automated/1849/1_SCREENING/CONF20/sp.
2025-04-08 22:18:52,916 -   censo.qm_processor   -   INFO   - worker83883: Running sp calculation in /home/michael/Documents/CHEM4561/automated/1849/1_SCREENING/CONF21/sp.
2025-04-08 22:18:52,941 -   censo.qm_processor   -   INFO   - worker83859: Running sp calculation in /home/michael/Documents/CHEM4561/automated/1849/1_SCREENING/CONF23/sp.
2025-04-08 22:18:52,969 -   censo.qm_processor   -   INFO   - worker83869: Running sp calculation in /home/michael/Documents/CHEM4561/automated/1849/1_SCREENING/CONF19/sp.
2025-04-08 22:18:53,012 -   censo.qm_processor   -   INFO   - worker83886: Running sp calculation in /home/michael/Documents/CHEM4561/automated/1849/1_SCREENING/CONF24/sp.
2025-04-08 22:18:53,068 -   censo.qm_processor   -   INFO   - worker83847: Running sp calculation in /home/michael/Documents/CHEM4561/automated/1849/1_SCREENING/CONF28/sp.
2025-04-08 22:19:02,791 -     censo.parallel     -   INFO   - All jobs executed successfully.
2025-04-08 22:19:02,810 -   censo.qm_processor   -   INFO   - worker84312: Running xtb_opt calculation in /home/michael/Documents/CHEM4561/automated/1849/2_OPTIMIZATION/CONF1/xtb_opt.
2025-04-08 22:19:02,810 -   censo.qm_processor   -   INFO   - worker84313: Running xtb_opt calculation in /home/michael/Documents/CHEM4561/automated/1849/2_OPTIMIZATION/CONF2/xtb_opt.
2025-04-08 22:19:02,811 -   censo.qm_processor   -   INFO   - worker84315: Running xtb_opt calculation in /home/michael/Documents/CHEM4561/automated/1849/2_OPTIMIZATION/CONF3/xtb_opt.
2025-04-08 22:19:02,811 -   censo.qm_processor   -   INFO   - worker84318: Running xtb_opt calculation in /home/michael/Documents/CHEM4561/automated/1849/2_OPTIMIZATION/CONF4/xtb_opt.
2025-04-08 22:19:02,812 -   censo.qm_processor   -   INFO   - worker84321: Running xtb_opt calculation in /home/michael/Documents/CHEM4561/automated/1849/2_OPTIMIZATION/CONF14/xtb_opt.
2025-04-08 22:19:02,812 -   censo.qm_processor   -   INFO   - worker84324: Running xtb_opt calculation in /home/michael/Documents/CHEM4561/automated/1849/2_OPTIMIZATION/CONF12/xtb_opt.
2025-04-08 22:19:02,812 -   censo.qm_processor   -   INFO   - worker84327: Running xtb_opt calculation in /home/michael/Documents/CHEM4561/automated/1849/2_OPTIMIZATION/CONF8/xtb_opt.
2025-04-08 22:19:02,813 -   censo.qm_processor   -   INFO   - worker84330: Running xtb_opt calculation in /home/michael/Documents/CHEM4561/automated/1849/2_OPTIMIZATION/CONF7/xtb_opt.
2025-04-08 22:19:02,813 -   censo.qm_processor   -   INFO   - worker84333: Running xtb_opt calculation in /home/michael/Documents/CHEM4561/automated/1849/2_OPTIMIZATION/CONF6/xtb_opt.
2025-04-08 22:19:02,814 -   censo.qm_processor   -   INFO   - worker84336: Running xtb_opt calculation in /home/michael/Documents/CHEM4561/automated/1849/2_OPTIMIZATION/CONF25/xtb_opt.
2025-04-08 22:19:02,815 -   censo.qm_processor   -   INFO   - worker84342: Running xtb_opt calculation in /home/michael/Documents/CHEM4561/automated/1849/2_OPTIMIZATION/CONF5/xtb_opt.
2025-04-08 22:19:02,815 -   censo.qm_processor   -   INFO   - worker84345: Running xtb_opt calculation in /home/michael/Documents/CHEM4561/automated/1849/2_OPTIMIZATION/CONF9/xtb_opt.
2025-04-08 22:19:02,816 -   censo.qm_processor   -   INFO   - worker84347: Running xtb_opt calculation in /home/michael/Documents/CHEM4561/automated/1849/2_OPTIMIZATION/CONF26/xtb_opt.
2025-04-08 22:19:02,818 -   censo.qm_processor   -   INFO   - worker84340: Running xtb_opt calculation in /home/michael/Documents/CHEM4561/automated/1849/2_OPTIMIZATION/CONF11/xtb_opt.
2025-04-08 22:19:02,818 -   censo.qm_processor   -   INFO   - worker84350: Running xtb_opt calculation in /home/michael/Documents/CHEM4561/automated/1849/2_OPTIMIZATION/CONF13/xtb_opt.
2025-04-08 22:19:02,830 -   censo.qm_processor   -   INFO   - worker84353: Running xtb_opt calculation in /home/michael/Documents/CHEM4561/automated/1849/2_OPTIMIZATION/CONF17/xtb_opt.
2025-04-08 22:20:18,027 -   censo.qm_processor   -   INFO   - worker84312: Running xtb_opt calculation in /home/michael/Documents/CHEM4561/automated/1849/2_OPTIMIZATION/CONF27/xtb_opt.
2025-04-08 22:20:23,913 -   censo.qm_processor   -   INFO   - worker84333: Running xtb_opt calculation in /home/michael/Documents/CHEM4561/automated/1849/2_OPTIMIZATION/CONF22/xtb_opt.
2025-04-08 22:20:25,401 -   censo.qm_processor   -   INFO   - worker84327: Running xtb_opt calculation in /home/michael/Documents/CHEM4561/automated/1849/2_OPTIMIZATION/CONF10/xtb_opt.
2025-04-08 22:20:28,357 -   censo.qm_processor   -   INFO   - worker84318: Running xtb_opt calculation in /home/michael/Documents/CHEM4561/automated/1849/2_OPTIMIZATION/CONF16/xtb_opt.
2025-04-08 22:20:28,492 -   censo.qm_processor   -   INFO   - worker85981: Running sp calculation in /home/michael/Documents/CHEM4561/automated/1849/0_PRESCREENING/CONF1/sp.
2025-04-08 22:20:28,492 -   censo.qm_processor   -   INFO   - worker85982: Running sp calculation in /home/michael/Documents/CHEM4561/automated/1849/0_PRESCREENING/CONF2/sp.
2025-04-08 22:20:28,493 -   censo.qm_processor   -   INFO   - worker85985: Running sp calculation in /home/michael/Documents/CHEM4561/automated/1849/0_PRESCREENING/CONF3/sp.
2025-04-08 22:20:28,493 -   censo.qm_processor   -   INFO   - worker85987: Running sp calculation in /home/michael/Documents/CHEM4561/automated/1849/0_PRESCREENING/CONF4/sp.
2025-04-08 22:20:28,493 -   censo.qm_processor   -   INFO   - worker85990: Running sp calculation in /home/michael/Documents/CHEM4561/automated/1849/0_PRESCREENING/CONF5/sp.
2025-04-08 22:20:28,494 -   censo.qm_processor   -   INFO   - worker85993: Running sp calculation in /home/michael/Documents/CHEM4561/automated/1849/0_PRESCREENING/CONF6/sp.
2025-04-08 22:20:28,494 -   censo.qm_processor   -   INFO   - worker85997: Running sp calculation in /home/michael/Documents/CHEM4561/automated/1849/0_PRESCREENING/CONF7/sp.
2025-04-08 22:20:28,494 -   censo.qm_processor   -   INFO   - worker85999: Running sp calculation in /home/michael/Documents/CHEM4561/automated/1849/0_PRESCREENING/CONF8/sp.
2025-04-08 22:20:28,495 -   censo.qm_processor   -   INFO   - worker86002: Running sp calculation in /home/michael/Documents/CHEM4561/automated/1849/0_PRESCREENING/CONF12/sp.
2025-04-08 22:20:28,495 -   censo.qm_processor   -   INFO   - worker86006: Running sp calculation in /home/michael/Documents/CHEM4561/automated/1849/0_PRESCREENING/CONF14/sp.
2025-04-08 22:20:28,496 -   censo.qm_processor   -   INFO   - worker86009: Running sp calculation in /home/michael/Documents/CHEM4561/automated/1849/0_PRESCREENING/CONF9/sp.
2025-04-08 22:20:28,496 -   censo.qm_processor   -   INFO   - worker86012: Running sp calculation in /home/michael/Documents/CHEM4561/automated/1849/0_PRESCREENING/CONF10/sp.
2025-04-08 22:20:28,497 -   censo.qm_processor   -   INFO   - worker86014: Running sp calculation in /home/michael/Documents/CHEM4561/automated/1849/0_PRESCREENING/CONF11/sp.
2025-04-08 22:20:28,498 -   censo.qm_processor   -   INFO   - worker86020: Running sp calculation in /home/michael/Documents/CHEM4561/automated/1849/0_PRESCREENING/CONF15/sp.
2025-04-08 22:20:28,498 -   censo.qm_processor   -   INFO   - worker86017: Running sp calculation in /home/michael/Documents/CHEM4561/automated/1849/0_PRESCREENING/CONF13/sp.
2025-04-08 22:20:28,498 -   censo.qm_processor   -   INFO   - worker86023: Running sp calculation in /home/michael/Documents/CHEM4561/automated/1849/0_PRESCREENING/CONF16/sp.
2025-04-08 22:20:51,903 -   censo.qm_processor   -   INFO   - worker86282: Running sp calculation in /home/michael/Documents/CHEM4561/automated/1849/0_PRESCREENING/CONF1/sp.
2025-04-08 22:20:51,903 -   censo.qm_processor   -   INFO   - worker86283: Running sp calculation in /home/michael/Documents/CHEM4561/automated/1849/0_PRESCREENING/CONF2/sp.
2025-04-08 22:20:51,904 -   censo.qm_processor   -   INFO   - worker86286: Running sp calculation in /home/michael/Documents/CHEM4561/automated/1849/0_PRESCREENING/CONF3/sp.
2025-04-08 22:20:51,904 -   censo.qm_processor   -   INFO   - worker86288: Running sp calculation in /home/michael/Documents/CHEM4561/automated/1849/0_PRESCREENING/CONF4/sp.
2025-04-08 22:20:51,904 -   censo.qm_processor   -   INFO   - worker86291: Running sp calculation in /home/michael/Documents/CHEM4561/automated/1849/0_PRESCREENING/CONF5/sp.
2025-04-08 22:20:51,905 -   censo.qm_processor   -   INFO   - worker86294: Running sp calculation in /home/michael/Documents/CHEM4561/automated/1849/0_PRESCREENING/CONF6/sp.
2025-04-08 22:20:51,905 -   censo.qm_processor   -   INFO   - worker86298: Running sp calculation in /home/michael/Documents/CHEM4561/automated/1849/0_PRESCREENING/CONF7/sp.
2025-04-08 22:20:51,906 -   censo.qm_processor   -   INFO   - worker86301: Running sp calculation in /home/michael/Documents/CHEM4561/automated/1849/0_PRESCREENING/CONF8/sp.
2025-04-08 22:20:51,906 -   censo.qm_processor   -   INFO   - worker86304: Running sp calculation in /home/michael/Documents/CHEM4561/automated/1849/0_PRESCREENING/CONF12/sp.
2025-04-08 22:20:51,907 -   censo.qm_processor   -   INFO   - worker86307: Running sp calculation in /home/michael/Documents/CHEM4561/automated/1849/0_PRESCREENING/CONF14/sp.
2025-04-08 22:20:51,907 -   censo.qm_processor   -   INFO   - worker86309: Running sp calculation in /home/michael/Documents/CHEM4561/automated/1849/0_PRESCREENING/CONF9/sp.
2025-04-08 22:20:51,908 -   censo.qm_processor   -   INFO   - worker86312: Running sp calculation in /home/michael/Documents/CHEM4561/automated/1849/0_PRESCREENING/CONF10/sp.
2025-04-08 22:20:51,908 -   censo.qm_processor   -   INFO   - worker86316: Running sp calculation in /home/michael/Documents/CHEM4561/automated/1849/0_PRESCREENING/CONF11/sp.
2025-04-08 22:20:51,909 -   censo.qm_processor   -   INFO   - worker86318: Running sp calculation in /home/michael/Documents/CHEM4561/automated/1849/0_PRESCREENING/CONF13/sp.
2025-04-08 22:20:51,910 -   censo.qm_processor   -   INFO   - worker86321: Running sp calculation in /home/michael/Documents/CHEM4561/automated/1849/0_PRESCREENING/CONF15/sp.
2025-04-08 22:20:51,910 -   censo.qm_processor   -   INFO   - worker86324: Running sp calculation in /home/michael/Documents/CHEM4561/automated/1849/0_PRESCREENING/CONF16/sp.
2025-04-08 22:20:52,971 -   censo.qm_processor   -   INFO   - worker86294: Running sp calculation in /home/michael/Documents/CHEM4561/automated/1849/0_PRESCREENING/CONF17/sp.
2025-04-08 22:20:53,198 -   censo.qm_processor   -   INFO   - worker86288: Running sp calculation in /home/michael/Documents/CHEM4561/automated/1849/0_PRESCREENING/CONF21/sp.
2025-04-08 22:20:53,244 -   censo.qm_processor   -   INFO   - worker86298: Running sp calculation in /home/michael/Documents/CHEM4561/automated/1849/0_PRESCREENING/CONF22/sp.
2025-04-08 22:20:53,246 -   censo.qm_processor   -   INFO   - worker86321: Running sp calculation in /home/michael/Documents/CHEM4561/automated/1849/0_PRESCREENING/CONF20/sp.
2025-04-08 22:20:53,247 -   censo.qm_processor   -   INFO   - worker86309: Running sp calculation in /home/michael/Documents/CHEM4561/automated/1849/0_PRESCREENING/CONF23/sp.
2025-04-08 22:20:53,248 -   censo.qm_processor   -   INFO   - worker86304: Running sp calculation in /home/michael/Documents/CHEM4561/automated/1849/0_PRESCREENING/CONF18/sp.
2025-04-08 22:20:53,257 -   censo.qm_processor   -   INFO   - worker86301: Running sp calculation in /home/michael/Documents/CHEM4561/automated/1849/0_PRESCREENING/CONF19/sp.
2025-04-08 22:20:53,258 -   censo.qm_processor   -   INFO   - worker86307: Running sp calculation in /home/michael/Documents/CHEM4561/automated/1849/0_PRESCREENING/CONF24/sp.
2025-04-08 22:20:53,401 -   censo.qm_processor   -   INFO   - worker86324: Running sp calculation in /home/michael/Documents/CHEM4561/automated/1849/0_PRESCREENING/CONF25/sp.
2025-04-08 22:20:53,407 -   censo.qm_processor   -   INFO   - worker86286: Running sp calculation in /home/michael/Documents/CHEM4561/automated/1849/0_PRESCREENING/CONF26/sp.
2025-04-08 22:20:53,425 -   censo.qm_processor   -   INFO   - worker86283: Running sp calculation in /home/michael/Documents/CHEM4561/automated/1849/0_PRESCREENING/CONF27/sp.
2025-04-08 22:20:53,426 -   censo.qm_processor   -   INFO   - worker86312: Running sp calculation in /home/michael/Documents/CHEM4561/automated/1849/0_PRESCREENING/CONF28/sp.
2025-04-08 22:20:54,659 -     censo.parallel     -   INFO   - All jobs executed successfully.
2025-04-08 22:20:54,680 -   censo.qm_processor   -   INFO   - worker86636: Running sp calculation in /home/michael/Documents/CHEM4561/automated/1849/1_SCREENING/CONF1/sp.
2025-04-08 22:20:54,682 -   censo.qm_processor   -   INFO   - worker86637: Running sp calculation in /home/michael/Documents/CHEM4561/automated/1849/1_SCREENING/CONF2/sp.
2025-04-08 22:20:54,682 -   censo.qm_processor   -   INFO   - worker86642: Running sp calculation in /home/michael/Documents/CHEM4561/automated/1849/1_SCREENING/CONF3/sp.
2025-04-08 22:20:54,683 -   censo.qm_processor   -   INFO   - worker86639: Running sp calculation in /home/michael/Documents/CHEM4561/automated/1849/1_SCREENING/CONF4/sp.
2025-04-08 22:20:54,684 -   censo.qm_processor   -   INFO   - worker86645: Running sp calculation in /home/michael/Documents/CHEM4561/automated/1849/1_SCREENING/CONF5/sp.
2025-04-08 22:20:54,684 -   censo.qm_processor   -   INFO   - worker86649: Running sp calculation in /home/michael/Documents/CHEM4561/automated/1849/1_SCREENING/CONF14/sp.
2025-04-08 22:20:54,685 -   censo.qm_processor   -   INFO   - worker86651: Running sp calculation in /home/michael/Documents/CHEM4561/automated/1849/1_SCREENING/CONF12/sp.
2025-04-08 22:20:54,686 -   censo.qm_processor   -   INFO   - worker86654: Running sp calculation in /home/michael/Documents/CHEM4561/automated/1849/1_SCREENING/CONF8/sp.
2025-04-08 22:20:54,687 -   censo.qm_processor   -   INFO   - worker86657: Running sp calculation in /home/michael/Documents/CHEM4561/automated/1849/1_SCREENING/CONF7/sp.
2025-04-08 22:20:54,687 -   censo.qm_processor   -   INFO   - worker86660: Running sp calculation in /home/michael/Documents/CHEM4561/automated/1849/1_SCREENING/CONF9/sp.
2025-04-08 22:20:54,688 -   censo.qm_processor   -   INFO   - worker86663: Running sp calculation in /home/michael/Documents/CHEM4561/automated/1849/1_SCREENING/CONF6/sp.
2025-04-08 22:20:54,688 -   censo.qm_processor   -   INFO   - worker86666: Running sp calculation in /home/michael/Documents/CHEM4561/automated/1849/1_SCREENING/CONF25/sp.
2025-04-08 22:20:54,691 -   censo.qm_processor   -   INFO   - worker86675: Running sp calculation in /home/michael/Documents/CHEM4561/automated/1849/1_SCREENING/CONF13/sp.
2025-04-08 22:20:54,691 -   censo.qm_processor   -   INFO   - worker86672: Running sp calculation in /home/michael/Documents/CHEM4561/automated/1849/1_SCREENING/CONF26/sp.
2025-04-08 22:20:54,692 -   censo.qm_processor   -   INFO   - worker86670: Running sp calculation in /home/michael/Documents/CHEM4561/automated/1849/1_SCREENING/CONF11/sp.
2025-04-08 22:20:54,694 -   censo.qm_processor   -   INFO   - worker86678: Running sp calculation in /home/michael/Documents/CHEM4561/automated/1849/1_SCREENING/CONF10/sp.
2025-04-08 22:20:55,870 -   censo.qm_processor   -   INFO   - worker86654: Running sp calculation in /home/michael/Documents/CHEM4561/automated/1849/1_SCREENING/CONF15/sp.
2025-04-08 22:20:55,870 -   censo.qm_processor   -   INFO   - worker86675: Running sp calculation in /home/michael/Documents/CHEM4561/automated/1849/1_SCREENING/CONF16/sp.
2025-04-08 22:20:55,975 -   censo.qm_processor   -   INFO   - worker86797: Running sp calculation in /home/michael/Documents/CHEM4561/automated/1849/0_PRESCREENING/CONF1/sp.
2025-04-08 22:20:55,975 -   censo.qm_processor   -   INFO   - worker86798: Running sp calculation in /home/michael/Documents/CHEM4561/automated/1849/0_PRESCREENING/CONF2/sp.
2025-04-08 22:20:55,976 -   censo.qm_processor   -   INFO   - worker86801: Running sp calculation in /home/michael/Documents/CHEM4561/automated/1849/0_PRESCREENING/CONF3/sp.
2025-04-08 22:20:55,976 -   censo.qm_processor   -   INFO   - worker86804: Running sp calculation in /home/michael/Documents/CHEM4561/automated/1849/0_PRESCREENING/CONF4/sp.
2025-04-08 22:20:55,977 -   censo.qm_processor   -   INFO   - worker86807: Running sp calculation in /home/michael/Documents/CHEM4561/automated/1849/0_PRESCREENING/CONF5/sp.
2025-04-08 22:20:55,977 -   censo.qm_processor   -   INFO   - worker86810: Running sp calculation in /home/michael/Documents/CHEM4561/automated/1849/0_PRESCREENING/CONF6/sp.
2025-04-08 22:20:55,977 -   censo.qm_processor   -   INFO   - worker86812: Running sp calculation in /home/michael/Documents/CHEM4561/automated/1849/0_PRESCREENING/CONF7/sp.
2025-04-08 22:20:55,978 -   censo.qm_processor   -   INFO   - worker86815: Running sp calculation in /home/michael/Documents/CHEM4561/automated/1849/0_PRESCREENING/CONF8/sp.
2025-04-08 22:20:55,978 -   censo.qm_processor   -   INFO   - worker86818: Running sp calculation in /home/michael/Documents/CHEM4561/automated/1849/0_PRESCREENING/CONF12/sp.
2025-04-08 22:20:55,979 -   censo.qm_processor   -   INFO   - worker86821: Running sp calculation in /home/michael/Documents/CHEM4561/automated/1849/0_PRESCREENING/CONF14/sp.
2025-04-08 22:20:55,979 -   censo.qm_processor   -   INFO   - worker86824: Running sp calculation in /home/michael/Documents/CHEM4561/automated/1849/0_PRESCREENING/CONF9/sp.
2025-04-08 22:20:55,980 -   censo.qm_processor   -   INFO   - worker86827: Running sp calculation in /home/michael/Documents/CHEM4561/automated/1849/0_PRESCREENING/CONF10/sp.
2025-04-08 22:20:55,980 -   censo.qm_processor   -   INFO   - worker86830: Running sp calculation in /home/michael/Documents/CHEM4561/automated/1849/0_PRESCREENING/CONF11/sp.
2025-04-08 22:20:55,982 -   censo.qm_processor   -   INFO   - worker86833: Running sp calculation in /home/michael/Documents/CHEM4561/automated/1849/0_PRESCREENING/CONF13/sp.
2025-04-08 22:20:55,982 -   censo.qm_processor   -   INFO   - worker86839: Running sp calculation in /home/michael/Documents/CHEM4561/automated/1849/0_PRESCREENING/CONF16/sp.
2025-04-08 22:20:55,982 -   censo.qm_processor   -   INFO   - worker86836: Running sp calculation in /home/michael/Documents/CHEM4561/automated/1849/0_PRESCREENING/CONF15/sp.
2025-04-08 22:20:56,351 -   censo.qm_processor   -   INFO   - worker86830: Running sp calculation in /home/michael/Documents/CHEM4561/automated/1849/0_PRESCREENING/CONF17/sp.
2025-04-08 22:20:56,352 -   censo.qm_processor   -   INFO   - worker86807: Running sp calculation in /home/michael/Documents/CHEM4561/automated/1849/0_PRESCREENING/CONF21/sp.
2025-04-08 22:20:56,352 -   censo.qm_processor   -   INFO   - worker86830: Running sp calculation in /home/michael/Documents/CHEM4561/automated/1849/0_PRESCREENING/CONF22/sp.
2025-04-08 22:20:56,353 -   censo.qm_processor   -   INFO   - worker86830: Running sp calculation in /home/michael/Documents/CHEM4561/automated/1849/0_PRESCREENING/CONF20/sp.
2025-04-08 22:20:56,353 -   censo.qm_processor   -   INFO   - worker86807: Running sp calculation in /home/michael/Documents/CHEM4561/automated/1849/0_PRESCREENING/CONF23/sp.
2025-04-08 22:20:56,353 -   censo.qm_processor   -   INFO   - worker86815: Running sp calculation in /home/michael/Documents/CHEM4561/automated/1849/0_PRESCREENING/CONF18/sp.
2025-04-08 22:20:56,353 -   censo.qm_processor   -   INFO   - worker86833: Running sp calculation in /home/michael/Documents/CHEM4561/automated/1849/0_PRESCREENING/CONF19/sp.
2025-04-08 22:20:56,353 -   censo.qm_processor   -   INFO   - worker86801: Running sp calculation in /home/michael/Documents/CHEM4561/automated/1849/0_PRESCREENING/CONF24/sp.
2025-04-08 22:20:56,353 -   censo.qm_processor   -   INFO   - worker86830: Running sp calculation in /home/michael/Documents/CHEM4561/automated/1849/0_PRESCREENING/CONF26/sp.
2025-04-08 22:20:56,353 -   censo.qm_processor   -   INFO   - worker86810: Running sp calculation in /home/michael/Documents/CHEM4561/automated/1849/0_PRESCREENING/CONF25/sp.
2025-04-08 22:20:56,353 -   censo.qm_processor   -   INFO   - worker86797: Running sp calculation in /home/michael/Documents/CHEM4561/automated/1849/0_PRESCREENING/CONF27/sp.
2025-04-08 22:20:56,353 -   censo.qm_processor   -   INFO   - worker86807: Running sp calculation in /home/michael/Documents/CHEM4561/automated/1849/0_PRESCREENING/CONF28/sp.
2025-04-08 22:21:12,286 -   censo.qm_processor   -   INFO   - worker87083: Running sp calculation in /home/michael/Documents/CHEM4561/automated/1849/0_PRESCREENING/CONF1/sp.
2025-04-08 22:21:12,286 -   censo.qm_processor   -   INFO   - worker87084: Running sp calculation in /home/michael/Documents/CHEM4561/automated/1849/0_PRESCREENING/CONF2/sp.
2025-04-08 22:21:12,286 -   censo.qm_processor   -   INFO   - worker87086: Running sp calculation in /home/michael/Documents/CHEM4561/automated/1849/0_PRESCREENING/CONF3/sp.
2025-04-08 22:21:12,287 -   censo.qm_processor   -   INFO   - worker87089: Running sp calculation in /home/michael/Documents/CHEM4561/automated/1849/0_PRESCREENING/CONF4/sp.
2025-04-08 22:21:12,287 -   censo.qm_processor   -   INFO   - worker87092: Running sp calculation in /home/michael/Documents/CHEM4561/automated/1849/0_PRESCREENING/CONF5/sp.
2025-04-08 22:21:12,287 -   censo.qm_processor   -   INFO   - worker87095: Running sp calculation in /home/michael/Documents/CHEM4561/automated/1849/0_PRESCREENING/CONF6/sp.
2025-04-08 22:21:12,288 -   censo.qm_processor   -   INFO   - worker87097: Running sp calculation in /home/michael/Documents/CHEM4561/automated/1849/0_PRESCREENING/CONF7/sp.
2025-04-08 22:21:12,288 -   censo.qm_processor   -   INFO   - worker87101: Running sp calculation in /home/michael/Documents/CHEM4561/automated/1849/0_PRESCREENING/CONF8/sp.
2025-04-08 22:21:12,289 -   censo.qm_processor   -   INFO   - worker87104: Running sp calculation in /home/michael/Documents/CHEM4561/automated/1849/0_PRESCREENING/CONF12/sp.
2025-04-08 22:21:12,289 -   censo.qm_processor   -   INFO   - worker87107: Running sp calculation in /home/michael/Documents/CHEM4561/automated/1849/0_PRESCREENING/CONF14/sp.
2025-04-08 22:21:12,290 -   censo.qm_processor   -   INFO   - worker87110: Running sp calculation in /home/michael/Documents/CHEM4561/automated/1849/0_PRESCREENING/CONF9/sp.
2025-04-08 22:21:12,290 -   censo.qm_processor   -   INFO   - worker87113: Running sp calculation in /home/michael/Documents/CHEM4561/automated/1849/0_PRESCREENING/CONF10/sp.
2025-04-08 22:21:12,292 -   censo.qm_processor   -   INFO   - worker87116: Running sp calculation in /home/michael/Documents/CHEM4561/automated/1849/0_PRESCREENING/CONF11/sp.
2025-04-08 22:21:12,292 -   censo.qm_processor   -   INFO   - worker87119: Running sp calculation in /home/michael/Documents/CHEM4561/automated/1849/0_PRESCREENING/CONF13/sp.
2025-04-08 22:21:12,292 -   censo.qm_processor   -   INFO   - worker87122: Running sp calculation in /home/michael/Documents/CHEM4561/automated/1849/0_PRESCREENING/CONF15/sp.
2025-04-08 22:21:12,293 -   censo.qm_processor   -   INFO   - worker87125: Running sp calculation in /home/michael/Documents/CHEM4561/automated/1849/0_PRESCREENING/CONF16/sp.
2025-04-08 22:21:15,427 -   censo.qm_processor   -   INFO   - worker87086: Running sp calculation in /home/michael/Documents/CHEM4561/automated/1849/0_PRESCREENING/CONF17/sp.
2025-04-08 22:21:15,439 -   censo.qm_processor   -   INFO   - worker87107: Running sp calculation in /home/michael/Documents/CHEM4561/automated/1849/0_PRESCREENING/CONF21/sp.
2025-04-08 22:21:15,443 -   censo.qm_processor   -   INFO   - worker87089: Running sp calculation in /home/michael/Documents/CHEM4561/automated/1849/0_PRESCREENING/CONF22/sp.
2025-04-08 22:21:15,452 -   censo.qm_processor   -   INFO   - worker87110: Running sp calculation in /home/michael/Documents/CHEM4561/automated/1849/0_PRESCREENING/CONF20/sp.
2025-04-08 22:21:15,453 -   censo.qm_processor   -   INFO   - worker87084: Running sp calculation in /home/michael/Documents/CHEM4561/automated/1849/0_PRESCREENING/CONF23/sp.
2025-04-08 22:21:15,454 -   censo.qm_processor   -   INFO   - worker87119: Running sp calculation in /home/michael/Documents/CHEM4561/automated/1849/0_PRESCREENING/CONF18/sp.
2025-04-08 22:21:15,462 -   censo.qm_processor   -   INFO   - worker87104: Running sp calculation in /home/michael/Documents/CHEM4561/automated/1849/0_PRESCREENING/CONF19/sp.
2025-04-08 22:21:15,464 -   censo.qm_processor   -   INFO   - worker87122: Running sp calculation in /home/michael/Documents/CHEM4561/automated/1849/0_PRESCREENING/CONF24/sp.
2025-04-08 22:21:15,484 -   censo.qm_processor   -   INFO   - worker87101: Running sp calculation in /home/michael/Documents/CHEM4561/automated/1849/0_PRESCREENING/CONF25/sp.
2025-04-08 22:21:15,488 -   censo.qm_processor   -   INFO   - worker87116: Running sp calculation in /home/michael/Documents/CHEM4561/automated/1849/0_PRESCREENING/CONF26/sp.
2025-04-08 22:21:15,497 -   censo.qm_processor   -   INFO   - worker87095: Running sp calculation in /home/michael/Documents/CHEM4561/automated/1849/0_PRESCREENING/CONF27/sp.
2025-04-08 22:21:15,499 -   censo.qm_processor   -   INFO   - worker87097: Running sp calculation in /home/michael/Documents/CHEM4561/automated/1849/0_PRESCREENING/CONF28/sp.
2025-04-08 22:21:16,619 -     censo.parallel     -   INFO   - All jobs executed successfully.
2025-04-08 22:21:16,639 -   censo.qm_processor   -   INFO   - worker87433: Running sp calculation in /home/michael/Documents/CHEM4561/automated/1849/1_SCREENING/CONF1/sp.
2025-04-08 22:21:16,639 -   censo.qm_processor   -   INFO   - worker87434: Running sp calculation in /home/michael/Documents/CHEM4561/automated/1849/1_SCREENING/CONF2/sp.
2025-04-08 22:21:16,640 -   censo.qm_processor   -   INFO   - worker87436: Running sp calculation in /home/michael/Documents/CHEM4561/automated/1849/1_SCREENING/CONF3/sp.
2025-04-08 22:21:16,640 -   censo.qm_processor   -   INFO   - worker87439: Running sp calculation in /home/michael/Documents/CHEM4561/automated/1849/1_SCREENING/CONF4/sp.
2025-04-08 22:21:16,641 -   censo.qm_processor   -   INFO   - worker87442: Running sp calculation in /home/michael/Documents/CHEM4561/automated/1849/1_SCREENING/CONF5/sp.
2025-04-08 22:21:16,642 -   censo.qm_processor   -   INFO   - worker87445: Running sp calculation in /home/michael/Documents/CHEM4561/automated/1849/1_SCREENING/CONF14/sp.
2025-04-08 22:21:16,642 -   censo.qm_processor   -   INFO   - worker87448: Running sp calculation in /home/michael/Documents/CHEM4561/automated/1849/1_SCREENING/CONF12/sp.
2025-04-08 22:21:16,643 -   censo.qm_processor   -   INFO   - worker87451: Running sp calculation in /home/michael/Documents/CHEM4561/automated/1849/1_SCREENING/CONF8/sp.
2025-04-08 22:21:16,643 -   censo.qm_processor   -   INFO   - worker87454: Running sp calculation in /home/michael/Documents/CHEM4561/automated/1849/1_SCREENING/CONF7/sp.
2025-04-08 22:21:16,644 -   censo.qm_processor   -   INFO   - worker87458: Running sp calculation in /home/michael/Documents/CHEM4561/automated/1849/1_SCREENING/CONF9/sp.
2025-04-08 22:21:16,644 -   censo.qm_processor   -   INFO   - worker87460: Running sp calculation in /home/michael/Documents/CHEM4561/automated/1849/1_SCREENING/CONF6/sp.
2025-04-08 22:21:16,645 -   censo.qm_processor   -   INFO   - worker87463: Running sp calculation in /home/michael/Documents/CHEM4561/automated/1849/1_SCREENING/CONF25/sp.
2025-04-08 22:21:16,645 -   censo.qm_processor   -   INFO   - worker87466: Running sp calculation in /home/michael/Documents/CHEM4561/automated/1849/1_SCREENING/CONF11/sp.
2025-04-08 22:21:16,648 -   censo.qm_processor   -   INFO   - worker87469: Running sp calculation in /home/michael/Documents/CHEM4561/automated/1849/1_SCREENING/CONF13/sp.
2025-04-08 22:21:16,654 -   censo.qm_processor   -   INFO   - worker87472: Running sp calculation in /home/michael/Documents/CHEM4561/automated/1849/1_SCREENING/CONF26/sp.
2025-04-08 22:21:16,658 -   censo.qm_processor   -   INFO   - worker87475: Running sp calculation in /home/michael/Documents/CHEM4561/automated/1849/1_SCREENING/CONF10/sp.
2025-04-08 22:21:18,686 -   censo.qm_processor   -   INFO   - worker87602: Running sp calculation in /home/michael/Documents/CHEM4561/automated/1849/0_PRESCREENING/CONF1/sp.
2025-04-08 22:21:18,686 -   censo.qm_processor   -   INFO   - worker87603: Running sp calculation in /home/michael/Documents/CHEM4561/automated/1849/0_PRESCREENING/CONF2/sp.
2025-04-08 22:21:18,687 -   censo.qm_processor   -   INFO   - worker87605: Running sp calculation in /home/michael/Documents/CHEM4561/automated/1849/0_PRESCREENING/CONF3/sp.
2025-04-08 22:21:18,687 -   censo.qm_processor   -   INFO   - worker87608: Running sp calculation in /home/michael/Documents/CHEM4561/automated/1849/0_PRESCREENING/CONF4/sp.
2025-04-08 22:21:18,688 -   censo.qm_processor   -   INFO   - worker87611: Running sp calculation in /home/michael/Documents/CHEM4561/automated/1849/0_PRESCREENING/CONF5/sp.
2025-04-08 22:21:18,689 -   censo.qm_processor   -   INFO   - worker87614: Running sp calculation in /home/michael/Documents/CHEM4561/automated/1849/0_PRESCREENING/CONF6/sp.
2025-04-08 22:21:18,689 -   censo.qm_processor   -   INFO   - worker87617: Running sp calculation in /home/michael/Documents/CHEM4561/automated/1849/0_PRESCREENING/CONF7/sp.
2025-04-08 22:21:18,690 -   censo.qm_processor   -   INFO   - worker87620: Running sp calculation in /home/michael/Documents/CHEM4561/automated/1849/0_PRESCREENING/CONF8/sp.
2025-04-08 22:21:18,690 -   censo.qm_processor   -   INFO   - worker87623: Running sp calculation in /home/michael/Documents/CHEM4561/automated/1849/0_PRESCREENING/CONF12/sp.
2025-04-08 22:21:18,690 -   censo.qm_processor   -   INFO   - worker87626: Running sp calculation in /home/michael/Documents/CHEM4561/automated/1849/0_PRESCREENING/CONF14/sp.
2025-04-08 22:21:18,691 -   censo.qm_processor   -   INFO   - worker87629: Running sp calculation in /home/michael/Documents/CHEM4561/automated/1849/0_PRESCREENING/CONF9/sp.
2025-04-08 22:21:18,692 -   censo.qm_processor   -   INFO   - worker87632: Running sp calculation in /home/michael/Documents/CHEM4561/automated/1849/0_PRESCREENING/CONF10/sp.
2025-04-08 22:21:18,692 -   censo.qm_processor   -   INFO   - worker87635: Running sp calculation in /home/michael/Documents/CHEM4561/automated/1849/0_PRESCREENING/CONF11/sp.
2025-04-08 22:21:18,694 -   censo.qm_processor   -   INFO   - worker87638: Running sp calculation in /home/michael/Documents/CHEM4561/automated/1849/0_PRESCREENING/CONF13/sp.
2025-04-08 22:21:18,701 -   censo.qm_processor   -   INFO   - worker87644: Running sp calculation in /home/michael/Documents/CHEM4561/automated/1849/0_PRESCREENING/CONF16/sp.
2025-04-08 22:21:18,701 -   censo.qm_processor   -   INFO   - worker87641: Running sp calculation in /home/michael/Documents/CHEM4561/automated/1849/0_PRESCREENING/CONF15/sp.
2025-04-08 22:21:19,164 -   censo.qm_processor   -   INFO   - worker87623: Running sp calculation in /home/michael/Documents/CHEM4561/automated/1849/0_PRESCREENING/CONF17/sp.
2025-04-08 22:21:19,165 -   censo.qm_processor   -   INFO   - worker87605: Running sp calculation in /home/michael/Documents/CHEM4561/automated/1849/0_PRESCREENING/CONF21/sp.
2025-04-08 22:21:19,166 -   censo.qm_processor   -   INFO   - worker87641: Running sp calculation in /home/michael/Documents/CHEM4561/automated/1849/0_PRESCREENING/CONF22/sp.
2025-04-08 22:21:19,167 -   censo.qm_processor   -   INFO   - worker87602: Running sp calculation in /home/michael/Documents/CHEM4561/automated/1849/0_PRESCREENING/CONF20/sp.
2025-04-08 22:21:19,168 -   censo.qm_processor   -   INFO   - worker87620: Running sp calculation in /home/michael/Documents/CHEM4561/automated/1849/0_PRESCREENING/CONF23/sp.
2025-04-08 22:21:19,169 -   censo.qm_processor   -   INFO   - worker87632: Running sp calculation in /home/michael/Documents/CHEM4561/automated/1849/0_PRESCREENING/CONF18/sp.
2025-04-08 22:21:19,169 -   censo.qm_processor   -   INFO   - worker87614: Running sp calculation in /home/michael/Documents/CHEM4561/automated/1849/0_PRESCREENING/CONF19/sp.
2025-04-08 22:21:19,170 -   censo.qm_processor   -   INFO   - worker87638: Running sp calculation in /home/michael/Documents/CHEM4561/automated/1849/0_PRESCREENING/CONF24/sp.
2025-04-08 22:21:19,171 -   censo.qm_processor   -   INFO   - worker87629: Running sp calculation in /home/michael/Documents/CHEM4561/automated/1849/0_PRESCREENING/CONF25/sp.
2025-04-08 22:21:19,171 -   censo.qm_processor   -   INFO   - worker87608: Running sp calculation in /home/michael/Documents/CHEM4561/automated/1849/0_PRESCREENING/CONF26/sp.
2025-04-08 22:21:19,171 -   censo.qm_processor   -   INFO   - worker87644: Running sp calculation in /home/michael/Documents/CHEM4561/automated/1849/0_PRESCREENING/CONF27/sp.
2025-04-08 22:21:19,172 -   censo.qm_processor   -   INFO   - worker87626: Running sp calculation in /home/michael/Documents/CHEM4561/automated/1849/0_PRESCREENING/CONF28/sp.
2025-04-08 22:21:27,933 -   censo.qm_processor   -   INFO   - worker87790: Running sp calculation in /home/michael/Documents/CHEM4561/automated/1849/0_PRESCREENING/CONF1/sp.
2025-04-08 22:21:27,933 -   censo.qm_processor   -   INFO   - worker87791: Running sp calculation in /home/michael/Documents/CHEM4561/automated/1849/0_PRESCREENING/CONF2/sp.
2025-04-08 22:21:27,934 -   censo.qm_processor   -   INFO   - worker87793: Running sp calculation in /home/michael/Documents/CHEM4561/automated/1849/0_PRESCREENING/CONF3/sp.
2025-04-08 22:21:27,934 -   censo.qm_processor   -   INFO   - worker87796: Running sp calculation in /home/michael/Documents/CHEM4561/automated/1849/0_PRESCREENING/CONF4/sp.
2025-04-08 22:21:27,934 -   censo.qm_processor   -   INFO   - worker87799: Running sp calculation in /home/michael/Documents/CHEM4561/automated/1849/0_PRESCREENING/CONF5/sp.
2025-04-08 22:21:27,934 -   censo.qm_processor   -   INFO   - worker87802: Running sp calculation in /home/michael/Documents/CHEM4561/automated/1849/0_PRESCREENING/CONF6/sp.
2025-04-08 22:21:27,935 -   censo.qm_processor   -   INFO   - worker87805: Running sp calculation in /home/michael/Documents/CHEM4561/automated/1849/0_PRESCREENING/CONF7/sp.
2025-04-08 22:21:27,935 -   censo.qm_processor   -   INFO   - worker87809: Running sp calculation in /home/michael/Documents/CHEM4561/automated/1849/0_PRESCREENING/CONF8/sp.
2025-04-08 22:21:27,935 -   censo.qm_processor   -   INFO   - worker87811: Running sp calculation in /home/michael/Documents/CHEM4561/automated/1849/0_PRESCREENING/CONF12/sp.
2025-04-08 22:21:27,936 -   censo.qm_processor   -   INFO   - worker87815: Running sp calculation in /home/michael/Documents/CHEM4561/automated/1849/0_PRESCREENING/CONF14/sp.
2025-04-08 22:21:27,937 -   censo.qm_processor   -   INFO   - worker87818: Running sp calculation in /home/michael/Documents/CHEM4561/automated/1849/0_PRESCREENING/CONF9/sp.
2025-04-08 22:21:27,937 -   censo.qm_processor   -   INFO   - worker87820: Running sp calculation in /home/michael/Documents/CHEM4561/automated/1849/0_PRESCREENING/CONF10/sp.
2025-04-08 22:21:27,938 -   censo.qm_processor   -   INFO   - worker87822: Running sp calculation in /home/michael/Documents/CHEM4561/automated/1849/0_PRESCREENING/CONF11/sp.
2025-04-08 22:21:27,938 -   censo.qm_processor   -   INFO   - worker87825: Running sp calculation in /home/michael/Documents/CHEM4561/automated/1849/0_PRESCREENING/CONF13/sp.
2025-04-08 22:21:27,938 -   censo.qm_processor   -   INFO   - worker87829: Running sp calculation in /home/michael/Documents/CHEM4561/automated/1849/0_PRESCREENING/CONF15/sp.
2025-04-08 22:21:27,939 -   censo.qm_processor   -   INFO   - worker87832: Running sp calculation in /home/michael/Documents/CHEM4561/automated/1849/0_PRESCREENING/CONF16/sp.
2025-04-08 22:21:29,273 -   censo.qm_processor   -   INFO   - worker87793: Running sp calculation in /home/michael/Documents/CHEM4561/automated/1849/0_PRESCREENING/CONF17/sp.
2025-04-08 22:21:29,292 -   censo.qm_processor   -   INFO   - worker87811: Running sp calculation in /home/michael/Documents/CHEM4561/automated/1849/0_PRESCREENING/CONF21/sp.
2025-04-08 22:21:29,294 -   censo.qm_processor   -   INFO   - worker87809: Running sp calculation in /home/michael/Documents/CHEM4561/automated/1849/0_PRESCREENING/CONF22/sp.
2025-04-08 22:21:29,307 -   censo.qm_processor   -   INFO   - worker87796: Running sp calculation in /home/michael/Documents/CHEM4561/automated/1849/0_PRESCREENING/CONF20/sp.
2025-04-08 22:21:29,321 -   censo.qm_processor   -   INFO   - worker87791: Running sp calculation in /home/michael/Documents/CHEM4561/automated/1849/0_PRESCREENING/CONF23/sp.
2025-04-08 22:21:29,323 -   censo.qm_processor   -   INFO   - worker87799: Running sp calculation in /home/michael/Documents/CHEM4561/automated/1849/0_PRESCREENING/CONF18/sp.
2025-04-08 22:21:29,325 -   censo.qm_processor   -   INFO   - worker87822: Running sp calculation in /home/michael/Documents/CHEM4561/automated/1849/0_PRESCREENING/CONF19/sp.
2025-04-08 22:21:29,326 -   censo.qm_processor   -   INFO   - worker87790: Running sp calculation in /home/michael/Documents/CHEM4561/automated/1849/0_PRESCREENING/CONF24/sp.
2025-04-08 22:21:29,328 -   censo.qm_processor   -   INFO   - worker87829: Running sp calculation in /home/michael/Documents/CHEM4561/automated/1849/0_PRESCREENING/CONF25/sp.
2025-04-08 22:21:29,334 -   censo.qm_processor   -   INFO   - worker87832: Running sp calculation in /home/michael/Documents/CHEM4561/automated/1849/0_PRESCREENING/CONF26/sp.
2025-04-08 22:21:29,336 -   censo.qm_processor   -   INFO   - worker87802: Running sp calculation in /home/michael/Documents/CHEM4561/automated/1849/0_PRESCREENING/CONF27/sp.
2025-04-08 22:21:29,337 -   censo.qm_processor   -   INFO   - worker87820: Running sp calculation in /home/michael/Documents/CHEM4561/automated/1849/0_PRESCREENING/CONF28/sp.
2025-04-08 22:21:30,679 -     censo.parallel     -   INFO   - All jobs executed successfully.
2025-04-08 22:21:30,698 -   censo.qm_processor   -   INFO   - worker88147: Running sp calculation in /home/michael/Documents/CHEM4561/automated/1849/1_SCREENING/CONF1/sp.
2025-04-08 22:21:30,698 -   censo.qm_processor   -   INFO   - worker88148: Running sp calculation in /home/michael/Documents/CHEM4561/automated/1849/1_SCREENING/CONF2/sp.
2025-04-08 22:21:30,699 -   censo.qm_processor   -   INFO   - worker88150: Running sp calculation in /home/michael/Documents/CHEM4561/automated/1849/1_SCREENING/CONF3/sp.
2025-04-08 22:21:30,700 -   censo.qm_processor   -   INFO   - worker88153: Running sp calculation in /home/michael/Documents/CHEM4561/automated/1849/1_SCREENING/CONF4/sp.
2025-04-08 22:21:30,701 -   censo.qm_processor   -   INFO   - worker88156: Running sp calculation in /home/michael/Documents/CHEM4561/automated/1849/1_SCREENING/CONF5/sp.
2025-04-08 22:21:30,701 -   censo.qm_processor   -   INFO   - worker88159: Running sp calculation in /home/michael/Documents/CHEM4561/automated/1849/1_SCREENING/CONF14/sp.
2025-04-08 22:21:30,702 -   censo.qm_processor   -   INFO   - worker88162: Running sp calculation in /home/michael/Documents/CHEM4561/automated/1849/1_SCREENING/CONF12/sp.
2025-04-08 22:21:30,702 -   censo.qm_processor   -   INFO   - worker88165: Running sp calculation in /home/michael/Documents/CHEM4561/automated/1849/1_SCREENING/CONF8/sp.
2025-04-08 22:21:30,703 -   censo.qm_processor   -   INFO   - worker88168: Running sp calculation in /home/michael/Documents/CHEM4561/automated/1849/1_SCREENING/CONF7/sp.
2025-04-08 22:21:30,703 -   censo.qm_processor   -   INFO   - worker88171: Running sp calculation in /home/michael/Documents/CHEM4561/automated/1849/1_SCREENING/CONF9/sp.
2025-04-08 22:21:30,704 -   censo.qm_processor   -   INFO   - worker88174: Running sp calculation in /home/michael/Documents/CHEM4561/automated/1849/1_SCREENING/CONF6/sp.
2025-04-08 22:21:30,705 -   censo.qm_processor   -   INFO   - worker88177: Running sp calculation in /home/michael/Documents/CHEM4561/automated/1849/1_SCREENING/CONF25/sp.
2025-04-08 22:21:30,705 -   censo.qm_processor   -   INFO   - worker88180: Running sp calculation in /home/michael/Documents/CHEM4561/automated/1849/1_SCREENING/CONF11/sp.
2025-04-08 22:21:30,706 -   censo.qm_processor   -   INFO   - worker88186: Running sp calculation in /home/michael/Documents/CHEM4561/automated/1849/1_SCREENING/CONF26/sp.
2025-04-08 22:21:30,707 -   censo.qm_processor   -   INFO   - worker88183: Running sp calculation in /home/michael/Documents/CHEM4561/automated/1849/1_SCREENING/CONF13/sp.
2025-04-08 22:21:30,711 -   censo.qm_processor   -   INFO   - worker88189: Running sp calculation in /home/michael/Documents/CHEM4561/automated/1849/1_SCREENING/CONF10/sp.
2025-04-08 22:21:43,533 -   censo.qm_processor   -   INFO   - worker88147: Running sp calculation in /home/michael/Documents/CHEM4561/automated/1849/1_SCREENING/CONF15/sp.
2025-04-08 22:21:43,783 -   censo.qm_processor   -   INFO   - worker88156: Running sp calculation in /home/michael/Documents/CHEM4561/automated/1849/1_SCREENING/CONF16/sp.
2025-04-08 22:21:44,398 -   censo.qm_processor   -   INFO   - worker88150: Running sp calculation in /home/michael/Documents/CHEM4561/automated/1849/1_SCREENING/CONF17/sp.
2025-04-08 22:21:44,420 -   censo.qm_processor   -   INFO   - worker88168: Running sp calculation in /home/michael/Documents/CHEM4561/automated/1849/1_SCREENING/CONF27/sp.
2025-04-08 22:21:44,425 -   censo.qm_processor   -   INFO   - worker88148: Running sp calculation in /home/michael/Documents/CHEM4561/automated/1849/1_SCREENING/CONF22/sp.
2025-04-08 22:21:44,449 -   censo.qm_processor   -   INFO   - worker88180: Running sp calculation in /home/michael/Documents/CHEM4561/automated/1849/1_SCREENING/CONF18/sp.
2025-04-08 22:21:44,490 -   censo.qm_processor   -   INFO   - worker88159: Running sp calculation in /home/michael/Documents/CHEM4561/automated/1849/1_SCREENING/CONF20/sp.
2025-04-08 22:21:44,529 -   censo.qm_processor   -   INFO   - worker88183: Running sp calculation in /home/michael/Documents/CHEM4561/automated/1849/1_SCREENING/CONF21/sp.
2025-04-08 22:21:44,582 -   censo.qm_processor   -   INFO   - worker88177: Running sp calculation in /home/michael/Documents/CHEM4561/automated/1849/1_SCREENING/CONF23/sp.
2025-04-08 22:21:44,617 -   censo.qm_processor   -   INFO   - worker88165: Running sp calculation in /home/michael/Documents/CHEM4561/automated/1849/1_SCREENING/CONF19/sp.
2025-04-08 22:21:44,747 -   censo.qm_processor   -   INFO   - worker88174: Running sp calculation in /home/michael/Documents/CHEM4561/automated/1849/1_SCREENING/CONF24/sp.
2025-04-08 22:21:44,758 -   censo.qm_processor   -   INFO   - worker88189: Running sp calculation in /home/michael/Documents/CHEM4561/automated/1849/1_SCREENING/CONF28/sp.
2025-04-08 22:21:55,916 -     censo.parallel     -   INFO   - All jobs executed successfully.
2025-04-08 22:21:55,936 -   censo.qm_processor   -   INFO   - worker88772: Running xtb_opt calculation in /home/michael/Documents/CHEM4561/automated/1849/2_OPTIMIZATION/CONF1/xtb_opt.
2025-04-08 22:21:55,937 -   censo.qm_processor   -   INFO   - worker88773: Running xtb_opt calculation in /home/michael/Documents/CHEM4561/automated/1849/2_OPTIMIZATION/CONF2/xtb_opt.
2025-04-08 22:21:55,937 -   censo.qm_processor   -   INFO   - worker88775: Running xtb_opt calculation in /home/michael/Documents/CHEM4561/automated/1849/2_OPTIMIZATION/CONF3/xtb_opt.
2025-04-08 22:21:55,938 -   censo.qm_processor   -   INFO   - worker88778: Running xtb_opt calculation in /home/michael/Documents/CHEM4561/automated/1849/2_OPTIMIZATION/CONF4/xtb_opt.
2025-04-08 22:21:55,938 -   censo.qm_processor   -   INFO   - worker88780: Running xtb_opt calculation in /home/michael/Documents/CHEM4561/automated/1849/2_OPTIMIZATION/CONF14/xtb_opt.
2025-04-08 22:21:55,939 -   censo.qm_processor   -   INFO   - worker88783: Running xtb_opt calculation in /home/michael/Documents/CHEM4561/automated/1849/2_OPTIMIZATION/CONF12/xtb_opt.
2025-04-08 22:21:55,939 -   censo.qm_processor   -   INFO   - worker88787: Running xtb_opt calculation in /home/michael/Documents/CHEM4561/automated/1849/2_OPTIMIZATION/CONF8/xtb_opt.
2025-04-08 22:21:55,940 -   censo.qm_processor   -   INFO   - worker88790: Running xtb_opt calculation in /home/michael/Documents/CHEM4561/automated/1849/2_OPTIMIZATION/CONF7/xtb_opt.
2025-04-08 22:21:55,941 -   censo.qm_processor   -   INFO   - worker88793: Running xtb_opt calculation in /home/michael/Documents/CHEM4561/automated/1849/2_OPTIMIZATION/CONF6/xtb_opt.
2025-04-08 22:21:55,942 -   censo.qm_processor   -   INFO   - worker88796: Running xtb_opt calculation in /home/michael/Documents/CHEM4561/automated/1849/2_OPTIMIZATION/CONF25/xtb_opt.
2025-04-08 22:21:55,943 -   censo.qm_processor   -   INFO   - worker88799: Running xtb_opt calculation in /home/michael/Documents/CHEM4561/automated/1849/2_OPTIMIZATION/CONF5/xtb_opt.
2025-04-08 22:21:55,944 -   censo.qm_processor   -   INFO   - worker88802: Running xtb_opt calculation in /home/michael/Documents/CHEM4561/automated/1849/2_OPTIMIZATION/CONF9/xtb_opt.
2025-04-08 22:21:55,944 -   censo.qm_processor   -   INFO   - worker88805: Running xtb_opt calculation in /home/michael/Documents/CHEM4561/automated/1849/2_OPTIMIZATION/CONF26/xtb_opt.
2025-04-08 22:21:55,945 -   censo.qm_processor   -   INFO   - worker88809: Running xtb_opt calculation in /home/michael/Documents/CHEM4561/automated/1849/2_OPTIMIZATION/CONF11/xtb_opt.
2025-04-08 22:21:55,945 -   censo.qm_processor   -   INFO   - worker88811: Running xtb_opt calculation in /home/michael/Documents/CHEM4561/automated/1849/2_OPTIMIZATION/CONF13/xtb_opt.
2025-04-08 22:21:55,993 -   censo.qm_processor   -   INFO   - worker88815: Running xtb_opt calculation in /home/michael/Documents/CHEM4561/automated/1849/2_OPTIMIZATION/CONF17/xtb_opt.
2025-04-08 22:23:28,325 -   censo.qm_processor   -   INFO   - worker88772: Running xtb_opt calculation in /home/michael/Documents/CHEM4561/automated/1849/2_OPTIMIZATION/CONF27/xtb_opt.
2025-04-08 22:23:35,071 -   censo.qm_processor   -   INFO   - worker88793: Running xtb_opt calculation in /home/michael/Documents/CHEM4561/automated/1849/2_OPTIMIZATION/CONF22/xtb_opt.
2025-04-08 22:23:35,391 -   censo.qm_processor   -   INFO   - worker88787: Running xtb_opt calculation in /home/michael/Documents/CHEM4561/automated/1849/2_OPTIMIZATION/CONF10/xtb_opt.
2025-04-08 22:23:50,438 -   censo.qm_processor   -   INFO   - worker88783: Running xtb_opt calculation in /home/michael/Documents/CHEM4561/automated/1849/2_OPTIMIZATION/CONF16/xtb_opt.
2025-04-08 22:23:55,297 -   censo.qm_processor   -   INFO   - worker88790: Running xtb_opt calculation in /home/michael/Documents/CHEM4561/automated/1849/2_OPTIMIZATION/CONF15/xtb_opt.
2025-04-08 22:23:56,014 -   censo.qm_processor   -   INFO   - worker88805: Running xtb_opt calculation in /home/michael/Documents/CHEM4561/automated/1849/2_OPTIMIZATION/CONF20/xtb_opt.
2025-04-08 22:23:56,662 -   censo.qm_processor   -   INFO   - worker88780: Running xtb_opt calculation in /home/michael/Documents/CHEM4561/automated/1849/2_OPTIMIZATION/CONF19/xtb_opt.
2025-04-08 22:23:57,851 -   censo.qm_processor   -   INFO   - worker88796: Running xtb_opt calculation in /home/michael/Documents/CHEM4561/automated/1849/2_OPTIMIZATION/CONF18/xtb_opt.
2025-04-08 22:24:40,661 -   censo.qm_processor   -   INFO   - worker88773: Running xtb_opt calculation in /home/michael/Documents/CHEM4561/automated/1849/2_OPTIMIZATION/CONF21/xtb_opt.
2025-04-08 22:24:52,769 -   censo.qm_processor   -   INFO   - worker88775: Running xtb_opt calculation in /home/michael/Documents/CHEM4561/automated/1849/2_OPTIMIZATION/CONF23/xtb_opt.
2025-04-08 22:24:52,850 -   censo.qm_processor   -   INFO   - worker88799: Running xtb_opt calculation in /home/michael/Documents/CHEM4561/automated/1849/2_OPTIMIZATION/CONF24/xtb_opt.
2025-04-08 22:24:53,274 -   censo.qm_processor   -   INFO   - worker88778: Running xtb_opt calculation in /home/michael/Documents/CHEM4561/automated/1849/2_OPTIMIZATION/CONF28/xtb_opt.
2025-04-08 22:26:47,403 -     censo.parallel     -   INFO   - All jobs executed successfully.
2025-04-08 22:26:47,421 -   censo.qm_processor   -   INFO   - worker93616: Running xtb_rrho calculation in /home/michael/Documents/CHEM4561/automated/1849/2_OPTIMIZATION/CONF1/xtb_rrho.
2025-04-08 22:26:47,421 -   censo.qm_processor   -   INFO   - worker93617: Running xtb_rrho calculation in /home/michael/Documents/CHEM4561/automated/1849/2_OPTIMIZATION/CONF2/xtb_rrho.
2025-04-08 22:26:47,422 -   censo.qm_processor   -   INFO   - worker93619: Running xtb_rrho calculation in /home/michael/Documents/CHEM4561/automated/1849/2_OPTIMIZATION/CONF3/xtb_rrho.
2025-04-08 22:26:47,422 -   censo.qm_processor   -   INFO   - worker93622: Running xtb_rrho calculation in /home/michael/Documents/CHEM4561/automated/1849/2_OPTIMIZATION/CONF4/xtb_rrho.
2025-04-08 22:26:47,423 -   censo.qm_processor   -   INFO   - worker93625: Running xtb_rrho calculation in /home/michael/Documents/CHEM4561/automated/1849/2_OPTIMIZATION/CONF14/xtb_rrho.
2025-04-08 22:26:47,423 -   censo.qm_processor   -   INFO   - worker93628: Running xtb_rrho calculation in /home/michael/Documents/CHEM4561/automated/1849/2_OPTIMIZATION/CONF12/xtb_rrho.
2025-04-08 22:26:47,424 -   censo.qm_processor   -   INFO   - worker93631: Running xtb_rrho calculation in /home/michael/Documents/CHEM4561/automated/1849/2_OPTIMIZATION/CONF8/xtb_rrho.
2025-04-08 22:26:47,424 -   censo.qm_processor   -   INFO   - worker93634: Running xtb_rrho calculation in /home/michael/Documents/CHEM4561/automated/1849/2_OPTIMIZATION/CONF7/xtb_rrho.
2025-04-08 22:26:47,425 -   censo.qm_processor   -   INFO   - worker93637: Running xtb_rrho calculation in /home/michael/Documents/CHEM4561/automated/1849/2_OPTIMIZATION/CONF6/xtb_rrho.
2025-04-08 22:26:47,425 -   censo.qm_processor   -   INFO   - worker93640: Running xtb_rrho calculation in /home/michael/Documents/CHEM4561/automated/1849/2_OPTIMIZATION/CONF25/xtb_rrho.
2025-04-08 22:26:47,426 -   censo.qm_processor   -   INFO   - worker93643: Running xtb_rrho calculation in /home/michael/Documents/CHEM4561/automated/1849/2_OPTIMIZATION/CONF5/xtb_rrho.
2025-04-08 22:26:47,427 -   censo.qm_processor   -   INFO   - worker93646: Running xtb_rrho calculation in /home/michael/Documents/CHEM4561/automated/1849/2_OPTIMIZATION/CONF9/xtb_rrho.
2025-04-08 22:26:47,428 -   censo.qm_processor   -   INFO   - worker93649: Running xtb_rrho calculation in /home/michael/Documents/CHEM4561/automated/1849/2_OPTIMIZATION/CONF26/xtb_rrho.
2025-04-08 22:26:47,428 -   censo.qm_processor   -   INFO   - worker93652: Running xtb_rrho calculation in /home/michael/Documents/CHEM4561/automated/1849/2_OPTIMIZATION/CONF11/xtb_rrho.
2025-04-08 22:26:47,429 -   censo.qm_processor   -   INFO   - worker93655: Running xtb_rrho calculation in /home/michael/Documents/CHEM4561/automated/1849/2_OPTIMIZATION/CONF13/xtb_rrho.
2025-04-08 22:26:47,430 -   censo.qm_processor   -   INFO   - worker93658: Running xtb_rrho calculation in /home/michael/Documents/CHEM4561/automated/1849/2_OPTIMIZATION/CONF17/xtb_rrho.
2025-04-08 22:26:47,992 -   censo.qm_processor   -   INFO   - worker93619: Running xtb_rrho calculation in /home/michael/Documents/CHEM4561/automated/1849/2_OPTIMIZATION/CONF27/xtb_rrho.
2025-04-08 22:26:47,997 -   censo.qm_processor   -   INFO   - worker93649: Running xtb_rrho calculation in /home/michael/Documents/CHEM4561/automated/1849/2_OPTIMIZATION/CONF22/xtb_rrho.
2025-04-08 22:26:48,012 -   censo.qm_processor   -   INFO   - worker93643: Running xtb_rrho calculation in /home/michael/Documents/CHEM4561/automated/1849/2_OPTIMIZATION/CONF10/xtb_rrho.
2025-04-08 22:26:48,014 -   censo.qm_processor   -   INFO   - worker93628: Running xtb_rrho calculation in /home/michael/Documents/CHEM4561/automated/1849/2_OPTIMIZATION/CONF16/xtb_rrho.
2025-04-08 22:26:48,058 -   censo.qm_processor   -   INFO   - worker93617: Running xtb_rrho calculation in /home/michael/Documents/CHEM4561/automated/1849/2_OPTIMIZATION/CONF15/xtb_rrho.
2025-04-08 22:26:48,071 -   censo.qm_processor   -   INFO   - worker93637: Running xtb_rrho calculation in /home/michael/Documents/CHEM4561/automated/1849/2_OPTIMIZATION/CONF20/xtb_rrho.
2025-04-08 22:26:48,110 -   censo.qm_processor   -   INFO   - worker93634: Running xtb_rrho calculation in /home/michael/Documents/CHEM4561/automated/1849/2_OPTIMIZATION/CONF19/xtb_rrho.
2025-04-08 22:26:48,117 -   censo.qm_processor   -   INFO   - worker93655: Running xtb_rrho calculation in /home/michael/Documents/CHEM4561/automated/1849/2_OPTIMIZATION/CONF18/xtb_rrho.
2025-04-08 22:26:48,165 -   censo.qm_processor   -   INFO   - worker93616: Running xtb_rrho calculation in /home/michael/Documents/CHEM4561/automated/1849/2_OPTIMIZATION/CONF21/xtb_rrho.
2025-04-08 22:26:48,180 -   censo.qm_processor   -   INFO   - worker93622: Running xtb_rrho calculation in /home/michael/Documents/CHEM4561/automated/1849/2_OPTIMIZATION/CONF23/xtb_rrho.
2025-04-08 22:26:48,215 -   censo.qm_processor   -   INFO   - worker93631: Running xtb_rrho calculation in /home/michael/Documents/CHEM4561/automated/1849/2_OPTIMIZATION/CONF24/xtb_rrho.
2025-04-08 22:26:48,253 -   censo.qm_processor   -   INFO   - worker93625: Running xtb_rrho calculation in /home/michael/Documents/CHEM4561/automated/1849/2_OPTIMIZATION/CONF28/xtb_rrho.
2025-04-08 22:26:49,945 -     censo.parallel     -   INFO   - All jobs executed successfully.
2025-04-08 22:26:49,946 -censo.ensembleopt.optimization-   INFO   - Threshold: 2.52 kcal/mol
2025-04-08 22:26:49,965 -   censo.qm_processor   -   INFO   - worker93739: Running xtb_opt calculation in /home/michael/Documents/CHEM4561/automated/1849/2_OPTIMIZATION/CONF2/xtb_opt.
2025-04-08 22:26:49,966 -   censo.qm_processor   -   INFO   - worker93740: Running xtb_opt calculation in /home/michael/Documents/CHEM4561/automated/1849/2_OPTIMIZATION/CONF3/xtb_opt.
2025-04-08 22:26:49,966 -   censo.qm_processor   -   INFO   - worker93742: Running xtb_opt calculation in /home/michael/Documents/CHEM4561/automated/1849/2_OPTIMIZATION/CONF4/xtb_opt.
2025-04-08 22:26:49,967 -   censo.qm_processor   -   INFO   - worker93745: Running xtb_opt calculation in /home/michael/Documents/CHEM4561/automated/1849/2_OPTIMIZATION/CONF5/xtb_opt.
2025-04-08 22:26:49,967 -   censo.qm_processor   -   INFO   - worker93748: Running xtb_opt calculation in /home/michael/Documents/CHEM4561/automated/1849/2_OPTIMIZATION/CONF9/xtb_opt.
2025-04-08 22:26:49,968 -   censo.qm_processor   -   INFO   - worker93751: Running xtb_opt calculation in /home/michael/Documents/CHEM4561/automated/1849/2_OPTIMIZATION/CONF11/xtb_opt.
2025-04-08 22:26:49,968 -   censo.qm_processor   -   INFO   - worker93754: Running xtb_opt calculation in /home/michael/Documents/CHEM4561/automated/1849/2_OPTIMIZATION/CONF13/xtb_opt.
2025-04-08 22:26:49,969 -   censo.qm_processor   -   INFO   - worker93757: Running xtb_opt calculation in /home/michael/Documents/CHEM4561/automated/1849/2_OPTIMIZATION/CONF17/xtb_opt.
2025-04-08 22:26:49,969 -   censo.qm_processor   -   INFO   - worker93760: Running xtb_opt calculation in /home/michael/Documents/CHEM4561/automated/1849/2_OPTIMIZATION/CONF27/xtb_opt.
2025-04-08 22:26:49,970 -   censo.qm_processor   -   INFO   - worker93763: Running xtb_opt calculation in /home/michael/Documents/CHEM4561/automated/1849/2_OPTIMIZATION/CONF22/xtb_opt.
2025-04-08 22:26:49,970 -   censo.qm_processor   -   INFO   - worker93766: Running xtb_opt calculation in /home/michael/Documents/CHEM4561/automated/1849/2_OPTIMIZATION/CONF10/xtb_opt.
2025-04-08 22:26:49,971 -   censo.qm_processor   -   INFO   - worker93769: Running xtb_opt calculation in /home/michael/Documents/CHEM4561/automated/1849/2_OPTIMIZATION/CONF16/xtb_opt.
2025-04-08 22:26:49,975 -   censo.qm_processor   -   INFO   - worker93773: Running xtb_opt calculation in /home/michael/Documents/CHEM4561/automated/1849/2_OPTIMIZATION/CONF15/xtb_opt.
2025-04-08 22:26:49,977 -   censo.qm_processor   -   INFO   - worker93775: Running xtb_opt calculation in /home/michael/Documents/CHEM4561/automated/1849/2_OPTIMIZATION/CONF20/xtb_opt.
2025-04-08 22:26:49,981 -   censo.qm_processor   -   INFO   - worker93778: Running xtb_opt calculation in /home/michael/Documents/CHEM4561/automated/1849/2_OPTIMIZATION/CONF19/xtb_opt.
2025-04-08 22:26:50,021 -   censo.qm_processor   -   INFO   - worker93781: Running xtb_opt calculation in /home/michael/Documents/CHEM4561/automated/1849/2_OPTIMIZATION/CONF18/xtb_opt.
2025-04-08 22:28:23,186 -   censo.qm_processor   -   INFO   - worker93760: Running xtb_opt calculation in /home/michael/Documents/CHEM4561/automated/1849/2_OPTIMIZATION/CONF21/xtb_opt.
2025-04-08 22:29:08,962 -   censo.qm_processor   -   INFO   - worker93739: Running xtb_opt calculation in /home/michael/Documents/CHEM4561/automated/1849/2_OPTIMIZATION/CONF24/xtb_opt.
2025-04-08 22:29:15,344 -   censo.qm_processor   -   INFO   - worker93775: Running xtb_opt calculation in /home/michael/Documents/CHEM4561/automated/1849/2_OPTIMIZATION/CONF28/xtb_opt.
2025-04-08 22:30:53,701 -     censo.parallel     -   INFO   - All jobs executed successfully.
2025-04-08 22:30:53,702 -censo.ensembleopt.optimization-   INFO   - Threshold: 2.30 kcal/mol
2025-04-08 22:30:53,722 -   censo.qm_processor   -   INFO   - worker96736: Running xtb_opt calculation in /home/michael/Documents/CHEM4561/automated/1849/2_OPTIMIZATION/CONF3/xtb_opt.
2025-04-08 22:30:53,722 -   censo.qm_processor   -   INFO   - worker96737: Running xtb_opt calculation in /home/michael/Documents/CHEM4561/automated/1849/2_OPTIMIZATION/CONF4/xtb_opt.
2025-04-08 22:30:53,722 -   censo.qm_processor   -   INFO   - worker96739: Running xtb_opt calculation in /home/michael/Documents/CHEM4561/automated/1849/2_OPTIMIZATION/CONF5/xtb_opt.
2025-04-08 22:30:53,723 -   censo.qm_processor   -   INFO   - worker96741: Running xtb_opt calculation in /home/michael/Documents/CHEM4561/automated/1849/2_OPTIMIZATION/CONF9/xtb_opt.
2025-04-08 22:30:53,724 -   censo.qm_processor   -   INFO   - worker96743: Running xtb_opt calculation in /home/michael/Documents/CHEM4561/automated/1849/2_OPTIMIZATION/CONF11/xtb_opt.
2025-04-08 22:30:53,724 -   censo.qm_processor   -   INFO   - worker96747: Running xtb_opt calculation in /home/michael/Documents/CHEM4561/automated/1849/2_OPTIMIZATION/CONF13/xtb_opt.
2025-04-08 22:30:53,725 -   censo.qm_processor   -   INFO   - worker96751: Running xtb_opt calculation in /home/michael/Documents/CHEM4561/automated/1849/2_OPTIMIZATION/CONF22/xtb_opt.
2025-04-08 22:30:53,725 -   censo.qm_processor   -   INFO   - worker96754: Running xtb_opt calculation in /home/michael/Documents/CHEM4561/automated/1849/2_OPTIMIZATION/CONF10/xtb_opt.
2025-04-08 22:30:53,726 -   censo.qm_processor   -   INFO   - worker96757: Running xtb_opt calculation in /home/michael/Documents/CHEM4561/automated/1849/2_OPTIMIZATION/CONF16/xtb_opt.
2025-04-08 22:30:53,727 -   censo.qm_processor   -   INFO   - worker96760: Running xtb_opt calculation in /home/michael/Documents/CHEM4561/automated/1849/2_OPTIMIZATION/CONF15/xtb_opt.
2025-04-08 22:30:53,784 -   censo.qm_processor   -   INFO   - worker96763: Running xtb_opt calculation in /home/michael/Documents/CHEM4561/automated/1849/2_OPTIMIZATION/CONF19/xtb_opt.
2025-04-08 22:30:53,786 -   censo.qm_processor   -   INFO   - worker96766: Running xtb_opt calculation in /home/michael/Documents/CHEM4561/automated/1849/2_OPTIMIZATION/CONF18/xtb_opt.
2025-04-08 22:30:53,798 -   censo.qm_processor   -   INFO   - worker96769: Running xtb_opt calculation in /home/michael/Documents/CHEM4561/automated/1849/2_OPTIMIZATION/CONF21/xtb_opt.
2025-04-08 22:30:53,845 -   censo.qm_processor   -   INFO   - worker96772: Running xtb_opt calculation in /home/michael/Documents/CHEM4561/automated/1849/2_OPTIMIZATION/CONF24/xtb_opt.
2025-04-08 22:30:53,867 -   censo.qm_processor   -   INFO   - worker96775: Running xtb_opt calculation in /home/michael/Documents/CHEM4561/automated/1849/2_OPTIMIZATION/CONF28/xtb_opt.
2025-04-08 22:33:17,021 -     censo.parallel     -   INFO   - All jobs executed successfully.
2025-04-08 22:33:17,022 -censo.ensembleopt.optimization-   INFO   - Threshold: 2.04 kcal/mol
2025-04-08 22:33:17,041 -   censo.qm_processor   -   INFO   - worker98870: Running xtb_opt calculation in /home/michael/Documents/CHEM4561/automated/1849/2_OPTIMIZATION/CONF4/xtb_opt.
2025-04-08 22:33:17,042 -   censo.qm_processor   -   INFO   - worker98871: Running xtb_opt calculation in /home/michael/Documents/CHEM4561/automated/1849/2_OPTIMIZATION/CONF9/xtb_opt.
2025-04-08 22:33:17,042 -   censo.qm_processor   -   INFO   - worker98873: Running xtb_opt calculation in /home/michael/Documents/CHEM4561/automated/1849/2_OPTIMIZATION/CONF11/xtb_opt.
2025-04-08 22:33:17,043 -   censo.qm_processor   -   INFO   - worker98876: Running xtb_opt calculation in /home/michael/Documents/CHEM4561/automated/1849/2_OPTIMIZATION/CONF13/xtb_opt.
2025-04-08 22:33:17,043 -   censo.qm_processor   -   INFO   - worker98879: Running xtb_opt calculation in /home/michael/Documents/CHEM4561/automated/1849/2_OPTIMIZATION/CONF10/xtb_opt.
2025-04-08 22:33:17,043 -   censo.qm_processor   -   INFO   - worker98881: Running xtb_opt calculation in /home/michael/Documents/CHEM4561/automated/1849/2_OPTIMIZATION/CONF16/xtb_opt.
2025-04-08 22:33:17,044 -   censo.qm_processor   -   INFO   - worker98885: Running xtb_opt calculation in /home/michael/Documents/CHEM4561/automated/1849/2_OPTIMIZATION/CONF15/xtb_opt.
2025-04-08 22:33:17,044 -   censo.qm_processor   -   INFO   - worker98889: Running xtb_opt calculation in /home/michael/Documents/CHEM4561/automated/1849/2_OPTIMIZATION/CONF21/xtb_opt.
2025-04-08 22:33:17,045 -   censo.qm_processor   -   INFO   - worker98892: Running xtb_opt calculation in /home/michael/Documents/CHEM4561/automated/1849/2_OPTIMIZATION/CONF24/xtb_opt.
2025-04-08 22:33:17,046 -   censo.qm_processor   -   INFO   - worker98895: Running xtb_opt calculation in /home/michael/Documents/CHEM4561/automated/1849/2_OPTIMIZATION/CONF28/xtb_opt.
2025-04-08 22:35:00,149 -     censo.parallel     -   INFO   - All jobs executed successfully.
2025-04-08 22:35:00,149 -censo.ensembleopt.optimization-   INFO   - Threshold: 1.88 kcal/mol
2025-04-08 22:35:00,167 -   censo.qm_processor   -   INFO   - worker100430:Running xtb_opt calculation in /home/michael/Documents/CHEM4561/automated/1849/2_OPTIMIZATION/CONF9/xtb_opt.
2025-04-08 22:35:00,168 -   censo.qm_processor   -   INFO   - worker100431:Running xtb_opt calculation in /home/michael/Documents/CHEM4561/automated/1849/2_OPTIMIZATION/CONF11/xtb_opt.
2025-04-08 22:35:00,168 -   censo.qm_processor   -   INFO   - worker100433:Running xtb_opt calculation in /home/michael/Documents/CHEM4561/automated/1849/2_OPTIMIZATION/CONF13/xtb_opt.
2025-04-08 22:35:00,169 -   censo.qm_processor   -   INFO   - worker100436:Running xtb_opt calculation in /home/michael/Documents/CHEM4561/automated/1849/2_OPTIMIZATION/CONF10/xtb_opt.
2025-04-08 22:35:00,169 -   censo.qm_processor   -   INFO   - worker100438:Running xtb_opt calculation in /home/michael/Documents/CHEM4561/automated/1849/2_OPTIMIZATION/CONF16/xtb_opt.
2025-04-08 22:35:00,170 -   censo.qm_processor   -   INFO   - worker100442:Running xtb_opt calculation in /home/michael/Documents/CHEM4561/automated/1849/2_OPTIMIZATION/CONF15/xtb_opt.
2025-04-08 22:35:00,170 -   censo.qm_processor   -   INFO   - worker100445:Running xtb_opt calculation in /home/michael/Documents/CHEM4561/automated/1849/2_OPTIMIZATION/CONF21/xtb_opt.
2025-04-08 22:36:25,995 -     censo.parallel     -   INFO   - All jobs executed successfully.
2025-04-08 22:36:25,995 -censo.ensembleopt.optimization-   INFO   - Threshold: 1.77 kcal/mol
2025-04-08 22:36:26,014 -   censo.qm_processor   -   INFO   - worker101611:Running xtb_opt calculation in /home/michael/Documents/CHEM4561/automated/1849/2_OPTIMIZATION/CONF9/xtb_opt.
2025-04-08 22:36:26,014 -   censo.qm_processor   -   INFO   - worker101612:Running xtb_opt calculation in /home/michael/Documents/CHEM4561/automated/1849/2_OPTIMIZATION/CONF11/xtb_opt.
2025-04-08 22:36:26,015 -   censo.qm_processor   -   INFO   - worker101614:Running xtb_opt calculation in /home/michael/Documents/CHEM4561/automated/1849/2_OPTIMIZATION/CONF13/xtb_opt.
2025-04-08 22:36:26,015 -   censo.qm_processor   -   INFO   - worker101617:Running xtb_opt calculation in /home/michael/Documents/CHEM4561/automated/1849/2_OPTIMIZATION/CONF15/xtb_opt.
2025-04-08 22:36:26,016 -   censo.qm_processor   -   INFO   - worker101620:Running xtb_opt calculation in /home/michael/Documents/CHEM4561/automated/1849/2_OPTIMIZATION/CONF21/xtb_opt.
2025-04-08 22:37:46,195 -     censo.parallel     -   INFO   - All jobs executed successfully.
2025-04-08 22:37:46,195 -censo.ensembleopt.optimization-   INFO   - Threshold: 1.66 kcal/mol
2025-04-08 22:37:46,215 -   censo.qm_processor   -   INFO   - worker102465:Running xtb_opt calculation in /home/michael/Documents/CHEM4561/automated/1849/2_OPTIMIZATION/CONF9/xtb_opt.
2025-04-08 22:37:46,215 -   censo.qm_processor   -   INFO   - worker102466:Running xtb_opt calculation in /home/michael/Documents/CHEM4561/automated/1849/2_OPTIMIZATION/CONF13/xtb_opt.
2025-04-08 22:37:46,216 -   censo.qm_processor   -   INFO   - worker102468:Running xtb_opt calculation in /home/michael/Documents/CHEM4561/automated/1849/2_OPTIMIZATION/CONF15/xtb_opt.
2025-04-08 22:38:17,297 -     censo.parallel     -   INFO   - All jobs executed successfully.
2025-04-08 22:38:17,298 -censo.ensembleopt.optimization-   INFO   - Threshold: 1.50 kcal/mol
2025-04-08 22:38:17,318 -   censo.qm_processor   -   INFO   - worker102809:Running xtb_rrho calculation in /home/michael/Documents/CHEM4561/automated/1849/2_OPTIMIZATION/CONF1/xtb_rrho.
2025-04-08 22:38:17,318 -   censo.qm_processor   -   INFO   - worker102810:Running xtb_rrho calculation in /home/michael/Documents/CHEM4561/automated/1849/2_OPTIMIZATION/CONF2/xtb_rrho.
2025-04-08 22:38:17,319 -   censo.qm_processor   -   INFO   - worker102812:Running xtb_rrho calculation in /home/michael/Documents/CHEM4561/automated/1849/2_OPTIMIZATION/CONF3/xtb_rrho.
2025-04-08 22:38:17,319 -   censo.qm_processor   -   INFO   - worker102815:Running xtb_rrho calculation in /home/michael/Documents/CHEM4561/automated/1849/2_OPTIMIZATION/CONF4/xtb_rrho.
2025-04-08 22:38:17,320 -   censo.qm_processor   -   INFO   - worker102818:Running xtb_rrho calculation in /home/michael/Documents/CHEM4561/automated/1849/2_OPTIMIZATION/CONF14/xtb_rrho.
2025-04-08 22:38:17,321 -   censo.qm_processor   -   INFO   - worker102821:Running xtb_rrho calculation in /home/michael/Documents/CHEM4561/automated/1849/2_OPTIMIZATION/CONF12/xtb_rrho.
2025-04-08 22:38:17,321 -   censo.qm_processor   -   INFO   - worker102824:Running xtb_rrho calculation in /home/michael/Documents/CHEM4561/automated/1849/2_OPTIMIZATION/CONF8/xtb_rrho.
2025-04-08 22:38:17,322 -   censo.qm_processor   -   INFO   - worker102827:Running xtb_rrho calculation in /home/michael/Documents/CHEM4561/automated/1849/2_OPTIMIZATION/CONF7/xtb_rrho.
2025-04-08 22:38:17,323 -   censo.qm_processor   -   INFO   - worker102830:Running xtb_rrho calculation in /home/michael/Documents/CHEM4561/automated/1849/2_OPTIMIZATION/CONF5/xtb_rrho.
2025-04-08 22:38:17,323 -   censo.qm_processor   -   INFO   - worker102833:Running xtb_rrho calculation in /home/michael/Documents/CHEM4561/automated/1849/2_OPTIMIZATION/CONF9/xtb_rrho.
2025-04-08 22:38:17,324 -   censo.qm_processor   -   INFO   - worker102836:Running xtb_rrho calculation in /home/michael/Documents/CHEM4561/automated/1849/2_OPTIMIZATION/CONF26/xtb_rrho.
2025-04-08 22:38:17,327 -   censo.qm_processor   -   INFO   - worker102839:Running xtb_rrho calculation in /home/michael/Documents/CHEM4561/automated/1849/2_OPTIMIZATION/CONF11/xtb_rrho.
2025-04-08 22:38:17,328 -   censo.qm_processor   -   INFO   - worker102843:Running xtb_rrho calculation in /home/michael/Documents/CHEM4561/automated/1849/2_OPTIMIZATION/CONF13/xtb_rrho.
2025-04-08 22:38:17,328 -   censo.qm_processor   -   INFO   - worker102846:Running xtb_rrho calculation in /home/michael/Documents/CHEM4561/automated/1849/2_OPTIMIZATION/CONF27/xtb_rrho.
2025-04-08 22:38:17,333 -   censo.qm_processor   -   INFO   - worker102848:Running xtb_rrho calculation in /home/michael/Documents/CHEM4561/automated/1849/2_OPTIMIZATION/CONF10/xtb_rrho.
2025-04-08 22:38:17,335 -   censo.qm_processor   -   INFO   - worker102852:Running xtb_rrho calculation in /home/michael/Documents/CHEM4561/automated/1849/2_OPTIMIZATION/CONF16/xtb_rrho.
2025-04-08 22:38:17,891 -   censo.qm_processor   -   INFO   - worker102852:Running xtb_rrho calculation in /home/michael/Documents/CHEM4561/automated/1849/2_OPTIMIZATION/CONF15/xtb_rrho.
2025-04-08 22:38:17,893 -   censo.qm_processor   -   INFO   - worker102827:Running xtb_rrho calculation in /home/michael/Documents/CHEM4561/automated/1849/2_OPTIMIZATION/CONF18/xtb_rrho.
2025-04-08 22:38:17,907 -   censo.qm_processor   -   INFO   - worker102846:Running xtb_rrho calculation in /home/michael/Documents/CHEM4561/automated/1849/2_OPTIMIZATION/CONF21/xtb_rrho.
2025-04-08 22:38:17,914 -   censo.qm_processor   -   INFO   - worker102812:Running xtb_rrho calculation in /home/michael/Documents/CHEM4561/automated/1849/2_OPTIMIZATION/CONF23/xtb_rrho.
2025-04-08 22:38:17,938 -   censo.qm_processor   -   INFO   - worker102815:Running xtb_rrho calculation in /home/michael/Documents/CHEM4561/automated/1849/2_OPTIMIZATION/CONF24/xtb_rrho.
2025-04-08 22:38:18,419 -     censo.parallel     -   INFO   - All jobs executed successfully.
2025-04-08 22:38:18,456 -   censo.qm_processor   -   INFO   - worker102927:Running sp calculation in /home/michael/Documents/CHEM4561/automated/1849/3_REFINEMENT/CONF11/sp.
2025-04-08 22:38:18,457 -   censo.qm_processor   -   INFO   - worker102967:Running sp calculation in /home/michael/Documents/CHEM4561/automated/1849/3_REFINEMENT/CONF13/sp.
2025-04-08 22:38:18,458 -   censo.qm_processor   -   INFO   - worker102970:Running sp calculation in /home/michael/Documents/CHEM4561/automated/1849/3_REFINEMENT/CONF10/sp.
2025-04-08 22:38:18,459 -   censo.qm_processor   -   INFO   - worker102934:Running sp calculation in /home/michael/Documents/CHEM4561/automated/1849/3_REFINEMENT/CONF16/sp.
2025-04-08 22:38:18,460 -   censo.qm_processor   -   INFO   - worker102937:Running sp calculation in /home/michael/Documents/CHEM4561/automated/1849/3_REFINEMENT/CONF21/sp.
2025-04-08 22:38:18,461 -   censo.qm_processor   -   INFO   - worker102939:Running sp calculation in /home/michael/Documents/CHEM4561/automated/1849/3_REFINEMENT/CONF9/sp.
2025-04-08 22:38:18,461 -   censo.qm_processor   -   INFO   - worker102942:Running sp calculation in /home/michael/Documents/CHEM4561/automated/1849/3_REFINEMENT/CONF1/sp.
2025-04-08 22:38:18,463 -   censo.qm_processor   -   INFO   - worker102945:Running sp calculation in /home/michael/Documents/CHEM4561/automated/1849/3_REFINEMENT/CONF2/sp.
2025-04-08 22:38:18,464 -   censo.qm_processor   -   INFO   - worker102948:Running sp calculation in /home/michael/Documents/CHEM4561/automated/1849/3_REFINEMENT/CONF3/sp.
2025-04-08 22:38:18,464 -   censo.qm_processor   -   INFO   - worker102951:Running sp calculation in /home/michael/Documents/CHEM4561/automated/1849/3_REFINEMENT/CONF15/sp.
2025-04-08 22:38:18,465 -   censo.qm_processor   -   INFO   - worker102954:Running sp calculation in /home/michael/Documents/CHEM4561/automated/1849/3_REFINEMENT/CONF4/sp.
2025-04-08 22:38:18,468 -   censo.qm_processor   -   INFO   - worker102961:Running sp calculation in /home/michael/Documents/CHEM4561/automated/1849/3_REFINEMENT/CONF26/sp.
2025-04-08 22:38:18,469 -   censo.qm_processor   -   INFO   - worker102928:Running sp calculation in /home/michael/Documents/CHEM4561/automated/1849/3_REFINEMENT/CONF8/sp.
2025-04-08 22:38:18,469 -   censo.qm_processor   -   INFO   - worker102957:Running sp calculation in /home/michael/Documents/CHEM4561/automated/1849/3_REFINEMENT/CONF5/sp.
2025-04-08 22:38:18,469 -   censo.qm_processor   -   INFO   - worker102964:Running sp calculation in /home/michael/Documents/CHEM4561/automated/1849/3_REFINEMENT/CONF7/sp.
2025-04-08 22:38:18,478 -   censo.qm_processor   -   INFO   - worker102931:Running sp calculation in /home/michael/Documents/CHEM4561/automated/1849/3_REFINEMENT/CONF27/sp.
2025-04-08 22:39:58,465 -   censo.qm_processor   -   INFO   - worker102957:Running sp calculation in /home/michael/Documents/CHEM4561/automated/1849/3_REFINEMENT/CONF12/sp.
2025-04-08 22:39:59,250 -   censo.qm_processor   -   INFO   - worker102931:Running sp calculation in /home/michael/Documents/CHEM4561/automated/1849/3_REFINEMENT/CONF14/sp.
2025-04-08 22:40:00,243 -   censo.qm_processor   -   INFO   - worker102939:Running sp calculation in /home/michael/Documents/CHEM4561/automated/1849/3_REFINEMENT/CONF23/sp.
2025-04-08 22:40:01,326 -   censo.qm_processor   -   INFO   - worker102942:Running sp calculation in /home/michael/Documents/CHEM4561/automated/1849/3_REFINEMENT/CONF18/sp.
2025-04-08 22:40:01,411 -   censo.qm_processor   -   INFO   - worker102951:Running sp calculation in /home/michael/Documents/CHEM4561/automated/1849/3_REFINEMENT/CONF24/sp.
2025-04-08 22:40:58,186 -     censo.parallel     -   INFO   - All jobs executed successfully.
