#========================================================================================
#                     Free energy perturbation    
#----------------------------------------------------------------------------------------
#forward/backward          λ              ΔΔA                 ΔA                  δε   
#                                                 
#----------------------------------------------------------------------------------------
forward:               0.0000              0.0000              0.0000              0.0000  
forward:               0.0500              1.2004              1.2004              0.0164  
forward:               0.1000              0.7605              1.9610              0.0199  
forward:               0.1500              0.4667              2.4277              0.0218  
forward:               0.2000              0.2947              2.7225              0.0231  
forward:               0.2500              0.1865              2.9090              0.0239  
forward:               0.3000              0.1297              3.0388              0.0247  
forward:               0.3500              0.0844              3.1232              0.0251  
forward:               0.4000              0.0462              3.1693              0.0256  
forward:               0.4500              0.0320              3.2013              0.0260  
forward:               0.5000              0.0075              3.2089              0.0264  
forward:               0.5500             -0.0959              3.1129              0.0268  
forward:               0.6000             -0.2685              2.8444              0.0272  
forward:               0.6500             -0.4235              2.4209              0.0276  
forward:               0.7000             -0.5559              1.8650              0.0281  
forward:               0.7500             -0.6617              1.2033              0.0284  
forward:               0.8000             -0.7146              0.4887              0.0291  
forward:               0.8500             -0.7619             -0.2732              0.0294  
forward:               0.9000             -0.7896             -1.0628              0.0298  
forward:               0.9500             -0.8023             -1.8651              0.0301  
forward:               1.0000             -0.8064             -2.6715              0.0303  
backward:              1.0000              0.0000             -2.6715              0.0000  
backward:              0.9500              0.8097             -1.8618              0.0053  
backward:              0.9000              0.8151             -1.0467              0.0075  
backward:              0.8500              0.7893             -0.2574              0.0091  
backward:              0.8000              0.7562              0.4989              0.0108  
backward:              0.7500              0.7221              1.2210              0.0121  
backward:              0.7000              0.6478              1.8688              0.0134  
backward:              0.6500              0.5582              2.4270              0.0146  
backward:              0.6000              0.4194              2.8464              0.0155  
backward:              0.5500              0.2761              3.1225              0.0164  
backward:              0.5000              0.0867              3.2092              0.0174  
backward:              0.4500              0.0057              3.2149              0.0182  
backward:              0.4000             -0.0288              3.1861              0.0192  
backward:              0.3500             -0.0433              3.1428              0.0203  
backward:              0.3000             -0.0860              3.0569              0.0216  
backward:              0.2500             -0.1157              2.9412              0.0230  
backward:              0.2000             -0.1933              2.7479              0.0245  
backward:              0.1500             -0.2916              2.4562              0.0270  
backward:              0.1000             -0.4716              1.9846              0.0299  
backward:              0.0500             -0.8022              1.1824              0.0374  
backward:              0.0000             -1.2333             -0.0509              0.0458  
Inaccuracy estimation
======================================================================================================
                   i        i+δi          P0_overlap_P1   δε(forward)/ε   δε(backward)/ε
======================================================================================================
inaccuracy:  0.00000        0.05000           44.44           -0.03            1.08
inaccuracy:  0.05000        0.10000           53.21           -0.02            0.73
inaccuracy:  0.10000        0.15000           60.31           -0.02            0.45
inaccuracy:  0.15000        0.20000           64.79           -0.01            0.30
inaccuracy:  0.20000        0.25000           68.66           -0.01            0.21
inaccuracy:  0.25000        0.30000           69.54           -0.02            0.19
inaccuracy:  0.30000        0.35000           71.46           -0.01            0.14
inaccuracy:  0.35000        0.40000           73.47           -0.02            0.13
inaccuracy:  0.40000        0.45000           73.04           -0.02            0.12
inaccuracy:  0.45000        0.50000           73.50           -0.01            0.11
inaccuracy:  0.50000        0.55000           68.57           -0.05            0.12
inaccuracy:  0.55000        0.60000           68.03           -0.08            0.11
inaccuracy:  0.60000        0.65000           68.58           -0.07            0.09
inaccuracy:  0.65000        0.70000           68.54           -0.07            0.08
inaccuracy:  0.70000        0.75000           69.84           -0.07            0.06
inaccuracy:  0.75000        0.80000           68.71           -0.08            0.06
inaccuracy:  0.80000        0.85000           68.65           -0.07            0.06
inaccuracy:  0.85000        0.90000           68.45           -0.08            0.06
inaccuracy:  0.90000        0.95000           68.07           -0.07            0.07
inaccuracy:  0.95000        1.00000           68.28           -0.08            0.07
===================================================================================================================================
                BAR        
-----------------------------------------------------------------------------------------------------------------------------------
BAR-estimator:         λ             λ+δλ          ΔΔA             ΔA            C               Δδe            δe       
                          
-----------------------------------------------------------------------------------------------------------------------------------
BAR-estimator:      0.00000        0.05000        1.2126         1.2126         1.2126         0.0080         0.0080 
BAR-estimator:      0.05000        0.10000        0.7754         1.9880         0.7754         0.0070         0.0106 
BAR-estimator:      0.10000        0.15000        0.4712         2.4592         0.4712         0.0059         0.0121 
BAR-estimator:      0.15000        0.20000        0.2925         2.7517         0.2925         0.0058         0.0134 
BAR-estimator:      0.20000        0.25000        0.1879         2.9397         0.1879         0.0043         0.0141 
BAR-estimator:      0.25000        0.30000        0.1265         3.0661         0.1265         0.0039         0.0146 
BAR-estimator:      0.30000        0.35000        0.0833         3.1494         0.0833         0.0035         0.0151 
BAR-estimator:      0.35000        0.40000        0.0470         3.1964         0.0470         0.0033         0.0154 
BAR-estimator:      0.40000        0.45000        0.0301         3.2265         0.0301         0.0033         0.0158 
BAR-estimator:      0.45000        0.50000        0.0032         3.2297         0.0032         0.0030         0.0160 
BAR-estimator:      0.50000        0.55000       -0.0930         3.1366        -0.0930         0.0033         0.0164 
BAR-estimator:      0.55000        0.60000       -0.2702         2.8664        -0.2702         0.0034         0.0167 
BAR-estimator:      0.60000        0.65000       -0.4205         2.4459        -0.4205         0.0039         0.0172 
BAR-estimator:      0.65000        0.70000       -0.5556         1.8903        -0.5556         0.0036         0.0175 
BAR-estimator:      0.70000        0.75000       -0.6558         1.2345        -0.6558         0.0034         0.0179 
BAR-estimator:      0.75000        0.80000       -0.7192         0.5153        -0.7192         0.0040         0.0183 
BAR-estimator:      0.80000        0.85000       -0.7626        -0.2473        -0.7626         0.0037         0.0187 
BAR-estimator:      0.85000        0.90000       -0.7907        -1.0379        -0.7907         0.0036         0.0190 
BAR-estimator:      0.90000        0.95000       -0.8038        -1.8417        -0.8038         0.0035         0.0193 
BAR-estimator:      0.95000        1.00000       -0.8066        -2.6483        -0.8066         0.0033         0.0196 
BAR-estimator: total free energy change is -2.6482546741708486 , total error is 0.019601970033415458
