#========================================================================================
#                     Free energy perturbation    
#----------------------------------------------------------------------------------------
#forward/backward          λ              ΔΔA                 ΔA                  δε   
#                                                 
#----------------------------------------------------------------------------------------
forward:               0.0000              0.0000              0.0000              0.0000  
forward:               0.0500              1.0327              1.0327              0.0144  
forward:               0.1000              0.6053              1.6380              0.0182  
forward:               0.1500              0.3424              1.9804              0.0196  
forward:               0.2000              0.1882              2.1686              0.0201  
forward:               0.2500              0.1164              2.2849              0.0209  
forward:               0.3000              0.0452              2.3301              0.0214  
forward:               0.3500              0.0010              2.3312              0.0218  
forward:               0.4000             -0.0257              2.3055              0.0221  
forward:               0.4500             -0.0482              2.2572              0.0225  
forward:               0.5000             -0.0626              2.1946              0.0227  
forward:               0.5500             -0.3024              1.8922              0.0235  
forward:               0.6000             -0.6698              1.2224              0.0241  
forward:               0.6500             -0.9766              0.2458              0.0252  
forward:               0.7000             -1.2468             -1.0010              0.0267  
forward:               0.7500             -1.4216             -2.4226              0.0280  
forward:               0.8000             -1.4844             -3.9070              0.0292  
forward:               0.8500             -1.4624             -5.3694              0.0306  
forward:               0.9000             -1.4294             -6.7988              0.0326  
forward:               0.9500             -1.4377             -8.2365              0.0349  
forward:               1.0000             -1.5026             -9.7391              0.0372  
backward:              1.0000              0.0000             -9.7391              0.0000  
backward:              0.9500              1.4746             -8.2646              0.0129  
backward:              0.9000              1.3990             -6.8656              0.0223  
backward:              0.8500              1.4244             -5.4411              0.0292  
backward:              0.8000              1.4495             -3.9916              0.0302  
backward:              0.7500              1.4568             -2.5348              0.0314  
backward:              0.7000              1.4186             -1.1163              0.0316  
backward:              0.6500              1.2534              0.1371              0.0331  
backward:              0.6000              0.9688              1.1059              0.0340  
backward:              0.5500              0.6461              1.7520              0.0346  
backward:              0.5000              0.3136              2.0656              0.0352  
backward:              0.4500              0.0606              2.1262              0.0355  
backward:              0.4000              0.0448              2.1710              0.0357  
backward:              0.3500              0.0255              2.1966              0.0360  
backward:              0.3000             -0.0091              2.1875              0.0364  
backward:              0.2500             -0.0507              2.1368              0.0369  
backward:              0.2000             -0.1152              2.0216              0.0381  
backward:              0.1500             -0.2108              1.8108              0.0455  
backward:              0.1000             -0.3595              1.4513              0.0477  
backward:              0.0500             -0.6325              0.8188              0.0581  
backward:              0.0000             -1.0361             -0.2174              0.0615  
Inaccuracy estimation
======================================================================================================
                   i        i+δi          P0_overlap_P1   δε(forward)/ε   δε(backward)/ε
======================================================================================================
inaccuracy:  0.00000        0.05000           46.66           -0.03            0.92
inaccuracy:  0.05000        0.10000           54.93           -0.02            0.64
inaccuracy:  0.10000        0.15000           63.17           -0.02            0.35
inaccuracy:  0.15000        0.20000           68.46           -0.01            0.23
inaccuracy:  0.20000        0.25000           70.39           -0.01            0.16
inaccuracy:  0.25000        0.30000           74.59           -0.01            0.13
inaccuracy:  0.30000        0.35000           76.18           -0.01            0.11
inaccuracy:  0.35000        0.40000           76.41           -0.01            0.10
inaccuracy:  0.40000        0.45000           77.12           -0.01            0.09
inaccuracy:  0.45000        0.50000           76.84           -0.01            0.08
inaccuracy:  0.50000        0.55000           62.43           -0.12            0.16
inaccuracy:  0.55000        0.60000           64.85           -0.16            0.08
inaccuracy:  0.60000        0.65000           62.59           -0.22            0.05
inaccuracy:  0.65000        0.70000           60.41           -0.25            0.03
inaccuracy:  0.70000        0.75000           61.84           -0.26            0.01
inaccuracy:  0.75000        0.80000           61.74           -0.22            0.02
inaccuracy:  0.80000        0.85000           61.03           -0.22            0.02
inaccuracy:  0.85000        0.90000           57.62           -0.27            0.05
inaccuracy:  0.90000        0.95000           56.67           -0.29            0.06
inaccuracy:  0.95000        1.00000           55.99           -0.29            0.07
===================================================================================================================================
                BAR        
-----------------------------------------------------------------------------------------------------------------------------------
BAR-estimator:         λ             λ+δλ          ΔΔA             ΔA            C               Δδe            δe       
                          
-----------------------------------------------------------------------------------------------------------------------------------
BAR-estimator:      0.00000        0.05000        1.0379         1.0379         1.0379         0.0091         0.0091 
BAR-estimator:      0.05000        0.10000        0.6128         1.6507         0.6128         0.0075         0.0118 
BAR-estimator:      0.10000        0.15000        0.3457         1.9964         0.3457         0.0065         0.0135 
BAR-estimator:      0.15000        0.20000        0.1862         2.1826         0.1862         0.0051         0.0144 
BAR-estimator:      0.20000        0.25000        0.1110         2.2936         0.1110         0.0042         0.0150 
BAR-estimator:      0.25000        0.30000        0.0491         2.3427         0.0491         0.0035         0.0154 
BAR-estimator:      0.30000        0.35000        0.0063         2.3490         0.0063         0.0027         0.0157 
BAR-estimator:      0.35000        0.40000       -0.0241         2.3249        -0.0241         0.0038         0.0161 
BAR-estimator:      0.40000        0.45000       -0.0447         2.2802        -0.0447         0.0025         0.0163 
BAR-estimator:      0.45000        0.50000       -0.0618         2.2184        -0.0618         0.0023         0.0165 
BAR-estimator:      0.50000        0.55000       -0.3037         1.9147        -0.3037         0.0038         0.0169 
BAR-estimator:      0.55000        0.60000       -0.6567         1.2580        -0.6567         0.0035         0.0173 
BAR-estimator:      0.60000        0.65000       -0.9709         0.2871        -0.9709         0.0037         0.0177 
BAR-estimator:      0.65000        0.70000       -1.2563        -0.9693        -1.2563         0.0048         0.0183 
BAR-estimator:      0.70000        0.75000       -1.4250        -2.3942        -1.4250         0.0049         0.0190 
BAR-estimator:      0.75000        0.80000       -1.4724        -3.8666        -1.4724         0.0049         0.0196 
BAR-estimator:      0.80000        0.85000       -1.4510        -5.3176        -1.4510         0.0052         0.0202 
BAR-estimator:      0.85000        0.90000       -1.4270        -6.7447        -1.4270         0.0058         0.0211 
BAR-estimator:      0.90000        0.95000       -1.4267        -8.1714        -1.4267         0.0063         0.0220 
BAR-estimator:      0.95000        1.00000       -1.4866        -9.6580        -1.4866         0.0067         0.0230 
BAR-estimator: total free energy change is -9.658003528260712 , total error is 0.023007734123377272
