#========================================================================================
#                     Free energy perturbation    
#----------------------------------------------------------------------------------------
#forward/backward          λ              ΔΔA                 ΔA                  δε   
#                                                 
#----------------------------------------------------------------------------------------
forward:               0.0000              0.0000              0.0000              0.0000  
forward:               0.0500              1.2433              1.2433              0.0165  
forward:               0.1000              0.6665              1.9098              0.0195  
forward:               0.1500              0.3588              2.2685              0.0209  
forward:               0.2000              0.2188              2.4873              0.0217  
forward:               0.2500              0.1377              2.6250              0.0223  
forward:               0.3000              0.0691              2.6942              0.0228  
forward:               0.3500              0.0453              2.7395              0.0232  
forward:               0.4000              0.0146              2.7541              0.0235  
forward:               0.4500             -0.0092              2.7449              0.0238  
forward:               0.5000             -0.0292              2.7157              0.0241  
forward:               0.5500             -0.0854              2.6302              0.0243  
forward:               0.6000             -0.1388              2.4914              0.0246  
forward:               0.6500             -0.1820              2.3094              0.0247  
forward:               0.7000             -0.2037              2.1058              0.0250  
forward:               0.7500             -0.2259              1.8799              0.0252  
forward:               0.8000             -0.2488              1.6311              0.0253  
forward:               0.8500             -0.2614              1.3696              0.0255  
forward:               0.9000             -0.2696              1.1000              0.0256  
forward:               0.9500             -0.2854              0.8146              0.0258  
forward:               1.0000             -0.3000              0.5146              0.0259  
backward:              1.0000              0.0000              0.5146              0.0000  
backward:              0.9500              0.2956              0.8101              0.0034  
backward:              0.9000              0.2866              1.0968              0.0049  
backward:              0.8500              0.2753              1.3721              0.0058  
backward:              0.8000              0.2616              1.6337              0.0067  
backward:              0.7500              0.2464              1.8801              0.0074  
backward:              0.7000              0.2303              2.1104              0.0082  
backward:              0.6500              0.2148              2.3252              0.0087  
backward:              0.6000              0.1765              2.5017              0.0095  
backward:              0.5500              0.1370              2.6387              0.0102  
backward:              0.5000              0.0838              2.7225              0.0111  
backward:              0.4500              0.0285              2.7510              0.0117  
backward:              0.4000              0.0173              2.7683              0.0122  
backward:              0.3500             -0.0160              2.7523              0.0128  
backward:              0.3000             -0.0395              2.7128              0.0135  
backward:              0.2500             -0.0861              2.6267              0.0145  
backward:              0.2000             -0.1304              2.4963              0.0158  
backward:              0.1500             -0.2125              2.2838              0.0173  
backward:              0.1000             -0.3767              1.9071              0.0203  
backward:              0.0500             -0.6640              1.2431              0.0279  
backward:              0.0000             -1.1766              0.0665              0.0361  
Inaccuracy estimation
======================================================================================================
                   i        i+δi          P0_overlap_P1   δε(forward)/ε   δε(backward)/ε
======================================================================================================
inaccuracy:  0.00000        0.05000           41.54           -0.03            1.60
inaccuracy:  0.05000        0.10000           55.42           -0.02            0.65
inaccuracy:  0.10000        0.15000           66.79           -0.01            0.33
inaccuracy:  0.15000        0.20000           70.40           -0.01            0.20
inaccuracy:  0.20000        0.25000           73.64           -0.01            0.14
inaccuracy:  0.25000        0.30000           77.89           -0.01            0.10
inaccuracy:  0.30000        0.35000           77.23           -0.00            0.09
inaccuracy:  0.35000        0.40000           78.99           -0.00            0.08
inaccuracy:  0.40000        0.45000           79.11           -0.01            0.08
inaccuracy:  0.45000        0.50000           79.45           -0.01            0.06
inaccuracy:  0.50000        0.55000           77.20           -0.02            0.07
inaccuracy:  0.55000        0.60000           79.11           -0.02            0.06
inaccuracy:  0.60000        0.65000           79.19           -0.02            0.05
inaccuracy:  0.65000        0.70000           77.58           -0.02            0.05
inaccuracy:  0.70000        0.75000           78.37           -0.02            0.05
inaccuracy:  0.75000        0.80000           79.97           -0.02            0.04
inaccuracy:  0.80000        0.85000           79.44           -0.02            0.05
inaccuracy:  0.85000        0.90000           78.53           -0.02            0.05
inaccuracy:  0.90000        0.95000           79.74           -0.02            0.05
inaccuracy:  0.95000        1.00000           79.51           -0.01            0.05
===================================================================================================================================
                BAR        
-----------------------------------------------------------------------------------------------------------------------------------
BAR-estimator:         λ             λ+δλ          ΔΔA             ΔA            C               Δδe            δe       
                          
-----------------------------------------------------------------------------------------------------------------------------------
BAR-estimator:      0.00000        0.05000        1.2481         1.2481         1.2481         0.0094         0.0094 
BAR-estimator:      0.05000        0.10000        0.6634         1.9114         0.6634         0.0065         0.0114 
BAR-estimator:      0.10000        0.15000        0.3663         2.2778         0.3663         0.0051         0.0125 
BAR-estimator:      0.15000        0.20000        0.2161         2.4938         0.2161         0.0039         0.0131 
BAR-estimator:      0.20000        0.25000        0.1348         2.6286         0.1348         0.0035         0.0136 
BAR-estimator:      0.25000        0.30000        0.0755         2.7042         0.0755         0.0032         0.0139 
BAR-estimator:      0.30000        0.35000        0.0435         2.7476         0.0435         0.0029         0.0142 
BAR-estimator:      0.35000        0.40000        0.0153         2.7629         0.0153         0.0025         0.0144 
BAR-estimator:      0.40000        0.45000       -0.0115         2.7515        -0.0115         0.0024         0.0146 
BAR-estimator:      0.45000        0.50000       -0.0296         2.7218        -0.0296         0.0025         0.0148 
BAR-estimator:      0.50000        0.55000       -0.0839         2.6379        -0.0839         0.0026         0.0151 
BAR-estimator:      0.55000        0.60000       -0.1366         2.5013        -0.1366         0.0022         0.0152 
BAR-estimator:      0.60000        0.65000       -0.1802         2.3211        -0.1802         0.0020         0.0154 
BAR-estimator:      0.65000        0.70000       -0.2088         2.1123        -0.2088         0.0023         0.0155 
BAR-estimator:      0.70000        0.75000       -0.2280         1.8843        -0.2280         0.0022         0.0157 
BAR-estimator:      0.75000        0.80000       -0.2474         1.6370        -0.2474         0.0022         0.0158 
BAR-estimator:      0.80000        0.85000       -0.2619         1.3750        -0.2619         0.0022         0.0160 
BAR-estimator:      0.85000        0.90000       -0.2722         1.1028        -0.2722         0.0022         0.0161 
BAR-estimator:      0.90000        0.95000       -0.2843         0.8185        -0.2843         0.0024         0.0163 
BAR-estimator:      0.95000        1.00000       -0.2977         0.5208        -0.2977         0.0031         0.0166 
BAR-estimator: total free energy change is 0.5207632288250241 , total error is 0.01660371141247426
