#========================================================================================
#                     Free energy perturbation    
#----------------------------------------------------------------------------------------
#forward/backward          λ              ΔΔA                 ΔA                  δε   
#                                                 
#----------------------------------------------------------------------------------------
forward:               0.0000              0.0000              0.0000              0.0000  
forward:               0.0500              1.0733              1.0733              0.0126  
forward:               0.1000              0.6294              1.7027              0.0157  
forward:               0.1500              0.3831              2.0857              0.0176  
forward:               0.2000              0.2473              2.3330              0.0186  
forward:               0.2500              0.1735              2.5065              0.0190  
forward:               0.3000              0.1133              2.6198              0.0196  
forward:               0.3500              0.0774              2.6973              0.0201  
forward:               0.4000              0.0609              2.7581              0.0205  
forward:               0.4500              0.0301              2.7882              0.0208  
forward:               0.5000              0.0111              2.7993              0.0211  
forward:               0.5500             -0.0405              2.7588              0.0215  
forward:               0.6000             -0.1397              2.6191              0.0218  
forward:               0.6500             -0.2070              2.4121              0.0222  
forward:               0.7000             -0.2599              2.1521              0.0224  
forward:               0.7500             -0.3011              1.8510              0.0227  
forward:               0.8000             -0.3296              1.5214              0.0228  
forward:               0.8500             -0.3587              1.1627              0.0230  
forward:               0.9000             -0.3713              0.7913              0.0233  
forward:               0.9500             -0.3858              0.4055              0.0235  
forward:               1.0000             -0.3966              0.0089              0.0237  
backward:              1.0000              0.0000              0.0089              0.0000  
backward:              0.9500              0.3917              0.4007              0.0048  
backward:              0.9000              0.3885              0.7892              0.0062  
backward:              0.8500              0.3684              1.1576              0.0073  
backward:              0.8000              0.3600              1.5176              0.0085  
backward:              0.7500              0.3285              1.8461              0.0095  
backward:              0.7000              0.2909              2.1370              0.0104  
backward:              0.6500              0.2586              2.3956              0.0112  
backward:              0.6000              0.1951              2.5907              0.0131  
backward:              0.5500              0.1390              2.7296              0.0138  
backward:              0.5000              0.0534              2.7831              0.0147  
backward:              0.4500             -0.0057              2.7773              0.0153  
backward:              0.4000             -0.0304              2.7469              0.0161  
backward:              0.3500             -0.0486              2.6983              0.0167  
backward:              0.3000             -0.0766              2.6217              0.0175  
backward:              0.2500             -0.1116              2.5101              0.0184  
backward:              0.2000             -0.1801              2.3300              0.0205  
backward:              0.1500             -0.2626              2.0674              0.0221  
backward:              0.1000             -0.3863              1.6811              0.0245  
backward:              0.0500             -0.6343              1.0468              0.0298  
backward:              0.0000             -1.0780             -0.0313              0.0392  
Inaccuracy estimation
======================================================================================================
                   i        i+δi          P0_overlap_P1   δε(forward)/ε   δε(backward)/ε
======================================================================================================
inaccuracy:  0.00000        0.05000           45.48           -0.02            1.18
inaccuracy:  0.05000        0.10000           56.44           -0.01            0.55
inaccuracy:  0.10000        0.15000           64.49           -0.01            0.35
inaccuracy:  0.15000        0.20000           69.81           -0.00            0.19
inaccuracy:  0.20000        0.25000           71.90           -0.01            0.16
inaccuracy:  0.25000        0.30000           74.16           -0.01            0.12
inaccuracy:  0.30000        0.35000           75.60           -0.01            0.11
inaccuracy:  0.35000        0.40000           75.20           -0.01            0.10
inaccuracy:  0.40000        0.45000           77.16           -0.01            0.09
inaccuracy:  0.45000        0.50000           77.79           -0.01            0.09
inaccuracy:  0.50000        0.55000           71.72           -0.03            0.09
inaccuracy:  0.55000        0.60000           74.33           -0.03            0.09
inaccuracy:  0.60000        0.65000           75.48           -0.03            0.08
inaccuracy:  0.65000        0.70000           75.29           -0.03            0.07
inaccuracy:  0.70000        0.75000           76.05           -0.03            0.06
inaccuracy:  0.75000        0.80000           75.37           -0.04            0.06
inaccuracy:  0.80000        0.85000           74.16           -0.04            0.06
inaccuracy:  0.85000        0.90000           74.73           -0.03            0.06
inaccuracy:  0.90000        0.95000           74.10           -0.03            0.07
inaccuracy:  0.95000        1.00000           74.60           -0.03            0.07
===================================================================================================================================
                BAR        
-----------------------------------------------------------------------------------------------------------------------------------
BAR-estimator:         λ             λ+δλ          ΔΔA             ΔA            C               Δδe            δe       
                          
-----------------------------------------------------------------------------------------------------------------------------------
BAR-estimator:      0.00000        0.05000        1.0784         1.0784         1.0784         0.0083         0.0083 
BAR-estimator:      0.05000        0.10000        0.6270         1.7054         0.6270         0.0058         0.0101 
BAR-estimator:      0.10000        0.15000        0.3880         2.0934         0.3880         0.0052         0.0114 
BAR-estimator:      0.15000        0.20000        0.2530         2.3464         0.2530         0.0039         0.0120 
BAR-estimator:      0.20000        0.25000        0.1730         2.5195         0.1730         0.0035         0.0125 
BAR-estimator:      0.25000        0.30000        0.1125         2.6319         0.1125         0.0034         0.0130 
BAR-estimator:      0.30000        0.35000        0.0777         2.7096         0.0777         0.0030         0.0133 
BAR-estimator:      0.35000        0.40000        0.0572         2.7668         0.0572         0.0029         0.0136 
BAR-estimator:      0.40000        0.45000        0.0298         2.7966         0.0298         0.0028         0.0139 
BAR-estimator:      0.45000        0.50000        0.0107         2.8073         0.0107         0.0025         0.0141 
BAR-estimator:      0.50000        0.55000       -0.0485         2.7588        -0.0485         0.0036         0.0146 
BAR-estimator:      0.55000        0.60000       -0.1385         2.6203        -0.1385         0.0026         0.0148 
BAR-estimator:      0.60000        0.65000       -0.2029         2.4175        -0.2029         0.0027         0.0151 
BAR-estimator:      0.65000        0.70000       -0.2589         2.1586        -0.2589         0.0020         0.0152 
BAR-estimator:      0.70000        0.75000       -0.2973         1.8613        -0.2973         0.0028         0.0154 
BAR-estimator:      0.75000        0.80000       -0.3301         1.5312        -0.3301         0.0026         0.0157 
BAR-estimator:      0.80000        0.85000       -0.3599         1.1713        -0.3599         0.0026         0.0159 
BAR-estimator:      0.85000        0.90000       -0.3721         0.7992        -0.3721         0.0029         0.0161 
BAR-estimator:      0.90000        0.95000       -0.3869         0.4123        -0.3869         0.0031         0.0164 
BAR-estimator:      0.95000        1.00000       -0.3965         0.0158        -0.3965         0.0026         0.0166 
BAR-estimator: total free energy change is 0.015827937032172945 , total error is 0.01662244246675415
