#========================================================================================
#                     Free energy perturbation    
#----------------------------------------------------------------------------------------
#forward/backward          λ              ΔΔA                 ΔA                  δε   
#                                                 
#----------------------------------------------------------------------------------------
forward:               0.0000              0.0000              0.0000              0.0000  
forward:               0.0500              1.4294              1.4294              0.0246  
forward:               0.1000              0.6828              2.1122              0.0279  
forward:               0.1500              0.3894              2.5016              0.0298  
forward:               0.2000              0.2145              2.7161              0.0307  
forward:               0.2500              0.1326              2.8486              0.0313  
forward:               0.3000              0.0703              2.9190              0.0319  
forward:               0.3500              0.0430              2.9620              0.0322  
forward:               0.4000              0.0152              2.9771              0.0326  
forward:               0.4500             -0.0189              2.9582              0.0328  
forward:               0.5000             -0.0357              2.9225              0.0330  
forward:               0.5500             -0.0744              2.8481              0.0334  
forward:               0.6000             -0.1540              2.6941              0.0336  
forward:               0.6500             -0.2188              2.4753              0.0339  
forward:               0.7000             -0.2677              2.2076              0.0341  
forward:               0.7500             -0.3111              1.8964              0.0343  
forward:               0.8000             -0.3584              1.5380              0.0350  
forward:               0.8500             -0.3872              1.1508              0.0351  
forward:               0.9000             -0.4181              0.7328              0.0353  
forward:               0.9500             -0.4423              0.2904              0.0354  
forward:               1.0000             -0.4689             -0.1785              0.0356  
backward:              1.0000              0.0000             -0.1785              0.0000  
backward:              0.9500              0.4670              0.2885              0.0040  
backward:              0.9000              0.4427              0.7312              0.0056  
backward:              0.8500              0.4218              1.1530              0.0070  
backward:              0.8000              0.3847              1.5377              0.0084  
backward:              0.7500              0.3627              1.9003              0.0093  
backward:              0.7000              0.3125              2.2128              0.0109  
backward:              0.6500              0.2700              2.4829              0.0119  
backward:              0.6000              0.2111              2.6940              0.0128  
backward:              0.5500              0.1528              2.8468              0.0136  
backward:              0.5000              0.0749              2.9217              0.0141  
backward:              0.4500              0.0399              2.9616              0.0148  
backward:              0.4000              0.0143              2.9760              0.0155  
backward:              0.3500             -0.0038              2.9722              0.0164  
backward:              0.3000             -0.0363              2.9359              0.0173  
backward:              0.2500             -0.0791              2.8568              0.0185  
backward:              0.2000             -0.1358              2.7210              0.0200  
backward:              0.1500             -0.2209              2.5001              0.0223  
backward:              0.1000             -0.3704              2.1297              0.0260  
backward:              0.0500             -0.6659              1.4638              0.0356  
backward:              0.0000             -1.2475              0.2163              0.0434  
Inaccuracy estimation
======================================================================================================
                   i        i+δi          P0_overlap_P1   δε(forward)/ε   δε(backward)/ε
======================================================================================================
inaccuracy:  0.00000        0.05000           34.94           -0.03            2.59
inaccuracy:  0.05000        0.10000           52.60           -0.02            0.73
inaccuracy:  0.10000        0.15000           61.47           -0.01            0.40
inaccuracy:  0.15000        0.20000           69.30           -0.01            0.22
inaccuracy:  0.20000        0.25000           72.44           -0.01            0.17
inaccuracy:  0.25000        0.30000           74.72           -0.01            0.13
inaccuracy:  0.30000        0.35000           75.33           -0.01            0.11
inaccuracy:  0.35000        0.40000           74.69           -0.01            0.10
inaccuracy:  0.40000        0.45000           77.23           -0.01            0.08
inaccuracy:  0.45000        0.50000           77.08           -0.01            0.08
inaccuracy:  0.50000        0.55000           73.83           -0.03            0.10
inaccuracy:  0.55000        0.60000           74.78           -0.03            0.08
inaccuracy:  0.60000        0.65000           76.34           -0.03            0.07
inaccuracy:  0.65000        0.70000           75.32           -0.04            0.06
inaccuracy:  0.70000        0.75000           75.24           -0.03            0.06
inaccuracy:  0.75000        0.80000           75.29           -0.04            0.05
inaccuracy:  0.80000        0.85000           75.88           -0.03            0.06
inaccuracy:  0.85000        0.90000           74.89           -0.03            0.05
inaccuracy:  0.90000        0.95000           75.60           -0.03            0.05
inaccuracy:  0.95000        1.00000           75.44           -0.03            0.05
===================================================================================================================================
                BAR        
-----------------------------------------------------------------------------------------------------------------------------------
BAR-estimator:         λ             λ+δλ          ΔΔA             ΔA            C               Δδe            δe       
                          
-----------------------------------------------------------------------------------------------------------------------------------
BAR-estimator:      0.00000        0.05000        1.4292         1.4292         1.4292         0.0129         0.0129 
BAR-estimator:      0.05000        0.10000        0.6802         2.1093         0.6802         0.0083         0.0153 
BAR-estimator:      0.10000        0.15000        0.3849         2.4942         0.3849         0.0069         0.0168 
BAR-estimator:      0.15000        0.20000        0.2176         2.7118         0.2176         0.0045         0.0174 
BAR-estimator:      0.20000        0.25000        0.1348         2.8467         0.1348         0.0041         0.0178 
BAR-estimator:      0.25000        0.30000        0.0750         2.9216         0.0750         0.0038         0.0182 
BAR-estimator:      0.30000        0.35000        0.0426         2.9642         0.0426         0.0038         0.0186 
BAR-estimator:      0.35000        0.40000        0.0105         2.9747         0.0105         0.0029         0.0188 
BAR-estimator:      0.40000        0.45000       -0.0181         2.9566        -0.0181         0.0029         0.0191 
BAR-estimator:      0.45000        0.50000       -0.0368         2.9198        -0.0368         0.0024         0.0192 
BAR-estimator:      0.50000        0.55000       -0.0728         2.8470        -0.0728         0.0041         0.0197 
BAR-estimator:      0.55000        0.60000       -0.1549         2.6922        -0.1549         0.0026         0.0198 
BAR-estimator:      0.60000        0.65000       -0.2157         2.4765        -0.2157         0.0031         0.0201 
BAR-estimator:      0.65000        0.70000       -0.2708         2.2057        -0.2708         0.0028         0.0203 
BAR-estimator:      0.70000        0.75000       -0.3122         1.8934        -0.3122         0.0029         0.0205 
BAR-estimator:      0.75000        0.80000       -0.3614         1.5320        -0.3614         0.0046         0.0210 
BAR-estimator:      0.80000        0.85000       -0.3873         1.1447        -0.3873         0.0039         0.0213 
BAR-estimator:      0.85000        0.90000       -0.4193         0.7254        -0.4193         0.0029         0.0215 
BAR-estimator:      0.90000        0.95000       -0.4437         0.2817        -0.4437         0.0031         0.0218 
BAR-estimator:      0.95000        1.00000       -0.4677        -0.1861        -0.4677         0.0030         0.0220 
BAR-estimator: total free energy change is -0.1860807715472383 , total error is 0.02195318698100044
