#========================================================================================
#                     Free energy perturbation    
#----------------------------------------------------------------------------------------
#forward/backward          λ              ΔΔA                 ΔA                  δε   
#                                                 
#----------------------------------------------------------------------------------------
forward:               0.0000              0.0000              0.0000              0.0000  
forward:               0.0500              1.3167              1.3167              0.0174  
forward:               0.1000              0.7200              2.0367              0.0211  
forward:               0.1500              0.3978              2.4345              0.0230  
forward:               0.2000              0.2194              2.6540              0.0241  
forward:               0.2500              0.1258              2.7797              0.0246  
forward:               0.3000              0.0762              2.8559              0.0249  
forward:               0.3500              0.0260              2.8820              0.0253  
forward:               0.4000             -0.0031              2.8788              0.0257  
forward:               0.4500             -0.0238              2.8550              0.0260  
forward:               0.5000             -0.0433              2.8118              0.0262  
forward:               0.5500             -0.1820              2.6298              0.0268  
forward:               0.6000             -0.4229              2.2068              0.0273  
forward:               0.6500             -0.6318              1.5751              0.0279  
forward:               0.7000             -0.8256              0.7495              0.0287  
forward:               0.7500             -0.9511             -0.2016              0.0294  
forward:               0.8000             -1.0109             -1.2125              0.0298  
forward:               0.8500             -1.0079             -2.2204              0.0302  
forward:               0.9000             -0.9964             -3.2168              0.0304  
forward:               0.9500             -0.9753             -4.1921              0.0307  
forward:               1.0000             -0.9563             -5.1484              0.0310  
backward:              1.0000              0.0000             -5.1484              0.0000  
backward:              0.9500              0.9406             -4.2078              0.0066  
backward:              0.9000              0.9861             -3.2217              0.0088  
backward:              0.8500              1.0008             -2.2209              0.0106  
backward:              0.8000              1.0117             -1.2092              0.0121  
backward:              0.7500              1.0082             -0.2010              0.0135  
backward:              0.7000              0.9557              0.7547              0.0151  
backward:              0.6500              0.8369              1.5916              0.0163  
backward:              0.6000              0.6459              2.2375              0.0174  
backward:              0.5500              0.4204              2.6579              0.0183  
backward:              0.5000              0.1893              2.8471              0.0193  
backward:              0.4500              0.0511              2.8983              0.0197  
backward:              0.4000              0.0317              2.9300              0.0201  
backward:              0.3500             -0.0055              2.9245              0.0208  
backward:              0.3000             -0.0308              2.8936              0.0213  
backward:              0.2500             -0.0702              2.8234              0.0221  
backward:              0.2000             -0.1726              2.6508              0.0511  
backward:              0.1500             -0.2119              2.4390              0.0517  
backward:              0.1000             -0.3771              2.0619              0.0530  
backward:              0.0500             -0.6924              1.3695              0.0564  
backward:              0.0000             -1.3774             -0.0079              0.0683  
Inaccuracy estimation
======================================================================================================
                   i        i+δi          P0_overlap_P1   δε(forward)/ε   δε(backward)/ε
======================================================================================================
inaccuracy:  0.00000        0.05000           40.92           -0.03            1.18
inaccuracy:  0.05000        0.10000           51.16           -0.02            0.82
inaccuracy:  0.10000        0.15000           60.61           -0.01            0.42
inaccuracy:  0.15000        0.20000           67.43           -0.02            0.23
inaccuracy:  0.20000        0.25000           71.32           -0.01            0.16
inaccuracy:  0.25000        0.30000           72.47           -0.01            0.13
inaccuracy:  0.30000        0.35000           75.61           -0.01            0.11
inaccuracy:  0.35000        0.40000           76.78           -0.01            0.10
inaccuracy:  0.40000        0.45000           75.93           -0.01            0.09
inaccuracy:  0.45000        0.50000           75.82           -0.01            0.09
inaccuracy:  0.50000        0.55000           65.88           -0.09            0.14
inaccuracy:  0.55000        0.60000           67.22           -0.11            0.09
inaccuracy:  0.60000        0.65000           65.90           -0.12            0.07
inaccuracy:  0.65000        0.70000           66.30           -0.13            0.05
inaccuracy:  0.70000        0.75000           67.01           -0.11            0.04
inaccuracy:  0.75000        0.80000           67.60           -0.10            0.04
inaccuracy:  0.80000        0.85000           66.88           -0.11            0.04
inaccuracy:  0.85000        0.90000           66.80           -0.11            0.05
inaccuracy:  0.90000        0.95000           66.03           -0.10            0.06
inaccuracy:  0.95000        1.00000           66.40           -0.08            0.06
===================================================================================================================================
                BAR        
-----------------------------------------------------------------------------------------------------------------------------------
BAR-estimator:         λ             λ+δλ          ΔΔA             ΔA            C               Δδe            δe       
                          
-----------------------------------------------------------------------------------------------------------------------------------
BAR-estimator:      0.00000        0.05000        1.3062         1.3062         1.3062         0.0090         0.0090 
BAR-estimator:      0.05000        0.10000        0.7193         2.0254         0.7193         0.0077         0.0118 
BAR-estimator:      0.10000        0.15000        0.3949         2.4203         0.3949         0.0064         0.0135 
BAR-estimator:      0.15000        0.20000        0.2158         2.6362         0.2158         0.0046         0.0142 
BAR-estimator:      0.20000        0.25000        0.1255         2.7617         0.1255         0.0026         0.0145 
BAR-estimator:      0.25000        0.30000        0.0722         2.8339         0.0722         0.0031         0.0148 
BAR-estimator:      0.30000        0.35000        0.0288         2.8627         0.0288         0.0032         0.0151 
BAR-estimator:      0.35000        0.40000       -0.0005         2.8622        -0.0005         0.0031         0.0155 
BAR-estimator:      0.40000        0.45000       -0.0268         2.8354        -0.0268         0.0025         0.0157 
BAR-estimator:      0.45000        0.50000       -0.0456         2.7899        -0.0456         0.0027         0.0159 
BAR-estimator:      0.50000        0.55000       -0.1822         2.6076        -0.1822         0.0034         0.0162 
BAR-estimator:      0.55000        0.60000       -0.4217         2.1860        -0.4217         0.0034         0.0166 
BAR-estimator:      0.60000        0.65000       -0.6364         1.5496        -0.6364         0.0036         0.0170 
BAR-estimator:      0.65000        0.70000       -0.8292         0.7204        -0.8292         0.0039         0.0174 
BAR-estimator:      0.70000        0.75000       -0.9546        -0.2342        -0.9546         0.0038         0.0178 
BAR-estimator:      0.75000        0.80000       -1.0072        -1.2415        -1.0072         0.0036         0.0182 
BAR-estimator:      0.80000        0.85000       -1.0112        -2.2527        -1.0112         0.0037         0.0186 
BAR-estimator:      0.85000        0.90000       -0.9981        -3.2508        -0.9981         0.0037         0.0189 
BAR-estimator:      0.90000        0.95000       -0.9786        -4.2293        -0.9786         0.0037         0.0193 
BAR-estimator:      0.95000        1.00000       -0.9513        -5.1806        -0.9513         0.0036         0.0196 
BAR-estimator: total free energy change is -5.180580178521463 , total error is 0.019631471284618826
