#========================================================================================
#                     Free energy perturbation    
#----------------------------------------------------------------------------------------
#forward/backward          λ              ΔΔA                 ΔA                  δε   
#                                                 
#----------------------------------------------------------------------------------------
forward:               0.0000              0.0000              0.0000              0.0000  
forward:               0.0500              1.6699              1.6699              0.0098  
forward:               0.1000              0.9014              2.5713              0.0182  
forward:               0.1500              0.4496              3.0208              0.0214  
forward:               0.2000              0.1827              3.2036              0.0227  
forward:               0.2500              0.0675              3.2711              0.0236  
forward:               0.3000             -0.0061              3.2650              0.0243  
forward:               0.3500             -0.0612              3.2038              0.0248  
forward:               0.4000             -0.1015              3.1023              0.0252  
forward:               0.4500             -0.1429              2.9594              0.0255  
forward:               0.5000             -0.1611              2.7983              0.0258  
forward:               0.5500             -0.3291              2.4693              0.0264  
forward:               0.6000             -0.6124              1.8569              0.0271  
forward:               0.6500             -0.8418              1.0151              0.0278  
forward:               0.7000             -1.0551             -0.0400              0.0286  
forward:               0.7500             -1.1864             -1.2263              0.0293  
forward:               0.8000             -1.2167             -2.4430              0.0298  
forward:               0.8500             -1.2222             -3.6652              0.0301  
forward:               0.9000             -1.1881             -4.8533              0.0304  
forward:               0.9500             -1.1669             -6.0202              0.0307  
forward:               1.0000             -1.1419             -7.1621              0.0310  
backward:              1.0000              0.0000             -7.1621              0.0000  
backward:              0.9500              1.1420             -6.0201              0.0063  
backward:              0.9000              1.1718             -4.8483              0.0085  
backward:              0.8500              1.1858             -3.6625              0.0105  
backward:              0.8000              1.2028             -2.4597              0.0122  
backward:              0.7500              1.2166             -1.2431              0.0140  
backward:              0.7000              1.1714             -0.0717              0.0157  
backward:              0.6500              1.0555              0.9838              0.0174  
backward:              0.6000              0.8519              1.8357              0.0194  
backward:              0.5500              0.6106              2.4464              0.0204  
backward:              0.5000              0.3316              2.7780              0.0219  
backward:              0.4500              0.1570              2.9349              0.0224  
backward:              0.4000              0.1352              3.0701              0.0230  
backward:              0.3500              0.1018              3.1719              0.0236  
backward:              0.3000              0.0491              3.2209              0.0244  
backward:              0.2500              0.0080              3.2289              0.0253  
backward:              0.2000             -0.0846              3.1443              0.0266  
backward:              0.1500             -0.2150              2.9293              0.0289  
backward:              0.1000             -0.4264              2.5029              0.0326  
backward:              0.0500             -0.8793              1.6236              0.0421  
backward:              0.0000             -1.6747             -0.0511              0.0628  
Inaccuracy estimation
======================================================================================================
                   i        i+δi          P0_overlap_P1   δε(forward)/ε   δε(backward)/ε
======================================================================================================
inaccuracy:  0.00000        0.05000           34.18           -0.03            1.83
inaccuracy:  0.05000        0.10000           44.08           -0.05            1.12
inaccuracy:  0.10000        0.15000           55.63           -0.03            0.56
inaccuracy:  0.15000        0.20000           65.14           -0.01            0.28
inaccuracy:  0.20000        0.25000           68.53           -0.01            0.20
inaccuracy:  0.25000        0.30000           70.09           -0.02            0.15
inaccuracy:  0.30000        0.35000           72.27           -0.02            0.12
inaccuracy:  0.35000        0.40000           73.04           -0.02            0.11
inaccuracy:  0.40000        0.45000           74.28           -0.01            0.09
inaccuracy:  0.45000        0.50000           74.64           -0.02            0.09
inaccuracy:  0.50000        0.55000           63.16           -0.10            0.15
inaccuracy:  0.55000        0.60000           65.50           -0.12            0.09
inaccuracy:  0.60000        0.65000           64.05           -0.17            0.06
inaccuracy:  0.65000        0.70000           64.39           -0.16            0.04
inaccuracy:  0.70000        0.75000           66.65           -0.13            0.03
inaccuracy:  0.75000        0.80000           65.33           -0.14            0.03
inaccuracy:  0.80000        0.85000           66.59           -0.10            0.04
inaccuracy:  0.85000        0.90000           65.39           -0.12            0.04
inaccuracy:  0.90000        0.95000           64.33           -0.10            0.05
inaccuracy:  0.95000        1.00000           63.25           -0.14            0.05
===================================================================================================================================
                BAR        
-----------------------------------------------------------------------------------------------------------------------------------
BAR-estimator:         λ             λ+δλ          ΔΔA             ΔA            C               Δδe            δe       
                          
-----------------------------------------------------------------------------------------------------------------------------------
BAR-estimator:      0.00000        0.05000        1.6709         1.6709         1.6709         0.0106         0.0106 
BAR-estimator:      0.05000        0.10000        0.8915         2.5623         0.8915         0.0089         0.0139 
BAR-estimator:      0.10000        0.15000        0.4435         3.0058         0.4435         0.0073         0.0157 
BAR-estimator:      0.15000        0.20000        0.1936         3.1995         0.1936         0.0051         0.0165 
BAR-estimator:      0.20000        0.25000        0.0739         3.2733         0.0739         0.0043         0.0171 
BAR-estimator:      0.25000        0.30000       -0.0059         3.2674        -0.0059         0.0041         0.0176 
BAR-estimator:      0.30000        0.35000       -0.0587         3.2088        -0.0587         0.0033         0.0179 
BAR-estimator:      0.35000        0.40000       -0.1014         3.1074        -0.1014         0.0036         0.0182 
BAR-estimator:      0.40000        0.45000       -0.1390         2.9684        -0.1390         0.0028         0.0184 
BAR-estimator:      0.45000        0.50000       -0.1590         2.8094        -0.1590         0.0027         0.0187 
BAR-estimator:      0.50000        0.55000       -0.3305         2.4789        -0.3305         0.0041         0.0191 
BAR-estimator:      0.55000        0.60000       -0.6094         1.8695        -0.6094         0.0035         0.0194 
BAR-estimator:      0.60000        0.65000       -0.8476         1.0219        -0.8476         0.0036         0.0198 
BAR-estimator:      0.65000        0.70000       -1.0614        -0.0395        -1.0614         0.0042         0.0202 
BAR-estimator:      0.70000        0.75000       -1.1802        -1.2196        -1.1802         0.0038         0.0206 
BAR-estimator:      0.75000        0.80000       -1.2183        -2.4379        -1.2183         0.0038         0.0209 
BAR-estimator:      0.80000        0.85000       -1.2102        -3.6481        -1.2102         0.0036         0.0212 
BAR-estimator:      0.85000        0.90000       -1.1880        -4.8361        -1.1880         0.0037         0.0215 
BAR-estimator:      0.90000        0.95000       -1.1677        -6.0039        -1.1677         0.0037         0.0218 
BAR-estimator:      0.95000        1.00000       -1.1514        -7.1553        -1.1514         0.0035         0.0221 
BAR-estimator: total free energy change is -7.1553093240424985 , total error is 0.02211501007067355
