#========================================================================================
#                     Free energy perturbation    
#----------------------------------------------------------------------------------------
#forward/backward          λ              ΔΔA                 ΔA                  δε   
#                                                 
#----------------------------------------------------------------------------------------
forward:               0.0000              0.0000              0.0000              0.0000  
forward:               0.0500              3.3849              3.3849              0.0471  
forward:               0.1000              1.8627              5.2477              0.0582  
forward:               0.1500              0.8960              6.1436              0.0610  
forward:               0.2000              0.4217              6.5653              0.0622  
forward:               0.2500              0.1601              6.7254              0.0628  
forward:               0.3000              0.0167              6.7421              0.0633  
forward:               0.3500             -0.0675              6.6746              0.0636  
forward:               0.4000             -0.1348              6.5398              0.0639  
forward:               0.4500             -0.1902              6.3496              0.0642  
forward:               0.5000             -0.2276              6.1220              0.0644  
forward:               0.5500             -0.4485              5.6735              0.0649  
forward:               0.6000             -0.8293              4.8443              0.0652  
forward:               0.6500             -1.1444              3.6999              0.0658  
forward:               0.7000             -1.4274              2.2725              0.0663  
forward:               0.7500             -1.6051              0.6674              0.0667  
forward:               0.8000             -1.6532             -0.9857              0.0671  
forward:               0.8500             -1.6706             -2.6563              0.0674  
forward:               0.9000             -1.6444             -4.3007              0.0678  
forward:               0.9500             -1.6201             -5.9209              0.0682  
forward:               1.0000             -1.6029             -7.5238              0.0689  
backward:              1.0000              0.0000             -7.5238              0.0000  
backward:              0.9500              2.2222             -5.3016              0.2532  
backward:              0.9000              1.6198             -3.6818              0.2534  
backward:              0.8500              1.6608             -2.0210              0.2536  
backward:              0.8000              1.6775             -0.3435              0.2538  
backward:              0.7500              1.6643              1.3208              0.2539  
backward:              0.7000              1.5825              2.9034              0.2541  
backward:              0.6500              1.4106              4.3139              0.2543  
backward:              0.6000              1.1571              5.4710              0.2545  
backward:              0.5500              0.8211              6.2921              0.2547  
backward:              0.5000              0.4741              6.7662              0.2548  
backward:              0.4500              0.2279              6.9940              0.2548  
backward:              0.4000              0.1798              7.1738              0.2550  
backward:              0.3500              0.1278              7.3016              0.2552  
backward:              0.3000              0.0851              7.3867              0.2553  
backward:              0.2500             -0.0216              7.3651              0.2556  
backward:              0.2000             -0.1755              7.1896              0.2560  
backward:              0.1500             -0.4258              6.7639              0.2569  
backward:              0.1000             -0.9074              5.8565              0.2585  
backward:              0.0500             -1.9684              3.8881              0.2671  
backward:              0.0000             -3.2982              0.5899              0.2797  
Inaccuracy estimation
======================================================================================================
                   i        i+δi          P0_overlap_P1   δε(forward)/ε   δε(backward)/ε
======================================================================================================
inaccuracy:  0.00000        0.05000           19.67            0.38            4.61
inaccuracy:  0.05000        0.10000           29.12           -0.07            2.70
inaccuracy:  0.10000        0.15000           41.74           -0.09            1.22
inaccuracy:  0.15000        0.20000           51.51           -0.06            0.64
inaccuracy:  0.20000        0.25000           58.57           -0.04            0.38
inaccuracy:  0.25000        0.30000           61.08           -0.04            0.28
inaccuracy:  0.30000        0.35000           63.13           -0.04            0.22
inaccuracy:  0.35000        0.40000           64.95           -0.04            0.17
inaccuracy:  0.40000        0.45000           66.80           -0.03            0.15
inaccuracy:  0.45000        0.50000           66.60           -0.04            0.15
inaccuracy:  0.50000        0.55000           56.48           -0.20            0.22
inaccuracy:  0.55000        0.60000           57.53           -0.22            0.13
inaccuracy:  0.60000        0.65000           56.77           -0.31            0.08
inaccuracy:  0.65000        0.70000           57.99           -0.25            0.04
inaccuracy:  0.70000        0.75000           59.03           -0.25            0.01
inaccuracy:  0.75000        0.80000           58.01           -0.28            0.01
inaccuracy:  0.80000        0.85000           57.88           -0.26            0.01
inaccuracy:  0.85000        0.90000           56.87           -0.27            0.02
inaccuracy:  0.90000        0.95000           56.36           -0.26            0.03
inaccuracy:  0.95000        1.00000           28.95           -1.97           -0.04
===================================================================================================================================
                BAR        
-----------------------------------------------------------------------------------------------------------------------------------
BAR-estimator:         λ             λ+δλ          ΔΔA             ΔA            C               Δδe            δe       
                          
-----------------------------------------------------------------------------------------------------------------------------------
BAR-estimator:      0.00000        0.05000        3.3793         3.3793         3.3793         0.2059         0.2059 
BAR-estimator:      0.05000        0.10000        1.8903         5.2696         1.8903         0.0143         0.2064 
BAR-estimator:      0.10000        0.15000        0.8945         6.1640         0.8945         0.0106         0.2066 
BAR-estimator:      0.15000        0.20000        0.4251         6.5892         0.4251         0.0075         0.2068 
BAR-estimator:      0.20000        0.25000        0.1653         6.7545         0.1653         0.0059         0.2069 
BAR-estimator:      0.25000        0.30000        0.0154         6.7699         0.0154         0.0052         0.2069 
BAR-estimator:      0.30000        0.35000       -0.0765         6.6934        -0.0765         0.0048         0.2070 
BAR-estimator:      0.35000        0.40000       -0.1384         6.5549        -0.1384         0.0043         0.2070 
BAR-estimator:      0.40000        0.45000       -0.1857         6.3692        -0.1857         0.0038         0.2071 
BAR-estimator:      0.45000        0.50000       -0.2271         6.1422        -0.2271         0.0035         0.2071 
BAR-estimator:      0.50000        0.55000       -0.4533         5.6889        -0.4533         0.0050         0.2072 
BAR-estimator:      0.55000        0.60000       -0.8239         4.8650        -0.8239         0.0047         0.2072 
BAR-estimator:      0.60000        0.65000       -1.1541         3.7109        -1.1541         0.0049         0.2073 
BAR-estimator:      0.65000        0.70000       -1.4221         2.2887        -1.4221         0.0041         0.2073 
BAR-estimator:      0.70000        0.75000       -1.5937         0.6950        -1.5937         0.0048         0.2074 
BAR-estimator:      0.75000        0.80000       -1.6582        -0.9633        -1.6582         0.0048         0.2074 
BAR-estimator:      0.80000        0.85000       -1.6738        -2.6370        -1.6738         0.0049         0.2075 
BAR-estimator:      0.85000        0.90000       -1.6477        -4.2847        -1.6477         0.0051         0.2075 
BAR-estimator:      0.90000        0.95000       -1.6223        -5.9070        -1.6223         0.0050         0.2076 
BAR-estimator:      0.95000        1.00000       -2.0048        -7.9119        -2.0048         0.0066         0.2077 
BAR-estimator: total free energy change is -7.911863416108128 , total error is 0.2077089639057513
