12
 energy: -13.736163462025 gnorm: 0.018406201036 xtb: 6.7.1 (41059b4)
C           -1.92292116100761       -0.53962889803585       -0.08916709571590
C           -0.90099729306378        0.53331960311636       -0.44108569176762
S            0.64930806842740        0.45734752887806        0.54218665407689
C            1.41119406384019       -1.03279010938737       -0.19270032199840
H           -1.53403937766296       -1.54311799379520       -0.28323575570329
H           -2.19811548563211       -0.48128567377210        0.96709183501117
H           -2.82946242053481       -0.41315593529793       -0.69225783481538
H           -1.30749811892355        1.53075254306859       -0.24348019687065
H           -0.63582929617213        0.49807941343965       -1.50424538843377
H            2.38729551134760       -1.15684651429135        0.28242565631979
H            1.55819616807904       -0.90227215278435       -1.26916681583358
H            0.81654861868274       -1.93026649014583       -0.00296802165489
12
 energy: -13.736925126304 gnorm: 0.004373551277 xtb: 6.7.1 (41059b4)
C           -1.91697079338405       -0.53980161994459       -0.08861098127482
C           -0.90801025857136        0.53262323327671       -0.45026628089076
S            0.62876978204965        0.42911251221055        0.53550811692147
C            1.41271703248328       -1.03872877078800       -0.19489123358989
H           -1.52295900679892       -1.53606137325032       -0.28580722858230
H           -2.18287844090342       -0.47517678939689        0.96521345030038
H           -2.81979736718974       -0.40734441602912       -0.68517634673388
H           -1.30503336536371        1.52718290282794       -0.23802962060606
H           -0.62483821500728        0.48402551106671       -1.50429951175125
H            2.38237120683472       -1.14713243151690        0.28553071485503
H            1.54343891234025       -0.88787154291537       -1.26519064043761
H            0.80686979089062       -1.92069189454803       -0.00058341559593
12
 energy: -13.736988988870 gnorm: 0.001625320380 xtb: 6.7.1 (41059b4)
C           -1.91446644823489       -0.54128974457241       -0.09050431194322
C           -0.90096906903507        0.52616134902865       -0.45081051535220
S            0.62756971297056        0.42955427561374        0.54418055742712
C            1.40329750183160       -1.03468145539186       -0.19622729500018
H           -1.52125702822652       -1.53597399244913       -0.28778309912826
H           -2.17443554978505       -0.47361973152783        0.96305935119361
H           -2.81794239881297       -0.40742702918937       -0.68262849444563
H           -1.29540611882329        1.51961852301579       -0.23963564090318
H           -0.61359270945831        0.47263933587149       -1.50171238880002
H            2.37155992969245       -1.13988689733577        0.28125754783089
H            1.52967718224540       -0.87918641815629       -1.26419141956260
H            0.79964427301614       -1.91577289391433       -0.00160726870195
12
 energy: -13.737000983759 gnorm: 0.000626721802 xtb: 6.7.1 (41059b4)
C           -1.91392194634644       -0.54139961207197       -0.09079786984945
C           -0.90007772024143        0.52770887288820       -0.45037754596785
S            0.62515271207628        0.42854331089881        0.54831386351475
C            1.40237101592138       -1.03387916348386       -0.19434698445601
H           -1.52173183991992       -1.53609881365033       -0.29034435271725
H           -2.17104631091476       -0.47532987292996        0.96360744558388
H           -2.81863556646895       -0.40688495340774       -0.68050306556654
H           -1.29682270569587        1.52136128973364       -0.24646918748220
H           -0.60806975903842        0.46947087893265       -1.49937146189115
H            2.37300772426202       -1.14142965736444        0.27712278524338
H            1.52312379658135       -0.87557351743348       -1.26236679009935
H            0.80032987716480       -1.91635344111883       -0.00106981369785
12
 energy: -13.737004755068 gnorm: 0.000344375570 xtb: 6.7.1 (41059b4)
C           -1.91408448913865       -0.54136697370965       -0.09088320897139
C           -0.89823242817424        0.52649596228809       -0.45082679033214
S            0.62310269505575        0.42741328957023        0.55323217452624
C            1.40115635895573       -1.03263421318743       -0.19351714581868
H           -1.52389930088382       -1.53620280454140       -0.29452705662968
H           -2.16806974042587       -0.47780258831721        0.96467522754971
H           -2.82008422915800       -0.40319328219481       -0.67795932971990
H           -1.29600945314161        1.52070479124976       -0.25111221689571
H           -0.60297263889141        0.46556794604792       -1.49890658277988
H            2.37409127915351       -1.13921652752730        0.27407415118699
H            1.51735935501845       -0.87285730098953       -1.26215177013822
H            0.80132186901020       -1.91677297769598        0.00129957063704
12
 energy: -13.737006499283 gnorm: 0.000254880944 xtb: 6.7.1 (41059b4)
C           -1.91512371790210       -0.54116590327325       -0.09166111789277
C           -0.89808702255816        0.52565846667772       -0.45073722707536
S            0.62252276193453        0.42677361925268        0.55413065271787
C            1.40186002260031       -1.03245733165187       -0.19273675042308
H           -1.52749527489791       -1.53624527967530       -0.29912429361876
H           -2.16608477155419       -0.47996756893857        0.96470999887155
H           -2.82250209739695       -0.39919717164557       -0.67578490643718
H           -1.29538800433500        1.52050741601256       -0.25244482827406
H           -0.60172329872311        0.46356285593252       -1.49843277007504
H            2.37619070353772       -1.13639390147905        0.27272595015944
H            1.51524920758721       -0.87327061523178       -1.26170273519350
H            0.80426076908769       -1.91766926498740        0.00445504985526
12
 energy: -13.737007916936 gnorm: 0.000169524474 xtb: 6.7.1 (41059b4)
C           -1.91621926851265       -0.54078291876433       -0.09260020077102
C           -0.89845154552020        0.52513015739422       -0.45148488634211
S            0.62178689887966        0.42619449239769        0.55404872264380
C            1.40315117607013       -1.03271431146015       -0.19139409063333
H           -1.53233907199365       -1.53600044756867       -0.30626946015059
H           -2.16304037389991       -0.48387875638277        0.96500142107784
H           -2.82565878944804       -0.39370679273264       -0.67223395370678
H           -1.29491371570623        1.52032417921729       -0.25299425527339
H           -0.60199469344008        0.46318112573920       -1.49916822825552
H            2.37891976346794       -1.13244853266818        0.27193596853101
H            1.51362281108027       -0.87595652585226       -1.26090300572346
H            0.80881608640280       -1.91920634832669        0.00945899121794
12
 energy: -13.737008351796 gnorm: 0.000095066187 xtb: 6.7.1 (41059b4)
C           -1.91629420809296       -0.54081728984784       -0.09346292030784
C           -0.89864427993879        0.52537486061714       -0.45175844207372
S            0.62213664984337        0.42671135842187        0.55323060334117
C            1.40331848073469       -1.03310406492233       -0.19058001094800
H           -1.53333567417674       -1.53568784074097       -0.31015594030686
H           -2.16074843742429       -0.48606887823451        0.96478657387165
H           -2.82693301599807       -0.39194660907507       -0.67074283289560
H           -1.29511482507206        1.52031097865273       -0.25231409616319
H           -0.60265087316510        0.46415319429020       -1.49959107197425
H            2.37977227325002       -1.13081563050456        0.27166944982341
H            1.51213696300641       -0.87829749352179       -1.26058289944271
H            0.81003622441356       -1.91967726414216        0.01289860969033
12
 energy: -13.737008652199 gnorm: 0.000064419451 xtb: 6.7.1 (41059b4)
C           -1.91580996778755       -0.54102386223431       -0.09388266149820
C           -0.89879511655830        0.52588408749188       -0.45199518307688
S            0.62239566827828        0.42742045010003        0.55249184359225
C            1.40296131878926       -1.03336746174680       -0.19012347666557
H           -1.53285643621885       -1.53553252364445       -0.31206582301281
H           -2.15929745285819       -0.48743574625203        0.96461880931052
H           -2.82697307047384       -0.39166909944530       -0.67011954940148
H           -1.29549803382160        1.52051715618303       -0.25162331189696
H           -0.60312573974883        0.46544286283571       -1.49997961328942
H            2.37973024909998       -1.13041470742268        0.27153371061835
H            1.51106293526766       -0.88000675320215       -1.26040867713435
H            0.80988492341201       -1.91967908167023        0.01495095506893
12
 energy: -13.737008887367 gnorm: 0.000064357389 xtb: 6.7.1 (41059b4)
C           -1.91518317760026       -0.54121889333335       -0.09407724508327
C           -0.89879759290688        0.52636437365824       -0.45209861025526
S            0.62272877367185        0.42813427148627        0.55192761194122
C            1.40245756374345       -1.03353249254046       -0.18988000799342
H           -1.53172905591124       -1.53540574187142       -0.31277707189355
H           -2.15843219307295       -0.48817615843066        0.96450621564445
H           -2.82654418480530       -0.39216316351265       -0.67005937652977
H           -1.29596092039270        1.52067857902582       -0.25112250552705
H           -0.60347947009922        0.46660056836956       -1.50022521871070
H            2.37934592853635       -1.13074932880610        0.27148631602986
H            1.51023944098150       -0.88099454559024       -1.26031816520414
H            0.80903416523545       -1.91940214746233        0.01603508019600
12
 energy: -13.737009064515 gnorm: 0.000043176146 xtb: 6.7.1 (41059b4)
C           -1.91457706014008       -0.54141444993836       -0.09427017844046
C           -0.89873950116410        0.52675039712618       -0.45214931961028
S            0.62294020082200        0.42874855289228        0.55157594809722
C            1.40191543392652       -1.03361241270500       -0.18967686322480
H           -1.53080123720845       -1.53538618035788       -0.31348319959443
H           -2.15758324373222       -0.48889192957727        0.96440566070740
H           -2.82615132200426       -0.39250038464497       -0.66997483184032
H           -1.29626299213623        1.52086036595268       -0.25080966554650
H           -0.60358496144237        0.46743094445375       -1.50035887298922
H            2.37897395883966       -1.13093381687515        0.27132481279774
H            1.50927793069754       -0.88176314900603       -1.26025134932000
H            0.80827207092203       -1.91915261632755        0.01706488157799
12
 energy: -13.737009197321 gnorm: 0.000031137453 xtb: 6.7.1 (41059b4)
C           -1.91418285638877       -0.54151298391916       -0.09447451892212
C           -0.89869006138022        0.52701543188924       -0.45219156325775
S            0.62311247606278        0.42918985876014        0.55129739362802
C            1.40157460888384       -1.03370212512703       -0.18944226647931
H           -1.53022465247840       -1.53527884527763       -0.31432048797242
H           -2.15686316989006       -0.48960417617117        0.96431393543499
H           -2.82598438249495       -0.39256835099008       -0.66982116962659
H           -1.29652979368926        1.52095287464069       -0.25057308463102
H           -0.60366574049299        0.46808893763122       -1.50046832926186
H            2.37887783459189       -1.13092302830623        0.27108593106090
H            1.50835581273156       -0.88249341341371       -1.26016191815484
H            0.80789920192464       -1.91902885872359        0.01815310079636
12
 energy: -13.737009311277 gnorm: 0.000033514368 xtb: 6.7.1 (41059b4)
C           -1.91388711610295       -0.54160458577804       -0.09470552674538
C           -0.89865585443181        0.52723365051256       -0.45221868700413
S            0.62323603914140        0.42951334316914        0.55110800417457
C            1.40131243327079       -1.03379180245863       -0.18921752938980
H           -1.52990056183303       -1.53522734345195       -0.31518159144462
H           -2.15622003733132       -0.49025191946493        0.96419367275782
H           -2.82590895527720       -0.39248072023924       -0.66966648591117
H           -1.29668237424634        1.52105262704500       -0.25034186057829
H           -0.60374740169683        0.46863529045959       -1.50054921658892
H            2.37889617595528       -1.13070874710957        0.27078834990054
H            1.50744226903808       -0.88321658317201       -1.26009099379236
H            0.80779466089398       -1.91901788851923        0.01927888723612
12
 energy: -13.737009425238 gnorm: 0.000033159904 xtb: 6.7.1 (41059b4)
C           -1.91367488928450       -0.54166533764202       -0.09496093455480
C           -0.89864890726761        0.52743626245691       -0.45224776713634
S            0.62334073828954        0.42976875201928        0.55091639157328
C            1.40111884442107       -1.03391047267999       -0.18897517999539
H           -1.52967705896840       -1.53513219032471       -0.31611069505053
H           -2.15565453259709       -0.49090164984797        0.96404787309769
H           -2.82590276838282       -0.39230355660191       -0.66953111689429
H           -1.29681611431884        1.52113348781865       -0.25004431939693
H           -0.60380938792162        0.46918287752821       -1.50062160239725
H            2.37904662998135       -1.13034544745090        0.27039966823945
H            1.50645685587282       -0.88403110778948       -1.26002127738876
H            0.80789986755615       -1.91909629649337        0.02054598251826
12
 energy: -13.737009543892 gnorm: 0.000026691421 xtb: 6.7.1 (41059b4)
C           -1.91346839615406       -0.54172481462189       -0.09525641876388
C           -0.89864497959117        0.52766213361856       -0.45225861996297
S            0.62345367554503        0.42999232703601        0.55076111184778
C            1.40093801854756       -1.03405574636132       -0.18871638259144
H           -1.52946376097056       -1.53503818406220       -0.31706149729267
H           -2.15514344677510       -0.49153881479085        0.96384509737547
H           -2.82587576172030       -0.39211442512505       -0.66946852404465
H           -1.29693993213006        1.52122886190221       -0.24967908589208
H           -0.60391779487396        0.46980578964689       -1.50068408767744
H            2.37928284757335       -1.12987997771156        0.26989453211862
H            1.50532394581023       -0.88496251231532       -1.25996648554252
H            0.80813486211907       -1.91923931622278        0.02198738304015
12
 energy: -13.737009662466 gnorm: 0.000022981417 xtb: 6.7.1 (41059b4)
C           -1.91326079187295       -0.54178328893158       -0.09556831033663
C           -0.89863915418047        0.52790321232423       -0.45225504564606
S            0.62356859837661        0.43021070433666        0.55060295797408
C            1.40073352277173       -1.03422053832697       -0.18845078072672
H           -1.52918805577738       -1.53492772704933       -0.31798672193819
H           -2.15470358358187       -0.49216702228803        0.96361240506287
H           -2.82580847331869       -0.39196741864150       -0.66949809998141
H           -1.29705055021349        1.52133058999397       -0.24924617362578
H           -0.60396940219972        0.47048219926837       -1.50072267018963
H            2.37955545714337       -1.12935402142974        0.26927407807024
H            1.50402154462721       -0.88595164187474       -1.25991756894979
H            0.80842016560570       -1.91941972638866        0.02355295290141
12
 energy: -13.737009772639 gnorm: 0.000023119848 xtb: 6.7.1 (41059b4)
C           -1.91302861160101       -0.54183806196324       -0.09588432373516
C           -0.89861794508813        0.52815844360560       -0.45222380801119
S            0.62368315239791        0.43040789585318        0.55050111178537
C            1.40051917929006       -1.03438414826001       -0.18819765957768
H           -1.52884691678160       -1.53482078265432       -0.31882302046293
H           -2.15433352278010       -0.49273420349699        0.96334835518130
H           -2.82567603688659       -0.39187713783547       -0.66961298092430
H           -1.29718057067397        1.52143950969980       -0.24880374568954
H           -0.60403977633140        0.47117859585246       -1.50074186819162
H            2.37984314484861       -1.12884792188131        0.26858980125116
H            1.50265540208774       -0.88694969069186       -1.25988907621260
H            0.80870177889853       -1.91959717723515        0.02513423720156
12
 energy: -13.737009868665 gnorm: 0.000022038416 xtb: 6.7.1 (41059b4)
C           -1.91279596766619       -0.54189766633055       -0.09617269605395
C           -0.89858294393329        0.52839888304664       -0.45218520455371
S            0.62380138467514        0.43061514095913        0.55039575198435
C            1.40028135127562       -1.03453823589184       -0.18796382238296
H           -1.52847253953233       -1.53472656486076       -0.31954793891014
H           -2.15402859072160       -0.49325711618527        0.96310037344561
H           -2.82551129275833       -0.39185289233491       -0.66977320911602
H           -1.29727988269479        1.52154636285869       -0.24838232441328
H           -0.60405189634976        0.47185142327333       -1.50074182305860
H            2.38008803985039       -1.12838623110363        0.26791125868240
H            1.50130192056627       -0.88785498770058       -1.25985921344335
H            0.80892969466890       -1.91976279473755        0.02661587043403
