#========================================================================================
#                     Free energy perturbation    
#----------------------------------------------------------------------------------------
#forward/backward          λ              ΔΔA                 ΔA                  δε   
#                                                 
#----------------------------------------------------------------------------------------
forward:               0.0000              0.0000              0.0000              0.0000  
forward:               0.0500              1.7832              1.7832              0.0272  
forward:               0.1000              0.9942              2.7774              0.0332  
forward:               0.1500              0.4995              3.2769              0.0353  
forward:               0.2000              0.2482              3.5251              0.0363  
forward:               0.2500              0.1470              3.6721              0.0370  
forward:               0.3000              0.0607              3.7328              0.0374  
forward:               0.3500              0.0230              3.7558              0.0378  
forward:               0.4000             -0.0263              3.7294              0.0380  
forward:               0.4500             -0.0366              3.6928              0.0383  
forward:               0.5000             -0.0759              3.6170              0.0385  
forward:               0.5500             -0.1066              3.5103              0.0388  
forward:               0.6000             -0.2055              3.3049              0.0390  
forward:               0.6500             -0.2713              3.0336              0.0393  
forward:               0.7000             -0.3349              2.6987              0.0396  
forward:               0.7500             -0.3697              2.3291              0.0398  
forward:               0.8000             -0.4168              1.9122              0.0401  
forward:               0.8500             -0.4477              1.4645              0.0403  
forward:               0.9000             -0.4756              0.9890              0.0405  
forward:               0.9500             -0.4897              0.4992              0.0408  
forward:               1.0000             -0.5115             -0.0123              0.0410  
backward:              1.0000              0.0000             -0.0123              0.0000  
backward:              0.9500              0.5098              0.4975              0.0048  
backward:              0.9000              0.4912              0.9887              0.0073  
backward:              0.8500              0.4709              1.4596              0.0083  
backward:              0.8000              0.4478              1.9073              0.0096  
backward:              0.7500              0.4170              2.3244              0.0108  
backward:              0.7000              0.3727              2.6971              0.0117  
backward:              0.6500              0.3467              3.0438              0.0128  
backward:              0.6000              0.2764              3.3202              0.0136  
backward:              0.5500              0.1981              3.5182              0.0149  
backward:              0.5000              0.1189              3.6372              0.0160  
backward:              0.4500              0.0739              3.7110              0.0170  
backward:              0.4000              0.0396              3.7506              0.0182  
backward:              0.3500              0.0124              3.7630              0.0188  
backward:              0.3000             -0.0108              3.7522              0.0200  
backward:              0.2500             -0.0615              3.6907              0.0212  
backward:              0.2000             -0.1664              3.5242              0.0242  
backward:              0.1500             -0.2685              3.2557              0.0281  
backward:              0.1000             -0.5056              2.7501              0.0327  
backward:              0.0500             -0.8958              1.8542              0.0407  
backward:              0.0000             -1.7729              0.0813              0.0691  
Inaccuracy estimation
======================================================================================================
                   i        i+δi          P0_overlap_P1   δε(forward)/ε   δε(backward)/ε
======================================================================================================
inaccuracy:  0.00000        0.05000           34.22           -0.02            2.03
inaccuracy:  0.05000        0.10000           43.12           -0.05            1.19
inaccuracy:  0.10000        0.15000           57.13           -0.02            0.54
inaccuracy:  0.15000        0.20000           65.17           -0.02            0.29
inaccuracy:  0.20000        0.25000           68.43           -0.02            0.20
inaccuracy:  0.25000        0.30000           71.13           -0.01            0.16
inaccuracy:  0.30000        0.35000           71.59           -0.02            0.14
inaccuracy:  0.35000        0.40000           75.23           -0.01            0.11
inaccuracy:  0.40000        0.45000           72.89           -0.02            0.11
inaccuracy:  0.45000        0.50000           74.64           -0.02            0.09
inaccuracy:  0.50000        0.55000           70.39           -0.03            0.12
inaccuracy:  0.55000        0.60000           72.78           -0.03            0.09
inaccuracy:  0.60000        0.65000           72.85           -0.04            0.08
inaccuracy:  0.65000        0.70000           72.43           -0.04            0.08
inaccuracy:  0.70000        0.75000           73.28           -0.03            0.07
inaccuracy:  0.75000        0.80000           73.54           -0.03            0.07
inaccuracy:  0.80000        0.85000           73.38           -0.04            0.06
inaccuracy:  0.85000        0.90000           73.78           -0.03            0.06
inaccuracy:  0.90000        0.95000           72.64           -0.04            0.06
inaccuracy:  0.95000        1.00000           72.48           -0.04            0.06
===================================================================================================================================
                BAR        
-----------------------------------------------------------------------------------------------------------------------------------
BAR-estimator:         λ             λ+δλ          ΔΔA             ΔA            C               Δδe            δe       
                          
-----------------------------------------------------------------------------------------------------------------------------------
BAR-estimator:      0.00000        0.05000        1.7828         1.7828         1.7828         0.0132         0.0132 
BAR-estimator:      0.05000        0.10000        0.9742         2.7570         0.9742         0.0113         0.0173 
BAR-estimator:      0.10000        0.15000        0.5039         3.2609         0.5039         0.0073         0.0188 
BAR-estimator:      0.15000        0.20000        0.2534         3.5143         0.2534         0.0052         0.0195 
BAR-estimator:      0.20000        0.25000        0.1487         3.6630         0.1487         0.0052         0.0202 
BAR-estimator:      0.25000        0.30000        0.0622         3.7252         0.0622         0.0037         0.0205 
BAR-estimator:      0.30000        0.35000        0.0187         3.7439         0.0187         0.0042         0.0210 
BAR-estimator:      0.35000        0.40000       -0.0192         3.7247        -0.0192         0.0031         0.0212 
BAR-estimator:      0.40000        0.45000       -0.0414         3.6833        -0.0414         0.0033         0.0214 
BAR-estimator:      0.45000        0.50000       -0.0769         3.6064        -0.0769         0.0027         0.0216 
BAR-estimator:      0.50000        0.55000       -0.1121         3.4943        -0.1121         0.0033         0.0219 
BAR-estimator:      0.55000        0.60000       -0.2034         3.2909        -0.2034         0.0033         0.0221 
BAR-estimator:      0.60000        0.65000       -0.2722         3.0186        -0.2722         0.0031         0.0223 
BAR-estimator:      0.65000        0.70000       -0.3381         2.6806        -0.3381         0.0033         0.0226 
BAR-estimator:      0.70000        0.75000       -0.3711         2.3095        -0.3711         0.0032         0.0228 
BAR-estimator:      0.75000        0.80000       -0.4160         1.8935        -0.4160         0.0031         0.0230 
BAR-estimator:      0.80000        0.85000       -0.4478         1.4457        -0.4478         0.0033         0.0233 
BAR-estimator:      0.85000        0.90000       -0.4728         0.9729        -0.4728         0.0029         0.0234 
BAR-estimator:      0.90000        0.95000       -0.4919         0.4810        -0.4919         0.0035         0.0237 
BAR-estimator:      0.95000        1.00000       -0.5107        -0.0297        -0.5107         0.0035         0.0239 
BAR-estimator: total free energy change is -0.029724468632279344 , total error is 0.023947247191729807
