#========================================================================================
#                     Free energy perturbation    
#----------------------------------------------------------------------------------------
#forward/backward          λ              ΔΔA                 ΔA                  δε   
#                                                 
#----------------------------------------------------------------------------------------
forward:               0.0000              0.0000              0.0000              0.0000  
forward:               0.0500              1.6179              1.6179              0.0203  
forward:               0.1000              0.8978              2.5157              0.0250  
forward:               0.1500              0.4804              2.9960              0.0272  
forward:               0.2000              0.2705              3.2666              0.0283  
forward:               0.2500              0.1474              3.4140              0.0289  
forward:               0.3000              0.0722              3.4862              0.0294  
forward:               0.3500              0.0308              3.5170              0.0298  
forward:               0.4000             -0.0125              3.5045              0.0301  
forward:               0.4500             -0.0309              3.4736              0.0305  
forward:               0.5000             -0.0595              3.4141              0.0308  
forward:               0.5500             -0.1350              3.2790              0.0312  
forward:               0.6000             -0.2833              2.9958              0.0316  
forward:               0.6500             -0.4188              2.5769              0.0319  
forward:               0.7000             -0.5408              2.0362              0.0323  
forward:               0.7500             -0.6313              1.4049              0.0326  
forward:               0.8000             -0.6959              0.7090              0.0330  
forward:               0.8500             -0.7329             -0.0240              0.0333  
forward:               0.9000             -0.7676             -0.7916              0.0336  
forward:               0.9500             -0.7763             -1.5678              0.0339  
forward:               1.0000             -0.7787             -2.3466              0.0342  
backward:              1.0000              0.0000             -2.3466              0.0000  
backward:              0.9500              0.7771             -1.5695              0.0053  
backward:              0.9000              0.7654             -0.8041              0.0074  
backward:              0.8500              0.7536             -0.0505              0.0091  
backward:              0.8000              0.7319              0.6814              0.0107  
backward:              0.7500              0.7064              1.3878              0.0119  
backward:              0.7000              0.6311              2.0189              0.0132  
backward:              0.6500              0.5312              2.5501              0.0144  
backward:              0.6000              0.4190              2.9692              0.0155  
backward:              0.5500              0.2807              3.2499              0.0163  
backward:              0.5000              0.1426              3.3925              0.0169  
backward:              0.4500              0.0588              3.4512              0.0177  
backward:              0.4000              0.0296              3.4808              0.0188  
backward:              0.3500              0.0029              3.4837              0.0198  
backward:              0.3000             -0.0248              3.4589              0.0209  
backward:              0.2500             -0.0790              3.3799              0.0223  
backward:              0.2000             -0.1526              3.2273              0.0237  
backward:              0.1500             -0.3080              2.9193              0.0409  
backward:              0.1000             -0.4799              2.4395              0.0448  
backward:              0.0500             -0.9014              1.5381              0.0496  
backward:              0.0000             -1.6232             -0.0851              0.0576  
Inaccuracy estimation
======================================================================================================
                   i        i+δi          P0_overlap_P1   δε(forward)/ε   δε(backward)/ε
======================================================================================================
inaccuracy:  0.00000        0.05000           35.95           -0.03            1.67
inaccuracy:  0.05000        0.10000           47.03           -0.03            1.01
inaccuracy:  0.10000        0.15000           56.87           -0.03            0.53
inaccuracy:  0.15000        0.20000           64.73           -0.02            0.31
inaccuracy:  0.20000        0.25000           68.30           -0.01            0.21
inaccuracy:  0.25000        0.30000           70.22           -0.01            0.16
inaccuracy:  0.30000        0.35000           70.75           -0.02            0.15
inaccuracy:  0.35000        0.40000           73.48           -0.02            0.12
inaccuracy:  0.40000        0.45000           73.00           -0.01            0.11
inaccuracy:  0.45000        0.50000           73.83           -0.01            0.10
inaccuracy:  0.50000        0.55000           68.98           -0.06            0.14
inaccuracy:  0.55000        0.60000           70.14           -0.06            0.10
inaccuracy:  0.60000        0.65000           69.62           -0.08            0.09
inaccuracy:  0.65000        0.70000           69.51           -0.06            0.08
inaccuracy:  0.70000        0.75000           69.56           -0.08            0.07
inaccuracy:  0.75000        0.80000           68.69           -0.07            0.06
inaccuracy:  0.80000        0.85000           69.84           -0.07            0.06
inaccuracy:  0.85000        0.90000           70.44           -0.07            0.06
inaccuracy:  0.90000        0.95000           69.78           -0.07            0.06
inaccuracy:  0.95000        1.00000           69.14           -0.07            0.07
===================================================================================================================================
                BAR        
-----------------------------------------------------------------------------------------------------------------------------------
BAR-estimator:         λ             λ+δλ          ΔΔA             ΔA            C               Δδe            δe       
                          
-----------------------------------------------------------------------------------------------------------------------------------
BAR-estimator:      0.00000        0.05000        1.6216         1.6216         1.6216         0.0096         0.0096 
BAR-estimator:      0.05000        0.10000        0.9077         2.5294         0.9077         0.0084         0.0128 
BAR-estimator:      0.10000        0.15000        0.4760         3.0054         0.4760         0.0069         0.0145 
BAR-estimator:      0.15000        0.20000        0.2757         3.2811         0.2757         0.0051         0.0154 
BAR-estimator:      0.20000        0.25000        0.1480         3.4291         0.1480         0.0042         0.0159 
BAR-estimator:      0.25000        0.30000        0.0732         3.5023         0.0732         0.0037         0.0164 
BAR-estimator:      0.30000        0.35000        0.0267         3.5290         0.0267         0.0036         0.0167 
BAR-estimator:      0.35000        0.40000       -0.0095         3.5195        -0.0095         0.0030         0.0170 
BAR-estimator:      0.40000        0.45000       -0.0306         3.4889        -0.0306         0.0031         0.0173 
BAR-estimator:      0.45000        0.50000       -0.0593         3.4296        -0.0593         0.0030         0.0176 
BAR-estimator:      0.50000        0.55000       -0.1354         3.2942        -0.1354         0.0032         0.0179 
BAR-estimator:      0.55000        0.60000       -0.2803         3.0139        -0.2803         0.0036         0.0182 
BAR-estimator:      0.60000        0.65000       -0.4177         2.5962        -0.4177         0.0033         0.0185 
BAR-estimator:      0.65000        0.70000       -0.5355         2.0607        -0.5355         0.0034         0.0188 
BAR-estimator:      0.70000        0.75000       -0.6306         1.4301        -0.6306         0.0034         0.0191 
BAR-estimator:      0.75000        0.80000       -0.6993         0.7308        -0.6993         0.0036         0.0194 
BAR-estimator:      0.80000        0.85000       -0.7305         0.0002        -0.7305         0.0031         0.0197 
BAR-estimator:      0.85000        0.90000       -0.7620        -0.7618        -0.7620         0.0033         0.0200 
BAR-estimator:      0.90000        0.95000       -0.7713        -1.5331        -0.7713         0.0038         0.0203 
BAR-estimator:      0.95000        1.00000       -0.7770        -2.3101        -0.7770         0.0036         0.0206 
BAR-estimator: total free energy change is -2.310077446785125 , total error is 0.02064002305194702
