#========================================================================================
#                     Free energy perturbation    
#----------------------------------------------------------------------------------------
#forward/backward          λ              ΔΔA                 ΔA                  δε   
#                                                 
#----------------------------------------------------------------------------------------
forward:               0.0000              0.0000              0.0000              0.0000  
forward:               0.0500              0.9686              0.9686              0.0112  
forward:               0.1000              0.6088              1.5774              0.0193  
forward:               0.1500              0.3849              1.9623              0.0208  
forward:               0.2000              0.2590              2.2213              0.0218  
forward:               0.2500              0.1668              2.3881              0.0225  
forward:               0.3000              0.1071              2.4951              0.0230  
forward:               0.3500              0.0789              2.5741              0.0234  
forward:               0.4000              0.0532              2.6273              0.0238  
forward:               0.4500              0.0219              2.6492              0.0242  
forward:               0.5000              0.0086              2.6578              0.0245  
forward:               0.5500             -0.0811              2.5767              0.0250  
forward:               0.6000             -0.2577              2.3189              0.0254  
forward:               0.6500             -0.3997              1.9193              0.0258  
forward:               0.7000             -0.5172              1.4021              0.0261  
forward:               0.7500             -0.6112              0.7909              0.0265  
forward:               0.8000             -0.6646              0.1263              0.0268  
forward:               0.8500             -0.7047             -0.5784              0.0271  
forward:               0.9000             -0.7354             -1.3139              0.0273  
forward:               0.9500             -0.7493             -2.0632              0.0275  
forward:               1.0000             -0.7583             -2.8215              0.0278  
backward:              1.0000              0.0000             -2.8215              0.0000  
backward:              0.9500              0.7474             -2.0741              0.0054  
backward:              0.9000              0.7453             -1.3288              0.0071  
backward:              0.8500              0.7285             -0.6003              0.0089  
backward:              0.8000              0.7029              0.1027              0.0103  
backward:              0.7500              0.6622              0.7648              0.0114  
backward:              0.7000              0.6061              1.3709              0.0130  
backward:              0.6500              0.5127              1.8836              0.0149  
backward:              0.6000              0.3873              2.2709              0.0161  
backward:              0.5500              0.2418              2.5127              0.0169  
backward:              0.5000              0.0891              2.6018              0.0177  
backward:              0.4500             -0.0097              2.5921              0.0184  
backward:              0.4000             -0.0283              2.5638              0.0193  
backward:              0.3500             -0.0394              2.5244              0.0199  
backward:              0.3000             -0.0880              2.4364              0.0213  
backward:              0.2500             -0.1195              2.3169              0.0223  
backward:              0.2000             -0.1746              2.1423              0.0234  
backward:              0.1500             -0.2792              1.8631              0.0328  
backward:              0.1000             -0.3719              1.4911              0.0345  
backward:              0.0500             -0.6753              0.8158              0.0612  
backward:              0.0000             -0.9529             -0.1370              0.0640  
Inaccuracy estimation
======================================================================================================
                   i        i+δi          P0_overlap_P1   δε(forward)/ε   δε(backward)/ε
======================================================================================================
inaccuracy:  0.00000        0.05000           48.75           -0.03            0.87
inaccuracy:  0.05000        0.10000           57.42           -0.02            0.54
inaccuracy:  0.10000        0.15000           63.11           -0.01            0.35
inaccuracy:  0.15000        0.20000           68.14           -0.01            0.22
inaccuracy:  0.20000        0.25000           71.50           -0.01            0.17
inaccuracy:  0.25000        0.30000           74.74           -0.01            0.14
inaccuracy:  0.30000        0.35000           74.23           -0.01            0.12
inaccuracy:  0.35000        0.40000           74.16           -0.01            0.12
inaccuracy:  0.40000        0.45000           76.29           -0.01            0.10
inaccuracy:  0.45000        0.50000           76.64           -0.01            0.10
inaccuracy:  0.50000        0.55000           68.97           -0.06            0.13
inaccuracy:  0.55000        0.60000           71.01           -0.07            0.09
inaccuracy:  0.60000        0.65000           70.81           -0.07            0.07
inaccuracy:  0.65000        0.70000           70.55           -0.06            0.07
inaccuracy:  0.70000        0.75000           70.76           -0.07            0.06
inaccuracy:  0.75000        0.80000           70.58           -0.07            0.06
inaccuracy:  0.80000        0.85000           70.72           -0.07            0.06
inaccuracy:  0.85000        0.90000           71.00           -0.06            0.06
inaccuracy:  0.90000        0.95000           70.74           -0.06            0.06
inaccuracy:  0.95000        1.00000           70.40           -0.06            0.06
===================================================================================================================================
                BAR        
-----------------------------------------------------------------------------------------------------------------------------------
BAR-estimator:         λ             λ+δλ          ΔΔA             ΔA            C               Δδe            δe       
                          
-----------------------------------------------------------------------------------------------------------------------------------
BAR-estimator:      0.00000        0.05000        0.9670         0.9670         0.9670         0.0068         0.0068 
BAR-estimator:      0.05000        0.10000        0.6154         1.5824         0.6154         0.0066         0.0094 
BAR-estimator:      0.10000        0.15000        0.3817         1.9641         0.3817         0.0030         0.0099 
BAR-estimator:      0.15000        0.20000        0.2564         2.2206         0.2564         0.0043         0.0108 
BAR-estimator:      0.20000        0.25000        0.1700         2.3905         0.1700         0.0038         0.0114 
BAR-estimator:      0.25000        0.30000        0.1133         2.5038         0.1133         0.0033         0.0119 
BAR-estimator:      0.30000        0.35000        0.0786         2.5824         0.0786         0.0031         0.0123 
BAR-estimator:      0.35000        0.40000        0.0480         2.6304         0.0480         0.0031         0.0127 
BAR-estimator:      0.40000        0.45000        0.0240         2.6545         0.0240         0.0027         0.0130 
BAR-estimator:      0.45000        0.50000        0.0099         2.6644         0.0099         0.0030         0.0133 
BAR-estimator:      0.50000        0.55000       -0.0863         2.5781        -0.0863         0.0030         0.0136 
BAR-estimator:      0.55000        0.60000       -0.2524         2.3256        -0.2524         0.0030         0.0140 
BAR-estimator:      0.60000        0.65000       -0.3966         1.9290        -0.3966         0.0033         0.0144 
BAR-estimator:      0.65000        0.70000       -0.5165         1.4125        -0.5165         0.0031         0.0147 
BAR-estimator:      0.70000        0.75000       -0.6111         0.8014        -0.6111         0.0033         0.0150 
BAR-estimator:      0.75000        0.80000       -0.6635         0.1379        -0.6635         0.0031         0.0153 
BAR-estimator:      0.80000        0.85000       -0.7039        -0.5660        -0.7039         0.0033         0.0157 
BAR-estimator:      0.85000        0.90000       -0.7345        -1.3006        -0.7345         0.0029         0.0160 
BAR-estimator:      0.90000        0.95000       -0.7479        -2.0485        -0.7479         0.0029         0.0162 
BAR-estimator:      0.95000        1.00000       -0.7552        -2.8036        -0.7552         0.0032         0.0165 
BAR-estimator: total free energy change is -2.803639721040497 , total error is 0.016536673496364156
