#========================================================================================
#                     Free energy perturbation    
#----------------------------------------------------------------------------------------
#forward/backward          λ              ΔΔA                 ΔA                  δε   
#                                                 
#----------------------------------------------------------------------------------------
forward:               0.0000              0.0000              0.0000              0.0000  
forward:               0.0500              1.3989              1.3989              0.0175  
forward:               0.1000              0.7553              2.1543              0.0198  
forward:               0.1500              0.3857              2.5400              0.0214  
forward:               0.2000              0.2273              2.7673              0.0223  
forward:               0.2500              0.1421              2.9094              0.0230  
forward:               0.3000              0.0869              2.9963              0.0235  
forward:               0.3500              0.0398              3.0361              0.0239  
forward:               0.4000              0.0152              3.0513              0.0244  
forward:               0.4500             -0.0073              3.0440              0.0247  
forward:               0.5000             -0.0370              3.0071              0.0250  
forward:               0.5500             -0.0639              2.9432              0.0253  
forward:               0.6000             -0.1505              2.7927              0.0255  
forward:               0.6500             -0.2078              2.5848              0.0259  
forward:               0.7000             -0.2672              2.3176              0.0261  
forward:               0.7500             -0.3020              2.0156              0.0264  
forward:               0.8000             -0.3406              1.6750              0.0267  
forward:               0.8500             -0.3738              1.3012              0.0269  
forward:               0.9000             -0.3910              0.9102              0.0272  
forward:               0.9500             -0.4092              0.5010              0.0274  
forward:               1.0000             -0.4266              0.0744              0.0276  
backward:              1.0000              0.0000              0.0744              0.0000  
backward:              0.9500              0.4189              0.4933              0.0041  
backward:              0.9000              0.4147              0.9081              0.0060  
backward:              0.8500              0.3879              1.2960              0.0104  
backward:              0.8000              0.3704              1.6664              0.0116  
backward:              0.7500              0.3422              2.0086              0.0123  
backward:              0.7000              0.3049              2.3135              0.0131  
backward:              0.6500              0.2505              2.5640              0.0138  
backward:              0.6000              0.1979              2.7619              0.0147  
backward:              0.5500              0.1380              2.8999              0.0153  
backward:              0.5000              0.0489              2.9488              0.0163  
backward:              0.4500              0.0330              2.9817              0.0169  
backward:              0.4000              0.0090              2.9908              0.0175  
backward:              0.3500             -0.0126              2.9781              0.0181  
backward:              0.3000             -0.0406              2.9376              0.0188  
backward:              0.2500             -0.0784              2.8591              0.0198  
backward:              0.2000             -0.1389              2.7202              0.0208  
backward:              0.1500             -0.2342              2.4860              0.0231  
backward:              0.1000             -0.3978              2.0882              0.0263  
backward:              0.0500             -0.7521              1.3361              0.0348  
backward:              0.0000             -1.3534             -0.0173              0.0510  
Inaccuracy estimation
======================================================================================================
                   i        i+δi          P0_overlap_P1   δε(forward)/ε   δε(backward)/ε
======================================================================================================
inaccuracy:  0.00000        0.05000           37.60           -0.03            1.66
inaccuracy:  0.05000        0.10000           50.35           -0.03            0.80
inaccuracy:  0.10000        0.15000           63.00           -0.01            0.39
inaccuracy:  0.15000        0.20000           68.07           -0.01            0.24
inaccuracy:  0.20000        0.25000           70.93           -0.02            0.17
inaccuracy:  0.25000        0.30000           72.18           -0.01            0.13
inaccuracy:  0.30000        0.35000           74.07           -0.01            0.10
inaccuracy:  0.35000        0.40000           75.33           -0.01            0.10
inaccuracy:  0.40000        0.45000           75.86           -0.01            0.09
inaccuracy:  0.45000        0.50000           77.43           -0.01            0.08
inaccuracy:  0.50000        0.55000           74.42           -0.03            0.09
inaccuracy:  0.55000        0.60000           75.02           -0.03            0.08
inaccuracy:  0.60000        0.65000           75.42           -0.03            0.07
inaccuracy:  0.65000        0.70000           76.67           -0.03            0.06
inaccuracy:  0.70000        0.75000           74.94           -0.03            0.07
inaccuracy:  0.75000        0.80000           74.33           -0.03            0.07
inaccuracy:  0.80000        0.85000           74.99           -0.03            0.06
inaccuracy:  0.85000        0.90000           74.37           -0.03            0.06
inaccuracy:  0.90000        0.95000           74.21           -0.03            0.06
inaccuracy:  0.95000        1.00000           75.28           -0.03            0.06
===================================================================================================================================
                BAR        
-----------------------------------------------------------------------------------------------------------------------------------
BAR-estimator:         λ             λ+δλ          ΔΔA             ΔA            C               Δδe            δe       
                          
-----------------------------------------------------------------------------------------------------------------------------------
BAR-estimator:      0.00000        0.05000        1.4133         1.4133         1.4133         0.0095         0.0095 
BAR-estimator:      0.05000        0.10000        0.7444         2.1577         0.7444         0.0069         0.0117 
BAR-estimator:      0.10000        0.15000        0.3870         2.5447         0.3870         0.0056         0.0130 
BAR-estimator:      0.15000        0.20000        0.2284         2.7731         0.2284         0.0047         0.0138 
BAR-estimator:      0.20000        0.25000        0.1415         2.9146         0.1415         0.0037         0.0143 
BAR-estimator:      0.25000        0.30000        0.0826         2.9972         0.0826         0.0033         0.0146 
BAR-estimator:      0.30000        0.35000        0.0388         3.0360         0.0388         0.0030         0.0149 
BAR-estimator:      0.35000        0.40000        0.0153         3.0513         0.0153         0.0033         0.0153 
BAR-estimator:      0.40000        0.45000       -0.0082         3.0431        -0.0082         0.0026         0.0155 
BAR-estimator:      0.45000        0.50000       -0.0353         3.0077        -0.0353         0.0025         0.0157 
BAR-estimator:      0.50000        0.55000       -0.0588         2.9489        -0.0588         0.0029         0.0160 
BAR-estimator:      0.55000        0.60000       -0.1471         2.8018        -0.1471         0.0030         0.0163 
BAR-estimator:      0.60000        0.65000       -0.2029         2.5990        -0.2029         0.0030         0.0165 
BAR-estimator:      0.65000        0.70000       -0.2611         2.3379        -0.2611         0.0026         0.0167 
BAR-estimator:      0.70000        0.75000       -0.3023         2.0356        -0.3023         0.0027         0.0169 
BAR-estimator:      0.75000        0.80000       -0.3409         1.6947        -0.3409         0.0026         0.0171 
BAR-estimator:      0.80000        0.85000       -0.3731         1.3216        -0.3731         0.0030         0.0174 
BAR-estimator:      0.85000        0.90000       -0.3914         0.9301        -0.3914         0.0029         0.0176 
BAR-estimator:      0.90000        0.95000       -0.4117         0.5184        -0.4117         0.0030         0.0179 
BAR-estimator:      0.95000        1.00000       -0.4228         0.0956        -0.4228         0.0029         0.0181 
BAR-estimator: total free energy change is 0.09562753277731367 , total error is 0.01812101888439115
