#========================================================================================
#                     Free energy perturbation    
#----------------------------------------------------------------------------------------
#forward/backward          λ              ΔΔA                 ΔA                  δε   
#                                                 
#----------------------------------------------------------------------------------------
forward:               0.0000              0.0000              0.0000              0.0000  
forward:               0.0500              1.4552              1.4552              0.0172  
forward:               0.1000              0.9252              2.3804              0.0232  
forward:               0.1500              0.5581              2.9384              0.0262  
forward:               0.2000              0.3327              3.2712              0.0273  
forward:               0.2500              0.2249              3.4961              0.0281  
forward:               0.3000              0.1339              3.6300              0.0284  
forward:               0.3500              0.0816              3.7115              0.0289  
forward:               0.4000              0.0502              3.7617              0.0294  
forward:               0.4500              0.0166              3.7784              0.0297  
forward:               0.5000              0.0037              3.7820              0.0300  
forward:               0.5500             -0.0478              3.7342              0.0305  
forward:               0.6000             -0.1432              3.5910              0.0311  
forward:               0.6500             -0.2527              3.3383              0.0316  
forward:               0.7000             -0.3322              3.0061              0.0321  
forward:               0.7500             -0.4094              2.5966              0.0326  
forward:               0.8000             -0.4534              2.1433              0.0330  
forward:               0.8500             -0.4704              1.6729              0.0333  
forward:               0.9000             -0.4767              1.1962              0.0336  
forward:               0.9500             -0.4563              0.7398              0.0338  
forward:               1.0000             -0.4588              0.2810              0.0341  
backward:              1.0000              0.0000              0.2810              0.0000  
backward:              0.9500              0.4568              0.7378              0.0049  
backward:              0.9000              0.4666              1.2044              0.0078  
backward:              0.8500              0.4679              1.6723              0.0094  
backward:              0.8000              0.4757              2.1480              0.0110  
backward:              0.7500              0.4419              2.5899              0.0126  
backward:              0.7000              0.4003              2.9902              0.0144  
backward:              0.6500              0.3369              3.3271              0.0159  
backward:              0.6000              0.2484              3.5755              0.0175  
backward:              0.5500              0.1464              3.7219              0.0185  
backward:              0.5000              0.0557              3.7776              0.0195  
backward:              0.4500             -0.0001              3.7774              0.0211  
backward:              0.4000             -0.0138              3.7636              0.0219  
backward:              0.3500             -0.0663              3.6973              0.0230  
backward:              0.3000             -0.0789              3.6184              0.0240  
backward:              0.2500             -0.1311              3.4873              0.0253  
backward:              0.2000             -0.2100              3.2773              0.0271  
backward:              0.1500             -0.3245              2.9528              0.0291  
backward:              0.1000             -0.5953              2.3575              0.0343  
backward:              0.0500             -0.9674              1.3901              0.0411  
backward:              0.0000             -1.4442             -0.0541              0.0544  
Inaccuracy estimation
======================================================================================================
                   i        i+δi          P0_overlap_P1   δε(forward)/ε   δε(backward)/ε
======================================================================================================
inaccuracy:  0.00000        0.05000           39.24           -0.03            1.52
inaccuracy:  0.05000        0.10000           48.58           -0.03            0.94
inaccuracy:  0.10000        0.15000           56.23           -0.02            0.55
inaccuracy:  0.15000        0.20000           61.71           -0.02            0.35
inaccuracy:  0.20000        0.25000           64.31           -0.02            0.26
inaccuracy:  0.25000        0.30000           68.38           -0.01            0.19
inaccuracy:  0.30000        0.35000           69.72           -0.02            0.17
inaccuracy:  0.35000        0.40000           71.19           -0.02            0.15
inaccuracy:  0.40000        0.45000           71.74           -0.02            0.14
inaccuracy:  0.45000        0.50000           71.38           -0.02            0.12
inaccuracy:  0.50000        0.55000           68.87           -0.05            0.13
inaccuracy:  0.55000        0.60000           68.78           -0.06            0.11
inaccuracy:  0.60000        0.65000           69.93           -0.05            0.11
inaccuracy:  0.65000        0.70000           67.99           -0.06            0.10
inaccuracy:  0.70000        0.75000           69.72           -0.06            0.09
inaccuracy:  0.75000        0.80000           69.89           -0.04            0.09
inaccuracy:  0.80000        0.85000           68.80           -0.05            0.09
inaccuracy:  0.85000        0.90000           70.40           -0.05            0.09
inaccuracy:  0.90000        0.95000           68.49           -0.05            0.10
inaccuracy:  0.95000        1.00000           69.22           -0.05            0.09
===================================================================================================================================
                BAR        
-----------------------------------------------------------------------------------------------------------------------------------
BAR-estimator:         λ             λ+δλ          ΔΔA             ΔA            C               Δδe            δe       
                          
-----------------------------------------------------------------------------------------------------------------------------------
BAR-estimator:      0.00000        0.05000        1.4700         1.4700         1.4700         0.0086         0.0086 
BAR-estimator:      0.05000        0.10000        0.9370         2.4070         0.9370         0.0090         0.0124 
BAR-estimator:      0.10000        0.15000        0.5647         2.9717         0.5647         0.0076         0.0145 
BAR-estimator:      0.15000        0.20000        0.3344         3.3061         0.3344         0.0059         0.0157 
BAR-estimator:      0.20000        0.25000        0.2169         3.5230         0.2169         0.0046         0.0164 
BAR-estimator:      0.25000        0.30000        0.1335         3.6565         0.1335         0.0034         0.0167 
BAR-estimator:      0.30000        0.35000        0.0827         3.7392         0.0827         0.0043         0.0173 
BAR-estimator:      0.35000        0.40000        0.0529         3.7921         0.0529         0.0040         0.0177 
BAR-estimator:      0.40000        0.45000        0.0166         3.8087         0.0166         0.0035         0.0181 
BAR-estimator:      0.45000        0.50000       -0.0008         3.8080        -0.0008         0.0032         0.0183 
BAR-estimator:      0.50000        0.55000       -0.0511         3.7568        -0.0511         0.0034         0.0186 
BAR-estimator:      0.55000        0.60000       -0.1460         3.6108        -0.1460         0.0037         0.0190 
BAR-estimator:      0.60000        0.65000       -0.2475         3.3633        -0.2475         0.0027         0.0192 
BAR-estimator:      0.65000        0.70000       -0.3381         3.0251        -0.3381         0.0038         0.0196 
BAR-estimator:      0.70000        0.75000       -0.4085         2.6166        -0.4085         0.0044         0.0201 
BAR-estimator:      0.75000        0.80000       -0.4488         2.1678        -0.4488         0.0036         0.0204 
BAR-estimator:      0.80000        0.85000       -0.4738         1.6940        -0.4738         0.0032         0.0206 
BAR-estimator:      0.85000        0.90000       -0.4713         1.2227        -0.4713         0.0035         0.0209 
BAR-estimator:      0.90000        0.95000       -0.4612         0.7614        -0.4612         0.0034         0.0212 
BAR-estimator:      0.95000        1.00000       -0.4584         0.3030        -0.4584         0.0032         0.0215 
BAR-estimator: total free energy change is 0.30301824069721844 , total error is 0.021450915812529055
