#========================================================================================
#                     Free energy perturbation    
#----------------------------------------------------------------------------------------
#forward/backward          λ              ΔΔA                 ΔA                  δε   
#                                                 
#----------------------------------------------------------------------------------------
forward:               0.0000              0.0000              0.0000              0.0000  
forward:               0.0500              1.5859              1.5859              0.0198  
forward:               0.1000              0.8966              2.4825              0.0246  
forward:               0.1500              0.4787              2.9612              0.0265  
forward:               0.2000              0.2529              3.2141              0.0276  
forward:               0.2500              0.1117              3.3258              0.0283  
forward:               0.3000              0.0422              3.3680              0.0288  
forward:               0.3500             -0.0040              3.3640              0.0292  
forward:               0.4000             -0.0437              3.3203              0.0295  
forward:               0.4500             -0.0752              3.2451              0.0297  
forward:               0.5000             -0.1017              3.1434              0.0300  
forward:               0.5500             -0.3198              2.8237              0.0306  
forward:               0.6000             -0.6932              2.1304              0.0313  
forward:               0.6500             -1.0241              1.1063              0.0322  
forward:               0.7000             -1.2875             -0.1812              0.0332  
forward:               0.7500             -1.4695             -1.6507              0.0339  
forward:               0.8000             -1.5447             -3.1954              0.0344  
forward:               0.8500             -1.5571             -4.7525              0.0346  
forward:               0.9000             -1.5536             -6.3061              0.0350  
forward:               0.9500             -1.5209             -7.8269              0.0353  
forward:               1.0000             -1.4341             -9.2610              0.0383  
backward:              1.0000              0.0000             -9.2610              0.0000  
backward:              0.9500              1.4391             -7.8219              0.0133  
backward:              0.9000              1.4660             -6.3559              0.0172  
backward:              0.8500              1.4625             -4.8934              0.0186  
backward:              0.8000              1.4828             -3.4107              0.0219  
backward:              0.7500              1.4751             -1.9356              0.0237  
backward:              0.7000              1.3985             -0.5370              0.0247  
backward:              0.6500              1.2421              0.7050              0.0255  
backward:              0.6000              0.9758              1.6808              0.0266  
backward:              0.5500              0.6619              2.3427              0.0273  
backward:              0.5000              0.3039              2.6466              0.0291  
backward:              0.4500              0.0998              2.7464              0.0294  
backward:              0.4000              0.0691              2.8156              0.0299  
backward:              0.3500              0.0398              2.8554              0.0304  
backward:              0.3000              0.0058              2.8611              0.0313  
backward:              0.2500             -0.0490              2.8122              0.0321  
backward:              0.2000             -0.1222              2.6900              0.0332  
backward:              0.1500             -0.2337              2.4563              0.0349  
backward:              0.1000             -0.4930              1.9633              0.0467  
backward:              0.0500             -0.8574              1.1059              0.0504  
backward:              0.0000             -1.5127             -0.4068              0.0562  
Inaccuracy estimation
======================================================================================================
                   i        i+δi          P0_overlap_P1   δε(forward)/ε   δε(backward)/ε
======================================================================================================
inaccuracy:  0.00000        0.05000           35.53           -0.04            1.70
inaccuracy:  0.05000        0.10000           46.15           -0.03            1.03
inaccuracy:  0.10000        0.15000           56.28           -0.02            0.51
inaccuracy:  0.15000        0.20000           62.78           -0.02            0.30
inaccuracy:  0.20000        0.25000           69.42           -0.01            0.19
inaccuracy:  0.25000        0.30000           71.67           -0.01            0.15
inaccuracy:  0.30000        0.35000           72.33           -0.01            0.13
inaccuracy:  0.35000        0.40000           74.28           -0.02            0.11
inaccuracy:  0.40000        0.45000           74.64           -0.01            0.10
inaccuracy:  0.45000        0.50000           74.87           -0.02            0.09
inaccuracy:  0.50000        0.55000           62.05           -0.14            0.16
inaccuracy:  0.55000        0.60000           64.50           -0.16            0.09
inaccuracy:  0.60000        0.65000           64.63           -0.17            0.05
inaccuracy:  0.65000        0.70000           65.08           -0.16            0.03
inaccuracy:  0.70000        0.75000           67.76           -0.15            0.01
inaccuracy:  0.75000        0.80000           67.94           -0.13            0.01
inaccuracy:  0.80000        0.85000           67.45           -0.15            0.01
inaccuracy:  0.85000        0.90000           67.78           -0.11            0.02
inaccuracy:  0.90000        0.95000           65.88           -0.14            0.02
inaccuracy:  0.95000        1.00000           61.11           -0.21            0.03
===================================================================================================================================
                BAR        
-----------------------------------------------------------------------------------------------------------------------------------
BAR-estimator:         λ             λ+δλ          ΔΔA             ΔA            C               Δδe            δe       
                          
-----------------------------------------------------------------------------------------------------------------------------------
BAR-estimator:      0.00000        0.05000        1.5828         1.5828         1.5828         0.0133         0.0133 
BAR-estimator:      0.05000        0.10000        0.8954         2.4782         0.8954         0.0085         0.0157 
BAR-estimator:      0.10000        0.15000        0.4711         2.9493         0.4711         0.0063         0.0170 
BAR-estimator:      0.15000        0.20000        0.2437         3.1930         0.2437         0.0057         0.0179 
BAR-estimator:      0.20000        0.25000        0.1169         3.3099         0.1169         0.0044         0.0184 
BAR-estimator:      0.25000        0.30000        0.0452         3.3551         0.0452         0.0036         0.0188 
BAR-estimator:      0.30000        0.35000       -0.0070         3.3481        -0.0070         0.0035         0.0191 
BAR-estimator:      0.35000        0.40000       -0.0416         3.3065        -0.0416         0.0033         0.0194 
BAR-estimator:      0.40000        0.45000       -0.0728         3.2337        -0.0728         0.0026         0.0196 
BAR-estimator:      0.45000        0.50000       -0.1007         3.1330        -0.1007         0.0028         0.0198 
BAR-estimator:      0.50000        0.55000       -0.3183         2.8147        -0.3183         0.0040         0.0202 
BAR-estimator:      0.55000        0.60000       -0.6721         2.1426        -0.6721         0.0038         0.0205 
BAR-estimator:      0.60000        0.65000       -0.9934         1.1492        -0.9934         0.0042         0.0209 
BAR-estimator:      0.65000        0.70000       -1.2593        -0.1101        -1.2593         0.0047         0.0215 
BAR-estimator:      0.70000        0.75000       -1.4285        -1.5386        -1.4285         0.0043         0.0219 
BAR-estimator:      0.75000        0.80000       -1.5055        -3.0441        -1.5055         0.0044         0.0223 
BAR-estimator:      0.80000        0.85000       -1.5184        -4.5625        -1.5184         0.0038         0.0226 
BAR-estimator:      0.85000        0.90000       -1.5093        -6.0718        -1.5093         0.0038         0.0230 
BAR-estimator:      0.90000        0.95000       -1.4869        -7.5588        -1.4869         0.0043         0.0234 
BAR-estimator:      0.95000        1.00000       -1.4345        -8.9933        -1.4345         0.0084         0.0248 
BAR-estimator: total free energy change is -8.993251351715418 , total error is 0.0248039471776394
