#========================================================================================
#                     Free energy perturbation    
#----------------------------------------------------------------------------------------
#forward/backward          λ              ΔΔA                 ΔA                  δε   
#                                                 
#----------------------------------------------------------------------------------------
forward:               0.0000              0.0000              0.0000              0.0000  
forward:               0.0500              1.7278              1.7278              0.0188  
forward:               0.1000              0.9046              2.6323              0.0237  
forward:               0.1500              0.4547              3.0871              0.0262  
forward:               0.2000              0.2065              3.2936              0.0271  
forward:               0.2500              0.0739              3.3674              0.0278  
forward:               0.3000             -0.0166              3.3508              0.0283  
forward:               0.3500             -0.0605              3.2904              0.0287  
forward:               0.4000             -0.1096              3.1808              0.0291  
forward:               0.4500             -0.1364              3.0444              0.0294  
forward:               0.5000             -0.1675              2.8769              0.0297  
forward:               0.5500             -0.3772              2.4996              0.0301  
forward:               0.6000             -0.6909              1.8087              0.0306  
forward:               0.6500             -0.9392              0.8696              0.0313  
forward:               0.7000             -1.1366             -0.2670              0.0319  
forward:               0.7500             -1.2872             -1.5542              0.0324  
forward:               0.8000             -1.3521             -2.9063              0.0328  
forward:               0.8500             -1.3903             -4.2967              0.0332  
forward:               0.9000             -1.4130             -5.7096              0.0335  
forward:               0.9500             -1.4175             -7.1271              0.0338  
forward:               1.0000             -1.4161             -8.5432              0.0341  
backward:              1.0000              0.0000             -8.5432              0.0000  
backward:              0.9500              1.4174             -7.1257              0.0081  
backward:              0.9000              1.4148             -5.7109              0.0106  
backward:              0.8500              1.4034             -4.3076              0.0134  
backward:              0.8000              1.3956             -2.9120              0.0149  
backward:              0.7500              1.3608             -1.5512              0.0168  
backward:              0.7000              1.2616             -0.2895              0.0175  
backward:              0.6500              1.1285              0.8390              0.0190  
backward:              0.6000              0.9490              1.7880              0.0199  
backward:              0.5500              0.6894              2.4774              0.0207  
backward:              0.5000              0.3680              2.8454              0.0217  
backward:              0.4500              0.1612              3.0066              0.0222  
backward:              0.4000              0.1436              3.1502              0.0228  
backward:              0.3500              0.1021              3.2523              0.0234  
backward:              0.3000              0.0747              3.3270              0.0240  
backward:              0.2500              0.0045              3.3315              0.0250  
backward:              0.2000             -0.0584              3.2730              0.0258  
backward:              0.1500             -0.2091              3.0640              0.0277  
backward:              0.1000             -0.4677              2.5962              0.0478  
backward:              0.0500             -0.8879              1.7083              0.0531  
backward:              0.0000             -1.7603             -0.0520              0.0664  
Inaccuracy estimation
======================================================================================================
                   i        i+δi          P0_overlap_P1   δε(forward)/ε   δε(backward)/ε
======================================================================================================
inaccuracy:  0.00000        0.05000           34.62           -0.03            1.80
inaccuracy:  0.05000        0.10000           44.34           -0.05            1.15
inaccuracy:  0.10000        0.15000           54.62           -0.02            0.56
inaccuracy:  0.15000        0.20000           64.07           -0.02            0.31
inaccuracy:  0.20000        0.25000           66.78           -0.02            0.21
inaccuracy:  0.25000        0.30000           71.62           -0.01            0.15
inaccuracy:  0.30000        0.35000           70.88           -0.01            0.14
inaccuracy:  0.35000        0.40000           73.15           -0.02            0.11
inaccuracy:  0.40000        0.45000           73.60           -0.02            0.10
inaccuracy:  0.45000        0.50000           75.30           -0.02            0.09
inaccuracy:  0.50000        0.55000           62.05           -0.11            0.16
inaccuracy:  0.55000        0.60000           64.43           -0.14            0.09
inaccuracy:  0.60000        0.65000           64.15           -0.17            0.05
inaccuracy:  0.65000        0.70000           64.50           -0.16            0.03
inaccuracy:  0.70000        0.75000           65.75           -0.14            0.02
inaccuracy:  0.75000        0.80000           63.87           -0.16            0.02
inaccuracy:  0.80000        0.85000           63.38           -0.17            0.02
inaccuracy:  0.85000        0.90000           63.92           -0.18            0.03
inaccuracy:  0.90000        0.95000           62.43           -0.16            0.04
inaccuracy:  0.95000        1.00000           62.27           -0.16            0.04
===================================================================================================================================
                BAR        
-----------------------------------------------------------------------------------------------------------------------------------
BAR-estimator:         λ             λ+δλ          ΔΔA             ΔA            C               Δδe            δe       
                          
-----------------------------------------------------------------------------------------------------------------------------------
BAR-estimator:      0.00000        0.05000        1.7094         1.7094         1.7094         0.0094         0.0094 
BAR-estimator:      0.05000        0.10000        0.9121         2.6214         0.9121         0.0090         0.0130 
BAR-estimator:      0.10000        0.15000        0.4479         3.0693         0.4479         0.0071         0.0148 
BAR-estimator:      0.15000        0.20000        0.2118         3.2810         0.2118         0.0048         0.0156 
BAR-estimator:      0.20000        0.25000        0.0689         3.3500         0.0689         0.0042         0.0162 
BAR-estimator:      0.25000        0.30000       -0.0092         3.3408        -0.0092         0.0037         0.0166 
BAR-estimator:      0.30000        0.35000       -0.0644         3.2764        -0.0644         0.0036         0.0170 
BAR-estimator:      0.35000        0.40000       -0.1071         3.1693        -0.1071         0.0032         0.0173 
BAR-estimator:      0.40000        0.45000       -0.1374         3.0319        -0.1374         0.0031         0.0175 
BAR-estimator:      0.45000        0.50000       -0.1649         2.8670        -0.1649         0.0027         0.0177 
BAR-estimator:      0.50000        0.55000       -0.3679         2.4991        -0.3679         0.0036         0.0181 
BAR-estimator:      0.55000        0.60000       -0.6892         1.8099        -0.6892         0.0034         0.0184 
BAR-estimator:      0.60000        0.65000       -0.9406         0.8693        -0.9406         0.0040         0.0189 
BAR-estimator:      0.65000        0.70000       -1.1360        -0.2667        -1.1360         0.0038         0.0192 
BAR-estimator:      0.70000        0.75000       -1.2727        -1.5394        -1.2727         0.0035         0.0196 
BAR-estimator:      0.75000        0.80000       -1.3608        -2.9002        -1.3608         0.0037         0.0199 
BAR-estimator:      0.80000        0.85000       -1.3925        -4.2926        -1.3925         0.0045         0.0204 
BAR-estimator:      0.85000        0.90000       -1.4089        -5.7016        -1.4089         0.0040         0.0208 
BAR-estimator:      0.90000        0.95000       -1.4133        -7.1149        -1.4133         0.0041         0.0212 
BAR-estimator:      0.95000        1.00000       -1.4164        -8.5313        -1.4164         0.0039         0.0216 
BAR-estimator: total free energy change is -8.531301500209771 , total error is 0.021552415892579443
