#========================================================================================
#                     Free energy perturbation    
#----------------------------------------------------------------------------------------
#forward/backward          λ              ΔΔA                 ΔA                  δε   
#                                                 
#----------------------------------------------------------------------------------------
forward:               0.0000              0.0000              0.0000              0.0000  
forward:               0.0500              3.8564              3.8564              0.0564  
forward:               0.1000              2.0694              5.9258              0.0673  
forward:               0.1500              0.8958              6.8216              0.0707  
forward:               0.2000              0.3227              7.1443              0.0717  
forward:               0.2500              0.0963              7.2406              0.0721  
forward:               0.3000             -0.0261              7.2145              0.0724  
forward:               0.3500             -0.1046              7.1099              0.0727  
forward:               0.4000             -0.1666              6.9434              0.0729  
forward:               0.4500             -0.2007              6.7427              0.0731  
forward:               0.5000             -0.2422              6.5005              0.0732  
forward:               0.5500             -0.3197              6.1808              0.0734  
forward:               0.6000             -0.4435              5.7374              0.0736  
forward:               0.6500             -0.5475              5.1899              0.0737  
forward:               0.7000             -0.6204              4.5695              0.0738  
forward:               0.7500             -0.6829              3.8866              0.0739  
forward:               0.8000             -0.7306              3.1560              0.0740  
forward:               0.8500             -0.7756              2.3804              0.0741  
forward:               0.9000             -0.8098              1.5706              0.0742  
forward:               0.9500             -0.8464              0.7242              0.0744  
forward:               1.0000             -0.8674             -0.1432              0.0744  
backward:              1.0000              0.0000             -0.1432              0.0000  
backward:              0.9500              0.8651              0.7219              0.0046  
backward:              0.9000              0.8404              1.5623              0.0071  
backward:              0.8500              0.8025              2.3648              0.0089  
backward:              0.8000              0.7565              3.1213              0.0108  
backward:              0.7500              0.7273              3.8486              0.0118  
backward:              0.7000              0.6834              4.5320              0.0128  
backward:              0.6500              0.6092              5.1412              0.0144  
backward:              0.6000              0.5408              5.6820              0.0156  
backward:              0.5500              0.4440              6.1260              0.0167  
backward:              0.5000              0.3227              6.4487              0.0184  
backward:              0.4500              0.2368              6.6856              0.0194  
backward:              0.4000              0.1979              6.8835              0.0204  
backward:              0.3500              0.1582              7.0417              0.0212  
backward:              0.3000              0.1071              7.1488              0.0228  
backward:              0.2500              0.0301              7.1789              0.0242  
backward:              0.2000             -0.0778              7.1012              0.0257  
backward:              0.1500             -0.3512              6.7499              0.0311  
backward:              0.1000             -0.9210              5.8289              0.0598  
backward:              0.0500             -2.0942              3.7348              0.0977  
backward:              0.0000             -3.5059              0.2288              0.1186  
Inaccuracy estimation
======================================================================================================
                   i        i+δi          P0_overlap_P1   δε(forward)/ε   δε(backward)/ε
======================================================================================================
inaccuracy:  0.00000        0.05000           15.95            0.64            5.98
inaccuracy:  0.05000        0.10000           27.23           -0.05            2.95
inaccuracy:  0.10000        0.15000           40.28           -0.07            1.33
inaccuracy:  0.15000        0.20000           55.84           -0.04            0.52
inaccuracy:  0.20000        0.25000           61.52           -0.03            0.32
inaccuracy:  0.25000        0.30000           64.91           -0.03            0.21
inaccuracy:  0.30000        0.35000           67.16           -0.03            0.18
inaccuracy:  0.35000        0.40000           69.62           -0.04            0.14
inaccuracy:  0.40000        0.45000           69.94           -0.03            0.12
inaccuracy:  0.45000        0.50000           71.16           -0.02            0.11
inaccuracy:  0.50000        0.55000           65.74           -0.07            0.14
inaccuracy:  0.55000        0.60000           67.31           -0.07            0.11
inaccuracy:  0.60000        0.65000           68.91           -0.06            0.09
inaccuracy:  0.65000        0.70000           69.08           -0.07            0.07
inaccuracy:  0.70000        0.75000           69.27           -0.07            0.07
inaccuracy:  0.75000        0.80000           69.58           -0.07            0.06
inaccuracy:  0.80000        0.85000           70.02           -0.08            0.05
inaccuracy:  0.85000        0.90000           69.07           -0.07            0.06
inaccuracy:  0.90000        0.95000           68.78           -0.07            0.05
inaccuracy:  0.95000        1.00000           68.61           -0.09            0.05
===================================================================================================================================
                BAR        
-----------------------------------------------------------------------------------------------------------------------------------
BAR-estimator:         λ             λ+δλ          ΔΔA             ΔA            C               Δδe            δe       
                          
-----------------------------------------------------------------------------------------------------------------------------------
BAR-estimator:      0.00000        0.05000        3.8070         3.8070         3.8070         0.0161         0.0161 
BAR-estimator:      0.05000        0.10000        2.0498         5.8567         2.0498         0.0149         0.0219 
BAR-estimator:      0.10000        0.15000        0.8869         6.7436         0.8869         0.0129         0.0254 
BAR-estimator:      0.15000        0.20000        0.3317         7.0753         0.3317         0.0082         0.0267 
BAR-estimator:      0.20000        0.25000        0.0959         7.1712         0.0959         0.0053         0.0273 
BAR-estimator:      0.25000        0.30000       -0.0251         7.1462        -0.0251         0.0044         0.0276 
BAR-estimator:      0.30000        0.35000       -0.1031         7.0430        -0.1031         0.0044         0.0280 
BAR-estimator:      0.35000        0.40000       -0.1622         6.8808        -0.1622         0.0037         0.0282 
BAR-estimator:      0.40000        0.45000       -0.2017         6.6791        -0.2017         0.0035         0.0284 
BAR-estimator:      0.45000        0.50000       -0.2389         6.4402        -0.2389         0.0033         0.0286 
BAR-estimator:      0.50000        0.55000       -0.3202         6.1200        -0.3202         0.0035         0.0288 
BAR-estimator:      0.55000        0.60000       -0.4434         5.6766        -0.4434         0.0035         0.0290 
BAR-estimator:      0.60000        0.65000       -0.5439         5.1326        -0.5439         0.0033         0.0292 
BAR-estimator:      0.65000        0.70000       -0.6188         4.5138        -0.6188         0.0027         0.0293 
BAR-estimator:      0.70000        0.75000       -0.6828         3.8311        -0.6828         0.0033         0.0295 
BAR-estimator:      0.75000        0.80000       -0.7303         3.1007        -0.7303         0.0033         0.0297 
BAR-estimator:      0.80000        0.85000       -0.7733         2.3274        -0.7733         0.0037         0.0299 
BAR-estimator:      0.85000        0.90000       -0.8085         1.5189        -0.8085         0.0039         0.0302 
BAR-estimator:      0.90000        0.95000       -0.8459         0.6730        -0.8459         0.0039         0.0304 
BAR-estimator:      0.95000        1.00000       -0.8675        -0.1945        -0.8675         0.0034         0.0306 
BAR-estimator: total free energy change is -0.19454538961462386 , total error is 0.030633398551187886
