CONF#        G (xTB)          ΔG (xTB)          E (DFT)         ΔGsolv       GmRRHO          Gtot             ΔGtot          Boltzmann weight   
               [Eh]          [kcal/mol]          [Eh]            [Eh]         [Eh]           [Eh]           [kcal/mol]        % at 298.15 K     
CONF1       -10.578268          ---           -477.957615        ---          ---         -477.957615          0.00               60.20         
CONF2       -10.576241          ---           -477.955436        ---          ---         -477.955436          1.37                5.99         
CONF3       -10.575981          ---           -477.956867        ---          ---         -477.956867          0.47               27.24         
CONF4       -10.575287          ---           -477.955524        ---          ---         -477.955524          1.31                6.57         

Boltzmann averaged free energy/enthalpy of ensemble on input geometries (not DFT optimized):
temperature /K:   avE(T) /a.u.   avG(T) /a.u.
    298.15        -477.9571436    -477.9571436     <<==part1==
----------------------------------------------------------------------------------------------------

CONF#        G (xTB)          ΔG (xTB)          E (DFT)         ΔGsolv       GmRRHO          Gtot             ΔGtot          Boltzmann weight   
               [Eh]          [kcal/mol]          [Eh]            [Eh]         [Eh]           [Eh]           [kcal/mol]        % at 298.15 K     
CONF1       -10.578268          ---           -477.957615        ---          ---         -477.957615          0.00               60.20         
CONF2       -10.576241          ---           -477.955436        ---          ---         -477.955436          1.37                5.99         
CONF3       -10.575981          ---           -477.956867        ---          ---         -477.956867          0.47               27.24         
CONF4       -10.575287          ---           -477.955524        ---          ---         -477.955524          1.31                6.57         

Boltzmann averaged free energy/enthalpy of ensemble on input geometries (not DFT optimized):
temperature /K:   avE(T) /a.u.   avG(T) /a.u.
    298.15        -477.9571436    -477.9571436     <<==part1==
----------------------------------------------------------------------------------------------------

