2025-04-09 01:23:45,103 -   censo.qm_processor   -   INFO   - worker159411:Running sp calculation in /home/michael/Documents/CHEM4561/automated/1776/0_PRESCREENING/CONF1/sp.
2025-04-09 01:23:45,103 -   censo.qm_processor   -   INFO   - worker159412:Running sp calculation in /home/michael/Documents/CHEM4561/automated/1776/0_PRESCREENING/CONF2/sp.
2025-04-09 01:23:45,104 -   censo.qm_processor   -   INFO   - worker159417:Running sp calculation in /home/michael/Documents/CHEM4561/automated/1776/0_PRESCREENING/CONF3/sp.
2025-04-09 01:23:45,104 -   censo.qm_processor   -   INFO   - worker159414:Running sp calculation in /home/michael/Documents/CHEM4561/automated/1776/0_PRESCREENING/CONF4/sp.
2025-04-09 01:23:46,137 -     censo.parallel     -   INFO   - All jobs executed successfully.
2025-04-09 01:23:46,156 -   censo.qm_processor   -   INFO   - worker159539:Running sp calculation in /home/michael/Documents/CHEM4561/automated/1776/1_SCREENING/CONF1/sp.
2025-04-09 01:23:46,156 -   censo.qm_processor   -   INFO   - worker159540:Running sp calculation in /home/michael/Documents/CHEM4561/automated/1776/1_SCREENING/CONF3/sp.
2025-04-09 01:23:46,157 -   censo.qm_processor   -   INFO   - worker159542:Running sp calculation in /home/michael/Documents/CHEM4561/automated/1776/1_SCREENING/CONF4/sp.
2025-04-09 01:23:46,158 -   censo.qm_processor   -   INFO   - worker159545:Running sp calculation in /home/michael/Documents/CHEM4561/automated/1776/1_SCREENING/CONF2/sp.
2025-04-09 01:23:49,046 -     censo.parallel     -   INFO   - All jobs executed successfully.
2025-04-09 01:23:49,065 -   censo.qm_processor   -   INFO   - worker159698:Running xtb_opt calculation in /home/michael/Documents/CHEM4561/automated/1776/2_OPTIMIZATION/CONF1/xtb_opt.
2025-04-09 01:23:49,066 -   censo.qm_processor   -   INFO   - worker159699:Running xtb_opt calculation in /home/michael/Documents/CHEM4561/automated/1776/2_OPTIMIZATION/CONF3/xtb_opt.
2025-04-09 01:23:49,066 -   censo.qm_processor   -   INFO   - worker159701:Running xtb_opt calculation in /home/michael/Documents/CHEM4561/automated/1776/2_OPTIMIZATION/CONF4/xtb_opt.
2025-04-09 01:23:49,066 -   censo.qm_processor   -   INFO   - worker159704:Running xtb_opt calculation in /home/michael/Documents/CHEM4561/automated/1776/2_OPTIMIZATION/CONF2/xtb_opt.
2025-04-09 01:24:17,605 -     censo.parallel     -   INFO   - All jobs executed successfully.
2025-04-09 01:24:17,623 -   censo.qm_processor   -   INFO   - worker160223:Running xtb_rrho calculation in /home/michael/Documents/CHEM4561/automated/1776/2_OPTIMIZATION/CONF1/xtb_rrho.
2025-04-09 01:24:17,623 -   censo.qm_processor   -   INFO   - worker160224:Running xtb_rrho calculation in /home/michael/Documents/CHEM4561/automated/1776/2_OPTIMIZATION/CONF3/xtb_rrho.
2025-04-09 01:24:17,624 -   censo.qm_processor   -   INFO   - worker160226:Running xtb_rrho calculation in /home/michael/Documents/CHEM4561/automated/1776/2_OPTIMIZATION/CONF4/xtb_rrho.
2025-04-09 01:24:17,624 -   censo.qm_processor   -   INFO   - worker160229:Running xtb_rrho calculation in /home/michael/Documents/CHEM4561/automated/1776/2_OPTIMIZATION/CONF2/xtb_rrho.
2025-04-09 01:24:18,111 -     censo.parallel     -   INFO   - All jobs executed successfully.
2025-04-09 01:24:18,111 -censo.ensembleopt.optimization-   INFO   - Threshold: 1.88 kcal/mol
2025-04-09 01:24:18,128 -   censo.qm_processor   -   INFO   - worker160320:Running xtb_opt calculation in /home/michael/Documents/CHEM4561/automated/1776/2_OPTIMIZATION/CONF4/xtb_opt.
2025-04-09 01:24:42,257 -     censo.parallel     -   INFO   - All jobs executed successfully.
2025-04-09 01:24:42,257 -censo.ensembleopt.optimization-   INFO   - Threshold: 1.50 kcal/mol
2025-04-09 01:24:42,274 -   censo.qm_processor   -   INFO   - worker160662:Running xtb_rrho calculation in /home/michael/Documents/CHEM4561/automated/1776/2_OPTIMIZATION/CONF1/xtb_rrho.
2025-04-09 01:24:42,275 -   censo.qm_processor   -   INFO   - worker160663:Running xtb_rrho calculation in /home/michael/Documents/CHEM4561/automated/1776/2_OPTIMIZATION/CONF3/xtb_rrho.
2025-04-09 01:24:42,275 -   censo.qm_processor   -   INFO   - worker160665:Running xtb_rrho calculation in /home/michael/Documents/CHEM4561/automated/1776/2_OPTIMIZATION/CONF4/xtb_rrho.
2025-04-09 01:24:42,413 -     censo.parallel     -   INFO   - All jobs executed successfully.
2025-04-09 01:24:42,435 -   censo.qm_processor   -   INFO   - worker160759:Running sp calculation in /home/michael/Documents/CHEM4561/automated/1776/3_REFINEMENT/CONF1/sp.
2025-04-09 01:24:42,435 -   censo.qm_processor   -   INFO   - worker160760:Running sp calculation in /home/michael/Documents/CHEM4561/automated/1776/3_REFINEMENT/CONF3/sp.
2025-04-09 01:24:42,436 -   censo.qm_processor   -   INFO   - worker160762:Running sp calculation in /home/michael/Documents/CHEM4561/automated/1776/3_REFINEMENT/CONF4/sp.
2025-04-09 01:24:57,529 -     censo.parallel     -   INFO   - All jobs executed successfully.
2025-04-09 01:24:57,616 -   censo.qm_processor   -   INFO   - worker160916:Running sp calculation in /home/michael/Documents/CHEM4561/automated/1776/0_PRESCREENING/CONF1/sp.
2025-04-09 01:24:57,617 -   censo.qm_processor   -   INFO   - worker160917:Running sp calculation in /home/michael/Documents/CHEM4561/automated/1776/0_PRESCREENING/CONF2/sp.
2025-04-09 01:24:57,617 -   censo.qm_processor   -   INFO   - worker160919:Running sp calculation in /home/michael/Documents/CHEM4561/automated/1776/0_PRESCREENING/CONF3/sp.
2025-04-09 01:24:57,617 -   censo.qm_processor   -   INFO   - worker160922:Running sp calculation in /home/michael/Documents/CHEM4561/automated/1776/0_PRESCREENING/CONF4/sp.
2025-04-09 01:24:58,116 -     censo.parallel     -   INFO   - All jobs executed successfully.
2025-04-09 01:24:58,134 -   censo.qm_processor   -   INFO   - worker161041:Running sp calculation in /home/michael/Documents/CHEM4561/automated/1776/1_SCREENING/CONF1/sp.
2025-04-09 01:24:58,134 -   censo.qm_processor   -   INFO   - worker161080:Running sp calculation in /home/michael/Documents/CHEM4561/automated/1776/1_SCREENING/CONF3/sp.
2025-04-09 01:24:58,135 -   censo.qm_processor   -   INFO   - worker161044:Running sp calculation in /home/michael/Documents/CHEM4561/automated/1776/1_SCREENING/CONF4/sp.
2025-04-09 01:24:58,135 -   censo.qm_processor   -   INFO   - worker161047:Running sp calculation in /home/michael/Documents/CHEM4561/automated/1776/1_SCREENING/CONF2/sp.
2025-04-09 01:25:01,001 -     censo.parallel     -   INFO   - All jobs executed successfully.
2025-04-09 01:25:01,018 -   censo.qm_processor   -   INFO   - worker161729:Running xtb_opt calculation in /home/michael/Documents/CHEM4561/automated/1776/2_OPTIMIZATION/CONF1/xtb_opt.
2025-04-09 01:25:01,018 -   censo.qm_processor   -   INFO   - worker161730:Running xtb_opt calculation in /home/michael/Documents/CHEM4561/automated/1776/2_OPTIMIZATION/CONF3/xtb_opt.
2025-04-09 01:25:01,019 -   censo.qm_processor   -   INFO   - worker161732:Running xtb_opt calculation in /home/michael/Documents/CHEM4561/automated/1776/2_OPTIMIZATION/CONF4/xtb_opt.
2025-04-09 01:25:01,019 -   censo.qm_processor   -   INFO   - worker161735:Running xtb_opt calculation in /home/michael/Documents/CHEM4561/automated/1776/2_OPTIMIZATION/CONF2/xtb_opt.
2025-04-09 01:25:29,768 -     censo.parallel     -   INFO   - All jobs executed successfully.
2025-04-09 01:25:29,786 -   censo.qm_processor   -   INFO   - worker162358:Running xtb_rrho calculation in /home/michael/Documents/CHEM4561/automated/1776/2_OPTIMIZATION/CONF1/xtb_rrho.
2025-04-09 01:25:29,786 -   censo.qm_processor   -   INFO   - worker162359:Running xtb_rrho calculation in /home/michael/Documents/CHEM4561/automated/1776/2_OPTIMIZATION/CONF3/xtb_rrho.
2025-04-09 01:25:29,787 -   censo.qm_processor   -   INFO   - worker162361:Running xtb_rrho calculation in /home/michael/Documents/CHEM4561/automated/1776/2_OPTIMIZATION/CONF4/xtb_rrho.
2025-04-09 01:25:29,787 -   censo.qm_processor   -   INFO   - worker162364:Running xtb_rrho calculation in /home/michael/Documents/CHEM4561/automated/1776/2_OPTIMIZATION/CONF2/xtb_rrho.
2025-04-09 01:25:30,253 -     censo.parallel     -   INFO   - All jobs executed successfully.
2025-04-09 01:25:30,253 -censo.ensembleopt.optimization-   INFO   - Threshold: 1.88 kcal/mol
2025-04-09 01:25:30,270 -   censo.qm_processor   -   INFO   - worker162455:Running xtb_opt calculation in /home/michael/Documents/CHEM4561/automated/1776/2_OPTIMIZATION/CONF4/xtb_opt.
2025-04-09 01:25:54,416 -     censo.parallel     -   INFO   - All jobs executed successfully.
2025-04-09 01:25:54,416 -censo.ensembleopt.optimization-   INFO   - Threshold: 1.50 kcal/mol
2025-04-09 01:25:54,433 -   censo.qm_processor   -   INFO   - worker162784:Running xtb_rrho calculation in /home/michael/Documents/CHEM4561/automated/1776/2_OPTIMIZATION/CONF1/xtb_rrho.
2025-04-09 01:25:54,434 -   censo.qm_processor   -   INFO   - worker162785:Running xtb_rrho calculation in /home/michael/Documents/CHEM4561/automated/1776/2_OPTIMIZATION/CONF3/xtb_rrho.
2025-04-09 01:25:54,434 -   censo.qm_processor   -   INFO   - worker162787:Running xtb_rrho calculation in /home/michael/Documents/CHEM4561/automated/1776/2_OPTIMIZATION/CONF4/xtb_rrho.
2025-04-09 01:25:54,550 -     censo.parallel     -   INFO   - All jobs executed successfully.
2025-04-09 01:25:54,569 -   censo.qm_processor   -   INFO   - worker162880:Running sp calculation in /home/michael/Documents/CHEM4561/automated/1776/3_REFINEMENT/CONF1/sp.
2025-04-09 01:25:54,569 -   censo.qm_processor   -   INFO   - worker162881:Running sp calculation in /home/michael/Documents/CHEM4561/automated/1776/3_REFINEMENT/CONF3/sp.
2025-04-09 01:25:54,570 -   censo.qm_processor   -   INFO   - worker162883:Running sp calculation in /home/michael/Documents/CHEM4561/automated/1776/3_REFINEMENT/CONF4/sp.
2025-04-09 01:26:09,753 -     censo.parallel     -   INFO   - All jobs executed successfully.
