28
 energy: -799.342579276649 gnorm: 0.031449682876 xtb: 6.7.1 (41059b4)
C           -3.97884118996313       -0.69451533600776        0.00601772610267
C           -3.97883807446313        0.69452858070776        0.00580353500257
C           -2.78277935453312        1.38313517571290        0.00231608440103
C           -1.56818108389490        0.69820819780939       -0.00062365940028
C           -1.56819466949491       -0.69819480490939       -0.00061092920027
C           -2.78280471643313       -1.38312500451290        0.00258632940115
C           -0.31320190813879       -1.46750801045029       -0.00427070800189
O           -0.35942357265927       -2.70365161289806       -0.00645050880286
C            0.93019090741219       -0.71245749541571       -0.00317564820141
C            2.15787455205621       -1.41177618582560        0.00091481020041
C            3.36813148639251       -0.67961309920115        0.00920972610408
C            3.36813705319251        0.67958039790114        0.00975018730432
C            2.15789358605622        1.41176229922559        0.00149772270066
C            0.93020320101220        0.71245725971571       -0.00318269770141
C           -0.31319138323878        1.46750852755029       -0.00448085690199
O           -0.35941304705927        2.70366045379806       -0.00658625700292
N            2.21050615777953        2.75683113382162       -0.00467475260207
N            2.21044732277951       -2.75684170422163       -0.00402779400178
H           -4.91392564627749       -1.23516374304733        0.00816276310362
H           -4.91396728697751        1.23523488444737        0.00785001010348
H           -2.75823948692225        2.46283530189135        0.00176820420078
H           -2.75825861402226       -2.46277056139132        0.00199508460088
H            4.29954827950524       -1.22830176564429        0.01477698380655
H            4.29956083080525        1.22826673564428        0.01558874610691
H            3.09507738527151        3.22998003983129        0.01485906460658
H            1.32394696188668        3.25237342594121       -0.00150638190067
H            1.32389747388665       -3.25237539514121       -0.00351200790156
H            3.09514137527154       -3.22995918393128        0.00869067830385
28
 energy: -799.343692166759 gnorm: 0.008358433428 xtb: 6.7.1 (41059b4)
C           -3.99003205468209       -0.69803256510050        0.00559560929880
C           -3.99002777461261        0.69806401424072        0.00550361677816
C           -2.79208243949283        1.39106457869878        0.00215287003650
C           -1.57720188134033        0.70039051463489       -0.00069978983292
C           -1.57720923735532       -0.70036732449867       -0.00073610742147
C           -2.79209480085094       -1.39103866297006        0.00227267637251
C           -0.31585944069133       -1.46641497593638       -0.00402807104806
O           -0.36148737305463       -2.71038717741930       -0.00650468147808
C            0.93354985494214       -0.71599520938357       -0.00306512934836
C            2.16188578406453       -1.42042951124104        0.00065026177696
C            3.37235900758024       -0.68105109283368        0.00904946786473
C            3.37236382551209        0.68102406628911        0.00935210296040
C            2.16190226498465        1.42041928527357        0.00088638794028
C            0.93355985583245        0.71600175204336       -0.00304486788992
C           -0.31584868874563        1.46642794595167       -0.00386325986549
O           -0.36147269357222        2.71040042942883       -0.00643329586116
N            2.22056779486270        2.77103862059412       -0.00463140673546
N            2.22051674765501       -2.77104120447242       -0.00389433370546
H           -4.92833814713408       -1.24103792296179        0.00828356573995
H           -4.92833704368871        1.24109137204084        0.00803477900024
H           -2.76574283621389        2.47403517861756        0.00180885194372
H           -2.76575257055726       -2.47399867755342        0.00208519778981
H            4.31061879412889       -1.22676624702813        0.01454829544034
H            4.31062743674941        1.22673255647686        0.01506781480007
H            3.10764526488059        3.23927401236559        0.01529397542357
H            1.33476311105602        3.27000438255908       -0.00107174947922
H            1.33471623356535       -3.27001718942256       -0.00323971188409
H            3.10770789540139       -3.23928252712306        0.00931250519647
28
 energy: -799.343822459559 gnorm: 0.002230020001 xtb: 6.7.1 (41059b4)
C           -3.99596877056291       -0.69917358524735        0.00550161542738
C           -3.99596426389730        0.69921093172891        0.00545480538375
C           -2.79759131938563        1.39429077567183        0.00217563476532
C           -1.58232305793841        0.70119354447243       -0.00074551147618
C           -1.58232791165194       -0.70116974805177       -0.00081512593410
C           -2.79759960528563       -1.39426032678157        0.00216319551826
C           -0.31727564448226       -1.46445360831231       -0.00422639960900
O           -0.36188022418190       -2.71076222531871       -0.00646478798271
C            0.93503755299233       -0.71777754611757       -0.00294762758952
C            2.16302906803445       -1.42448900678899        0.00076846274729
C            3.37314435477311       -0.68140804378074        0.00871423282417
C            3.37314857329366        0.68138762184323        0.00885714538452
C            2.16304283910134        1.42448274876507        0.00091428294439
C            0.93504647111110        0.71778750782898       -0.00291641791852
C           -0.31726689926981        1.46447116755229       -0.00413213244025
O           -0.36186694895957        2.71077803480620       -0.00607357786947
N            2.22653200721045        2.77725337106124       -0.00457341377590
N            2.22648290682397       -2.77724923397396       -0.00370347885134
H           -4.93597096753596       -1.24208799508239        0.00812910702675
H           -4.93595959260436        1.24213273486844        0.00799695725621
H           -2.77087750592365        2.47822710102495        0.00186447917250
H           -2.77088840202336       -2.47819869161779        0.00190680261505
H            4.31539233943434       -1.22331270839583        0.01413655771528
H            4.31540083000263        1.22328428738067        0.01427442373697
H            3.11633068466271        3.24078102283351        0.01566955593840
H            1.34306671167520        3.27966347733883       -0.00047997511806
H            1.34302223266817       -3.27967981771843       -0.00272736829951
H            3.11638164783754       -3.24081352887720        0.00996427347998
28
 energy: -799.343835157708 gnorm: 0.001765979090 xtb: 6.7.1 (41059b4)
C           -3.99691796038877       -0.69916942002996        0.00531654826790
C           -3.99691392065622        0.69920653446805        0.00531327642971
C           -2.79871308315159        1.39462889658758        0.00206494486487
C           -1.58343762703015        0.70119313408564       -0.00076228848091
C           -1.58344177819559       -0.70116949735587       -0.00087438063069
C           -2.79872059932434       -1.39459852225391        0.00200062525340
C           -0.31775874104574       -1.46401234491908       -0.00391967657198
O           -0.36202981630579       -2.71019843757745       -0.00634512365904
C            0.93491146103854       -0.71814178389584       -0.00287777721375
C            2.16243888361261       -1.42516517315396        0.00071624623257
C            3.37218654373358       -0.68136725687820        0.00842411930560
C            3.37219040976284        0.68134981722922        0.00848096474067
C            2.16245190352472        1.42516049884431        0.00075894901813
C            0.93492046259853        0.71815282816483       -0.00283321627542
C           -0.31775062168998        1.46403186916062       -0.00357866976490
O           -0.36201660725428        2.71021558296706       -0.00578127786783
N            2.22811722345321        2.77811923872701       -0.00462688661208
N            2.22806820491922       -2.77811167886483       -0.00361197714960
H           -4.93732271786483       -1.24149012477988        0.00791701038814
H           -4.93731357326755        1.24153219468732        0.00787153291833
H           -2.77222814978007        2.47853206430877        0.00186337550035
H           -2.77224029204166       -2.47850341591462        0.00177036902611
H            4.31545056110068       -1.22152463933592        0.01362769993304
H            4.31545902076648        1.22149964019385        0.01360107894435
H            3.11933373057936        3.23898991203188        0.01596455120852
H            1.34661956161419        3.28291160387616        0.00000233858996
H            1.34657643681168       -3.28292916809959       -0.00227119072316
H            3.11937828867252       -3.23903422746352        0.01047462271673
28
 energy: -799.343843900358 gnorm: 0.001162572890 xtb: 6.7.1 (41059b4)
C           -3.99794172709419       -0.69897979555545        0.00496098782591
C           -3.99793853780994        0.69901623427418        0.00510862390958
C           -2.80013498782825        1.39470653608268        0.00220171313923
C           -1.58504964734362        0.70099112613743       -0.00062939859541
C           -1.58505295420537       -0.70096733637593       -0.00084298707464
C           -2.80014222044432       -1.39467627086085        0.00182746689094
C           -0.31894185140414       -1.46384164666336       -0.00414519873143
O           -0.36276637425125       -2.70919675929218       -0.00582965491556
C            0.93389982218566       -0.71853961261126       -0.00275074642487
C            2.16053834091419       -1.42584764066312        0.00081764428638
C            3.36963832327173       -0.68127227697695        0.00773766722740
C            3.36964046895502        0.68126116590202        0.00765370066193
C            2.16054862553867        1.42584608863281        0.00070497189449
C            0.93390894314452        0.71855189394167       -0.00275339217527
C           -0.31893529984855        1.46386323214801       -0.00384942659068
O           -0.36275270283881        2.70921627615407       -0.00474438793753
N            2.23076484514645        2.77886288460063       -0.00482157389826
N            2.23071605156712       -2.77884884256046       -0.00341887310790
H           -4.93888516999494       -1.24003352461087        0.00733895417031
H           -4.93888161997811        1.24007234216492        0.00752726097672
H           -2.77420399004397        2.47836695793143        0.00194539365024
H           -2.77421923809192       -2.47833607923658        0.00138111861317
H            4.31438108983172       -1.21846566250854        0.01230943423852
H            4.31438828334600        1.21844879401416        0.01194872296658
H            3.12509574893237        3.23364425133456        0.01687118595184
H            1.35426622939653        3.28986352984633        0.00126835482270
H            1.35422584940427       -3.28988590163800       -0.00100926429575
H            3.12513109022548       -3.23371213826022        0.01187767622104
28
 energy: -799.343845951776 gnorm: 0.000518500718 xtb: 6.7.1 (41059b4)
C           -3.99769041371523       -0.69901275264022        0.00474369445942
C           -3.99768751531733        0.69904883544073        0.00488949081337
C           -2.79970468331044        1.39450460437946        0.00194228637370
C           -1.58460468902574        0.70099573759763       -0.00061814635042
C           -1.58460775770165       -0.70097049332800       -0.00086774405377
C           -2.79971111182548       -1.39447408664046        0.00160990567760
C           -0.31878800868682       -1.46420797816565       -0.00325366714937
O           -0.36295039716301       -2.70956684193260       -0.00560436438837
C            0.93399316043917       -0.71829046211475       -0.00275423144092
C            2.16074435926082       -1.42528017023341        0.00054673830438
C            3.36995064176453       -0.68127647823022        0.00743673942356
C            3.36995350990138        0.68126370857541        0.00732506922251
C            2.16075620191745        1.42527815309941        0.00034330153967
C            0.93400242489882        0.71830300919262       -0.00274586186280
C           -0.31878109302072        1.46422935770512       -0.00258708757735
O           -0.36293649753614        2.70958580309480       -0.00455074856948
N            2.23015494551193        2.77820999309532       -0.00502226745908
N            2.23010522928213       -2.77819556167653       -0.00351410883047
H           -4.93840071044301       -1.24046946774398        0.00706878232567
H           -4.93839609157413        1.24050890091864        0.00732301646977
H           -2.77355612324252        2.47825056126974        0.00197725463580
H           -2.77356910371674       -2.47821967380519        0.00135114034436
H            4.31396261433301       -1.21961410269815        0.01199557821624
H            4.31397009618075        1.21959569666091        0.01165091122634
H            3.12405930619576        3.23370944180205        0.01708621509055
H            1.35348606469172        3.28922032125558        0.00151119706455
H            1.35344436311764       -3.28924472830216       -0.00074517817585
H            3.12409871556801       -3.23377357334330        0.01214808048143
28
 energy: -799.343845951776 gnorm: 0.000518500718 xtb: 6.7.1 (41059b4)
C           -3.99769041371523       -0.69901275264022        0.00474369445942
C           -3.99768751531733        0.69904883544073        0.00488949081337
C           -2.79970468331044        1.39450460437946        0.00194228637370
C           -1.58460468902574        0.70099573759763       -0.00061814635042
C           -1.58460775770165       -0.70097049332800       -0.00086774405377
C           -2.79971111182548       -1.39447408664046        0.00160990567760
C           -0.31878800868682       -1.46420797816565       -0.00325366714937
O           -0.36295039716301       -2.70956684193260       -0.00560436438837
C            0.93399316043917       -0.71829046211475       -0.00275423144092
C            2.16074435926082       -1.42528017023341        0.00054673830438
C            3.36995064176453       -0.68127647823022        0.00743673942356
C            3.36995350990138        0.68126370857541        0.00732506922251
C            2.16075620191745        1.42527815309941        0.00034330153967
C            0.93400242489882        0.71830300919262       -0.00274586186280
C           -0.31878109302072        1.46422935770512       -0.00258708757735
O           -0.36293649753614        2.70958580309480       -0.00455074856948
N            2.23015494551193        2.77820999309532       -0.00502226745908
N            2.23010522928213       -2.77819556167653       -0.00351410883047
H           -4.93840071044301       -1.24046946774398        0.00706878232567
H           -4.93839609157413        1.24050890091864        0.00732301646977
H           -2.77355612324252        2.47825056126974        0.00197725463580
H           -2.77356910371674       -2.47821967380519        0.00135114034436
H            4.31396261433301       -1.21961410269815        0.01199557821624
H            4.31397009618075        1.21959569666091        0.01165091122634
H            3.12405930619576        3.23370944180205        0.01708621509055
H            1.35348606469172        3.28922032125558        0.00151119706455
H            1.35344436311764       -3.28924472830216       -0.00074517817585
H            3.12409871556801       -3.23377357334330        0.01214808048143
