8
 energy: -23.491637989415 gnorm: 0.019494952400 xtb: 6.7.1 (41059b4)
C            0.71021699673145       -0.00011720490651       -1.15485922074760
C           -0.36954643109152       -0.00006033377315       -0.07512767187238
Cl          -1.95038877127516       -0.00029016585152       -0.95597968133133
Cl          -0.26797840335575       -1.46436345767013        0.94777023673848
Cl          -0.26819502019333        1.46454488760485        0.94738249328185
Cl           2.37388346636769        0.00008346450980       -0.47821570518289
H            0.59114496201269        0.89663323582376       -1.76611289781089
H            0.59126982514320       -0.89703430370576       -1.76589189712764
8
 energy: -23.492739938763 gnorm: 0.008787386686 xtb: 6.7.1 (41059b4)
C            0.70381849358282       -0.00012001927590       -1.17344829758628
C           -0.36291263286004       -0.00006062673897       -0.09494986977853
Cl          -1.96846910228306       -0.00028313486011       -0.90493903068100
Cl          -0.25665899171477       -1.44459361046704        0.93589603879533
Cl          -0.25687480269823        1.44477180081216        0.93551568775132
Cl           2.32745359698501        0.00008690190095       -0.42952714303101
H            0.61196172896517        0.89845810214198       -1.78490273529342
H            0.61208833436236       -0.89886329148173       -1.78467899422879
8
 energy: -23.492879746865 gnorm: 0.003885428506 xtb: 6.7.1 (41059b4)
C            0.69721313633566       -0.00011947142995       -1.16778977571930
C           -0.36941443530090       -0.00006005683811       -0.09535222783852
Cl          -1.96855577103408       -0.00028216636482       -0.90024324373530
Cl          -0.24383153774720       -1.44606699647462        0.92242054563947
Cl          -0.24404399978157        1.44624094075786        0.92204040124491
Cl           2.31101140440689        0.00008958747809       -0.41770947730178
H            0.61395014160249        0.89655182536765       -1.78231323167727
H            0.61407768585799       -0.89695754046476       -1.78208733466460
8
 energy: -23.492898581773 gnorm: 0.002281456907 xtb: 6.7.1 (41059b4)
C            0.69983171979327       -0.00011933806069       -1.16661097275601
C           -0.36922078442910       -0.00005910911107       -0.09454411873627
Cl          -1.96533152782227       -0.00028002850688       -0.89753803513675
Cl          -0.24961241062418       -1.44483696410247        0.92382528038184
Cl          -0.24982478164740        1.44500875617201        0.92344668341304
Cl           2.31494911749116        0.00009045475327       -0.42434887985444
H            0.61474366929674        0.89542833788341       -1.78274607512564
H            0.61487162228104       -0.89583598699623       -1.78251822623817
8
 energy: -23.492905313457 gnorm: 0.001129118105 xtb: 6.7.1 (41059b4)
C            0.70070687657905       -0.00011935204690       -1.16697562162992
C           -0.37020089744971       -0.00005848824488       -0.09465843719271
Cl          -1.96350439355611       -0.00027923098808       -0.89911970708848
Cl          -0.24888435104556       -1.44413415380713        0.92504273700394
Cl          -0.24909555187428        1.44430488087116        0.92466544384755
Cl           2.31451860978563        0.00009201350582       -0.42335896045370
H            0.61336887228763        0.89544670616023       -1.78342989544478
H            0.61349745961261       -0.89585625341887       -1.78319990309429
8
 energy: -23.492907245599 gnorm: 0.000606220789 xtb: 6.7.1 (41059b4)
C            0.70159209539525       -0.00011935180907       -1.16732102281484
C           -0.37132738080592       -0.00005784094923       -0.09500187661704
Cl          -1.96269028823718       -0.00027777267487       -0.89890605503458
Cl          -0.24804134406711       -1.44508994368461        0.92483163682902
Cl          -0.24825105278604        1.44525850890764        0.92445513248888
Cl           2.31344084861648        0.00009420115767       -0.42202445160308
H            0.61277700483357        0.89576358222656       -1.78365025978712
H            0.61290674139022       -0.89617526114274       -1.78341744751363
8
 energy: -23.492907715610 gnorm: 0.000239652710 xtb: 6.7.1 (41059b4)
C            0.70135795357360       -0.00011940078460       -1.16740891093852
C           -0.37132878198316       -0.00005776604939       -0.09549376443552
Cl          -1.96333249850624       -0.00027783010098       -0.89847117896467
Cl          -0.24807274385303       -1.44492210890570        0.92498524589372
Cl          -0.24828237587994        1.44509072686342        0.92460895942062
Cl           2.31316442592608        0.00009417287800       -0.42218404958512
H            0.61338543283258        0.89571402737419       -1.78365173728039
H            0.61351521222938       -0.89612569924360       -1.78341890816252
8
 energy: -23.492907778372 gnorm: 0.000092016862 xtb: 6.7.1 (41059b4)
C            0.70123146970179       -0.00011940745980       -1.16743060473314
C           -0.37112209400497       -0.00005776296585       -0.09556917216821
Cl          -1.96310448435990       -0.00027754005547       -0.89825322868096
Cl          -0.24819679214769       -1.44518142317979        0.92493448809418
Cl          -0.24840646697991        1.44534973015167        0.92455803491326
Cl           2.31308341561495        0.00009433730989       -0.42214146716839
H            0.61339585932006        0.89566292704036       -1.78368271858404
H            0.61352571719492       -0.89607473880968       -1.78344967572509
