#========================================================================================
#                     Free energy perturbation    
#----------------------------------------------------------------------------------------
#forward/backward          λ              ΔΔA                 ΔA                  δε   
#                                                 
#----------------------------------------------------------------------------------------
forward:               0.0000              0.0000              0.0000              0.0000  
forward:               0.0500              1.2994              1.2994              0.0184  
forward:               0.1000              0.6795              1.9790              0.0227  
forward:               0.1500              0.3161              2.2951              0.0248  
forward:               0.2000              0.1676              2.4626              0.0256  
forward:               0.2500              0.0705              2.5331              0.0264  
forward:               0.3000              0.0294              2.5625              0.0268  
forward:               0.3500             -0.0013              2.5612              0.0273  
forward:               0.4000             -0.0342              2.5270              0.0278  
forward:               0.4500             -0.0584              2.4686              0.0281  
forward:               0.5000             -0.0710              2.3976              0.0284  
forward:               0.5500             -0.1402              2.2573              0.0288  
forward:               0.6000             -0.2894              1.9680              0.0293  
forward:               0.6500             -0.4835              1.4845              0.0299  
forward:               0.7000             -0.6804              0.8041              0.0309  
forward:               0.7500             -0.7589              0.0452              0.0313  
forward:               0.8000             -0.7971             -0.7520              0.0317  
forward:               0.8500             -0.7595             -1.5115              0.0319  
forward:               0.9000             -0.7346             -2.2461              0.0321  
forward:               0.9500             -0.7072             -2.9533              0.0323  
forward:               1.0000             -0.6786             -3.6319              0.0325  
backward:              1.0000              0.0000             -3.6319              0.0000  
backward:              0.9500              0.5926             -3.0393              0.0057  
backward:              0.9000              0.6222             -2.4170              0.0112  
backward:              0.8500              0.6787             -1.7383              0.0124  
backward:              0.8000              0.7399             -0.9985              0.0138  
backward:              0.7500              0.7696             -0.2289              0.0155  
backward:              0.7000              0.7539              0.5250              0.0171  
backward:              0.6500              0.6615              1.1866              0.0188  
backward:              0.6000              0.4818              1.6684              0.0199  
backward:              0.5500              0.3023              1.9707              0.0207  
backward:              0.5000              0.1396              2.1102              0.0215  
backward:              0.4500              0.0583              2.1685              0.0220  
backward:              0.4000              0.0592              2.2278              0.0225  
backward:              0.3500              0.0381              2.2658              0.0231  
backward:              0.3000              0.0139              2.2797              0.0238  
backward:              0.2500             -0.0263              2.2534              0.0245  
backward:              0.2000             -0.0844              2.1690              0.0256  
backward:              0.1500             -0.1719              1.9971              0.0273  
backward:              0.1000             -0.3265              1.6705              0.0302  
backward:              0.0500             -0.6504              1.0201              0.0397  
backward:              0.0000             -1.3030             -0.2829              0.0472  
Inaccuracy estimation
======================================================================================================
                   i        i+δi          P0_overlap_P1   δε(forward)/ε   δε(backward)/ε
======================================================================================================
inaccuracy:  0.00000        0.05000           40.89           -0.04            1.27
inaccuracy:  0.05000        0.10000           48.90           -0.03            0.88
inaccuracy:  0.10000        0.15000           61.50           -0.01            0.39
inaccuracy:  0.15000        0.20000           67.26           -0.01            0.23
inaccuracy:  0.20000        0.25000           71.80           -0.02            0.15
inaccuracy:  0.25000        0.30000           72.43           -0.01            0.13
inaccuracy:  0.30000        0.35000           72.40           -0.01            0.12
inaccuracy:  0.35000        0.40000           75.11           -0.01            0.10
inaccuracy:  0.40000        0.45000           75.61           -0.01            0.10
inaccuracy:  0.45000        0.50000           76.63           -0.01            0.08
inaccuracy:  0.50000        0.55000           70.08           -0.06            0.11
inaccuracy:  0.55000        0.60000           68.16           -0.10            0.10
inaccuracy:  0.60000        0.65000           66.42           -0.10            0.08
inaccuracy:  0.65000        0.70000           68.27           -0.08            0.07
inaccuracy:  0.70000        0.75000           69.36           -0.08            0.06
inaccuracy:  0.75000        0.80000           71.55           -0.06            0.06
inaccuracy:  0.80000        0.85000           70.88           -0.05            0.07
inaccuracy:  0.85000        0.90000           72.90           -0.03            0.07
inaccuracy:  0.90000        0.95000           73.58           -0.03            0.07
inaccuracy:  0.95000        1.00000           72.83           -0.02            0.08
===================================================================================================================================
                BAR        
-----------------------------------------------------------------------------------------------------------------------------------
BAR-estimator:         λ             λ+δλ          ΔΔA             ΔA            C               Δδe            δe       
                          
-----------------------------------------------------------------------------------------------------------------------------------
BAR-estimator:      0.00000        0.05000        1.3110         1.3110         1.3110         0.0084         0.0084 
BAR-estimator:      0.05000        0.10000        0.6762         1.9872         0.6762         0.0084         0.0119 
BAR-estimator:      0.10000        0.15000        0.3147         2.3019         0.3147         0.0061         0.0134 
BAR-estimator:      0.15000        0.20000        0.1676         2.4695         0.1676         0.0041         0.0140 
BAR-estimator:      0.20000        0.25000        0.0741         2.5436         0.0741         0.0036         0.0145 
BAR-estimator:      0.25000        0.30000        0.0271         2.5707         0.0271         0.0038         0.0150 
BAR-estimator:      0.30000        0.35000       -0.0070         2.5637        -0.0070         0.0035         0.0154 
BAR-estimator:      0.35000        0.40000       -0.0357         2.5280        -0.0357         0.0037         0.0158 
BAR-estimator:      0.40000        0.45000       -0.0572         2.4709        -0.0572         0.0028         0.0161 
BAR-estimator:      0.45000        0.50000       -0.0679         2.4029        -0.0679         0.0026         0.0163 
BAR-estimator:      0.50000        0.55000       -0.1390         2.2639        -0.1390         0.0031         0.0166 
BAR-estimator:      0.55000        0.60000       -0.2965         1.9674        -0.2965         0.0034         0.0169 
BAR-estimator:      0.60000        0.65000       -0.4806         1.4868        -0.4806         0.0040         0.0174 
BAR-estimator:      0.65000        0.70000       -0.6674         0.8195        -0.6674         0.0045         0.0179 
BAR-estimator:      0.70000        0.75000       -0.7582         0.0612        -0.7582         0.0038         0.0184 
BAR-estimator:      0.75000        0.80000       -0.7849        -0.7237        -0.7849         0.0033         0.0186 
BAR-estimator:      0.80000        0.85000       -0.7461        -1.4698        -0.7461         0.0031         0.0189 
BAR-estimator:      0.85000        0.90000       -0.7066        -2.1764        -0.7066         0.0034         0.0192 
BAR-estimator:      0.90000        0.95000       -0.6673        -2.8437        -0.6673         0.0034         0.0195 
BAR-estimator:      0.95000        1.00000       -0.6349        -3.4785        -0.6349         0.0039         0.0199 
BAR-estimator: total free energy change is -3.4785183187899658 , total error is 0.019884481789749418
