2025-04-09 01:45:45,506 -   censo.qm_processor   -   INFO   - worker172810:Running sp calculation in /home/michael/Documents/CHEM4561/automated/1857/0_PRESCREENING/CONF1/sp.
2025-04-09 01:45:45,507 -   censo.qm_processor   -   INFO   - worker172811:Running sp calculation in /home/michael/Documents/CHEM4561/automated/1857/0_PRESCREENING/CONF2/sp.
2025-04-09 01:45:45,507 -   censo.qm_processor   -   INFO   - worker172813:Running sp calculation in /home/michael/Documents/CHEM4561/automated/1857/0_PRESCREENING/CONF3/sp.
2025-04-09 01:45:45,508 -   censo.qm_processor   -   INFO   - worker172816:Running sp calculation in /home/michael/Documents/CHEM4561/automated/1857/0_PRESCREENING/CONF4/sp.
2025-04-09 01:45:45,508 -   censo.qm_processor   -   INFO   - worker172818:Running sp calculation in /home/michael/Documents/CHEM4561/automated/1857/0_PRESCREENING/CONF5/sp.
2025-04-09 01:45:46,721 -     censo.parallel     -   INFO   - All jobs executed successfully.
2025-04-09 01:45:46,741 -   censo.qm_processor   -   INFO   - worker172947:Running sp calculation in /home/michael/Documents/CHEM4561/automated/1857/1_SCREENING/CONF2/sp.
2025-04-09 01:45:46,742 -   censo.qm_processor   -   INFO   - worker172948:Running sp calculation in /home/michael/Documents/CHEM4561/automated/1857/1_SCREENING/CONF3/sp.
2025-04-09 01:45:46,743 -   censo.qm_processor   -   INFO   - worker172950:Running sp calculation in /home/michael/Documents/CHEM4561/automated/1857/1_SCREENING/CONF1/sp.
2025-04-09 01:45:46,744 -   censo.qm_processor   -   INFO   - worker172953:Running sp calculation in /home/michael/Documents/CHEM4561/automated/1857/1_SCREENING/CONF4/sp.
2025-04-09 01:45:46,744 -   censo.qm_processor   -   INFO   - worker172955:Running sp calculation in /home/michael/Documents/CHEM4561/automated/1857/1_SCREENING/CONF5/sp.
2025-04-09 01:45:51,335 -     censo.parallel     -   INFO   - All jobs executed successfully.
2025-04-09 01:45:51,354 -   censo.qm_processor   -   INFO   - worker173110:Running xtb_opt calculation in /home/michael/Documents/CHEM4561/automated/1857/2_OPTIMIZATION/CONF1/xtb_opt.
2025-04-09 01:45:51,355 -   censo.qm_processor   -   INFO   - worker173111:Running xtb_opt calculation in /home/michael/Documents/CHEM4561/automated/1857/2_OPTIMIZATION/CONF3/xtb_opt.
2025-04-09 01:45:51,355 -   censo.qm_processor   -   INFO   - worker173113:Running xtb_opt calculation in /home/michael/Documents/CHEM4561/automated/1857/2_OPTIMIZATION/CONF2/xtb_opt.
2025-04-09 01:45:51,356 -   censo.qm_processor   -   INFO   - worker173116:Running xtb_opt calculation in /home/michael/Documents/CHEM4561/automated/1857/2_OPTIMIZATION/CONF4/xtb_opt.
2025-04-09 01:45:51,356 -   censo.qm_processor   -   INFO   - worker173119:Running xtb_opt calculation in /home/michael/Documents/CHEM4561/automated/1857/2_OPTIMIZATION/CONF5/xtb_opt.
2025-04-09 01:46:33,826 -     censo.parallel     -   INFO   - All jobs executed successfully.
2025-04-09 01:46:33,842 -   censo.qm_processor   -   INFO   - worker173852:Running xtb_rrho calculation in /home/michael/Documents/CHEM4561/automated/1857/2_OPTIMIZATION/CONF1/xtb_rrho.
2025-04-09 01:46:33,842 -   censo.qm_processor   -   INFO   - worker173853:Running xtb_rrho calculation in /home/michael/Documents/CHEM4561/automated/1857/2_OPTIMIZATION/CONF3/xtb_rrho.
2025-04-09 01:46:33,843 -   censo.qm_processor   -   INFO   - worker173855:Running xtb_rrho calculation in /home/michael/Documents/CHEM4561/automated/1857/2_OPTIMIZATION/CONF2/xtb_rrho.
2025-04-09 01:46:33,844 -   censo.qm_processor   -   INFO   - worker173858:Running xtb_rrho calculation in /home/michael/Documents/CHEM4561/automated/1857/2_OPTIMIZATION/CONF4/xtb_rrho.
2025-04-09 01:46:33,844 -   censo.qm_processor   -   INFO   - worker173861:Running xtb_rrho calculation in /home/michael/Documents/CHEM4561/automated/1857/2_OPTIMIZATION/CONF5/xtb_rrho.
2025-04-09 01:46:34,131 -     censo.parallel     -   INFO   - All jobs executed successfully.
2025-04-09 01:46:34,131 -censo.ensembleopt.optimization-   INFO   - Threshold: 1.50 kcal/mol
2025-04-09 01:46:34,148 -   censo.qm_processor   -   INFO   - worker173950:Running xtb_rrho calculation in /home/michael/Documents/CHEM4561/automated/1857/2_OPTIMIZATION/CONF1/xtb_rrho.
2025-04-09 01:46:34,148 -   censo.qm_processor   -   INFO   - worker173951:Running xtb_rrho calculation in /home/michael/Documents/CHEM4561/automated/1857/2_OPTIMIZATION/CONF3/xtb_rrho.
2025-04-09 01:46:34,149 -   censo.qm_processor   -   INFO   - worker173953:Running xtb_rrho calculation in /home/michael/Documents/CHEM4561/automated/1857/2_OPTIMIZATION/CONF2/xtb_rrho.
2025-04-09 01:46:34,149 -   censo.qm_processor   -   INFO   - worker173956:Running xtb_rrho calculation in /home/michael/Documents/CHEM4561/automated/1857/2_OPTIMIZATION/CONF4/xtb_rrho.
2025-04-09 01:46:34,150 -   censo.qm_processor   -   INFO   - worker173959:Running xtb_rrho calculation in /home/michael/Documents/CHEM4561/automated/1857/2_OPTIMIZATION/CONF5/xtb_rrho.
2025-04-09 01:46:34,421 -     censo.parallel     -   INFO   - All jobs executed successfully.
2025-04-09 01:46:34,442 -   censo.qm_processor   -   INFO   - worker174049:Running sp calculation in /home/michael/Documents/CHEM4561/automated/1857/3_REFINEMENT/CONF1/sp.
2025-04-09 01:46:34,442 -   censo.qm_processor   -   INFO   - worker174050:Running sp calculation in /home/michael/Documents/CHEM4561/automated/1857/3_REFINEMENT/CONF3/sp.
2025-04-09 01:46:34,442 -   censo.qm_processor   -   INFO   - worker174052:Running sp calculation in /home/michael/Documents/CHEM4561/automated/1857/3_REFINEMENT/CONF2/sp.
2025-04-09 01:46:34,443 -   censo.qm_processor   -   INFO   - worker174055:Running sp calculation in /home/michael/Documents/CHEM4561/automated/1857/3_REFINEMENT/CONF4/sp.
2025-04-09 01:46:34,443 -   censo.qm_processor   -   INFO   - worker174057:Running sp calculation in /home/michael/Documents/CHEM4561/automated/1857/3_REFINEMENT/CONF5/sp.
2025-04-09 01:47:04,379 -     censo.parallel     -   INFO   - All jobs executed successfully.
2025-04-09 01:47:04,478 -   censo.qm_processor   -   INFO   - worker174297:Running sp calculation in /home/michael/Documents/CHEM4561/automated/1857/0_PRESCREENING/CONF1/sp.
2025-04-09 01:47:04,479 -   censo.qm_processor   -   INFO   - worker174298:Running sp calculation in /home/michael/Documents/CHEM4561/automated/1857/0_PRESCREENING/CONF2/sp.
2025-04-09 01:47:04,479 -   censo.qm_processor   -   INFO   - worker174301:Running sp calculation in /home/michael/Documents/CHEM4561/automated/1857/0_PRESCREENING/CONF3/sp.
2025-04-09 01:47:04,479 -   censo.qm_processor   -   INFO   - worker174303:Running sp calculation in /home/michael/Documents/CHEM4561/automated/1857/0_PRESCREENING/CONF4/sp.
2025-04-09 01:47:04,480 -   censo.qm_processor   -   INFO   - worker174306:Running sp calculation in /home/michael/Documents/CHEM4561/automated/1857/0_PRESCREENING/CONF5/sp.
2025-04-09 01:47:05,144 -     censo.parallel     -   INFO   - All jobs executed successfully.
2025-04-09 01:47:05,162 -   censo.qm_processor   -   INFO   - worker174433:Running sp calculation in /home/michael/Documents/CHEM4561/automated/1857/1_SCREENING/CONF2/sp.
2025-04-09 01:47:05,162 -   censo.qm_processor   -   INFO   - worker174434:Running sp calculation in /home/michael/Documents/CHEM4561/automated/1857/1_SCREENING/CONF3/sp.
2025-04-09 01:47:05,162 -   censo.qm_processor   -   INFO   - worker174436:Running sp calculation in /home/michael/Documents/CHEM4561/automated/1857/1_SCREENING/CONF1/sp.
2025-04-09 01:47:05,163 -   censo.qm_processor   -   INFO   - worker174439:Running sp calculation in /home/michael/Documents/CHEM4561/automated/1857/1_SCREENING/CONF4/sp.
2025-04-09 01:47:05,163 -   censo.qm_processor   -   INFO   - worker174442:Running sp calculation in /home/michael/Documents/CHEM4561/automated/1857/1_SCREENING/CONF5/sp.
2025-04-09 01:47:09,822 -     censo.parallel     -   INFO   - All jobs executed successfully.
2025-04-09 01:47:09,840 -   censo.qm_processor   -   INFO   - worker174571:Running xtb_opt calculation in /home/michael/Documents/CHEM4561/automated/1857/2_OPTIMIZATION/CONF1/xtb_opt.
2025-04-09 01:47:09,840 -   censo.qm_processor   -   INFO   - worker174572:Running xtb_opt calculation in /home/michael/Documents/CHEM4561/automated/1857/2_OPTIMIZATION/CONF3/xtb_opt.
2025-04-09 01:47:09,841 -   censo.qm_processor   -   INFO   - worker174574:Running xtb_opt calculation in /home/michael/Documents/CHEM4561/automated/1857/2_OPTIMIZATION/CONF2/xtb_opt.
2025-04-09 01:47:09,841 -   censo.qm_processor   -   INFO   - worker174577:Running xtb_opt calculation in /home/michael/Documents/CHEM4561/automated/1857/2_OPTIMIZATION/CONF4/xtb_opt.
2025-04-09 01:47:09,841 -   censo.qm_processor   -   INFO   - worker174581:Running xtb_opt calculation in /home/michael/Documents/CHEM4561/automated/1857/2_OPTIMIZATION/CONF5/xtb_opt.
2025-04-09 01:47:51,935 -     censo.parallel     -   INFO   - All jobs executed successfully.
2025-04-09 01:47:51,952 -   censo.qm_processor   -   INFO   - worker175313:Running xtb_rrho calculation in /home/michael/Documents/CHEM4561/automated/1857/2_OPTIMIZATION/CONF1/xtb_rrho.
2025-04-09 01:47:51,952 -   censo.qm_processor   -   INFO   - worker175314:Running xtb_rrho calculation in /home/michael/Documents/CHEM4561/automated/1857/2_OPTIMIZATION/CONF3/xtb_rrho.
2025-04-09 01:47:51,953 -   censo.qm_processor   -   INFO   - worker175316:Running xtb_rrho calculation in /home/michael/Documents/CHEM4561/automated/1857/2_OPTIMIZATION/CONF2/xtb_rrho.
2025-04-09 01:47:51,953 -   censo.qm_processor   -   INFO   - worker175318:Running xtb_rrho calculation in /home/michael/Documents/CHEM4561/automated/1857/2_OPTIMIZATION/CONF4/xtb_rrho.
2025-04-09 01:47:51,954 -   censo.qm_processor   -   INFO   - worker175322:Running xtb_rrho calculation in /home/michael/Documents/CHEM4561/automated/1857/2_OPTIMIZATION/CONF5/xtb_rrho.
2025-04-09 01:47:52,227 -     censo.parallel     -   INFO   - All jobs executed successfully.
2025-04-09 01:47:52,227 -censo.ensembleopt.optimization-   INFO   - Threshold: 1.50 kcal/mol
2025-04-09 01:47:52,244 -   censo.qm_processor   -   INFO   - worker175411:Running xtb_rrho calculation in /home/michael/Documents/CHEM4561/automated/1857/2_OPTIMIZATION/CONF1/xtb_rrho.
2025-04-09 01:47:52,244 -   censo.qm_processor   -   INFO   - worker175412:Running xtb_rrho calculation in /home/michael/Documents/CHEM4561/automated/1857/2_OPTIMIZATION/CONF3/xtb_rrho.
2025-04-09 01:47:52,244 -   censo.qm_processor   -   INFO   - worker175414:Running xtb_rrho calculation in /home/michael/Documents/CHEM4561/automated/1857/2_OPTIMIZATION/CONF2/xtb_rrho.
2025-04-09 01:47:52,245 -   censo.qm_processor   -   INFO   - worker175417:Running xtb_rrho calculation in /home/michael/Documents/CHEM4561/automated/1857/2_OPTIMIZATION/CONF4/xtb_rrho.
2025-04-09 01:47:52,246 -   censo.qm_processor   -   INFO   - worker175420:Running xtb_rrho calculation in /home/michael/Documents/CHEM4561/automated/1857/2_OPTIMIZATION/CONF5/xtb_rrho.
2025-04-09 01:47:52,516 -     censo.parallel     -   INFO   - All jobs executed successfully.
2025-04-09 01:47:52,535 -   censo.qm_processor   -   INFO   - worker175509:Running sp calculation in /home/michael/Documents/CHEM4561/automated/1857/3_REFINEMENT/CONF1/sp.
2025-04-09 01:47:52,535 -   censo.qm_processor   -   INFO   - worker175510:Running sp calculation in /home/michael/Documents/CHEM4561/automated/1857/3_REFINEMENT/CONF3/sp.
2025-04-09 01:47:52,536 -   censo.qm_processor   -   INFO   - worker175512:Running sp calculation in /home/michael/Documents/CHEM4561/automated/1857/3_REFINEMENT/CONF2/sp.
2025-04-09 01:47:52,536 -   censo.qm_processor   -   INFO   - worker175515:Running sp calculation in /home/michael/Documents/CHEM4561/automated/1857/3_REFINEMENT/CONF4/sp.
2025-04-09 01:47:52,537 -   censo.qm_processor   -   INFO   - worker175518:Running sp calculation in /home/michael/Documents/CHEM4561/automated/1857/3_REFINEMENT/CONF5/sp.
2025-04-09 01:48:22,376 -     censo.parallel     -   INFO   - All jobs executed successfully.
