CONF#         G (xTB)          ΔG (xTB)          E (DFT)         ΔGsolv       GmRRHO          Gtot             ΔGtot          Boltzmann weight   
                [Eh]          [kcal/mol]          [Eh]            [Eh]         [Eh]           [Eh]           [kcal/mol]        % at 298.15 K     
CONF1        -36.139879          ---           -572.566544        ---          ---         -572.566544          0.00               82.12         
CONF2        -36.136652          ---           -572.558880        ---          ---         -572.558880          4.81                0.02         
CONF3        -36.136121          ---           -572.561147        ---          ---         -572.561147          3.39                0.27         
CONF4        -36.135837          ---           -572.563091        ---          ---         -572.563091          2.17                2.12         
CONF5        -36.135800          ---           -572.563033        ---          ---         -572.563033          2.20                1.99         
CONF8        -36.135580          ---           -572.562918        ---          ---         -572.562918          2.28                1.76         
CONF11       -36.134834          ---           -572.563246        ---          ---         -572.563246          2.07                2.50         
CONF12       -36.134473          ---           -572.562908        ---          ---         -572.562908          2.28                1.75         
CONF13       -36.134321          ---           -572.560273        ---          ---         -572.560273          3.94                0.11         
CONF14       -36.134215          ---           -572.561023        ---          ---         -572.561023          3.46                0.24         
CONF15       -36.134135          ---           -572.561117        ---          ---         -572.561117          3.41                0.26         
CONF16       -36.134106          ---           -572.558708        ---          ---         -572.558708          4.92                0.02         
CONF17       -36.134002          ---           -572.562457        ---          ---         -572.562457          2.56                1.08         
CONF19       -36.133592          ---           -572.560036        ---          ---         -572.560036          4.08                0.08         
CONF22       -36.133528          ---           -572.562492        ---          ---         -572.562492          2.54                1.12         
CONF24       -36.133379          ---           -572.562409        ---          ---         -572.562409          2.60                1.03         
CONF25       -36.133282          ---           -572.561760        ---          ---         -572.561760          3.00                0.52         
CONF26       -36.133240          ---           -572.559997        ---          ---         -572.559997          4.11                0.08         
CONF27       -36.133227          ---           -572.561094        ---          ---         -572.561094          3.42                0.26         
CONF28       -36.133227          ---           -572.561581        ---          ---         -572.561581          3.11                0.43         
CONF29       -36.132950          ---           -572.561629        ---          ---         -572.561629          3.08                0.45         
CONF30       -36.132764          ---           -572.560946        ---          ---         -572.560946          3.51                0.22         
CONF31       -36.132655          ---           -572.560349        ---          ---         -572.560349          3.89                0.12         
CONF37       -36.132220          ---           -572.562108        ---          ---         -572.562108          2.78                0.75         
CONF40       -36.132003          ---           -572.559728        ---          ---         -572.559728          4.28                0.06         
CONF46       -36.131639          ---           -572.561020        ---          ---         -572.561020          3.47                0.24         
CONF53       -36.130782          ---           -572.561530        ---          ---         -572.561530          3.15                0.41         

Boltzmann averaged free energy/enthalpy of ensemble on input geometries (not DFT optimized):
temperature /K:   avE(T) /a.u.   avG(T) /a.u.
    298.15        -572.5658239    -572.5658239     <<==part1==
----------------------------------------------------------------------------------------------------

CONF#         G (xTB)          ΔG (xTB)          E (DFT)         ΔGsolv       GmRRHO          Gtot             ΔGtot          Boltzmann weight   
                [Eh]          [kcal/mol]          [Eh]            [Eh]         [Eh]           [Eh]           [kcal/mol]        % at 298.15 K     
CONF1        -36.139879          ---           -572.566544        ---          ---         -572.566544          0.00               82.12         
CONF2        -36.136652          ---           -572.558880        ---          ---         -572.558880          4.81                0.02         
CONF3        -36.136121          ---           -572.561147        ---          ---         -572.561147          3.39                0.27         
CONF4        -36.135837          ---           -572.563091        ---          ---         -572.563091          2.17                2.12         
CONF5        -36.135800          ---           -572.563033        ---          ---         -572.563033          2.20                1.99         
CONF8        -36.135580          ---           -572.562918        ---          ---         -572.562918          2.28                1.76         
CONF11       -36.134834          ---           -572.563246        ---          ---         -572.563246          2.07                2.50         
CONF12       -36.134473          ---           -572.562908        ---          ---         -572.562908          2.28                1.75         
CONF13       -36.134321          ---           -572.560273        ---          ---         -572.560273          3.94                0.11         
CONF14       -36.134215          ---           -572.561023        ---          ---         -572.561023          3.46                0.24         
CONF15       -36.134135          ---           -572.561117        ---          ---         -572.561117          3.41                0.26         
CONF16       -36.134106          ---           -572.558708        ---          ---         -572.558708          4.92                0.02         
CONF17       -36.134002          ---           -572.562457        ---          ---         -572.562457          2.56                1.08         
CONF19       -36.133592          ---           -572.560036        ---          ---         -572.560036          4.08                0.08         
CONF22       -36.133528          ---           -572.562492        ---          ---         -572.562492          2.54                1.12         
CONF24       -36.133379          ---           -572.562409        ---          ---         -572.562409          2.60                1.03         
CONF25       -36.133282          ---           -572.561760        ---          ---         -572.561760          3.00                0.52         
CONF26       -36.133240          ---           -572.559997        ---          ---         -572.559997          4.11                0.08         
CONF27       -36.133227          ---           -572.561094        ---          ---         -572.561094          3.42                0.26         
CONF28       -36.133227          ---           -572.561581        ---          ---         -572.561581          3.11                0.43         
CONF29       -36.132950          ---           -572.561629        ---          ---         -572.561629          3.08                0.45         
CONF30       -36.132764          ---           -572.560946        ---          ---         -572.560946          3.51                0.22         
CONF31       -36.132655          ---           -572.560349        ---          ---         -572.560349          3.89                0.12         
CONF37       -36.132220          ---           -572.562108        ---          ---         -572.562108          2.78                0.75         
CONF40       -36.132003          ---           -572.559728        ---          ---         -572.559728          4.28                0.06         
CONF46       -36.131639          ---           -572.561020        ---          ---         -572.561020          3.47                0.24         
CONF53       -36.130782          ---           -572.561530        ---          ---         -572.561530          3.15                0.41         

Boltzmann averaged free energy/enthalpy of ensemble on input geometries (not DFT optimized):
temperature /K:   avE(T) /a.u.   avG(T) /a.u.
    298.15        -572.5658239    -572.5658239     <<==part1==
----------------------------------------------------------------------------------------------------

