14
 energy: -13.659854172903 gnorm: 0.015116003778 xtb: 6.7.1 (41059b4)
C            1.59333259859495       -0.03264257029825       -0.56133580899967
C            0.66447179126517        0.37094463758025        0.60371550226789
C           -0.67701303250912       -0.36994888248138        0.60391800651637
C           -1.58245132968235        0.03307221720248       -0.55844326442573
H            2.51403483826058       -0.49770650233010       -0.19863239014245
H            1.10944502317385       -0.75705060193278       -1.22431018910103
H            1.88239674751559        0.82293724732932       -1.17772020654395
H            1.17012484239427        0.18778273581194        1.55818509970296
H            0.46557718614908        1.44940312555738        0.57166140449429
H           -0.48998153155006       -1.45194767226514        0.57260853812694
H           -1.19804244897322       -0.17460099374494        1.54951108690779
H           -2.52117703869878       -0.52931917860265       -0.54760987739397
H           -1.10179891272560       -0.14534288262595       -1.52606139304967
H           -1.82937568716380        1.09920181350087       -0.50434363008891
14
 energy: -13.660370659365 gnorm: 0.005079053505 xtb: 6.7.1 (41059b4)
C            1.58499325314933       -0.03549522323390       -0.55821944823256
C            0.66201015747092        0.37334948860690        0.59725124082593
C           -0.67176502870121       -0.37416978301980        0.59663229453762
C           -1.57517876827465        0.03641818318635       -0.55809201504186
H            2.49990050245812       -0.49385528147225       -0.18622782753300
H            1.09755002597615       -0.75828194974254       -1.21085348344557
H            1.86580787066685        0.82374237481207       -1.16461738883328
H            1.16638287602310        0.18217725412576        1.54779593767707
H            0.46182828768690        1.44766295821087        0.55293043994294
H           -0.48451402825127       -1.45192871764687        0.55472500725844
H           -1.19001291262307       -0.17000317028772        1.53846232162603
H           -2.50700219664772       -0.52763747889499       -0.53483240653286
H           -1.09357465272828       -0.14485702165077       -1.51806686609459
H           -1.81688234015462        1.09766085970793       -0.49574492788344
14
 energy: -13.660399970011 gnorm: 0.001273035844 xtb: 6.7.1 (41059b4)
C            1.58509292210457       -0.03630201284163       -0.55827240898840
C            0.66184732204704        0.37322307599583        0.59695974349476
C           -0.67164550314051       -0.37454984178601        0.59682690779600
C           -1.57481750282780        0.03772571192470       -0.55820426886106
H            2.49910014054230       -0.49233623684022       -0.18625243155329
H            1.09846577457959       -0.75981960524172       -1.20717173102766
H            1.86419943325728        0.82058522283197       -1.16577514452537
H            1.16325006634435        0.18470253041988        1.54841452130912
H            0.45680590429593        1.44469925924880        0.54923124665088
H           -0.48156067846721       -1.44964710440708        0.54964108117937
H           -1.18911463250281       -0.17261137916896        1.53825234286864
H           -2.50548253054967       -0.52510346955857       -0.53355232589618
H           -1.09311503696625       -0.14315174231552       -1.51602187815423
H           -1.81348263266627        1.09736808443957       -0.49293277602173
14
 energy: -13.660404514972 gnorm: 0.000620745698 xtb: 6.7.1 (41059b4)
C            1.58576842230175       -0.03739011915079       -0.55761989021734
C            0.66147003349849        0.37454311774461        0.59672071674404
C           -0.67112153196274       -0.37669771673269        0.59624360594408
C           -1.57581452138461        0.03922820293041       -0.55791745100307
H            2.50020251508263       -0.49073140695987       -0.18382223034605
H            1.09991721786169       -0.76340562393954       -1.20393585800577
H            1.86332561611981        0.81820198470411       -1.16728424045058
H            1.16261100508517        0.18928417635004        1.54856022150074
H            0.45465861332260        1.44511245649098        0.54576215138276
H           -0.47986888138774       -1.45088955351446        0.54525417559958
H           -1.18807391540283       -0.17799808455457        1.53805805754079
H           -2.50699537720990       -0.52215719350762       -0.53300062738569
H           -1.09453687945735       -0.14126178119509       -1.51559230301071
H           -1.81199927041644        1.09894403403552       -0.49028345002191
14
 energy: -13.660406197513 gnorm: 0.000427752659 xtb: 6.7.1 (41059b4)
C            1.58682058933334       -0.03800101838634       -0.55702534613048
C            0.66097951735100        0.37470296540260        0.59607463169824
C           -0.67113897821519       -0.37750263367591        0.59582952056419
C           -1.57666110493736        0.04021018334092       -0.55730853900180
H            2.50194256172519       -0.48913726318427       -0.18160739089815
H            1.10220802983368       -0.76631393343662       -1.20210988294937
H            1.86334504046692        0.81688967905800       -1.16858157019034
H            1.16191170981502        0.19182241694529        1.54858770213794
H            0.45314689014753        1.44506558240103        0.54286476989426
H           -0.47881439091989       -1.45144513076833        0.54196386644158
H           -1.18780828818200       -0.18165961757076        1.53852071912156
H           -2.50867887158811       -0.52012405758853       -0.53197301389543
H           -1.09626677178170       -0.14007995594638       -1.51577072025881
H           -1.81144288699790        1.10035527611035       -0.48832186826252
14
 energy: -13.660406976980 gnorm: 0.000144436141 xtb: 6.7.1 (41059b4)
C            1.58732661679097       -0.03856422333223       -0.55633932442078
C            0.66064542286615        0.37494557169975        0.59564291665684
C           -0.67074654549135       -0.37805259850436        0.59485705136400
C           -1.57722221797163        0.04098409155648       -0.55670979098274
H            2.50306890860893       -0.48758147726795       -0.17990465039667
H            1.10424939712213       -0.76881258644001       -1.20049254435299
H            1.86285903953037        0.81556340287920       -1.16944733431212
H            1.16101350748259        0.19352146020015        1.54880479300115
H            0.45224782882296        1.44521775166910        0.54109557985497
H           -0.47791265754265       -1.45192043823074        0.53918770164173
H           -1.18694530783394       -0.18422248535734        1.53828727515045
H           -2.50981443818327       -0.51846445946584       -0.53083293699313
H           -1.09806971886777       -0.13916343766457       -1.51589086704951
H           -1.81115678928295        1.10133192095940       -0.48711499089035
14
 energy: -13.660407245327 gnorm: 0.000097679637 xtb: 6.7.1 (41059b4)
C            1.58789252625970       -0.03877416669427       -0.55600143137364
C            0.66047434089149        0.37484715934548        0.59518227360282
C           -0.67078692474019       -0.37825701428864        0.59438067307003
C           -1.57758997280161        0.04148859870681       -0.55643264815517
H            2.50417328128661       -0.48602489814036       -0.17888577192445
H            1.10579192457515       -0.77057572059271       -1.19903382804584
H            1.86233606221502        0.81476333350147       -1.17034717056054
H            1.16044223806661        0.19392974404078        1.54861979041792
H            0.45203609948722        1.44506535963296        0.54020546910413
H           -0.47776041959527       -1.45203278238446        0.53774152303665
H           -1.18670515707298       -0.18550011905182        1.53821337493600
H           -2.51032712015548       -0.51762359836049       -0.53017693556833
H           -1.09920723903954       -0.13835926217324       -1.51602326221392
H           -1.81122659332620        1.10183585915951       -0.48629917805481
14
 energy: -13.660407574266 gnorm: 0.000154364336 xtb: 6.7.1 (41059b4)
C            1.58829838394156       -0.03914145179462       -0.55573168861592
C            0.66049857502992        0.37469024366570        0.59503649543100
C           -0.67079084177608       -0.37835001121316        0.59382638690941
C           -1.57799362808749        0.04209196081589       -0.55630370973274
H            2.50565494182547       -0.48369790259731       -0.17802904854249
H            1.10754763062941       -0.77321803201905       -1.19720493206878
H            1.86079029759091        0.81376937380204       -1.17180967453319
H            1.16002451657668        0.19391858278330        1.54874727498013
H            0.45207095969353        1.44490775826796        0.53985912586448
H           -0.47768263872908       -1.45208411968368        0.53636863417939
H           -1.18644651992916       -0.18641094346011        1.53799062258956
H           -2.51078103989612       -0.51695652297178       -0.52997661661469
H           -1.10005964531469       -0.13714876310215       -1.51623936343704
H           -1.81158794550431        1.10241232020800       -0.48539062813825
14
 energy: -13.660378886856 gnorm: 0.007280484505 xtb: 6.7.1 (41059b4)
C            1.60094565367181       -0.05159805132202       -0.54697401564279
C            0.66084568727694        0.36842144991990        0.59072075995132
C           -0.67172369712904       -0.38195792210469        0.57659388589855
C           -1.58986385259392        0.06375078929073       -0.55232654605893
H            2.55845219263476       -0.39884630605357       -0.15133602102803
H            1.16745325580544       -0.86758609066805       -1.13112543916797
H            1.80049511140204        0.77921758145431       -1.22601575880621
H            1.14634764888732        0.19029639338412        1.55258332583850
H            0.45454488755127        1.43901126964288        0.53026302898005
H           -0.47725554077323       -1.45451754991384        0.49168563838671
H           -1.17947619310677       -0.21632570954638        1.53105123792907
H           -2.52369983402694       -0.49417276905851       -0.52657200450455
H           -1.12431176560232       -0.09371093732069       -1.52272416556531
H           -1.82321050794682        1.12280034499686       -0.45468104793956
14
 energy: -13.660416015373 gnorm: 0.001746912127 xtb: 6.7.1 (41059b4)
C            1.59423558700243       -0.04498873858047       -0.55161308963346
C            0.66079816902930        0.37161381949211        0.59319995080433
C           -0.67135574096027       -0.37983353679011        0.58577272732860
C           -1.58368544545183        0.05227546428137       -0.55456288037190
H            2.53050707214452       -0.44312165212718       -0.16613665883018
H            1.13625401112864       -0.81760569125499       -1.16565631579502
H            1.83191664608519        0.79696679503808       -1.19757922314853
H            1.15376651789994        0.19156837620462        1.55063269451817
H            0.45370097095703        1.44209435677783        0.53579315273445
H           -0.47777053447813       -1.45301754266694        0.51560000936991
H           -1.18337649839772       -0.19995196405556        1.53462221229335
H           -2.51677566892554       -0.50665030538438       -0.52876566994822
H           -1.11117876336978       -0.11647223984173       -1.51926481554443
H           -1.81749327661325        1.11190535160836       -0.47089921550620
14
 energy: -13.660430535297 gnorm: 0.001949843342 xtb: 6.7.1 (41059b4)
C            1.59560269482689       -0.04680022964808       -0.55051472281442
C            0.66124945971296        0.36974643563517        0.59338742578758
C           -0.67200342833537       -0.37981120860239        0.58356675774731
C           -1.58511150853266        0.05583333811578       -0.55452835821223
H            2.53933316777060       -0.42588092322122       -0.16435813409993
H            1.14691424987609       -0.83379440340159       -1.15286691503278
H            1.81823299601614        0.79014707785367       -1.20810209064299
H            1.15252155005376        0.18816549637290        1.55144783039161
H            0.45565177524439        1.44054949251148        0.53660976029838
H           -0.47916738719724       -1.45287960301603        0.50990255230568
H           -1.18323946816388       -0.20286874107184        1.53340436394767
H           -2.51801929274028       -0.50363377183241       -0.53016962451052
H           -1.11297843434182       -0.10902315498191       -1.52011134770483
H           -1.81944332813904        1.11503268798750       -0.46652461918966
14
 energy: -13.660456306988 gnorm: 0.003155396149 xtb: 6.7.1 (41059b4)
C            1.59802564649801       -0.04978756766483       -0.54868968010018
C            0.66167383217923        0.36710956711959        0.59320006786274
C           -0.67278780983664       -0.38022186732305        0.57974416486526
C           -1.58731012425173        0.06168924957343       -0.55421457044955
H            2.55357820338022       -0.39905885732548       -0.16046086097769
H            1.16377906463545       -0.85979330204779       -1.13296697340843
H            1.79719344556197        0.77974755954071       -1.22445737546074
H            1.14978179535072        0.18348190230918        1.55257754099487
H            0.45812746655400        1.43841308975056        0.53734144223506
H           -0.48079527576055       -1.45317698193216        0.50023044655698
H           -1.18255457946582       -0.20841987662875        1.53148917536179
H           -2.52021557189275       -0.49800912745068       -0.53126725897608
H           -1.11686119252731       -0.09756241459630       -1.52166033391675
H           -1.82209185437427        1.12037111937662       -0.45972290631643
14
 energy: -13.660480544453 gnorm: 0.003830393161 xtb: 6.7.1 (41059b4)
C            1.59915744919388       -0.05133269983466       -0.54773322736449
C            0.66207051883723        0.36527441424031        0.59346603327835
C           -0.67340394010777       -0.38024932614168        0.57770978355130
C           -1.58841169332037        0.06500516280420       -0.55427579437641
H            2.56170563643372       -0.38227158577127       -0.15922714713141
H            1.17393835438549       -0.87483205710552       -1.12076422849550
H            1.78366732877909        0.77329878963535       -1.23433487047292
H            1.14861779988195        0.17970268729481        1.55332378795048
H            0.46014073424787        1.43696501394529        0.53869174693632
H           -0.48220867008520       -1.45317734634933        0.49513898019578
H           -1.18253930216427       -0.21097252251098        1.53032893148857
H           -2.52138696873984       -0.49474703962184       -0.53236511241040
H           -1.11852067461388       -0.09129633598323       -1.52252377570600
H           -1.82328352667736        1.12341533809958       -0.45629222917283
14
 energy: -13.660509290837 gnorm: 0.004197798012 xtb: 6.7.1 (41059b4)
C            1.59974491867012       -0.05240878488663       -0.54716030559777
C            0.66244265418429        0.36360936620731        0.59391221833322
C           -0.67399307769129       -0.38016234933543        0.57632924790219
C           -1.58894201451862        0.06758770435111       -0.55453820558701
H            2.56791729203581       -0.36810867576637       -0.15913924432381
H            1.18207762439747       -0.88659287461759       -1.11078310459296
H            1.77182050077326        0.76801501518661       -1.24236766046316
H            1.14790358630279        0.17571656872858        1.55391135042267
H            0.46214941714042        1.43571089241178        0.54072753144230
H           -0.48369877277994       -1.45313726482002        0.49182136809906
H           -1.18280181887331       -0.21233223621113        1.52942697735737
H           -2.52199546772690       -0.49215087064361       -0.53355716405243
H           -1.11923041374783       -0.08676482171768       -1.52320535498665
H           -1.82385138211573        1.12580082381410       -0.45423477568216
14
 energy: -13.660542048370 gnorm: 0.004540097176 xtb: 6.7.1 (41059b4)
C            1.60010961255567       -0.05327371633833       -0.54672344280810
C            0.66283848488870        0.36194709702014        0.59449471721225
C           -0.67458719266738       -0.38000940373085        0.57517255021767
C           -1.58925364924085        0.06989156690648       -0.55490830894390
H            2.57349413551859       -0.35462924834720       -0.15956144391595
H            1.18955047932088       -0.89726082852013       -1.10144818166848
H            1.76029706881112        0.76313591486270       -1.24983651582308
H            1.14742474031032        0.17149936558004        1.55447197427710
H            0.46425374232401        1.43447732429391        0.54315487964323
H           -0.48528384952829       -1.45306878876948        0.48915060384595
H           -1.18321940306508       -0.21321199043949        1.52858256436050
H           -2.52245441217392       -0.48970062917372       -0.53479704193152
H           -1.11957511628825       -0.08298457694053       -1.52383201327532
H           -1.82405159471500        1.12797040629749       -0.45277746291949
14
 energy: -13.660578431192 gnorm: 0.004717044319 xtb: 6.7.1 (41059b4)
C            1.60016564297982       -0.05386162131894       -0.54648350107418
C            0.66323258370131        0.36035910059837        0.59521440671362
C           -0.67517258307262       -0.37978340674780        0.57436235359356
C           -1.58926341400517        0.07178415594248       -0.55540050409562
H            2.57805856151761       -0.34249156562200       -0.16061335706907
H            1.19595058039155       -0.90619800858042       -1.09328961565408
H            1.74959724380231        0.75890361702717       -1.25633575590430
H            1.14722805766232        0.16714455116805        1.55497037145517
H            0.46637342250973        1.43332542766252        0.54598203633612
H           -0.48691233105772       -1.45296865486089        0.48740532421950
H           -1.18381123578764       -0.21345949688260        1.52787339455667
H           -2.52266757728093       -0.48754544066457       -0.53606982821170
H           -1.11941649696176       -0.08022846938455       -1.52437134172884
H           -1.82381940834828        1.12980230436421       -0.45210110486600
14
 energy: -13.660617980726 gnorm: 0.005111088971 xtb: 6.7.1 (41059b4)
C            1.60024480513936       -0.05447685725975       -0.54620504783430
C            0.66364201652581        0.35867663414279        0.59597600746433
C           -0.67578171734336       -0.37956775064399        0.57346656303766
C           -1.58929310728921        0.07379879531126       -0.55591214656478
H            2.58294179538982       -0.32956874718514       -0.16166070445775
H            1.20280404287927       -0.91573477472097       -1.08463525720273
H            1.73823074792876        0.75443429844077       -1.26322202230203
H            1.14699221733121        0.16257200382909        1.55551224158537
H            0.46857621250308        1.43209173737169        0.54894437418132
H           -0.48859324083898       -1.45288490619170        0.48545601910386
H           -1.18442126722240       -0.21382075184177        1.52711274121868
H           -2.52298943431629       -0.48512354924788       -0.53730087432820
H           -1.11936163851638       -0.07741486738795       -1.52497010909811
H           -1.82344838612016        1.13180122808460       -0.45141890653245
14
 energy: -13.660660193649 gnorm: 0.004693018332 xtb: 6.7.1 (41059b4)
C            1.59960692553556       -0.05442301837924       -0.54641678414068
C            0.66402171022550        0.35732509945375        0.59696810741955
C           -0.67632051278148       -0.37918630464295        0.57347502487508
C           -1.58863291948603        0.07468694864564       -0.55665236745434
H            2.58502649280436       -0.32099358259022       -0.16406119952106
H            1.20649921238493       -0.92040256054770       -1.07947024571632
H            1.72985796873203        0.75183702434766       -1.26726517035242
H            1.14745476810531        0.15811793434863        1.55583968559537
H            0.47064620744918        1.43116933921710        0.55251762832471
H           -0.49025509704563       -1.45271434210541        0.48586624768133
H           -1.18537682674030       -0.21263306524346        1.52673790461300
H           -2.52262948086506       -0.48376111503684       -0.53863246600870
H           -1.11805293463572       -0.07702371954640       -1.52527657869782
H           -1.82230246763213        1.13278385478047       -0.45248690834686
14
 energy: -13.660698878349 gnorm: 0.007265197555 xtb: 6.7.1 (41059b4)
C            1.60082402509958       -0.05611663218034       -0.54528680749648
C            0.66451171386536        0.35487642211461        0.59750055821675
C           -0.67710203617751       -0.37926149769916        0.57098086334690
C           -1.58975240921351        0.07874420759687       -0.55687447497900
H            2.59498711960472       -0.29927223937534       -0.16306971104772
H            1.21944856619708       -0.93894380252064       -1.06418186254267
H            1.71208316597541        0.74385626226681       -1.27948941370653
H            1.14604723042348        0.15275740955755        1.55681950437216
H            0.47326288389932        1.42922431714178        0.55493606980695
H           -0.49210130028939       -1.45281666005948        0.47977232599170
H           -1.18551428241196       -0.21567243044774        1.52526033360784
H           -2.52431275008523       -0.47893435378295       -0.53954740369430
H           -1.12020397181958       -0.07046739741277       -1.52649238492740
H           -1.82263490901726        1.13680888750181       -0.44918471867734
14
 energy: -13.660905937558 gnorm: 0.020325480055 xtb: 6.7.1 (41059b4)
C            1.59711127331902       -0.05877049753880       -0.54505587522069
C            0.66889779415099        0.33736729722259        0.60789247364618
C           -0.68356686613239       -0.37614431581833        0.56607371608468
C           -1.58551912896572        0.09503822487212       -0.56421747209687
H            2.63448453972268       -0.17587858727246       -0.18297676978096
H            1.27917461612880       -1.01983337549751       -0.98599360686132
H            1.59791208595450        0.70477273677152       -1.34147363425799
H            1.14748761898310        0.10071612661448        1.56180044173584
H            0.49739230376754        1.41656959132661        0.59322698329473
H           -0.51107988103547       -1.45175942266876        0.47132714657822
H           -1.19468330916200       -0.21120290609051        1.51885227297565
H           -2.52475316183663       -0.45533378928120       -0.55310487525566
H           -1.11248571182036       -0.05515490786396       -1.53184345186144
H           -1.81082912702355        1.15439631792525       -0.45336447070953
14
 energy: -13.661462478177 gnorm: 0.009728383235 xtb: 6.7.1 (41059b4)
C            1.58593537567696       -0.05190910745533       -0.55148347053656
C            0.67032995766725        0.33333701073238        0.61539591845466
C           -0.68570729231758       -0.37277747433792        0.57527254650860
C           -1.57441216962995        0.08919656487586       -0.57045971043335
H            2.61936573360381       -0.17080972422945       -0.20743585818000
H            1.26702728456442       -1.00099379630481       -0.99201958865133
H            1.57926682887385        0.71075830250488       -1.33705578908600
H            1.15687396032900        0.07758158824458        1.56073089445426
H            0.50724432121995        1.41440246573287        0.61913163021964
H           -0.51998274528554       -1.45042654920785        0.49673344096957
H           -1.20326485516419       -0.19014911936979        1.52093000437213
H           -2.51547887254365       -0.45751536105521       -0.56209011255771
H           -1.09174558411710       -0.07620447632137       -1.53038384503414
H           -1.79590889682670        1.15029216889219       -0.47612318222893
14
 energy: -13.661803168498 gnorm: 0.003279389067 xtb: 6.7.1 (41059b4)
C            1.57937305154538       -0.05112366181144       -0.55180558873640
C            0.66937156528411        0.32786016983515        0.62081523491664
C           -0.68799487972809       -0.37552197725333        0.58015869617308
C           -1.56608532926592        0.09306027040370       -0.57276405887767
H            2.61581025311257       -0.13931803962843       -0.22714169398991
H            1.28225072588556       -1.00883211347497       -0.97652667410608
H            1.54270786929444        0.69483277073648       -1.34430963053099
H            1.16060404619090        0.06697811026903        1.56101586072429
H            0.50860339887911        1.40820938270331        0.62919742835024
H           -0.52760577593060       -1.45376450888210        0.50130782697262
H           -1.20962964464588       -0.18929849901418        1.52257346729812
H           -2.51088766313369       -0.44691910151945       -0.57113838766701
H           -1.07686895703749       -0.07743433700441       -1.52853207801380
H           -1.78010561439989        1.15605402734169       -0.48170752424229
14
 energy: -13.662472583726 gnorm: 0.003145696863 xtb: 6.7.1 (41059b4)
C            1.56377679570067       -0.04923150338735       -0.55462629793210
C            0.67094495803460        0.31176875179088        0.63540949904721
C           -0.69251192498412       -0.37838105636530        0.58706442757016
C           -1.54817510267941        0.10273729644192       -0.58075490363008
H            2.61326046753674       -0.04473063402993       -0.26845687556096
H            1.32275733393251       -1.04264820462246       -0.92557703348546
H            1.43727208666216        0.65711807538410       -1.37193940103851
H            1.17175410531903        0.02837476991514        1.56272610069280
H            0.51970265346549        1.39193363027593        0.66308877587688
H           -0.54643728426273       -1.45824473966255        0.50880565039305
H           -1.22296033734133       -0.18352430370538        1.52217897521646
H           -2.50335639097680       -0.41871910218287       -0.59253086942346
H           -1.04535832498811       -0.08228380688240       -1.52691892216082
H           -1.74112598936817        1.17061331973130       -0.49732624729434
14
 energy: -13.662229882021 gnorm: 0.030228294485 xtb: 6.7.1 (41059b4)
C            1.53734439775912       -0.04612951938871       -0.55915106740964
C            0.67678489634000        0.27919265749950        0.66293492663920
C           -0.70232301833481       -0.37658120294276        0.59259791477024
C           -1.52020652698069        0.12343410639357       -0.59819819110106
H            2.61296409537273        0.16297886557894       -0.34715059968089
H            1.42484555666923       -1.12139709577012       -0.81179952813147
H            1.22454706080841        0.57004247483750       -1.43448365953116
H            1.18888508678943       -0.06658914809368        1.56514408052775
H            0.55589124311371        1.36226236731008        0.74356697739922
H           -0.58325009645704       -1.45978837748650        0.51687426497432
H           -1.24742317349062       -0.16672459775589        1.51552695995302
H           -2.49283497334837       -0.36499627730059       -0.62738228247841
H           -1.00008622613945       -0.09009604274796       -1.52931933298592
H           -1.67559527605115        1.19917428256768       -0.52801758467440
14
 energy: -13.663255839427 gnorm: 0.003205655169 xtb: 6.7.1 (41059b4)
C            1.54705722556046       -0.04188341746073       -0.55947156682998
C            0.67678941844652        0.29296008248796        0.65147917674829
C           -0.69870618440589       -0.37005458838658        0.58735766953852
C           -1.53500957998678        0.10948388586961       -0.59358688091074
H            2.60115471393508        0.07564784549513       -0.31339784570236
H            1.38549937953500       -1.07480720986415       -0.86763911948517
H            1.32418236379963        0.60933254650521       -1.40215848331557
H            1.18113644622157       -0.04571767729488        1.56074140077944
H            0.55416030801556        1.37670382591169        0.72670220446109
H           -0.56856677492791       -1.45255157048793        0.51886685887021
H           -1.23614717179522       -0.16153031693462        1.51536977220012
H           -2.50070185277796       -0.39050142655808       -0.60457542181559
H           -1.02874016387204       -0.10490715532136       -1.53121150465830
H           -1.70256508169750        1.18260766873977       -0.52733338160914
14
 energy: -13.663453278035 gnorm: 0.003478173445 xtb: 6.7.1 (41059b4)
C            1.54823447039454       -0.03896698248558       -0.55932164815876
C            0.67870858269975        0.28461812120500        0.65360677148122
C           -0.70196818316462       -0.36763331979247        0.58585979796359
C           -1.53475512370721        0.11146961724321       -0.59687929267659
H            2.60177484549511        0.11346647461280       -0.32437363487964
H            1.41360356773436       -1.08004383866583       -0.85372828542505
H            1.29703243984050        0.59625732988792       -1.40678689122028
H            1.18081543451939       -0.07038268268364        1.55814437152571
H            0.56626164829946        1.36872106129763        0.74405209316569
H           -0.57751124163448       -1.45147702244526        0.52267038718957
H           -1.23971931603949       -0.15220982690701        1.51243809239013
H           -2.50520136325846       -0.37950298654943       -0.59996516811132
H           -1.03509643226186       -0.11626997591094       -1.53480318470035
H           -1.69263628286648        1.18673652389463       -0.53977053027308
14
 energy: -13.663663234957 gnorm: 0.012183586197 xtb: 6.7.1 (41059b4)
C            1.54788742014283       -0.03039082079342       -0.55891512504915
C            0.68494751594348        0.26160717156935        0.66315462658644
C           -0.70850503159103       -0.36331889761262        0.57985337848479
C           -1.53164695629200        0.11857269214557       -0.60660323190449
H            2.59491384993384        0.23277564328968       -0.35596998443105
H            1.50222954931139       -1.09847246926891       -0.80658525832139
H            1.21068988718290        0.54823583262154       -1.42584812008015
H            1.18034787976182       -0.13892339442039        1.55358826403241
H            0.59724954384351        1.34451264122072        0.79579727510882
H           -0.60278040217079       -1.45067344540589        0.52724216249483
H           -1.24652178915527       -0.13067439761243        1.50276159316876
H           -2.51999950908307       -0.33931782753295       -0.58526111856985
H           -1.05498120205941       -0.14973703019189       -1.54673421835228
H           -1.65428770971769        1.20058679469268       -0.57533736489688
14
 energy: -13.663791931537 gnorm: 0.004026368240 xtb: 6.7.1 (41059b4)
C            1.55073912180583       -0.03061012216668       -0.55825502470131
C            0.68373392338401        0.26481104992965        0.66041011963435
C           -0.70752906400067       -0.36480759475020        0.58064011987639
C           -1.53318063373780        0.11657171457389       -0.60438510740134
H            2.59406538951567        0.20986202473296       -0.34934867878014
H            1.48966189260743       -1.08757322325212       -0.81862232651184
H            1.23297240252835        0.55674063474230       -1.41870418651765
H            1.17882837652801       -0.12594946742100        1.55330001768866
H            0.59007025077688        1.34647223938497        0.78533006290374
H           -0.59857970636627       -1.45138151231655        0.52634071346140
H           -1.24484275758847       -0.13491960710807        1.50457205334559
H           -2.52036708868586       -0.34229578256554       -0.58210939278799
H           -1.05850144211176       -0.14972886810894       -1.54542086681381
H           -1.65752761860485        1.19759100702640       -0.57260462512524
14
 energy: -13.663867037001 gnorm: 0.002772611916 xtb: 6.7.1 (41059b4)
C            1.55124569222001       -0.02923905683047       -0.55757676911502
C            0.68366335865806        0.26095586694850        0.66151182043815
C           -0.70838149659347       -0.36674612615054        0.57956213532756
C           -1.53255086120308        0.11859897350964       -0.60501093821306
H            2.58872481607551        0.23387827812621       -0.35452353023929
H            1.51092177252221       -1.08835930389846       -0.80947797296788
H            1.21981224793630        0.54370102514332       -1.42067758327685
H            1.17876966208368       -0.13398280134961        1.55163892389896
H            0.59019341067806        1.34116539887269        0.79093151565078
H           -0.60271944662222       -1.45326451985250        0.52342811754067
H           -1.24558145995982       -0.13653253542218        1.50332939325887
H           -2.52557821426790       -0.32743993591013       -0.57611902439066
H           -1.06584593120765       -0.15914874153093       -1.54662511091487
H           -1.64313050426919        1.20119597104550       -0.57924809872652
14
 energy: -13.663993984514 gnorm: 0.003773858741 xtb: 6.7.1 (41059b4)
C            1.55088249674980       -0.02742054289536       -0.55516375853794
C            0.68245093825835        0.25203888571820        0.66570602868957
C           -0.70990152160160       -0.37435699739676        0.57682777602866
C           -1.52936024078386        0.12610582513612       -0.60625548805501
H            2.57427168331202        0.29921356752983       -0.37095594250482
H            1.56537251625053       -1.09478535521178       -0.77729945894710
H            1.17809968270131        0.50253817922138       -1.43062657068253
H            1.17953378536659       -0.14874809475225        1.55085644088890
H            0.58613860435435        1.32994473079485        0.80113164326986
H           -0.61044424258546       -1.46011740027145        0.51058933077142
H           -1.24795656384132       -0.14873812706563        1.50073334038705
H           -2.53709381698997       -0.28524716341027       -0.56501746124063
H           -1.08028360791189       -0.17789357778450       -1.54816444896053
H           -1.60216666722835        1.21224856308867       -0.59121855283608
14
 energy: -13.664046801712 gnorm: 0.002566254636 xtb: 6.7.1 (41059b4)
C            1.55064604538131       -0.02901832138239       -0.55347557725940
C            0.68011254482703        0.25093233984192        0.66630385235176
C           -0.70962706755422       -0.38052405765663        0.57501874974324
C           -1.52834344358771        0.13086165619393       -0.60521521736873
H            2.56573343592448        0.32185922290668       -0.37744551533048
H            1.58680099240256       -1.09807386607826       -0.76044946238566
H            1.16570056525886        0.48024621190010       -1.43423719541164
H            1.17938167908417       -0.14429035669330        1.55285850871884
H            0.57757367697013        1.32924589647311        0.79693291579474
H           -0.60864952424194       -1.46520626057772        0.49852618826184
H           -1.24815807466813       -0.16367401139491        1.50059061513875
H           -2.54127052216287       -0.26422602120346       -0.56061485888774
H           -1.08711241830402       -0.18060386564455       -1.54756538502602
H           -1.58324484327912        1.21725392601655       -0.59008474006870
14
 energy: -13.664078750712 gnorm: 0.001720924570 xtb: 6.7.1 (41059b4)
C            1.55324702885551       -0.03174596859177       -0.55058469664443
C            0.67787747652714        0.25002691204832        0.66544094598597
C           -0.70927248153127       -0.38642335763479        0.57146340443854
C           -1.52940536376261        0.13607944945416       -0.60350916257188
H            2.56149806431628        0.34004945248502       -0.38276713202121
H            1.60742808543859       -1.10161049784853       -0.74219427247430
H            1.15709648185756        0.45754652630676       -1.43727261640125
H            1.17683293893950       -0.13583107467409        1.55679822805717
H            0.56896635668803        1.32951050234720        0.78846819174839
H           -0.60433402165277       -1.47008227186833        0.48387654505490
H           -1.24785003322934       -0.18073913033193        1.49972692412554
H           -2.54651268458132       -0.24575307612059       -0.55450879231900
H           -1.09659376878633       -0.17890858482902       -1.54853871003168
H           -1.56943503302845        1.22266361195865       -0.58525597867594
14
 energy: -13.664099413826 gnorm: 0.002316047263 xtb: 6.7.1 (41059b4)
C            1.55804068360372       -0.03742301270300       -0.54651266100141
C            0.67507776562248        0.25197151654489        0.66183567698665
C           -0.70766615050842       -0.39274578410436        0.56438059284409
C           -1.53399801041127        0.14357984338026       -0.59986783754675
H            2.55850360683329        0.35514646039455       -0.38365866199343
H            1.63287484657873       -1.11069211152989       -0.71756598489438
H            1.15551732845944        0.42784938087772       -1.44180157402965
H            1.17130601094419       -0.12027309646977        1.56196271742687
H            0.55870872579081        1.33337780167463        0.77308955114042
H           -0.59495000044560       -1.47481939940517        0.46102084092813
H           -1.24458469254772       -0.20471212527211        1.49765713054339
H           -2.55268450688790       -0.23014419969296       -0.54615148473005
H           -1.11150950066514       -0.16569799061791       -1.55126135756560
H           -1.56509306031609        1.22936520962417       -0.57198406983747
14
 energy: -13.664110770757 gnorm: 0.001700171084 xtb: 6.7.1 (41059b4)
C            1.56106737943047       -0.03933054467583       -0.54465780474889
C            0.67509543181512        0.25320009327544        0.66053921392620
C           -0.70698509210486       -0.39298879021229        0.56181354768862
C           -1.53662203359418        0.14502450180161       -0.59871705907196
H            2.56168392646656        0.35364195852516       -0.38238626628477
H            1.63502211655909       -1.11160680242963       -0.71198907061073
H            1.15917888740785        0.42176377810979       -1.44298762838938
H            1.16893910760707       -0.11572533988174        1.56356527786691
H            0.55800257154068        1.33488022232159        0.76823178107014
H           -0.59195282240289       -1.47449531980823        0.45499828900501
H           -1.24311585671999       -0.20950869043873        1.49643006055075
H           -2.55423695387433       -0.23211542057037       -0.54397172254261
H           -1.11524329331386       -0.15887425248721       -1.55277665016978
H           -1.57129032276621        1.23091709917149       -0.56694909001872
14
 energy: -13.664131796340 gnorm: 0.002032988910 xtb: 6.7.1 (41059b4)
C            1.57035058168535       -0.04586983771608       -0.54028549575689
C            0.67489010572713        0.25691008240985        0.65481185107211
C           -0.70565039316655       -0.39264793911134        0.55426101735076
C           -1.54602299395439        0.15076055217558       -0.59448906986007
H            2.57108652823469        0.35211688707747       -0.37651001510271
H            1.64898439818199       -1.12050105003116       -0.69238181383204
H            1.17192399388696        0.40145483276847       -1.44848227840268
H            1.16192209293862       -0.10439863734157        1.56448338610727
H            0.55714002055387        1.33861846796463        0.75349665910729
H           -0.58486980765911       -1.47225968592360        0.43671731696761
H           -1.23821490545188       -0.22181084071733        1.49318254057376
H           -2.55867194583182       -0.24282531364782       -0.53926419016349
H           -1.12524653815541       -0.13173094095371       -1.55663945492302
H           -1.59807809093892        1.23696591574767       -0.54775757486711
14
 energy: -13.664140376392 gnorm: 0.001503410413 xtb: 6.7.1 (41059b4)
C            1.57322890331250       -0.05031213954824       -0.53946565213977
C            0.67477066686090        0.26175369692731        0.65133814139003
C           -0.70431797688937       -0.39119170161757        0.55243243218581
C           -1.55028703101338        0.15242351541987       -0.59188286864799
H            2.57582714190058        0.33537961630296       -0.36968170704384
H            1.64279165755757       -1.12471976008753       -0.69005103776985
H            1.18710627716686        0.39976377160666       -1.44975414617048
H            1.16024099346574       -0.09381896251929        1.56405977000100
H            0.55587991657818        1.34381057117104        0.74276887887563
H           -0.58030522183039       -1.46994709912440        0.43081655724856
H           -1.23498284689899       -0.22523867849603        1.49329769244048
H           -2.55582882042574       -0.25922797841507       -0.54389389614082
H           -1.12266720869471       -0.11078012109196       -1.55618387182493
H           -1.62191340503923        1.23688776217331       -0.53265741413302
14
 energy: -13.664155531980 gnorm: 0.001514275503 xtb: 6.7.1 (41059b4)
C            1.57420700128514       -0.05500645878849       -0.53873758641171
C            0.67433171953583        0.26292016487669        0.64974324962852
C           -0.70396006123632       -0.39188266225492        0.55140055239662
C           -1.55185750359809        0.15667893906777       -0.59021842180559
H            2.57430022835084        0.34140872312930       -0.37039154397108
H            1.65258817863603       -1.13203351803959       -0.67799706014555
H            1.18475532474952        0.38425015738217       -1.45458402390050
H            1.16050398940347       -0.08863345203344        1.56321722256743
H            0.55371049415560        1.34528061097183        0.73552166647743
H           -0.58006702627308       -1.47004216181463        0.42384678255226
H           -1.23341874410739       -0.23005826697468        1.49378911736713
H           -2.55365673923939       -0.26397358057116       -0.55119516759959
H           -1.11886689475768       -0.09319030335770       -1.55455976103905
H           -1.63302692085396        1.23906430110791       -0.51869214784552
14
 energy: -13.664165339028 gnorm: 0.001603474450 xtb: 6.7.1 (41059b4)
C            1.57583171373915       -0.05980168640005       -0.53865303210930
C            0.67347269059746        0.26287596150284        0.64723093971713
C           -0.70463506637845       -0.39247895079173        0.55121713215687
C           -1.55359612628321        0.16026780674625       -0.58827267022703
H            2.57402237929894        0.34392268146570       -0.37338473664427
H            1.66053665556216       -1.13767683544367       -0.66949423658008
H            1.18561164882453        0.37233451013224       -1.45640140475465
H            1.15958710257585       -0.08239748702396        1.56299273483921
H            0.55158121250938        1.34595317121827        0.72583434628923
H           -0.58112073658018       -1.47014990797135        0.42056470329532
H           -1.23280231786107       -0.23263343387818        1.49460484386265
H           -2.55168489678362       -0.27212400037086       -0.55935035788330
H           -1.11148063092721       -0.07465717598409       -1.55267025402945
H           -1.64578058224320        1.24134783949963       -0.50307512966153
14
 energy: -13.664172326564 gnorm: 0.001357738165 xtb: 6.7.1 (41059b4)
C            1.57622283945215       -0.06288637648517       -0.53816980630963
C            0.67357611907294        0.26234062666598        0.64675422846839
C           -0.70475576693069       -0.39250643590921        0.55102899036222
C           -1.55325544410859        0.16332418986778       -0.58734328504335
H            2.57041830291159        0.34929849158276       -0.37924796205242
H            1.66860689798310       -1.14065336343040       -0.65992050749855
H            1.17906503912561        0.35780827658617       -1.45986079659233
H            1.15917336905737       -0.07985230629694        1.56413502416306
H            0.55180457694517        1.34590286870198        0.72196594411612
H           -0.58213735871752       -1.46998170777352        0.41903266736554
H           -1.23258038197863       -0.23368805137130        1.49464626678742
H           -2.54762813180019       -0.27797881119551       -0.56757646410250
H           -1.10419234946422       -0.05868606847317       -1.55184012272988
H           -1.65477466549756        1.24234116023161       -0.49246129866328
14
 energy: -13.664175158417 gnorm: 0.001168594694 xtb: 6.7.1 (41059b4)
C            1.57573787922177       -0.06454464065457       -0.53784467438152
C            0.67413992914573        0.26137758799415        0.64714155324250
C           -0.70491889655289       -0.39186354961333        0.55093013472849
C           -1.55281223038196        0.16402790154829       -0.58731569621708
H            2.56799952275688        0.35587682003482       -0.38362827114601
H            1.67329816678652       -1.14108498729702       -0.65749990860832
H            1.17456862672693        0.35037521373094       -1.45889761632486
H            1.15954521447405       -0.08158899269696        1.56438955321686
H            0.55364337901961        1.34480189209903        0.72336565436438
H           -0.58350454396081       -1.46963746674055        0.41990240175676
H           -1.23277940997502       -0.23178667321149        1.49426981315215
H           -2.54576223715724       -0.27934431827491       -0.57051319568965
H           -1.10238064134196       -0.05405551844790       -1.55189409732882
H           -1.65723171271111        1.24222922423057       -0.49126277249407
14
 energy: -13.664177008870 gnorm: 0.000423181580 xtb: 6.7.1 (41059b4)
C            1.57757773027390       -0.06528652610245       -0.53697675467809
C            0.67413652236688        0.26214681444563        0.64617457734415
C           -0.70459195774164       -0.39195257665333        0.54918918160501
C           -1.55458205669336        0.16542395872244       -0.58653900240578
H            2.56786910602934        0.35790828992147       -0.38371506013978
H            1.67923957547509       -1.14276306999264       -0.65162102660068
H            1.17571280962216        0.34330607696712       -1.46046386558301
H            1.15825570614592       -0.08018080743329        1.56442058471959
H            0.55325861497569        1.34540709153026        0.72156099838665
H           -0.58204124159795       -1.46947613893743        0.41546388828921
H           -1.23194694570533       -0.23465740142517        1.49350510184195
H           -2.54683805091347       -0.28000839326483       -0.56926541213389
H           -1.10521427707939       -0.04905522828065       -1.55281230925688
H           -1.66129248910732        1.24397040320394       -0.48777802311766
14
 energy: -13.664177276944 gnorm: 0.000354057949 xtb: 6.7.1 (41059b4)
C            1.57770936654607       -0.06441552521858       -0.53689529990569
C            0.67401792845885        0.26151825496147        0.64651252084072
C           -0.70477583324618       -0.39240128908797        0.54916986814518
C           -1.55422117763384        0.16546686700365       -0.58685172894528
H            2.56731915397739        0.36059636644765       -0.38476387036424
H            1.68122633453029       -1.14188304561781       -0.65069650747742
H            1.17405604757684        0.34249260681701       -1.46041211338324
H            1.15808734643861       -0.08139740771977        1.56439416388188
H            0.55293025977043        1.34465633139163        0.72250525723710
H           -0.58231220397008       -1.46982249466944        0.41521608510968
H           -1.23233683028007       -0.23531313495959        1.49335520804302
H           -2.54783779586921       -0.27663286439020       -0.56763306774636
H           -1.10676182933648       -0.05232319718926       -1.55288532855462
H           -1.65755772091211        1.24424102493227       -0.48987230860994
14
 energy: -13.664177410549 gnorm: 0.000109282488 xtb: 6.7.1 (41059b4)
C            1.57790221593094       -0.06494630194705       -0.53667714472203
C            0.67396289910223        0.26184348902228        0.64635295538401
C           -0.70461074301054       -0.39250303876556        0.54880457423538
C           -1.55449522391626        0.16588155179665       -0.58670198375962
H            2.56734102723010        0.36077855229409       -0.38469563348271
H            1.68183591017447       -1.14219213479031       -0.64944059834839
H            1.17427690079974        0.34074764347090       -1.46066389984793
H            1.15789085205403       -0.08060580753395        1.56444247040844
H            0.55266732680434        1.34504761919171        0.72170335740369
H           -0.58193925610509       -1.46975951281509        0.41408459920662
H           -1.23197896411484       -0.23616754236348        1.49316085289205
H           -2.54787753862754       -0.27711239052356       -0.56774074778084
H           -1.10677677922073       -0.05079333168358       -1.55295616063765
H           -1.65865558105034        1.24456369734802       -0.48852976268022
14
 energy: -13.664177429447 gnorm: 0.000022946578 xtb: 6.7.1 (41059b4)
C            1.57787378523780       -0.06495904099818       -0.53673516739285
C            0.67395149822937        0.26180122172281        0.64630027135017
C           -0.70465504502034       -0.39248593966598        0.54882925023608
C           -1.55456849144723        0.16589508011386       -0.58663115535359
H            2.56730947056972        0.36075221472478       -0.38474786487442
H            1.68211845381778       -1.14219490742449       -0.64928619423494
H            1.17433176310735        0.34073941469186       -1.46066489190889
H            1.15794917532880       -0.08058164618911        1.56437547845780
H            0.55267337034557        1.34496997559374        0.72169804389434
H           -0.58197428848926       -1.46972656611261        0.41405289005752
H           -1.23205579783847       -0.23615882910416        1.49315961032435
H           -2.54790629880353       -0.27713360901399       -0.56778695030958
H           -1.10682906725424       -0.05068611958439       -1.55290136584410
H           -1.65867548173280        1.24455124394694       -0.48851907613110
