22
 energy: -3369.852409997612 gnorm: 0.029392513114 xtb: 6.7.1 (41059b4)
C            2.77596945993011       -1.38867171021536       -0.00014405710006
C            1.57770834669912       -0.69837413830947       -0.00016118700007
C            1.57771382769913        0.69836046630946       -0.00009307400004
C            2.77596278943010        1.38867322561536        0.00003560810002
C            3.98028227896377        0.69573870430830        0.00007560160003
C            3.98027507366377       -0.69572599610829       -0.00003065080001
Cl           5.45746113991835       -1.56988542429566       -0.00001905950001
Cl           5.45745835241834        1.56988534259566        0.00025567480011
O            0.41237054278273        1.42529429043159       -0.00014984560007
C           -0.74368274842955        0.69837578420947       -0.00012756290006
C           -0.74368411782955       -0.69838040150947       -0.00013288020006
C           -1.95086877826448       -1.39050051461617       -0.00003064340001
C           -3.16209752910121       -0.69576489430831        0.00005497680002
C           -3.16209419930121        0.69576550180831        0.00001001950000
C           -1.95086744416448        1.39050268711617       -0.00007930640004
Cl          -1.92261378575196        3.10223245687468       -0.00013600510006
Cl          -4.63870646675553        1.55848652849061        0.00008112740004
Cl          -4.63870220315553       -1.55848139049060        0.00021674870010
Cl          -1.92262178255196       -3.10223392587468       -0.00000966780000
O            0.41237154028273       -1.42530108713159       -0.00023662980010
H            2.76079624282338       -2.46588702359270       -0.00022011020010
H            2.76076605042337        2.46588405159270        0.00010434090005
22
 energy: -3369.853592546472 gnorm: 0.014953475976 xtb: 6.7.1 (41059b4)
C            2.77639406114313       -1.39111730300372       -0.00013747317787
C            1.58151524722939       -0.69643257471000       -0.00015507717527
C            1.58151866701442        0.69642331633642       -0.00009317201792
C            2.77639001485475        1.39111707823872        0.00003056146143
C            3.98489224819389        0.69914172125553        0.00006808325707
C            3.98488838940184       -0.69913337172486       -0.00003097170347
Cl           5.45768158415299       -1.59945648789008       -0.00001679796791
Cl           5.45767742065907        1.59945886031714        0.00024026764041
O            0.41290030237664        1.42299459874151       -0.00015332418222
C           -0.74750940930749        0.69740771677570       -0.00011889149249
C           -0.74751085800916       -0.69741099452822       -0.00012895855919
C           -1.95235126471214       -1.39555030650541       -0.00003143439530
C           -3.16883910497412       -0.69922059725394        0.00004938881129
C           -3.16883604181415        0.69921965221137        0.00001383841678
C           -1.95234977215692        1.39555005393684       -0.00007278539664
Cl          -1.90579342903913        3.11498756710818       -0.00011872734977
Cl          -4.65119455300377        1.56827474028193        0.00008052871935
Cl          -4.65119475454263       -1.56827007452374        0.00019571414306
Cl          -1.90579698700128       -3.11499035590156       -0.00001503811381
O            0.41290059937762       -1.42299939952162       -0.00023402863193
H            2.75891717161708       -2.47318923044778       -0.00020568174533
H            2.75889718674184        2.47318795791984        0.00009748149797
22
 energy: -3369.853799158752 gnorm: 0.005649883174 xtb: 6.7.1 (41059b4)
C            2.77669019502044       -1.39268025357455       -0.00012667911746
C            1.58374610314993       -0.69528638804701       -0.00014810745389
C            1.58374740509101        0.69528163897961       -0.00009295885226
C            2.77668821643628        1.39267929060212        0.00002388339429
C            3.98571585564088        0.69916257088387        0.00005907928625
C            3.98571461108591       -0.69915855619635       -0.00002789996023
Cl           5.46432640605759       -1.60313050644102       -0.00000963928852
Cl           5.46432194279858        1.60313457121453        0.00021420157541
O            0.41305295888965        1.42178512807682       -0.00015585614232
C           -0.74986089652691        0.69676830688035       -0.00011025908966
C           -0.74986185392226       -0.69677028586087       -0.00012546027115
C           -1.95388062490290       -1.39696692925283       -0.00003314751519
C           -3.17113469729511       -0.70020094640521        0.00004017261760
C           -3.17113297967904        0.70019934818589        0.00001697370424
C           -1.95387960443527        1.39696569212767       -0.00006132060986
Cl          -1.90478071111891        3.12201400669420       -0.00009408012048
Cl          -4.65691896485003        1.57488398780914        0.00008280215854
Cl          -4.65691955531016       -1.57488293123871        0.00016590173746
Cl          -1.90478313065946       -3.12201647265620       -0.00002206211175
O            0.41305308288101       -1.42178798700556       -0.00023037400006
H            2.75965155093043       -2.47637378420542       -0.00018615870558
H            2.75964133718236        2.47637307183249        0.00008451048789
22
 energy: -3369.853821872931 gnorm: 0.002019293662 xtb: 6.7.1 (41059b4)
C            2.77688269043319       -1.39341011817959       -0.00011758534312
C            1.58427299869427       -0.69520390794867       -0.00014287175154
C            1.58427328775432        0.69520156787884       -0.00009250354187
C            2.77688149256613        1.39340953638119        0.00001795982385
C            3.98507221074395        0.69866039560262        0.00005248490155
C            3.98507190935269       -0.69865821995516       -0.00002451914811
Cl           5.46680474262437       -1.60215755748716       -0.00000310432090
Cl           5.46680174536493        1.60216093772357        0.00019432026061
O            0.41303306816143        1.42173232248920       -0.00015625790109
C           -0.75017620461685        0.69663951644580       -0.00010535222854
C           -0.75017659132823       -0.69664102504363       -0.00012393248867
C           -1.95419981976042       -1.39653301772736       -0.00003584730268
C           -3.17068416178829       -0.69976276726659        0.00003301583537
C           -3.17068355392982        0.69976090065611        0.00001911734425
C           -1.95419962552072        1.39653141252403       -0.00005293833740
Cl          -1.90591637351023        3.12336723050491       -0.00007485379594
Cl          -4.65923839978200        1.57339241397346        0.00008682144819
Cl          -4.65923851783843       -1.57339320869347        0.00014413497542
Cl          -1.90591682291528       -3.12336930937003       -0.00002883938241
O            0.41303336314786       -1.42173415961801       -0.00022703947062
H            2.76075235326931       -2.47685659010854       -0.00017106505719
H            2.76074685802866        2.47685622680391        0.00007237897649
22
 energy: -3369.853824594579 gnorm: 0.000416275096 xtb: 6.7.1 (41059b4)
C            2.77692035217097       -1.39368810819188       -0.00010943606283
C            1.58427105084631       -0.69532064658708       -0.00013823943731
C            1.58427090984869        0.69531954739513       -0.00009230862726
C            2.77691944774704        1.39368803751813        0.00001190871772
C            3.98446203266215        0.69834171078059        0.00004664786926
C            3.98446211603832       -0.69834026635759       -0.00002131772040
Cl           5.46727390820827       -1.60148911704764        0.00000367800827
Cl           5.46727219050359        1.60149158047400        0.00017736560337
O            0.41300260995975        1.42188828677059       -0.00015568198135
C           -0.74995237887334        0.69671401632607       -0.00010207550843
C           -0.74995236558435       -0.69671537955970       -0.00012271603875
C           -1.95424559088447       -1.39598151052888       -0.00003971538324
C           -3.17022938622518       -0.69952299035383        0.00002696672610
C           -3.17022935719472        0.69952094125602        0.00002100556355
C           -1.95424587610922        1.39597981100404       -0.00004566065216
Cl          -1.90727037084524        3.12318338663382       -0.00005789838890
Cl          -4.65894292787277        1.57383556652925        0.00009144317288
Cl          -4.65894260461085       -1.57383750754299        0.00012634488806
Cl          -1.90726969916716       -3.12318517963351       -0.00003656936462
O            0.41300307945184       -1.42188956687733       -0.00022315997264
H            2.76131129776953       -2.47680026130555       -0.00015746974092
H            2.76130819104257        2.47680022381750        0.00006040795313
22
 energy: -3369.853824594579 gnorm: 0.000416275096 xtb: 6.7.1 (41059b4)
C            2.77692035217097       -1.39368810819188       -0.00010943606283
C            1.58427105084631       -0.69532064658708       -0.00013823943731
C            1.58427090984869        0.69531954739513       -0.00009230862726
C            2.77691944774704        1.39368803751813        0.00001190871772
C            3.98446203266215        0.69834171078059        0.00004664786926
C            3.98446211603832       -0.69834026635759       -0.00002131772040
Cl           5.46727390820827       -1.60148911704764        0.00000367800827
Cl           5.46727219050359        1.60149158047400        0.00017736560337
O            0.41300260995975        1.42188828677059       -0.00015568198135
C           -0.74995237887334        0.69671401632607       -0.00010207550843
C           -0.74995236558435       -0.69671537955970       -0.00012271603875
C           -1.95424559088447       -1.39598151052888       -0.00003971538324
C           -3.17022938622518       -0.69952299035383        0.00002696672610
C           -3.17022935719472        0.69952094125602        0.00002100556355
C           -1.95424587610922        1.39597981100404       -0.00004566065216
Cl          -1.90727037084524        3.12318338663382       -0.00005789838890
Cl          -4.65894292787277        1.57383556652925        0.00009144317288
Cl          -4.65894260461085       -1.57383750754299        0.00012634488806
Cl          -1.90726969916716       -3.12318517963351       -0.00003656936462
O            0.41300307945184       -1.42188956687733       -0.00022315997264
H            2.76131129776953       -2.47680026130555       -0.00015746974092
H            2.76130819104257        2.47680022381750        0.00006040795313
