#========================================================================================
#                     Free energy perturbation    
#----------------------------------------------------------------------------------------
#forward/backward          λ              ΔΔA                 ΔA                  δε   
#                                                 
#----------------------------------------------------------------------------------------
forward:               0.0000              0.0000              0.0000              0.0000  
forward:               0.0500              3.9545              3.9545              0.0585  
forward:               0.1000              1.9809              5.9354              0.0722  
forward:               0.1500              0.8935              6.8289              0.0741  
forward:               0.2000              0.3142              7.1431              0.0751  
forward:               0.2500              0.0478              7.1909              0.0756  
forward:               0.3000             -0.0939              7.0969              0.0760  
forward:               0.3500             -0.2123              6.8847              0.0762  
forward:               0.4000             -0.2845              6.6002              0.0764  
forward:               0.4500             -0.3164              6.2837              0.0766  
forward:               0.5000             -0.3833              5.9004              0.0767  
forward:               0.5500             -0.4594              5.4410              0.0769  
forward:               0.6000             -0.5795              4.8615              0.0771  
forward:               0.6500             -0.6533              4.2082              0.0772  
forward:               0.7000             -0.7068              3.5013              0.0773  
forward:               0.7500             -0.7525              2.7488              0.0774  
forward:               0.8000             -0.7828              1.9660              0.0775  
forward:               0.8500             -0.8069              1.1591              0.0776  
forward:               0.9000             -0.8323              0.3267              0.0777  
forward:               0.9500             -0.8339             -0.5072              0.0778  
forward:               1.0000             -0.8457             -1.3529              0.0779  
backward:              1.0000              0.0000             -1.3529              0.0000  
backward:              0.9500              0.8396             -0.5133              0.0052  
backward:              0.9000              0.8354              0.3222              0.0074  
backward:              0.8500              0.8253              1.1474              0.0090  
backward:              0.8000              0.8092              1.9566              0.0102  
backward:              0.7500              0.7746              2.7313              0.0117  
backward:              0.7000              0.7544              3.4856              0.0128  
backward:              0.6500              0.7008              4.1864              0.0140  
backward:              0.6000              0.6551              4.8415              0.0151  
backward:              0.5500              0.5759              5.4174              0.0161  
backward:              0.5000              0.4572              5.8746              0.0175  
backward:              0.4500              0.3751              6.2498              0.0186  
backward:              0.4000              0.3215              6.5712              0.0198  
backward:              0.3500              0.2590              6.8302              0.0218  
backward:              0.3000              0.2047              7.0349              0.0229  
backward:              0.2500              0.1058              7.1407              0.0246  
backward:              0.2000             -0.0686              7.0721              0.0275  
backward:              0.1500             -0.3176              6.7545              0.0312  
backward:              0.1000             -0.8350              5.9194              0.0481  
backward:              0.0500             -1.9308              3.9887              0.0753  
backward:              0.0000             -3.9465              0.0421              0.1498  
Inaccuracy estimation
======================================================================================================
                   i        i+δi          P0_overlap_P1   δε(forward)/ε   δε(backward)/ε
======================================================================================================
inaccuracy:  0.00000        0.05000           15.49            0.67            6.25
inaccuracy:  0.05000        0.10000           25.85           -0.08            3.16
inaccuracy:  0.10000        0.15000           39.57           -0.09            1.39
inaccuracy:  0.15000        0.20000           52.81           -0.05            0.60
inaccuracy:  0.20000        0.25000           59.52           -0.05            0.35
inaccuracy:  0.25000        0.30000           62.22           -0.05            0.23
inaccuracy:  0.30000        0.35000           66.40           -0.04            0.17
inaccuracy:  0.35000        0.40000           68.07           -0.04            0.13
inaccuracy:  0.40000        0.45000           67.39           -0.04            0.13
inaccuracy:  0.45000        0.50000           69.35           -0.04            0.10
inaccuracy:  0.50000        0.55000           65.96           -0.07            0.13
inaccuracy:  0.55000        0.60000           67.71           -0.07            0.09
inaccuracy:  0.60000        0.65000           68.45           -0.08            0.07
inaccuracy:  0.65000        0.70000           68.39           -0.07            0.07
inaccuracy:  0.70000        0.75000           69.12           -0.06            0.06
inaccuracy:  0.75000        0.80000           69.62           -0.08            0.06
inaccuracy:  0.80000        0.85000           68.93           -0.06            0.06
inaccuracy:  0.85000        0.90000           69.35           -0.08            0.06
inaccuracy:  0.90000        0.95000           68.33           -0.08            0.06
inaccuracy:  0.95000        1.00000           68.58           -0.08            0.06
===================================================================================================================================
                BAR        
-----------------------------------------------------------------------------------------------------------------------------------
BAR-estimator:         λ             λ+δλ          ΔΔA             ΔA            C               Δδe            δe       
                          
-----------------------------------------------------------------------------------------------------------------------------------
BAR-estimator:      0.00000        0.05000        4.0033         4.0033         4.0033         0.0182         0.0182 
BAR-estimator:      0.05000        0.10000        2.0132         6.0165         2.0132         0.0159         0.0242 
BAR-estimator:      0.10000        0.15000        0.8894         6.9059         0.8894         0.0108         0.0265 
BAR-estimator:      0.15000        0.20000        0.3236         7.2295         0.3236         0.0075         0.0275 
BAR-estimator:      0.20000        0.25000        0.0574         7.2869         0.0574         0.0060         0.0282 
BAR-estimator:      0.25000        0.30000       -0.0991         7.1878        -0.0991         0.0046         0.0285 
BAR-estimator:      0.30000        0.35000       -0.2060         6.9818        -0.2060         0.0039         0.0288 
BAR-estimator:      0.35000        0.40000       -0.2774         6.7044        -0.2774         0.0036         0.0290 
BAR-estimator:      0.40000        0.45000       -0.3200         6.3844        -0.3200         0.0036         0.0292 
BAR-estimator:      0.45000        0.50000       -0.3806         6.0038        -0.3806         0.0033         0.0294 
BAR-estimator:      0.50000        0.55000       -0.4563         5.5475        -0.4563         0.0037         0.0297 
BAR-estimator:      0.55000        0.60000       -0.5762         4.9713        -0.5762         0.0035         0.0299 
BAR-estimator:      0.60000        0.65000       -0.6561         4.3152        -0.6561         0.0034         0.0301 
BAR-estimator:      0.65000        0.70000       -0.7055         3.6097        -0.7055         0.0032         0.0302 
BAR-estimator:      0.70000        0.75000       -0.7525         2.8572        -0.7525         0.0033         0.0304 
BAR-estimator:      0.75000        0.80000       -0.7822         2.0750        -0.7822         0.0030         0.0306 
BAR-estimator:      0.80000        0.85000       -0.8067         1.2683        -0.8067         0.0033         0.0307 
BAR-estimator:      0.85000        0.90000       -0.8270         0.4414        -0.8270         0.0033         0.0309 
BAR-estimator:      0.90000        0.95000       -0.8360        -0.3946        -0.8360         0.0035         0.0311 
BAR-estimator:      0.95000        1.00000       -0.8460        -1.2406        -0.8460         0.0031         0.0313 
BAR-estimator: total free energy change is -1.2405800233908284 , total error is 0.031256582549863486
