#========================================================================================
#                     Free energy perturbation    
#----------------------------------------------------------------------------------------
#forward/backward          λ              ΔΔA                 ΔA                  δε   
#                                                 
#----------------------------------------------------------------------------------------
forward:               0.0000              0.0000              0.0000              0.0000  
forward:               0.0500              2.5853              2.5853              0.0331  
forward:               0.1000              1.3727              3.9580              0.0360  
forward:               0.1500              0.6433              4.6013              0.0384  
forward:               0.2000              0.3084              4.9097              0.0392  
forward:               0.2500              0.1192              5.0289              0.0400  
forward:               0.3000              0.0291              5.0580              0.0405  
forward:               0.3500             -0.0584              4.9996              0.0408  
forward:               0.4000             -0.0939              4.9057              0.0411  
forward:               0.4500             -0.1318              4.7739              0.0413  
forward:               0.5000             -0.1662              4.6077              0.0415  
forward:               0.5500             -0.2186              4.3891              0.0418  
forward:               0.6000             -0.2790              4.1100              0.0420  
forward:               0.6500             -0.3207              3.7893              0.0421  
forward:               0.7000             -0.3534              3.4359              0.0422  
forward:               0.7500             -0.3832              3.0527              0.0423  
forward:               0.8000             -0.4065              2.6462              0.0425  
forward:               0.8500             -0.4266              2.2196              0.0426  
forward:               0.9000             -0.4331              1.7865              0.0427  
forward:               0.9500             -0.4520              1.3345              0.0428  
forward:               1.0000             -0.4571              0.8774              0.0429  
backward:              1.0000              0.0000              0.8774              0.0000  
backward:              0.9500              0.4601              1.3374              0.0039  
backward:              0.9000              0.4511              1.7886              0.0055  
backward:              0.8500              0.4318              2.2204              0.0071  
backward:              0.8000              0.4194              2.6398              0.0081  
backward:              0.7500              0.4045              3.0443              0.0093  
backward:              0.7000              0.3802              3.4245              0.0100  
backward:              0.6500              0.3587              3.7832              0.0109  
backward:              0.6000              0.3306              4.1138              0.0117  
backward:              0.5500              0.2726              4.3864              0.0129  
backward:              0.5000              0.2221              4.6086              0.0140  
backward:              0.4500              0.1772              4.7857              0.0148  
backward:              0.4000              0.1433              4.9290              0.0155  
backward:              0.3500              0.1073              5.0363              0.0163  
backward:              0.3000              0.0460              5.0823              0.0175  
backward:              0.2500             -0.0206              5.0617              0.0189  
backward:              0.2000             -0.1438              4.9179              0.0216  
backward:              0.1500             -0.3194              4.5985              0.0263  
backward:              0.1000             -0.6227              3.9758              0.0347  
backward:              0.0500             -1.4016              2.5743              0.0634  
backward:              0.0000             -2.6065             -0.0322              0.0991  
Inaccuracy estimation
======================================================================================================
                   i        i+δi          P0_overlap_P1   δε(forward)/ε   δε(backward)/ε
======================================================================================================
inaccuracy:  0.00000        0.05000           24.80            0.10            3.78
inaccuracy:  0.05000        0.10000           37.05           -0.06            1.73
inaccuracy:  0.10000        0.15000           50.62           -0.04            0.76
inaccuracy:  0.15000        0.20000           60.53           -0.02            0.39
inaccuracy:  0.20000        0.25000           67.42           -0.02            0.23
inaccuracy:  0.25000        0.30000           68.17           -0.02            0.17
inaccuracy:  0.30000        0.35000           72.83           -0.01            0.12
inaccuracy:  0.35000        0.40000           71.89           -0.02            0.12
inaccuracy:  0.40000        0.45000           72.95           -0.02            0.11
inaccuracy:  0.45000        0.50000           73.28           -0.02            0.09
inaccuracy:  0.50000        0.55000           72.22           -0.03            0.09
inaccuracy:  0.55000        0.60000           74.10           -0.03            0.07
inaccuracy:  0.60000        0.65000           73.83           -0.03            0.07
inaccuracy:  0.65000        0.70000           73.71           -0.03            0.06
inaccuracy:  0.70000        0.75000           75.19           -0.03            0.06
inaccuracy:  0.75000        0.80000           75.14           -0.03            0.06
inaccuracy:  0.80000        0.85000           75.83           -0.03            0.05
inaccuracy:  0.85000        0.90000           74.65           -0.02            0.05
inaccuracy:  0.90000        0.95000           74.97           -0.03            0.05
inaccuracy:  0.95000        1.00000           74.19           -0.03            0.05
===================================================================================================================================
                BAR        
-----------------------------------------------------------------------------------------------------------------------------------
BAR-estimator:         λ             λ+δλ          ΔΔA             ΔA            C               Δδe            δe       
                          
-----------------------------------------------------------------------------------------------------------------------------------
BAR-estimator:      0.00000        0.05000        2.5992         2.5992         2.5992         0.0139         0.0139 
BAR-estimator:      0.05000        0.10000        1.3615         3.9607         1.3615         0.0094         0.0168 
BAR-estimator:      0.10000        0.15000        0.6421         4.6028         0.6421         0.0086         0.0188 
BAR-estimator:      0.15000        0.20000        0.3085         4.9113         0.3085         0.0059         0.0198 
BAR-estimator:      0.20000        0.25000        0.1269         5.0382         0.1269         0.0051         0.0204 
BAR-estimator:      0.25000        0.30000        0.0261         5.0643         0.0261         0.0040         0.0208 
BAR-estimator:      0.30000        0.35000       -0.0529         5.0113        -0.0529         0.0035         0.0211 
BAR-estimator:      0.35000        0.40000       -0.0977         4.9136        -0.0977         0.0031         0.0213 
BAR-estimator:      0.40000        0.45000       -0.1336         4.7800        -0.1336         0.0032         0.0216 
BAR-estimator:      0.45000        0.50000       -0.1709         4.6091        -0.1709         0.0028         0.0217 
BAR-estimator:      0.50000        0.55000       -0.2217         4.3875        -0.2217         0.0033         0.0220 
BAR-estimator:      0.55000        0.60000       -0.2773         4.1102        -0.2773         0.0028         0.0222 
BAR-estimator:      0.60000        0.65000       -0.3241         3.7860        -0.3241         0.0025         0.0223 
BAR-estimator:      0.65000        0.70000       -0.3557         3.4303        -0.3557         0.0024         0.0224 
BAR-estimator:      0.70000        0.75000       -0.3809         3.0494        -0.3809         0.0028         0.0226 
BAR-estimator:      0.75000        0.80000       -0.4062         2.6432        -0.4062         0.0026         0.0228 
BAR-estimator:      0.80000        0.85000       -0.4234         2.2197        -0.4234         0.0030         0.0230 
BAR-estimator:      0.85000        0.90000       -0.4345         1.7853        -0.4345         0.0027         0.0231 
BAR-estimator:      0.90000        0.95000       -0.4523         1.3330        -0.4523         0.0030         0.0233 
BAR-estimator:      0.95000        1.00000       -0.4582         0.8748        -0.4582         0.0025         0.0234 
BAR-estimator: total free energy change is 0.8748003943249584 , total error is 0.023443650374913055
