2025-04-09 00:03:54,138 -   censo.qm_processor   -   INFO   - worker135099:Running sp calculation in /home/michael/Documents/CHEM4561/automated/1773/0_PRESCREENING/CONF1/sp.
2025-04-09 00:03:54,138 -   censo.qm_processor   -   INFO   - worker135102:Running sp calculation in /home/michael/Documents/CHEM4561/automated/1773/0_PRESCREENING/CONF2/sp.
2025-04-09 00:03:57,274 -     censo.parallel     -   INFO   - All jobs executed successfully.
2025-04-09 00:03:57,293 -   censo.qm_processor   -   INFO   - worker135216:Running sp calculation in /home/michael/Documents/CHEM4561/automated/1773/1_SCREENING/CONF1/sp.
2025-04-09 00:03:57,293 -   censo.qm_processor   -   INFO   - worker135217:Running sp calculation in /home/michael/Documents/CHEM4561/automated/1773/1_SCREENING/CONF2/sp.
2025-04-09 00:04:10,540 -     censo.parallel     -   INFO   - All jobs executed successfully.
2025-04-09 00:04:10,559 -   censo.qm_processor   -   INFO   - worker135364:Running xtb_opt calculation in /home/michael/Documents/CHEM4561/automated/1773/2_OPTIMIZATION/CONF1/xtb_opt.
2025-04-09 00:04:10,559 -   censo.qm_processor   -   INFO   - worker135365:Running xtb_opt calculation in /home/michael/Documents/CHEM4561/automated/1773/2_OPTIMIZATION/CONF2/xtb_opt.
2025-04-09 00:06:24,631 -     censo.parallel     -   INFO   - All jobs executed successfully.
2025-04-09 00:06:24,647 -   censo.qm_processor   -   INFO   - worker136039:Running xtb_rrho calculation in /home/michael/Documents/CHEM4561/automated/1773/2_OPTIMIZATION/CONF1/xtb_rrho.
2025-04-09 00:06:24,648 -   censo.qm_processor   -   INFO   - worker136042:Running xtb_rrho calculation in /home/michael/Documents/CHEM4561/automated/1773/2_OPTIMIZATION/CONF2/xtb_rrho.
2025-04-09 00:06:26,478 -     censo.parallel     -   INFO   - All jobs executed successfully.
2025-04-09 00:06:26,478 -censo.ensembleopt.optimization-   INFO   - Threshold: 2.25 kcal/mol
2025-04-09 00:06:26,494 -   censo.qm_processor   -   INFO   - worker136135:Running xtb_opt calculation in /home/michael/Documents/CHEM4561/automated/1773/2_OPTIMIZATION/CONF2/xtb_opt.
2025-04-09 00:08:53,938 -     censo.parallel     -   INFO   - All jobs executed successfully.
2025-04-09 00:08:53,938 -censo.ensembleopt.optimization-   INFO   - Threshold: 2.25 kcal/mol
2025-04-09 00:08:53,954 -   censo.qm_processor   -   INFO   - worker136820:Running xtb_opt calculation in /home/michael/Documents/CHEM4561/automated/1773/2_OPTIMIZATION/CONF2/xtb_opt.
2025-04-09 00:11:15,086 -     censo.parallel     -   INFO   - All jobs executed successfully.
2025-04-09 00:11:15,086 -censo.ensembleopt.optimization-   INFO   - Threshold: 2.25 kcal/mol
2025-04-09 00:11:15,104 -   censo.qm_processor   -   INFO   - worker138098:Running xtb_opt calculation in /home/michael/Documents/CHEM4561/automated/1773/2_OPTIMIZATION/CONF2/xtb_opt.
2025-04-09 00:13:02,656 -     censo.parallel     -   INFO   - All jobs executed successfully.
2025-04-09 00:13:02,657 -censo.ensembleopt.optimization-   INFO   - Threshold: 1.50 kcal/mol
2025-04-09 00:13:02,674 -   censo.qm_processor   -   INFO   - worker138603:Running xtb_rrho calculation in /home/michael/Documents/CHEM4561/automated/1773/2_OPTIMIZATION/CONF1/xtb_rrho.
2025-04-09 00:13:02,674 -   censo.qm_processor   -   INFO   - worker138604:Running xtb_rrho calculation in /home/michael/Documents/CHEM4561/automated/1773/2_OPTIMIZATION/CONF2/xtb_rrho.
2025-04-09 00:13:03,463 -     censo.parallel     -   INFO   - All jobs executed successfully.
2025-04-09 00:13:03,483 -   censo.qm_processor   -   INFO   - worker138701:Running sp calculation in /home/michael/Documents/CHEM4561/automated/1773/3_REFINEMENT/CONF2/sp.
2025-04-09 00:13:03,483 -   censo.qm_processor   -   INFO   - worker138702:Running sp calculation in /home/michael/Documents/CHEM4561/automated/1773/3_REFINEMENT/CONF1/sp.
2025-04-09 00:15:09,473 -     censo.parallel     -   INFO   - All jobs executed successfully.
2025-04-09 00:15:09,557 -   censo.qm_processor   -   INFO   - worker139239:Running sp calculation in /home/michael/Documents/CHEM4561/automated/1773/0_PRESCREENING/CONF1/sp.
2025-04-09 00:15:09,558 -   censo.qm_processor   -   INFO   - worker139240:Running sp calculation in /home/michael/Documents/CHEM4561/automated/1773/0_PRESCREENING/CONF2/sp.
2025-04-09 00:15:10,965 -     censo.parallel     -   INFO   - All jobs executed successfully.
2025-04-09 00:15:10,982 -   censo.qm_processor   -   INFO   - worker139348:Running sp calculation in /home/michael/Documents/CHEM4561/automated/1773/1_SCREENING/CONF1/sp.
2025-04-09 00:15:10,982 -   censo.qm_processor   -   INFO   - worker139349:Running sp calculation in /home/michael/Documents/CHEM4561/automated/1773/1_SCREENING/CONF2/sp.
2025-04-09 00:15:24,276 -     censo.parallel     -   INFO   - All jobs executed successfully.
2025-04-09 00:15:24,293 -   censo.qm_processor   -   INFO   - worker139501:Running xtb_opt calculation in /home/michael/Documents/CHEM4561/automated/1773/2_OPTIMIZATION/CONF1/xtb_opt.
2025-04-09 00:15:24,293 -   censo.qm_processor   -   INFO   - worker139502:Running xtb_opt calculation in /home/michael/Documents/CHEM4561/automated/1773/2_OPTIMIZATION/CONF2/xtb_opt.
2025-04-09 00:17:38,902 -     censo.parallel     -   INFO   - All jobs executed successfully.
2025-04-09 00:17:38,918 -   censo.qm_processor   -   INFO   - worker140220:Running xtb_rrho calculation in /home/michael/Documents/CHEM4561/automated/1773/2_OPTIMIZATION/CONF1/xtb_rrho.
2025-04-09 00:17:38,919 -   censo.qm_processor   -   INFO   - worker140221:Running xtb_rrho calculation in /home/michael/Documents/CHEM4561/automated/1773/2_OPTIMIZATION/CONF2/xtb_rrho.
2025-04-09 00:17:40,753 -     censo.parallel     -   INFO   - All jobs executed successfully.
2025-04-09 00:17:40,753 -censo.ensembleopt.optimization-   INFO   - Threshold: 2.25 kcal/mol
2025-04-09 00:17:40,770 -   censo.qm_processor   -   INFO   - worker140316:Running xtb_opt calculation in /home/michael/Documents/CHEM4561/automated/1773/2_OPTIMIZATION/CONF2/xtb_opt.
2025-04-09 00:20:11,545 -     censo.parallel     -   INFO   - All jobs executed successfully.
2025-04-09 00:20:11,545 -censo.ensembleopt.optimization-   INFO   - Threshold: 2.25 kcal/mol
2025-04-09 00:20:11,561 -   censo.qm_processor   -   INFO   - worker140881:Running xtb_opt calculation in /home/michael/Documents/CHEM4561/automated/1773/2_OPTIMIZATION/CONF2/xtb_opt.
2025-04-09 00:22:38,998 -     censo.parallel     -   INFO   - All jobs executed successfully.
2025-04-09 00:22:38,999 -censo.ensembleopt.optimization-   INFO   - Threshold: 2.25 kcal/mol
2025-04-09 00:22:39,028 -   censo.qm_processor   -   INFO   - worker141553:Running xtb_opt calculation in /home/michael/Documents/CHEM4561/automated/1773/2_OPTIMIZATION/CONF2/xtb_opt.
2025-04-09 00:29:03,264 -     censo.parallel     -   INFO   - All jobs executed successfully.
2025-04-09 00:29:03,265 -censo.ensembleopt.optimization-   INFO   - Threshold: 1.50 kcal/mol
2025-04-09 00:29:03,317 -   censo.qm_processor   -   INFO   - worker143415:Running xtb_rrho calculation in /home/michael/Documents/CHEM4561/automated/1773/2_OPTIMIZATION/CONF1/xtb_rrho.
2025-04-09 00:29:03,333 -   censo.qm_processor   -   INFO   - worker143416:Running xtb_rrho calculation in /home/michael/Documents/CHEM4561/automated/1773/2_OPTIMIZATION/CONF2/xtb_rrho.
2025-04-09 00:29:08,907 -     censo.parallel     -   INFO   - All jobs executed successfully.
2025-04-09 00:29:10,092 -   censo.qm_processor   -   INFO   - worker143523:Running sp calculation in /home/michael/Documents/CHEM4561/automated/1773/3_REFINEMENT/CONF2/sp.
2025-04-09 00:29:10,160 -   censo.qm_processor   -   INFO   - worker143521:Running sp calculation in /home/michael/Documents/CHEM4561/automated/1773/3_REFINEMENT/CONF1/sp.
2025-04-09 00:38:10,353 -     censo.parallel     -   INFO   - All jobs executed successfully.
