#========================================================================================
#                     Free energy perturbation    
#----------------------------------------------------------------------------------------
#forward/backward          λ              ΔΔA                 ΔA                  δε   
#                                                 
#----------------------------------------------------------------------------------------
forward:               0.0000              0.0000              0.0000              0.0000  
forward:               0.0500              1.1716              1.1716              0.0203  
forward:               0.1000              0.6026              1.7742              0.0238  
forward:               0.1500              0.3624              2.1365              0.0282  
forward:               0.2000              0.2093              2.3458              0.0294  
forward:               0.2500              0.1442              2.4900              0.0302  
forward:               0.3000              0.0756              2.5656              0.0308  
forward:               0.3500              0.0284              2.5940              0.0313  
forward:               0.4000              0.0079              2.6020              0.0316  
forward:               0.4500             -0.0159              2.5860              0.0320  
forward:               0.5000             -0.0445              2.5415              0.0323  
forward:               0.5500             -0.0545              2.4870              0.0326  
forward:               0.6000             -0.1100              2.3770              0.0328  
forward:               0.6500             -0.1428              2.2342              0.0331  
forward:               0.7000             -0.1724              2.0618              0.0333  
forward:               0.7500             -0.1885              1.8733              0.0334  
forward:               0.8000             -0.2038              1.6695              0.0336  
forward:               0.8500             -0.2063              1.4632              0.0338  
forward:               0.9000             -0.2247              1.2385              0.0340  
forward:               0.9500             -0.2262              1.0123              0.0342  
forward:               1.0000             -0.2325              0.7798              0.0344  
backward:              1.0000              0.0000              0.7798              0.0000  
backward:              0.9500              0.2350              1.0148              0.0045  
backward:              0.9000              0.2257              1.2404              0.0059  
backward:              0.8500              0.2260              1.4664              0.0071  
backward:              0.8000              0.2139              1.6803              0.0080  
backward:              0.7500              0.2074              1.8878              0.0091  
backward:              0.7000              0.1730              2.0608              0.0102  
backward:              0.6500              0.1734              2.2342              0.0111  
backward:              0.6000              0.1312              2.3654              0.0124  
backward:              0.5500              0.1107              2.4761              0.0132  
backward:              0.5000              0.0676              2.5437              0.0141  
backward:              0.4500              0.0424              2.5862              0.0148  
backward:              0.4000              0.0210              2.6072              0.0155  
backward:              0.3500             -0.0203              2.5869              0.0162  
backward:              0.3000             -0.0391              2.5478              0.0175  
backward:              0.2500             -0.0688              2.4790              0.0186  
backward:              0.2000             -0.1333              2.3456              0.0201  
backward:              0.1500             -0.2201              2.1255              0.0222  
backward:              0.1000             -0.3511              1.7744              0.0246  
backward:              0.0500             -0.6167              1.1577              0.0309  
backward:              0.0000             -1.2015             -0.0438              0.0677  
Inaccuracy estimation
======================================================================================================
                   i        i+δi          P0_overlap_P1   δε(forward)/ε   δε(backward)/ε
======================================================================================================
inaccuracy:  0.00000        0.05000           42.53           -0.04            1.44
inaccuracy:  0.05000        0.10000           55.95           -0.02            0.66
inaccuracy:  0.10000        0.15000           62.32           -0.01            0.36
inaccuracy:  0.15000        0.20000           68.72           -0.01            0.23
inaccuracy:  0.20000        0.25000           69.94           -0.02            0.18
inaccuracy:  0.25000        0.30000           72.27           -0.01            0.14
inaccuracy:  0.30000        0.35000           75.28           -0.01            0.11
inaccuracy:  0.35000        0.40000           75.46           -0.01            0.10
inaccuracy:  0.40000        0.45000           74.90           -0.01            0.10
inaccuracy:  0.45000        0.50000           76.49           -0.01            0.09
inaccuracy:  0.50000        0.55000           73.16           -0.02            0.10
inaccuracy:  0.55000        0.60000           74.94           -0.02            0.09
inaccuracy:  0.60000        0.65000           76.87           -0.02            0.08
inaccuracy:  0.65000        0.70000           76.27           -0.02            0.08
inaccuracy:  0.70000        0.75000           77.18           -0.02            0.07
inaccuracy:  0.75000        0.80000           75.10           -0.02            0.07
inaccuracy:  0.80000        0.85000           75.07           -0.02            0.08
inaccuracy:  0.85000        0.90000           75.24           -0.02            0.07
inaccuracy:  0.90000        0.95000           75.38           -0.02            0.08
inaccuracy:  0.95000        1.00000           74.98           -0.02            0.07
===================================================================================================================================
                BAR        
-----------------------------------------------------------------------------------------------------------------------------------
BAR-estimator:         λ             λ+δλ          ΔΔA             ΔA            C               Δδe            δe       
                          
-----------------------------------------------------------------------------------------------------------------------------------
BAR-estimator:      0.00000        0.05000        1.1831         1.1831         1.1831         0.0113         0.0113 
BAR-estimator:      0.05000        0.10000        0.6147         1.7978         0.6147         0.0079         0.0138 
BAR-estimator:      0.10000        0.15000        0.3616         2.1594         0.3616         0.0069         0.0154 
BAR-estimator:      0.15000        0.20000        0.2129         2.3724         0.2129         0.0054         0.0164 
BAR-estimator:      0.20000        0.25000        0.1409         2.5132         0.1409         0.0047         0.0170 
BAR-estimator:      0.25000        0.30000        0.0743         2.5875         0.0743         0.0040         0.0175 
BAR-estimator:      0.30000        0.35000        0.0334         2.6209         0.0334         0.0036         0.0178 
BAR-estimator:      0.35000        0.40000        0.0106         2.6316         0.0106         0.0033         0.0181 
BAR-estimator:      0.40000        0.45000       -0.0179         2.6137        -0.0179         0.0034         0.0184 
BAR-estimator:      0.45000        0.50000       -0.0432         2.5705        -0.0432         0.0030         0.0187 
BAR-estimator:      0.50000        0.55000       -0.0596         2.5109        -0.0596         0.0032         0.0190 
BAR-estimator:      0.55000        0.60000       -0.1102         2.4008        -0.1102         0.0029         0.0192 
BAR-estimator:      0.60000        0.65000       -0.1384         2.2624        -0.1384         0.0033         0.0195 
BAR-estimator:      0.65000        0.70000       -0.1720         2.0903        -0.1720         0.0028         0.0197 
BAR-estimator:      0.70000        0.75000       -0.1824         1.9079        -0.1824         0.0026         0.0198 
BAR-estimator:      0.75000        0.80000       -0.2051         1.7028        -0.2051         0.0030         0.0201 
BAR-estimator:      0.80000        0.85000       -0.2085         1.4943        -0.2085         0.0031         0.0203 
BAR-estimator:      0.85000        0.90000       -0.2254         1.2689        -0.2254         0.0031         0.0205 
BAR-estimator:      0.90000        0.95000       -0.2256         1.0433        -0.2256         0.0028         0.0207 
BAR-estimator:      0.95000        1.00000       -0.2338         0.8095        -0.2338         0.0031         0.0210 
BAR-estimator: total free energy change is 0.8095077719517574 , total error is 0.020963798763588577
