#========================================================================================
#                     Free energy perturbation    
#----------------------------------------------------------------------------------------
#forward/backward          λ              ΔΔA                 ΔA                  δε   
#                                                 
#----------------------------------------------------------------------------------------
forward:               0.0000              0.0000              0.0000              0.0000  
forward:               0.0500              2.0135              2.0135              0.0262  
forward:               0.1000              0.8970              2.9105              0.0306  
forward:               0.1500              0.3708              3.2813              0.0322  
forward:               0.2000              0.1333              3.4146              0.0330  
forward:               0.2500              0.0021              3.4166              0.0336  
forward:               0.3000             -0.0824              3.3342              0.0341  
forward:               0.3500             -0.1376              3.1966              0.0344  
forward:               0.4000             -0.1721              3.0245              0.0347  
forward:               0.4500             -0.2114              2.8131              0.0349  
forward:               0.5000             -0.2412              2.5719              0.0351  
forward:               0.5500             -0.5822              1.9896              0.0358  
forward:               0.6000             -1.1250              0.8646              0.0364  
forward:               0.6500             -1.6331             -0.7685              0.0373  
forward:               0.7000             -2.0187             -2.7873              0.0382  
forward:               0.7500             -2.2884             -5.0757              0.0389  
forward:               0.8000             -2.4159             -7.4916              0.0396  
forward:               0.8500             -2.4379             -9.9294              0.0400  
forward:               0.9000             -2.4238            -12.3532              0.0403  
forward:               0.9500             -2.4054            -14.7587              0.0407  
forward:               1.0000             -2.3715            -17.1302              0.0412  
backward:              1.0000              0.0000            -17.1302              0.0000  
backward:              0.9500              2.3674            -14.7628              0.0095  
backward:              0.9000              2.3937            -12.3691              0.0156  
backward:              0.8500              2.4382             -9.9309              0.0177  
backward:              0.8000              2.4360             -7.4949              0.0199  
backward:              0.7500              2.3859             -5.1090              0.0220  
backward:              0.7000              2.2733             -2.8357              0.0244  
backward:              0.6500              2.0194             -0.8163              0.0259  
backward:              0.6000              1.6319              0.8157              0.0271  
backward:              0.5500              1.1292              1.9448              0.0280  
backward:              0.5000              0.5815              2.5264              0.0291  
backward:              0.4500              0.2366              2.7630              0.0294  
backward:              0.4000              0.2152              2.9782              0.0297  
backward:              0.3500              0.1693              3.1475              0.0302  
backward:              0.3000              0.1278              3.2754              0.0307  
backward:              0.2500              0.0796              3.3549              0.0313  
backward:              0.2000             -0.0080              3.3469              0.0324  
backward:              0.1500             -0.1377              3.2092              0.0338  
backward:              0.1000             -0.3839              2.8253              0.0369  
backward:              0.0500             -0.8531              1.9722              0.0491  
backward:              0.0000             -1.9760             -0.0038              0.0965  
Inaccuracy estimation
======================================================================================================
                   i        i+δi          P0_overlap_P1   δε(forward)/ε   δε(backward)/ε
======================================================================================================
inaccuracy:  0.00000        0.05000           27.26           -0.03            3.50
inaccuracy:  0.05000        0.10000           43.42           -0.06            1.15
inaccuracy:  0.10000        0.15000           57.89           -0.03            0.50
inaccuracy:  0.15000        0.20000           65.05           -0.01            0.27
inaccuracy:  0.20000        0.25000           69.65           -0.01            0.18
inaccuracy:  0.25000        0.30000           72.17           -0.01            0.13
inaccuracy:  0.30000        0.35000           74.19           -0.02            0.10
inaccuracy:  0.35000        0.40000           74.73           -0.02            0.09
inaccuracy:  0.40000        0.45000           75.16           -0.01            0.08
inaccuracy:  0.45000        0.50000           76.39           -0.01            0.07
inaccuracy:  0.50000        0.55000           57.31           -0.22            0.16
inaccuracy:  0.55000        0.60000           57.80           -0.31            0.06
inaccuracy:  0.60000        0.65000           58.03           -0.37           -0.01
inaccuracy:  0.65000        0.70000           58.47           -0.38           -0.06
inaccuracy:  0.70000        0.75000           59.51           -0.34           -0.09
inaccuracy:  0.75000        0.80000           60.22           -0.28           -0.09
inaccuracy:  0.80000        0.85000           58.51           -0.32           -0.11
inaccuracy:  0.85000        0.90000           57.41           -0.33           -0.10
inaccuracy:  0.90000        0.95000           56.55           -0.33           -0.10
inaccuracy:  0.95000        1.00000           56.40           -0.33           -0.09
===================================================================================================================================
                BAR        
-----------------------------------------------------------------------------------------------------------------------------------
BAR-estimator:         λ             λ+δλ          ΔΔA             ΔA            C               Δδe            δe       
                          
-----------------------------------------------------------------------------------------------------------------------------------
BAR-estimator:      0.00000        0.05000        2.0024         2.0024         2.0024         0.0125         0.0125 
BAR-estimator:      0.05000        0.10000        0.8862         2.8886         0.8862         0.0096         0.0158 
BAR-estimator:      0.10000        0.15000        0.3756         3.2642         0.3756         0.0069         0.0172 
BAR-estimator:      0.15000        0.20000        0.1356         3.3998         0.1356         0.0051         0.0180 
BAR-estimator:      0.20000        0.25000        0.0049         3.4048         0.0049         0.0043         0.0185 
BAR-estimator:      0.25000        0.30000       -0.0796         3.3252        -0.0796         0.0040         0.0190 
BAR-estimator:      0.30000        0.35000       -0.1336         3.1916        -0.1336         0.0036         0.0193 
BAR-estimator:      0.35000        0.40000       -0.1714         3.0202        -0.1714         0.0032         0.0195 
BAR-estimator:      0.40000        0.45000       -0.2133         2.8068        -0.2133         0.0026         0.0197 
BAR-estimator:      0.45000        0.50000       -0.2396         2.5672        -0.2396         0.0027         0.0199 
BAR-estimator:      0.50000        0.55000       -0.5826         1.9846        -0.5826         0.0043         0.0203 
BAR-estimator:      0.55000        0.60000       -1.1328         0.8518        -1.1328         0.0043         0.0208 
BAR-estimator:      0.60000        0.65000       -1.6283        -0.7765        -1.6283         0.0043         0.0212 
BAR-estimator:      0.65000        0.70000       -2.0168        -2.7933        -2.0168         0.0046         0.0217 
BAR-estimator:      0.70000        0.75000       -2.2833        -5.0766        -2.2833         0.0050         0.0223 
BAR-estimator:      0.75000        0.80000       -2.4024        -7.4790        -2.4024         0.0047         0.0228 
BAR-estimator:      0.80000        0.85000       -2.4360        -9.9150        -2.4360         0.0044         0.0232 
BAR-estimator:      0.85000        0.90000       -2.4308       -12.3458        -2.4308         0.0049         0.0237 
BAR-estimator:      0.90000        0.95000       -2.4008       -14.7466        -2.4008         0.0054         0.0243 
BAR-estimator:      0.95000        1.00000       -2.3698       -17.1164        -2.3698         0.0027         0.0245 
BAR-estimator: total free energy change is -17.116447445201267 , total error is 0.024485935711010196
