#========================================================================================
#                     Free energy perturbation    
#----------------------------------------------------------------------------------------
#forward/backward          λ              ΔΔA                 ΔA                  δε   
#                                                 
#----------------------------------------------------------------------------------------
forward:               0.0000              0.0000              0.0000              0.0000  
forward:               0.0500              3.1023              3.1023              0.0376  
forward:               0.1000              1.6649              4.7672              0.0479  
forward:               0.1500              0.7065              5.4736              0.0489  
forward:               0.2000              0.2458              5.7194              0.0499  
forward:               0.2500              0.0367              5.7562              0.0505  
forward:               0.3000             -0.0917              5.6644              0.0509  
forward:               0.3500             -0.1595              5.5049              0.0513  
forward:               0.4000             -0.2242              5.2807              0.0515  
forward:               0.4500             -0.2853              4.9954              0.0517  
forward:               0.5000             -0.3129              4.6826              0.0519  
forward:               0.5500             -0.5699              4.1127              0.0524  
forward:               0.6000             -0.9934              3.1193              0.0529  
forward:               0.6500             -1.3265              1.7928              0.0533  
forward:               0.7000             -1.6193              0.1735              0.0539  
forward:               0.7500             -1.8060             -1.6325              0.0545  
forward:               0.8000             -1.8920             -3.5245              0.0549  
forward:               0.8500             -1.9030             -5.4275              0.0553  
forward:               0.9000             -1.8962             -7.3238              0.0557  
forward:               0.9500             -1.8656             -9.1893              0.0560  
forward:               1.0000             -1.8438            -11.0331              0.0563  
backward:              1.0000              0.0000            -11.0331              0.0000  
backward:              0.9500              1.8198             -9.2133              0.0129  
backward:              0.9000              1.8620             -7.3513              0.0151  
backward:              0.8500              1.8943             -5.4571              0.0174  
backward:              0.8000              1.9014             -3.5557              0.0199  
backward:              0.7500              1.8888             -1.6669              0.0213  
backward:              0.7000              1.7999              0.1330              0.0232  
backward:              0.6500              1.6255              1.7585              0.0245  
backward:              0.6000              1.3390              3.0975              0.0260  
backward:              0.5500              0.9704              4.0679              0.0298  
backward:              0.5000              0.5777              4.6455              0.0310  
backward:              0.4500              0.3137              4.9592              0.0314  
backward:              0.4000              0.2732              5.2324              0.0323  
backward:              0.3500              0.2297              5.4621              0.0328  
backward:              0.3000              0.1783              5.6403              0.0335  
backward:              0.2500              0.0860              5.7263              0.0347  
backward:              0.2000             -0.0272              5.6992              0.0378  
backward:              0.1500             -0.2433              5.4558              0.0410  
backward:              0.1000             -0.7177              4.7381              0.0491  
backward:              0.0500             -1.6066              3.1315              0.0609  
backward:              0.0000             -2.9825              0.1490              0.0813  
Inaccuracy estimation
======================================================================================================
                   i        i+δi          P0_overlap_P1   δε(forward)/ε   δε(backward)/ε
======================================================================================================
inaccuracy:  0.00000        0.05000           21.27            0.22            4.13
inaccuracy:  0.05000        0.10000           29.88           -0.09            2.48
inaccuracy:  0.10000        0.15000           44.40           -0.06            1.08
inaccuracy:  0.15000        0.20000           55.60           -0.06            0.51
inaccuracy:  0.20000        0.25000           60.61           -0.05            0.29
inaccuracy:  0.25000        0.30000           65.12           -0.04            0.21
inaccuracy:  0.30000        0.35000           65.54           -0.03            0.17
inaccuracy:  0.35000        0.40000           68.47           -0.03            0.15
inaccuracy:  0.40000        0.45000           70.17           -0.04            0.12
inaccuracy:  0.45000        0.50000           70.55           -0.04            0.11
inaccuracy:  0.50000        0.55000           57.20           -0.18            0.19
inaccuracy:  0.55000        0.60000           58.54           -0.25            0.09
inaccuracy:  0.60000        0.65000           57.44           -0.33            0.04
inaccuracy:  0.65000        0.70000           58.62           -0.30            0.00
inaccuracy:  0.70000        0.75000           59.56           -0.28           -0.02
inaccuracy:  0.75000        0.80000           59.46           -0.26           -0.03
inaccuracy:  0.80000        0.85000           57.93           -0.30           -0.03
inaccuracy:  0.85000        0.90000           57.46           -0.27           -0.02
inaccuracy:  0.90000        0.95000           56.54           -0.27            0.01
inaccuracy:  0.95000        1.00000           56.14           -0.26            0.01
===================================================================================================================================
                BAR        
-----------------------------------------------------------------------------------------------------------------------------------
BAR-estimator:         λ             λ+δλ          ΔΔA             ΔA            C               Δδe            δe       
                          
-----------------------------------------------------------------------------------------------------------------------------------
BAR-estimator:      0.00000        0.05000        3.1041         3.1041         3.1041         0.0149         0.0149 
BAR-estimator:      0.05000        0.10000        1.6728         4.7769         1.6728         0.0142         0.0206 
BAR-estimator:      0.10000        0.15000        0.7212         5.4981         0.7212         0.0095         0.0227 
BAR-estimator:      0.15000        0.20000        0.2465         5.7446         0.2465         0.0068         0.0237 
BAR-estimator:      0.20000        0.25000        0.0260         5.7706         0.0260         0.0050         0.0242 
BAR-estimator:      0.25000        0.30000       -0.0916         5.6790        -0.0916         0.0046         0.0247 
BAR-estimator:      0.30000        0.35000       -0.1664         5.5126        -0.1664         0.0042         0.0250 
BAR-estimator:      0.35000        0.40000       -0.2234         5.2891        -0.2234         0.0031         0.0252 
BAR-estimator:      0.40000        0.45000       -0.2810         5.0082        -0.2810         0.0034         0.0254 
BAR-estimator:      0.45000        0.50000       -0.3126         4.6955        -0.3126         0.0031         0.0256 
BAR-estimator:      0.50000        0.55000       -0.5698         4.1257        -0.5698         0.0043         0.0260 
BAR-estimator:      0.55000        0.60000       -0.9878         3.1380        -0.9878         0.0042         0.0263 
BAR-estimator:      0.60000        0.65000       -1.3353         1.8026        -1.3353         0.0041         0.0266 
BAR-estimator:      0.65000        0.70000       -1.6207         0.1819        -1.6207         0.0048         0.0271 
BAR-estimator:      0.70000        0.75000       -1.8012        -1.6193        -1.8012         0.0047         0.0275 
BAR-estimator:      0.75000        0.80000       -1.8887        -3.5081        -1.8887         0.0040         0.0277 
BAR-estimator:      0.80000        0.85000       -1.9057        -5.4138        -1.9057         0.0042         0.0281 
BAR-estimator:      0.85000        0.90000       -1.8943        -7.3081        -1.8943         0.0048         0.0285 
BAR-estimator:      0.90000        0.95000       -1.8632        -9.1713        -1.8632         0.0050         0.0289 
BAR-estimator:      0.95000        1.00000       -1.8385       -11.0099        -1.8385         0.0050         0.0293 
BAR-estimator: total free energy change is -11.009860799843764 , total error is 0.029344793977194045
