6
 energy: -8.225741950409 gnorm: 0.017544230703 xtb: 6.7.1 (41059b4)
C            0.72157112205133        0.01543316434699        0.00001280994474
O           -0.70295694921436       -0.06715994518013        0.00004752701004
H            1.10786115510157        0.52362415134278       -0.89505066027689
H            1.09565478684737       -1.01088423162210        0.00029876543383
H            1.10787616666192        0.52412526289497        0.89478437451670
H           -1.05163087952012        0.82947328287311       -0.00009637989503
6
 energy: -8.226080229487 gnorm: 0.005840200447 xtb: 6.7.1 (41059b4)
C            0.72404349156169        0.01207990507622        0.00001653156530
O           -0.68704748974406       -0.06608558229550        0.00005417894373
H            1.09506711774092        0.52615665317019       -0.89329744123430
H            1.09122146869289       -1.01351847181892        0.00029635925213
H            1.09509126864186        0.52665230875197        0.89303402718732
H           -1.04000045496558        0.82932687177165       -0.00010721898078
6
 energy: -8.226111779300 gnorm: 0.002264405542 xtb: 6.7.1 (41059b4)
C            0.72284844453654        0.01290669144519        0.00001812196486
O           -0.68341703954048       -0.06536130992629        0.00006204233252
H            1.09651807891511        0.52517164601446       -0.89211678125491
H            1.08863197889561       -1.01158967958502        0.00029304608693
H            1.09654990742109        0.52566176154054        0.89185693411921
H           -1.04275596830016        0.82782257516673       -0.00011692651522
6
 energy: -8.226117852552 gnorm: 0.000677094550 xtb: 6.7.1 (41059b4)
C            0.72183325285175        0.01317400110929        0.00001952675879
O           -0.68260714071994       -0.06466050402502        0.00006943015568
H            1.09848355110220        0.52494415940179       -0.89169514612536
H            1.08794935296425       -1.01139057139647        0.00029041221519
H            1.09852223834407        0.52542952410137        0.89143822756642
H           -1.04580585261461        0.82711507546465       -0.00012601383733
6
 energy: -8.226118355226 gnorm: 0.000215352290 xtb: 6.7.1 (41059b4)
C            0.72135941388679        0.01320756479588        0.00002079440086
O           -0.68268303405346       -0.06432399500340        0.00007634423017
H            1.09942423462097        0.52502415516937       -0.89185688512169
H            1.08796626446002       -1.01170149843072        0.00028813542995
H            1.09946918437110        0.52550539590915        0.89160260929242
H           -1.04716066135771        0.82690006221533       -0.00013456149832
6
 energy: -8.226118433765 gnorm: 0.000026975948 xtb: 6.7.1 (41059b4)
C            0.72148053176902        0.01316482712897        0.00002103114803
O           -0.68273883956089       -0.06443625416588        0.00007751318719
H            1.09909869881041        0.52504118259657       -0.89187043151418
H            1.08803873992001       -1.01167375709806        0.00028772260566
H            1.09914471953707        0.52552173586033        0.89161665349618
H           -1.04664844854791        0.82699395033367       -0.00013605218948
