
         ______________________________________________________________
        |                                                              |
        |                                                              |
        |                   CENSO - Commandline ENSO                   |
        |                           v 2.1.2                            |
        |    energetic sorting of CREST Conformer Rotamer Ensembles    |
        |                    University of Bonn, MCTC                  |
        |                           Oct 2024                           |
        |                 based on ENSO version 2.0.1                  |
        |             L. M. Seidler, F. Bohle and S. Grimme            |
        |                                                              |
        |______________________________________________________________|

        Please cite:
        (TBA)
        S. Grimme, F. Bohle, A. Hansen, P. Pracht, S. Spicher, and M. Stahn
        J. Phys. Chem. A 2021, 125, 19, 4039-4054.
        DOI: https://doi.org/10.1021/acs.jpca.1c00971

        This program is distributed in the hope that it will be useful,
        but WITHOUT ANY WARRANTY; without even the implied warranty of
        MERCHANTABILITY or FITNESS FOR A PARTICULAR PURPOSE.

Reading configuration file from /home/michael/.censo2rc.
CALL: /home/michael/Documents/CHEM4561/censo/bin/censo -i crest_conformers.xyz --maxcores 16 -O 1
Read 5 conformers.
Number of atoms:              19
Charge:                       0
Unpaired electrons:           0


----------------------------------------------------------------------------------------------------
                                          GENERAL SETTINGS                                          
----------------------------------------------------------------------------------------------------
    
imagthr:                      -100.0
sthr:                         0.0
scale:                        1.0
temperature:                  298.15
solvent:                      h2o
sm_rrho:                      alpb
multitemp:                    False
evaluate_rrho:                False
consider_sym:                 False
bhess:                        False
rmsdbias:                     False
balance:                      False
gas-phase:                    True
copy_mo:                      True
retry_failed:                 True
trange:                       [273.15, 373.15, 5]



----------------------------------------------------------------------------------------------------
                                            PRESCREENING                                            
----------------------------------------------------------------------------------------------------
    
threshold:                    4.0
func:                         pbe-d4
basis:                        def2-sv(p)
prog:                         orca
gfnv:                         gfn2
run:                          True
template:                     False


Running sp calculation for CONF1.
Running sp calculation for CONF3.
Running sp calculation for CONF2.
Running sp calculation for CONF4.
Running sp calculation for CONF5.



-------------------------------- PRESCREENING SINGLE-POINT RESULTS ---------------------------------

CONF#       E (xTB)        ΔE (xTB)          E (DFT)          ΔE (DFT)        ΔGsolv (xTB)          Gtot             ΔGtot          Boltzmann weight   
             [Eh]         [kcal/mol]          [Eh]           [kcal/mol]        [kcal/mol]           [Eh]           [kcal/mol]        % at 298.15 K     
CONF1         ---            ---           -385.239831          0.00              ---            -385.239831          0.00               50.23         
CONF2         ---            ---           -385.239365          0.29              ---            -385.239365          0.29               30.67         
CONF3         ---            ---           -385.238438          0.87              ---            -385.238438          0.87               11.48         
CONF4         ---            ---           -385.237913          1.20              ---            -385.237913          1.20                6.59         
CONF5         ---            ---           -385.236168          2.30              ---            -385.236168          2.30                1.04         

Boltzmann averaged free energy/enthalpy of ensemble on input geometries (not DFT optimized):
temperature /K:   avE(T) /a.u.   avG(T) /a.u.
    298.15        -385.2393640    -385.2393640     <<==part0==
----------------------------------------------------------------------------------------------------

Number of conformers:         5
Highest ranked conformer:     CONF1


Ran prescreening in 3.51 seconds!

----------------------------------------------------------------------------------------------------
                                             SCREENING                                              
----------------------------------------------------------------------------------------------------
    
threshold:                    3.5
func:                         r2scan-3c
basis:                        def2-tzvp
prog:                         orca
sm:                           smd
gfnv:                         gfn2
run:                          True
implicit:                     False
template:                     False


Running sp calculation for CONF1.
Running sp calculation for CONF2.
Running sp calculation for CONF3.
Running sp calculation for CONF4.
Running sp calculation for CONF5.

----------------------------- SCREENING SINGLE-POINT (+ mRRHO) RESULTS -----------------------------

CONF#        G (xTB)          ΔG (xTB)          E (DFT)         ΔGsolv       GmRRHO          Gtot             ΔGtot          Boltzmann weight   
               [Eh]          [kcal/mol]          [Eh]            [Eh]         [Eh]           [Eh]           [kcal/mol]        % at 298.15 K     
CONF1       -26.293968          ---           -386.004742        ---          ---         -386.004742          0.00               40.12         
CONF2       -26.292678          ---           -386.004629        ---          ---         -386.004629          0.07               35.60         
CONF3       -26.291879          ---           -386.004004        ---          ---         -386.004004          0.46               18.36         
CONF4       -26.291220          ---           -386.002789        ---          ---         -386.002789          1.23                5.07         
CONF5       -26.289421          ---           -386.001104        ---          ---         -386.001104          2.28                0.85         

Boltzmann averaged free energy/enthalpy of ensemble on input geometries (not DFT optimized):
temperature /K:   avE(T) /a.u.   avG(T) /a.u.
    298.15        -386.0044360    -386.0044360     <<==part1==
----------------------------------------------------------------------------------------------------


----------------------------------- SCREENING RANKING COMPARISON -----------------------------------

CONF#       ΔGtot prescreening       ΔGtot screening   
                [kcal/mol]             [kcal/mol]      
CONF1              0.00                   0.00         
CONF2              0.29                   0.07         
CONF3              0.87                   0.46         
CONF4              1.20                   1.23         
CONF5              2.30                   2.28         
----------------------------------------------------------------------------------------------------



Number of conformers:         5
Highest ranked conformer:     CONF1


Ran screening in 14.83 seconds!

----------------------------------------------------------------------------------------------------
                                            OPTIMIZATION                                            
----------------------------------------------------------------------------------------------------
    
optcycles:                    8
maxcyc:                       200
threshold:                    1.5
hlow:                         0.01
gradthr:                      0.01
func:                         r2scan-3c
basis:                        def2-tzvp
prog:                         orca
sm:                           smd
gfnv:                         gfn2
optlevel:                     normal
run:                          True
macrocycles:                  True
crestcheck:                   True
template:                     False
constrain:                    False
xtb_opt:                      True


Optimization using macrocycles, 8 microcycles per step.
Running xtb_opt calculation for CONF1.
Running xtb_opt calculation for CONF2.
Running xtb_opt calculation for CONF3.
Running xtb_opt calculation for CONF4.
Running xtb_opt calculation for CONF5.
Running xtb_rrho calculation for CONF1.
Running xtb_rrho calculation for CONF2.
Running xtb_rrho calculation for CONF3.
Running xtb_rrho calculation for CONF4.
Running xtb_rrho calculation for CONF5.
CONF1 converged after 3 steps.
CONF2 converged after 3 steps.
CONF3 converged after 3 steps.
CONF4 converged after 4 steps.
CONF5 converged after 3 steps.

----------------------------------- OPTIMIZATION CYCLE 8 UPDATE ------------------------------------

CONF#          Gtot             ΔGtot          grad_norm       converged   
               [Eh]           [kcal/mol]        [Eh/a0]                    
CONF1       -385.882389          0.00          0.000352          True      
CONF2       -385.882374          0.01          0.000668          True      
CONF3       -385.881616          0.49          0.000357          True      
CONF4       -385.880886          0.94          0.000381          True      
CONF5       -385.878389          2.51          0.000411          True      
----------------------------------------------------------------------------------------------------
Running xtb_rrho calculation for CONF1.
Running xtb_rrho calculation for CONF2.
Running xtb_rrho calculation for CONF3.
Running xtb_rrho calculation for CONF4.
Running xtb_rrho calculation for CONF5.

--------------------------------------- OPTIMIZATION RESULTS ---------------------------------------

CONF#       E (DFT) (+ ΔGsolv)       ΔE (DFT) (+ δΔGsolv)       GmRRHO          Gtot             ΔGtot          Boltzmann weight   
                   [Eh]                   [kcal/mol]             [Eh]           [Eh]           [kcal/mol]        % at 298.15 K     
CONF1          -386.005561                   0.00                ---         -385.882389          0.00               40.31         
CONF2          -386.005455                   0.07                ---         -385.882281          0.07               35.92         
CONF3          -386.004714                   0.53                ---         -385.881616          0.49               17.78         
CONF4          -386.003551                   1.26                ---         -385.880452          1.22                5.18         
CONF5          -386.001815                   2.35                ---         -385.878713          2.31                0.82         

Boltzmann averaged free energy/enthalpy of ensemble on optimized geometries:
temperature /K:   avE(T) /a.u.   avG(T) /a.u.
    298.15        -386.0052375    -385.8820824     <<==part2==
----------------------------------------------------------------------------------------------------


--------------------------------------- OPTIMIZATION RESULTS ---------------------------------------

CONF#       E (DFT) (+ ΔGsolv)       ΔE (DFT) (+ δΔGsolv)       GmRRHO          Gtot             ΔGtot          Boltzmann weight   
                   [Eh]                   [kcal/mol]             [Eh]           [Eh]           [kcal/mol]        % at 298.15 K     
CONF1          -386.005561                   0.00                ---         -385.882389          0.00               40.31         
CONF2          -386.005455                   0.07                ---         -385.882281          0.07               35.92         
CONF3          -386.004714                   0.53                ---         -385.881616          0.49               17.78         
CONF4          -386.003551                   1.26                ---         -385.880452          1.22                5.18         
CONF5          -386.001815                   2.35                ---         -385.878713          2.31                0.82         

Boltzmann averaged free energy/enthalpy of ensemble on optimized geometries:
temperature /K:   avE(T) /a.u.   avG(T) /a.u.
    298.15        -386.0052375    -385.8820824     <<==part2==
----------------------------------------------------------------------------------------------------


--------------------------------- OPTIMIZATION RANKING COMPARISON ----------------------------------

CONF#       ΔGtot prescreening       ΔGtot screening       ΔGtot optimization   
                [kcal/mol]             [kcal/mol]              [kcal/mol]       
CONF1              0.00                   0.00                    0.00          
CONF2              0.29                   0.07                    0.07          
CONF3              0.87                   0.46                    0.49          
CONF4              1.20                   1.23                    1.22          
CONF5              2.30                   2.28                    2.31          
----------------------------------------------------------------------------------------------------



Number of conformers:         5
Highest ranked conformer:     CONF1


Ran optimization in 79.82 seconds!

----------------------------------------------------------------------------------------------------
                                             REFINEMENT                                             
----------------------------------------------------------------------------------------------------
    
threshold:                    0.95
func:                         wb97x-v
basis:                        def2-tzvp
prog:                         orca
sm:                           smd
gfnv:                         gfn2
run:                          True
implicit:                     False
template:                     False


Running sp calculation for CONF1.
Running sp calculation for CONF2.
Running sp calculation for CONF3.
Running sp calculation for CONF5.
Running sp calculation for CONF4.
No longer considering CONF1.
No longer considering CONF2.
No longer considering CONF3.

---------------------------- REFINEMENT SINGLE-POINT (+ mRRHO) RESULTS -----------------------------

CONF#         E (DFT)         ΔGsolv       GmRRHO          Gtot             ΔGtot          Boltzmann weight   
               [Eh]            [Eh]         [Eh]           [Eh]           [kcal/mol]        % at 298.15 K     
CONF4       -386.119847        ---          ---         -386.119847          0.00               84.20         
CONF5       -386.118267        ---          ---         -386.118267          0.99               15.80         

Boltzmann averaged free energy/enthalpy of ensemble (high level single-points):
temperature /K:   avE(T) /a.u.   avG(T) /a.u.
    298.15        -386.1195970    -386.1195970     <<==part3==
----------------------------------------------------------------------------------------------------


---------------------------------- REFINEMENT RANKING COMPARISON -----------------------------------

CONF#       ΔGtot prescreening       ΔGtot screening       ΔGtot optimization       ΔGtot refinement   
                [kcal/mol]             [kcal/mol]              [kcal/mol]              [kcal/mol]      
CONF4              0.00                   0.00                    0.00                    0.00         
CONF5              1.09                   1.06                    1.09                    0.99         
----------------------------------------------------------------------------------------------------



Number of conformers:         2
Highest ranked conformer:     CONF4


Ran refinement in 127.94 seconds!

Ran CENSO in 00:03:46

CENSO all done!
