#========================================================================================
#                     Free energy perturbation    
#----------------------------------------------------------------------------------------
#forward/backward          λ              ΔΔA                 ΔA                  δε   
#                                                 
#----------------------------------------------------------------------------------------
forward:               0.0000              0.0000              0.0000              0.0000  
forward:               0.0500              0.6945              0.6945              0.0102  
forward:               0.1000              0.3699              1.0644              0.0120  
forward:               0.1500              0.2259              1.2903              0.0132  
forward:               0.2000              0.1573              1.4476              0.0141  
forward:               0.2500              0.1178              1.5654              0.0146  
forward:               0.3000              0.0834              1.6487              0.0148  
forward:               0.3500              0.0670              1.7158              0.0152  
forward:               0.4000              0.0471              1.7628              0.0155  
forward:               0.4500              0.0325              1.7953              0.0158  
forward:               0.5000              0.0215              1.8168              0.0159  
forward:               0.5500             -0.0015              1.8153              0.0162  
forward:               0.6000             -0.0501              1.7652              0.0167  
forward:               0.6500             -0.0773              1.6879              0.0169  
forward:               0.7000             -0.1067              1.5812              0.0171  
forward:               0.7500             -0.1271              1.4541              0.0173  
forward:               0.8000             -0.1456              1.3084              0.0175  
forward:               0.8500             -0.1595              1.1490              0.0177  
forward:               0.9000             -0.1737              0.9753              0.0178  
forward:               0.9500             -0.1858              0.7895              0.0180  
forward:               1.0000             -0.1965              0.5930              0.0181  
backward:              1.0000              0.0000              0.5930              0.0000  
backward:              0.9500              0.1922              0.7852              0.0038  
backward:              0.9000              0.1836              0.9689              0.0054  
backward:              0.8500              0.1706              1.1395              0.0063  
backward:              0.8000              0.1660              1.3054              0.0069  
backward:              0.7500              0.1440              1.4495              0.0075  
backward:              0.7000              0.1215              1.5710              0.0081  
backward:              0.6500              0.1056              1.6766              0.0086  
backward:              0.6000              0.0778              1.7545              0.0094  
backward:              0.5500              0.0415              1.7959              0.0101  
backward:              0.5000             -0.0020              1.7940              0.0108  
backward:              0.4500             -0.0228              1.7712              0.0113  
backward:              0.4000             -0.0293              1.7419              0.0117  
backward:              0.3500             -0.0467              1.6952              0.0122  
backward:              0.3000             -0.0584              1.6368              0.0129  
backward:              0.2500             -0.0849              1.5519              0.0136  
backward:              0.2000             -0.1132              1.4387              0.0143  
backward:              0.1500             -0.1618              1.2769              0.0159  
backward:              0.1000             -0.2287              1.0483              0.0171  
backward:              0.0500             -0.3674              0.6809              0.0203  
backward:              0.0000             -0.6536              0.0274              0.0293  
Inaccuracy estimation
======================================================================================================
                   i        i+δi          P0_overlap_P1   δε(forward)/ε   δε(backward)/ε
======================================================================================================
inaccuracy:  0.00000        0.05000           52.98           -0.00            1.08
inaccuracy:  0.05000        0.10000           66.71           -0.00            0.32
inaccuracy:  0.10000        0.15000           74.65           -0.00            0.17
inaccuracy:  0.15000        0.20000           76.73           -0.00            0.12
inaccuracy:  0.20000        0.25000           78.07           -0.00            0.10
inaccuracy:  0.25000        0.30000           80.31           -0.00            0.08
inaccuracy:  0.30000        0.35000           79.93           -0.00            0.08
inaccuracy:  0.35000        0.40000           81.78           -0.00            0.07
inaccuracy:  0.40000        0.45000           81.60           -0.00            0.06
inaccuracy:  0.45000        0.50000           82.08           -0.00            0.06
inaccuracy:  0.50000        0.55000           79.62           -0.01            0.06
inaccuracy:  0.55000        0.60000           81.21           -0.01            0.05
inaccuracy:  0.60000        0.65000           80.86           -0.01            0.05
inaccuracy:  0.65000        0.70000           80.78           -0.01            0.04
inaccuracy:  0.70000        0.75000           81.98           -0.01            0.05
inaccuracy:  0.75000        0.80000           81.32           -0.01            0.04
inaccuracy:  0.80000        0.85000           80.06           -0.01            0.05
inaccuracy:  0.85000        0.90000           81.05           -0.01            0.04
inaccuracy:  0.90000        0.95000           80.89           -0.01            0.04
inaccuracy:  0.95000        1.00000           81.23           -0.01            0.04
===================================================================================================================================
                BAR        
-----------------------------------------------------------------------------------------------------------------------------------
BAR-estimator:         λ             λ+δλ          ΔΔA             ΔA            C               Δδe            δe       
                          
-----------------------------------------------------------------------------------------------------------------------------------
BAR-estimator:      0.00000        0.05000        0.7006         0.7006         0.7006         0.0071         0.0071 
BAR-estimator:      0.05000        0.10000        0.3672         1.0678         0.3672         0.0038         0.0081 
BAR-estimator:      0.10000        0.15000        0.2298         1.2976         0.2298         0.0037         0.0089 
BAR-estimator:      0.15000        0.20000        0.1576         1.4552         0.1576         0.0030         0.0094 
BAR-estimator:      0.20000        0.25000        0.1174         1.5726         0.1174         0.0026         0.0097 
BAR-estimator:      0.25000        0.30000        0.0847         1.6573         0.0847         0.0026         0.0101 
BAR-estimator:      0.30000        0.35000        0.0637         1.7210         0.0637         0.0024         0.0103 
BAR-estimator:      0.35000        0.40000        0.0480         1.7690         0.0480         0.0023         0.0106 
BAR-estimator:      0.40000        0.45000        0.0318         1.8009         0.0318         0.0022         0.0108 
BAR-estimator:      0.45000        0.50000        0.0220         1.8228         0.0220         0.0017         0.0109 
BAR-estimator:      0.50000        0.55000       -0.0007         1.8221        -0.0007         0.0023         0.0112 
BAR-estimator:      0.55000        0.60000       -0.0462         1.7759        -0.0462         0.0021         0.0114 
BAR-estimator:      0.60000        0.65000       -0.0778         1.6981        -0.0778         0.0020         0.0115 
BAR-estimator:      0.65000        0.70000       -0.1066         1.5915        -0.1066         0.0020         0.0117 
BAR-estimator:      0.70000        0.75000       -0.1250         1.4665        -0.1250         0.0020         0.0119 
BAR-estimator:      0.75000        0.80000       -0.1459         1.3206        -0.1459         0.0021         0.0121 
BAR-estimator:      0.80000        0.85000       -0.1615         1.1591        -0.1615         0.0019         0.0122 
BAR-estimator:      0.85000        0.90000       -0.1736         0.9854        -0.1736         0.0019         0.0124 
BAR-estimator:      0.90000        0.95000       -0.1858         0.7996        -0.1858         0.0019         0.0125 
BAR-estimator:      0.95000        1.00000       -0.1951         0.6045        -0.1951         0.0018         0.0127 
BAR-estimator: total free energy change is 0.6045330005722804 , total error is 0.012667305916715763
