14
 energy: -307.632700703703 gnorm: 0.004831326581 xtb: 6.7.1 (41059b4)
C           -2.17909485422643        0.35870679183543        0.68593543620901
C           -1.32414828175340        0.47221678949564       -0.58459416344621
C            0.01964060616011       -0.17922188243242       -0.37354994581824
O            0.28337691709427       -1.33719911412418       -0.60903909968484
O            0.90179359670150        0.69650340230120        0.17074012602273
C            2.20465081267432        0.15311573063771        0.45496115059399
H           -3.16682342666725        0.79319942611434        0.51251112195503
H           -2.31070788403464       -0.68835327140555        0.96992959546641
H           -1.71320605870878        0.88935213966956        1.51961348744057
H           -1.18262851823773        1.52317850823767       -0.84925200730961
H           -1.81117180057420       -0.04592582547736       -1.41350685001216
H            2.76327033318805        0.01260014912136       -0.47388708434133
H            2.12049585087424       -0.80784962565682        0.96975914081006
H            2.70171814756346        0.88880008744668        1.08818872167555
14
 energy: -307.632741268524 gnorm: 0.001524188687 xtb: 6.7.1 (41059b4)
C           -2.17886954713106        0.35731314779646        0.68595659675213
C           -1.32458966478826        0.47300350247226       -0.58496886770085
C            0.01950001141641       -0.17740388550612       -0.37594875257022
O            0.28407030440547       -1.33263003203724       -0.61610927758543
O            0.90202797913251        0.69650565357019        0.17058260667934
C            2.20538040045804        0.15209526148045        0.45758620120111
H           -3.16746094154450        0.79194541053076        0.51603144942248
H           -2.30938139154561       -0.69065929421455        0.96903115694936
H           -1.71080827991848        0.88713786426030        1.51979563287265
H           -1.18558747290435        1.52477090516596       -0.84964055573858
H           -1.81136437862660       -0.04425302592511       -1.41503112867118
H            2.76163266067012        0.00138465212594       -0.47205898692185
H            2.11806208514287       -0.80345064662947        0.98034345829821
H            2.70455352607723        0.89336375739809        1.08224031360510
14
 energy: -307.632818573907 gnorm: 0.006949970718 xtb: 6.7.1 (41059b4)
C           -2.17414360457578        0.35046619401121        0.68690171939710
C           -1.32654415036183        0.47799780544520       -0.58759351785833
C            0.02099533996818       -0.16701986251062       -0.39040533277026
O            0.29102352730005       -1.31421166145706       -0.64919007930692
O            0.90063901739945        0.70046871278501        0.17113732542366
C            2.20359493702237        0.14787701829831        0.46825814134052
H           -3.16573499586660        0.78507513516790        0.53071900641603
H           -2.30022846725570       -0.70098617844796        0.96376314332398
H           -1.69894864607652        0.87474000775119        1.52229869041798
H           -1.19836549286824        1.53305275795836       -0.84994101712252
H           -1.81303837295270       -0.03625640935597       -1.42094388461423
H            2.74783370759544       -0.05435187936923       -0.46260898557527
H            2.10363921871301       -0.78146037300663        1.03365195158617
H            2.71644246477010        0.91373179329348        1.05176367363637
14
 energy: -307.632861660015 gnorm: 0.005403671895 xtb: 6.7.1 (41059b4)
C           -2.17125393113458        0.34809102893219        0.68714035144206
C           -1.32709112350817        0.47980631098447       -0.58904183062452
C            0.02146279307542       -0.16379993533233       -0.39368372029621
O            0.29527797906819       -1.30885475690822       -0.66124817133892
O            0.89860050343877        0.70217169223635        0.17403288216992
C            2.20087256847302        0.14721426264592        0.47079057090475
H           -3.16312857781923        0.78268588263015        0.53396975078732
H           -2.29638738690524       -0.70397028896953        0.96121151769961
H           -1.69476946599880        0.87000468135769        1.52291300912173
H           -1.20055744718956        1.53555242818204       -0.84873996191813
H           -1.81434169181787       -0.03343774489891       -1.42238929562527
H            2.73830075100181       -0.07324186595348       -0.45919094225402
H            2.09901604346580       -0.77210031514111        1.05254472084351
H            2.72116323329713        0.91900160094684        1.03950232576027
14
 energy: -307.632937217688 gnorm: 0.004017217154 xtb: 6.7.1 (41059b4)
C           -2.16011625100605        0.33993079047440        0.68839010523971
C           -1.32847783765097        0.48597052174950       -0.59433762213759
C            0.02615259688208       -0.15034699142453       -0.41352752576789
O            0.31254501661979       -1.28891811025704       -0.70670149823090
O            0.89003897786573        0.70739661636082        0.18691643412045
C            2.18849506098768        0.14504581725316        0.48128360326050
H           -3.15345371554641        0.77386466157059        0.54698533670036
H           -2.28125633517057       -0.71446524365017        0.95148515630538
H           -1.67829837476202        0.85306432527788        1.52488814337531
H           -1.20726429527078        1.54392906585296       -0.84412974291893
H           -1.82039495956058       -0.02392036784759       -1.42586149513699
H            2.69750539972452       -0.14367646442377       -0.44511990062797
H            2.08334960975528       -0.73629283385760        1.12377897006442
H            2.73833843786762        0.93754082075461        0.99376254979554
14
 energy: -307.632953995506 gnorm: 0.002141917872 xtb: 6.7.1 (41059b4)
C           -2.16108582805281        0.34150349579110        0.68788261604698
C           -1.32799232413512        0.48506823631301       -0.59415161834470
C            0.02473552499292       -0.15361035154679       -0.40808989290174
O            0.31065355545395       -1.29222224957678       -0.70059428803313
O            0.88941125427121        0.70474918950645        0.18914515872495
C            2.18858503270289        0.14619611308451        0.47928899957581
H           -3.15383456326662        0.77542400899121        0.54368373835196
H           -2.28314372647914       -0.71228249471903        0.95235251909263
H           -1.68040127625448        0.85585054449202        1.52399170032982
H           -1.20406224476265        1.54236610371473       -0.84451407395380
H           -1.81956830627174       -0.02520686295043       -1.42548005174607
H            2.69806343312800       -0.13188527752075       -0.44597364401484
H            2.08984446498184       -0.73930708829193        1.11183523547634
H            2.73595855199547        0.93247925712339        0.99843597124866
14
 energy: -307.632961112072 gnorm: 0.001327700772 xtb: 6.7.1 (41059b4)
C           -2.16001724122075        0.33979272730319        0.68776970121180
C           -1.32793635643441        0.48662302082625       -0.59473945937084
C            0.02495228293725       -0.15187302624773       -0.40994813908155
O            0.31288950373441       -1.28806046510885       -0.70876359837988
O            0.88830358684017        0.70440915282891        0.19200391002843
C            2.18710399122428        0.14580672484342        0.48134602007929
H           -3.15323454839525        0.77360213319869        0.54590327288815
H           -2.28123265242453       -0.71485501546087        0.94977019840474
H           -1.67832537961495        0.85223332336547        1.52460017978648
H           -1.20484818995675        1.54461085903213       -0.84312343569105
H           -1.81966654543829       -0.02220112051232       -1.42689562727391
H            2.69030062818825       -0.14643800095915       -0.44399105845800
H            2.08899221292683       -0.73195085388835        1.12592969931828
H            2.73988216985496        0.93742313269582        0.98795111351186
14
 energy: -307.632964692799 gnorm: 0.000847476849 xtb: 6.7.1 (41059b4)
C           -2.16080747202969        0.33873594950521        0.68749244068592
C           -1.32753815429012        0.48777514741856       -0.59419095425894
C            0.02543811389105       -0.15087373698849       -0.41196923305740
O            0.31328066063521       -1.28563409254315       -0.71325481134265
O            0.88804189361175        0.70270188593482        0.19453594459654
C            2.18709468669534        0.14542710390135        0.48252460545472
H           -3.15436420111665        0.77240018530724        0.54668643319477
H           -2.28159746147008       -0.71666414722444        0.94757155251073
H           -1.67906871539938        0.84977199951607        1.52541628309374
H           -1.20460852649888        1.54626935140141       -0.84113883042272
H           -1.81900863486758       -0.01926759539561       -1.42774612279867
H            2.68568983651151       -0.15619302398453       -0.44271587581862
H            2.09160519589883       -0.72645518342790        1.13562288523524
H            2.74300629759658        0.94112877519275        0.97897888415160
14
 energy: -307.632964692799 gnorm: 0.000847476849 xtb: 6.7.1 (41059b4)
C           -2.16080747202969        0.33873594950521        0.68749244068592
C           -1.32753815429012        0.48777514741856       -0.59419095425894
C            0.02543811389105       -0.15087373698849       -0.41196923305740
O            0.31328066063521       -1.28563409254315       -0.71325481134265
O            0.88804189361175        0.70270188593482        0.19453594459654
C            2.18709468669534        0.14542710390135        0.48252460545472
H           -3.15436420111665        0.77240018530724        0.54668643319477
H           -2.28159746147008       -0.71666414722444        0.94757155251073
H           -1.67906871539938        0.84977199951607        1.52541628309374
H           -1.20460852649888        1.54626935140141       -0.84113883042272
H           -1.81900863486758       -0.01926759539561       -1.42774612279867
H            2.68568983651151       -0.15619302398453       -0.44271587581862
H            2.09160519589883       -0.72645518342790        1.13562288523524
H            2.74300629759658        0.94112877519275        0.97897888415160
