#========================================================================================
#                     Free energy perturbation    
#----------------------------------------------------------------------------------------
#forward/backward          λ              ΔΔA                 ΔA                  δε   
#                                                 
#----------------------------------------------------------------------------------------
forward:               0.0000              0.0000              0.0000              0.0000  
forward:               0.0500              1.4976              1.4976              0.0173  
forward:               0.1000              0.7567              2.2543              0.0218  
forward:               0.1500              0.4066              2.6609              0.0235  
forward:               0.2000              0.2140              2.8749              0.0245  
forward:               0.2500              0.1142              2.9891              0.0252  
forward:               0.3000              0.0553              3.0444              0.0256  
forward:               0.3500              0.0080              3.0524              0.0261  
forward:               0.4000             -0.0281              3.0243              0.0266  
forward:               0.4500             -0.0510              2.9733              0.0269  
forward:               0.5000             -0.0717              2.9016              0.0272  
forward:               0.5500             -0.1637              2.7379              0.0276  
forward:               0.6000             -0.3157              2.4222              0.0279  
forward:               0.6500             -0.4491              1.9731              0.0282  
forward:               0.7000             -0.5636              1.4095              0.0285  
forward:               0.7500             -0.6783              0.7312              0.0289  
forward:               0.8000             -0.7385             -0.0073              0.0292  
forward:               0.8500             -0.7847             -0.7920              0.0294  
forward:               0.9000             -0.8246             -1.6166              0.0297  
forward:               0.9500             -0.8458             -2.4624              0.0299  
forward:               1.0000             -0.8635             -3.3259              0.0302  
backward:              1.0000              0.0000             -3.3259              0.0000  
backward:              0.9500              0.8618             -2.4641              0.0052  
backward:              0.9000              0.8385             -1.6255              0.0071  
backward:              0.8500              0.8198             -0.8057              0.0083  
backward:              0.8000              0.7799             -0.0258              0.0105  
backward:              0.7500              0.7365              0.7107              0.0114  
backward:              0.7000              0.6717              1.3824              0.0124  
backward:              0.6500              0.5691              1.9515              0.0136  
backward:              0.6000              0.4495              2.4010              0.0145  
backward:              0.5500              0.3026              2.7036              0.0154  
backward:              0.5000              0.1581              2.8617              0.0164  
backward:              0.4500              0.0726              2.9343              0.0169  
backward:              0.4000              0.0505              2.9847              0.0175  
backward:              0.3500              0.0073              2.9920              0.0203  
backward:              0.3000             -0.0026              2.9895              0.0209  
backward:              0.2500             -0.0502              2.9393              0.0216  
backward:              0.2000             -0.1204              2.8189              0.0226  
backward:              0.1500             -0.2077              2.6113              0.0243  
backward:              0.1000             -0.4015              2.2098              0.0283  
backward:              0.0500             -0.7850              1.4248              0.0417  
backward:              0.0000             -1.4436             -0.0188              0.0482  
Inaccuracy estimation
======================================================================================================
                   i        i+δi          P0_overlap_P1   δε(forward)/ε   δε(backward)/ε
======================================================================================================
inaccuracy:  0.00000        0.05000           36.26           -0.04            1.70
inaccuracy:  0.05000        0.10000           50.61           -0.03            0.87
inaccuracy:  0.10000        0.15000           60.70           -0.01            0.45
inaccuracy:  0.15000        0.20000           66.99           -0.01            0.23
inaccuracy:  0.20000        0.25000           71.26           -0.01            0.17
inaccuracy:  0.25000        0.30000           72.95           -0.01            0.14
inaccuracy:  0.30000        0.35000           74.06           -0.01            0.11
inaccuracy:  0.35000        0.40000           76.90           -0.01            0.09
inaccuracy:  0.40000        0.45000           76.64           -0.01            0.09
inaccuracy:  0.45000        0.50000           76.77           -0.01            0.08
inaccuracy:  0.50000        0.55000           71.12           -0.05            0.10
inaccuracy:  0.55000        0.60000           72.43           -0.06            0.08
inaccuracy:  0.60000        0.65000           70.80           -0.06            0.07
inaccuracy:  0.65000        0.70000           70.77           -0.07            0.06
inaccuracy:  0.70000        0.75000           72.05           -0.06            0.05
inaccuracy:  0.75000        0.80000           72.43           -0.07            0.04
inaccuracy:  0.80000        0.85000           71.12           -0.07            0.04
inaccuracy:  0.85000        0.90000           72.07           -0.07            0.04
inaccuracy:  0.90000        0.95000           71.93           -0.06            0.04
inaccuracy:  0.95000        1.00000           71.40           -0.07            0.04
===================================================================================================================================
                BAR        
-----------------------------------------------------------------------------------------------------------------------------------
BAR-estimator:         λ             λ+δλ          ΔΔA             ΔA            C               Δδe            δe       
                          
-----------------------------------------------------------------------------------------------------------------------------------
BAR-estimator:      0.00000        0.05000        1.4939         1.4939         1.4939         0.0091         0.0091 
BAR-estimator:      0.05000        0.10000        0.7712         2.2652         0.7712         0.0081         0.0122 
BAR-estimator:      0.10000        0.15000        0.4063         2.6715         0.4063         0.0058         0.0135 
BAR-estimator:      0.15000        0.20000        0.2126         2.8841         0.2126         0.0046         0.0143 
BAR-estimator:      0.20000        0.25000        0.1175         3.0016         0.1175         0.0038         0.0147 
BAR-estimator:      0.25000        0.30000        0.0541         3.0557         0.0541         0.0034         0.0151 
BAR-estimator:      0.30000        0.35000        0.0051         3.0609         0.0051         0.0034         0.0155 
BAR-estimator:      0.35000        0.40000       -0.0229         3.0380        -0.0229         0.0030         0.0158 
BAR-estimator:      0.40000        0.45000       -0.0495         2.9885        -0.0495         0.0029         0.0161 
BAR-estimator:      0.45000        0.50000       -0.0720         2.9164        -0.0720         0.0026         0.0163 
BAR-estimator:      0.50000        0.55000       -0.1612         2.7552        -0.1612         0.0030         0.0166 
BAR-estimator:      0.55000        0.60000       -0.3115         2.4437        -0.3115         0.0029         0.0168 
BAR-estimator:      0.60000        0.65000       -0.4480         1.9957        -0.4480         0.0031         0.0171 
BAR-estimator:      0.65000        0.70000       -0.5672         1.4285        -0.5672         0.0030         0.0174 
BAR-estimator:      0.70000        0.75000       -0.6738         0.7547        -0.6738         0.0031         0.0176 
BAR-estimator:      0.75000        0.80000       -0.7356         0.0191        -0.7356         0.0037         0.0180 
BAR-estimator:      0.80000        0.85000       -0.7848        -0.7657        -0.7848         0.0024         0.0182 
BAR-estimator:      0.85000        0.90000       -0.8236        -1.5893        -0.8236         0.0027         0.0184 
BAR-estimator:      0.90000        0.95000       -0.8427        -2.4320        -0.8427         0.0032         0.0186 
BAR-estimator:      0.95000        1.00000       -0.8654        -3.2975        -0.8654         0.0032         0.0189 
BAR-estimator: total free energy change is -3.2974792623551763 , total error is 0.01890638432519117
