#========================================================================================
#                     Free energy perturbation    
#----------------------------------------------------------------------------------------
#forward/backward          λ              ΔΔA                 ΔA                  δε   
#                                                 
#----------------------------------------------------------------------------------------
forward:               0.0000              0.0000              0.0000              0.0000  
forward:               0.0500              1.7273              1.7273              0.0239  
forward:               0.1000              0.8629              2.5902              0.0276  
forward:               0.1500              0.4496              3.0398              0.0300  
forward:               0.2000              0.1964              3.2362              0.0310  
forward:               0.2500              0.1030              3.3392              0.0316  
forward:               0.3000              0.0130              3.3522              0.0322  
forward:               0.3500             -0.0351              3.3171              0.0325  
forward:               0.4000             -0.0698              3.2473              0.0329  
forward:               0.4500             -0.1095              3.1378              0.0332  
forward:               0.5000             -0.1276              3.0102              0.0335  
forward:               0.5500             -0.2921              2.7181              0.0344  
forward:               0.6000             -0.6004              2.1177              0.0351  
forward:               0.6500             -0.8429              1.2747              0.0360  
forward:               0.7000             -1.0344              0.2403              0.0371  
forward:               0.7500             -1.1602             -0.9200              0.0381  
forward:               0.8000             -1.2169             -2.1368              0.0384  
forward:               0.8500             -1.2139             -3.3508              0.0388  
forward:               0.9000             -1.2088             -4.5596              0.0390  
forward:               0.9500             -1.1852             -5.7448              0.0394  
forward:               1.0000             -1.1791             -6.9239              0.0396  
backward:              1.0000              0.0000             -6.9239              0.0000  
backward:              0.9500              1.1616             -5.7623              0.0061  
backward:              0.9000              1.1840             -4.5783              0.0108  
backward:              0.8500              1.2127             -3.3655              0.0122  
backward:              0.8000              1.2182             -2.1473              0.0138  
backward:              0.7500              1.2154             -0.9319              0.0151  
backward:              0.7000              1.1354              0.2036              0.0173  
backward:              0.6500              1.0342              1.2378              0.0197  
backward:              0.6000              0.8273              2.0651              0.0215  
backward:              0.5500              0.5902              2.6553              0.0227  
backward:              0.5000              0.2936              2.9489              0.0242  
backward:              0.4500              0.1191              3.0680              0.0248  
backward:              0.4000              0.1014              3.1694              0.0255  
backward:              0.3500              0.0649              3.2343              0.0261  
backward:              0.3000              0.0315              3.2658              0.0269  
backward:              0.2500             -0.0065              3.2593              0.0277  
backward:              0.2000             -0.0840              3.1753              0.0290  
backward:              0.1500             -0.2211              2.9542              0.0313  
backward:              0.1000             -0.4253              2.5289              0.0344  
backward:              0.0500             -0.9140              1.6149              0.0750  
backward:              0.0000             -1.7042             -0.0893              0.0857  
Inaccuracy estimation
======================================================================================================
                   i        i+δi          P0_overlap_P1   δε(forward)/ε   δε(backward)/ε
======================================================================================================
inaccuracy:  0.00000        0.05000           33.43           -0.03            2.04
inaccuracy:  0.05000        0.10000           46.38           -0.04            1.10
inaccuracy:  0.10000        0.15000           55.72           -0.04            0.54
inaccuracy:  0.15000        0.20000           66.13           -0.02            0.28
inaccuracy:  0.20000        0.25000           67.39           -0.02            0.20
inaccuracy:  0.25000        0.30000           70.75           -0.01            0.15
inaccuracy:  0.30000        0.35000           72.69           -0.02            0.12
inaccuracy:  0.35000        0.40000           74.19           -0.01            0.10
inaccuracy:  0.40000        0.45000           76.04           -0.02            0.09
inaccuracy:  0.45000        0.50000           75.08           -0.02            0.08
inaccuracy:  0.50000        0.55000           63.72           -0.11            0.17
inaccuracy:  0.55000        0.60000           65.53           -0.12            0.08
inaccuracy:  0.60000        0.65000           65.83           -0.14            0.05
inaccuracy:  0.65000        0.70000           65.17           -0.14            0.04
inaccuracy:  0.70000        0.75000           67.09           -0.11            0.03
inaccuracy:  0.75000        0.80000           66.49           -0.14            0.02
inaccuracy:  0.80000        0.85000           65.88           -0.12            0.03
inaccuracy:  0.85000        0.90000           65.46           -0.12            0.04
inaccuracy:  0.90000        0.95000           64.74           -0.12            0.04
inaccuracy:  0.95000        1.00000           65.24           -0.11            0.05
===================================================================================================================================
                BAR        
-----------------------------------------------------------------------------------------------------------------------------------
BAR-estimator:         λ             λ+δλ          ΔΔA             ΔA            C               Δδe            δe       
                          
-----------------------------------------------------------------------------------------------------------------------------------
BAR-estimator:      0.00000        0.05000        1.7231         1.7231         1.7231         0.0121         0.0121 
BAR-estimator:      0.05000        0.10000        0.8774         2.6005         0.8774         0.0107         0.0161 
BAR-estimator:      0.10000        0.15000        0.4439         3.0444         0.4439         0.0076         0.0178 
BAR-estimator:      0.15000        0.20000        0.2085         3.2529         0.2085         0.0054         0.0187 
BAR-estimator:      0.20000        0.25000        0.0956         3.3485         0.0956         0.0042         0.0191 
BAR-estimator:      0.25000        0.30000        0.0114         3.3598         0.0114         0.0038         0.0195 
BAR-estimator:      0.30000        0.35000       -0.0337         3.3261        -0.0337         0.0043         0.0200 
BAR-estimator:      0.35000        0.40000       -0.0692         3.2569        -0.0692         0.0038         0.0203 
BAR-estimator:      0.40000        0.45000       -0.1065         3.1504        -0.1065         0.0034         0.0206 
BAR-estimator:      0.45000        0.50000       -0.1266         3.0238        -0.1266         0.0030         0.0208 
BAR-estimator:      0.50000        0.55000       -0.2942         2.7295        -0.2942         0.0049         0.0214 
BAR-estimator:      0.55000        0.60000       -0.5955         2.1340        -0.5955         0.0040         0.0217 
BAR-estimator:      0.60000        0.65000       -0.8363         1.2978        -0.8363         0.0043         0.0222 
BAR-estimator:      0.65000        0.70000       -1.0306         0.2672        -1.0306         0.0055         0.0229 
BAR-estimator:      0.70000        0.75000       -1.1489        -0.8817        -1.1489         0.0051         0.0234 
BAR-estimator:      0.75000        0.80000       -1.2163        -2.0980        -1.2163         0.0036         0.0237 
BAR-estimator:      0.80000        0.85000       -1.2155        -3.3135        -1.2155         0.0038         0.0240 
BAR-estimator:      0.85000        0.90000       -1.2082        -4.5217        -1.2082         0.0036         0.0243 
BAR-estimator:      0.90000        0.95000       -1.1888        -5.7105        -1.1888         0.0036         0.0245 
BAR-estimator:      0.95000        1.00000       -1.1749        -6.8854        -1.1749         0.0040         0.0248 
BAR-estimator: total free energy change is -6.885384908505221 , total error is 0.024845854817477066
