#========================================================================================
#                     Free energy perturbation    
#----------------------------------------------------------------------------------------
#forward/backward          λ              ΔΔA                 ΔA                  δε   
#                                                 
#----------------------------------------------------------------------------------------
forward:               0.0000              0.0000              0.0000              0.0000  
forward:               0.0500              1.2734              1.2734              0.0149  
forward:               0.1000              0.7994              2.0728              0.0191  
forward:               0.1500              0.4908              2.5636              0.0215  
forward:               0.2000              0.2932              2.8568              0.0229  
forward:               0.2500              0.1947              3.0516              0.0238  
forward:               0.3000              0.1249              3.1764              0.0244  
forward:               0.3500              0.0627              3.2391              0.0251  
forward:               0.4000              0.0245              3.2637              0.0256  
forward:               0.4500             -0.0049              3.2587              0.0260  
forward:               0.5000             -0.0172              3.2416              0.0264  
forward:               0.5500             -0.1428              3.0988              0.0269  
forward:               0.6000             -0.3090              2.7898              0.0273  
forward:               0.6500             -0.4811              2.3086              0.0278  
forward:               0.7000             -0.6233              1.6854              0.0284  
forward:               0.7500             -0.7245              0.9609              0.0288  
forward:               0.8000             -0.7770              0.1839              0.0292  
forward:               0.8500             -0.8067             -0.6228              0.0296  
forward:               0.9000             -0.8186             -1.4415              0.0300  
forward:               0.9500             -0.8192             -2.2607              0.0305  
forward:               1.0000             -0.8154             -3.0761              0.0308  
backward:              1.0000              0.0000             -3.0761              0.0000  
backward:              0.9500              0.8164             -2.2597              0.0065  
backward:              0.9000              0.8088             -1.4509              0.0097  
backward:              0.8500              0.8149             -0.6360              0.0114  
backward:              0.8000              0.7960              0.1600              0.0134  
backward:              0.7500              0.7720              0.9319              0.0145  
backward:              0.7000              0.7186              1.6505              0.0155  
backward:              0.6500              0.6077              2.2582              0.0188  
backward:              0.6000              0.4742              2.7324              0.0201  
backward:              0.5500              0.3077              3.0401              0.0210  
backward:              0.5000              0.1366              3.1768              0.0218  
backward:              0.4500              0.0238              3.2005              0.0225  
backward:              0.4000              0.0069              3.2074              0.0231  
backward:              0.3500             -0.0407              3.1667              0.0239  
backward:              0.3000             -0.0657              3.1010              0.0249  
backward:              0.2500             -0.1210              2.9800              0.0258  
backward:              0.2000             -0.1646              2.8154              0.0269  
backward:              0.1500             -0.2929              2.5225              0.0290  
backward:              0.1000             -0.4878              2.0347              0.0319  
backward:              0.0500             -0.7814              1.2532              0.0358  
backward:              0.0000             -1.2859             -0.0326              0.0444  
Inaccuracy estimation
======================================================================================================
                   i        i+δi          P0_overlap_P1   δε(forward)/ε   δε(backward)/ε
======================================================================================================
inaccuracy:  0.00000        0.05000           42.67           -0.03            1.20
inaccuracy:  0.05000        0.10000           50.38           -0.03            0.84
inaccuracy:  0.10000        0.15000           57.77           -0.03            0.49
inaccuracy:  0.15000        0.20000           63.77           -0.02            0.32
inaccuracy:  0.20000        0.25000           64.92           -0.02            0.24
inaccuracy:  0.25000        0.30000           68.45           -0.02            0.17
inaccuracy:  0.30000        0.35000           71.29           -0.01            0.16
inaccuracy:  0.35000        0.40000           73.09           -0.01            0.13
inaccuracy:  0.40000        0.45000           72.88           -0.02            0.12
inaccuracy:  0.45000        0.50000           72.27           -0.01            0.12
inaccuracy:  0.50000        0.55000           67.31           -0.07            0.14
inaccuracy:  0.55000        0.60000           66.76           -0.08            0.12
inaccuracy:  0.60000        0.65000           67.78           -0.09            0.09
inaccuracy:  0.65000        0.70000           67.05           -0.09            0.07
inaccuracy:  0.70000        0.75000           68.14           -0.08            0.07
inaccuracy:  0.75000        0.80000           68.10           -0.07            0.07
inaccuracy:  0.80000        0.85000           67.92           -0.09            0.06
inaccuracy:  0.85000        0.90000           67.55           -0.09            0.07
inaccuracy:  0.90000        0.95000           67.19           -0.08            0.07
inaccuracy:  0.95000        1.00000           66.81           -0.10            0.07
===================================================================================================================================
                BAR        
-----------------------------------------------------------------------------------------------------------------------------------
BAR-estimator:         λ             λ+δλ          ΔΔA             ΔA            C               Δδe            δe       
                          
-----------------------------------------------------------------------------------------------------------------------------------
BAR-estimator:      0.00000        0.05000        1.2711         1.2711         1.2711         0.0081         0.0081 
BAR-estimator:      0.05000        0.10000        0.8021         2.0733         0.8021         0.0074         0.0110 
BAR-estimator:      0.10000        0.15000        0.4897         2.5630         0.4897         0.0058         0.0125 
BAR-estimator:      0.15000        0.20000        0.2947         2.8577         0.2947         0.0050         0.0134 
BAR-estimator:      0.20000        0.25000        0.1848         3.0425         0.1848         0.0043         0.0141 
BAR-estimator:      0.25000        0.30000        0.1200         3.1625         0.1200         0.0038         0.0146 
BAR-estimator:      0.30000        0.35000        0.0648         3.2274         0.0648         0.0038         0.0151 
BAR-estimator:      0.35000        0.40000        0.0290         3.2563         0.0290         0.0036         0.0155 
BAR-estimator:      0.40000        0.45000       -0.0054         3.2509        -0.0054         0.0031         0.0158 
BAR-estimator:      0.45000        0.50000       -0.0215         3.2294        -0.0215         0.0032         0.0161 
BAR-estimator:      0.50000        0.55000       -0.1387         3.0906        -0.1387         0.0036         0.0165 
BAR-estimator:      0.55000        0.60000       -0.3096         2.7810        -0.3096         0.0035         0.0169 
BAR-estimator:      0.60000        0.65000       -0.4784         2.3026        -0.4784         0.0035         0.0172 
BAR-estimator:      0.65000        0.70000       -0.6227         1.6798        -0.6227         0.0038         0.0176 
BAR-estimator:      0.70000        0.75000       -0.7214         0.9584        -0.7214         0.0034         0.0180 
BAR-estimator:      0.75000        0.80000       -0.7703         0.1881        -0.7703         0.0036         0.0183 
BAR-estimator:      0.80000        0.85000       -0.8086        -0.6205        -0.8086         0.0039         0.0187 
BAR-estimator:      0.85000        0.90000       -0.8183        -1.4388        -0.8183         0.0037         0.0191 
BAR-estimator:      0.90000        0.95000       -0.8150        -2.2538        -0.8150         0.0044         0.0196 
BAR-estimator:      0.95000        1.00000       -0.8163        -3.0701        -0.8163         0.0034         0.0199 
BAR-estimator: total free energy change is -3.0700850895837353 , total error is 0.019868461921637253
