#========================================================================================
#                     Free energy perturbation    
#----------------------------------------------------------------------------------------
#forward/backward          λ              ΔΔA                 ΔA                  δε   
#                                                 
#----------------------------------------------------------------------------------------
forward:               0.0000              0.0000              0.0000              0.0000  
forward:               0.0500              2.4656              2.4656              0.0272  
forward:               0.1000              1.3432              3.8088              0.0347  
forward:               0.1500              0.6133              4.4221              0.0379  
forward:               0.2000              0.2988              4.7209              0.0389  
forward:               0.2500              0.1404              4.8613              0.0397  
forward:               0.3000              0.0442              4.9055              0.0403  
forward:               0.3500             -0.0196              4.8858              0.0406  
forward:               0.4000             -0.0721              4.8138              0.0409  
forward:               0.4500             -0.1085              4.7053              0.0412  
forward:               0.5000             -0.1331              4.5721              0.0414  
forward:               0.5500             -0.2150              4.3572              0.0419  
forward:               0.6000             -0.3724              3.9848              0.0422  
forward:               0.6500             -0.5073              3.4775              0.0426  
forward:               0.7000             -0.6096              2.8679              0.0429  
forward:               0.7500             -0.7094              2.1585              0.0432  
forward:               0.8000             -0.7856              1.3729              0.0435  
forward:               0.8500             -0.8445              0.5284              0.0439  
forward:               0.9000             -0.8953             -0.3669              0.0441  
forward:               0.9500             -0.9343             -1.3012              0.0444  
forward:               1.0000             -0.9541             -2.2553              0.0446  
backward:              1.0000              0.0000             -2.2553              0.0000  
backward:              0.9500              0.9554             -1.2999              0.0063  
backward:              0.9000              0.9267             -0.3731              0.0088  
backward:              0.8500              0.8837              0.5105              0.0113  
backward:              0.8000              0.8364              1.3470              0.0141  
backward:              0.7500              0.7803              2.1272              0.0154  
backward:              0.7000              0.7027              2.8299              0.0165  
backward:              0.6500              0.6145              3.4445              0.0175  
backward:              0.6000              0.5049              3.9494              0.0185  
backward:              0.5500              0.3694              4.3188              0.0197  
backward:              0.5000              0.2090              4.5278              0.0210  
backward:              0.4500              0.1427              4.6704              0.0219  
backward:              0.4000              0.1080              4.7785              0.0225  
backward:              0.3500              0.0781              4.8566              0.0233  
backward:              0.3000              0.0292              4.8858              0.0242  
backward:              0.2500             -0.0380              4.8479              0.0254  
backward:              0.2000             -0.1355              4.7124              0.0269  
backward:              0.1500             -0.3052              4.4072              0.0305  
backward:              0.1000             -0.6351              3.7721              0.0352  
backward:              0.0500             -1.5019              2.2702              0.1406  
backward:              0.0000             -2.4727             -0.2025              0.1548  
Inaccuracy estimation
======================================================================================================
                   i        i+δi          P0_overlap_P1   δε(forward)/ε   δε(backward)/ε
======================================================================================================
inaccuracy:  0.00000        0.05000           27.47            0.07            2.98
inaccuracy:  0.05000        0.10000           36.33           -0.07            1.74
inaccuracy:  0.10000        0.15000           50.67           -0.04            0.78
inaccuracy:  0.15000        0.20000           58.66           -0.04            0.40
inaccuracy:  0.20000        0.25000           63.15           -0.02            0.28
inaccuracy:  0.25000        0.30000           65.73           -0.02            0.20
inaccuracy:  0.30000        0.35000           67.67           -0.03            0.19
inaccuracy:  0.35000        0.40000           69.94           -0.03            0.15
inaccuracy:  0.40000        0.45000           71.00           -0.02            0.14
inaccuracy:  0.45000        0.50000           70.05           -0.02            0.12
inaccuracy:  0.50000        0.55000           65.88           -0.07            0.15
inaccuracy:  0.55000        0.60000           67.40           -0.07            0.11
inaccuracy:  0.60000        0.65000           68.06           -0.08            0.09
inaccuracy:  0.65000        0.70000           67.57           -0.07            0.08
inaccuracy:  0.70000        0.75000           68.62           -0.08            0.07
inaccuracy:  0.75000        0.80000           68.08           -0.07            0.07
inaccuracy:  0.80000        0.85000           67.79           -0.09            0.06
inaccuracy:  0.85000        0.90000           68.07           -0.08            0.06
inaccuracy:  0.90000        0.95000           68.09           -0.08            0.05
inaccuracy:  0.95000        1.00000           67.42           -0.08            0.05
===================================================================================================================================
                BAR        
-----------------------------------------------------------------------------------------------------------------------------------
BAR-estimator:         λ             λ+δλ          ΔΔA             ΔA            C               Δδe            δe       
                          
-----------------------------------------------------------------------------------------------------------------------------------
BAR-estimator:      0.00000        0.05000        2.4640         2.4640         2.4640         0.0118         0.0118 
BAR-estimator:      0.05000        0.10000        1.3582         3.8222         1.3582         0.0114         0.0164 
BAR-estimator:      0.10000        0.15000        0.6332         4.4554         0.6332         0.0096         0.0190 
BAR-estimator:      0.15000        0.20000        0.2962         4.7516         0.2962         0.0057         0.0198 
BAR-estimator:      0.20000        0.25000        0.1408         4.8924         0.1408         0.0047         0.0204 
BAR-estimator:      0.25000        0.30000        0.0410         4.9334         0.0410         0.0045         0.0209 
BAR-estimator:      0.30000        0.35000       -0.0225         4.9108        -0.0225         0.0038         0.0212 
BAR-estimator:      0.35000        0.40000       -0.0733         4.8375        -0.0733         0.0035         0.0215 
BAR-estimator:      0.40000        0.45000       -0.1073         4.7302        -0.1073         0.0034         0.0218 
BAR-estimator:      0.45000        0.50000       -0.1373         4.5929        -0.1373         0.0032         0.0220 
BAR-estimator:      0.50000        0.55000       -0.2120         4.3809        -0.2120         0.0040         0.0224 
BAR-estimator:      0.55000        0.60000       -0.3716         4.0092        -0.3716         0.0035         0.0227 
BAR-estimator:      0.60000        0.65000       -0.5064         3.5028        -0.5064         0.0038         0.0230 
BAR-estimator:      0.65000        0.70000       -0.6095         2.8933        -0.6095         0.0036         0.0232 
BAR-estimator:      0.70000        0.75000       -0.7050         2.1883        -0.7050         0.0037         0.0235 
BAR-estimator:      0.75000        0.80000       -0.7830         1.4052        -0.7830         0.0030         0.0237 
BAR-estimator:      0.80000        0.85000       -0.8435         0.5617        -0.8435         0.0040         0.0241 
BAR-estimator:      0.85000        0.90000       -0.8905        -0.3289        -0.8905         0.0034         0.0243 
BAR-estimator:      0.90000        0.95000       -0.9330        -1.2619        -0.9330         0.0036         0.0246 
BAR-estimator:      0.95000        1.00000       -0.9544        -2.2162        -0.9544         0.0041         0.0249 
BAR-estimator: total free energy change is -2.2162350680585226 , total error is 0.024896926361177234
