#========================================================================================
#                     Free energy perturbation    
#----------------------------------------------------------------------------------------
#forward/backward          λ              ΔΔA                 ΔA                  δε   
#                                                 
#----------------------------------------------------------------------------------------
forward:               0.0000              0.0000              0.0000              0.0000  
forward:               0.0500              1.5951              1.5951              0.0086  
forward:               0.1000              0.8075              2.4027              0.0185  
forward:               0.1500              0.3872              2.7898              0.0208  
forward:               0.2000              0.1849              2.9747              0.0218  
forward:               0.2500              0.0836              3.0583              0.0228  
forward:               0.3000              0.0211              3.0794              0.0233  
forward:               0.3500             -0.0095              3.0699              0.0238  
forward:               0.4000             -0.0418              3.0281              0.0242  
forward:               0.4500             -0.0672              2.9609              0.0248  
forward:               0.5000             -0.0746              2.8863              0.0251  
forward:               0.5500             -0.1761              2.7103              0.0257  
forward:               0.6000             -0.3650              2.3453              0.0265  
forward:               0.6500             -0.5450              1.8003              0.0273  
forward:               0.7000             -0.7251              1.0752              0.0282  
forward:               0.7500             -0.8223              0.2529              0.0287  
forward:               0.8000             -0.8241             -0.5712              0.0290  
forward:               0.8500             -0.7980             -1.3692              0.0294  
forward:               0.9000             -0.7591             -2.1283              0.0296  
forward:               0.9500             -0.7179             -2.8463              0.0300  
forward:               1.0000             -0.6897             -3.5359              0.0302  
backward:              1.0000              0.0000             -3.5359              0.0000  
backward:              0.9500              0.6844             -2.8516              0.0055  
backward:              0.9000              0.7165             -2.1350              0.0081  
backward:              0.8500              0.7663             -1.3687              0.0097  
backward:              0.8000              0.7963             -0.5725              0.0111  
backward:              0.7500              0.8234              0.2509              0.0135  
backward:              0.7000              0.8081              1.0590              0.0150  
backward:              0.6500              0.7191              1.7781              0.0168  
backward:              0.6000              0.5373              2.3154              0.0181  
backward:              0.5500              0.3515              2.6669              0.0190  
backward:              0.5000              0.1774              2.8443              0.0199  
backward:              0.4500              0.0818              2.9261              0.0205  
backward:              0.4000              0.0670              2.9930              0.0212  
backward:              0.3500              0.0432              3.0362              0.0219  
backward:              0.3000              0.0109              3.0471              0.0227  
backward:              0.2500             -0.0178              3.0293              0.0234  
backward:              0.2000             -0.0879              2.9414              0.0252  
backward:              0.1500             -0.1929              2.7485              0.0282  
backward:              0.1000             -0.3810              2.3675              0.0318  
backward:              0.0500             -0.7662              1.6013              0.0388  
backward:              0.0000             -1.5808              0.0205              0.0657  
Inaccuracy estimation
======================================================================================================
                   i        i+δi          P0_overlap_P1   δε(forward)/ε   δε(backward)/ε
======================================================================================================
inaccuracy:  0.00000        0.05000           36.81           -0.04            1.55
inaccuracy:  0.05000        0.10000           46.09           -0.04            0.98
inaccuracy:  0.10000        0.15000           58.75           -0.02            0.50
inaccuracy:  0.15000        0.20000           65.18           -0.01            0.27
inaccuracy:  0.20000        0.25000           69.35           -0.02            0.19
inaccuracy:  0.25000        0.30000           71.72           -0.01            0.15
inaccuracy:  0.30000        0.35000           72.39           -0.01            0.13
inaccuracy:  0.35000        0.40000           73.47           -0.02            0.12
inaccuracy:  0.40000        0.45000           74.08           -0.02            0.11
inaccuracy:  0.45000        0.50000           73.50           -0.01            0.10
inaccuracy:  0.50000        0.55000           68.74           -0.08            0.13
inaccuracy:  0.55000        0.60000           68.61           -0.10            0.09
inaccuracy:  0.60000        0.65000           66.49           -0.12            0.08
inaccuracy:  0.65000        0.70000           65.64           -0.10            0.07
inaccuracy:  0.70000        0.75000           68.13           -0.08            0.06
inaccuracy:  0.75000        0.80000           67.59           -0.08            0.06
inaccuracy:  0.80000        0.85000           67.93           -0.08            0.07
inaccuracy:  0.85000        0.90000           66.62           -0.08            0.08
inaccuracy:  0.90000        0.95000           66.37           -0.07            0.09
inaccuracy:  0.95000        1.00000           66.46           -0.09            0.10
===================================================================================================================================
                BAR        
-----------------------------------------------------------------------------------------------------------------------------------
BAR-estimator:         λ             λ+δλ          ΔΔA             ΔA            C               Δδe            δe       
                          
-----------------------------------------------------------------------------------------------------------------------------------
BAR-estimator:      0.00000        0.05000        1.5664         1.5664         1.5664         0.0092         0.0092 
BAR-estimator:      0.05000        0.10000        0.7985         2.3649         0.7985         0.0096         0.0133 
BAR-estimator:      0.10000        0.15000        0.3878         2.7527         0.3878         0.0065         0.0148 
BAR-estimator:      0.15000        0.20000        0.1840         2.9367         0.1840         0.0045         0.0155 
BAR-estimator:      0.20000        0.25000        0.0841         3.0208         0.0841         0.0044         0.0161 
BAR-estimator:      0.25000        0.30000        0.0229         3.0437         0.0229         0.0037         0.0165 
BAR-estimator:      0.30000        0.35000       -0.0114         3.0323        -0.0114         0.0042         0.0171 
BAR-estimator:      0.35000        0.40000       -0.0411         2.9913        -0.0411         0.0033         0.0174 
BAR-estimator:      0.40000        0.45000       -0.0667         2.9246        -0.0667         0.0036         0.0178 
BAR-estimator:      0.45000        0.50000       -0.0782         2.8463        -0.0782         0.0022         0.0179 
BAR-estimator:      0.50000        0.55000       -0.1772         2.6692        -0.1772         0.0036         0.0183 
BAR-estimator:      0.55000        0.60000       -0.3592         2.3099        -0.3592         0.0038         0.0187 
BAR-estimator:      0.60000        0.65000       -0.5430         1.7669        -0.5430         0.0038         0.0191 
BAR-estimator:      0.65000        0.70000       -0.7209         1.0461        -0.7209         0.0043         0.0195 
BAR-estimator:      0.70000        0.75000       -0.8156         0.2304        -0.8156         0.0037         0.0199 
BAR-estimator:      0.75000        0.80000       -0.8252        -0.5948        -0.8252         0.0035         0.0202 
BAR-estimator:      0.80000        0.85000       -0.7975        -1.3923        -0.7975         0.0033         0.0204 
BAR-estimator:      0.85000        0.90000       -0.7611        -2.1534        -0.7611         0.0033         0.0207 
BAR-estimator:      0.90000        0.95000       -0.7165        -2.8700        -0.7165         0.0038         0.0211 
BAR-estimator:      0.95000        1.00000       -0.6885        -3.5584        -0.6885         0.0033         0.0213 
BAR-estimator: total free energy change is -3.5584175066821566 , total error is 0.021320860749991042
