14
 energy: -307.632848022033 gnorm: 0.001297581905 xtb: 6.7.1 (41059b4)
C           -2.50671024339689       -0.05169474692744       -0.09720307426737
C           -1.22915191615185        0.75526721166194        0.08225601012779
C            0.01579290397028       -0.08919023965443       -0.05208688171268
O            0.03633289180860       -1.28547506571130       -0.21823672511566
O            1.12175105724957        0.69448919370085        0.04807626408919
C            2.40519360657281        0.04018714258455       -0.03025581502265
H           -2.55137339496372       -0.49622999829912       -1.09452160080914
H           -2.55782258987281       -0.86777590148280        0.62757614086686
H           -3.38226734807548        0.58911198463698        0.03669462141208
H           -1.19179784873660        1.23504348993101        1.06849026094650
H           -1.15915625033596        1.57398117469032       -0.64371281802392
H            2.96910780154324        0.51538226152354       -0.83710287624971
H            2.28017347949585       -1.02687820548341       -0.22582285473840
H            2.92049167569247        0.19562267844596        0.92195534462962
14
 energy: -307.632852997019 gnorm: 0.000663431105 xtb: 6.7.1 (41059b4)
C           -2.50660043433367       -0.05160204640156       -0.09754994405419
C           -1.22925775876030        0.75559859258902        0.08297249770592
C            0.01602467630311       -0.08862277628387       -0.04932747821914
O            0.03671355794910       -1.28450482773143       -0.21609234405621
O            1.12177594971325        0.69443185952928        0.05030626742698
C            2.40493413529485        0.03999835746550       -0.03119747435838
H           -2.54788448301435       -0.49892602268251       -1.09363031882474
H           -2.55817521752436       -0.86550097872714        0.62920144411912
H           -3.38303968574474        0.58884561416569        0.03251748313164
H           -1.19353145705267        1.23573039869770        1.06858080423349
H           -1.15881567721715        1.57340232531196       -0.64343352283229
H            2.96829953460520        0.51696810796461       -0.83625214442781
H            2.27923511655587       -1.02545996521055       -0.23011310906651
H            2.92088560943728        0.19148270301338        0.92012426945521
14
 energy: -307.632852997019 gnorm: 0.000663431105 xtb: 6.7.1 (41059b4)
C           -2.50660043433367       -0.05160204640156       -0.09754994405419
C           -1.22925775876030        0.75559859258902        0.08297249770592
C            0.01602467630311       -0.08862277628387       -0.04932747821914
O            0.03671355794910       -1.28450482773143       -0.21609234405621
O            1.12177594971325        0.69443185952928        0.05030626742698
C            2.40493413529485        0.03999835746550       -0.03119747435838
H           -2.54788448301435       -0.49892602268251       -1.09363031882474
H           -2.55817521752436       -0.86550097872714        0.62920144411912
H           -3.38303968574474        0.58884561416569        0.03251748313164
H           -1.19353145705267        1.23573039869770        1.06858080423349
H           -1.15881567721715        1.57340232531196       -0.64343352283229
H            2.96829953460520        0.51696810796461       -0.83625214442781
H            2.27923511655587       -1.02545996521055       -0.23011310906651
H            2.92088560943728        0.19148270301338        0.92012426945521
