17
 energy: -22.489116278707 gnorm: 0.023902976472 xtb: 6.7.1 (41059b4)
C            1.83959710158711       -1.51632764880110       -0.00010358697921
C            0.57410069490184       -0.70151354476753       -0.00045257408213
C           -0.64960454774181       -1.38223682030982       -0.00024196592163
C           -1.84231706480828       -0.68009662763103        0.00008593425169
N           -1.90137196361388        0.65792652809938       -0.00019400974225
C           -0.73765059284494        1.30187646528884       -0.00046165287870
C            0.52911757050374        0.69903609031369       -0.00028840959323
C            1.73376448395948        1.60344863269637        0.00097278652906
H            2.74541799181304       -0.91198827765969       -0.01161760585895
H            1.87594674039527       -2.15782297050790        0.88684203386229
H            1.86493162220266       -2.17525578476418       -0.87444795731827
H           -0.66077064148725       -2.46914756626505       -0.00037415149418
H           -2.79472250042858       -1.20784673322846        0.00057257549143
H           -0.79636209526918        2.39202250958373       -0.00103773132975
H            1.72883804807859        2.24827636347819        0.88632118773828
H            2.67903678970851        1.06220618913172       -0.00622991529951
H            1.72186792692254        2.26009373717725       -0.87550678148287
17
 energy: -22.490061337371 gnorm: 0.006985605204 xtb: 6.7.1 (41059b4)
C            1.83649545024402       -1.51532809787608       -0.00009738294028
C            0.57866279264671       -0.69916711435858       -0.00043877859120
C           -0.64079721981611       -1.37830690554398       -0.00030208574116
C           -1.82788979247553       -0.67471443139093        0.00003553257395
N           -1.88150700036806        0.65231908948450       -0.00025547529150
C           -0.72943107859969        1.29540960396517       -0.00052121300217
C            0.53271933504053        0.69658108315754       -0.00026221351903
C            1.73018319082966        1.60005681986172        0.00094207846893
H            2.73601077735366       -0.90777817636104       -0.01198313949098
H            1.86445476306720       -2.15054308651017        0.88674799403720
H            1.85324517060280       -2.16873247291398       -0.87382232154920
H           -0.65260329501874       -2.46013873971687       -0.00039999770077
H           -2.78117453505151       -1.18968891598157        0.00039714326382
H           -0.79930581000487        2.37858249038725       -0.00074277617086
H            1.71403832109777        2.23816107877335        0.88599240187400
H            2.66985488545597        1.05557874848796       -0.00648933675275
H            1.70686360887506        2.25035956837012       -0.87496225357597
17
 energy: -22.490123602367 gnorm: 0.001753277560 xtb: 6.7.1 (41059b4)
C            1.83561348972573       -1.51637411154053       -0.00006384926238
C            0.57948924569802       -0.69837757803291       -0.00054374605549
C           -0.63857137614398       -1.37885566968108       -0.00040720142787
C           -1.82487779064664       -0.67428646960270       -0.00007797810483
N           -1.87459687703458        0.64923850408307       -0.00025301657496
C           -0.72703215606020        1.29454510438557       -0.00042598348474
C            0.53425078427522        0.69650434028195       -0.00029703430226
C            1.73030054622430        1.60090055955613        0.00095670342411
H            2.73525905970962       -0.91111724788421       -0.01250289389461
H            1.86028202989597       -2.14937111970406        0.88646909323864
H            1.84866051981244       -2.16854737140590       -0.87274034115383
H           -0.64883894555674       -2.45906241977687       -0.00050608113504
H           -2.77985721817449       -1.18302370785278        0.00024474063629
H           -0.80292640089700        2.37555419814125       -0.00067973848251
H            1.71029313921793        2.23680791961841        0.88543421821164
H            2.66962492514946        1.05853927642652       -0.00683586666111
H            1.70274658868380        2.24957633482256       -0.87393284907898
17
 energy: -22.490129217126 gnorm: 0.000533019214 xtb: 6.7.1 (41059b4)
C            1.83543950538871       -1.51613748365556       -0.00001102759380
C            0.57873887219834       -0.69782112302317       -0.00061510247979
C           -0.63850297762060       -1.38012286859905       -0.00053932006488
C           -1.82532308816370       -0.67530336210871       -0.00019532104786
N           -1.87310859339782        0.64786828800780       -0.00030504980605
C           -0.72674645322993        1.29549182602124       -0.00047069011012
C            0.53453872238362        0.69697157971635       -0.00033821998788
C            1.73156231165817        1.60094726887398        0.00099221257883
H            2.73505282236006       -0.91075731325585       -0.01327594561142
H            1.85971888725238       -2.14806746571424        0.88706126144233
H            1.84742120373501       -2.16867996598988       -0.87218489011121
H           -0.64655395393278       -2.46016956949898       -0.00069637221557
H           -2.78155198681599       -1.18145239723249        0.00003977658136
H           -0.80560700192712        2.37610126487575       -0.00049529756286
H            1.71114147421020        2.23609762305758        0.88574271492457
H            2.67049272001020        1.05802028394107       -0.00730018158534
H            1.70310709977009        2.24966395641859       -0.87357037145825
17
 energy: -22.490129688497 gnorm: 0.000147220541 xtb: 6.7.1 (41059b4)
C            1.83530783519547       -1.51606153049908        0.00003443553939
C            0.57831516541799       -0.69767037327186       -0.00068911447288
C           -0.63872162886032       -1.38030658378569       -0.00068736959483
C           -1.82564163100905       -0.67563570226013       -0.00035131004734
N           -1.87346377871175        0.64780079693613       -0.00034688579163
C           -0.72696303456409        1.29579399150225       -0.00041072354007
C            0.53437118706699        0.69714860131802       -0.00033714443451
C            1.73177282591122        1.60093755897758        0.00106593541633
H            2.73498772024408       -0.91072831601110       -0.01410705856082
H            1.86032469142651       -2.14735877762128        0.88771550030458
H            1.84727231105188       -2.16941837979648       -0.87170083149692
H           -0.64596575069240       -2.46051293729194       -0.00086478383271
H           -2.78205804663216       -1.18160764064958       -0.00012330224150
H           -0.80628284914680        2.37642618718064       -0.00055080188452
H            1.71224520931132        2.23581018322572        0.88622934125258
H            2.67064616731575        1.05779481097353       -0.00777100165433
H            1.70367317055421        2.25023865290769       -0.87326670906875
17
 energy: -22.490129855869 gnorm: 0.000103271072 xtb: 6.7.1 (41059b4)
C            1.83527542102317       -1.51598637786677        0.00007101971299
C            0.57829299138831       -0.69761735380428       -0.00074521999406
C           -0.63870814004517       -1.38028875529887       -0.00079485104965
C           -1.82558655060692       -0.67565839156682       -0.00044525846254
N           -1.87341339251897        0.64775876967293       -0.00044243378266
C           -0.72694068460610        1.29576803067938       -0.00052007349255
C            0.53437702764165        0.69717570524584       -0.00037638154256
C            1.73178279609877        1.60085339216923        0.00115227231900
H            2.73494603426234       -0.91067178620432       -0.01505790064783
H            1.86067691434299       -2.14646679505978        0.88832058941726
H            1.84675714724077       -2.17013670459719       -0.87106751731183
H           -0.64571553178827       -2.46048561569582       -0.00105201131798
H           -2.78207290035794       -1.18147169062707       -0.00031762396067
H           -0.80648770510644        2.37634985657603       -0.00047365028857
H            1.71256005577095        2.23528104676808        0.88664758822681
H            2.67060617336250        1.05762167799055       -0.00823455509294
H            1.70346990777722        2.25062553345329       -0.87282581684016
17
 energy: -22.490130230934 gnorm: 0.000156283389 xtb: 6.7.1 (41059b4)
C            1.83523048409199       -1.51595305912492        0.00015033277911
C            0.57835427506356       -0.69756647616195       -0.00076314871116
C           -0.63866759402246       -1.38023123310500       -0.00113320091521
C           -1.82546816263382       -0.67566224877673       -0.00083173026853
N           -1.87332313299243        0.64772847260936       -0.00066796411745
C           -0.72687438582513        1.29568263950856       -0.00054190563195
C            0.53443059063682        0.69721731560528       -0.00024002243733
C            1.73175118116335        1.60079268306322        0.00143706532828
H            2.73491877041652       -0.91076725884432       -0.01764704178569
H            1.86176935147738       -2.14436847694899        0.88981351931402
H            1.84533413598709       -2.17210842007220       -0.86946004220390
H           -0.64539374365008       -2.46039896310917       -0.00153006057623
H           -2.78204181069338       -1.18127312671241       -0.00083292181078
H           -0.80670376553116        2.37620856450572       -0.00054283103536
H            1.71320050727308        2.23424162050650        0.88763484395930
H            2.67054312107002        1.05754011635687       -0.00925366079832
H            1.70275974204750        2.25156839253460       -0.87175305519676
17
 energy: -22.490131145895 gnorm: 0.000431347295 xtb: 6.7.1 (41059b4)
C            1.83516868686269       -1.51590194987846        0.00026783856539
C            0.57846621039824       -0.69750033585277       -0.00090160089803
C           -0.63861866321036       -1.38013117429101       -0.00180212925071
C           -1.82530250639570       -0.67566281194061       -0.00153133562519
N           -1.87321389450828        0.64770424710465       -0.00119089742079
C           -0.72678679787059        1.29553681360631       -0.00077703201484
C            0.53450979142331        0.69727300791259       -0.00006418643898
C            1.73170077274054        1.60070072192719        0.00213506918359
H            2.73485629538807       -0.91092227309581       -0.02383250571905
H            1.86453262881806       -2.13944887885112        0.89328176639582
H            1.84213856316517       -2.17680360627919       -0.86573946216094
H           -0.64494473055692       -2.46025632663605       -0.00267863082726
H           -2.78199276512337       -1.18100228826959       -0.00209472710352
H           -0.80698259062784        2.37599761058144       -0.00046782917081
H            1.71449945529964        2.23204987281206        0.88985163631290
H            2.67043816073220        1.05741123438034       -0.01122927247589
H            1.70135094734400        2.25360667860447       -0.86938852545963
17
 energy: -22.490132368907 gnorm: 0.000629122218 xtb: 6.7.1 (41059b4)
C            1.83510474486419       -1.51580859711097        0.00032965853223
C            0.57848264971593       -0.69741991329009       -0.00121110173849
C           -0.63859690272235       -1.38007684270941       -0.00262229727652
C           -1.82519489954123       -0.67569448478775       -0.00241878792148
N           -1.87312391664790        0.64765270464699       -0.00170976428235
C           -0.72673544353621        1.29545713391417       -0.00087393999648
C            0.53454471136996        0.69732430712327        0.00002316961185
C            1.73169411368535        1.60058374210261        0.00285701630199
H            2.73474547415212       -0.91101263331095       -0.03026801179745
H            1.86740116181927       -2.13421977472188        0.89686165483846
H            1.83901794516438       -2.18169609498670       -0.86187193335072
H           -0.64451109715160       -2.46017691827555       -0.00373266695169
H           -2.78200626599193       -1.18075721397040       -0.00312649072370
H           -0.80730286139297        2.37584537142983       -0.00053916388535
H            1.71581818410203        2.22966067328727        0.89222210289839
H            2.67035116878298        1.05721161874545       -0.01317976592611
H            1.70013079720683        2.25577746374854       -0.86690150244050
17
 energy: -22.490134152226 gnorm: 0.000840675747 xtb: 6.7.1 (41059b4)
C            1.83504455467798       -1.51574504209348        0.00037947215654
C            0.57851954446167       -0.69735727301696       -0.00155331545344
C           -0.63857688904966       -1.38002495578645       -0.00345293877031
C           -1.82508986264758       -0.67571919917249       -0.00321915162248
N           -1.87304243063008        0.64761418189229       -0.00231564091972
C           -0.72667875691082        1.29537523494312       -0.00117252484373
C            0.53458964304589        0.69737695870254        0.00007081301371
C            1.73167479588369        1.60049185987618        0.00370329493859
H            2.73462116755864       -0.91121679631641       -0.03773607028626
H            1.87077111512390       -2.12821567122619        0.90092763358314
H            1.83544198191420       -2.18736311191428       -0.85739426825944
H           -0.64411957735982       -2.46009887046992       -0.00500765443835
H           -2.78201710012250       -1.18052697992215       -0.00443044440471
H           -0.80759200313819        2.37570194778642       -0.00050882804012
H            1.71723351391976        2.22700899593646        0.89491114023954
H            2.67026868936298        1.05709741618849       -0.01530510496172
H            1.69877117778878        2.25825184642725       -0.86405823603916
17
 energy: -22.490136760958 gnorm: 0.001048537978 xtb: 6.7.1 (41059b4)
C            1.83498658746348       -1.51562002216267        0.00041279481265
C            0.57851895341194       -0.69728623591899       -0.00200965283296
C           -0.63857240014889       -1.37997826993392       -0.00450280748551
C           -1.82500168034282       -0.67574917575979       -0.00430884557170
N           -1.87296868660867        0.64756620139036       -0.00301799298004
C           -0.72663709474450        1.29529963233976       -0.00140490343918
C            0.53461128444791        0.69742247425552        0.00012172972889
C            1.73167632075204        1.60034096782023        0.00470277859920
H            2.73441782959292       -0.91136766417480       -0.04640492937876
H            1.87474201590531       -2.12117321871114        0.90557674181605
H            1.83139430903081       -2.19386042322180       -0.85217813884954
H           -0.64371700384180       -2.46002770335341       -0.00640983311886
H           -2.78205066984014       -1.18028310035183       -0.00574534385659
H           -0.80791419734377        2.37555682774365       -0.00060354540059
H            1.71887589063173        2.22387907969807        0.89804954411422
H            2.67016591218006        1.05686124914330       -0.01769106731304
H            1.69729219333325        2.26106992303189       -0.86074835295216
17
 energy: -22.490140508250 gnorm: 0.001295941880 xtb: 6.7.1 (41059b4)
C            1.83492169109903       -1.51551261696567        0.00043782726186
C            0.57853274964153       -0.69722434806734       -0.00252709370075
C           -0.63856993563236       -1.37992759651161       -0.00565155146540
C           -1.82490480315065       -0.67577390317123       -0.00540940678028
N           -1.87288919981542        0.64752305080297       -0.00383705390948
C           -0.72658554284121        1.29521360127395       -0.00178773795226
C            0.53464198606710        0.69747272355216        0.00016268266302
C            1.73166302872460        1.60019982340941        0.00587813781924
H            2.73416093640439       -0.91168385417506       -0.05657772706691
H            1.87944310763578       -2.11293699226326        0.91092847547912
H            1.82668302414033       -2.20146256891929       -0.84601932811769
H           -0.64331143350215       -2.45994820217623       -0.00809431944824
H           -2.78208380129845       -1.18002007121333       -0.00739760752936
H           -0.80824455766571        2.37540105581398       -0.00064960587154
H            1.72072822875201        2.22028995892818        0.90167560161457
H            2.67005165298410        1.05669536648002       -0.02040465952847
H            1.69558243233591        2.26434511503678       -0.85688845757537
17
 energy: -22.490145724633 gnorm: 0.001555592062 xtb: 6.7.1 (41059b4)
C            1.83486108056182       -1.51533477638228        0.00045249222954
C            0.57850836997756       -0.69715990433653       -0.00316462490273
C           -0.63858993599911       -1.37988308485867       -0.00702491892176
C           -1.82483101428915       -0.67580180609993       -0.00679089242658
N           -1.87282340666686        0.64747491079732       -0.00477061712697
C           -0.72655033512235        1.29513273087472       -0.00215245343963
C            0.53464739684747        0.69751371071805        0.00019358599375
C            1.73167026003358        1.59998870112249        0.00722120490874
H            2.73378217391138       -0.91199911803981       -0.06810475668117
H            1.88485344848228       -2.10348917803146        0.91688632722276
H            1.82146931653597       -2.20997497287838       -0.83894898458082
H           -0.64290953178503       -2.45987600685109       -0.00995063064903
H           -2.78214606939447       -1.17974318896732       -0.00909925514226
H           -0.80860265806075        2.37524511289245       -0.00078010651190
H            1.72284493270422        2.21614416176627        0.90579783811122
H            2.66991008785202        1.05640455782965       -0.02343990099039
H            1.69372544829026        2.26800869227896       -0.85248613120070
17
 energy: -22.490152699980 gnorm: 0.001834070757 xtb: 6.7.1 (41059b4)
C            1.83480214486319       -1.51515708875138        0.00045995583455
C            0.57847869716735       -0.69711413841873       -0.00388085541537
C           -0.63862494352334       -1.37984423126185       -0.00848701302305
C           -1.82477039418457       -0.67582204186791       -0.00816954503921
N           -1.87276630454262        0.64743447566075       -0.00578928465597
C           -0.72651828048543        1.29505245244992       -0.00263139685379
C            0.53464614244355        0.69754876191880        0.00019624863143
C            1.73167107632533        1.59977120488563        0.00870016561774
H            2.73329741144957       -0.91249214223072       -0.08080122600779
H            1.89089112410135       -2.09302653579629        0.92330760802245
H            1.81582838863515       -2.21929790787528       -0.83103722714948
H           -0.64255772352772       -2.45980837550081       -0.01202310883983
H           -2.78221930372312       -1.17946693016210       -0.01104404005731
H           -0.80894513366215        2.37509492352811       -0.00090476573671
H            1.72514768547536        2.21157187558988        0.91031398881058
H            2.66975308540815        1.05616322013505       -0.02675925378513
H            1.69170589165879        2.27204301953136       -0.84761207446103
17
 energy: -22.490161616846 gnorm: 0.002088447724 xtb: 6.7.1 (41059b4)
C            1.83476125719053       -1.51491423465688        0.00046338154932
C            0.57840301706307       -0.69708443762644       -0.00468798245937
C           -0.63869259339397       -1.37982262362556       -0.01008842296809
C           -1.82475584145364       -0.67583881889589       -0.00972672605232
N           -1.87274137923738        0.64739904753403       -0.00687518114022
C           -0.72651320558960        1.29499002924989       -0.00311067608174
C            0.53460921285176        0.69756298966341        0.00016391464284
C            1.73169442824456        1.59948949090920        0.01026214768624
H            2.73266034191181       -0.91301790020812       -0.09415022481906
H            1.89736492744419       -2.08185066390369        0.92990622689076
H            1.81007711762748       -2.22897702108884       -0.82253756199101
H           -0.64229449038538       -2.45976301509464       -0.01416222415314
H           -2.78232504375521       -1.17921516548473       -0.01292580361259
H           -0.80926111804586        2.37497000226078       -0.00110419426038
H            1.72761788727922        2.20661752212915        0.91510033969616
H            2.66957355634137        1.05582481875748       -0.03027983612884
H            1.68964148978593        2.27628052191528       -0.84240900090650
17
 energy: -22.490168786966 gnorm: 0.002228101045 xtb: 6.7.1 (41059b4)
C            1.83474538858814       -1.51474917529149        0.00046651292844
C            0.57834158848269       -0.69708553512598       -0.00525652440247
C           -0.63875240979704       -1.37981862597734       -0.01115708960115
C           -1.82476816355550       -0.67584196167395       -0.01071202071056
N           -1.87274131144573        0.64738443280638       -0.00761419849432
C           -0.72651943904522        1.29495677338071       -0.00348193037563
C            0.53457213370274        0.69756091108150        0.00011414682027
C            1.73171031287523        1.59929490939502        0.01132841903583
H            2.73215506689965       -0.91346798735598       -0.10326369680978
H            1.90185933279989       -2.07413723523472        0.93430077294464
H            1.80624837326624       -2.23552955466425       -0.81660768273745
H           -0.64219843360354       -2.45974532285888       -0.01563365899516
H           -2.78240417634349       -1.17907140385004       -0.01424121087005
H           -0.80943172675874        2.37490495194801       -0.00126070155121
H            1.72932244420621        2.20316598883723        0.91838094811952
H            2.66944633125239        1.05562828727797       -0.03272420557266
H            1.68823425235492        2.27920108914025       -0.83879970383619
17
 energy: -22.490176828363 gnorm: 0.002384735665 xtb: 6.7.1 (41059b4)
C            1.83473826220776       -1.51456048287864        0.00047449938636
C            0.57826704433352       -0.69709241958856       -0.00583978733236
C           -0.63882159021789       -1.37981954949708       -0.01227060720352
C           -1.82479277030827       -0.67584364484685       -0.01176916186638
N           -1.87275093977069        0.64737113897170       -0.00838775763875
C           -0.72653272503035        1.29492677685591       -0.00386191943157
C            0.53452410461923        0.69755208096751        0.00006019130768
C            1.73173371356357        1.59907430188096        0.01242699294589
H            2.73159460634252       -0.91392340565387       -0.11263492600105
H            1.90651880108824       -2.06614689236232        0.93877760665000
H            1.80235277829402       -2.24222200534725       -0.81045377836796
H           -0.64212849178455       -2.45973374103617       -0.01713192030685
H           -2.78249192423715       -1.17893364871177       -0.01555113487034
H           -0.80959572002208        2.37484510325292       -0.00144525881804
H            1.73111128114327        2.19955161063714        0.92177544389818
H            2.66930860139459        1.05539330048097       -0.03527925823148
H            1.68678453226310        2.28221201870986       -0.83505104822773
17
 energy: -22.490185700177 gnorm: 0.002486687017 xtb: 6.7.1 (41059b4)
C            1.83474202728903       -1.51436526660993        0.00048642210306
C            0.57817533165379       -0.69711560830351       -0.00643901787339
C           -0.63890554613818       -1.37983182654418       -0.01335594481341
C           -1.82484424308670       -0.67583888536333       -0.01277672402906
N           -1.87277982550735        0.64736565513136       -0.00914100032010
C           -0.72656016985036        1.29491092050262       -0.00425189726847
C            0.53446008528751        0.69753131452491       -0.00002566486221
C            1.73176162882890        1.59884873769626        0.01348840361190
H            2.73097873744459       -0.91443253110839       -0.12169051144206
H            1.91110113603091       -2.05832194075225        0.94300501505772
H            1.79870255917362       -2.24863746804780       -0.80436575444584
H           -0.64213979251091       -2.45973724560006       -0.01857099035151
H           -2.78258967008158       -1.17882725921123       -0.01678724760580
H           -0.80971700557297        2.37480947524183       -0.00166004108187
H            1.73288017763699        2.19595000222802        0.92509195742329
H            2.66916876523210        1.05517293978015       -0.03781806122341
H            1.68538536804946        2.28516952826997       -0.83135076698678
17
 energy: -22.490195338653 gnorm: 0.002613727889 xtb: 6.7.1 (41059b4)
C            1.83475374576955       -1.51415653824968        0.00050711943822
C            0.57807828248252       -0.69714572606642       -0.00703214374361
C           -0.63899500733068       -1.37984766843315       -0.01445045365868
C           -1.82490242924838       -0.67583210579579       -0.01380548551582
N           -1.87281529828877        0.64736202325381       -0.00991895264595
C           -0.72659097092403        1.29489546559227       -0.00466206467285
C            0.53439002812828        0.69750576873506       -0.00011202944405
C            1.73179300566741        1.59860623634429        0.01456879520287
H            2.73032002410991       -0.91495880989002       -0.13090422460808
H            1.91579171973077       -2.05031414790405        0.94727030724609
H            1.79501001033387       -2.25512669308416       -0.79812080319902
H           -0.64217350925444       -2.45974486441996       -0.02003213256286
H           -2.78269100762810       -1.17872663709162       -0.01805236140923
H           -0.80983009194469        2.37477665182941       -0.00189719907332
H            1.73472157174368        2.19222410564248        0.92848511595962
H            2.66901963102531        1.05493706093650       -0.04046116740671
H            1.68393985950662        2.28819642043546       -0.82754414401456
17
 energy: -22.490205688073 gnorm: 0.002657524782 xtb: 6.7.1 (41059b4)
C            1.83477770048934       -1.51394225386427        0.00053511918730
C            0.57796272666832       -0.69719245969657       -0.00762925641041
C           -0.63909921729887       -1.37987603900036       -0.01549394191774
C           -1.82499006691553       -0.67581877438606       -0.01477017568474
N           -1.87287207693164        0.64736673843211       -0.01066100062997
C           -0.72663769247712        1.29489679048956       -0.00507295911119
C            0.53430262675208        0.69746746955005       -0.00023258936823
C            1.73182988318661        1.59836092987533        0.01558146266668
H            2.72961273474272       -0.91552743259135       -0.13954649266094
H            1.92028610234178       -2.04267215681377        0.95116030896186
H            1.79168096517918       -2.26115274349622       -0.79209016551598
H           -0.64229626123523       -2.45976958011138       -0.02138695552550
H           -2.78280187873611       -1.17866363308701       -0.01919427378165
H           -0.80989419991752        2.37477204835794       -0.00216745444711
H            1.73651170108137        2.18857890320039        0.93172137984286
H            2.66886995049739        1.05471768150077       -0.04304719477613
H            1.68257656645207        2.29110505347527       -0.82386763493704
17
 energy: -22.490216665592 gnorm: 0.002805031567 xtb: 6.7.1 (41059b4)
C            1.83480375692074       -1.51371368138899        0.00057723432006
C            0.57785251992978       -0.69723689737502       -0.00820660266951
C           -0.63920060774615       -1.37990006717461       -0.01657132330969
C           -1.82506583606516       -0.67580666709264       -0.01579716563050
N           -1.87292268559666        0.64736794683602       -0.01145984415527
C           -0.72667796113061        1.29488678115683       -0.00551223538887
C            0.53421858211378        0.69743220099051       -0.00033050864346
C            1.73186692898036        1.59809424761381        0.01665515099645
H            2.72887729953001       -0.91610068730804       -0.14871022843859
H            1.92502745917368       -2.03458743197871        0.95531184314632
H            1.78808403487031       -2.26753125602094       -0.78572950921250
H           -0.64238740230219       -2.45978728302566       -0.02282721531905
H           -2.78291068050477       -1.17858112336901       -0.02046050622076
H           -0.80998307091442        2.37475100957549       -0.00245330530858
H            1.73844695713306        2.18470574194201        0.93515266996203
H            2.66870500841407        1.05447190280320       -0.04583774100655
H            1.68108526107300        2.29418580565018       -0.81996253722946
17
 energy: -22.490234924517 gnorm: 0.001228894203 xtb: 6.7.1 (41059b4)
C            1.83509671228387       -1.51416069521136        0.00004759049158
C            0.57747062034654       -0.69768878573782       -0.00984243078528
C           -0.63965624003348       -1.38042288411190       -0.01689420760251
C           -1.82611530283414       -0.67591003755411       -0.01621340149728
N           -1.87370660360869        0.64761825733247       -0.01194872068642
C           -0.72717604905383        1.29551400013279       -0.00589827097035
C            0.53390696240285        0.69724556810413       -0.00181875338004
C            1.73214204524501        1.59868268208855        0.01756278902047
H            2.72803511453011       -0.91805537231413       -0.15518464927952
H            1.92926002650490       -2.02876227165936        0.95665121098579
H            1.78769484349615       -2.27222504265635       -0.78069401258084
H           -0.64459208660885       -2.46054815544395       -0.02289992419543
H           -2.78351562794785       -1.17995599352433       -0.02052364277283
H           -0.80869398192153        2.37591548454536       -0.00310840380807
H            1.73873351674274        2.18234722574068        0.93775004627552
H            2.66921771071144        1.05598989912493       -0.04620374178614
H            1.68171790362359        2.29706666297884       -0.81694330153658
17
 energy: -22.490266997878 gnorm: 0.002295101398 xtb: 6.7.1 (41059b4)
C            1.83635550130154       -1.51366977956143       -0.00152805717307
C            0.57644055458111       -0.69889256734895       -0.01339826965436
C           -0.64053652174310       -1.38137662385493       -0.01914470097310
C           -1.82809609358994       -0.67561593925169       -0.01859662371372
N           -1.87516910661463        0.64820596076458       -0.01475018083858
C           -0.72819482664301        1.29657236486739       -0.00824505483944
C            0.53286833290151        0.69621248431901       -0.00468805268850
C            1.73280442112534        1.59823063699603        0.02123444930513
H            2.72434618826342       -0.91904885618910       -0.18253664296226
H            1.94516585765081       -2.00377215021190        0.96505211363235
H            1.78176953083080       -2.28935995293531       -0.76240255752830
H           -0.65076145192296       -2.46187084179004       -0.02418829902880
H           -2.78403506481392       -1.18297124911627       -0.02169204548808
H           -0.80476886019479        2.37792730471001       -0.00454525080362
H            1.74015837296540        2.17136509139469        0.94778377872968
H            2.66943771085494        1.05583307947468       -0.04859494070791
H            1.68203501892634        2.30488157956765       -0.80592148937536
17
 energy: -22.490297191911 gnorm: 0.002760041772 xtb: 6.7.1 (41059b4)
C            1.83692360339602       -1.51328403856361       -0.00260024189388
C            0.57612373240821       -0.69947353815155       -0.01430969473954
C           -0.64072375619580       -1.38150213302488       -0.02090024076396
C           -1.82841310507147       -0.67511035496947       -0.02044058080129
N           -1.87539931847610        0.64845478869368       -0.01684130040340
C           -0.72836022131420        1.29668797013404       -0.00944680162384
C            0.53245031223764        0.69564568978123       -0.00459158451283
C            1.73275436335393        1.59764380912832        0.02450907176400
H            2.72193156420792       -0.92033748081945       -0.20495169464403
H            1.95757121853632       -1.98545764420375        0.97191341095737
H            1.77410294898338       -2.30264716387222       -0.74891457495194
H           -0.65341631900275       -2.46197827307723       -0.02638369856842
H           -2.78367998089759       -1.18366005274153       -0.02388096147466
H           -0.80304894521431        2.37815080705522       -0.00597190527993
H            1.74081353149001        2.16535748296427        0.95434659808856
H            2.66919795171246        1.05547057699353       -0.04901785859290
H            1.68099198372516        2.30869009650784       -0.79867976666725
17
 energy: -22.490332502244 gnorm: 0.003148550821 xtb: 6.7.1 (41059b4)
C            1.83736608526892       -1.51267795512096       -0.00366511150116
C            0.57575126312770       -0.69994077174137       -0.01564496396578
C           -0.64101939530548       -1.38162851417651       -0.02288885864678
C           -1.82880104149428       -0.67472309983497       -0.02245314206736
N           -1.87571432742186        0.64866929131842       -0.01890938932987
C           -0.72855686762445        1.29678451299824       -0.01059829335297
C            0.53203220948396        0.69521481658661       -0.00470661440277
C            1.73276546610363        1.59687721101639        0.02791520175268
H            2.71923021141635       -0.92209609617837       -0.22851728029108
H            1.97067949620831       -1.96571892910802        0.97894833928644
H            1.76617702300499       -2.31664961431775       -0.73407696434649
H           -0.65549139554925       -2.46209029138408       -0.02893852218464
H           -2.78362504969632       -1.18410071123558       -0.02617015892075
H           -0.80193067421469        2.37833695159072       -0.00704980490730
H            1.74183776652119        2.15904164115630        0.96113654720075
H            2.66890957331805        1.05471871693279       -0.04944443544877
H            1.68020922073208        2.31263338333255       -0.79109837298212
17
 energy: -22.490372741637 gnorm: 0.003496954237 xtb: 6.7.1 (41059b4)
C            1.83770890313226       -1.51189060603088       -0.00465882681318
C            0.57534362512184       -0.70032479793986       -0.01697665062243
C           -0.64136376889311       -1.38173181070794       -0.02510227249450
C           -1.82916933350397       -0.67440635907080       -0.02460457466611
N           -1.87601734879387        0.64883894169785       -0.02093518075986
C           -0.72874726918154        1.29683356494924       -0.01163352935815
C            0.53161495495519        0.69486622269634       -0.00467663724397
C            1.73280652048742        1.59593852867243        0.03132908957454
H            2.71620967453384       -0.92423529141763       -0.25246876600579
H            1.98407540112761       -1.94520104000044        0.98579893152205
H            1.75821378516696       -2.33067329837729       -0.71837996636263
H           -0.65709852135367       -2.46216776107859       -0.03177707026032
H           -2.78371424638501       -1.18429674545363       -0.02859591833031
H           -0.80125737775076        2.37842938354120       -0.00791752780274
H            1.74319642725746        2.15254549987824        0.96791627844487
H            2.66854465838517        1.05362777502301       -0.05005630345398
H            1.67947347957303        2.31649833545318       -0.78342289947543
17
 energy: -22.490415908530 gnorm: 0.003769320676 xtb: 6.7.1 (41059b4)
C            1.83795178657739       -1.51095691301979       -0.00545959727120
C            0.57493129346480       -0.70061366272574       -0.01816979859929
C           -0.64171987670864       -1.38179026082038       -0.02738542755741
C           -1.82946092359467       -0.67414997651351       -0.02671767370222
N           -1.87625957156577        0.64895231337347       -0.02278427870756
C           -0.72890530788239        1.29681260832582       -0.01249791977215
C            0.53121921621497        0.69460105084134       -0.00445221206060
C            1.73285763383228        1.59485156089185        0.03452874492043
H            2.71300532805120       -0.92660072085635       -0.27517176008179
H            1.99690112599512       -1.92521819244096        0.99197720651238
H            1.75074740311306       -2.34367456022060       -0.70277832497805
H           -0.65818245228168       -2.46217992754396       -0.03478515931022
H           -2.78389074526635       -1.18421313646458       -0.03105488502661
H           -0.80102938798664        2.37838459623276       -0.00859489067202
H            1.74490132634122        2.14617815586806        0.97428341984348
H            2.66809199867798        1.05223033363229       -0.05100927562449
H            1.67866071689697        2.32003727327472       -0.77608999202064
17
 energy: -22.487279408609 gnorm: 0.049880020557 xtb: 6.7.1 (41059b4)
C            1.84038378266792       -1.49880071670640       -0.01448451835378
C            0.57010721036815       -0.70364413763639       -0.03235281251183
C           -0.64586956200886       -1.38199853674027       -0.05683598869787
C           -1.83217090011348       -0.67100296338778       -0.05301202990065
N           -1.87865743427488        0.65007762362705       -0.04495746267355
C           -0.73042453153880        1.29593206034292       -0.02229677378198
C            0.52661547853049        0.69175604512359        0.00000286399620
C            1.73323110756609        1.58072750421567        0.07345199931633
H            2.67347417335752       -0.95615755895488       -0.55260365547756
H            2.15336877233009       -1.67985842591667        1.06781041287076
H            1.65824796240625       -2.50227650684758       -0.51025723828936
H           -0.66868541167093       -2.46157741653418       -0.07353934503193
H           -2.78594441243139       -1.18144778382009       -0.06165183662281
H           -0.80041509231359        2.37665203539852       -0.01586104844078
H            1.76719968792845        2.06857069139645        1.05130610217777
H            2.66193401953270        1.03351496789089       -0.06391616241900
H            1.66742471354314        2.36218366038357       -0.68696433026798
17
 energy: -22.489923997875 gnorm: 0.023573409924 xtb: 6.7.1 (41059b4)
C            1.83313880454401       -1.49459949770492       -0.00245285264946
C            0.57562727758690       -0.69647276280517       -0.01972140891546
C           -0.64148217333337       -1.37462813197670       -0.05549441136065
C           -1.81936697669316       -0.67058133451695       -0.04027253719419
N           -1.86971576549148        0.64707091092678       -0.03240255530731
C           -0.72362754222584        1.28764268601964       -0.01571764275876
C            0.53197348334470        0.69691684245270        0.01628745411100
C            1.72840457842392        1.57698293882308        0.05067404346043
H            2.69568245715756       -0.94011316422941       -0.38359779395879
H            2.05619521833414       -1.82025644641279        1.02314478782405
H            1.70178119816704       -2.39877173668055       -0.61325784406382
H           -0.63427806140960       -2.45120748952332       -0.06213613808060
H           -2.78172165559368       -1.16087290761335       -0.04053089103924
H           -0.82361447840093        2.36134054028529       -0.01417143568277
H            1.76793104450500        2.10761097556279        1.00362130256043
H            2.65706535540797        1.02344831518057       -0.07259069768114
H            1.65582679955568        2.32914080404674       -0.73754320337171
17
 energy: -22.483939007055 gnorm: 0.058282360132 xtb: 6.7.1 (41059b4)
C            1.85722630177553       -1.52921356215339       -0.02349395715535
C            0.56470111637731       -0.71669743317173       -0.02760949206601
C           -0.64948155833222       -1.39955645664295        0.02272989920034
C           -1.86130586480185       -0.67510573570591       -0.01382912650966
N           -1.89892687650211        0.65759695717222       -0.03799318546194
C           -0.74722084735585        1.31996017885012       -0.03822402455425
C            0.51906075130638        0.68157572966913       -0.06070121727932
C            1.74354191838027        1.61721775198984        0.04094285501405
H            2.71421421013634       -0.91095732116433       -0.28949260585520
H            2.02378938253413       -1.92976159634975        0.98404616315615
H            1.79666099788873       -2.35284812264321       -0.72896753110561
H           -0.75252826750967       -2.48853821964103        0.01417461579382
H           -2.78929258946550       -1.24563889732186       -0.01963322889011
H           -0.73080346794655        2.42109929204815       -0.04801684732980
H            1.72587378131345        2.10749512526490        1.01522625565092
H            2.68378530386676        1.09627880889709       -0.04586159363905
H            1.71052527221370        2.36974404273716       -0.73945880307695
17
 energy: -22.490334281582 gnorm: 0.007383290493 xtb: 6.7.1 (41059b4)
C            1.84096889636694       -1.51107796481093       -0.01486740273409
C            0.57198144338036       -0.70648896320179       -0.02409532383264
C           -0.64701141091381       -1.38420188942848       -0.01937264253193
C           -1.83380182670185       -0.67202145209144       -0.02344045453330
N           -1.87763919702323        0.65111843252862       -0.03765482763397
C           -0.72813758260990        1.29682411775516       -0.03368447884371
C            0.53004522916438        0.68993777784395       -0.01707368313682
C            1.73238913053314        1.59385402354286        0.04639519307152
H            2.70421671633585       -0.92643019831414       -0.32279904769234
H            2.02918240649608       -1.89184294135464        0.99276451793301
H            1.74964002090244       -2.36590368913177       -0.68459930781109
H           -0.67953179008080       -2.46435848629741       -0.01134044687689
H           -2.78559474567921       -1.18750009276553       -0.02251712121827
H           -0.78803091700950        2.37940607682671       -0.03806638765297
H            1.73937720624380        2.11206611936047        1.00534981059736
H            2.67131159716711        1.06097038231103       -0.05291894205939
H            1.68045438730705        2.34829928906175       -0.73824127915246
17
 energy: -22.490537716163 gnorm: 0.004653180474 xtb: 6.7.1 (41059b4)
C            1.83799349516144       -1.50622767405856       -0.00952189499936
C            0.57408747655116       -0.70220272112578       -0.01914591969586
C           -0.64367610014836       -1.38113330074560       -0.02757865462305
C           -1.82838551939753       -0.67235577743834       -0.02956509534505
N           -1.87520712115821        0.64977176624412       -0.03682963097836
C           -0.72686212725849        1.29463660492594       -0.02620913134859
C            0.53127161152021        0.69339779793248       -0.00557505888017
C            1.73148947341249        1.58854583393595        0.04748717141110
H            2.70153660158644       -0.92968521284081       -0.33550613941327
H            2.03287938498092       -1.87548465452911        1.00100646886107
H            1.73213759668659       -2.37168035647889       -0.66628886582315
H           -0.65900553490104       -2.46076304585000       -0.03053000088304
H           -2.78471719842193       -1.17853022392774       -0.02736727194681
H           -0.80263909490016        2.37499990856661       -0.03332388038697
H            1.75224085614948        2.11141866747492        1.00411224706399
H            2.66621944095012        1.04803865874141       -0.06237329527144
H            1.67045632306572        2.33990427100782       -0.73895287184901
17
 energy: -22.490562666298 gnorm: 0.005381634508 xtb: 6.7.1 (41059b4)
C            1.83746521080806       -1.50584893746081       -0.00672836103931
C            0.57410139744387       -0.70075490675995       -0.01863952075466
C           -0.64266132607707       -1.38082019550524       -0.03178943764809
C           -1.82823771743002       -0.67305928841315       -0.03124869691664
N           -1.87568708756060        0.64908459937769       -0.03520336493977
C           -0.72797149578809        1.29512307273565       -0.02369547156066
C            0.53071325238624        0.69461534005945       -0.00277059916265
C            1.73212509048566        1.58857048617894        0.04678917814155
H            2.70093967087209       -0.93305566295536       -0.34136703710289
H            2.03566368689176       -1.86649782693805        1.00735708068447
H            1.72674497493689       -2.37738345812684       -0.65602980359911
H           -0.65481542070121       -2.46058025862484       -0.03898903252835
H           -2.78470667964107       -1.17867550040443       -0.03237586558581
H           -0.80591512939835        2.37534697829740       -0.02754661579563
H            1.76014484608941        2.10967423426428        1.00422625904400
H            2.66485241656691        1.04584835440204       -0.06992382933378
H            1.66706387399438        2.34106351170767       -0.73822670601064
17
 energy: -22.490590871935 gnorm: 0.007347837401 xtb: 6.7.1 (41059b4)
C            1.83704629131332       -1.50526267089217       -0.00128539806311
C            0.57368943485809       -0.69885991671385       -0.01931612034116
C           -0.64166761098101       -1.38063557912636       -0.04010598004531
C           -1.82865488644518       -0.67418641166110       -0.03649941547534
N           -1.87647284536464        0.64790343492715       -0.03141258589084
C           -0.72982131141953        1.29601726789770       -0.01748610236142
C            0.52953816961639        0.69614489905967        0.00069096293746
C            1.73326314264217        1.58893398982057        0.04485711423856
H            2.70000308548705       -0.93946795455692       -0.35361715527465
H            2.04192568539590       -1.84662527690491        1.02062556048917
H            1.71883071925740       -2.39024987529211       -0.63377291210663
H           -0.65104803134284       -2.46054125892496       -0.05362277516269
H           -2.78475639229195       -1.18003925829822       -0.04229000956577
H           -0.80931334939211        2.37616216547930       -0.01665379287608
H            1.77531518857027        2.10251863452427        1.00606747922405
H            2.66247433000399        1.04360086375466       -0.08814007492878
H            1.65946794397154        2.34723748874169       -0.73420061890542
17
 energy: -22.490605963753 gnorm: 0.008031064613 xtb: 6.7.1 (41059b4)
C            1.83717441265731       -1.50495233015069        0.00101627453156
C            0.57339833342988       -0.69887169456748       -0.02024309102478
C           -0.64186474116038       -1.38073448573439       -0.04270585537554
C           -1.82898197538533       -0.67426333852229       -0.03861356801176
N           -1.87657115416558        0.64770480333851       -0.03011700548163
C           -0.73012295101068        1.29611411554610       -0.01586887590150
C            0.52920407663926        0.69607111881534        0.00039694242864
C            1.73344805011143        1.58882544621587        0.04358683651629
H            2.69958596100086       -0.94153015176121       -0.35820062169664
H            2.04468835889259       -1.83757793687486        1.02609254324976
H            1.71758010479832       -2.39569627107472       -0.62375260652444
H           -0.65206716729493       -2.46057500571850       -0.05798879515775
H           -2.78473917216810       -1.18064933724447       -0.04708064192523
H           -0.80896677327097        2.37624928769873       -0.01157684385117
H            1.78130360603829        2.09625623792844        1.00777817642097
H            2.66156960336524        1.04411726826714       -0.09856949239646
H            1.65518099140164        2.35216281567290       -0.73031519990827
17
 energy: -22.490662792927 gnorm: 0.010011518822 xtb: 6.7.1 (41059b4)
C            1.83798700367169       -1.50354365943297        0.00937700362404
C            0.57237299743462       -0.70021795429083       -0.02348189254635
C           -0.64329913805728       -1.38129149666405       -0.05049189313941
C           -1.83011123308532       -0.67376533559737       -0.04724981692908
N           -1.87675413967251        0.64771230518489       -0.02752373298435
C           -0.73041659414875        1.29595062573736       -0.01130521289999
C            0.52838312243880        0.69475145687463       -0.00240153238118
C            1.73355831453528        1.58756499281104        0.03871879310892
H            2.69762000671160       -0.94713279647688       -0.37177066034841
H            2.05420628654552       -1.80579825080407        1.04412186380071
H            1.71656478141258       -2.41328444463035       -0.58839403970744
H           -0.65873039908630       -2.46081163505733       -0.06859237153968
H           -2.78465619947315       -1.18226225388431       -0.06332653847719
H           -0.80564868982980        2.37612387939550        0.00277743409016
H            1.80429381141299        2.06576541456637        1.01711437058690
H            2.65829957830116        1.04814997112625       -0.14335005492267
H            1.63615005476772        2.37473972297652       -0.71038354344294
17
 energy: -22.490731069301 gnorm: 0.010599937634 xtb: 6.7.1 (41059b4)
C            1.83883767792013       -1.50203304466867        0.01673078422111
C            0.57148775187869       -0.70228845319940       -0.02523417276950
C           -0.64501264206292       -1.38194542704245       -0.05429900933076
C           -1.83103562116498       -0.67286357868683       -0.05409695689022
N           -1.87699392113208        0.64820644998182       -0.02808761624894
C           -0.73019660085754        1.29536490358405       -0.01066445809012
C            0.52790320412392        0.69296030177504       -0.00656501465024
C            1.73319439716678        1.58573279729686        0.03453705267249
H            2.69557526118600       -0.95027220848742       -0.37904600710859
H            2.06120432903117       -1.78140250983504        1.05681496921328
H            1.71857682211150       -2.42449719615720       -0.56045268541675
H           -0.66605778970613       -2.46118601512868       -0.07245758740650
H           -2.78468147510698       -1.18306523617476       -0.07622368483047
H           -0.80179727231715        2.37559054407790        0.01048501777795
H            1.82699917242213        2.03169184609940        1.02728117445726
H            2.65464750378123        1.05446187921065       -0.18866128332578
H            1.61716876660510        2.39819548918914       -0.68622234638218
17
 energy: -22.490881588323 gnorm: 0.010466651926 xtb: 6.7.1 (41059b4)
C            1.84015235490753       -1.49864749640779        0.02829000147595
C            0.56994283175720       -0.70614891119205       -0.02582116596908
C           -0.64811545873196       -1.38313733420844       -0.05631642950165
C           -1.83242503544638       -0.67116836727024       -0.06448127535197
N           -1.87785051424196        0.64942256472097       -0.03396226348416
C           -0.72967992507065        1.29405469411311       -0.01459268430133
C            0.52712883640523        0.68991960647437       -0.01460255852356
C            1.73229439795378        1.58129262790536        0.02897484541794
H            2.69096241950468       -0.95269601234114       -0.38541779357251
H            2.07132670902143       -1.74603770125891        1.07190603012283
H            1.72465280524794       -2.43584624566583       -0.51975338332063
H           -0.67766907317253       -2.46202009149524       -0.07078604033832
H           -2.78513578758635       -1.18333602696557       -0.09345983169014
H           -0.79622203264361        2.37433922939075        0.01272081987771
H            1.86974898133792        1.96493635219070        1.04563735804485
H            2.64588488310168        1.06821162193236       -0.26952762748352
H            1.58482317153489        2.43951203191198       -0.63496982551033
17
 energy: -22.491089202650 gnorm: 0.006940341078 xtb: 6.7.1 (41059b4)
C            1.84078294109015       -1.49459323896306        0.03314969863926
C            0.56855418503739       -0.70878864969950       -0.02335689870812
C           -0.65051012392469       -1.38397352831428       -0.05225865170049
C           -1.83322626050792       -0.67003258370244       -0.06918348693361
N           -1.87917939850898        0.65057126806593       -0.04400742995416
C           -0.72946371518669        1.29291242124713       -0.02388978394934
C            0.52634344682724        0.68823459482584       -0.02062438110454
C            1.73162105912375        1.57580103334409        0.02891510420525
H            2.68501722428047       -0.95063933220602       -0.38888444959090
H            2.07920749879290       -1.72529418650410        1.07303812723511
H            1.73026455000738       -2.43561196009478       -0.49933316123729
H           -0.68335613099758       -2.46274861906305       -0.06073846207480
H           -2.78630368493158       -1.18192754028435       -0.09830185484102
H           -0.79499398928324        2.37320005749407        0.00121316284890
H            1.90104252708549        1.91220179830128        1.05540312877719
H            2.63533462421321        1.08093842416116       -0.31935617363491
H            1.56868481076156        2.46240058322642       -0.58794631208443
17
 energy: -22.491146391670 gnorm: 0.022005768404 xtb: 6.7.1 (41059b4)
C            1.84035552396382       -1.48333922571238        0.05044629438519
C            0.56504405415328       -0.70820882558428       -0.02114652765590
C           -0.65222524139965       -1.38421945731856       -0.06063923706871
C           -1.83455714854767       -0.67019929033974       -0.08666823533415
N           -1.88355516103408        0.65069482691780       -0.06328481028675
C           -0.73291685745021        1.29295098440999       -0.03424582239967
C            0.52226690648916        0.68993483103444       -0.02230700061973
C            1.73336260343676        1.56300414242159        0.03063946381769
H            2.66662855125730       -0.95699284418170       -0.42808018424515
H            2.11138085436573       -1.64031563071976        1.09840555907732
H            1.72283471144734       -2.46147625298717       -0.41627055999641
H           -0.67847943623411       -2.46328428246122       -0.06579087364348
H           -2.78966786522424       -1.17852290109121       -0.11666943072643
H           -0.80583750260467        2.37295232089956       -0.01885237115289
H            1.99484514957957        1.78559137954681        1.08601687018281
H            2.60798041093270        1.09454516879112       -0.45046477079895
H            1.52236001074782        2.51953559820906       -0.47725018764268
17
 energy: -22.491647305644 gnorm: 0.011421973087 xtb: 6.7.1 (41059b4)
C            1.83763573260596       -1.47870633999443        0.04330121937317
C            0.56407141896264       -0.70069746078979       -0.01746497729171
C           -0.64848090381171       -1.38246998688406       -0.06196576278927
C           -1.83364322901493       -0.67351431330160       -0.08157723904228
N           -1.88615721816958        0.64886023174354       -0.07472864063003
C           -0.73685305701537        1.29576438903666       -0.04158023310238
C            0.51987502161913        0.69721650693018       -0.00938276410754
C            1.73735450284803        1.55835495691762        0.04530478666069
H            2.65494311516432       -0.95916226428273       -0.45804015098059
H            2.12682894720786       -1.62426169555877        1.08911715160526
H            1.70505340122316       -2.46267271452158       -0.41455500190341
H           -0.65167418954006       -2.46268888221924       -0.06853874583126
H           -2.79312383059906       -1.17382391115992       -0.09736466250031
H           -0.82700092795399        2.37572933411324       -0.05033629720397
H            2.00189848703504        1.78373187442866        1.07854947638101
H            2.59600005194923        1.08591415731211       -0.41895892447193
H            1.54309224136817        2.49507666006446       -0.45794105827338
17
 energy: -22.492018014835 gnorm: 0.007459372506 xtb: 6.7.1 (41059b4)
C            1.83885217406262       -1.47619682080252        0.04930725077150
C            0.56105230160025       -0.70149879553433       -0.01581085822859
C           -0.65054818675958       -1.38410504761055       -0.05602575593796
C           -1.83674552780813       -0.67439988594401       -0.08024231606574
N           -1.88713619192117        0.64803121437320       -0.08778476798698
C           -0.73817965874291        1.29692613585716       -0.06033591133361
C            0.51779401411394        0.69669037855281       -0.01636353902368
C            1.73953142735010        1.55645906835611        0.04693405536574
H            2.64885990160511       -0.96589869148517       -0.47167857213047
H            2.14031042298128       -1.60244344174297        1.09095687209534
H            1.70536254293243       -2.46331179859913       -0.39092881032371
H           -0.65685043014936       -2.46449564866828       -0.05811395670230
H           -2.79545962896536       -1.17630435909593       -0.09766633030706
H           -0.82553236832961        2.37753423646247       -0.07132635096175
H            2.03183046013206        1.72178850528287        1.08918461382033
H            2.58334685281467        1.10284333232288       -0.46811994063677
H            1.53333145896252        2.53103216010974       -0.39814750652216
17
 energy: -22.491988603102 gnorm: 0.020401261472 xtb: 6.7.1 (41059b4)
C            1.84041292667194       -1.46730856932231        0.05903493357399
C            0.55547796900287       -0.69996456694906       -0.01152208720832
C           -0.65372342498288       -1.38560474474305       -0.05173651987388
C           -1.84158240191168       -0.67610527001549       -0.08608458363203
N           -1.88915729180716        0.64596743588046       -0.11040635671974
C           -0.74173832469477        1.29941175504138       -0.08563480806566
C            0.51276777034115        0.69836892889323       -0.02079009112007
C            1.74297099314427        1.55043151718378        0.05638426209777
H            2.63152011017498       -0.97921777961576       -0.51424678717557
H            2.17571955115280       -1.53776709642865        1.09843672643132
H            1.69855615194739       -2.47741503470864       -0.32887036924508
H           -0.66062819598932       -2.46622823767067       -0.05027274723765
H           -2.79974803859988       -1.17902578481836       -0.10281259321630
H           -0.82869662796561        2.38023911993106       -0.10704338142752
H            2.09714248031540        1.60640878867946        1.10576342933219
H            2.55555446920203        1.13447049511474       -0.56237301733025
H            1.51497144787732        2.57598958538220       -0.28398783329110
17
 energy: -22.492647339684 gnorm: 0.004761171773 xtb: 6.7.1 (41059b4)
C            1.84003206819478       -1.46466193073461        0.06105849274733
C            0.55499346903257       -0.69973944138891       -0.01390895486030
C           -0.65471601787044       -1.38545189916260       -0.05343323027625
C           -1.84165555552615       -0.67604650788339       -0.09214150287817
N           -1.88900172727514        0.64532502033394       -0.11063451466196
C           -0.74254735729102        1.29881416185555       -0.08047032029585
C            0.51165346045482        0.69811064298504       -0.02165771593235
C            1.74096522078162        1.54828305769447        0.05596379710109
H            2.62640403555452       -0.98678309998410       -0.52016498448033
H            2.17958449054285       -1.52172193106832        1.09644958648349
H            1.70035501244179       -2.47880565835557       -0.30831637705924
H           -0.66369874358330       -2.46566806580574       -0.04983812186086
H           -2.79906804406373       -1.17993516881168       -0.10996210712727
H           -0.82809522903896        2.37883137738298       -0.10450526755045
H            2.10755310696687        1.59012119221562        1.08630892481248
H            2.54528964477613        1.15469915639808       -0.56590387379795
H            1.52177172978165        2.56727963616357       -0.26500565447132
17
 energy: -22.492786790782 gnorm: 0.001845493594 xtb: 6.7.1 (41059b4)
C            1.84093055957629       -1.46111879217735        0.06436325042705
C            0.55478282878422       -0.69948345771179       -0.01404175847224
C           -0.65507186790983       -1.38521511533257       -0.05495266488208
C           -1.84151379991440       -0.67536472693179       -0.09672613129143
N           -1.88859790574338        0.64574315915987       -0.11277839894141
C           -0.74249561876702        1.29920232327170       -0.08016897281688
C            0.51133897594083        0.69808758479556       -0.02246852011081
C            1.74170319088752        1.54564748995828        0.05572254923098
H            2.62050024120315       -0.99228266669975       -0.53130674962899
H            2.18760624921063       -1.49828820607807        1.09763095669716
H            1.70036856320335       -2.48195805892243       -0.28414274227638
H           -0.66561535820113       -2.46526426899519       -0.05123086651425
H           -2.79834917945321       -1.18011889285152       -0.12020633219747
H           -0.82703770858025        2.37908531850184       -0.09731419973193
H            2.11773065200932        1.56661995152826        1.07837350636997
H            2.53461211866049        1.16197068966262       -0.58120183784405
H            1.51892762297227        2.56538821065666       -0.24571291212515
17
 energy: -22.493108068493 gnorm: 0.004915123913 xtb: 6.7.1 (41059b4)
C            1.84283878262804       -1.45135836376145        0.07618138674059
C            0.55226755363105       -0.69962490314527       -0.01098797513779
C           -0.65705045020055       -1.38559308132141       -0.06155158988851
C           -1.84253001082439       -0.67435164710490       -0.11419942472703
N           -1.88960075576956        0.64636816983554       -0.12038958712570
C           -0.74433216945749        1.30008880912565       -0.07543090023665
C            0.50847289943694        0.69763682294811       -0.01929045941493
C            1.74453243359845        1.53794029772171        0.05551720734854
H            2.60161501320227       -1.00993980286757       -0.56690546640991
H            2.21640507783845       -1.42693256612836        1.10251473623632
H            1.69880260249562       -2.49274080881637       -0.21001812614173
H           -0.67087596504148       -2.46538173072034       -0.05702081008339
H           -2.79796368041374       -1.18116355348627       -0.15181523940042
H           -0.82634097313121        2.37991567164323       -0.08237068959047
H            2.15971542148099        1.49703973680442        1.05978720056691
H            2.50371707778420        1.18188181242922       -0.63594438126011
H            1.51014670662125        2.56886567867839       -0.18423770558361
17
 energy: -22.493319799210 gnorm: 0.004954099990 xtb: 6.7.1 (41059b4)
C            1.84313813900120       -1.44530894419675        0.08635580120947
C            0.54917887107567       -0.70023084437729       -0.00468563489149
C           -0.65892682204836       -1.38655463190410       -0.06556581538606
C           -1.84409557853316       -0.67439951557646       -0.12632289235245
N           -1.89171158553235        0.64616504508029       -0.12719496112713
C           -0.74685828586397        1.30044038799368       -0.07294635057826
C            0.50507557294871        0.69726770052853       -0.01311176426010
C            1.74597774196054        1.53241037461863        0.05550917597762
H            2.58709446850059       -1.02458528542758       -0.58991856924857
H            2.23940112941548       -1.38001099316111        1.10416089859865
H            1.69745801828166       -2.49801106005847       -0.15836423205804
H           -0.67365374882606       -2.46634729736391       -0.06295977148952
H           -2.79873610656997       -1.18199758236693       -0.17612128923744
H           -0.82829657037850        2.38043604986018       -0.07448979430986
H            2.19758417257988        1.45112542228395        1.04532370902655
H            2.48061554086845        1.19733838936598       -0.67769364948462
H            1.50657460699902        2.57491332653569       -0.13813668449664
17
 energy: -22.493451325679 gnorm: 0.009773135634 xtb: 6.7.1 (41059b4)
C            1.84305350824307       -1.43756758718610        0.09834361323468
C            0.54469516111641       -0.70119456115883        0.00303995310973
C           -0.66131782276938       -1.38812759330300       -0.07092277254630
C           -1.84623100594664       -0.67482958509412       -0.14157118810014
N           -1.89480113531187        0.64554393178365       -0.13719791387204
C           -0.75035223837350        1.30083628508613       -0.07168529977499
C            0.50032030589770        0.69684343896458       -0.00518348195856
C            1.74723481480230        1.52417684564777        0.05763363939392
H            2.56628683222883       -1.04645805790662       -0.62149397755937
H            2.27081480008318       -1.31793425975969        1.10090401240337
H            1.69616594815630       -2.50288445279302       -0.09066591352379
H           -0.67621360969904       -2.46804380312140       -0.07006227269412
H           -2.80019519344424       -1.18246982640841       -0.20227192331814
H           -0.83229579806762        2.38102567092068       -0.07080204747290
H            2.24491752977410        1.39275330527912        1.02583671881242
H            2.45069472720628        1.21950040788865       -0.72556578557590
H            1.50704273998293        2.58148038299492       -0.07449718466581
17
 energy: -22.493566241424 gnorm: 0.005714923153 xtb: 6.7.1 (41059b4)
C            1.84269592485541       -1.43692437998634        0.09762209623203
C            0.54377206331561       -0.70152611649643        0.00341936053646
C           -0.66161335366353       -1.38860482257619       -0.07115443040106
C           -1.84661838792200       -0.67515387986600       -0.14107176535542
N           -1.89534596837753        0.64521710608471       -0.13916048613867
C           -0.75075180573347        1.30080054466407       -0.07466644490470
C            0.49960344861559        0.69678183334576       -0.00484552382477
C            1.74694818917268        1.52256599975309        0.06028835458895
H            2.56208307388472       -1.05227839742126       -0.62719766387269
H            2.27596102345704       -1.31054445143629        1.09385225312457
H            1.69672199984325       -2.50112001751799       -0.08343578468647
H           -0.67566176383783       -2.46863283034582       -0.07050186565364
H           -2.80093003509289       -1.18191253209915       -0.19951036524093
H           -0.83386177722105        2.38106247622462       -0.07612356877553
H            2.24509186713455        1.38996543426722        1.02468170179096
H            2.44952804506319        1.22281467814072       -0.72141293223335
H            1.51219702038505        2.58013989709960       -0.06694475929364
17
 energy: -22.493724554832 gnorm: 0.004466420136 xtb: 6.7.1 (41059b4)
C            1.84213740588718       -1.43342823272456        0.09971342271073
C            0.54130626228034       -0.70202185783416        0.00430867412376
C           -0.66233847093819       -1.38965669617456       -0.07274926781424
C           -1.84730559023492       -0.67572825194905       -0.14517400691835
N           -1.89609111249736        0.64444443546228       -0.14867921950215
C           -0.75136303346230        1.30119737659142       -0.08180982996379
C            0.49764061191562        0.69711302067729       -0.00283945605911
C            1.74649989070213        1.51675840267530        0.06981708071759
H            2.54095696650727       -1.08149540581449       -0.66167193708581
H            2.30314023099048       -1.25874575167807        1.07418308661629
H            1.69452856128765       -2.50412662059400       -0.02865738178764
H           -0.67452968746860       -2.46987260608769       -0.07479550337800
H           -2.80255553957442       -1.18023785446697       -0.20469713593866
H           -0.83767895855327        2.38139933457266       -0.08988995964423
H            2.26418342173111        1.35189119577357        1.01646078044133
H            2.43245288790085        1.24584748257500       -0.73340463126943
H            1.51883571740523        2.57931257083033       -0.01627653935621
17
 energy: -22.493803347857 gnorm: 0.003815319883 xtb: 6.7.1 (41059b4)
C            1.84231318554436       -1.43166194599707        0.10113485038699
C            0.54090958232748       -0.70173445047410        0.00447586133008
C           -0.66242443042994       -1.38968748491615       -0.07422996820796
C           -1.84718133844876       -0.67575282420805       -0.14969551732983
N           -1.89501237224872        0.64428079099263       -0.15727073091642
C           -0.75022220117027        1.30154197619380       -0.08766638651773
C            0.49781504791557        0.69766050530089       -0.00165143741859
C            1.74669342013758        1.51461026726074        0.07682588795632
H            2.52547151383902       -1.10659881906527       -0.68447048300614
H            2.32129584353794       -1.22332861975128        1.05775084763167
H            1.69258188086465       -2.50500022185248        0.01232437160447
H           -0.67392730725833       -2.46984805746719       -0.07470331755993
H           -2.80335253642297       -1.17886791909268       -0.20655261693946
H           -0.83804349520679        2.38144853895048       -0.10170980743161
H            2.27762292220503        1.31920910581520        1.01040831275717
H            2.41935095912569        1.26819256985829       -0.74615104991291
H            1.51592888956725        2.57818713028653        0.02501935946597
17
 energy: -22.493835832496 gnorm: 0.003680926296 xtb: 6.7.1 (41059b4)
C            1.84273951802975       -1.43122449273203        0.10034157729057
C            0.54084689025255       -0.70173968940678        0.00483697932261
C           -0.66289185352669       -1.38969083875705       -0.07357251110000
C           -1.84725711412965       -0.67577638523501       -0.15303592762169
N           -1.89377688608296        0.64425028633996       -0.16546752938792
C           -0.74902628230984        1.30134573901180       -0.09469312417101
C            0.49840254929308        0.69750403400119       -0.00293774427912
C            1.74701093112650        1.51442108994708        0.08394018590733
H            2.50841746111591       -1.13389617592909       -0.71328881695865
H            2.34303530687068       -1.18840490360300        1.04007514749254
H            1.68783220275417       -2.50818291643888        0.05237908824655
H           -0.67438957031827       -2.46973726850179       -0.07328447124381
H           -2.80399888506840       -1.17842661893838       -0.21033249941451
H           -0.83690203790703        2.38110388529096       -0.10901077863063
H            2.28376600638151        1.29674065087012        1.00661255692911
H            2.41239748412553        1.28794549584960       -0.74817960878322
H            1.51361384327198        2.57641865006559        0.05945565229394
17
 energy: -22.493844124856 gnorm: 0.003033897419 xtb: 6.7.1 (41059b4)
C            1.84312377483312       -1.43258717188247        0.09976731677958
C            0.54199135600024       -0.70132387379114        0.00424583140238
C           -0.66266018005653       -1.38907163462369       -0.07243490095852
C           -1.84673610232844       -0.67548159952068       -0.15345610029194
N           -1.89256295099407        0.64465657128320       -0.16806143659968
C           -0.74809650693657        1.30120791768877       -0.09679513381869
C            0.49955920816408        0.69739870847975       -0.00464616579176
C            1.74715488749493        1.51706920656684        0.08487381955466
H            2.50458192070738       -1.14281045170202       -0.71405972454498
H            2.34494406081232       -1.18868401123841        1.03332462714510
H            1.68738663238368       -2.50601993391723        0.05778455233126
H           -0.67488800385171       -2.46900296783191       -0.06851003615325
H           -2.80328843279529       -1.17894176128594       -0.21033029257278
H           -0.83449830001921        2.38085139453987       -0.11220111412291
H            2.28379795667787        1.29242467931908        1.00455776558799
H            2.41151864983954        1.29703258835941       -0.74890983618053
H            1.50849159394749        2.57593288139087        0.06868900412616
17
 energy: -22.493854115896 gnorm: 0.001854357660 xtb: 6.7.1 (41059b4)
C            1.84314480093674       -1.43113817781884        0.10271682004162
C            0.54111740196826       -0.70150545841415        0.00660321088485
C           -0.66321087786995       -1.38926040829570       -0.07346579795162
C           -1.84705131830239       -0.67543208085600       -0.15825659482968
N           -1.89332747792904        0.64474180430842       -0.17141466176791
C           -0.74921246144512        1.30125992721789       -0.09619145854417
C            0.49839698981376        0.69706389478994       -0.00279457063534
C            1.74725589853318        1.51591055257244        0.08527263145385
H            2.49790721516204       -1.15158550176189       -0.72221833882711
H            2.35414230708694       -1.17441143710040        1.03025419869342
H            1.68685132407559       -2.50635759798507        0.07633764220544
H           -0.67595666366491       -2.46922886735137       -0.06788578537917
H           -2.80290114112647       -1.17956159250392       -0.21830098637137
H           -0.83472930802610        2.38102621485544       -0.11094365551769
H            2.29562776189046        1.27824988102637        0.99825202417054
H            2.40374565769504        1.30534135379166       -0.76082960039293
H            1.50801945508080        2.57753803535948        0.08670309865935
17
 energy: -22.493857487031 gnorm: 0.001591655374 xtb: 6.7.1 (41059b4)
C            1.84289277126960       -1.43236339618369        0.10125204038045
C            0.54146714534243       -0.70150866893787        0.00690106328050
C           -0.66278135155972       -1.38917973156866       -0.07291870489684
C           -1.84667721295173       -0.67545029530655       -0.15748516093618
N           -1.89361763922492        0.64481828183700       -0.16896508985125
C           -0.74955741650148        1.30129340753736       -0.09349681804849
C            0.49842698073534        0.69705881654058       -0.00191009235269
C            1.74658270409753        1.51666337150070        0.08463266551172
H            2.50085620233356       -1.14778733313132       -0.72046666015412
H            2.35150221044045       -1.18220151716981        1.03283700145823
H            1.68561726478797       -2.50811701967430        0.06757192998125
H           -0.67550710556110       -2.46921136384921       -0.06907973323106
H           -2.80211168073496       -1.17988120900223       -0.21849564893609
H           -0.83483121333463        2.38123193482518       -0.10678475313551
H            2.28934271852743        1.29242920499582        1.00141039257426
H            2.40794550293087        1.29843664711105       -0.75284988232444
H            1.51026968328218        2.57641941231024        0.07168562657233
17
 energy: -22.493861570828 gnorm: 0.000308330533 xtb: 6.7.1 (41059b4)
C            1.84295503430549       -1.43240638486858        0.10233320123525
C            0.54167038843694       -0.70140620756394        0.00722956682882
C           -0.66270302534379       -1.38903564962247       -0.07286885731289
C           -1.84645435719845       -0.67536042632573       -0.15834118691361
N           -1.89340873583730        0.64492107699452       -0.16986847974683
C           -0.74950971951211        1.30125699028235       -0.09363669165308
C            0.49854697422027        0.69703024631508       -0.00196306081982
C            1.74653753325644        1.51705363046065        0.08412303148264
H            2.49889020873075       -1.15138770296606       -0.72087538036763
H            2.35310911564801       -1.17972189834052        1.03145707051017
H            1.68554146343760       -2.50750294188729        0.07259140191407
H           -0.67572582841890       -2.46903960197974       -0.06839264251754
H           -2.80166091929999       -1.18011936564581       -0.22127712795406
H           -0.83433111551889        2.38120358312148       -0.10587932694028
H            2.29249476349796        1.28769536855304        0.99876244297858
H            2.40511398475452        1.30197823738156       -0.75703942883525
H            1.50875379872027        2.57749158792578        0.07748364400354
17
 energy: -22.493862113473 gnorm: 0.000446646878 xtb: 6.7.1 (41059b4)
C            1.84297725970385       -1.43230583961679        0.10326181169089
C            0.54164749645864       -0.70137078865013        0.00808817199529
C           -0.66270648208203       -1.38899787685641       -0.07335192646730
C           -1.84636816029776       -0.67536498295354       -0.16026059442528
N           -1.89344522220129        0.64495335006617       -0.17071571671769
C           -0.74965579408504        1.30122578908741       -0.09273522867877
C            0.49846391578944        0.69700612487868       -0.00085525679780
C            1.74655095285484        1.51696539696142        0.08446473563558
H            2.49643723580788       -1.15569885857520       -0.72383892301869
H            2.35628872291096       -1.17520604459724        1.02978611340204
H            1.68474776102537       -2.50765017491600        0.07925221960611
H           -0.67582065500625       -2.46899667817998       -0.06871762959895
H           -2.80137668326423       -1.18024166719983       -0.22429587247640
H           -0.83424591217556        2.38118306725827       -0.10465992949202
H            2.29564653425552        1.28484507040095        0.99685538341411
H            2.40248697759887        1.30489137639293       -0.76015581374543
H            1.50819161658562        2.57741327833358        0.08171663156640
17
 energy: -22.493862523519 gnorm: 0.000184455168 xtb: 6.7.1 (41059b4)
C            1.84293009568656       -1.43246446521249        0.10349447840239
C            0.54171395845225       -0.70135346596292        0.00807642178593
C           -0.66261258934344       -1.38897850235238       -0.07357946365744
C           -1.84626302262738       -0.67538449776604       -0.16039122462638
N           -1.89343563829186        0.64494484429651       -0.17022431674587
C           -0.74967948635051        1.30120013695496       -0.09211237862323
C            0.49850805508912        0.69703685078160       -0.00070882568477
C            1.74649964238655        1.51708727391323        0.08407013055378
H            2.49643941075689       -1.15613074467635       -0.72341234979134
H            2.35616761068527       -1.17530817375293        1.02992426337981
H            1.68462853823973       -2.50777272338539        0.07966872854695
H           -0.67567866005496       -2.46897993646567       -0.06938038642182
H           -2.80121922367050       -1.18024652843958       -0.22518892150605
H           -0.83433293660149        2.38117134949102       -0.10321707324297
H            2.29566055839602        1.28579382580987        0.99645664829875
H            2.40216431239127        1.30437595374235       -0.76015637123657
H            1.50832893873529        2.57765934485852        0.08051881646091
17
 energy: -22.493862709266 gnorm: 0.000174208427 xtb: 6.7.1 (41059b4)
C            1.84288762232803       -1.43258287661391        0.10392725247205
C            0.54175112776816       -0.70135614877285        0.00830083513978
C           -0.66252658238458       -1.38898309539754       -0.07396379604064
C           -1.84618184207769       -0.67541708592443       -0.16079223836128
N           -1.89342474660972        0.64492363762327       -0.16968277301698
C           -0.74969496306934        1.30116411901674       -0.09115010182849
C            0.49854648197178        0.69704688410805       -0.00018952859208
C            1.74653098123401        1.51715667577608        0.08380479316682
H            2.49621906085903       -1.15719194526257       -0.72336072819458
H            2.35637108122105       -1.17485084708099        1.02986392159429
H            1.68437567612716       -2.50771316377030        0.08092464490306
H           -0.67548159919201       -2.46899034283955       -0.07045500739160
H           -2.80111636605805       -1.18020536423572       -0.22654060209336
H           -0.83448166384317        2.38113885861638       -0.10147547219604
H            2.29604474951563        1.28680838036528        0.99599860098618
H            2.40165337093342        1.30408233825318       -0.76060797660315
H            1.50834717515509        2.57762051797319        0.07923635194810
17
 energy: -22.493862799468 gnorm: 0.000232203053 xtb: 6.7.1 (41059b4)
C            1.84285687052519       -1.43258917588635        0.10407164951260
C            0.54172523489199       -0.70137435136470        0.00821222731052
C           -0.66250992907493       -1.38900757801875       -0.07437258959004
C           -1.84616602067741       -0.67543304051819       -0.16113880712343
N           -1.89343134093782        0.64490835160448       -0.16943839220737
C           -0.74971680315693        1.30116247180066       -0.09070048858656
C            0.49852666798727        0.69704218987068       -0.00006397465111
C            1.74654102946467        1.51715204356910        0.08371969691800
H            2.49574466946041       -1.15825277441184       -0.72391138916979
H            2.35691368002231       -1.17349064785528        1.02938143972821
H            1.68432167287741       -2.50787094630899        0.08272999665309
H           -0.67539809398674       -2.46901921321093       -0.07112195144683
H           -2.80109534053712       -1.18016117593460       -0.22714556435773
H           -0.83460957970156        2.38113388594879       -0.10061360012378
H            2.29632189924597        1.28672525999088        0.99570980917947
H            2.40133663009175        1.30398363862156       -0.76074550347865
H            1.50845831738434        2.57774160393778        0.07926561732547
17
 energy: -22.493862920346 gnorm: 0.000213415480 xtb: 6.7.1 (41059b4)
C            1.84285181008414       -1.43254192424296        0.10409484011336
C            0.54169071792166       -0.70140133220950        0.00812442846308
C           -0.66251707522413       -1.38903549670747       -0.07464964661757
C           -1.84618810457362       -0.67543474668322       -0.16124774674436
N           -1.89345288763408        0.64489397408131       -0.16921009606514
C           -0.74972954050053        1.30116912071352       -0.09045888609350
C            0.49849909235349        0.69702406228416       -0.00001659952713
C            1.74656418621996        1.51709046691287        0.08373848447291
H            2.49548904658976       -1.15885656399954       -0.72438268820311
H            2.35726663638855       -1.17260048350465        1.02899624338150
H            1.68432758574174       -2.50781334355732        0.08370298272634
H           -0.67536146075535       -2.46904857517889       -0.07162550529994
H           -2.80113205587470       -1.18012131782444       -0.22733599645693
H           -0.83471150082671        2.38113201675959       -0.10013272779364
H            2.29615164862731        1.28695330606950        0.99592238052843
H            2.40151711171914        1.30352739791817       -0.76053774365177
H            1.50855435362218        2.57771398100317        0.07885645265955
17
 energy: -22.493863414222 gnorm: 0.000251391039 xtb: 6.7.1 (41059b4)
C            1.84286771865579       -1.43233220280046        0.10364375594479
C            0.54158227712479       -0.70148510227035        0.00746465866796
C           -0.66253093976578       -1.38912969330227       -0.07590058922012
C           -1.84629261575465       -0.67542406038595       -0.16155403051778
N           -1.89357947283550        0.64484963439282       -0.16809336882142
C           -0.74980122356806        1.30122694154196       -0.08936021932495
C            0.49838266844593        0.69697720725726        0.00010041349743
C            1.74662380328987        1.51686793001997        0.08408718313303
H            2.49424705143244       -1.16170983662647       -0.72701321169109
H            2.35894032397685       -1.16857847039691        1.02650726083108
H            1.68437975067226       -2.50764399961861        0.08791909155857
H           -0.67524566179974       -2.46914818151566       -0.07376794093843
H           -2.80129284754550       -1.18001099895042       -0.22756674358031
H           -0.83509539033367        2.38114665407032       -0.09827721998831
H            2.29416789717094        1.28902660591316        0.99819327052648
H            2.40349215209630        1.30051682586796       -0.75823599127547
H            1.50897407261653        2.57750128863796        0.07569185709063
17
 energy: -22.493863744748 gnorm: 0.000382835118 xtb: 6.7.1 (41059b4)
C            1.84291886995372       -1.43228111839467        0.10307735978456
C            0.54158041397808       -0.70151703761978        0.00718229775369
C           -0.66253212189413       -1.38914682481954       -0.07627728586666
C           -1.84631913612122       -0.67539337361675       -0.16149484861160
N           -1.89362376206380        0.64486155676781       -0.16766382700405
C           -0.74982880304782        1.30123096235821       -0.08905083417581
C            0.49835788792304        0.69695088586477        0.00006866168349
C            1.74659518485171        1.51678376889736        0.08455467659091
H            2.49295433674960       -1.16379063165383       -0.72952917002596
H            2.36070186342825       -1.16624169558651        1.02442106677373
H            1.68422909122788       -2.50740050521873        0.09001750884630
H           -0.67528186892470       -2.46916116722395       -0.07452774134062
H           -2.80131724132015       -1.18001790312783       -0.22757249548454
H           -0.83512949017275        2.38114964553879       -0.09750576704115
H            2.29184172139172        1.29115209535576        1.00061402590501
H            2.40549246157029        1.29797731122189       -0.75558983873240
H            1.50918015634909        2.57749457309127        0.07311438683719
17
 energy: -22.493864182774 gnorm: 0.000296930025 xtb: 6.7.1 (41059b4)
C            1.84301376805628       -1.43229721984992        0.10183086906726
C            0.54163695017957       -0.70147691821042        0.00677693328913
C           -0.66249904498139       -1.38910247876889       -0.07661902744280
C           -1.84631451193695       -0.67536211829642       -0.16135567604157
N           -1.89369368544805        0.64490385718732       -0.16724657003760
C           -0.74991229001067        1.30123616109305       -0.08867085147467
C            0.49833545179924        0.69698213612841        0.00015033135149
C            1.74649291110842        1.51680504067591        0.08552315394350
H            2.49096172561515       -1.16658177945052       -0.73318450762548
H            2.36317041201957       -1.16368047098506        1.02096706497062
H            1.68401819793388       -2.50745396141452        0.09245274728586
H           -0.67532670897975       -2.46911259162126       -0.07510057287696
H           -2.80126186196482       -1.18010447338249       -0.22732003543288
H           -0.83508630003916        2.38117693057258       -0.09676089326391
H            2.28811908748700        1.29515155733098        1.00487076306166
H            2.40873614298007        1.29407600494593       -0.75106594820415
H            1.50942932006042        2.57749086587962        0.06859039532259
17
 energy: -22.493864403461 gnorm: 0.000149593409 xtb: 6.7.1 (41059b4)
C            1.84307453106274       -1.43246296215162        0.10105577527498
C            0.54173806546065       -0.70141955117774        0.00700405507594
C           -0.66246566619529       -1.38902934657782       -0.07619305957719
C           -1.84624640811921       -0.67536722652018       -0.16126066286087
N           -1.89362017959805        0.64494912874659       -0.16766707148168
C           -0.74987253298652        1.30120515380978       -0.08879814396332
C            0.49842668489763        0.69701111594787        0.00041543704671
C            1.74639193343761        1.51698479249241        0.08628528972044
H            2.48942077190165       -1.16803485793028       -0.73547833175321
H            2.36492940626696       -1.16311277726033        1.01895116392322
H            1.68367858390684       -2.50756809512579        0.09286068451882
H           -0.67536787709665       -2.46903768919734       -0.07443194821823
H           -2.80116519415686       -1.18017271828584       -0.22716694948268
H           -0.83480818557234        2.38117063198138       -0.09742771306251
H            2.28611094148425        1.29725353340305        1.00719542186181
H            2.41027688327167        1.29263900481650       -0.74835360565950
H            1.50931780591375        2.57764240486366        0.06684783452936
17
 energy: -22.493864435799 gnorm: 0.000054445452 xtb: 6.7.1 (41059b4)
C            1.84307388071798       -1.43252927363609        0.10091877827009
C            0.54174493462519       -0.70139963746460        0.00718926380947
C           -0.66246453445613       -1.38900517385827       -0.07590613303339
C           -1.84621929014584       -0.67537533107726       -0.16115901035089
N           -1.89358153318744        0.64495999219098       -0.16795047652304
C           -0.74985838579178        1.30119587081536       -0.08907967701862
C            0.49844009490259        0.69702428734419        0.00051329751038
C            1.74636301316532        1.51703474614961        0.08653941814784
H            2.48900943442243       -1.16812113120238       -0.73582533591849
H            2.36528853752570       -1.16332924026750        1.01861579002468
H            1.68365914881413       -2.50776651706015        0.09268110181925
H           -0.67534461158865       -2.46901872101834       -0.07405341739191
H           -2.80113823043383       -1.18015568983819       -0.22728007068440
H           -0.83476297772578        2.38118016080728       -0.09766567387881
H            2.28601684509207        1.29760647149490        1.00754507867414
H            2.41028585069704        1.29266259146158       -0.74803687200467
H            1.50930738724584        2.57768713699316        0.06679211444047
