#========================================================================================
#                     Free energy perturbation    
#----------------------------------------------------------------------------------------
#forward/backward          λ              ΔΔA                 ΔA                  δε   
#                                                 
#----------------------------------------------------------------------------------------
forward:               0.0000              0.0000              0.0000              0.0000  
forward:               0.0500              3.4467              3.4467              0.0534  
forward:               0.1000              1.8529              5.2995              0.0609  
forward:               0.1500              0.8508              6.1503              0.0665  
forward:               0.2000              0.3650              6.5153              0.0672  
forward:               0.2500              0.1300              6.6454              0.0677  
forward:               0.3000              0.0041              6.6495              0.0680  
forward:               0.3500             -0.0682              6.5813              0.0683  
forward:               0.4000             -0.1339              6.4474              0.0683  
forward:               0.4500             -0.1873              6.2601              0.0685  
forward:               0.5000             -0.2244              6.0357              0.0686  
forward:               0.5500             -0.2897              5.7460              0.0689  
forward:               0.6000             -0.4290              5.3170              0.0690  
forward:               0.6500             -0.5170              4.8000              0.0692  
forward:               0.7000             -0.5870              4.2130              0.0693  
forward:               0.7500             -0.6490              3.5640              0.0695  
forward:               0.8000             -0.6936              2.8704              0.0697  
forward:               0.8500             -0.7336              2.1368              0.0699  
forward:               0.9000             -0.7572              1.3796              0.0700  
forward:               0.9500             -0.7790              0.6006              0.0702  
forward:               1.0000             -0.7978             -0.1972              0.0703  
backward:              1.0000              0.0000             -0.1972              0.0000  
backward:              0.9500              0.7967              0.5995              0.0056  
backward:              0.9000              0.7853              1.3848              0.0077  
backward:              0.8500              0.7567              2.1415              0.0107  
backward:              0.8000              0.7353              2.8768              0.0121  
backward:              0.7500              0.6954              3.5722              0.0132  
backward:              0.7000              0.6546              4.2268              0.0145  
backward:              0.6500              0.5846              4.8114              0.0155  
backward:              0.6000              0.5198              5.3311              0.0165  
backward:              0.5500              0.4145              5.7457              0.0174  
backward:              0.5000              0.2885              6.0342              0.0187  
backward:              0.4500              0.2287              6.2629              0.0203  
backward:              0.4000              0.1843              6.4472              0.0213  
backward:              0.3500              0.1355              6.5828              0.0223  
backward:              0.3000              0.0743              6.6571              0.0235  
backward:              0.2500             -0.0261              6.6310              0.0255  
backward:              0.2000             -0.1545              6.4765              0.0352  
backward:              0.1500             -0.3682              6.1083              0.0398  
backward:              0.1000             -0.7989              5.3094              0.0462  
backward:              0.0500             -1.9177              3.3917              0.0960  
backward:              0.0000             -3.4547             -0.0629              0.1282  
Inaccuracy estimation
======================================================================================================
                   i        i+δi          P0_overlap_P1   δε(forward)/ε   δε(backward)/ε
======================================================================================================
inaccuracy:  0.00000        0.05000           18.10            0.45            5.25
inaccuracy:  0.05000        0.10000           29.85           -0.06            2.64
inaccuracy:  0.10000        0.15000           42.37           -0.07            1.20
inaccuracy:  0.15000        0.20000           54.75           -0.06            0.54
inaccuracy:  0.20000        0.25000           61.06           -0.03            0.32
inaccuracy:  0.25000        0.30000           65.21           -0.03            0.21
inaccuracy:  0.30000        0.35000           66.67           -0.03            0.18
inaccuracy:  0.35000        0.40000           67.94           -0.03            0.15
inaccuracy:  0.40000        0.45000           70.22           -0.03            0.13
inaccuracy:  0.45000        0.50000           69.55           -0.03            0.12
inaccuracy:  0.50000        0.55000           65.76           -0.07            0.14
inaccuracy:  0.55000        0.60000           68.68           -0.06            0.10
inaccuracy:  0.60000        0.65000           68.18           -0.06            0.09
inaccuracy:  0.65000        0.70000           69.31           -0.07            0.08
inaccuracy:  0.70000        0.75000           68.98           -0.07            0.07
inaccuracy:  0.75000        0.80000           68.73           -0.07            0.07
inaccuracy:  0.80000        0.85000           68.85           -0.07            0.07
inaccuracy:  0.85000        0.90000           68.63           -0.06            0.06
inaccuracy:  0.90000        0.95000           68.23           -0.09            0.06
inaccuracy:  0.95000        1.00000           68.00           -0.07            0.06
===================================================================================================================================
                BAR        
-----------------------------------------------------------------------------------------------------------------------------------
BAR-estimator:         λ             λ+δλ          ΔΔA             ΔA            C               Δδe            δe       
                          
-----------------------------------------------------------------------------------------------------------------------------------
BAR-estimator:      0.00000        0.05000        3.5033         3.5033         3.5033         0.0142         0.0142 
BAR-estimator:      0.05000        0.10000        1.8671         5.3705         1.8671         0.0141         0.0200 
BAR-estimator:      0.10000        0.15000        0.8581         6.2285         0.8581         0.0117         0.0232 
BAR-estimator:      0.15000        0.20000        0.3638         6.5923         0.3638         0.0059         0.0240 
BAR-estimator:      0.20000        0.25000        0.1296         6.7219         0.1296         0.0054         0.0246 
BAR-estimator:      0.25000        0.30000        0.0101         6.7321         0.0101         0.0047         0.0250 
BAR-estimator:      0.30000        0.35000       -0.0690         6.6631        -0.0690         0.0038         0.0253 
BAR-estimator:      0.35000        0.40000       -0.1330         6.5300        -0.1330         0.0039         0.0256 
BAR-estimator:      0.40000        0.45000       -0.1860         6.3440        -0.1860         0.0032         0.0258 
BAR-estimator:      0.45000        0.50000       -0.2266         6.1174        -0.2266         0.0031         0.0260 
BAR-estimator:      0.50000        0.55000       -0.2913         5.8261        -0.2913         0.0043         0.0263 
BAR-estimator:      0.55000        0.60000       -0.4216         5.4045        -0.4216         0.0037         0.0266 
BAR-estimator:      0.60000        0.65000       -0.5176         4.8869        -0.5176         0.0034         0.0268 
BAR-estimator:      0.65000        0.70000       -0.5873         4.2996        -0.5873         0.0033         0.0270 
BAR-estimator:      0.70000        0.75000       -0.6516         3.6480        -0.6516         0.0035         0.0272 
BAR-estimator:      0.75000        0.80000       -0.6938         2.9542        -0.6938         0.0034         0.0274 
BAR-estimator:      0.80000        0.85000       -0.7353         2.2189        -0.7353         0.0037         0.0277 
BAR-estimator:      0.85000        0.90000       -0.7558         1.4631        -0.7558         0.0038         0.0280 
BAR-estimator:      0.90000        0.95000       -0.7807         0.6824        -0.7807         0.0035         0.0282 
BAR-estimator:      0.95000        1.00000       -0.7987        -0.1163        -0.7987         0.0033         0.0284 
BAR-estimator: total free energy change is -0.11627788984638188 , total error is 0.028360291690354974
