#========================================================================================
#                     Free energy perturbation    
#----------------------------------------------------------------------------------------
#forward/backward          λ              ΔΔA                 ΔA                  δε   
#                                                 
#----------------------------------------------------------------------------------------
forward:               0.0000              0.0000              0.0000              0.0000  
forward:               0.0500              3.2356              3.2356              0.0602  
forward:               0.1000              1.6730              4.9086              0.0699  
forward:               0.1500              0.7002              5.6088              0.0727  
forward:               0.2000              0.1946              5.8034              0.0736  
forward:               0.2500             -0.0152              5.7882              0.0741  
forward:               0.3000             -0.1553              5.6329              0.0744  
forward:               0.3500             -0.2223              5.4106              0.0747  
forward:               0.4000             -0.2906              5.1201              0.0749  
forward:               0.4500             -0.3404              4.7797              0.0752  
forward:               0.5000             -0.3669              4.4127              0.0753  
forward:               0.5500             -0.6580              3.7547              0.0759  
forward:               0.6000             -1.1510              2.6038              0.0763  
forward:               0.6500             -1.5458              1.0580              0.0768  
forward:               0.7000             -1.8378             -0.7799              0.0775  
forward:               0.7500             -2.0117             -2.7916              0.0779  
forward:               0.8000             -2.1001             -4.8917              0.0781  
forward:               0.8500             -2.0858             -6.9775              0.0784  
forward:               0.9000             -2.0710             -9.0485              0.0788  
forward:               0.9500             -2.0069            -11.0554              0.0790  
forward:               1.0000             -1.9597            -13.0151              0.0792  
backward:              1.0000              0.0000            -13.0151              0.0000  
backward:              0.9500              1.9613            -11.0538              0.0104  
backward:              0.9000              1.9984             -9.0554              0.0135  
backward:              0.8500              2.0425             -7.0129              0.0173  
backward:              0.8000              2.0715             -4.9414              0.0195  
backward:              0.7500              2.0742             -2.8672              0.0221  
backward:              0.7000              1.9982             -0.8690              0.0272  
backward:              0.6500              1.8083              0.9394              0.0291  
backward:              0.6000              1.5204              2.4597              0.0305  
backward:              0.5500              1.1346              3.5943              0.0321  
backward:              0.5000              0.6720              4.2663              0.0337  
backward:              0.4500              0.3676              4.6339              0.0342  
backward:              0.4000              0.3442              4.9781              0.0347  
backward:              0.3500              0.2852              5.2633              0.0352  
backward:              0.3000              0.2330              5.4963              0.0360  
backward:              0.2500              0.1429              5.6392              0.0382  
backward:              0.2000              0.0139              5.6531              0.0394  
backward:              0.1500             -0.2146              5.4385              0.0417  
backward:              0.1000             -0.6921              4.7464              0.0492  
backward:              0.0500             -1.8322              2.9142              0.0784  
backward:              0.0000             -3.3370             -0.4227              0.1078  
Inaccuracy estimation
======================================================================================================
                   i        i+δi          P0_overlap_P1   δε(forward)/ε   δε(backward)/ε
======================================================================================================
inaccuracy:  0.00000        0.05000           20.73            0.32            4.36
inaccuracy:  0.05000        0.10000           29.87           -0.09            2.54
inaccuracy:  0.10000        0.15000           43.26           -0.08            1.15
inaccuracy:  0.15000        0.20000           56.77           -0.04            0.49
inaccuracy:  0.20000        0.25000           62.15           -0.04            0.28
inaccuracy:  0.25000        0.30000           64.98           -0.03            0.21
inaccuracy:  0.30000        0.35000           66.53           -0.04            0.16
inaccuracy:  0.35000        0.40000           69.10           -0.03            0.13
inaccuracy:  0.40000        0.45000           69.92           -0.03            0.11
inaccuracy:  0.45000        0.50000           70.44           -0.04            0.10
inaccuracy:  0.50000        0.55000           54.70           -0.21            0.24
inaccuracy:  0.55000        0.60000           58.09           -0.31            0.08
inaccuracy:  0.60000        0.65000           59.37           -0.28            0.01
inaccuracy:  0.65000        0.70000           57.89           -0.33           -0.03
inaccuracy:  0.70000        0.75000           57.83           -0.35           -0.05
inaccuracy:  0.75000        0.80000           58.41           -0.32           -0.06
inaccuracy:  0.80000        0.85000           57.04           -0.31           -0.04
inaccuracy:  0.85000        0.90000           56.95           -0.28           -0.03
inaccuracy:  0.90000        0.95000           55.52           -0.31           -0.02
inaccuracy:  0.95000        1.00000           54.43           -0.30           -0.01
===================================================================================================================================
                BAR        
-----------------------------------------------------------------------------------------------------------------------------------
BAR-estimator:         λ             λ+δλ          ΔΔA             ΔA            C               Δδe            δe       
                          
-----------------------------------------------------------------------------------------------------------------------------------
BAR-estimator:      0.00000        0.05000        3.3045         3.3045         3.3045         0.0191         0.0191 
BAR-estimator:      0.05000        0.10000        1.7370         5.0416         1.7370         0.0162         0.0251 
BAR-estimator:      0.10000        0.15000        0.7050         5.7465         0.7050         0.0117         0.0277 
BAR-estimator:      0.15000        0.20000        0.2085         5.9550         0.2085         0.0078         0.0288 
BAR-estimator:      0.20000        0.25000       -0.0155         5.9395        -0.0155         0.0058         0.0293 
BAR-estimator:      0.25000        0.30000       -0.1524         5.7871        -0.1524         0.0049         0.0297 
BAR-estimator:      0.30000        0.35000       -0.2262         5.5608        -0.2262         0.0045         0.0301 
BAR-estimator:      0.35000        0.40000       -0.2870         5.2738        -0.2870         0.0044         0.0304 
BAR-estimator:      0.40000        0.45000       -0.3382         4.9356        -0.3382         0.0039         0.0306 
BAR-estimator:      0.45000        0.50000       -0.3672         4.5684        -0.3672         0.0032         0.0308 
BAR-estimator:      0.50000        0.55000       -0.6595         3.9089        -0.6595         0.0055         0.0313 
BAR-estimator:      0.55000        0.60000       -1.1482         2.7607        -1.1482         0.0047         0.0316 
BAR-estimator:      0.60000        0.65000       -1.5240         1.2367        -1.5240         0.0049         0.0320 
BAR-estimator:      0.65000        0.70000       -1.8278        -0.5911        -1.8278         0.0053         0.0324 
BAR-estimator:      0.70000        0.75000       -2.0132        -2.6043        -2.0132         0.0053         0.0329 
BAR-estimator:      0.75000        0.80000       -2.0886        -4.6928        -2.0886         0.0053         0.0333 
BAR-estimator:      0.80000        0.85000       -2.0859        -6.7788        -2.0859         0.0051         0.0337 
BAR-estimator:      0.85000        0.90000       -2.0619        -8.8407        -2.0619         0.0053         0.0341 
BAR-estimator:      0.90000        0.95000       -2.0069       -10.8475        -2.0069         0.0058         0.0346 
BAR-estimator:      0.95000        1.00000       -1.9657       -12.8132        -1.9657         0.0052         0.0350 
BAR-estimator: total free energy change is -12.813203917078331 , total error is 0.03499619781447447
