2025-04-09 01:34:22,119 -   censo.qm_processor   -   INFO   - worker166245:Running sp calculation in /home/michael/Documents/CHEM4561/automated/1855/0_PRESCREENING/CONF1/sp.
2025-04-09 01:34:22,119 -   censo.qm_processor   -   INFO   - worker166246:Running sp calculation in /home/michael/Documents/CHEM4561/automated/1855/0_PRESCREENING/CONF2/sp.
2025-04-09 01:34:23,748 -     censo.parallel     -   INFO   - All jobs executed successfully.
2025-04-09 01:34:23,767 -   censo.qm_processor   -   INFO   - worker166356:Running sp calculation in /home/michael/Documents/CHEM4561/automated/1855/1_SCREENING/CONF1/sp.
2025-04-09 01:34:23,768 -   censo.qm_processor   -   INFO   - worker166357:Running sp calculation in /home/michael/Documents/CHEM4561/automated/1855/1_SCREENING/CONF2/sp.
2025-04-09 01:34:31,239 -     censo.parallel     -   INFO   - All jobs executed successfully.
2025-04-09 01:34:31,257 -   censo.qm_processor   -   INFO   - worker166518:Running xtb_opt calculation in /home/michael/Documents/CHEM4561/automated/1855/2_OPTIMIZATION/CONF1/xtb_opt.
2025-04-09 01:34:31,258 -   censo.qm_processor   -   INFO   - worker166519:Running xtb_opt calculation in /home/michael/Documents/CHEM4561/automated/1855/2_OPTIMIZATION/CONF2/xtb_opt.
2025-04-09 01:35:21,799 -     censo.parallel     -   INFO   - All jobs executed successfully.
2025-04-09 01:35:21,816 -   censo.qm_processor   -   INFO   - worker166968:Running xtb_rrho calculation in /home/michael/Documents/CHEM4561/automated/1855/2_OPTIMIZATION/CONF1/xtb_rrho.
2025-04-09 01:35:21,816 -   censo.qm_processor   -   INFO   - worker166969:Running xtb_rrho calculation in /home/michael/Documents/CHEM4561/automated/1855/2_OPTIMIZATION/CONF2/xtb_rrho.
2025-04-09 01:35:22,168 -     censo.parallel     -   INFO   - All jobs executed successfully.
2025-04-09 01:35:22,168 -censo.ensembleopt.optimization-   INFO   - Threshold: 1.50 kcal/mol
2025-04-09 01:35:22,185 -   censo.qm_processor   -   INFO   - worker167063:Running xtb_rrho calculation in /home/michael/Documents/CHEM4561/automated/1855/2_OPTIMIZATION/CONF1/xtb_rrho.
2025-04-09 01:35:22,186 -   censo.qm_processor   -   INFO   - worker167064:Running xtb_rrho calculation in /home/michael/Documents/CHEM4561/automated/1855/2_OPTIMIZATION/CONF2/xtb_rrho.
2025-04-09 01:35:22,520 -     censo.parallel     -   INFO   - All jobs executed successfully.
2025-04-09 01:35:22,540 -   censo.qm_processor   -   INFO   - worker167159:Running sp calculation in /home/michael/Documents/CHEM4561/automated/1855/3_REFINEMENT/CONF1/sp.
2025-04-09 01:35:22,540 -   censo.qm_processor   -   INFO   - worker167160:Running sp calculation in /home/michael/Documents/CHEM4561/automated/1855/3_REFINEMENT/CONF2/sp.
2025-04-09 01:36:15,843 -     censo.parallel     -   INFO   - All jobs executed successfully.
2025-04-09 01:36:15,928 -   censo.qm_processor   -   INFO   - worker167486:Running sp calculation in /home/michael/Documents/CHEM4561/automated/1855/0_PRESCREENING/CONF1/sp.
2025-04-09 01:36:15,929 -   censo.qm_processor   -   INFO   - worker167487:Running sp calculation in /home/michael/Documents/CHEM4561/automated/1855/0_PRESCREENING/CONF2/sp.
2025-04-09 01:36:16,735 -     censo.parallel     -   INFO   - All jobs executed successfully.
2025-04-09 01:36:16,752 -   censo.qm_processor   -   INFO   - worker167596:Running sp calculation in /home/michael/Documents/CHEM4561/automated/1855/1_SCREENING/CONF1/sp.
2025-04-09 01:36:16,752 -   censo.qm_processor   -   INFO   - worker167597:Running sp calculation in /home/michael/Documents/CHEM4561/automated/1855/1_SCREENING/CONF2/sp.
2025-04-09 01:36:24,343 -     censo.parallel     -   INFO   - All jobs executed successfully.
2025-04-09 01:36:24,360 -   censo.qm_processor   -   INFO   - worker167776:Running xtb_opt calculation in /home/michael/Documents/CHEM4561/automated/1855/2_OPTIMIZATION/CONF1/xtb_opt.
2025-04-09 01:36:24,360 -   censo.qm_processor   -   INFO   - worker167777:Running xtb_opt calculation in /home/michael/Documents/CHEM4561/automated/1855/2_OPTIMIZATION/CONF2/xtb_opt.
2025-04-09 01:37:14,740 -     censo.parallel     -   INFO   - All jobs executed successfully.
2025-04-09 01:37:14,756 -   censo.qm_processor   -   INFO   - worker168156:Running xtb_rrho calculation in /home/michael/Documents/CHEM4561/automated/1855/2_OPTIMIZATION/CONF1/xtb_rrho.
2025-04-09 01:37:14,757 -   censo.qm_processor   -   INFO   - worker168157:Running xtb_rrho calculation in /home/michael/Documents/CHEM4561/automated/1855/2_OPTIMIZATION/CONF2/xtb_rrho.
2025-04-09 01:37:15,114 -     censo.parallel     -   INFO   - All jobs executed successfully.
2025-04-09 01:37:15,114 -censo.ensembleopt.optimization-   INFO   - Threshold: 1.50 kcal/mol
2025-04-09 01:37:15,130 -   censo.qm_processor   -   INFO   - worker168251:Running xtb_rrho calculation in /home/michael/Documents/CHEM4561/automated/1855/2_OPTIMIZATION/CONF1/xtb_rrho.
2025-04-09 01:37:15,131 -   censo.qm_processor   -   INFO   - worker168252:Running xtb_rrho calculation in /home/michael/Documents/CHEM4561/automated/1855/2_OPTIMIZATION/CONF2/xtb_rrho.
2025-04-09 01:37:15,466 -     censo.parallel     -   INFO   - All jobs executed successfully.
2025-04-09 01:37:15,484 -   censo.qm_processor   -   INFO   - worker168346:Running sp calculation in /home/michael/Documents/CHEM4561/automated/1855/3_REFINEMENT/CONF1/sp.
2025-04-09 01:37:15,484 -   censo.qm_processor   -   INFO   - worker168347:Running sp calculation in /home/michael/Documents/CHEM4561/automated/1855/3_REFINEMENT/CONF2/sp.
2025-04-09 01:38:09,330 -     censo.parallel     -   INFO   - All jobs executed successfully.
