#========================================================================================
#                     Free energy perturbation    
#----------------------------------------------------------------------------------------
#forward/backward          λ              ΔΔA                 ΔA                  δε   
#                                                 
#----------------------------------------------------------------------------------------
forward:               0.0000              0.0000              0.0000              0.0000  
forward:               0.0500              3.9971              3.9971              0.0704  
forward:               0.1000              1.9968              5.9939              0.0814  
forward:               0.1500              0.8856              6.8795              0.0832  
forward:               0.2000              0.3156              7.1951              0.0839  
forward:               0.2500              0.0439              7.2390              0.0842  
forward:               0.3000             -0.1080              7.1310              0.0844  
forward:               0.3500             -0.2075              6.9235              0.0847  
forward:               0.4000             -0.2698              6.6537              0.0849  
forward:               0.4500             -0.3236              6.3301              0.0850  
forward:               0.5000             -0.3645              5.9656              0.0851  
forward:               0.5500             -0.4361              5.5295              0.0853  
forward:               0.6000             -0.5638              4.9657              0.0854  
forward:               0.6500             -0.6407              4.3250              0.0856  
forward:               0.7000             -0.7204              3.6046              0.0857  
forward:               0.7500             -0.7648              2.8398              0.0858  
forward:               0.8000             -0.8121              2.0277              0.0859  
forward:               0.8500             -0.8593              1.1684              0.0860  
forward:               0.9000             -0.8830              0.2854              0.0861  
forward:               0.9500             -0.9053             -0.6199              0.0862  
forward:               1.0000             -0.9283             -1.5481              0.0863  
backward:              1.0000              0.0000             -1.5481              0.0000  
backward:              0.9500              0.9209             -0.6272              0.0055  
backward:              0.9000              0.9020              0.2748              0.0083  
backward:              0.8500              0.8845              1.1592              0.0097  
backward:              0.8000              0.8479              2.0072              0.0109  
backward:              0.7500              0.8130              2.8201              0.0119  
backward:              0.7000              0.7724              3.5926              0.0132  
backward:              0.6500              0.7038              4.2964              0.0143  
backward:              0.6000              0.6298              4.9262              0.0158  
backward:              0.5500              0.5507              5.4769              0.0171  
backward:              0.5000              0.4354              5.9123              0.0183  
backward:              0.4500              0.3573              6.2696              0.0195  
backward:              0.4000              0.3319              6.6015              0.0207  
backward:              0.3500              0.2726              6.8741              0.0220  
backward:              0.3000              0.2128              7.0869              0.0233  
backward:              0.2500              0.1131              7.2000              0.0248  
backward:              0.2000             -0.0283              7.1717              0.0270  
backward:              0.1500             -0.2960              6.8757              0.0323  
backward:              0.1000             -0.8498              6.0259              0.0391  
backward:              0.0500             -2.5564              3.4695              0.3622  
backward:              0.0000             -3.8664             -0.3969              0.3761  
Inaccuracy estimation
======================================================================================================
                   i        i+δi          P0_overlap_P1   δε(forward)/ε   δε(backward)/ε
======================================================================================================
inaccuracy:  0.00000        0.05000           14.77            0.70            6.30
inaccuracy:  0.05000        0.10000           26.30           -0.07            3.22
inaccuracy:  0.10000        0.15000           39.99           -0.09            1.33
inaccuracy:  0.15000        0.20000           51.88           -0.07            0.59
inaccuracy:  0.20000        0.25000           59.01           -0.05            0.35
inaccuracy:  0.25000        0.30000           63.17           -0.05            0.23
inaccuracy:  0.30000        0.35000           65.68           -0.05            0.17
inaccuracy:  0.35000        0.40000           67.42           -0.04            0.15
inaccuracy:  0.40000        0.45000           68.11           -0.04            0.13
inaccuracy:  0.45000        0.50000           70.01           -0.03            0.11
inaccuracy:  0.50000        0.55000           65.49           -0.06            0.12
inaccuracy:  0.55000        0.60000           68.09           -0.07            0.09
inaccuracy:  0.60000        0.65000           68.07           -0.08            0.08
inaccuracy:  0.65000        0.70000           69.97           -0.06            0.07
inaccuracy:  0.70000        0.75000           68.23           -0.07            0.06
inaccuracy:  0.75000        0.80000           68.04           -0.07            0.06
inaccuracy:  0.80000        0.85000           69.38           -0.06            0.05
inaccuracy:  0.85000        0.90000           68.08           -0.07            0.05
inaccuracy:  0.90000        0.95000           67.78           -0.08            0.05
inaccuracy:  0.95000        1.00000           68.08           -0.08            0.05
===================================================================================================================================
                BAR        
-----------------------------------------------------------------------------------------------------------------------------------
BAR-estimator:         λ             λ+δλ          ΔΔA             ΔA            C               Δδe            δe       
                          
-----------------------------------------------------------------------------------------------------------------------------------
BAR-estimator:      0.00000        0.05000        4.0222         4.0222         4.0222         0.0171         0.0171 
BAR-estimator:      0.05000        0.10000        2.0516         6.0738         2.0516         0.0168         0.0240 
BAR-estimator:      0.10000        0.15000        0.8682         6.9420         0.8682         0.0073         0.0251 
BAR-estimator:      0.15000        0.20000        0.3118         7.2538         0.3118         0.0070         0.0260 
BAR-estimator:      0.20000        0.25000        0.0431         7.2969         0.0431         0.0045         0.0264 
BAR-estimator:      0.25000        0.30000       -0.1074         7.1895        -0.1074         0.0050         0.0269 
BAR-estimator:      0.30000        0.35000       -0.2105         6.9790        -0.2105         0.0043         0.0272 
BAR-estimator:      0.35000        0.40000       -0.2712         6.7078        -0.2712         0.0037         0.0275 
BAR-estimator:      0.40000        0.45000       -0.3252         6.3826        -0.3252         0.0036         0.0277 
BAR-estimator:      0.45000        0.50000       -0.3608         6.0218        -0.3608         0.0032         0.0279 
BAR-estimator:      0.50000        0.55000       -0.4377         5.5841        -0.4377         0.0037         0.0281 
BAR-estimator:      0.55000        0.60000       -0.5602         5.0239        -0.5602         0.0035         0.0284 
BAR-estimator:      0.60000        0.65000       -0.6377         4.3862        -0.6377         0.0034         0.0286 
BAR-estimator:      0.65000        0.70000       -0.7112         3.6750        -0.7112         0.0034         0.0288 
BAR-estimator:      0.70000        0.75000       -0.7688         2.9062        -0.7688         0.0030         0.0289 
BAR-estimator:      0.75000        0.80000       -0.8130         2.0932        -0.8130         0.0031         0.0291 
BAR-estimator:      0.80000        0.85000       -0.8535         1.2397        -0.8535         0.0034         0.0293 
BAR-estimator:      0.85000        0.90000       -0.8829         0.3568        -0.8829         0.0038         0.0295 
BAR-estimator:      0.90000        0.95000       -0.9076        -0.5508        -0.9076         0.0032         0.0297 
BAR-estimator:      0.95000        1.00000       -0.9274        -1.4782        -0.9274         0.0034         0.0299 
BAR-estimator: total free energy change is -1.4782474172649396 , total error is 0.02989349892622506
