CONF#        G (xTB)          ΔG (xTB)          E (DFT)         ΔGsolv       GmRRHO          Gtot             ΔGtot          Boltzmann weight   
               [Eh]          [kcal/mol]          [Eh]            [Eh]         [Eh]           [Eh]           [kcal/mol]        % at 298.15 K     
CONF1       -27.117158          ---           -386.235023        ---          ---         -386.235023          0.00               53.30         
CONF2       -27.117017          ---           -386.233895        ---          ---         -386.233895          0.71               16.14         
CONF3       -27.116683          ---           -386.234342        ---          ---         -386.234342          0.43               25.93         
CONF4       -27.116503          ---           -386.232715        ---          ---         -386.232715          1.45                4.62         

Boltzmann averaged free energy/enthalpy of ensemble on input geometries (not DFT optimized):
temperature /K:   avE(T) /a.u.   avG(T) /a.u.
    298.15        -386.2345576    -386.2345576     <<==part1==
----------------------------------------------------------------------------------------------------

CONF#        G (xTB)          ΔG (xTB)          E (DFT)         ΔGsolv       GmRRHO          Gtot             ΔGtot          Boltzmann weight   
               [Eh]          [kcal/mol]          [Eh]            [Eh]         [Eh]           [Eh]           [kcal/mol]        % at 298.15 K     
CONF1       -27.117158          ---           -386.235023        ---          ---         -386.235023          0.00               53.30         
CONF2       -27.117017          ---           -386.233895        ---          ---         -386.233895          0.71               16.14         
CONF3       -27.116683          ---           -386.234342        ---          ---         -386.234342          0.43               25.93         
CONF4       -27.116503          ---           -386.232715        ---          ---         -386.232715          1.45                4.62         

Boltzmann averaged free energy/enthalpy of ensemble on input geometries (not DFT optimized):
temperature /K:   avE(T) /a.u.   avG(T) /a.u.
    298.15        -386.2345576    -386.2345576     <<==part1==
----------------------------------------------------------------------------------------------------

