2025-04-09 00:45:27,785 -   censo.qm_processor   -   INFO   - worker147518:Running sp calculation in /home/michael/Documents/CHEM4561/automated/1775/0_PRESCREENING/CONF1/sp.
2025-04-09 00:45:27,792 -   censo.qm_processor   -   INFO   - worker147531:Running sp calculation in /home/michael/Documents/CHEM4561/automated/1775/0_PRESCREENING/CONF2/sp.
2025-04-09 00:45:27,798 -   censo.qm_processor   -   INFO   - worker147521:Running sp calculation in /home/michael/Documents/CHEM4561/automated/1775/0_PRESCREENING/CONF3/sp.
2025-04-09 00:45:27,801 -   censo.qm_processor   -   INFO   - worker147541:Running sp calculation in /home/michael/Documents/CHEM4561/automated/1775/0_PRESCREENING/CONF4/sp.
2025-04-09 00:46:07,653 -     censo.parallel     -   INFO   - All jobs executed successfully.
2025-04-09 00:46:08,289 -   censo.qm_processor   -   INFO   - worker147809:Running sp calculation in /home/michael/Documents/CHEM4561/automated/1775/1_SCREENING/CONF1/sp.
2025-04-09 00:46:08,295 -   censo.qm_processor   -   INFO   - worker147813:Running sp calculation in /home/michael/Documents/CHEM4561/automated/1775/1_SCREENING/CONF2/sp.
2025-04-09 00:46:08,313 -   censo.qm_processor   -   INFO   - worker147807:Running sp calculation in /home/michael/Documents/CHEM4561/automated/1775/1_SCREENING/CONF3/sp.
2025-04-09 00:46:08,339 -   censo.qm_processor   -   INFO   - worker147815:Running sp calculation in /home/michael/Documents/CHEM4561/automated/1775/1_SCREENING/CONF4/sp.
2025-04-09 00:47:47,076 -     censo.parallel     -   INFO   - All jobs executed successfully.
2025-04-09 00:47:47,141 -   censo.qm_processor   -   INFO   - worker148155:Running xtb_opt calculation in /home/michael/Documents/CHEM4561/automated/1775/2_OPTIMIZATION/CONF1/xtb_opt.
2025-04-09 00:47:47,178 -   censo.qm_processor   -   INFO   - worker148160:Running xtb_opt calculation in /home/michael/Documents/CHEM4561/automated/1775/2_OPTIMIZATION/CONF2/xtb_opt.
2025-04-09 00:47:47,178 -   censo.qm_processor   -   INFO   - worker148161:Running xtb_opt calculation in /home/michael/Documents/CHEM4561/automated/1775/2_OPTIMIZATION/CONF3/xtb_opt.
2025-04-09 00:47:47,179 -   censo.qm_processor   -   INFO   - worker148169:Running xtb_opt calculation in /home/michael/Documents/CHEM4561/automated/1775/2_OPTIMIZATION/CONF4/xtb_opt.
2025-04-09 01:01:50,716 -     censo.parallel     -   INFO   - All jobs executed successfully.
2025-04-09 01:01:50,758 -   censo.qm_processor   -   INFO   - worker151830:Running xtb_rrho calculation in /home/michael/Documents/CHEM4561/automated/1775/2_OPTIMIZATION/CONF1/xtb_rrho.
2025-04-09 01:01:50,762 -   censo.qm_processor   -   INFO   - worker151835:Running xtb_rrho calculation in /home/michael/Documents/CHEM4561/automated/1775/2_OPTIMIZATION/CONF2/xtb_rrho.
2025-04-09 01:01:50,760 -   censo.qm_processor   -   INFO   - worker151834:Running xtb_rrho calculation in /home/michael/Documents/CHEM4561/automated/1775/2_OPTIMIZATION/CONF3/xtb_rrho.
2025-04-09 01:01:50,766 -   censo.qm_processor   -   INFO   - worker151831:Running xtb_rrho calculation in /home/michael/Documents/CHEM4561/automated/1775/2_OPTIMIZATION/CONF4/xtb_rrho.
2025-04-09 01:01:58,271 -     censo.parallel     -   INFO   - All jobs executed successfully.
2025-04-09 01:01:58,272 -censo.ensembleopt.optimization-   INFO   - Threshold: 2.62 kcal/mol
2025-04-09 01:01:58,322 -   censo.qm_processor   -   INFO   - worker151958:Running xtb_opt calculation in /home/michael/Documents/CHEM4561/automated/1775/2_OPTIMIZATION/CONF3/xtb_opt.
2025-04-09 01:01:58,323 -   censo.qm_processor   -   INFO   - worker151959:Running xtb_opt calculation in /home/michael/Documents/CHEM4561/automated/1775/2_OPTIMIZATION/CONF2/xtb_opt.
2025-04-09 01:01:58,325 -   censo.qm_processor   -   INFO   - worker151962:Running xtb_opt calculation in /home/michael/Documents/CHEM4561/automated/1775/2_OPTIMIZATION/CONF4/xtb_opt.
2025-04-09 01:06:11,529 -     censo.parallel     -   INFO   - All jobs executed successfully.
2025-04-09 01:06:11,530 -censo.ensembleopt.optimization-   INFO   - Threshold: 2.25 kcal/mol
2025-04-09 01:06:11,559 -   censo.qm_processor   -   INFO   - worker152890:Running xtb_opt calculation in /home/michael/Documents/CHEM4561/automated/1775/2_OPTIMIZATION/CONF2/xtb_opt.
2025-04-09 01:06:11,559 -   censo.qm_processor   -   INFO   - worker152891:Running xtb_opt calculation in /home/michael/Documents/CHEM4561/automated/1775/2_OPTIMIZATION/CONF4/xtb_opt.
2025-04-09 01:08:46,821 -     censo.parallel     -   INFO   - All jobs executed successfully.
2025-04-09 01:08:46,821 -censo.ensembleopt.optimization-   INFO   - Threshold: 1.50 kcal/mol
2025-04-09 01:08:46,849 -   censo.qm_processor   -   INFO   - worker153689:Running xtb_rrho calculation in /home/michael/Documents/CHEM4561/automated/1775/2_OPTIMIZATION/CONF1/xtb_rrho.
2025-04-09 01:08:46,851 -   censo.qm_processor   -   INFO   - worker153695:Running xtb_rrho calculation in /home/michael/Documents/CHEM4561/automated/1775/2_OPTIMIZATION/CONF2/xtb_rrho.
2025-04-09 01:08:46,851 -   censo.qm_processor   -   INFO   - worker153690:Running xtb_rrho calculation in /home/michael/Documents/CHEM4561/automated/1775/2_OPTIMIZATION/CONF3/xtb_rrho.
2025-04-09 01:08:46,851 -   censo.qm_processor   -   INFO   - worker153692:Running xtb_rrho calculation in /home/michael/Documents/CHEM4561/automated/1775/2_OPTIMIZATION/CONF4/xtb_rrho.
2025-04-09 01:08:48,893 -     censo.parallel     -   INFO   - All jobs executed successfully.
2025-04-09 01:08:48,930 -   censo.qm_processor   -   INFO   - worker153790:Running sp calculation in /home/michael/Documents/CHEM4561/automated/1775/3_REFINEMENT/CONF1/sp.
2025-04-09 01:08:48,932 -   censo.qm_processor   -   INFO   - worker153830:Running sp calculation in /home/michael/Documents/CHEM4561/automated/1775/3_REFINEMENT/CONF2/sp.
2025-04-09 01:08:48,933 -   censo.qm_processor   -   INFO   - worker153793:Running sp calculation in /home/michael/Documents/CHEM4561/automated/1775/3_REFINEMENT/CONF3/sp.
2025-04-09 01:08:48,933 -   censo.qm_processor   -   INFO   - worker153796:Running sp calculation in /home/michael/Documents/CHEM4561/automated/1775/3_REFINEMENT/CONF4/sp.
2025-04-09 01:11:54,646 -     censo.parallel     -   INFO   - All jobs executed successfully.
2025-04-09 01:11:54,804 -   censo.qm_processor   -   INFO   - worker154555:Running sp calculation in /home/michael/Documents/CHEM4561/automated/1775/0_PRESCREENING/CONF1/sp.
2025-04-09 01:11:54,805 -   censo.qm_processor   -   INFO   - worker154556:Running sp calculation in /home/michael/Documents/CHEM4561/automated/1775/0_PRESCREENING/CONF2/sp.
2025-04-09 01:11:54,805 -   censo.qm_processor   -   INFO   - worker154559:Running sp calculation in /home/michael/Documents/CHEM4561/automated/1775/0_PRESCREENING/CONF3/sp.
2025-04-09 01:11:54,808 -   censo.qm_processor   -   INFO   - worker154565:Running sp calculation in /home/michael/Documents/CHEM4561/automated/1775/0_PRESCREENING/CONF4/sp.
2025-04-09 01:11:56,860 -     censo.parallel     -   INFO   - All jobs executed successfully.
2025-04-09 01:11:56,889 -   censo.qm_processor   -   INFO   - worker154714:Running sp calculation in /home/michael/Documents/CHEM4561/automated/1775/1_SCREENING/CONF1/sp.
2025-04-09 01:11:56,890 -   censo.qm_processor   -   INFO   - worker154715:Running sp calculation in /home/michael/Documents/CHEM4561/automated/1775/1_SCREENING/CONF2/sp.
2025-04-09 01:11:56,891 -   censo.qm_processor   -   INFO   - worker154717:Running sp calculation in /home/michael/Documents/CHEM4561/automated/1775/1_SCREENING/CONF3/sp.
2025-04-09 01:11:56,894 -   censo.qm_processor   -   INFO   - worker154722:Running sp calculation in /home/michael/Documents/CHEM4561/automated/1775/1_SCREENING/CONF4/sp.
2025-04-09 01:12:17,192 -     censo.parallel     -   INFO   - All jobs executed successfully.
2025-04-09 01:12:17,226 -   censo.qm_processor   -   INFO   - worker154882:Running xtb_opt calculation in /home/michael/Documents/CHEM4561/automated/1775/2_OPTIMIZATION/CONF1/xtb_opt.
2025-04-09 01:12:17,226 -   censo.qm_processor   -   INFO   - worker154883:Running xtb_opt calculation in /home/michael/Documents/CHEM4561/automated/1775/2_OPTIMIZATION/CONF3/xtb_opt.
2025-04-09 01:12:17,227 -   censo.qm_processor   -   INFO   - worker154887:Running xtb_opt calculation in /home/michael/Documents/CHEM4561/automated/1775/2_OPTIMIZATION/CONF2/xtb_opt.
2025-04-09 01:12:17,227 -   censo.qm_processor   -   INFO   - worker154889:Running xtb_opt calculation in /home/michael/Documents/CHEM4561/automated/1775/2_OPTIMIZATION/CONF4/xtb_opt.
2025-04-09 01:15:59,930 -     censo.parallel     -   INFO   - All jobs executed successfully.
2025-04-09 01:15:59,952 -   censo.qm_processor   -   INFO   - worker156206:Running xtb_rrho calculation in /home/michael/Documents/CHEM4561/automated/1775/2_OPTIMIZATION/CONF1/xtb_rrho.
2025-04-09 01:15:59,952 -   censo.qm_processor   -   INFO   - worker156207:Running xtb_rrho calculation in /home/michael/Documents/CHEM4561/automated/1775/2_OPTIMIZATION/CONF3/xtb_rrho.
2025-04-09 01:15:59,953 -   censo.qm_processor   -   INFO   - worker156209:Running xtb_rrho calculation in /home/michael/Documents/CHEM4561/automated/1775/2_OPTIMIZATION/CONF2/xtb_rrho.
2025-04-09 01:15:59,953 -   censo.qm_processor   -   INFO   - worker156212:Running xtb_rrho calculation in /home/michael/Documents/CHEM4561/automated/1775/2_OPTIMIZATION/CONF4/xtb_rrho.
2025-04-09 01:16:02,824 -     censo.parallel     -   INFO   - All jobs executed successfully.
2025-04-09 01:16:02,824 -censo.ensembleopt.optimization-   INFO   - Threshold: 2.62 kcal/mol
2025-04-09 01:16:02,845 -   censo.qm_processor   -   INFO   - worker156305:Running xtb_opt calculation in /home/michael/Documents/CHEM4561/automated/1775/2_OPTIMIZATION/CONF3/xtb_opt.
2025-04-09 01:16:02,845 -   censo.qm_processor   -   INFO   - worker156306:Running xtb_opt calculation in /home/michael/Documents/CHEM4561/automated/1775/2_OPTIMIZATION/CONF2/xtb_opt.
2025-04-09 01:16:02,846 -   censo.qm_processor   -   INFO   - worker156308:Running xtb_opt calculation in /home/michael/Documents/CHEM4561/automated/1775/2_OPTIMIZATION/CONF4/xtb_opt.
2025-04-09 01:18:47,108 -     censo.parallel     -   INFO   - All jobs executed successfully.
2025-04-09 01:18:47,109 -censo.ensembleopt.optimization-   INFO   - Threshold: 2.25 kcal/mol
2025-04-09 01:18:47,127 -   censo.qm_processor   -   INFO   - worker157277:Running xtb_opt calculation in /home/michael/Documents/CHEM4561/automated/1775/2_OPTIMIZATION/CONF2/xtb_opt.
2025-04-09 01:18:47,127 -   censo.qm_processor   -   INFO   - worker157278:Running xtb_opt calculation in /home/michael/Documents/CHEM4561/automated/1775/2_OPTIMIZATION/CONF4/xtb_opt.
2025-04-09 01:20:29,140 -     censo.parallel     -   INFO   - All jobs executed successfully.
2025-04-09 01:20:29,141 -censo.ensembleopt.optimization-   INFO   - Threshold: 1.50 kcal/mol
2025-04-09 01:20:29,158 -   censo.qm_processor   -   INFO   - worker157833:Running xtb_rrho calculation in /home/michael/Documents/CHEM4561/automated/1775/2_OPTIMIZATION/CONF1/xtb_rrho.
2025-04-09 01:20:29,158 -   censo.qm_processor   -   INFO   - worker157834:Running xtb_rrho calculation in /home/michael/Documents/CHEM4561/automated/1775/2_OPTIMIZATION/CONF3/xtb_rrho.
2025-04-09 01:20:29,158 -   censo.qm_processor   -   INFO   - worker157836:Running xtb_rrho calculation in /home/michael/Documents/CHEM4561/automated/1775/2_OPTIMIZATION/CONF2/xtb_rrho.
2025-04-09 01:20:29,159 -   censo.qm_processor   -   INFO   - worker157839:Running xtb_rrho calculation in /home/michael/Documents/CHEM4561/automated/1775/2_OPTIMIZATION/CONF4/xtb_rrho.
2025-04-09 01:20:30,548 -     censo.parallel     -   INFO   - All jobs executed successfully.
2025-04-09 01:20:30,568 -   censo.qm_processor   -   INFO   - worker157930:Running sp calculation in /home/michael/Documents/CHEM4561/automated/1775/3_REFINEMENT/CONF1/sp.
2025-04-09 01:20:30,568 -   censo.qm_processor   -   INFO   - worker157931:Running sp calculation in /home/michael/Documents/CHEM4561/automated/1775/3_REFINEMENT/CONF2/sp.
2025-04-09 01:20:30,569 -   censo.qm_processor   -   INFO   - worker157933:Running sp calculation in /home/michael/Documents/CHEM4561/automated/1775/3_REFINEMENT/CONF3/sp.
2025-04-09 01:20:30,569 -   censo.qm_processor   -   INFO   - worker157936:Running sp calculation in /home/michael/Documents/CHEM4561/automated/1775/3_REFINEMENT/CONF4/sp.
2025-04-09 01:22:33,404 -     censo.parallel     -   INFO   - All jobs executed successfully.
