#========================================================================================
#                     Free energy perturbation    
#----------------------------------------------------------------------------------------
#forward/backward          λ              ΔΔA                 ΔA                  δε   
#                                                 
#----------------------------------------------------------------------------------------
forward:               0.0000              0.0000              0.0000              0.0000  
forward:               0.0500              1.3870              1.3870              0.0091  
forward:               0.1000              0.7323              2.1193              0.0163  
forward:               0.1500              0.4029              2.5222              0.0189  
forward:               0.2000              0.2240              2.7462              0.0203  
forward:               0.2500              0.1314              2.8775              0.0212  
forward:               0.3000              0.0709              2.9484              0.0218  
forward:               0.3500              0.0356              2.9840              0.0228  
forward:               0.4000              0.0140              2.9980              0.0236  
forward:               0.4500             -0.0098              2.9883              0.0240  
forward:               0.5000             -0.0240              2.9643              0.0244  
forward:               0.5500             -0.0367              2.9276              0.0247  
forward:               0.6000             -0.0436              2.8840              0.0251  
forward:               0.6500             -0.0619              2.8221              0.0253  
forward:               0.7000             -0.0696              2.7525              0.0256  
forward:               0.7500             -0.0795              2.6730              0.0258  
forward:               0.8000             -0.0854              2.5876              0.0260  
forward:               0.8500             -0.0886              2.4990              0.0262  
forward:               0.9000             -0.0894              2.4096              0.0264  
forward:               0.9500             -0.0977              2.3119              0.0266  
forward:               1.0000             -0.0941              2.2177              0.0268  
backward:              1.0000              0.0000              2.2177              0.0000  
backward:              0.9500              0.1060              2.3238              0.0041  
backward:              0.9000              0.0870              2.4108              0.0058  
backward:              0.8500              0.0906              2.5014              0.0072  
backward:              0.8000              0.0864              2.5878              0.0082  
backward:              0.7500              0.0838              2.6716              0.0092  
backward:              0.7000              0.0640              2.7356              0.0103  
backward:              0.6500              0.0732              2.8089              0.0111  
backward:              0.6000              0.0525              2.8614              0.0122  
backward:              0.5500              0.0481              2.9095              0.0134  
backward:              0.5000              0.0389              2.9484              0.0144  
backward:              0.4500              0.0302              2.9786              0.0151  
backward:              0.4000              0.0080              2.9866              0.0161  
backward:              0.3500              0.0010              2.9876              0.0170  
backward:              0.3000             -0.0357              2.9520              0.0175  
backward:              0.2500             -0.0853              2.8667              0.0189  
backward:              0.2000             -0.1295              2.7372              0.0205  
backward:              0.1500             -0.2300              2.5072              0.0236  
backward:              0.1000             -0.3906              2.1165              0.0275  
backward:              0.0500             -0.7430              1.3736              0.0368  
backward:              0.0000             -1.3669              0.0067              0.0440  
Inaccuracy estimation
======================================================================================================
                   i        i+δi          P0_overlap_P1   δε(forward)/ε   δε(backward)/ε
======================================================================================================
inaccuracy:  0.00000        0.05000           39.01           -0.04            1.34
inaccuracy:  0.05000        0.10000           50.07           -0.02            0.84
inaccuracy:  0.10000        0.15000           59.79           -0.03            0.45
inaccuracy:  0.15000        0.20000           65.25           -0.02            0.26
inaccuracy:  0.20000        0.25000           69.05           -0.01            0.19
inaccuracy:  0.25000        0.30000           72.55           -0.01            0.15
inaccuracy:  0.30000        0.35000           72.41           -0.01            0.12
inaccuracy:  0.35000        0.40000           72.16           -0.01            0.12
inaccuracy:  0.40000        0.45000           74.12           -0.01            0.11
inaccuracy:  0.45000        0.50000           74.22           -0.02            0.11
inaccuracy:  0.50000        0.55000           74.75           -0.02            0.11
inaccuracy:  0.55000        0.60000           74.13           -0.01            0.10
inaccuracy:  0.60000        0.65000           75.27           -0.01            0.09
inaccuracy:  0.65000        0.70000           75.02           -0.01            0.10
inaccuracy:  0.70000        0.75000           75.91           -0.01            0.08
inaccuracy:  0.75000        0.80000           75.05           -0.01            0.09
inaccuracy:  0.80000        0.85000           75.23           -0.01            0.08
inaccuracy:  0.85000        0.90000           74.65           -0.02            0.08
inaccuracy:  0.90000        0.95000           75.49           -0.02            0.08
inaccuracy:  0.95000        1.00000           73.85           -0.01            0.09
===================================================================================================================================
                BAR        
-----------------------------------------------------------------------------------------------------------------------------------
BAR-estimator:         λ             λ+δλ          ΔΔA             ΔA            C               Δδe            δe       
                          
-----------------------------------------------------------------------------------------------------------------------------------
BAR-estimator:      0.00000        0.05000        1.3765         1.3765         1.3765         0.0091         0.0091 
BAR-estimator:      0.05000        0.10000        0.7301         2.1067         0.7301         0.0082         0.0123 
BAR-estimator:      0.10000        0.15000        0.3948         2.5015         0.3948         0.0060         0.0136 
BAR-estimator:      0.15000        0.20000        0.2225         2.7240         0.2225         0.0049         0.0145 
BAR-estimator:      0.20000        0.25000        0.1291         2.8531         0.1291         0.0039         0.0150 
BAR-estimator:      0.25000        0.30000        0.0760         2.9291         0.0760         0.0034         0.0154 
BAR-estimator:      0.30000        0.35000        0.0346         2.9637         0.0346         0.0045         0.0161 
BAR-estimator:      0.35000        0.40000        0.0091         2.9728         0.0091         0.0032         0.0164 
BAR-estimator:      0.40000        0.45000       -0.0096         2.9633        -0.0096         0.0031         0.0167 
BAR-estimator:      0.45000        0.50000       -0.0252         2.9381        -0.0252         0.0030         0.0170 
BAR-estimator:      0.50000        0.55000       -0.0372         2.9008        -0.0372         0.0027         0.0172 
BAR-estimator:      0.55000        0.60000       -0.0456         2.8553        -0.0456         0.0030         0.0175 
BAR-estimator:      0.60000        0.65000       -0.0594         2.7959        -0.0594         0.0020         0.0176 
BAR-estimator:      0.65000        0.70000       -0.0714         2.7245        -0.0714         0.0029         0.0178 
BAR-estimator:      0.70000        0.75000       -0.0752         2.6493        -0.0752         0.0020         0.0179 
BAR-estimator:      0.75000        0.80000       -0.0856         2.5637        -0.0856         0.0027         0.0181 
BAR-estimator:      0.80000        0.85000       -0.0874         2.4763        -0.0874         0.0028         0.0183 
BAR-estimator:      0.85000        0.90000       -0.0914         2.3849        -0.0914         0.0030         0.0186 
BAR-estimator:      0.90000        0.95000       -0.0955         2.2894        -0.0955         0.0027         0.0188 
BAR-estimator:      0.95000        1.00000       -0.0983         2.1911        -0.0983         0.0031         0.0190 
BAR-estimator: total free energy change is 2.1910719698570786 , total error is 0.01902575230021471
