#========================================================================================
#                     Free energy perturbation    
#----------------------------------------------------------------------------------------
#forward/backward          λ              ΔΔA                 ΔA                  δε   
#                                                 
#----------------------------------------------------------------------------------------
forward:               0.0000              0.0000              0.0000              0.0000  
forward:               0.0500              1.5630              1.5630              0.0195  
forward:               0.1000              0.8644              2.4274              0.0245  
forward:               0.1500              0.4558              2.8832              0.0268  
forward:               0.2000              0.2709              3.1541              0.0277  
forward:               0.2500              0.1452              3.2993              0.0286  
forward:               0.3000              0.0765              3.3757              0.0290  
forward:               0.3500              0.0179              3.3936              0.0295  
forward:               0.4000             -0.0213              3.3723              0.0297  
forward:               0.4500             -0.0362              3.3361              0.0299  
forward:               0.5000             -0.0618              3.2743              0.0303  
forward:               0.5500             -0.1900              3.0843              0.0310  
forward:               0.6000             -0.4422              2.6421              0.0315  
forward:               0.6500             -0.6492              1.9929              0.0321  
forward:               0.7000             -0.8482              1.1447              0.0330  
forward:               0.7500             -0.9647              0.1800              0.0336  
forward:               0.8000             -1.0216             -0.8416              0.0341  
forward:               0.8500             -1.0388             -1.8804              0.0348  
forward:               0.9000             -1.0252             -2.9056              0.0362  
forward:               0.9500             -1.0146             -3.9203              0.0373  
forward:               1.0000             -1.0054             -4.9257              0.0388  
backward:              1.0000              0.0000             -4.9257              0.0000  
backward:              0.9500              0.9972             -3.9285              0.0053  
backward:              0.9000              0.9997             -2.9287              0.0220  
backward:              0.8500              1.0116             -1.9172              0.0237  
backward:              0.8000              1.0284             -0.8887              0.0247  
backward:              0.7500              1.0142              0.1255              0.0256  
backward:              0.7000              0.9617              1.0872              0.0268  
backward:              0.6500              0.8387              1.9259              0.0277  
backward:              0.6000              0.6422              2.5681              0.0285  
backward:              0.5500              0.4369              3.0050              0.0294  
backward:              0.5000              0.2007              3.2057              0.0301  
backward:              0.4500              0.0596              3.2653              0.0305  
backward:              0.4000              0.0408              3.3061              0.0310  
backward:              0.3500              0.0122              3.3183              0.0314  
backward:              0.3000             -0.0335              3.2848              0.0320  
backward:              0.2500             -0.0683              3.2166              0.0327  
backward:              0.2000             -0.1415              3.0750              0.0336  
backward:              0.1500             -0.2607              2.8143              0.0359  
backward:              0.1000             -0.4534              2.3609              0.0386  
backward:              0.0500             -0.9428              1.4182              0.0841  
backward:              0.0000             -1.5994             -0.1812              0.0938  
Inaccuracy estimation
======================================================================================================
                   i        i+δi          P0_overlap_P1   δε(forward)/ε   δε(backward)/ε
======================================================================================================
inaccuracy:  0.00000        0.05000           37.64           -0.04            1.51
inaccuracy:  0.05000        0.10000           47.68           -0.02            1.00
inaccuracy:  0.10000        0.15000           58.01           -0.02            0.49
inaccuracy:  0.15000        0.20000           63.52           -0.01            0.30
inaccuracy:  0.20000        0.25000           68.46           -0.01            0.20
inaccuracy:  0.25000        0.30000           70.58           -0.01            0.16
inaccuracy:  0.30000        0.35000           74.33           -0.01            0.13
inaccuracy:  0.35000        0.40000           75.16           -0.01            0.10
inaccuracy:  0.40000        0.45000           73.83           -0.02            0.10
inaccuracy:  0.45000        0.50000           74.81           -0.01            0.10
inaccuracy:  0.50000        0.55000           65.18           -0.09            0.15
inaccuracy:  0.55000        0.60000           66.58           -0.11            0.10
inaccuracy:  0.60000        0.65000           66.08           -0.13            0.08
inaccuracy:  0.65000        0.70000           66.02           -0.12            0.06
inaccuracy:  0.70000        0.75000           65.70           -0.10            0.05
inaccuracy:  0.75000        0.80000           66.59           -0.12            0.04
inaccuracy:  0.80000        0.85000           66.48           -0.10            0.05
inaccuracy:  0.85000        0.90000           66.10           -0.09            0.05
inaccuracy:  0.90000        0.95000           64.23           -0.11            0.06
inaccuracy:  0.95000        1.00000           65.30           -0.09            0.07
===================================================================================================================================
                BAR        
-----------------------------------------------------------------------------------------------------------------------------------
BAR-estimator:         λ             λ+δλ          ΔΔA             ΔA            C               Δδe            δe       
                          
-----------------------------------------------------------------------------------------------------------------------------------
BAR-estimator:      0.00000        0.05000        1.5551         1.5551         1.5551         0.0094         0.0094 
BAR-estimator:      0.05000        0.10000        0.8752         2.4303         0.8752         0.0087         0.0128 
BAR-estimator:      0.10000        0.15000        0.4602         2.8905         0.4602         0.0079         0.0150 
BAR-estimator:      0.15000        0.20000        0.2622         3.1527         0.2622         0.0050         0.0159 
BAR-estimator:      0.20000        0.25000        0.1484         3.3011         0.1484         0.0047         0.0165 
BAR-estimator:      0.25000        0.30000        0.0745         3.3757         0.0745         0.0039         0.0170 
BAR-estimator:      0.30000        0.35000        0.0261         3.4018         0.0261         0.0037         0.0174 
BAR-estimator:      0.35000        0.40000       -0.0171         3.3847        -0.0171         0.0032         0.0177 
BAR-estimator:      0.40000        0.45000       -0.0390         3.3457        -0.0390         0.0030         0.0179 
BAR-estimator:      0.45000        0.50000       -0.0618         3.2839        -0.0618         0.0032         0.0182 
BAR-estimator:      0.50000        0.55000       -0.1957         3.0883        -0.1957         0.0042         0.0187 
BAR-estimator:      0.55000        0.60000       -0.4418         2.6465        -0.4418         0.0036         0.0191 
BAR-estimator:      0.60000        0.65000       -0.6443         2.0022        -0.6443         0.0038         0.0194 
BAR-estimator:      0.65000        0.70000       -0.8409         1.1613        -0.8409         0.0034         0.0197 
BAR-estimator:      0.70000        0.75000       -0.9614         0.1999        -0.9614         0.0039         0.0201 
BAR-estimator:      0.75000        0.80000       -1.0221        -0.8222        -1.0221         0.0044         0.0206 
BAR-estimator:      0.80000        0.85000       -1.0337        -1.8559        -1.0337         0.0044         0.0210 
BAR-estimator:      0.85000        0.90000       -1.0218        -2.8776        -1.0218         0.0059         0.0218 
BAR-estimator:      0.90000        0.95000       -1.0214        -3.8990        -1.0214         0.0053         0.0225 
BAR-estimator:      0.95000        1.00000       -0.9981        -4.8972        -0.9981         0.0061         0.0233 
BAR-estimator: total free energy change is -4.897163883757929 , total error is 0.023289342329225755
