#========================================================================================
#                     Free energy perturbation    
#----------------------------------------------------------------------------------------
#forward/backward          λ              ΔΔA                 ΔA                  δε   
#                                                 
#----------------------------------------------------------------------------------------
forward:               0.0000              0.0000              0.0000              0.0000  
forward:               0.0500              1.8826              1.8826              0.0227  
forward:               0.1000              1.1044              2.9870              0.0284  
forward:               0.1500              0.6125              3.5995              0.0340  
forward:               0.2000              0.3122              3.9117              0.0353  
forward:               0.2500              0.1787              4.0904              0.0367  
forward:               0.3000              0.0871              4.1775              0.0371  
forward:               0.3500              0.0237              4.2012              0.0375  
forward:               0.4000             -0.0128              4.1884              0.0379  
forward:               0.4500             -0.0368              4.1517              0.0382  
forward:               0.5000             -0.0568              4.0949              0.0384  
forward:               0.5500             -0.1153              3.9796              0.0387  
forward:               0.6000             -0.2298              3.7498              0.0391  
forward:               0.6500             -0.3148              3.4350              0.0394  
forward:               0.7000             -0.3905              3.0445              0.0397  
forward:               0.7500             -0.4641              2.5804              0.0401  
forward:               0.8000             -0.5214              2.0590              0.0403  
forward:               0.8500             -0.5645              1.4945              0.0406  
forward:               0.9000             -0.6039              0.8906              0.0409  
forward:               0.9500             -0.6272              0.2634              0.0411  
forward:               1.0000             -0.6454             -0.3820              0.0413  
backward:              1.0000              0.0000             -0.3820              0.0000  
backward:              0.9500              0.6374              0.2554              0.0054  
backward:              0.9000              0.6252              0.8806              0.0076  
backward:              0.8500              0.6004              1.4810              0.0093  
backward:              0.8000              0.5611              2.0421              0.0112  
backward:              0.7500              0.5130              2.5551              0.0119  
backward:              0.7000              0.4654              3.0205              0.0133  
backward:              0.6500              0.3844              3.4049              0.0146  
backward:              0.6000              0.3202              3.7252              0.0157  
backward:              0.5500              0.2278              3.9530              0.0167  
backward:              0.5000              0.1148              4.0678              0.0178  
backward:              0.4500              0.0666              4.1344              0.0185  
backward:              0.4000              0.0419              4.1763              0.0194  
backward:              0.3500              0.0157              4.1920              0.0202  
backward:              0.3000             -0.0272              4.1648              0.0217  
backward:              0.2500             -0.0724              4.0924              0.0227  
backward:              0.2000             -0.1582              3.9342              0.0240  
backward:              0.1500             -0.3136              3.6206              0.0265  
backward:              0.1000             -0.5999              3.0207              0.0315  
backward:              0.0500             -1.2884              1.7323              0.0944  
backward:              0.0000             -1.8858             -0.1535              0.0994  
Inaccuracy estimation
======================================================================================================
                   i        i+δi          P0_overlap_P1   δε(forward)/ε   δε(backward)/ε
======================================================================================================
inaccuracy:  0.00000        0.05000           33.98           -0.01            2.01
inaccuracy:  0.05000        0.10000           43.75           -0.05            1.26
inaccuracy:  0.10000        0.15000           52.10           -0.04            0.68
inaccuracy:  0.15000        0.20000           60.97           -0.02            0.38
inaccuracy:  0.20000        0.25000           64.16           -0.03            0.26
inaccuracy:  0.25000        0.30000           68.23           -0.02            0.19
inaccuracy:  0.30000        0.35000           70.64           -0.02            0.16
inaccuracy:  0.35000        0.40000           71.61           -0.02            0.13
inaccuracy:  0.40000        0.45000           71.77           -0.02            0.12
inaccuracy:  0.45000        0.50000           71.17           -0.02            0.12
inaccuracy:  0.50000        0.55000           69.33           -0.04            0.13
inaccuracy:  0.55000        0.60000           70.43           -0.04            0.10
inaccuracy:  0.60000        0.65000           69.72           -0.05            0.10
inaccuracy:  0.65000        0.70000           70.49           -0.05            0.09
inaccuracy:  0.70000        0.75000           70.68           -0.05            0.08
inaccuracy:  0.75000        0.80000           70.96           -0.06            0.07
inaccuracy:  0.80000        0.85000           71.03           -0.05            0.07
inaccuracy:  0.85000        0.90000           70.96           -0.06            0.07
inaccuracy:  0.90000        0.95000           70.42           -0.06            0.06
inaccuracy:  0.95000        1.00000           70.88           -0.06            0.07
===================================================================================================================================
                BAR        
-----------------------------------------------------------------------------------------------------------------------------------
BAR-estimator:         λ             λ+δλ          ΔΔA             ΔA            C               Δδe            δe       
                          
-----------------------------------------------------------------------------------------------------------------------------------
BAR-estimator:      0.00000        0.05000        1.8960         1.8960         1.8960         0.0104         0.0104 
BAR-estimator:      0.05000        0.10000        1.1228         3.0188         1.1228         0.0099         0.0143 
BAR-estimator:      0.10000        0.15000        0.6080         3.6269         0.6080         0.0113         0.0183 
BAR-estimator:      0.15000        0.20000        0.3150         3.9419         0.3150         0.0058         0.0191 
BAR-estimator:      0.20000        0.25000        0.1738         4.1157         0.1738         0.0050         0.0198 
BAR-estimator:      0.25000        0.30000        0.0833         4.1990         0.0833         0.0040         0.0202 
BAR-estimator:      0.30000        0.35000        0.0232         4.2222         0.0232         0.0041         0.0206 
BAR-estimator:      0.35000        0.40000       -0.0124         4.2099        -0.0124         0.0035         0.0209 
BAR-estimator:      0.40000        0.45000       -0.0394         4.1705        -0.0394         0.0034         0.0212 
BAR-estimator:      0.45000        0.50000       -0.0603         4.1102        -0.0603         0.0031         0.0214 
BAR-estimator:      0.50000        0.55000       -0.1150         3.9952        -0.1150         0.0033         0.0217 
BAR-estimator:      0.55000        0.60000       -0.2270         3.7681        -0.2270         0.0035         0.0219 
BAR-estimator:      0.60000        0.65000       -0.3160         3.4521        -0.3160         0.0034         0.0222 
BAR-estimator:      0.65000        0.70000       -0.3869         3.0653        -0.3869         0.0033         0.0225 
BAR-estimator:      0.70000        0.75000       -0.4627         2.6026        -0.4627         0.0035         0.0227 
BAR-estimator:      0.75000        0.80000       -0.5175         2.0851        -0.5175         0.0035         0.0230 
BAR-estimator:      0.80000        0.85000       -0.5627         1.5224        -0.5627         0.0035         0.0233 
BAR-estimator:      0.85000        0.90000       -0.6043         0.9181        -0.6043         0.0036         0.0235 
BAR-estimator:      0.90000        0.95000       -0.6270         0.2911        -0.6270         0.0034         0.0238 
BAR-estimator:      0.95000        1.00000       -0.6428        -0.3516        -0.6428         0.0034         0.0240 
BAR-estimator: total free energy change is -0.35164721724109116 , total error is 0.024030780592492636
