#========================================================================================
#                     Free energy perturbation    
#----------------------------------------------------------------------------------------
#forward/backward          λ              ΔΔA                 ΔA                  δε   
#                                                 
#----------------------------------------------------------------------------------------
forward:               0.0000              0.0000              0.0000              0.0000  
forward:               0.0500              1.5462              1.5462              0.0155  
forward:               0.1000              0.8088              2.3549              0.0205  
forward:               0.1500              0.4423              2.7973              0.0223  
forward:               0.2000              0.2476              3.0449              0.0234  
forward:               0.2500              0.1414              3.1863              0.0241  
forward:               0.3000              0.0770              3.2633              0.0247  
forward:               0.3500              0.0349              3.2982              0.0251  
forward:               0.4000             -0.0046              3.2936              0.0255  
forward:               0.4500             -0.0297              3.2639              0.0258  
forward:               0.5000             -0.0449              3.2191              0.0260  
forward:               0.5500             -0.0822              3.1368              0.0264  
forward:               0.6000             -0.1717              2.9651              0.0266  
forward:               0.6500             -0.2450              2.7200              0.0269  
forward:               0.7000             -0.2991              2.4209              0.0273  
forward:               0.7500             -0.3433              2.0776              0.0275  
forward:               0.8000             -0.3805              1.6971              0.0277  
forward:               0.8500             -0.4142              1.2829              0.0279  
forward:               0.9000             -0.4301              0.8528              0.0282  
forward:               0.9500             -0.4444              0.4083              0.0283  
forward:               1.0000             -0.4542             -0.0459              0.0286  
backward:              1.0000              0.0000             -0.0459              0.0000  
backward:              0.9500              0.4677              0.4218              0.0016  
backward:              0.9000              0.4526              0.8744              0.0045  
backward:              0.8500              0.4253              1.2997              0.0071  
backward:              0.8000              0.4066              1.7062              0.0082  
backward:              0.7500              0.3733              2.0796              0.0093  
backward:              0.7000              0.3378              2.4174              0.0101  
backward:              0.6500              0.3015              2.7188              0.0109  
backward:              0.6000              0.2464              2.9652              0.0117  
backward:              0.5500              0.1817              3.1469              0.0126  
backward:              0.5000              0.0836              3.2306              0.0136  
backward:              0.4500              0.0405              3.2711              0.0143  
backward:              0.4000              0.0261              3.2972              0.0150  
backward:              0.3500              0.0065              3.3037              0.0159  
backward:              0.3000             -0.0329              3.2708              0.0163  
backward:              0.2500             -0.0701              3.2007              0.0168  
backward:              0.2000             -0.1617              3.0390              0.0186  
backward:              0.1500             -0.2506              2.7883              0.0209  
backward:              0.1000             -0.4194              2.3689              0.0244  
backward:              0.0500             -0.8155              1.5534              0.0309  
backward:              0.0000             -1.5622             -0.0089              0.0542  
Inaccuracy estimation
======================================================================================================
                   i        i+δi          P0_overlap_P1   δε(forward)/ε   δε(backward)/ε
======================================================================================================
inaccuracy:  0.00000        0.05000           37.20           -0.03            1.71
inaccuracy:  0.05000        0.10000           49.96           -0.02            0.87
inaccuracy:  0.10000        0.15000           59.56           -0.01            0.46
inaccuracy:  0.15000        0.20000           66.39           -0.01            0.25
inaccuracy:  0.20000        0.25000           71.67           -0.01            0.16
inaccuracy:  0.25000        0.30000           72.44           -0.01            0.15
inaccuracy:  0.30000        0.35000           74.02           -0.01            0.11
inaccuracy:  0.35000        0.40000           75.30           -0.01            0.10
inaccuracy:  0.40000        0.45000           76.54           -0.01            0.10
inaccuracy:  0.45000        0.50000           76.83           -0.01            0.08
inaccuracy:  0.50000        0.55000           72.83           -0.04            0.10
inaccuracy:  0.55000        0.60000           72.48           -0.03            0.09
inaccuracy:  0.60000        0.65000           74.64           -0.03            0.08
inaccuracy:  0.65000        0.70000           74.83           -0.03            0.07
inaccuracy:  0.70000        0.75000           75.44           -0.03            0.07
inaccuracy:  0.75000        0.80000           75.53           -0.03            0.06
inaccuracy:  0.80000        0.85000           75.53           -0.03            0.05
inaccuracy:  0.85000        0.90000           74.44           -0.04            0.06
inaccuracy:  0.90000        0.95000           74.09           -0.04            0.06
inaccuracy:  0.95000        1.00000           72.90           -0.04            0.06
===================================================================================================================================
                BAR        
-----------------------------------------------------------------------------------------------------------------------------------
BAR-estimator:         λ             λ+δλ          ΔΔA             ΔA            C               Δδe            δe       
                          
-----------------------------------------------------------------------------------------------------------------------------------
BAR-estimator:      0.00000        0.05000        1.5535         1.5535         1.5535         0.0120         0.0120 
BAR-estimator:      0.05000        0.10000        0.8233         2.3768         0.8233         0.0086         0.0148 
BAR-estimator:      0.10000        0.15000        0.4378         2.8146         0.4378         0.0061         0.0160 
BAR-estimator:      0.15000        0.20000        0.2438         3.0584         0.2438         0.0045         0.0166 
BAR-estimator:      0.20000        0.25000        0.1458         3.2043         0.1458         0.0039         0.0171 
BAR-estimator:      0.25000        0.30000        0.0756         3.2799         0.0756         0.0036         0.0174 
BAR-estimator:      0.30000        0.35000        0.0327         3.3126         0.0327         0.0032         0.0177 
BAR-estimator:      0.35000        0.40000       -0.0061         3.3065        -0.0061         0.0030         0.0180 
BAR-estimator:      0.40000        0.45000       -0.0268         3.2797        -0.0268         0.0028         0.0182 
BAR-estimator:      0.45000        0.50000       -0.0444         3.2354        -0.0444         0.0026         0.0184 
BAR-estimator:      0.50000        0.55000       -0.0830         3.1524        -0.0830         0.0032         0.0187 
BAR-estimator:      0.55000        0.60000       -0.1767         2.9757        -0.1767         0.0024         0.0188 
BAR-estimator:      0.60000        0.65000       -0.2437         2.7319        -0.2437         0.0028         0.0190 
BAR-estimator:      0.65000        0.70000       -0.2984         2.4335        -0.2984         0.0022         0.0191 
BAR-estimator:      0.70000        0.75000       -0.3398         2.0938        -0.3398         0.0027         0.0193 
BAR-estimator:      0.75000        0.80000       -0.3762         1.7175        -0.3762         0.0028         0.0196 
BAR-estimator:      0.80000        0.85000       -0.4113         1.3063        -0.4113         0.0026         0.0197 
BAR-estimator:      0.85000        0.90000       -0.4289         0.8774        -0.4289         0.0027         0.0199 
BAR-estimator:      0.90000        0.95000       -0.4475         0.4298        -0.4475         0.0030         0.0201 
BAR-estimator:      0.95000        1.00000       -0.4586        -0.0288        -0.4586         0.0031         0.0204 
BAR-estimator: total free energy change is -0.028763957648466953 , total error is 0.020359058761828454
