#========================================================================================
#                     Free energy perturbation    
#----------------------------------------------------------------------------------------
#forward/backward          λ              ΔΔA                 ΔA                  δε   
#                                                 
#----------------------------------------------------------------------------------------
forward:               0.0000              0.0000              0.0000              0.0000  
forward:               0.0500              1.2661              1.2661              0.0146  
forward:               0.1000              0.7942              2.0603              0.0188  
forward:               0.1500              0.4644              2.5248              0.0212  
forward:               0.2000              0.2673              2.7921              0.0225  
forward:               0.2500              0.1705              2.9626              0.0233  
forward:               0.3000              0.0968              3.0594              0.0240  
forward:               0.3500              0.0586              3.1180              0.0246  
forward:               0.4000              0.0303              3.1483              0.0250  
forward:               0.4500              0.0008              3.1491              0.0254  
forward:               0.5000             -0.0254              3.1237              0.0257  
forward:               0.5500             -0.1279              2.9959              0.0261  
forward:               0.6000             -0.3039              2.6920              0.0266  
forward:               0.6500             -0.4815              2.2105              0.0271  
forward:               0.7000             -0.6320              1.5784              0.0278  
forward:               0.7500             -0.7307              0.8477              0.0284  
forward:               0.8000             -0.7635              0.0842              0.0290  
forward:               0.8500             -0.7652             -0.6809              0.0293  
forward:               0.9000             -0.7357             -1.4167              0.0296  
forward:               0.9500             -0.7114             -2.1280              0.0300  
forward:               1.0000             -0.6817             -2.8098              0.0303  
backward:              1.0000              0.0000             -2.8098              0.0000  
backward:              0.9500              0.6735             -2.1363              0.0057  
backward:              0.9000              0.7080             -1.4283              0.0081  
backward:              0.8500              0.7387             -0.6896              0.0097  
backward:              0.8000              0.7596              0.0701              0.0117  
backward:              0.7500              0.7669              0.8369              0.0131  
backward:              0.7000              0.7336              1.5705              0.0145  
backward:              0.6500              0.6208              2.1913              0.0160  
backward:              0.6000              0.4837              2.6750              0.0172  
backward:              0.5500              0.2954              2.9704              0.0182  
backward:              0.5000              0.1403              3.1107              0.0190  
backward:              0.4500              0.0164              3.1271              0.0195  
backward:              0.4000              0.0042              3.1314              0.0202  
backward:              0.3500             -0.0324              3.0990              0.0210  
backward:              0.3000             -0.0587              3.0402              0.0221  
backward:              0.2500             -0.1167              2.9236              0.0231  
backward:              0.2000             -0.1759              2.7477              0.0249  
backward:              0.1500             -0.2697              2.4780              0.0266  
backward:              0.1000             -0.4501              2.0279              0.0309  
backward:              0.0500             -0.7849              1.2430              0.0382  
backward:              0.0000             -1.2954             -0.0523              0.0552  
Inaccuracy estimation
======================================================================================================
                   i        i+δi          P0_overlap_P1   δε(forward)/ε   δε(backward)/ε
======================================================================================================
inaccuracy:  0.00000        0.05000           43.28           -0.03            1.23
inaccuracy:  0.05000        0.10000           49.88           -0.04            0.81
inaccuracy:  0.10000        0.15000           57.65           -0.02            0.50
inaccuracy:  0.15000        0.20000           65.58           -0.01            0.29
inaccuracy:  0.20000        0.25000           69.11           -0.02            0.21
inaccuracy:  0.25000        0.30000           72.08           -0.01            0.15
inaccuracy:  0.30000        0.35000           72.07           -0.02            0.14
inaccuracy:  0.35000        0.40000           73.12           -0.01            0.12
inaccuracy:  0.40000        0.45000           73.82           -0.01            0.11
inaccuracy:  0.45000        0.50000           75.46           -0.01            0.10
inaccuracy:  0.50000        0.55000           67.41           -0.08            0.13
inaccuracy:  0.55000        0.60000           67.98           -0.08            0.11
inaccuracy:  0.60000        0.65000           67.19           -0.09            0.09
inaccuracy:  0.65000        0.70000           67.56           -0.10            0.07
inaccuracy:  0.70000        0.75000           67.17           -0.10            0.07
inaccuracy:  0.75000        0.80000           67.57           -0.08            0.07
inaccuracy:  0.80000        0.85000           67.63           -0.08            0.07
inaccuracy:  0.85000        0.90000           67.30           -0.08            0.08
inaccuracy:  0.90000        0.95000           67.02           -0.08            0.09
inaccuracy:  0.95000        1.00000           67.19           -0.08            0.10
===================================================================================================================================
                BAR        
-----------------------------------------------------------------------------------------------------------------------------------
BAR-estimator:         λ             λ+δλ          ΔΔA             ΔA            C               Δδe            δe       
                          
-----------------------------------------------------------------------------------------------------------------------------------
BAR-estimator:      0.00000        0.05000        1.2785         1.2785         1.2785         0.0078         0.0078 
BAR-estimator:      0.05000        0.10000        0.7891         2.0675         0.7891         0.0070         0.0104 
BAR-estimator:      0.10000        0.15000        0.4612         2.5287         0.4612         0.0064         0.0123 
BAR-estimator:      0.15000        0.20000        0.2719         2.8006         0.2719         0.0049         0.0132 
BAR-estimator:      0.20000        0.25000        0.1708         2.9714         0.1708         0.0042         0.0138 
BAR-estimator:      0.25000        0.30000        0.1037         3.0751         0.1037         0.0047         0.0146 
BAR-estimator:      0.30000        0.35000        0.0587         3.1339         0.0587         0.0036         0.0150 
BAR-estimator:      0.35000        0.40000        0.0302         3.1641         0.0302         0.0034         0.0154 
BAR-estimator:      0.40000        0.45000       -0.0004         3.1636        -0.0004         0.0030         0.0157 
BAR-estimator:      0.45000        0.50000       -0.0218         3.1419        -0.0218         0.0029         0.0160 
BAR-estimator:      0.50000        0.55000       -0.1338         3.0081        -0.1338         0.0033         0.0163 
BAR-estimator:      0.55000        0.60000       -0.2982         2.7099        -0.2982         0.0036         0.0167 
BAR-estimator:      0.60000        0.65000       -0.4793         2.2306        -0.4793         0.0036         0.0171 
BAR-estimator:      0.65000        0.70000       -0.6294         1.6012        -0.6294         0.0039         0.0175 
BAR-estimator:      0.70000        0.75000       -0.7335         0.8677        -0.7335         0.0038         0.0179 
BAR-estimator:      0.75000        0.80000       -0.7656         0.1021        -0.7656         0.0041         0.0184 
BAR-estimator:      0.80000        0.85000       -0.7644        -0.6623        -0.7644         0.0033         0.0187 
BAR-estimator:      0.85000        0.90000       -0.7354        -1.3977        -0.7354         0.0036         0.0191 
BAR-estimator:      0.90000        0.95000       -0.7115        -2.1092        -0.7115         0.0040         0.0195 
BAR-estimator:      0.95000        1.00000       -0.6785        -2.7876        -0.6785         0.0033         0.0197 
BAR-estimator: total free energy change is -2.787647946812467 , total error is 0.019744940011652716
