#========================================================================================
#                     Free energy perturbation    
#----------------------------------------------------------------------------------------
#forward/backward          λ              ΔΔA                 ΔA                  δε   
#                                                 
#----------------------------------------------------------------------------------------
forward:               0.0000              0.0000              0.0000              0.0000  
forward:               0.0500              1.6255              1.6255              0.0209  
forward:               0.1000              0.9254              2.5509              0.0268  
forward:               0.1500              0.5023              3.0532              0.0290  
forward:               0.2000              0.2428              3.2960              0.0299  
forward:               0.2500              0.1464              3.4425              0.0310  
forward:               0.3000              0.0621              3.5046              0.0313  
forward:               0.3500              0.0008              3.5054              0.0317  
forward:               0.4000             -0.0477              3.4577              0.0320  
forward:               0.4500             -0.0714              3.3863              0.0323  
forward:               0.5000             -0.0910              3.2953              0.0325  
forward:               0.5500             -0.2446              3.0506              0.0330  
forward:               0.6000             -0.5146              2.5360              0.0335  
forward:               0.6500             -0.7788              1.7572              0.0341  
forward:               0.7000             -1.0017              0.7556              0.0348  
forward:               0.7500             -1.1120             -0.3564              0.0355  
forward:               0.8000             -1.1785             -1.5349              0.0360  
forward:               0.8500             -1.1936             -2.7285              0.0365  
forward:               0.9000             -1.2161             -3.9446              0.0381  
forward:               0.9500             -1.2093             -5.1539              0.0397  
forward:               1.0000             -1.2098             -6.3637              0.0415  
backward:              1.0000              0.0000             -6.3637              0.0000  
backward:              0.9500              1.1692             -5.1944              0.0123  
backward:              0.9000              1.1978             -3.9966              0.0136  
backward:              0.8500              1.1965             -2.8001              0.0174  
backward:              0.8000              1.2062             -1.5940              0.0189  
backward:              0.7500              1.1881             -0.4058              0.0206  
backward:              0.7000              1.1163              0.7105              0.0219  
backward:              0.6500              1.0016              1.7121              0.0230  
backward:              0.6000              0.7652              2.4773              0.0241  
backward:              0.5500              0.5267              3.0040              0.0251  
backward:              0.5000              0.2586              3.2626              0.0260  
backward:              0.4500              0.0921              3.3547              0.0265  
backward:              0.4000              0.0664              3.4210              0.0269  
backward:              0.3500              0.0351              3.4561              0.0276  
backward:              0.3000             -0.0042              3.4519              0.0287  
backward:              0.2500             -0.0453              3.4066              0.0293  
backward:              0.2000             -0.1258              3.2808              0.0307  
backward:              0.1500             -0.2350              3.0458              0.0324  
backward:              0.1000             -0.4945              2.5513              0.0361  
backward:              0.0500             -0.9267              1.6246              0.0494  
backward:              0.0000             -1.6303             -0.0057              0.0587  
Inaccuracy estimation
======================================================================================================
                   i        i+δi          P0_overlap_P1   δε(forward)/ε   δε(backward)/ε
======================================================================================================
inaccuracy:  0.00000        0.05000           36.24           -0.03            1.62
inaccuracy:  0.05000        0.10000           45.30           -0.03            1.10
inaccuracy:  0.10000        0.15000           55.17           -0.02            0.54
inaccuracy:  0.15000        0.20000           64.27           -0.02            0.31
inaccuracy:  0.20000        0.25000           66.32           -0.03            0.23
inaccuracy:  0.25000        0.30000           69.13           -0.02            0.17
inaccuracy:  0.30000        0.35000           72.00           -0.01            0.13
inaccuracy:  0.35000        0.40000           73.97           -0.02            0.11
inaccuracy:  0.40000        0.45000           74.38           -0.02            0.10
inaccuracy:  0.45000        0.50000           73.78           -0.02            0.10
inaccuracy:  0.50000        0.55000           63.27           -0.11            0.17
inaccuracy:  0.55000        0.60000           63.88           -0.14            0.10
inaccuracy:  0.60000        0.65000           64.90           -0.15            0.07
inaccuracy:  0.65000        0.70000           64.49           -0.16            0.05
inaccuracy:  0.70000        0.75000           64.30           -0.14            0.04
inaccuracy:  0.75000        0.80000           64.13           -0.16            0.03
inaccuracy:  0.80000        0.85000           64.69           -0.16            0.04
inaccuracy:  0.85000        0.90000           65.30           -0.12            0.04
inaccuracy:  0.90000        0.95000           63.90           -0.12            0.05
inaccuracy:  0.95000        1.00000           65.26           -0.12            0.05
===================================================================================================================================
                BAR        
-----------------------------------------------------------------------------------------------------------------------------------
BAR-estimator:         λ             λ+δλ          ΔΔA             ΔA            C               Δδe            δe       
                          
-----------------------------------------------------------------------------------------------------------------------------------
BAR-estimator:      0.00000        0.05000        1.6301         1.6301         1.6301         0.0164         0.0164 
BAR-estimator:      0.05000        0.10000        0.9279         2.5581         0.9279         0.0092         0.0188 
BAR-estimator:      0.10000        0.15000        0.4934         3.0514         0.4934         0.0065         0.0199 
BAR-estimator:      0.15000        0.20000        0.2492         3.3007         0.2492         0.0050         0.0205 
BAR-estimator:      0.20000        0.25000        0.1417         3.4424         0.1417         0.0051         0.0212 
BAR-estimator:      0.25000        0.30000        0.0590         3.5014         0.0590         0.0037         0.0215 
BAR-estimator:      0.30000        0.35000        0.0004         3.5018         0.0004         0.0036         0.0218 
BAR-estimator:      0.35000        0.40000       -0.0426         3.4592        -0.0426         0.0031         0.0220 
BAR-estimator:      0.40000        0.45000       -0.0675         3.3916        -0.0675         0.0031         0.0222 
BAR-estimator:      0.45000        0.50000       -0.0917         3.3000        -0.0917         0.0030         0.0224 
BAR-estimator:      0.50000        0.55000       -0.2496         3.0503        -0.2496         0.0037         0.0227 
BAR-estimator:      0.55000        0.60000       -0.5239         2.5265        -0.5239         0.0036         0.0230 
BAR-estimator:      0.60000        0.65000       -0.7740         1.7524        -0.7740         0.0044         0.0234 
BAR-estimator:      0.65000        0.70000       -0.9998         0.7527        -0.9998         0.0035         0.0237 
BAR-estimator:      0.70000        0.75000       -1.1113        -0.3586        -1.1113         0.0042         0.0241 
BAR-estimator:      0.75000        0.80000       -1.1869        -1.5456        -1.1869         0.0050         0.0246 
BAR-estimator:      0.80000        0.85000       -1.1977        -2.7432        -1.1977         0.0036         0.0248 
BAR-estimator:      0.85000        0.90000       -1.2066        -3.9498        -1.2066         0.0063         0.0256 
BAR-estimator:      0.90000        0.95000       -1.1969        -5.1467        -1.1969         0.0063         0.0264 
BAR-estimator:      0.95000        1.00000       -1.1870        -6.3337        -1.1870         0.0040         0.0267 
BAR-estimator: total free energy change is -6.333683009980644 , total error is 0.026682634426116396
