#========================================================================================
#                     Free energy perturbation    
#----------------------------------------------------------------------------------------
#forward/backward          λ              ΔΔA                 ΔA                  δε   
#                                                 
#----------------------------------------------------------------------------------------
forward:               0.0000              0.0000              0.0000              0.0000  
forward:               0.0500              1.7822              1.7822              0.0205  
forward:               0.1000              0.9834              2.7656              0.0261  
forward:               0.1500              0.5537              3.3193              0.0276  
forward:               0.2000              0.2860              3.6052              0.0292  
forward:               0.2500              0.1501              3.7554              0.0298  
forward:               0.3000              0.0771              3.8325              0.0307  
forward:               0.3500              0.0321              3.8646              0.0312  
forward:               0.4000             -0.0202              3.8443              0.0315  
forward:               0.4500             -0.0487              3.7956              0.0319  
forward:               0.5000             -0.0761              3.7195              0.0322  
forward:               0.5500             -0.2145              3.5050              0.0328  
forward:               0.6000             -0.4585              3.0465              0.0333  
forward:               0.6500             -0.6873              2.3592              0.0339  
forward:               0.7000             -0.8871              1.4722              0.0346  
forward:               0.7500             -1.0311              0.4410              0.0353  
forward:               0.8000             -1.0783             -0.6373              0.0357  
forward:               0.8500             -1.0856             -1.7229              0.0361  
forward:               0.9000             -1.0827             -2.8056              0.0365  
forward:               0.9500             -1.0667             -3.8723              0.0368  
forward:               1.0000             -1.0504             -4.9227              0.0370  
backward:              1.0000              0.0000             -4.9227              0.0000  
backward:              0.9500              1.0343             -3.8884              0.0069  
backward:              0.9000              1.0598             -2.8287              0.0096  
backward:              0.8500              1.0765             -1.7521              0.0118  
backward:              0.8000              1.0780             -0.6742              0.0177  
backward:              0.7500              1.0650              0.3909              0.0191  
backward:              0.7000              1.0213              1.4121              0.0207  
backward:              0.6500              0.8856              2.2977              0.0224  
backward:              0.6000              0.6956              2.9934              0.0240  
backward:              0.5500              0.4557              3.4491              0.0250  
backward:              0.5000              0.2196              3.6687              0.0261  
backward:              0.4500              0.0711              3.7398              0.0267  
backward:              0.4000              0.0396              3.7795              0.0272  
backward:              0.3500              0.0104              3.7899              0.0279  
backward:              0.3000             -0.0364              3.7535              0.0289  
backward:              0.2500             -0.0969              3.6566              0.0301  
backward:              0.2000             -0.1636              3.4930              0.0316  
backward:              0.1500             -0.3006              3.1925              0.0343  
backward:              0.1000             -0.5089              2.6836              0.0376  
backward:              0.0500             -0.9928              1.6908              0.0453  
backward:              0.0000             -1.7380             -0.0472              0.0512  
Inaccuracy estimation
======================================================================================================
                   i        i+δi          P0_overlap_P1   δε(forward)/ε   δε(backward)/ε
======================================================================================================
inaccuracy:  0.00000        0.05000           34.26           -0.02            1.91
inaccuracy:  0.05000        0.10000           44.57           -0.04            1.20
inaccuracy:  0.10000        0.15000           53.33           -0.04            0.60
inaccuracy:  0.15000        0.20000           64.21           -0.03            0.35
inaccuracy:  0.20000        0.25000           67.33           -0.02            0.23
inaccuracy:  0.25000        0.30000           69.99           -0.02            0.17
inaccuracy:  0.30000        0.35000           70.34           -0.02            0.15
inaccuracy:  0.35000        0.40000           71.93           -0.01            0.13
inaccuracy:  0.40000        0.45000           72.93           -0.02            0.12
inaccuracy:  0.45000        0.50000           73.87           -0.02            0.11
inaccuracy:  0.50000        0.55000           64.00           -0.10            0.16
inaccuracy:  0.55000        0.60000           65.14           -0.11            0.10
inaccuracy:  0.60000        0.65000           63.27           -0.15            0.08
inaccuracy:  0.65000        0.70000           64.10           -0.15            0.06
inaccuracy:  0.70000        0.75000           65.45           -0.12            0.05
inaccuracy:  0.75000        0.80000           66.18           -0.13            0.05
inaccuracy:  0.80000        0.85000           65.04           -0.12            0.05
inaccuracy:  0.85000        0.90000           64.94           -0.11            0.06
inaccuracy:  0.90000        0.95000           64.48           -0.11            0.07
inaccuracy:  0.95000        1.00000           64.02           -0.12            0.07
===================================================================================================================================
                BAR        
-----------------------------------------------------------------------------------------------------------------------------------
BAR-estimator:         λ             λ+δλ          ΔΔA             ΔA            C               Δδe            δe       
                          
-----------------------------------------------------------------------------------------------------------------------------------
BAR-estimator:      0.00000        0.05000        1.7973         1.7973         1.7973         0.0108         0.0108 
BAR-estimator:      0.05000        0.10000        1.0009         2.7982         1.0009         0.0093         0.0143 
BAR-estimator:      0.10000        0.15000        0.5338         3.3320         0.5338         0.0068         0.0158 
BAR-estimator:      0.15000        0.20000        0.2955         3.6274         0.2955         0.0053         0.0167 
BAR-estimator:      0.20000        0.25000        0.1518         3.7792         0.1518         0.0045         0.0173 
BAR-estimator:      0.25000        0.30000        0.0817         3.8609         0.0817         0.0041         0.0178 
BAR-estimator:      0.30000        0.35000        0.0345         3.8954         0.0345         0.0038         0.0182 
BAR-estimator:      0.35000        0.40000       -0.0174         3.8780        -0.0174         0.0038         0.0186 
BAR-estimator:      0.40000        0.45000       -0.0455         3.8325        -0.0455         0.0033         0.0188 
BAR-estimator:      0.45000        0.50000       -0.0744         3.7581        -0.0744         0.0038         0.0192 
BAR-estimator:      0.50000        0.55000       -0.2154         3.5426        -0.2154         0.0040         0.0196 
BAR-estimator:      0.55000        0.60000       -0.4550         3.0876        -0.4550         0.0036         0.0200 
BAR-estimator:      0.60000        0.65000       -0.6931         2.3945        -0.6931         0.0040         0.0204 
BAR-estimator:      0.65000        0.70000       -0.8924         1.5021        -0.8924         0.0042         0.0208 
BAR-estimator:      0.70000        0.75000       -1.0260         0.4761        -1.0260         0.0053         0.0215 
BAR-estimator:      0.75000        0.80000       -1.0751        -0.5990        -1.0751         0.0038         0.0218 
BAR-estimator:      0.80000        0.85000       -1.0852        -1.6842        -1.0852         0.0043         0.0222 
BAR-estimator:      0.85000        0.90000       -1.0820        -2.7662        -1.0820         0.0041         0.0226 
BAR-estimator:      0.90000        0.95000       -1.0633        -3.8295        -1.0633         0.0038         0.0229 
BAR-estimator:      0.95000        1.00000       -1.0448        -4.8743        -1.0448         0.0040         0.0232 
BAR-estimator: total free energy change is -4.874261826531539 , total error is 0.023223892934423434
