#========================================================================================
#                     Free energy perturbation    
#----------------------------------------------------------------------------------------
#forward/backward          λ              ΔΔA                 ΔA                  δε   
#                                                 
#----------------------------------------------------------------------------------------
forward:               0.0000              0.0000              0.0000              0.0000  
forward:               0.0500              0.8982              0.8982              0.0107  
forward:               0.1000              0.5917              1.4899              0.0160  
forward:               0.1500              0.3448              1.8347              0.0177  
forward:               0.2000              0.2224              2.0570              0.0188  
forward:               0.2500              0.1549              2.2119              0.0197  
forward:               0.3000              0.1002              2.3121              0.0203  
forward:               0.3500              0.0619              2.3740              0.0208  
forward:               0.4000              0.0326              2.4066              0.0210  
forward:               0.4500              0.0061              2.4127              0.0213  
forward:               0.5000             -0.0148              2.3979              0.0216  
forward:               0.5500             -0.1424              2.2555              0.0221  
forward:               0.6000             -0.3624              1.8932              0.0228  
forward:               0.6500             -0.5779              1.3153              0.0233  
forward:               0.7000             -0.7775              0.5378              0.0242  
forward:               0.7500             -0.8927             -0.3549              0.0250  
forward:               0.8000             -0.9444             -1.2993              0.0256  
forward:               0.8500             -0.9297             -2.2290              0.0261  
forward:               0.9000             -0.8939             -3.1230              0.0266  
forward:               0.9500             -0.8613             -3.9842              0.0273  
forward:               1.0000             -0.8649             -4.8492              0.0300  
backward:              1.0000              0.0000             -4.8492              0.0000  
backward:              0.9500              0.8463             -4.0028              0.0084  
backward:              0.9000              0.8642             -3.1386              0.0102  
backward:              0.8500              0.8918             -2.2468              0.0117  
backward:              0.8000              0.9196             -1.3272              0.0135  
backward:              0.7500              0.9318             -0.3954              0.0147  
backward:              0.7000              0.9017              0.5063              0.0161  
backward:              0.6500              0.7660              1.2723              0.0179  
backward:              0.6000              0.5725              1.8448              0.0191  
backward:              0.5500              0.3678              2.2126              0.0199  
backward:              0.5000              0.1346              2.3472              0.0207  
backward:              0.4500              0.0077              2.3550              0.0209  
backward:              0.4000             -0.0075              2.3475              0.0215  
backward:              0.3500             -0.0285              2.3190              0.0220  
backward:              0.3000             -0.0608              2.2581              0.0233  
backward:              0.2500             -0.0934              2.1647              0.0244  
backward:              0.2000             -0.1419              2.0229              0.0252  
backward:              0.1500             -0.2335              1.7894              0.0267  
backward:              0.1000             -0.3659              1.4235              0.0288  
backward:              0.0500             -0.5564              0.8671              0.0311  
backward:              0.0000             -0.9395             -0.0723              0.0410  
Inaccuracy estimation
======================================================================================================
                   i        i+δi          P0_overlap_P1   δε(forward)/ε   δε(backward)/ε
======================================================================================================
inaccuracy:  0.00000        0.05000           50.32           -0.02            0.80
inaccuracy:  0.05000        0.10000           56.91           -0.01            0.56
inaccuracy:  0.10000        0.15000           65.33           -0.01            0.31
inaccuracy:  0.15000        0.20000           69.77           -0.02            0.22
inaccuracy:  0.20000        0.25000           70.59           -0.01            0.17
inaccuracy:  0.25000        0.30000           72.49           -0.01            0.13
inaccuracy:  0.30000        0.35000           74.04           -0.01            0.12
inaccuracy:  0.35000        0.40000           75.14           -0.01            0.11
inaccuracy:  0.40000        0.45000           76.51           -0.01            0.09
inaccuracy:  0.45000        0.50000           77.84           -0.01            0.09
inaccuracy:  0.50000        0.55000           67.75           -0.08            0.13
inaccuracy:  0.55000        0.60000           67.44           -0.10            0.10
inaccuracy:  0.60000        0.65000           66.08           -0.13            0.08
inaccuracy:  0.65000        0.70000           66.24           -0.11            0.06
inaccuracy:  0.70000        0.75000           66.47           -0.10            0.05
inaccuracy:  0.75000        0.80000           68.44           -0.09            0.05
inaccuracy:  0.80000        0.85000           67.77           -0.12            0.06
inaccuracy:  0.85000        0.90000           67.19           -0.09            0.07
inaccuracy:  0.90000        0.95000           65.14           -0.10            0.08
inaccuracy:  0.95000        1.00000           65.07           -0.11            0.09
===================================================================================================================================
                BAR        
-----------------------------------------------------------------------------------------------------------------------------------
BAR-estimator:         λ             λ+δλ          ΔΔA             ΔA            C               Δδe            δe       
                          
-----------------------------------------------------------------------------------------------------------------------------------
BAR-estimator:      0.00000        0.05000        0.9050         0.9050         0.9050         0.0093         0.0093 
BAR-estimator:      0.05000        0.10000        0.5833         1.4882         0.5833         0.0068         0.0115 
BAR-estimator:      0.10000        0.15000        0.3502         1.8384         0.3502         0.0051         0.0126 
BAR-estimator:      0.15000        0.20000        0.2241         2.0625         0.2241         0.0047         0.0135 
BAR-estimator:      0.20000        0.25000        0.1502         2.2127         0.1502         0.0041         0.0141 
BAR-estimator:      0.25000        0.30000        0.0947         2.3075         0.0947         0.0036         0.0145 
BAR-estimator:      0.30000        0.35000        0.0589         2.3663         0.0589         0.0032         0.0149 
BAR-estimator:      0.35000        0.40000        0.0314         2.3977         0.0314         0.0028         0.0151 
BAR-estimator:      0.40000        0.45000        0.0068         2.4045         0.0068         0.0027         0.0154 
BAR-estimator:      0.45000        0.50000       -0.0109         2.3936        -0.0109         0.0026         0.0156 
BAR-estimator:      0.50000        0.55000       -0.1395         2.2540        -0.1395         0.0032         0.0159 
BAR-estimator:      0.55000        0.60000       -0.3630         1.8910        -0.3630         0.0035         0.0163 
BAR-estimator:      0.60000        0.65000       -0.5748         1.3162        -0.5748         0.0037         0.0167 
BAR-estimator:      0.65000        0.70000       -0.7703         0.5459        -0.7703         0.0038         0.0171 
BAR-estimator:      0.70000        0.75000       -0.8964        -0.3505        -0.8964         0.0041         0.0176 
BAR-estimator:      0.75000        0.80000       -0.9357        -1.2862        -0.9357         0.0040         0.0181 
BAR-estimator:      0.80000        0.85000       -0.9294        -2.2156        -0.9294         0.0036         0.0184 
BAR-estimator:      0.85000        0.90000       -0.8909        -3.1065        -0.8909         0.0038         0.0188 
BAR-estimator:      0.90000        0.95000       -0.8607        -3.9672        -0.8607         0.0041         0.0193 
BAR-estimator:      0.95000        1.00000       -0.8586        -4.8258        -0.8586         0.0059         0.0201 
BAR-estimator: total free energy change is -4.825802267884123 , total error is 0.020147212405967972
