20
 energy: -572.561127224197 gnorm: 0.000968533128 xtb: 6.7.1 (41059b4)
C            0.63089684487406        1.45385455594547       -0.03501144748996
C            1.51424273208923        0.19626891673491        0.05513220535685
H            2.41292193477478        0.29377482519365       -0.56831654777912
C            0.72501700977464       -1.03506927361757       -0.43747662169587
H            1.20115937328941       -1.94409774113099       -0.04781818598406
C           -0.71760394209490       -0.96398000108670        0.07381515974696
H           -1.27562755794089       -1.84309716937482       -0.26406582105013
C           -1.40688015278455        0.31539546200337       -0.50230156701595
H           -1.97829334515158        0.07907336313989       -1.40603564394130
O           -0.42129693252072        1.25408875570128       -0.97829441698486
O           -2.25987442922806        0.88598413013779        0.43339923583805
O           -0.76347269348213       -0.96542739823490        1.50646216939227
O            0.76598059381023       -1.13956297759387       -1.85407775570922
O            1.88221166912658        0.06222399997140        1.44613165185550
H            1.19750563411840        2.32360912435337       -0.37325027469021
H            0.22145460197924        1.68154736190635        0.95953628003385
H           -2.02016791232129        0.49401810701462        1.29183683352642
H            0.08224517574167       -0.62061455014799        1.83963501997033
H            0.42162848197579       -0.30230940305696       -2.19885639154014
H            2.57863167003656       -0.60195593609705        1.51254452820264
20
 energy: -572.561129104689 gnorm: 0.000422347704 xtb: 6.7.1 (41059b4)
C            0.63133101701646        1.45390229041937       -0.03464056013490
C            1.51467151114527        0.19655592425625        0.05475533475356
H            2.41301101428050        0.29404795473292       -0.56902331287061
C            0.72488340641968       -1.03448466362526       -0.43693791825997
H            1.20112221650926       -1.94347227120787       -0.04744033398159
C           -0.71758805183697       -0.96394505266789        0.07395832127847
H           -1.27537616824110       -1.84313797868021       -0.26408716047426
C           -1.40669464839574        0.31488253109664       -0.50224076869692
H           -1.97760999798203        0.07860209889487       -1.40619926992011
O           -0.42147407858315        1.25404886103221       -0.97755104732930
O           -2.26093750986057        0.88510032228139        0.43287972887896
O           -0.76382894371802       -0.96628250338349        1.50669587120839
O            0.76596156889334       -1.13926046260721       -1.85372099229936
O            1.88344965282114        0.06245780077173        1.44558466719718
H            1.19776405749270        2.32346367310117       -0.37418783770574
H            0.22224243377220        1.68199856047487        0.96005567890475
H           -2.02164483249006        0.49436788417823        1.29201618809201
H            0.08148249531950       -0.61940120674206        1.83958301370515
H            0.42182728501399       -0.30180608189996       -2.19838533128765
H            2.57808626580683       -0.60391353507590        1.51187423032342
20
 energy: -572.561129104689 gnorm: 0.000422347704 xtb: 6.7.1 (41059b4)
C            0.63133101701646        1.45390229041937       -0.03464056013490
C            1.51467151114527        0.19655592425625        0.05475533475356
H            2.41301101428050        0.29404795473292       -0.56902331287061
C            0.72488340641968       -1.03448466362526       -0.43693791825997
H            1.20112221650926       -1.94347227120787       -0.04744033398159
C           -0.71758805183697       -0.96394505266789        0.07395832127847
H           -1.27537616824110       -1.84313797868021       -0.26408716047426
C           -1.40669464839574        0.31488253109664       -0.50224076869692
H           -1.97760999798203        0.07860209889487       -1.40619926992011
O           -0.42147407858315        1.25404886103221       -0.97755104732930
O           -2.26093750986057        0.88510032228139        0.43287972887896
O           -0.76382894371802       -0.96628250338349        1.50669587120839
O            0.76596156889334       -1.13926046260721       -1.85372099229936
O            1.88344965282114        0.06245780077173        1.44558466719718
H            1.19776405749270        2.32346367310117       -0.37418783770574
H            0.22224243377220        1.68199856047487        0.96005567890475
H           -2.02164483249006        0.49436788417823        1.29201618809201
H            0.08148249531950       -0.61940120674206        1.83958301370515
H            0.42182728501399       -0.30180608189996       -2.19838533128765
H            2.57808626580683       -0.60391353507590        1.51187423032342
