#========================================================================================
#                     Free energy perturbation    
#----------------------------------------------------------------------------------------
#forward/backward          λ              ΔΔA                 ΔA                  δε   
#                                                 
#----------------------------------------------------------------------------------------
forward:               0.0000              0.0000              0.0000              0.0000  
forward:               0.0500              1.2901              1.2901              0.0171  
forward:               0.1000              0.7493              2.0394              0.0212  
forward:               0.1500              0.4463              2.4856              0.0230  
forward:               0.2000              0.2714              2.7571              0.0241  
forward:               0.2500              0.1762              2.9332              0.0247  
forward:               0.3000              0.1057              3.0390              0.0253  
forward:               0.3500              0.0683              3.1072              0.0258  
forward:               0.4000              0.0314              3.1386              0.0262  
forward:               0.4500              0.0051              3.1437              0.0264  
forward:               0.5000             -0.0118              3.1319              0.0267  
forward:               0.5500             -0.0902              3.0417              0.0270  
forward:               0.6000             -0.1624              2.8793              0.0272  
forward:               0.6500             -0.2048              2.6745              0.0274  
forward:               0.7000             -0.2472              2.4272              0.0276  
forward:               0.7500             -0.2744              2.1528              0.0278  
forward:               0.8000             -0.2870              1.8658              0.0279  
forward:               0.8500             -0.3095              1.5563              0.0282  
forward:               0.9000             -0.3175              1.2388              0.0283  
forward:               0.9500             -0.3253              0.9135              0.0285  
forward:               1.0000             -0.3359              0.5777              0.0286  
backward:              1.0000              0.0000              0.5777              0.0000  
backward:              0.9500              0.3383              0.9159              0.0039  
backward:              0.9000              0.3320              1.2479              0.0053  
backward:              0.8500              0.3234              1.5713              0.0063  
backward:              0.8000              0.3041              1.8754              0.0073  
backward:              0.7500              0.2880              2.1634              0.0083  
backward:              0.7000              0.2690              2.4324              0.0095  
backward:              0.6500              0.2492              2.6816              0.0103  
backward:              0.6000              0.2100              2.8916              0.0109  
backward:              0.5500              0.1648              3.0564              0.0116  
backward:              0.5000              0.0951              3.1515              0.0127  
backward:              0.4500              0.0079              3.1594              0.0136  
backward:              0.4000             -0.0159              3.1434              0.0146  
backward:              0.3500             -0.0386              3.1049              0.0155  
backward:              0.3000             -0.0730              3.0319              0.0165  
backward:              0.2500             -0.1159              2.9160              0.0175  
backward:              0.2000             -0.1595              2.7564              0.0188  
backward:              0.1500             -0.2875              2.4689              0.0229  
backward:              0.1000             -0.4488              2.0201              0.0263  
backward:              0.0500             -0.7361              1.2839              0.0323  
backward:              0.0000             -1.2388              0.0451              0.0429  
Inaccuracy estimation
======================================================================================================
                   i        i+δi          P0_overlap_P1   δε(forward)/ε   δε(backward)/ε
======================================================================================================
inaccuracy:  0.00000        0.05000           41.25           -0.03            1.51
inaccuracy:  0.05000        0.10000           53.02           -0.02            0.77
inaccuracy:  0.10000        0.15000           61.85           -0.02            0.37
inaccuracy:  0.15000        0.20000           68.20           -0.01            0.23
inaccuracy:  0.20000        0.25000           71.19           -0.01            0.18
inaccuracy:  0.25000        0.30000           74.90           -0.01            0.13
inaccuracy:  0.30000        0.35000           75.59           -0.01            0.11
inaccuracy:  0.35000        0.40000           77.04           -0.00            0.09
inaccuracy:  0.40000        0.45000           78.89           -0.00            0.08
inaccuracy:  0.45000        0.50000           78.13           -0.01            0.08
inaccuracy:  0.50000        0.55000           73.88           -0.03            0.09
inaccuracy:  0.55000        0.60000           75.83           -0.03            0.07
inaccuracy:  0.60000        0.65000           75.90           -0.02            0.06
inaccuracy:  0.65000        0.70000           76.74           -0.02            0.06
inaccuracy:  0.70000        0.75000           77.27           -0.02            0.06
inaccuracy:  0.75000        0.80000           76.32           -0.03            0.06
inaccuracy:  0.80000        0.85000           77.39           -0.02            0.05
inaccuracy:  0.85000        0.90000           76.71           -0.03            0.06
inaccuracy:  0.90000        0.95000           75.50           -0.03            0.06
inaccuracy:  0.95000        1.00000           76.13           -0.02            0.05
===================================================================================================================================
                BAR        
-----------------------------------------------------------------------------------------------------------------------------------
BAR-estimator:         λ             λ+δλ          ΔΔA             ΔA            C               Δδe            δe       
                          
-----------------------------------------------------------------------------------------------------------------------------------
BAR-estimator:      0.00000        0.05000        1.2774         1.2774         1.2774         0.0096         0.0096 
BAR-estimator:      0.05000        0.10000        0.7482         2.0256         0.7482         0.0079         0.0124 
BAR-estimator:      0.10000        0.15000        0.4419         2.4675         0.4419         0.0059         0.0138 
BAR-estimator:      0.15000        0.20000        0.2734         2.7409         0.2734         0.0047         0.0145 
BAR-estimator:      0.20000        0.25000        0.1723         2.9131         0.1723         0.0039         0.0151 
BAR-estimator:      0.25000        0.30000        0.1100         3.0231         0.1100         0.0037         0.0155 
BAR-estimator:      0.30000        0.35000        0.0704         3.0936         0.0704         0.0031         0.0158 
BAR-estimator:      0.35000        0.40000        0.0340         3.1276         0.0340         0.0029         0.0161 
BAR-estimator:      0.40000        0.45000        0.0100         3.1376         0.0100         0.0027         0.0163 
BAR-estimator:      0.45000        0.50000       -0.0097         3.1280        -0.0097         0.0026         0.0165 
BAR-estimator:      0.50000        0.55000       -0.0924         3.0356        -0.0924         0.0028         0.0167 
BAR-estimator:      0.55000        0.60000       -0.1618         2.8738        -0.1618         0.0028         0.0170 
BAR-estimator:      0.60000        0.65000       -0.2070         2.6668        -0.2070         0.0028         0.0172 
BAR-estimator:      0.65000        0.70000       -0.2474         2.4194        -0.2474         0.0024         0.0174 
BAR-estimator:      0.70000        0.75000       -0.2705         2.1489        -0.2705         0.0026         0.0176 
BAR-estimator:      0.75000        0.80000       -0.2886         1.8603        -0.2886         0.0026         0.0177 
BAR-estimator:      0.80000        0.85000       -0.3072         1.5531        -0.3072         0.0027         0.0180 
BAR-estimator:      0.85000        0.90000       -0.3194         1.2337        -0.3194         0.0023         0.0181 
BAR-estimator:      0.90000        0.95000       -0.3285         0.9052        -0.3285         0.0025         0.0183 
BAR-estimator:      0.95000        1.00000       -0.3379         0.5674        -0.3379         0.0025         0.0184 
BAR-estimator: total free energy change is 0.5673667711259982 , total error is 0.01844405703242534
