#========================================================================================
#                     Free energy perturbation    
#----------------------------------------------------------------------------------------
#forward/backward          λ              ΔΔA                 ΔA                  δε   
#                                                 
#----------------------------------------------------------------------------------------
forward:               0.0000              0.0000              0.0000              0.0000  
forward:               0.0500              0.8487              0.8487              0.0137  
forward:               0.1000              0.4871              1.3358              0.0170  
forward:               0.1500              0.3064              1.6422              0.0184  
forward:               0.2000              0.2059              1.8481              0.0194  
forward:               0.2500              0.1511              1.9992              0.0201  
forward:               0.3000              0.1120              2.1112              0.0207  
forward:               0.3500              0.0852              2.1964              0.0211  
forward:               0.4000              0.0655              2.2619              0.0215  
forward:               0.4500              0.0468              2.3086              0.0219  
forward:               0.5000              0.0367              2.3454              0.0221  
forward:               0.5500             -0.0261              2.3192              0.0226  
forward:               0.6000             -0.1153              2.2039              0.0229  
forward:               0.6500             -0.1842              2.0197              0.0233  
forward:               0.7000             -0.2389              1.7808              0.0236  
forward:               0.7500             -0.2752              1.5056              0.0239  
forward:               0.8000             -0.3039              1.2017              0.0242  
forward:               0.8500             -0.3274              0.8743              0.0244  
forward:               0.9000             -0.3456              0.5286              0.0246  
forward:               0.9500             -0.3515              0.1771              0.0249  
forward:               1.0000             -0.3669             -0.1898              0.0252  
backward:              1.0000              0.0000             -0.1898              0.0000  
backward:              0.9500              0.3668              0.1770              0.0039  
backward:              0.9000              0.3503              0.5272              0.0056  
backward:              0.8500              0.3392              0.8665              0.0071  
backward:              0.8000              0.3200              1.1865              0.0082  
backward:              0.7500              0.3023              1.4888              0.0093  
backward:              0.7000              0.2800              1.7688              0.0102  
backward:              0.6500              0.2317              2.0005              0.0112  
backward:              0.6000              0.1816              2.1821              0.0121  
backward:              0.5500              0.1225              2.3047              0.0130  
backward:              0.5000              0.0263              2.3309              0.0142  
backward:              0.4500             -0.0398              2.2911              0.0147  
backward:              0.4000             -0.0486              2.2425              0.0154  
backward:              0.3500             -0.0686              2.1738              0.0162  
backward:              0.3000             -0.0925              2.0813              0.0173  
backward:              0.2500             -0.1110              1.9704              0.0180  
backward:              0.2000             -0.1527              1.8177              0.0188  
backward:              0.1500             -0.2148              1.6029              0.0204  
backward:              0.1000             -0.3061              1.2968              0.0229  
backward:              0.0500             -0.4899              0.8069              0.0259  
backward:              0.0000             -0.9597             -0.1528              0.0798  
Inaccuracy estimation
======================================================================================================
                   i        i+δi          P0_overlap_P1   δε(forward)/ε   δε(backward)/ε
======================================================================================================
inaccuracy:  0.00000        0.05000           51.23           -0.01            0.92
inaccuracy:  0.05000        0.10000           62.52           -0.00            0.42
inaccuracy:  0.10000        0.15000           69.65           -0.01            0.24
inaccuracy:  0.15000        0.20000           73.48           -0.01            0.16
inaccuracy:  0.20000        0.25000           76.05           -0.00            0.13
inaccuracy:  0.25000        0.30000           76.83           -0.01            0.10
inaccuracy:  0.30000        0.35000           78.52           -0.01            0.09
inaccuracy:  0.35000        0.40000           79.00           -0.00            0.09
inaccuracy:  0.40000        0.45000           79.18           -0.01            0.07
inaccuracy:  0.45000        0.50000           79.70           -0.01            0.07
inaccuracy:  0.50000        0.55000           74.91           -0.02            0.10
inaccuracy:  0.55000        0.60000           74.86           -0.03            0.07
inaccuracy:  0.60000        0.65000           76.88           -0.03            0.06
inaccuracy:  0.65000        0.70000           77.17           -0.03            0.06
inaccuracy:  0.70000        0.75000           76.44           -0.02            0.06
inaccuracy:  0.75000        0.80000           76.45           -0.03            0.06
inaccuracy:  0.80000        0.85000           77.26           -0.02            0.06
inaccuracy:  0.85000        0.90000           76.47           -0.03            0.06
inaccuracy:  0.90000        0.95000           76.22           -0.03            0.06
inaccuracy:  0.95000        1.00000           76.19           -0.03            0.06
===================================================================================================================================
                BAR        
-----------------------------------------------------------------------------------------------------------------------------------
BAR-estimator:         λ             λ+δλ          ΔΔA             ΔA            C               Δδe            δe       
                          
-----------------------------------------------------------------------------------------------------------------------------------
BAR-estimator:      0.00000        0.05000        0.8521         0.8521         0.8521         0.0086         0.0086 
BAR-estimator:      0.05000        0.10000        0.4921         1.3442         0.4921         0.0066         0.0108 
BAR-estimator:      0.10000        0.15000        0.3090         1.6532         0.3090         0.0048         0.0118 
BAR-estimator:      0.15000        0.20000        0.2086         1.8618         0.2086         0.0041         0.0125 
BAR-estimator:      0.20000        0.25000        0.1543         2.0161         0.1543         0.0035         0.0130 
BAR-estimator:      0.25000        0.30000        0.1113         2.1274         0.1113         0.0035         0.0134 
BAR-estimator:      0.30000        0.35000        0.0861         2.2136         0.0861         0.0028         0.0137 
BAR-estimator:      0.35000        0.40000        0.0679         2.2815         0.0679         0.0033         0.0141 
BAR-estimator:      0.40000        0.45000        0.0469         2.3284         0.0469         0.0032         0.0145 
BAR-estimator:      0.45000        0.50000        0.0383         2.3666         0.0383         0.0024         0.0147 
BAR-estimator:      0.50000        0.55000       -0.0264         2.3402        -0.0264         0.0030         0.0150 
BAR-estimator:      0.55000        0.60000       -0.1204         2.2198        -0.1204         0.0029         0.0153 
BAR-estimator:      0.60000        0.65000       -0.1828         2.0370        -0.1828         0.0030         0.0156 
BAR-estimator:      0.65000        0.70000       -0.2370         1.8000        -0.2370         0.0027         0.0158 
BAR-estimator:      0.70000        0.75000       -0.2752         1.5248        -0.2752         0.0027         0.0160 
BAR-estimator:      0.75000        0.80000       -0.3045         1.2203        -0.3045         0.0029         0.0163 
BAR-estimator:      0.80000        0.85000       -0.3244         0.8959        -0.3244         0.0026         0.0165 
BAR-estimator:      0.85000        0.90000       -0.3439         0.5520        -0.3439         0.0027         0.0167 
BAR-estimator:      0.90000        0.95000       -0.3515         0.2005        -0.3515         0.0029         0.0170 
BAR-estimator:      0.95000        1.00000       -0.3662        -0.1657        -0.3662         0.0025         0.0172 
BAR-estimator: total free energy change is -0.1656609355432616 , total error is 0.017169502207442282
