2025-04-09 03:30:05,718 -   censo.qm_processor   -   INFO   - worker236138:Running sp calculation in /home/michael/Documents/CHEM4561/automated/1794/0_PRESCREENING/CONF1/sp.
2025-04-09 03:30:05,719 -   censo.qm_processor   -   INFO   - worker236137:Running sp calculation in /home/michael/Documents/CHEM4561/automated/1794/0_PRESCREENING/CONF2/sp.
2025-04-09 03:30:05,719 -   censo.qm_processor   -   INFO   - worker236140:Running sp calculation in /home/michael/Documents/CHEM4561/automated/1794/0_PRESCREENING/CONF3/sp.
2025-04-09 03:30:05,720 -   censo.qm_processor   -   INFO   - worker236142:Running sp calculation in /home/michael/Documents/CHEM4561/automated/1794/0_PRESCREENING/CONF4/sp.
2025-04-09 03:30:06,459 -     censo.parallel     -   INFO   - All jobs executed successfully.
2025-04-09 03:30:06,478 -   censo.qm_processor   -   INFO   - worker236263:Running sp calculation in /home/michael/Documents/CHEM4561/automated/1794/1_SCREENING/CONF1/sp.
2025-04-09 03:30:06,478 -   censo.qm_processor   -   INFO   - worker236264:Running sp calculation in /home/michael/Documents/CHEM4561/automated/1794/1_SCREENING/CONF3/sp.
2025-04-09 03:30:06,478 -   censo.qm_processor   -   INFO   - worker236266:Running sp calculation in /home/michael/Documents/CHEM4561/automated/1794/1_SCREENING/CONF2/sp.
2025-04-09 03:30:06,479 -   censo.qm_processor   -   INFO   - worker236268:Running sp calculation in /home/michael/Documents/CHEM4561/automated/1794/1_SCREENING/CONF4/sp.
2025-04-09 03:30:09,482 -     censo.parallel     -   INFO   - All jobs executed successfully.
2025-04-09 03:30:09,500 -   censo.qm_processor   -   INFO   - worker236391:Running xtb_opt calculation in /home/michael/Documents/CHEM4561/automated/1794/2_OPTIMIZATION/CONF3/xtb_opt.
2025-04-09 03:30:09,500 -   censo.qm_processor   -   INFO   - worker236392:Running xtb_opt calculation in /home/michael/Documents/CHEM4561/automated/1794/2_OPTIMIZATION/CONF1/xtb_opt.
2025-04-09 03:30:09,501 -   censo.qm_processor   -   INFO   - worker236394:Running xtb_opt calculation in /home/michael/Documents/CHEM4561/automated/1794/2_OPTIMIZATION/CONF2/xtb_opt.
2025-04-09 03:30:09,502 -   censo.qm_processor   -   INFO   - worker236397:Running xtb_opt calculation in /home/michael/Documents/CHEM4561/automated/1794/2_OPTIMIZATION/CONF4/xtb_opt.
2025-04-09 03:30:27,194 -     censo.parallel     -   INFO   - All jobs executed successfully.
2025-04-09 03:30:27,210 -   censo.qm_processor   -   INFO   - worker236841:Running xtb_rrho calculation in /home/michael/Documents/CHEM4561/automated/1794/2_OPTIMIZATION/CONF3/xtb_rrho.
2025-04-09 03:30:27,211 -   censo.qm_processor   -   INFO   - worker236842:Running xtb_rrho calculation in /home/michael/Documents/CHEM4561/automated/1794/2_OPTIMIZATION/CONF1/xtb_rrho.
2025-04-09 03:30:27,211 -   censo.qm_processor   -   INFO   - worker236843:Running xtb_rrho calculation in /home/michael/Documents/CHEM4561/automated/1794/2_OPTIMIZATION/CONF2/xtb_rrho.
2025-04-09 03:30:27,211 -   censo.qm_processor   -   INFO   - worker236847:Running xtb_rrho calculation in /home/michael/Documents/CHEM4561/automated/1794/2_OPTIMIZATION/CONF4/xtb_rrho.
2025-04-09 03:30:27,610 -     censo.parallel     -   INFO   - All jobs executed successfully.
2025-04-09 03:30:27,610 -censo.ensembleopt.optimization-   INFO   - Threshold: 1.50 kcal/mol
2025-04-09 03:30:27,628 -   censo.qm_processor   -   INFO   - worker236961:Running xtb_rrho calculation in /home/michael/Documents/CHEM4561/automated/1794/2_OPTIMIZATION/CONF3/xtb_rrho.
2025-04-09 03:30:27,629 -   censo.qm_processor   -   INFO   - worker236962:Running xtb_rrho calculation in /home/michael/Documents/CHEM4561/automated/1794/2_OPTIMIZATION/CONF1/xtb_rrho.
2025-04-09 03:30:27,629 -   censo.qm_processor   -   INFO   - worker236964:Running xtb_rrho calculation in /home/michael/Documents/CHEM4561/automated/1794/2_OPTIMIZATION/CONF2/xtb_rrho.
2025-04-09 03:30:27,629 -   censo.qm_processor   -   INFO   - worker236966:Running xtb_rrho calculation in /home/michael/Documents/CHEM4561/automated/1794/2_OPTIMIZATION/CONF4/xtb_rrho.
2025-04-09 03:30:27,756 -     censo.parallel     -   INFO   - All jobs executed successfully.
2025-04-09 03:30:27,776 -   censo.qm_processor   -   INFO   - worker237059:Running sp calculation in /home/michael/Documents/CHEM4561/automated/1794/3_REFINEMENT/CONF3/sp.
2025-04-09 03:30:27,776 -   censo.qm_processor   -   INFO   - worker237060:Running sp calculation in /home/michael/Documents/CHEM4561/automated/1794/3_REFINEMENT/CONF1/sp.
2025-04-09 03:30:27,776 -   censo.qm_processor   -   INFO   - worker237101:Running sp calculation in /home/michael/Documents/CHEM4561/automated/1794/3_REFINEMENT/CONF2/sp.
2025-04-09 03:30:27,778 -   censo.qm_processor   -   INFO   - worker237065:Running sp calculation in /home/michael/Documents/CHEM4561/automated/1794/3_REFINEMENT/CONF4/sp.
2025-04-09 03:30:41,328 -     censo.parallel     -   INFO   - All jobs executed successfully.
