#========================================================================================
#                     Free energy perturbation    
#----------------------------------------------------------------------------------------
#forward/backward          λ              ΔΔA                 ΔA                  δε   
#                                                 
#----------------------------------------------------------------------------------------
forward:               0.0000              0.0000              0.0000              0.0000  
forward:               0.0500              1.3403              1.3403              0.0169  
forward:               0.1000              0.7351              2.0754              0.0214  
forward:               0.1500              0.3513              2.4267              0.0234  
forward:               0.2000              0.1518              2.5785              0.0243  
forward:               0.2500              0.0557              2.6342              0.0249  
forward:               0.3000             -0.0176              2.6166              0.0253  
forward:               0.3500             -0.0632              2.5534              0.0256  
forward:               0.4000             -0.1009              2.4525              0.0259  
forward:               0.4500             -0.1286              2.3239              0.0262  
forward:               0.5000             -0.1472              2.1767              0.0263  
forward:               0.5500             -0.4935              1.6832              0.0272  
forward:               0.6000             -1.0090              0.6742              0.0283  
forward:               0.6500             -1.4852             -0.8110              0.0293  
forward:               0.7000             -1.8640             -2.6750              0.0304  
forward:               0.7500             -2.1021             -4.7771              0.0314  
forward:               0.8000             -2.2184             -6.9955              0.0321  
forward:               0.8500             -2.2477             -9.2432              0.0328  
forward:               0.9000             -2.2513            -11.4945              0.0332  
forward:               0.9500             -2.1986            -13.6931              0.0337  
forward:               1.0000             -2.1649            -15.8581              0.0341  
backward:              1.0000              0.0000            -15.8581              0.0000  
backward:              0.9500              2.1688            -13.6893              0.0093  
backward:              0.9000              2.2108            -11.4786              0.0136  
backward:              0.8500              2.2421             -9.2364              0.0155  
backward:              0.8000              2.2477             -6.9887              0.0178  
backward:              0.7500              2.2194             -4.7693              0.0191  
backward:              0.7000              2.0932             -2.6761              0.0209  
backward:              0.6500              1.8551             -0.8210              0.0226  
backward:              0.6000              1.4659              0.6449              0.0241  
backward:              0.5500              1.0034              1.6483              0.0261  
backward:              0.5000              0.4973              2.1456              0.0271  
backward:              0.4500              0.1507              2.2962              0.0276  
backward:              0.4000              0.1302              2.4264              0.0280  
backward:              0.3500              0.0946              2.5210              0.0284  
backward:              0.3000              0.0590              2.5801              0.0287  
backward:              0.2500              0.0251              2.6051              0.0291  
backward:              0.2000             -0.0624              2.5428              0.0299  
backward:              0.1500             -0.1573              2.3855              0.0312  
backward:              0.1000             -0.3273              2.0582              0.0336  
backward:              0.0500             -0.6808              1.3774              0.0376  
backward:              0.0000             -1.4198             -0.0424              0.0545  
Inaccuracy estimation
======================================================================================================
                   i        i+δi          P0_overlap_P1   δε(forward)/ε   δε(backward)/ε
======================================================================================================
inaccuracy:  0.00000        0.05000           39.51           -0.04            1.33
inaccuracy:  0.05000        0.10000           48.62           -0.04            0.91
inaccuracy:  0.10000        0.15000           58.88           -0.02            0.44
inaccuracy:  0.15000        0.20000           67.54           -0.01            0.24
inaccuracy:  0.20000        0.25000           70.50           -0.01            0.17
inaccuracy:  0.25000        0.30000           73.09           -0.02            0.13
inaccuracy:  0.30000        0.35000           74.64           -0.01            0.11
inaccuracy:  0.35000        0.40000           75.40           -0.01            0.09
inaccuracy:  0.40000        0.45000           76.36           -0.01            0.08
inaccuracy:  0.45000        0.50000           76.81           -0.02            0.08
inaccuracy:  0.50000        0.55000           57.52           -0.21            0.17
inaccuracy:  0.55000        0.60000           58.46           -0.29            0.07
inaccuracy:  0.60000        0.65000           58.89           -0.32            0.01
inaccuracy:  0.65000        0.70000           58.36           -0.34           -0.04
inaccuracy:  0.70000        0.75000           60.17           -0.35           -0.07
inaccuracy:  0.75000        0.80000           59.95           -0.28           -0.09
inaccuracy:  0.80000        0.85000           59.37           -0.31           -0.09
inaccuracy:  0.85000        0.90000           58.77           -0.31           -0.08
inaccuracy:  0.90000        0.95000           55.94           -0.32           -0.06
inaccuracy:  0.95000        1.00000           56.10           -0.28           -0.05
===================================================================================================================================
                BAR        
-----------------------------------------------------------------------------------------------------------------------------------
BAR-estimator:         λ             λ+δλ          ΔΔA             ΔA            C               Δδe            δe       
                          
-----------------------------------------------------------------------------------------------------------------------------------
BAR-estimator:      0.00000        0.05000        1.3533         1.3533         1.3533         0.0099         0.0099 
BAR-estimator:      0.05000        0.10000        0.7240         2.0773         0.7240         0.0081         0.0128 
BAR-estimator:      0.10000        0.15000        0.3421         2.4194         0.3421         0.0068         0.0144 
BAR-estimator:      0.15000        0.20000        0.1544         2.5738         0.1544         0.0046         0.0151 
BAR-estimator:      0.20000        0.25000        0.0571         2.6310         0.0571         0.0037         0.0156 
BAR-estimator:      0.25000        0.30000       -0.0185         2.6124        -0.0185         0.0031         0.0159 
BAR-estimator:      0.30000        0.35000       -0.0619         2.5506        -0.0619         0.0030         0.0162 
BAR-estimator:      0.35000        0.40000       -0.0993         2.4513        -0.0993         0.0028         0.0164 
BAR-estimator:      0.40000        0.45000       -0.1295         2.3218        -0.1295         0.0027         0.0167 
BAR-estimator:      0.45000        0.50000       -0.1479         2.1739        -0.1479         0.0023         0.0168 
BAR-estimator:      0.50000        0.55000       -0.4947         1.6792        -0.4947         0.0047         0.0175 
BAR-estimator:      0.55000        0.60000       -1.0116         0.6676        -1.0116         0.0040         0.0179 
BAR-estimator:      0.60000        0.65000       -1.4830        -0.8154        -1.4830         0.0044         0.0185 
BAR-estimator:      0.65000        0.70000       -1.8633        -2.6787        -1.8633         0.0050         0.0191 
BAR-estimator:      0.70000        0.75000       -2.1004        -4.7791        -2.1004         0.0045         0.0196 
BAR-estimator:      0.75000        0.80000       -2.2139        -6.9931        -2.2139         0.0045         0.0201 
BAR-estimator:      0.80000        0.85000       -2.2477        -9.2408        -2.2477         0.0045         0.0206 
BAR-estimator:      0.85000        0.90000       -2.2420       -11.4828        -2.2420         0.0037         0.0210 
BAR-estimator:      0.90000        0.95000       -2.2051       -13.6879        -2.2051         0.0049         0.0215 
BAR-estimator:      0.95000        1.00000       -2.1644       -15.8523        -2.1644         0.0044         0.0220 
BAR-estimator: total free energy change is -15.852313694397623 , total error is 0.02198154099888878
