3
 energy: -399.362432540874 gnorm: 0.017494673721 xtb: 6.7.1 (41059b4)
S           -0.00000002900000       -0.05433833762408       -0.00000000000000
H           -0.95750458742430        0.86421668678296        0.00000000020000
H            0.95750551022430        0.86421580158296        0.00000000040000
3
 energy: -399.362682269981 gnorm: 0.005679449829 xtb: 6.7.1 (41059b4)
S           -0.00000000475743       -0.05747131878820       -0.00000000000099
H           -0.96885290097023        0.86578319011521       -0.00000000190959
H            0.96885380663861        0.86578227496308        0.00000000040170
3
 energy: -399.362711282391 gnorm: 0.000211997570 xtb: 6.7.1 (41059b4)
S            0.00000000243153       -0.06244550522842       -0.00000000000263
H           -0.96878826573330        0.86827028903099       -0.00000000134364
H            0.96878916229983        0.86826936352534        0.00000000040250
3
 energy: -399.362711441690 gnorm: 0.000140502291 xtb: 6.7.1 (41059b4)
S            0.00000000361185       -0.06161448278553       -0.00000000000235
H           -0.97025887368122        0.86785477796261       -0.00000000175428
H            0.97025977045290        0.86785385132306        0.00000000040252
3
 energy: -399.362711441690 gnorm: 0.000140502291 xtb: 6.7.1 (41059b4)
S            0.00000000361185       -0.06161448278553       -0.00000000000235
H           -0.97025887368122        0.86785477796261       -0.00000000175428
H            0.97025977045290        0.86785385132306        0.00000000040252
