2025-04-09 04:20:53,297 -   censo.qm_processor   -   INFO   - worker257914:Running sp calculation in /home/michael/Documents/CHEM4561/automated/1802/0_PRESCREENING/CONF1/sp.
2025-04-09 04:20:54,067 -     censo.parallel     -   INFO   - All jobs executed successfully.
2025-04-09 04:20:54,086 -   censo.qm_processor   -   INFO   - worker258020:Running sp calculation in /home/michael/Documents/CHEM4561/automated/1802/1_SCREENING/CONF1/sp.
2025-04-09 04:20:56,765 -     censo.parallel     -   INFO   - All jobs executed successfully.
2025-04-09 04:20:56,783 -   censo.qm_processor   -   INFO   - worker258124:Running xtb_opt calculation in /home/michael/Documents/CHEM4561/automated/1802/2_OPTIMIZATION/CONF1/xtb_opt.
2025-04-09 04:21:09,873 -     censo.parallel     -   INFO   - All jobs executed successfully.
2025-04-09 04:21:09,889 -   censo.qm_processor   -   INFO   - worker258377:Running xtb_rrho calculation in /home/michael/Documents/CHEM4561/automated/1802/2_OPTIMIZATION/CONF1/xtb_rrho.
2025-04-09 04:21:09,997 -     censo.parallel     -   INFO   - All jobs executed successfully.
2025-04-09 04:21:10,017 -   censo.qm_processor   -   INFO   - worker258472:Running sp calculation in /home/michael/Documents/CHEM4561/automated/1802/3_REFINEMENT/CONF1/sp.
2025-04-09 04:21:26,108 -     censo.parallel     -   INFO   - All jobs executed successfully.
2025-04-09 04:21:26,191 -   censo.qm_processor   -   INFO   - worker258613:Running sp calculation in /home/michael/Documents/CHEM4561/automated/1802/0_PRESCREENING/CONF1/sp.
2025-04-09 04:21:26,622 -     censo.parallel     -   INFO   - All jobs executed successfully.
2025-04-09 04:21:26,639 -   censo.qm_processor   -   INFO   - worker258714:Running sp calculation in /home/michael/Documents/CHEM4561/automated/1802/1_SCREENING/CONF1/sp.
2025-04-09 04:21:29,291 -     censo.parallel     -   INFO   - All jobs executed successfully.
2025-04-09 04:21:29,308 -   censo.qm_processor   -   INFO   - worker258815:Running xtb_opt calculation in /home/michael/Documents/CHEM4561/automated/1802/2_OPTIMIZATION/CONF1/xtb_opt.
2025-04-09 04:21:42,535 -     censo.parallel     -   INFO   - All jobs executed successfully.
2025-04-09 04:21:42,553 -   censo.qm_processor   -   INFO   - worker259027:Running xtb_rrho calculation in /home/michael/Documents/CHEM4561/automated/1802/2_OPTIMIZATION/CONF1/xtb_rrho.
2025-04-09 04:21:42,664 -     censo.parallel     -   INFO   - All jobs executed successfully.
2025-04-09 04:21:42,683 -   censo.qm_processor   -   INFO   - worker259121:Running sp calculation in /home/michael/Documents/CHEM4561/automated/1802/3_REFINEMENT/CONF1/sp.
2025-04-09 04:21:58,717 -     censo.parallel     -   INFO   - All jobs executed successfully.
