#========================================================================================
#                     Free energy perturbation    
#----------------------------------------------------------------------------------------
#forward/backward          λ              ΔΔA                 ΔA                  δε   
#                                                 
#----------------------------------------------------------------------------------------
forward:               0.0000              0.0000              0.0000              0.0000  
forward:               0.0500              1.5682              1.5682              0.0201  
forward:               0.1000              0.8842              2.4525              0.0254  
forward:               0.1500              0.4574              2.9098              0.0273  
forward:               0.2000              0.2295              3.1393              0.0285  
forward:               0.2500              0.1362              3.2755              0.0291  
forward:               0.3000              0.0716              3.3471              0.0297  
forward:               0.3500              0.0202              3.3673              0.0301  
forward:               0.4000             -0.0155              3.3518              0.0304  
forward:               0.4500             -0.0481              3.3036              0.0307  
forward:               0.5000             -0.0596              3.2440              0.0309  
forward:               0.5500             -0.1886              3.0554              0.0314  
forward:               0.6000             -0.4177              2.6377              0.0319  
forward:               0.6500             -0.6138              2.0239              0.0325  
forward:               0.7000             -0.7950              1.2289              0.0332  
forward:               0.7500             -0.9183              0.3106              0.0339  
forward:               0.8000             -0.9719             -0.6613              0.0342  
forward:               0.8500             -0.9858             -1.6471              0.0346  
forward:               0.9000             -0.9807             -2.6278              0.0349  
forward:               0.9500             -0.9604             -3.5882              0.0352  
forward:               1.0000             -0.9547             -4.5429              0.0354  
backward:              1.0000              0.0000             -4.5429              0.0000  
backward:              0.9500              0.9454             -3.5974              0.0067  
backward:              0.9000              0.9595             -2.6379              0.0091  
backward:              0.8500              0.9705             -1.6674              0.0114  
backward:              0.8000              0.9855             -0.6819              0.0122  
backward:              0.7500              0.9820              0.3001              0.0140  
backward:              0.7000              0.9130              1.2131              0.0158  
backward:              0.6500              0.7944              2.0075              0.0177  
backward:              0.6000              0.6059              2.6134              0.0194  
backward:              0.5500              0.4089              3.0223              0.0202  
backward:              0.5000              0.1920              3.2143              0.0211  
backward:              0.4500              0.0540              3.2683              0.0217  
backward:              0.4000              0.0347              3.3030              0.0225  
backward:              0.3500              0.0027              3.3057              0.0234  
backward:              0.3000             -0.0129              3.2928              0.0240  
backward:              0.2500             -0.0595              3.2332              0.0248  
backward:              0.2000             -0.1308              3.1025              0.0259  
backward:              0.1500             -0.2640              2.8384              0.0281  
backward:              0.1000             -0.4525              2.3859              0.0315  
backward:              0.0500             -0.8766              1.5093              0.0399  
backward:              0.0000             -1.5425             -0.0332              0.0467  
Inaccuracy estimation
======================================================================================================
                   i        i+δi          P0_overlap_P1   δε(forward)/ε   δε(backward)/ε
======================================================================================================
inaccuracy:  0.00000        0.05000           37.29           -0.03            1.59
inaccuracy:  0.05000        0.10000           46.99           -0.03            1.04
inaccuracy:  0.10000        0.15000           57.78           -0.02            0.50
inaccuracy:  0.15000        0.20000           66.69           -0.01            0.26
inaccuracy:  0.20000        0.25000           68.44           -0.01            0.20
inaccuracy:  0.25000        0.30000           70.36           -0.02            0.16
inaccuracy:  0.30000        0.35000           72.66           -0.02            0.13
inaccuracy:  0.35000        0.40000           74.38           -0.01            0.11
inaccuracy:  0.40000        0.45000           75.02           -0.01            0.10
inaccuracy:  0.45000        0.50000           75.02           -0.01            0.10
inaccuracy:  0.50000        0.55000           66.02           -0.08            0.14
inaccuracy:  0.55000        0.60000           67.18           -0.10            0.10
inaccuracy:  0.60000        0.65000           67.22           -0.12            0.07
inaccuracy:  0.65000        0.70000           66.69           -0.12            0.06
inaccuracy:  0.70000        0.75000           66.96           -0.11            0.05
inaccuracy:  0.75000        0.80000           66.28           -0.11            0.05
inaccuracy:  0.80000        0.85000           67.12           -0.11            0.05
inaccuracy:  0.85000        0.90000           66.92           -0.11            0.06
inaccuracy:  0.90000        0.95000           65.57           -0.09            0.06
inaccuracy:  0.95000        1.00000           66.22           -0.10            0.07
===================================================================================================================================
                BAR        
-----------------------------------------------------------------------------------------------------------------------------------
BAR-estimator:         λ             λ+δλ          ΔΔA             ΔA            C               Δδe            δe       
                          
-----------------------------------------------------------------------------------------------------------------------------------
BAR-estimator:      0.00000        0.05000        1.5702         1.5702         1.5702         0.0095         0.0095 
BAR-estimator:      0.05000        0.10000        0.8871         2.4573         0.8871         0.0092         0.0132 
BAR-estimator:      0.10000        0.15000        0.4616         2.9189         0.4616         0.0066         0.0148 
BAR-estimator:      0.15000        0.20000        0.2399         3.1589         0.2399         0.0050         0.0156 
BAR-estimator:      0.20000        0.25000        0.1332         3.2921         0.1332         0.0048         0.0163 
BAR-estimator:      0.25000        0.30000        0.0673         3.3593         0.0673         0.0041         0.0168 
BAR-estimator:      0.30000        0.35000        0.0174         3.3767         0.0174         0.0041         0.0173 
BAR-estimator:      0.35000        0.40000       -0.0113         3.3654        -0.0113         0.0034         0.0176 
BAR-estimator:      0.40000        0.45000       -0.0460         3.3195        -0.0460         0.0028         0.0179 
BAR-estimator:      0.45000        0.50000       -0.0572         3.2623        -0.0572         0.0028         0.0181 
BAR-estimator:      0.50000        0.55000       -0.1912         3.0711        -0.1912         0.0036         0.0184 
BAR-estimator:      0.55000        0.60000       -0.4148         2.6564        -0.4148         0.0036         0.0188 
BAR-estimator:      0.60000        0.65000       -0.6118         2.0446        -0.6118         0.0036         0.0191 
BAR-estimator:      0.65000        0.70000       -0.7907         1.2539        -0.7907         0.0041         0.0196 
BAR-estimator:      0.70000        0.75000       -0.9164         0.3375        -0.9164         0.0036         0.0199 
BAR-estimator:      0.75000        0.80000       -0.9765        -0.6390        -0.9765         0.0034         0.0202 
BAR-estimator:      0.80000        0.85000       -0.9860        -1.6250        -0.9860         0.0038         0.0205 
BAR-estimator:      0.85000        0.90000       -0.9779        -2.6028        -0.9779         0.0038         0.0209 
BAR-estimator:      0.90000        0.95000       -0.9642        -3.5670        -0.9642         0.0039         0.0213 
BAR-estimator:      0.95000        1.00000       -0.9506        -4.5177        -0.9506         0.0036         0.0215 
BAR-estimator: total free energy change is -4.517674223173149 , total error is 0.02154823406421432
