#========================================================================================
#                     Free energy perturbation    
#----------------------------------------------------------------------------------------
#forward/backward          λ              ΔΔA                 ΔA                  δε   
#                                                 
#----------------------------------------------------------------------------------------
forward:               0.0000              0.0000              0.0000              0.0000  
forward:               0.0500              2.2068              2.2068              0.0381  
forward:               0.1000              1.0846              3.2914              0.0428  
forward:               0.1500              0.5266              3.8180              0.0446  
forward:               0.2000              0.2514              4.0694              0.0453  
forward:               0.2500              0.1018              4.1711              0.0459  
forward:               0.3000              0.0265              4.1976              0.0462  
forward:               0.3500             -0.0292              4.1684              0.0464  
forward:               0.4000             -0.0693              4.0991              0.0466  
forward:               0.4500             -0.1022              3.9969              0.0468  
forward:               0.5000             -0.1284              3.8686              0.0470  
forward:               0.5500             -0.1810              3.6875              0.0472  
forward:               0.6000             -0.2401              3.4475              0.0473  
forward:               0.6500             -0.2778              3.1696              0.0474  
forward:               0.7000             -0.3132              2.8564              0.0475  
forward:               0.7500             -0.3372              2.5192              0.0476  
forward:               0.8000             -0.3486              2.1706              0.0477  
forward:               0.8500             -0.3674              1.8032              0.0478  
forward:               0.9000             -0.3822              1.4209              0.0479  
forward:               0.9500             -0.3895              1.0314              0.0480  
forward:               1.0000             -0.4013              0.6301              0.0481  
backward:              1.0000              0.0000              0.6301              0.0000  
backward:              0.9500              0.3958              1.0259              0.0041  
backward:              0.9000              0.3907              1.4166              0.0055  
backward:              0.8500              0.3814              1.7979              0.0065  
backward:              0.8000              0.3679              2.1658              0.0073  
backward:              0.7500              0.3439              2.5097              0.0082  
backward:              0.7000              0.3253              2.8350              0.0090  
backward:              0.6500              0.3091              3.1441              0.0099  
backward:              0.6000              0.2746              3.4187              0.0108  
backward:              0.5500              0.2338              3.6525              0.0118  
backward:              0.5000              0.1837              3.8362              0.0126  
backward:              0.4500              0.1289              3.9651              0.0138  
backward:              0.4000              0.0925              4.0576              0.0147  
backward:              0.3500              0.0707              4.1283              0.0154  
backward:              0.3000              0.0262              4.1545              0.0165  
backward:              0.2500             -0.0298              4.1247              0.0175  
backward:              0.2000             -0.0961              4.0286              0.0189  
backward:              0.1500             -0.2412              3.7874              0.0215  
backward:              0.1000             -0.5069              3.2805              0.0344  
backward:              0.0500             -1.1353              2.1452              0.0489  
backward:              0.0000             -2.1228              0.0224              0.0661  
Inaccuracy estimation
======================================================================================================
                   i        i+δi          P0_overlap_P1   δε(forward)/ε   δε(backward)/ε
======================================================================================================
inaccuracy:  0.00000        0.05000           28.11            0.02            3.26
inaccuracy:  0.05000        0.10000           41.92           -0.05            1.34
inaccuracy:  0.10000        0.15000           54.13           -0.02            0.61
inaccuracy:  0.15000        0.20000           64.34           -0.02            0.30
inaccuracy:  0.20000        0.25000           69.41           -0.01            0.19
inaccuracy:  0.25000        0.30000           72.82           -0.02            0.14
inaccuracy:  0.30000        0.35000           74.59           -0.02            0.11
inaccuracy:  0.35000        0.40000           74.57           -0.01            0.09
inaccuracy:  0.40000        0.45000           76.68           -0.02            0.08
inaccuracy:  0.45000        0.50000           76.49           -0.02            0.07
inaccuracy:  0.50000        0.55000           74.25           -0.02            0.08
inaccuracy:  0.55000        0.60000           76.53           -0.02            0.07
inaccuracy:  0.60000        0.65000           76.68           -0.02            0.06
inaccuracy:  0.65000        0.70000           77.20           -0.02            0.05
inaccuracy:  0.70000        0.75000           78.51           -0.02            0.05
inaccuracy:  0.75000        0.80000           77.38           -0.03            0.05
inaccuracy:  0.80000        0.85000           77.00           -0.02            0.05
inaccuracy:  0.85000        0.90000           77.44           -0.03            0.05
inaccuracy:  0.90000        0.95000           76.45           -0.03            0.05
inaccuracy:  0.95000        1.00000           77.01           -0.03            0.05
===================================================================================================================================
                BAR        
-----------------------------------------------------------------------------------------------------------------------------------
BAR-estimator:         λ             λ+δλ          ΔΔA             ΔA            C               Δδe            δe       
                          
-----------------------------------------------------------------------------------------------------------------------------------
BAR-estimator:      0.00000        0.05000        2.2122         2.2122         2.2122         0.0139         0.0139 
BAR-estimator:      0.05000        0.10000        1.1037         3.3159         1.1037         0.0112         0.0178 
BAR-estimator:      0.10000        0.15000        0.5178         3.8338         0.5178         0.0081         0.0196 
BAR-estimator:      0.15000        0.20000        0.2464         4.0802         0.2464         0.0052         0.0202 
BAR-estimator:      0.20000        0.25000        0.1030         4.1832         0.1030         0.0041         0.0207 
BAR-estimator:      0.25000        0.30000        0.0282         4.2114         0.0282         0.0037         0.0210 
BAR-estimator:      0.30000        0.35000       -0.0283         4.1831        -0.0283         0.0030         0.0212 
BAR-estimator:      0.35000        0.40000       -0.0710         4.1121        -0.0710         0.0030         0.0214 
BAR-estimator:      0.40000        0.45000       -0.0997         4.0124        -0.0997         0.0031         0.0216 
BAR-estimator:      0.45000        0.50000       -0.1285         3.8839        -0.1285         0.0029         0.0218 
BAR-estimator:      0.50000        0.55000       -0.1833         3.7006        -0.1833         0.0029         0.0220 
BAR-estimator:      0.55000        0.60000       -0.2367         3.4639        -0.2367         0.0028         0.0222 
BAR-estimator:      0.60000        0.65000       -0.2758         3.1881        -0.2758         0.0024         0.0223 
BAR-estimator:      0.65000        0.70000       -0.3116         2.8765        -0.3116         0.0026         0.0225 
BAR-estimator:      0.70000        0.75000       -0.3325         2.5440        -0.3325         0.0024         0.0226 
BAR-estimator:      0.75000        0.80000       -0.3461         2.1979        -0.3461         0.0026         0.0227 
BAR-estimator:      0.80000        0.85000       -0.3676         1.8303        -0.3676         0.0022         0.0229 
BAR-estimator:      0.85000        0.90000       -0.3812         1.4491        -0.3812         0.0028         0.0230 
BAR-estimator:      0.90000        0.95000       -0.3919         1.0572        -0.3919         0.0028         0.0232 
BAR-estimator:      0.95000        1.00000       -0.4004         0.6568        -0.4004         0.0025         0.0233 
BAR-estimator: total free energy change is 0.656821009807713 , total error is 0.023323427981518242
