#========================================================================================
#                     Free energy perturbation    
#----------------------------------------------------------------------------------------
#forward/backward          λ              ΔΔA                 ΔA                  δε   
#                                                 
#----------------------------------------------------------------------------------------
forward:               0.0000              0.0000              0.0000              0.0000  
forward:               0.0500              1.1666              1.1666              0.0150  
forward:               0.1000              0.5701              1.7367              0.0186  
forward:               0.1500              0.3424              2.0791              0.0189  
forward:               0.2000              0.2091              2.2882              0.0190  
forward:               0.2500              0.1268              2.4150              0.0197  
forward:               0.3000              0.0852              2.5002              0.0200  
forward:               0.3500              0.0438              2.5441              0.0205  
forward:               0.4000              0.0148              2.5588              0.0208  
forward:               0.4500             -0.0029              2.5560              0.0211  
forward:               0.5000             -0.0146              2.5414              0.0214  
forward:               0.5500             -0.0577              2.4837              0.0217  
forward:               0.6000             -0.1313              2.3524              0.0220  
forward:               0.6500             -0.1917              2.1607              0.0222  
forward:               0.7000             -0.2443              1.9164              0.0224  
forward:               0.7500             -0.2870              1.6294              0.0226  
forward:               0.8000             -0.3259              1.3036              0.0228  
forward:               0.8500             -0.3550              0.9486              0.0230  
forward:               0.9000             -0.3879              0.5606              0.0232  
forward:               0.9500             -0.4086              0.1521              0.0234  
forward:               1.0000             -0.4255             -0.2735              0.0236  
backward:              1.0000              0.0000             -0.2735              0.0000  
backward:              0.9500              0.4315              0.1580              0.0032  
backward:              0.9000              0.4045              0.5625              0.0048  
backward:              0.8500              0.3823              0.9448              0.0060  
backward:              0.8000              0.3536              1.2984              0.0072  
backward:              0.7500              0.3193              1.6177              0.0080  
backward:              0.7000              0.2871              1.9049              0.0087  
backward:              0.6500              0.2421              2.1469              0.0096  
backward:              0.6000              0.1902              2.3371              0.0104  
backward:              0.5500              0.1368              2.4739              0.0112  
backward:              0.5000              0.0614              2.5354              0.0119  
backward:              0.4500              0.0100              2.5454              0.0126  
backward:              0.4000             -0.0055              2.5399              0.0133  
backward:              0.3500             -0.0155              2.5244              0.0140  
backward:              0.3000             -0.0520              2.4724              0.0151  
backward:              0.2500             -0.0828              2.3897              0.0162  
backward:              0.2000             -0.1295              2.2602              0.0173  
backward:              0.1500             -0.2140              2.0462              0.0194  
backward:              0.1000             -0.3354              1.7108              0.0215  
backward:              0.0500             -0.5350              1.1758              0.0251  
backward:              0.0000             -1.0375              0.1383              0.0318  
Inaccuracy estimation
======================================================================================================
                   i        i+δi          P0_overlap_P1   δε(forward)/ε   δε(backward)/ε
======================================================================================================
inaccuracy:  0.00000        0.05000           39.74           -0.02            2.20
inaccuracy:  0.05000        0.10000           56.83           -0.02            0.57
inaccuracy:  0.10000        0.15000           65.73           -0.00            0.29
inaccuracy:  0.15000        0.20000           71.15           -0.01            0.18
inaccuracy:  0.20000        0.25000           74.37           -0.01            0.13
inaccuracy:  0.25000        0.30000           76.45           -0.00            0.11
inaccuracy:  0.30000        0.35000           77.98           -0.01            0.09
inaccuracy:  0.35000        0.40000           78.52           -0.01            0.08
inaccuracy:  0.40000        0.45000           79.62           -0.01            0.07
inaccuracy:  0.45000        0.50000           79.48           -0.01            0.07
inaccuracy:  0.50000        0.55000           75.32           -0.03            0.08
inaccuracy:  0.55000        0.60000           75.72           -0.02            0.07
inaccuracy:  0.60000        0.65000           76.53           -0.03            0.06
inaccuracy:  0.65000        0.70000           77.28           -0.02            0.06
inaccuracy:  0.70000        0.75000           77.60           -0.03            0.05
inaccuracy:  0.75000        0.80000           77.89           -0.03            0.05
inaccuracy:  0.80000        0.85000           77.18           -0.03            0.05
inaccuracy:  0.85000        0.90000           78.48           -0.02            0.05
inaccuracy:  0.90000        0.95000           77.97           -0.03            0.05
inaccuracy:  0.95000        1.00000           77.03           -0.03            0.05
===================================================================================================================================
                BAR        
-----------------------------------------------------------------------------------------------------------------------------------
BAR-estimator:         λ             λ+δλ          ΔΔA             ΔA            C               Δδe            δe       
                          
-----------------------------------------------------------------------------------------------------------------------------------
BAR-estimator:      0.00000        0.05000        1.1650         1.1650         1.1650         0.0099         0.0099 
BAR-estimator:      0.05000        0.10000        0.5583         1.7233         0.5583         0.0070         0.0121 
BAR-estimator:      0.10000        0.15000        0.3383         2.0616         0.3383         0.0048         0.0131 
BAR-estimator:      0.15000        0.20000        0.2087         2.2703         0.2087         0.0038         0.0136 
BAR-estimator:      0.20000        0.25000        0.1272         2.3975         0.1272         0.0034         0.0140 
BAR-estimator:      0.25000        0.30000        0.0851         2.4826         0.0851         0.0029         0.0143 
BAR-estimator:      0.30000        0.35000        0.0474         2.5300         0.0474         0.0029         0.0146 
BAR-estimator:      0.35000        0.40000        0.0153         2.5453         0.0153         0.0025         0.0148 
BAR-estimator:      0.40000        0.45000        0.0013         2.5466         0.0013         0.0026         0.0150 
BAR-estimator:      0.45000        0.50000       -0.0129         2.5337        -0.0129         0.0024         0.0152 
BAR-estimator:      0.50000        0.55000       -0.0597         2.4740        -0.0597         0.0021         0.0154 
BAR-estimator:      0.55000        0.60000       -0.1334         2.3406        -0.1334         0.0027         0.0156 
BAR-estimator:      0.60000        0.65000       -0.1932         2.1474        -0.1932         0.0025         0.0158 
BAR-estimator:      0.65000        0.70000       -0.2441         1.9033        -0.2441         0.0024         0.0160 
BAR-estimator:      0.70000        0.75000       -0.2880         1.6153        -0.2880         0.0023         0.0161 
BAR-estimator:      0.75000        0.80000       -0.3236         1.2916        -0.3236         0.0028         0.0164 
BAR-estimator:      0.80000        0.85000       -0.3554         0.9363        -0.3554         0.0025         0.0166 
BAR-estimator:      0.85000        0.90000       -0.3847         0.5516        -0.3847         0.0025         0.0168 
BAR-estimator:      0.90000        0.95000       -0.4056         0.1460        -0.4056         0.0025         0.0169 
BAR-estimator:      0.95000        1.00000       -0.4277        -0.2817        -0.4277         0.0024         0.0171 
BAR-estimator: total free energy change is -0.2816799150537749 , total error is 0.017115803198361357
