#========================================================================================
#                     Free energy perturbation    
#----------------------------------------------------------------------------------------
#forward/backward          λ              ΔΔA                 ΔA                  δε   
#                                                 
#----------------------------------------------------------------------------------------
forward:               0.0000              0.0000              0.0000              0.0000  
forward:               0.0500              3.2226              3.2226              0.0459  
forward:               0.1000              1.6879              4.9105              0.0526  
forward:               0.1500              0.6976              5.6081              0.0551  
forward:               0.2000              0.2513              5.8593              0.0560  
forward:               0.2500              0.0355              5.8948              0.0566  
forward:               0.3000             -0.0809              5.8139              0.0570  
forward:               0.3500             -0.1682              5.6457              0.0573  
forward:               0.4000             -0.2272              5.4185              0.0574  
forward:               0.4500             -0.2701              5.1484              0.0576  
forward:               0.5000             -0.3144              4.8340              0.0578  
forward:               0.5500             -0.5920              4.2420              0.0583  
forward:               0.6000             -1.0667              3.1753              0.0587  
forward:               0.6500             -1.4820              1.6933              0.0592  
forward:               0.7000             -1.7892             -0.0959              0.0598  
forward:               0.7500             -1.9953             -2.0912              0.0603  
forward:               0.8000             -2.1014             -4.1926              0.0606  
forward:               0.8500             -2.1482             -6.3408              0.0610  
forward:               0.9000             -2.1109             -8.4517              0.0613  
forward:               0.9500             -2.0849            -10.5366              0.0616  
forward:               1.0000             -2.0444            -12.5809              0.0620  
backward:              1.0000              0.0000            -12.5809              0.0000  
backward:              0.9500              2.0506            -10.5303              0.0085  
backward:              0.9000              2.0899             -8.4404              0.0123  
backward:              0.8500              2.1152             -6.3252              0.0183  
backward:              0.8000              2.1240             -4.2012              0.0211  
backward:              0.7500              2.1085             -2.0927              0.0235  
backward:              0.7000              2.0168             -0.0759              0.0249  
backward:              0.6500              1.7698              1.6939              0.0265  
backward:              0.6000              1.4737              3.1676              0.0278  
backward:              0.5500              1.0774              4.2450              0.0295  
backward:              0.5000              0.6114              4.8564              0.0306  
backward:              0.4500              0.3162              5.1726              0.0312  
backward:              0.4000              0.2708              5.4434              0.0320  
backward:              0.3500              0.2227              5.6661              0.0329  
backward:              0.3000              0.1708              5.8369              0.0335  
backward:              0.2500              0.0871              5.9240              0.0349  
backward:              0.2000             -0.0328              5.8911              0.0365  
backward:              0.1500             -0.2548              5.6363              0.0398  
backward:              0.1000             -0.7501              4.8862              0.0491  
backward:              0.0500             -1.5909              3.2953              0.0624  
backward:              0.0000             -3.1061              0.1892              0.0819  
Inaccuracy estimation
======================================================================================================
                   i        i+δi          P0_overlap_P1   δε(forward)/ε   δε(backward)/ε
======================================================================================================
inaccuracy:  0.00000        0.05000           20.01            0.33            4.26
inaccuracy:  0.05000        0.10000           29.92           -0.10            2.44
inaccuracy:  0.10000        0.15000           45.98           -0.07            1.03
inaccuracy:  0.15000        0.20000           55.68           -0.04            0.51
inaccuracy:  0.20000        0.25000           60.92           -0.04            0.31
inaccuracy:  0.25000        0.30000           64.49           -0.04            0.24
inaccuracy:  0.30000        0.35000           67.17           -0.04            0.17
inaccuracy:  0.35000        0.40000           68.70           -0.03            0.14
inaccuracy:  0.40000        0.45000           68.84           -0.04            0.13
inaccuracy:  0.45000        0.50000           70.52           -0.03            0.12
inaccuracy:  0.50000        0.55000           55.06           -0.23            0.21
inaccuracy:  0.55000        0.60000           56.37           -0.27            0.09
inaccuracy:  0.60000        0.65000           57.69           -0.32            0.02
inaccuracy:  0.65000        0.70000           57.82           -0.33           -0.01
inaccuracy:  0.70000        0.75000           57.10           -0.34           -0.05
inaccuracy:  0.75000        0.80000           57.20           -0.33           -0.06
inaccuracy:  0.80000        0.85000           57.14           -0.30           -0.05
inaccuracy:  0.85000        0.90000           56.17           -0.32           -0.04
inaccuracy:  0.90000        0.95000           55.23           -0.32           -0.03
inaccuracy:  0.95000        1.00000           55.04           -0.31           -0.03
===================================================================================================================================
                BAR        
-----------------------------------------------------------------------------------------------------------------------------------
BAR-estimator:         λ             λ+δλ          ΔΔA             ΔA            C               Δδe            δe       
                          
-----------------------------------------------------------------------------------------------------------------------------------
BAR-estimator:      0.00000        0.05000        3.1724         3.1724         3.1724         0.0144         0.0144 
BAR-estimator:      0.05000        0.10000        1.6521         4.8245         1.6521         0.0129         0.0193 
BAR-estimator:      0.10000        0.15000        0.7061         5.5306         0.7061         0.0101         0.0218 
BAR-estimator:      0.15000        0.20000        0.2541         5.7846         0.2541         0.0067         0.0228 
BAR-estimator:      0.20000        0.25000        0.0339         5.8186         0.0339         0.0057         0.0235 
BAR-estimator:      0.25000        0.30000       -0.0828         5.7358        -0.0828         0.0051         0.0241 
BAR-estimator:      0.30000        0.35000       -0.1682         5.5676        -0.1682         0.0045         0.0245 
BAR-estimator:      0.35000        0.40000       -0.2242         5.3433        -0.2242         0.0037         0.0248 
BAR-estimator:      0.40000        0.45000       -0.2703         5.0731        -0.2703         0.0037         0.0251 
BAR-estimator:      0.45000        0.50000       -0.3119         4.7612        -0.3119         0.0033         0.0253 
BAR-estimator:      0.50000        0.55000       -0.5955         4.1656        -0.5955         0.0043         0.0256 
BAR-estimator:      0.55000        0.60000       -1.0716         3.0941        -1.0716         0.0047         0.0261 
BAR-estimator:      0.60000        0.65000       -1.4771         1.6170        -1.4771         0.0045         0.0265 
BAR-estimator:      0.65000        0.70000       -1.7831        -0.1661        -1.7831         0.0046         0.0269 
BAR-estimator:      0.70000        0.75000       -2.0027        -2.1688        -2.0027         0.0048         0.0273 
BAR-estimator:      0.75000        0.80000       -2.1103        -4.2792        -2.1103         0.0042         0.0276 
BAR-estimator:      0.80000        0.85000       -2.1383        -6.4175        -2.1383         0.0048         0.0280 
BAR-estimator:      0.85000        0.90000       -2.1162        -8.5337        -2.1162         0.0052         0.0285 
BAR-estimator:      0.90000        0.95000       -2.0843       -10.6179        -2.0843         0.0057         0.0291 
BAR-estimator:      0.95000        1.00000       -2.0422       -12.6601        -2.0422         0.0046         0.0294 
BAR-estimator: total free energy change is -12.660121325275528 , total error is 0.029438861556059598
