#========================================================================================
#                     Free energy perturbation    
#----------------------------------------------------------------------------------------
#forward/backward          λ              ΔΔA                 ΔA                  δε   
#                                                 
#----------------------------------------------------------------------------------------
forward:               0.0000              0.0000              0.0000              0.0000  
forward:               0.0500              0.2470              0.2470              0.0035  
forward:               0.1000              0.1947              0.4418              0.0047  
forward:               0.1500              0.1747              0.6165              0.0055  
forward:               0.2000              0.1547              0.7711              0.0062  
forward:               0.2500              0.1461              0.9172              0.0068  
forward:               0.3000              0.1347              1.0519              0.0073  
forward:               0.3500              0.1259              1.1778              0.0078  
forward:               0.4000              0.1213              1.2991              0.0081  
forward:               0.4500              0.1200              1.4191              0.0085  
forward:               0.5000              0.1119              1.5310              0.0091  
forward:               0.5500              0.1052              1.6362              0.0094  
forward:               0.6000              0.1020              1.7382              0.0098  
forward:               0.6500              0.0958              1.8340              0.0101  
forward:               0.7000              0.0884              1.9224              0.0104  
forward:               0.7500              0.0880              2.0104              0.0107  
forward:               0.8000              0.0878              2.0982              0.0110  
forward:               0.8500              0.0862              2.1845              0.0112  
forward:               0.9000              0.0873              2.2718              0.0115  
forward:               0.9500              0.0840              2.3558              0.0118  
forward:               1.0000              0.0850              2.4408              0.0120  
backward:              1.0000              0.0000              2.4408              0.0000  
backward:              0.9500             -0.0808              2.3599              0.0030  
backward:              0.9000             -0.0835              2.2764              0.0041  
backward:              0.8500             -0.0853              2.1911              0.0050  
backward:              0.8000             -0.0982              2.0929              0.0064  
backward:              0.7500             -0.0884              2.0046              0.0070  
backward:              0.7000             -0.0937              1.9108              0.0077  
backward:              0.6500             -0.0926              1.8182              0.0084  
backward:              0.6000             -0.0987              1.7195              0.0089  
backward:              0.5500             -0.0960              1.6235              0.0096  
backward:              0.5000             -0.1051              1.5185              0.0100  
backward:              0.4500             -0.1130              1.4054              0.0103  
backward:              0.4000             -0.1133              1.2922              0.0109  
backward:              0.3500             -0.1171              1.1751              0.0114  
backward:              0.3000             -0.1288              1.0463              0.0118  
backward:              0.2500             -0.1393              0.9070              0.0124  
backward:              0.2000             -0.1440              0.7631              0.0132  
backward:              0.1500             -0.1477              0.6154              0.0136  
backward:              0.1000             -0.1716              0.4438              0.0142  
backward:              0.0500             -0.1966              0.2472              0.0151  
backward:              0.0000             -0.2447              0.0025              0.0163  
Inaccuracy estimation
======================================================================================================
                   i        i+δi          P0_overlap_P1   δε(forward)/ε   δε(backward)/ε
======================================================================================================
inaccuracy:  0.00000        0.05000           75.48           -0.00            0.19
inaccuracy:  0.05000        0.10000           79.34           -0.00            0.12
inaccuracy:  0.10000        0.15000           80.52           -0.00            0.10
inaccuracy:  0.15000        0.20000           80.74           -0.00            0.08
inaccuracy:  0.20000        0.25000           81.89           -0.00            0.08
inaccuracy:  0.25000        0.30000           83.56           -0.00            0.07
inaccuracy:  0.30000        0.35000           82.70           -0.00            0.06
inaccuracy:  0.35000        0.40000           82.71           -0.00            0.06
inaccuracy:  0.40000        0.45000           82.06           -0.00            0.06
inaccuracy:  0.45000        0.50000           83.38           -0.00            0.05
inaccuracy:  0.50000        0.55000           83.93           -0.00            0.05
inaccuracy:  0.55000        0.60000           82.84           -0.00            0.05
inaccuracy:  0.60000        0.65000           84.45           -0.00            0.05
inaccuracy:  0.65000        0.70000           84.48           -0.00            0.05
inaccuracy:  0.70000        0.75000           84.66           -0.00            0.05
inaccuracy:  0.75000        0.80000           83.53           -0.00            0.05
inaccuracy:  0.80000        0.85000           84.89           -0.00            0.05
inaccuracy:  0.85000        0.90000           83.60           -0.00            0.05
inaccuracy:  0.90000        0.95000           83.16           -0.00            0.05
inaccuracy:  0.95000        1.00000           82.08           -0.00            0.05
===================================================================================================================================
                BAR        
-----------------------------------------------------------------------------------------------------------------------------------
BAR-estimator:         λ             λ+δλ          ΔΔA             ΔA            C               Δδe            δe       
                          
-----------------------------------------------------------------------------------------------------------------------------------
BAR-estimator:      0.00000        0.05000        0.2471         0.2471         0.2471         0.0022         0.0022 
BAR-estimator:      0.05000        0.10000        0.1959         0.4430         0.1959         0.0024         0.0032 
BAR-estimator:      0.10000        0.15000        0.1736         0.6166         0.1736         0.0023         0.0039 
BAR-estimator:      0.15000        0.20000        0.1520         0.7686         0.1520         0.0022         0.0045 
BAR-estimator:      0.20000        0.25000        0.1449         0.9135         0.1449         0.0021         0.0050 
BAR-estimator:      0.25000        0.30000        0.1366         1.0501         0.1366         0.0020         0.0054 
BAR-estimator:      0.30000        0.35000        0.1263         1.1765         0.1263         0.0019         0.0057 
BAR-estimator:      0.35000        0.40000        0.1197         1.2962         0.1197         0.0019         0.0060 
BAR-estimator:      0.40000        0.45000        0.1173         1.4134         0.1173         0.0016         0.0062 
BAR-estimator:      0.45000        0.50000        0.1118         1.5252         0.1118         0.0021         0.0066 
BAR-estimator:      0.50000        0.55000        0.1054         1.6305         0.1054         0.0019         0.0068 
BAR-estimator:      0.55000        0.60000        0.0999         1.7305         0.0999         0.0019         0.0071 
BAR-estimator:      0.60000        0.65000        0.0966         1.8271         0.0966         0.0019         0.0074 
BAR-estimator:      0.65000        0.70000        0.0900         1.9172         0.0900         0.0018         0.0076 
BAR-estimator:      0.70000        0.75000        0.0903         2.0075         0.0903         0.0019         0.0078 
BAR-estimator:      0.75000        0.80000        0.0880         2.0954         0.0880         0.0018         0.0080 
BAR-estimator:      0.80000        0.85000        0.0895         2.1849         0.0895         0.0018         0.0082 
BAR-estimator:      0.85000        0.90000        0.0871         2.2720         0.0871         0.0018         0.0084 
BAR-estimator:      0.90000        0.95000        0.0838         2.3558         0.0838         0.0018         0.0086 
BAR-estimator:      0.95000        1.00000        0.0824         2.4382         0.0824         0.0015         0.0087 
BAR-estimator: total free energy change is 2.4382081346276423 , total error is 0.00872734861784911
