11
 energy: -13.805591896559 gnorm: 0.015752833086 xtb: 6.7.1 (41059b4)
C           -2.11360212882351       -1.26766222233363       -0.14309282326943
C           -1.50351624638833        0.00000220788998        0.41572249250648
C           -2.11360422842493        1.26765164623651       -0.14312345028568
I            0.67527194001621       -0.00001481890460       -0.00680272496125
H           -1.64581643676358       -2.16356523650786        0.26976311266201
H           -3.18141090588827       -1.28643566983970        0.11316088122728
H           -2.02491800380674       -1.29914041967106       -1.23265905228899
H           -1.51681455706966        0.00001715341407        1.50677275139590
H           -2.02509557254389        1.29901172699344       -1.23270784738670
H           -1.64569484833208        2.16356664628730        0.26956634866726
H           -3.18136956826706        1.28652278836472        0.11330626787687
11
 energy: -13.805952369493 gnorm: 0.005653662079 xtb: 6.7.1 (41059b4)
C           -2.11060806259016       -1.25682255643251       -0.14086255532902
C           -1.48840690079110        0.00000117489353        0.42409903761621
C           -2.11060541979156        1.25681110206185       -0.14089486641247
I            0.65272312582584       -0.00001006937309       -0.03815122278285
H           -1.64673779040892       -2.14971141944880        0.27364811875893
H           -3.17425351662135       -1.27748769882737        0.10834999581737
H           -2.01520939221444       -1.28886971597543       -1.22580209536954
H           -1.54727703184242        0.00001742541991        1.51343772117845
H           -2.01535518701048        1.28874789931323       -1.22585092182131
H           -1.64662554466881        2.14971217725197        0.27346677278533
H           -3.17421483617844        1.27756548304587        0.10846597170266
11
 energy: -13.805922992381 gnorm: 0.006173002846 xtb: 6.7.1 (41059b4)
C           -2.11666476593797       -1.25580849062425       -0.14422705128933
C           -1.47772102082822        0.00000209793957        0.40668503281947
C           -2.11666145359594        1.25579840737629       -0.14426226901596
I            0.66453949032896       -0.00001636825034        0.00552116663043
H           -1.64931972871446       -2.14670223719008        0.26760466243596
H           -3.17454099614472       -1.27417946261764        0.11561782433923
H           -2.03004975222762       -1.29026406156569       -1.22772886787090
H           -1.52225331354303        0.00001887354245        1.49533150625582
H           -2.03016714740134        1.29015289211986       -1.22777664343793
H           -1.64922536699533        2.14670507313158        0.26743749166342
H           -3.17450650123217        1.27424707806741        0.11570310361355
11
 energy: -13.806040740381 gnorm: 0.001183949367 xtb: 6.7.1 (41059b4)
C           -2.11430413145480       -1.25879655354087       -0.14285771991348
C           -1.48529844361028        0.00000210102048        0.41533639167168
C           -2.11429949273445        1.25878629670665       -0.14289484324544
I            0.66564779292993       -0.00001643280589       -0.01409783483236
H           -1.64797852748860       -2.15144928789375        0.26893198977278
H           -3.17401675075680       -1.27694937092099        0.11327363237735
H           -2.02429219359843       -1.29044965720518       -1.22724277165413
H           -1.53575683665133        0.00001927037023        1.50462927959883
H           -2.02440189451675        1.29034215163768       -1.22729224833651
H           -1.64788675558350        2.15145121018896        0.26876941520628
H           -3.17398332282684        1.27701407437184        0.11335066549875
11
 energy: -13.806028398304 gnorm: 0.002266798374 xtb: 6.7.1 (41059b4)
C           -2.11301732274742       -1.25983090630887       -0.14322644926460
C           -1.48856316168909        0.00000119395930        0.41816063035735
C           -2.11300736597248        1.25981955200619       -0.14326782076449
I            0.65341528676037       -0.00001258717506       -0.01571939609811
H           -1.64456718112758       -2.15190624538185        0.26760067334500
H           -3.17237585957912       -1.27948691736337        0.11354244674122
H           -2.02287288566853       -1.28944390848704       -1.22777380777061
H           -1.53580063229540        0.00002005308693        1.50737192120726
H           -2.02295212072903        1.28934660325506       -1.22782495912099
H           -1.64448607378270        2.15190605616549        0.26745335602649
H           -3.17234323946087        1.27954090817237        0.11358936148524
11
 energy: -13.806043202797 gnorm: 0.000734607753 xtb: 6.7.1 (41059b4)
C           -2.11381270198389       -1.25920080865683       -0.14323977603515
C           -1.48670729628310        0.00000193337955        0.41706102364233
C           -2.11380354853045        1.25919030068631       -0.14328186586420
I            0.65887488705343       -0.00001690530549       -0.01407775742338
H           -1.64546642307111       -2.15132568005827        0.26736725850092
H           -3.17295599339163       -1.27854793080044        0.11397534554885
H           -2.02396059690883       -1.28904455204185       -1.22767740567390
H           -1.53638860655211        0.00002095181441        1.50626896383506
H           -2.02403405148512        1.28895034362636       -1.22772863613673
H           -1.64539050113671        2.15132661517251        0.26722359436993
H           -3.17292572400233        1.27859953411291        0.11401521138002
11
 energy: -13.806044760164 gnorm: 0.000383347362 xtb: 6.7.1 (41059b4)
C           -2.11428196225489       -1.25905887564372       -0.14328297600051
C           -1.48581093208826        0.00000134008837        0.41631477979539
C           -2.11426849938158        1.25904769138892       -0.14332876166372
I            0.66316106235225       -0.00001488900103       -0.01193557147606
H           -1.64559682876702       -2.15141800270077        0.26640358936675
H           -3.17319227822764       -1.27863174497638        0.11476035681235
H           -2.02532886393885       -1.28838395905645       -1.22775192260664
H           -1.53718248168987        0.00002195573505        1.50548387677532
H           -2.02537514066601        1.28829880762593       -1.22780454891926
H           -1.64553122379915        2.15141789378648        0.26627365088396
H           -3.17316340783082        1.27867358468276        0.11477348317616
11
 energy: -13.806045276067 gnorm: 0.000038543064 xtb: 6.7.1 (41059b4)
C           -2.11409643992265       -1.25903460234783       -0.14334597018569
C           -1.48615723412963        0.00000409406303        0.41672990525870
C           -2.11408777903487        1.25902638838466       -0.14339271672711
I            0.66178973739038       -0.00003016146229       -0.01202691328984
H           -1.64508745301589       -2.15132217395924        0.26610313957000
H           -3.17297660667774       -1.27897471170914        0.11486790642049
H           -2.02527875149113       -1.28808049703956       -1.22785676346583
H           -1.53736780375561        0.00002458130638        1.50588729908510
H           -2.02531981319069        1.28800183463397       -1.22790942721460
H           -1.64503351372424        2.15132560653959        0.26597866992250
H           -3.17295489873977        1.27901344351960        0.11487082677004
11
 energy: -13.806045321374 gnorm: 0.000025432134 xtb: 6.7.1 (41059b4)
C           -2.11406071808312       -1.25907112357386       -0.14338427121963
C           -1.48628948627284       -0.00000512808430        0.41680430522332
C           -2.11403027198869        1.25905279494871       -0.14343475062024
I            0.66169456733334        0.00001875578580       -0.01153586902876
H           -1.64474953970501       -2.15139955344451        0.26564131813015
H           -3.17286151473156       -1.27930633578715        0.11513953999037
H           -2.02557125626490       -1.28775110713031       -1.22793217476917
H           -1.53762220263081        0.00001863047984        1.50594477944041
H           -2.02558001457069        1.28766940274594       -1.22798753278544
H           -1.64467897444987        2.15139032831516        0.26552505272629
H           -3.17282114492770        1.27933713767386        0.11512555905646
