13
 energy: -19.953636548658 gnorm: 0.015693975703 xtb: 6.7.1 (41059b4)
C           -1.87276164079089       -0.00917609656870        0.00000781902002
C           -1.16682971727833       -1.20795813971123        0.00000564940535
C            0.22474911822676       -1.20968037888842        0.00000237637240
C            0.91585963839441        0.00215345332075        0.00000139143644
C            0.21759828346838        1.20907222257510        0.00000406857327
C           -1.17127096744420        1.19480218624309        0.00000721573471
O            2.28271938691725        0.06990177846731       -0.00000201600015
H           -2.95708351869931       -0.01210907728288        0.00001052643753
H           -1.69885270858549       -2.15412984143434        0.00000583754416
H            0.77228831370508       -2.14945884474981       -0.00000016441719
H            0.77460543574449        2.13973595972178        0.00000287384615
H           -1.71075976430639        2.13679967257240        0.00000810014003
H            2.64152616919534       -0.82458425330416       -0.00000032880685
13
 energy: -19.954118942834 gnorm: 0.004970801774 xtb: 6.7.1 (41059b4)
C           -1.86353505154184       -0.00864406476916        0.00000772066936
C           -1.16155135797619       -1.20179645466408        0.00000536002865
C            0.22306040594810       -1.20175058321674        0.00000221287687
C            0.91293203287029        0.00420532339197        0.00000148541028
C            0.21148402901625        1.20594086042969        0.00000371586006
C           -1.17051933387150        1.19206312841678        0.00000672844320
O            2.27657597950418        0.06256920170978       -0.00000164859494
H           -2.94342300202123       -0.01358961143174        0.00001031100208
H           -1.69168984229998       -2.14415638035168        0.00000609778108
H            0.76894522220533       -2.13739632010225        0.00000043294189
H            0.76522657103806        2.13219134226384        0.00000312144596
H           -1.71098113682321        2.12847396638528        0.00000870017895
H            2.63526351249885       -0.83274176710082       -0.00000088875758
13
 energy: -19.954142789227 gnorm: 0.002141727813 xtb: 6.7.1 (41059b4)
C           -1.86187284020448       -0.00869826902086        0.00000770363446
C           -1.16085992307639       -1.20107850498920        0.00000547457176
C            0.22272006849863       -1.19935430427691        0.00000240472267
C            0.91343839155255        0.00550096065215        0.00000161359297
C            0.21001600987982        1.20586328426390        0.00000389265624
C           -1.17079467179209        1.19211963683350        0.00000692660096
O            2.27523365420863        0.05949197932152       -0.00000147322083
H           -2.94102026962169       -0.01441916157889        0.00001000312122
H           -1.69064305349893       -2.14242518835530        0.00000604273947
H            0.76910844229648       -2.13372741083126        0.00000062131374
H            0.76352359721848        2.13103997810972        0.00000313536510
H           -1.71170785156190        2.12685184607574        0.00000853038152
H            2.63464647464799       -0.83579620524323       -0.00000152619343
13
 energy: -19.954145802543 gnorm: 0.000760196215 xtb: 6.7.1 (41059b4)
C           -1.86182967590797       -0.00878049833251        0.00000762103106
C           -1.16101908018959       -1.20133092146456        0.00000543789621
C            0.22256404271401       -1.19875620495330        0.00000246916174
C            0.91406514885059        0.00604410000526        0.00000167528040
C            0.20980381489793        1.20607938055517        0.00000386212731
C           -1.17095002988947        1.19231367282337        0.00000680405599
O            2.27491578847733        0.05842000622954       -0.00000129916526
H           -2.94103923910358       -0.01459342003958        0.00000998592480
H           -1.69078710072727       -2.14249847557438        0.00000606115040
H            0.76958970041098       -2.13283539692509        0.00000079548778
H            0.76348974811202        2.13124330537260        0.00000323115274
H           -1.71206880386097        2.12669178281786        0.00000858709024
H            2.63505371476310       -0.83662868955349       -0.00000188190754
13
 energy: -19.954146245052 gnorm: 0.000331622939 xtb: 6.7.1 (41059b4)
C           -1.86208068918106       -0.00882669160313        0.00000765072370
C           -1.16129376117236       -1.20167296996215        0.00000549089267
C            0.22234683579007       -1.19861830343305        0.00000255081419
C            0.91455645640492        0.00626597310093        0.00000174575536
C            0.20988537738795        1.20619889900135        0.00000395066414
C           -1.17098174785123        1.19234564522243        0.00000689650026
O            2.27474694329253        0.05796997542423       -0.00000112591273
H           -2.94146887901355       -0.01444640399176        0.00000984252280
H           -1.69109802783981       -2.14286884588990        0.00000604609870
H            0.77000347806473       -2.13262113228188        0.00000087349483
H            0.76367179347477        2.13163012533319        0.00000324508465
H           -1.71221304602660        2.12674619656750        0.00000845439327
H            2.63571329521674       -0.83673382652687       -0.00000227174599
13
 energy: -19.954146328475 gnorm: 0.000034631898 xtb: 6.7.1 (41059b4)
C           -1.86208044202568       -0.00879902865124        0.00000758930220
C           -1.16125016859785       -1.20159162760077        0.00000545381886
C            0.22233451291195       -1.19872682217932        0.00000254221057
C            0.91441191282421        0.00613192455208        0.00000175654517
C            0.20992609542145        1.20611559333514        0.00000389445821
C           -1.17093769535625        1.19226018265171        0.00000678277247
O            2.27478233209482        0.05817420634327       -0.00000111145641
H           -2.94142815866586       -0.01437436227318        0.00000992834651
H           -1.69104768855877       -2.14281763296273        0.00000607542118
H            0.76988740170781       -2.13275365499040        0.00000086430914
H            0.76360301132503        2.13155393496682        0.00000327108787
H           -1.71210625699206        2.12674006653738        0.00000853350703
H            2.63569317245831       -0.83654413876788       -0.00000223103696
