
         ______________________________________________________________
        |                                                              |
        |                                                              |
        |                   CENSO - Commandline ENSO                   |
        |                           v 2.1.2                            |
        |    energetic sorting of CREST Conformer Rotamer Ensembles    |
        |                    University of Bonn, MCTC                  |
        |                           Oct 2024                           |
        |                 based on ENSO version 2.0.1                  |
        |             L. M. Seidler, F. Bohle and S. Grimme            |
        |                                                              |
        |______________________________________________________________|

        Please cite:
        (TBA)
        S. Grimme, F. Bohle, A. Hansen, P. Pracht, S. Spicher, and M. Stahn
        J. Phys. Chem. A 2021, 125, 19, 4039-4054.
        DOI: https://doi.org/10.1021/acs.jpca.1c00971

        This program is distributed in the hope that it will be useful,
        but WITHOUT ANY WARRANTY; without even the implied warranty of
        MERCHANTABILITY or FITNESS FOR A PARTICULAR PURPOSE.

Reading configuration file from /home/michael/.censo2rc.
CALL: /home/michael/Documents/CHEM4561/censo_screwed/bin/censo -i crest_conformers.xyz --maxcores 16 -O 1
Read 2 conformers.
Number of atoms:              7
Charge:                       0
Unpaired electrons:           0


----------------------------------------------------------------------------------------------------
                                          GENERAL SETTINGS                                          
----------------------------------------------------------------------------------------------------
    
imagthr:                      -100.0
sthr:                         0.0
scale:                        1.0
temperature:                  298.15
solvent:                      h2o
sm_rrho:                      alpb
multitemp:                    False
evaluate_rrho:                False
consider_sym:                 False
bhess:                        False
rmsdbias:                     False
balance:                      False
gas-phase:                    True
copy_mo:                      True
retry_failed:                 True
trange:                       [273.15, 373.15, 5]



----------------------------------------------------------------------------------------------------
                                            PRESCREENING                                            
----------------------------------------------------------------------------------------------------
    
threshold:                    4.0
func:                         pbe-d4
basis:                        def2-sv(p)
prog:                         orca
gfnv:                         gfn2
run:                          True
template:                     False


Running sp calculation for CONF1.
Running sp calculation for CONF2.



-------------------------------- PRESCREENING SINGLE-POINT RESULTS ---------------------------------

CONF#       E (xTB)        ΔE (xTB)          E (DFT)           ΔE (DFT)        ΔGsolv (xTB)           Gtot             ΔGtot          Boltzmann weight   
             [Eh]         [kcal/mol]           [Eh]           [kcal/mol]        [kcal/mol]            [Eh]           [kcal/mol]        % at 298.15 K     
CONF1         ---            ---           -1622.348817          0.19              ---            -1622.348817          0.19               42.09         
CONF2         ---            ---           -1622.349119          0.00              ---            -1622.349119          0.00               57.91         

Boltzmann averaged free energy/enthalpy of ensemble on input geometries (not DFT optimized):
temperature /K:   avE(T) /a.u.   avG(T) /a.u.
    298.15       -1622.3489919   -1622.3489919     <<==part0==
----------------------------------------------------------------------------------------------------

Number of conformers:         2
Highest ranked conformer:     CONF2


Ran prescreening in 0.72 seconds!

----------------------------------------------------------------------------------------------------
                                             SCREENING                                              
----------------------------------------------------------------------------------------------------
    
threshold:                    3.5
func:                         r2scan-3c
basis:                        def2-tzvp
prog:                         orca
sm:                           smd
gfnv:                         gfn2
run:                          True
implicit:                     False
template:                     False


Running sp calculation for CONF2.
Running sp calculation for CONF1.

----------------------------- SCREENING SINGLE-POINT (+ mRRHO) RESULTS -----------------------------

CONF#        G (xTB)          ΔG (xTB)          E (DFT)          ΔGsolv       GmRRHO           Gtot             ΔGtot          Boltzmann weight   
               [Eh]          [kcal/mol]           [Eh]            [Eh]         [Eh]            [Eh]           [kcal/mol]        % at 298.15 K     
CONF1       -26.718380          ---           -1623.683168        ---          ---         -1623.683168          0.12               44.87         
CONF2       -26.718139          ---           -1623.683362        ---          ---         -1623.683362          0.00               55.13         

Boltzmann averaged free energy/enthalpy of ensemble on input geometries (not DFT optimized):
temperature /K:   avE(T) /a.u.   avG(T) /a.u.
    298.15       -1623.6832752   -1623.6832752     <<==part1==
----------------------------------------------------------------------------------------------------


----------------------------------- SCREENING RANKING COMPARISON -----------------------------------

CONF#       ΔGtot prescreening       ΔGtot screening   
                [kcal/mol]             [kcal/mol]      
CONF1              0.19                   0.12         
CONF2              0.00                   0.00         
----------------------------------------------------------------------------------------------------



Number of conformers:         2
Highest ranked conformer:     CONF2


Ran screening in 6.75 seconds!

----------------------------------------------------------------------------------------------------
                                            OPTIMIZATION                                            
----------------------------------------------------------------------------------------------------
    
optcycles:                    8
maxcyc:                       200
threshold:                    1.5
hlow:                         0.01
gradthr:                      0.01
func:                         r2scan-3c
basis:                        def2-tzvp
prog:                         orca
sm:                           smd
gfnv:                         gfn2
optlevel:                     normal
run:                          True
macrocycles:                  True
crestcheck:                   True
template:                     False
constrain:                    False
xtb_opt:                      True


Optimization using macrocycles, 8 microcycles per step.
Running xtb_opt calculation for CONF2.
Running xtb_opt calculation for CONF1.
Running xtb_rrho calculation for CONF2.
Running xtb_rrho calculation for CONF1.
CONF2 converged after 7 steps.
CONF1 converged after 6 steps.

----------------------------------- OPTIMIZATION CYCLE 8 UPDATE ------------------------------------

CONF#           Gtot             ΔGtot          grad_norm       converged   
                [Eh]           [kcal/mol]        [Eh/a0]                    
CONF1       -1623.701242          0.34          0.000578          True      
CONF2       -1623.701786          0.00          0.000769          True      
----------------------------------------------------------------------------------------------------
Running xtb_rrho calculation for CONF2.
Running xtb_rrho calculation for CONF1.

--------------------------------------- OPTIMIZATION RESULTS ---------------------------------------

CONF#       E (DFT) (+ ΔGsolv)       ΔE (DFT) (+ δΔGsolv)       GmRRHO           Gtot             ΔGtot          Boltzmann weight   
                   [Eh]                   [kcal/mol]             [Eh]            [Eh]           [kcal/mol]        % at 298.15 K     
CONF1          -1623.686600                  0.04                ---         -1623.701242          0.04               48.25         
CONF2          -1623.686668                  0.00                ---         -1623.701308          0.00               51.75         

Boltzmann averaged free energy/enthalpy of ensemble on optimized geometries:
temperature /K:   avE(T) /a.u.   avG(T) /a.u.
    298.15       -1623.6866353   -1623.7012764     <<==part2==
----------------------------------------------------------------------------------------------------


--------------------------------------- OPTIMIZATION RESULTS ---------------------------------------

CONF#       E (DFT) (+ ΔGsolv)       ΔE (DFT) (+ δΔGsolv)       GmRRHO           Gtot             ΔGtot          Boltzmann weight   
                   [Eh]                   [kcal/mol]             [Eh]            [Eh]           [kcal/mol]        % at 298.15 K     
CONF1          -1623.686600                  0.04                ---         -1623.701242          0.04               48.25         
CONF2          -1623.686668                  0.00                ---         -1623.701308          0.00               51.75         

Boltzmann averaged free energy/enthalpy of ensemble on optimized geometries:
temperature /K:   avE(T) /a.u.   avG(T) /a.u.
    298.15       -1623.6866353   -1623.7012764     <<==part2==
----------------------------------------------------------------------------------------------------


--------------------------------- OPTIMIZATION RANKING COMPARISON ----------------------------------

CONF#       ΔGtot prescreening       ΔGtot screening       ΔGtot optimization   
                [kcal/mol]             [kcal/mol]              [kcal/mol]       
CONF1              0.19                   0.12                    0.04          
CONF2              0.00                   0.00                    0.00          
----------------------------------------------------------------------------------------------------



Number of conformers:         2
Highest ranked conformer:     CONF2


Ran optimization in 63.32 seconds!

----------------------------------------------------------------------------------------------------
                                             REFINEMENT                                             
----------------------------------------------------------------------------------------------------
    
threshold:                    0.95
func:                         wb97x-v
basis:                        def2-tzvp
prog:                         orca
sm:                           smd
gfnv:                         gfn2
run:                          True
implicit:                     False
template:                     False


Running sp calculation for CONF2.
Running sp calculation for CONF1.
No longer considering CONF2.
No longer considering CONF1.

---------------------------- REFINEMENT SINGLE-POINT (+ mRRHO) RESULTS -----------------------------

CONF#         E (DFT)          ΔGsolv       GmRRHO           Gtot             ΔGtot          Boltzmann weight   
                [Eh]            [Eh]         [Eh]            [Eh]           [kcal/mol]        % at 298.15 K     
CONF1       -1623.630609        ---          ---         -1623.630609          0.09               46.39         
CONF2       -1623.630746        ---          ---         -1623.630746          0.00               53.61         

Boltzmann averaged free energy/enthalpy of ensemble (high level single-points):
temperature /K:   avE(T) /a.u.   avG(T) /a.u.
    298.15       -1623.6306822   -1623.6306822     <<==part3==
----------------------------------------------------------------------------------------------------


---------------------------------- REFINEMENT RANKING COMPARISON -----------------------------------

CONF#       ΔGtot prescreening       ΔGtot screening       ΔGtot optimization       ΔGtot refinement   
                [kcal/mol]             [kcal/mol]              [kcal/mol]              [kcal/mol]      
CONF1              0.19                   0.12                    0.04                    0.09         
CONF2              0.00                   0.00                    0.00                    0.00         
----------------------------------------------------------------------------------------------------



Number of conformers:         2
Highest ranked conformer:     CONF2


Ran refinement in 41.30 seconds!

Ran CENSO in 00:01:52

CENSO all done!
