2025-04-09 04:09:10,714 -   censo.qm_processor   -   INFO   - worker251572:Running sp calculation in /home/michael/Documents/CHEM4561/automated/1799/0_PRESCREENING/CONF1/sp.
2025-04-09 04:09:10,715 -   censo.qm_processor   -   INFO   - worker251573:Running sp calculation in /home/michael/Documents/CHEM4561/automated/1799/0_PRESCREENING/CONF2/sp.
2025-04-09 04:09:12,694 -     censo.parallel     -   INFO   - All jobs executed successfully.
2025-04-09 04:09:12,714 -   censo.qm_processor   -   INFO   - worker251691:Running sp calculation in /home/michael/Documents/CHEM4561/automated/1799/1_SCREENING/CONF2/sp.
2025-04-09 04:09:12,714 -   censo.qm_processor   -   INFO   - worker251692:Running sp calculation in /home/michael/Documents/CHEM4561/automated/1799/1_SCREENING/CONF1/sp.
2025-04-09 04:09:19,599 -     censo.parallel     -   INFO   - All jobs executed successfully.
2025-04-09 04:09:19,619 -   censo.qm_processor   -   INFO   - worker251807:Running xtb_opt calculation in /home/michael/Documents/CHEM4561/automated/1799/2_OPTIMIZATION/CONF2/xtb_opt.
2025-04-09 04:09:19,620 -   censo.qm_processor   -   INFO   - worker251808:Running xtb_opt calculation in /home/michael/Documents/CHEM4561/automated/1799/2_OPTIMIZATION/CONF1/xtb_opt.
2025-04-09 04:10:24,601 -     censo.parallel     -   INFO   - All jobs executed successfully.
2025-04-09 04:10:24,619 -   censo.qm_processor   -   INFO   - worker252374:Running xtb_rrho calculation in /home/michael/Documents/CHEM4561/automated/1799/2_OPTIMIZATION/CONF2/xtb_rrho.
2025-04-09 04:10:24,619 -   censo.qm_processor   -   INFO   - worker252375:Running xtb_rrho calculation in /home/michael/Documents/CHEM4561/automated/1799/2_OPTIMIZATION/CONF1/xtb_rrho.
2025-04-09 04:10:26,062 -     censo.parallel     -   INFO   - All jobs executed successfully.
2025-04-09 04:10:26,062 -censo.ensembleopt.optimization-   INFO   - Threshold: 1.50 kcal/mol
2025-04-09 04:10:26,080 -   censo.qm_processor   -   INFO   - worker252469:Running xtb_rrho calculation in /home/michael/Documents/CHEM4561/automated/1799/2_OPTIMIZATION/CONF2/xtb_rrho.
2025-04-09 04:10:26,081 -   censo.qm_processor   -   INFO   - worker252470:Running xtb_rrho calculation in /home/michael/Documents/CHEM4561/automated/1799/2_OPTIMIZATION/CONF1/xtb_rrho.
2025-04-09 04:10:26,497 -     censo.parallel     -   INFO   - All jobs executed successfully.
2025-04-09 04:10:26,518 -   censo.qm_processor   -   INFO   - worker252566:Running sp calculation in /home/michael/Documents/CHEM4561/automated/1799/3_REFINEMENT/CONF2/sp.
2025-04-09 04:10:26,518 -   censo.qm_processor   -   INFO   - worker252605:Running sp calculation in /home/michael/Documents/CHEM4561/automated/1799/3_REFINEMENT/CONF1/sp.
2025-04-09 04:11:07,728 -     censo.parallel     -   INFO   - All jobs executed successfully.
2025-04-09 04:11:07,814 -   censo.qm_processor   -   INFO   - worker252774:Running sp calculation in /home/michael/Documents/CHEM4561/automated/1799/0_PRESCREENING/CONF1/sp.
2025-04-09 04:11:07,815 -   censo.qm_processor   -   INFO   - worker252775:Running sp calculation in /home/michael/Documents/CHEM4561/automated/1799/0_PRESCREENING/CONF2/sp.
2025-04-09 04:11:08,512 -     censo.parallel     -   INFO   - All jobs executed successfully.
2025-04-09 04:11:08,530 -   censo.qm_processor   -   INFO   - worker252883:Running sp calculation in /home/michael/Documents/CHEM4561/automated/1799/1_SCREENING/CONF2/sp.
2025-04-09 04:11:08,530 -   censo.qm_processor   -   INFO   - worker252884:Running sp calculation in /home/michael/Documents/CHEM4561/automated/1799/1_SCREENING/CONF1/sp.
2025-04-09 04:11:15,258 -     censo.parallel     -   INFO   - All jobs executed successfully.
2025-04-09 04:11:15,275 -   censo.qm_processor   -   INFO   - worker253028:Running xtb_opt calculation in /home/michael/Documents/CHEM4561/automated/1799/2_OPTIMIZATION/CONF2/xtb_opt.
2025-04-09 04:11:15,276 -   censo.qm_processor   -   INFO   - worker253029:Running xtb_opt calculation in /home/michael/Documents/CHEM4561/automated/1799/2_OPTIMIZATION/CONF1/xtb_opt.
2025-04-09 04:12:16,715 -     censo.parallel     -   INFO   - All jobs executed successfully.
2025-04-09 04:12:16,732 -   censo.qm_processor   -   INFO   - worker253552:Running xtb_rrho calculation in /home/michael/Documents/CHEM4561/automated/1799/2_OPTIMIZATION/CONF2/xtb_rrho.
2025-04-09 04:12:16,732 -   censo.qm_processor   -   INFO   - worker253553:Running xtb_rrho calculation in /home/michael/Documents/CHEM4561/automated/1799/2_OPTIMIZATION/CONF1/xtb_rrho.
2025-04-09 04:12:18,152 -     censo.parallel     -   INFO   - All jobs executed successfully.
2025-04-09 04:12:18,152 -censo.ensembleopt.optimization-   INFO   - Threshold: 1.50 kcal/mol
2025-04-09 04:12:18,169 -   censo.qm_processor   -   INFO   - worker253650:Running xtb_rrho calculation in /home/michael/Documents/CHEM4561/automated/1799/2_OPTIMIZATION/CONF2/xtb_rrho.
2025-04-09 04:12:18,169 -   censo.qm_processor   -   INFO   - worker253651:Running xtb_rrho calculation in /home/michael/Documents/CHEM4561/automated/1799/2_OPTIMIZATION/CONF1/xtb_rrho.
2025-04-09 04:12:18,573 -     censo.parallel     -   INFO   - All jobs executed successfully.
2025-04-09 04:12:18,592 -   censo.qm_processor   -   INFO   - worker253745:Running sp calculation in /home/michael/Documents/CHEM4561/automated/1799/3_REFINEMENT/CONF2/sp.
2025-04-09 04:12:18,592 -   censo.qm_processor   -   INFO   - worker253746:Running sp calculation in /home/michael/Documents/CHEM4561/automated/1799/3_REFINEMENT/CONF1/sp.
2025-04-09 04:12:59,875 -     censo.parallel     -   INFO   - All jobs executed successfully.
