#========================================================================================
#                     Free energy perturbation    
#----------------------------------------------------------------------------------------
#forward/backward          λ              ΔΔA                 ΔA                  δε   
#                                                 
#----------------------------------------------------------------------------------------
forward:               0.0000              0.0000              0.0000              0.0000  
forward:               0.0500              1.7737              1.7737              0.0203  
forward:               0.1000              1.0089              2.7827              0.0260  
forward:               0.1500              0.4981              3.2807              0.0283  
forward:               0.2000              0.2942              3.5750              0.0295  
forward:               0.2500              0.1598              3.7347              0.0302  
forward:               0.3000              0.0827              3.8175              0.0308  
forward:               0.3500              0.0204              3.8379              0.0312  
forward:               0.4000             -0.0215              3.8163              0.0317  
forward:               0.4500             -0.0505              3.7658              0.0319  
forward:               0.5000             -0.0658              3.7000              0.0322  
forward:               0.5500             -0.2144              3.4856              0.0329  
forward:               0.6000             -0.4672              3.0184              0.0334  
forward:               0.6500             -0.7007              2.3177              0.0341  
forward:               0.7000             -0.8782              1.4395              0.0348  
forward:               0.7500             -1.0051              0.4344              0.0352  
forward:               0.8000             -1.0593             -0.6249              0.0358  
forward:               0.8500             -1.0738             -1.6987              0.0361  
forward:               0.9000             -1.0719             -2.7706              0.0364  
forward:               0.9500             -1.0476             -3.8182              0.0367  
forward:               1.0000             -1.0269             -4.8451              0.0369  
backward:              1.0000              0.0000             -4.8451              0.0000  
backward:              0.9500              0.9989             -3.8462              0.0062  
backward:              0.9000              1.0419             -2.8043              0.0088  
backward:              0.8500              1.0540             -1.7503              0.0108  
backward:              0.8000              1.0719             -0.6785              0.0128  
backward:              0.7500              1.0610              0.3825              0.0142  
backward:              0.7000              1.0010              1.3836              0.0165  
backward:              0.6500              0.8835              2.2671              0.0188  
backward:              0.6000              0.6872              2.9543              0.0200  
backward:              0.5500              0.4698              3.4241              0.0209  
backward:              0.5000              0.1951              3.6191              0.0222  
backward:              0.4500              0.0740              3.6931              0.0228  
backward:              0.4000              0.0563              3.7494              0.0234  
backward:              0.3500              0.0221              3.7714              0.0241  
backward:              0.3000             -0.0158              3.7556              0.0250  
backward:              0.2500             -0.0801              3.6755              0.0261  
backward:              0.2000             -0.1626              3.5130              0.0279  
backward:              0.1500             -0.2830              3.2299              0.0308  
backward:              0.1000             -0.5124              2.7175              0.0346  
backward:              0.0500             -1.0008              1.7167              0.0465  
backward:              0.0000             -1.7776             -0.0609              0.0554  
Inaccuracy estimation
======================================================================================================
                   i        i+δi          P0_overlap_P1   δε(forward)/ε   δε(backward)/ε
======================================================================================================
inaccuracy:  0.00000        0.05000           34.53           -0.03            1.84
inaccuracy:  0.05000        0.10000           43.41           -0.05            1.18
inaccuracy:  0.10000        0.15000           56.48           -0.03            0.59
inaccuracy:  0.15000        0.20000           61.86           -0.02            0.34
inaccuracy:  0.20000        0.25000           65.91           -0.02            0.22
inaccuracy:  0.25000        0.30000           68.80           -0.02            0.17
inaccuracy:  0.30000        0.35000           70.74           -0.02            0.15
inaccuracy:  0.35000        0.40000           71.73           -0.02            0.14
inaccuracy:  0.40000        0.45000           72.67           -0.02            0.12
inaccuracy:  0.45000        0.50000           72.20           -0.01            0.11
inaccuracy:  0.50000        0.55000           64.96           -0.10            0.16
inaccuracy:  0.55000        0.60000           64.84           -0.11            0.11
inaccuracy:  0.60000        0.65000           65.24           -0.14            0.08
inaccuracy:  0.65000        0.70000           63.77           -0.14            0.06
inaccuracy:  0.70000        0.75000           64.90           -0.14            0.05
inaccuracy:  0.75000        0.80000           64.84           -0.14            0.05
inaccuracy:  0.80000        0.85000           65.10           -0.12            0.05
inaccuracy:  0.85000        0.90000           66.03           -0.10            0.06
inaccuracy:  0.90000        0.95000           64.17           -0.12            0.07
inaccuracy:  0.95000        1.00000           65.27           -0.11            0.07
===================================================================================================================================
                BAR        
-----------------------------------------------------------------------------------------------------------------------------------
BAR-estimator:         λ             λ+δλ          ΔΔA             ΔA            C               Δδe            δe       
                          
-----------------------------------------------------------------------------------------------------------------------------------
BAR-estimator:      0.00000        0.05000        1.7762         1.7762         1.7762         0.0071         0.0071 
BAR-estimator:      0.05000        0.10000        0.9986         2.7747         0.9986         0.0094         0.0118 
BAR-estimator:      0.10000        0.15000        0.5112         3.2859         0.5112         0.0073         0.0138 
BAR-estimator:      0.15000        0.20000        0.2914         3.5774         0.2914         0.0056         0.0149 
BAR-estimator:      0.20000        0.25000        0.1548         3.7322         0.1548         0.0048         0.0156 
BAR-estimator:      0.25000        0.30000        0.0822         3.8144         0.0822         0.0041         0.0162 
BAR-estimator:      0.30000        0.35000        0.0202         3.8346         0.0202         0.0041         0.0167 
BAR-estimator:      0.35000        0.40000       -0.0215         3.8131        -0.0215         0.0037         0.0171 
BAR-estimator:      0.40000        0.45000       -0.0520         3.7611        -0.0520         0.0031         0.0174 
BAR-estimator:      0.45000        0.50000       -0.0701         3.6910        -0.0701         0.0030         0.0176 
BAR-estimator:      0.50000        0.55000       -0.2087         3.4823        -0.2087         0.0041         0.0181 
BAR-estimator:      0.55000        0.60000       -0.4643         3.0181        -0.4643         0.0034         0.0184 
BAR-estimator:      0.60000        0.65000       -0.6945         2.3236        -0.6945         0.0038         0.0188 
BAR-estimator:      0.65000        0.70000       -0.8834         1.4402        -0.8834         0.0040         0.0192 
BAR-estimator:      0.70000        0.75000       -1.0067         0.4335        -1.0067         0.0038         0.0196 
BAR-estimator:      0.75000        0.80000       -1.0604        -0.6269        -1.0604         0.0040         0.0200 
BAR-estimator:      0.80000        0.85000       -1.0709        -1.6978        -1.0709         0.0040         0.0204 
BAR-estimator:      0.85000        0.90000       -1.0648        -2.7625        -1.0648         0.0037         0.0207 
BAR-estimator:      0.90000        0.95000       -1.0472        -3.8097        -1.0472         0.0038         0.0211 
BAR-estimator:      0.95000        1.00000       -1.0177        -4.8274        -1.0177         0.0034         0.0214 
BAR-estimator: total free energy change is -4.8273656856252485 , total error is 0.021354285015527143
