#========================================================================================
#                     Free energy perturbation    
#----------------------------------------------------------------------------------------
#forward/backward          λ              ΔΔA                 ΔA                  δε   
#                                                 
#----------------------------------------------------------------------------------------
forward:               0.0000              0.0000              0.0000              0.0000  
forward:               0.0500              2.6017              2.6017              0.0308  
forward:               0.1000              1.5026              4.1043              0.0348  
forward:               0.1500              0.7307              4.8350              0.0370  
forward:               0.2000              0.3411              5.1761              0.0374  
forward:               0.2500              0.1173              5.2934              0.0386  
forward:               0.3000              0.0150              5.3084              0.0392  
forward:               0.3500             -0.0651              5.2434              0.0397  
forward:               0.4000             -0.1336              5.1098              0.0401  
forward:               0.4500             -0.1673              4.9424              0.0404  
forward:               0.5000             -0.2004              4.7421              0.0406  
forward:               0.5500             -0.3444              4.3976              0.0411  
forward:               0.6000             -0.5986              3.7990              0.0414  
forward:               0.6500             -0.7918              3.0072              0.0419  
forward:               0.7000             -0.9623              2.0449              0.0424  
forward:               0.7500             -1.1010              0.9439              0.0430  
forward:               0.8000             -1.1801             -0.2362              0.0435  
forward:               0.8500             -1.2082             -1.4443              0.0438  
forward:               0.9000             -1.2324             -2.6767              0.0442  
forward:               0.9500             -1.2330             -3.9097              0.0445  
forward:               1.0000             -1.2368             -5.1465              0.0448  
backward:              1.0000              0.0000             -5.1465              0.0000  
backward:              0.9500              1.2312             -3.9153              0.0085  
backward:              0.9000              1.2421             -2.6731              0.0107  
backward:              0.8500              1.2211             -1.4520              0.0144  
backward:              0.8000              1.2177             -0.2344              0.0175  
backward:              0.7500              1.1640              0.9296              0.0194  
backward:              0.7000              1.0918              2.0214              0.0206  
backward:              0.6500              0.9668              2.9882              0.0215  
backward:              0.6000              0.7743              3.7625              0.0230  
backward:              0.5500              0.5887              4.3512              0.0240  
backward:              0.5000              0.3584              4.7096              0.0251  
backward:              0.4500              0.2007              4.9103              0.0257  
backward:              0.4000              0.1767              5.0870              0.0263  
backward:              0.3500              0.1217              5.2087              0.0276  
backward:              0.3000              0.0659              5.2747              0.0285  
backward:              0.2500             -0.0035              5.2712              0.0299  
backward:              0.2000             -0.1094              5.1617              0.0313  
backward:              0.1500             -0.3317              4.8300              0.0365  
backward:              0.1000             -0.7103              4.1198              0.0440  
backward:              0.0500             -1.5877              2.5320              0.0817  
backward:              0.0000             -2.6062             -0.0742              0.0821  
Inaccuracy estimation
======================================================================================================
                   i        i+δi          P0_overlap_P1   δε(forward)/ε   δε(backward)/ε
======================================================================================================
inaccuracy:  0.00000        0.05000           25.40            0.09            3.53
inaccuracy:  0.05000        0.10000           34.82           -0.07            1.92
inaccuracy:  0.10000        0.15000           46.39           -0.06            0.99
inaccuracy:  0.15000        0.20000           56.36           -0.04            0.51
inaccuracy:  0.20000        0.25000           62.13           -0.03            0.29
inaccuracy:  0.25000        0.30000           64.79           -0.02            0.23
inaccuracy:  0.30000        0.35000           67.43           -0.02            0.17
inaccuracy:  0.35000        0.40000           69.84           -0.03            0.14
inaccuracy:  0.40000        0.45000           69.84           -0.02            0.13
inaccuracy:  0.45000        0.50000           71.04           -0.03            0.11
inaccuracy:  0.50000        0.55000           62.64           -0.10            0.16
inaccuracy:  0.55000        0.60000           64.89           -0.13            0.10
inaccuracy:  0.60000        0.65000           65.61           -0.14            0.07
inaccuracy:  0.65000        0.70000           64.05           -0.16            0.06
inaccuracy:  0.70000        0.75000           64.41           -0.13            0.04
inaccuracy:  0.75000        0.80000           64.01           -0.15            0.04
inaccuracy:  0.80000        0.85000           63.25           -0.15            0.04
inaccuracy:  0.85000        0.90000           64.40           -0.15            0.05
inaccuracy:  0.90000        0.95000           63.29           -0.16            0.05
inaccuracy:  0.95000        1.00000           62.15           -0.14            0.05
===================================================================================================================================
                BAR        
-----------------------------------------------------------------------------------------------------------------------------------
BAR-estimator:         λ             λ+δλ          ΔΔA             ΔA            C               Δδe            δe       
                          
-----------------------------------------------------------------------------------------------------------------------------------
BAR-estimator:      0.00000        0.05000        2.6331         2.6331         2.6331         0.0123         0.0123 
BAR-estimator:      0.05000        0.10000        1.5038         4.1369         1.5038         0.0122         0.0173 
BAR-estimator:      0.10000        0.15000        0.7337         4.8706         0.7337         0.0091         0.0196 
BAR-estimator:      0.15000        0.20000        0.3429         5.2136         0.3429         0.0069         0.0207 
BAR-estimator:      0.20000        0.25000        0.1176         5.3311         0.1176         0.0061         0.0216 
BAR-estimator:      0.25000        0.30000        0.0150         5.3462         0.0150         0.0048         0.0222 
BAR-estimator:      0.30000        0.35000       -0.0638         5.2824        -0.0638         0.0044         0.0226 
BAR-estimator:      0.35000        0.40000       -0.1308         5.1516        -0.1308         0.0037         0.0229 
BAR-estimator:      0.40000        0.45000       -0.1701         4.9815        -0.1701         0.0035         0.0231 
BAR-estimator:      0.45000        0.50000       -0.2015         4.7799        -0.2015         0.0033         0.0234 
BAR-estimator:      0.50000        0.55000       -0.3475         4.4324        -0.3475         0.0040         0.0237 
BAR-estimator:      0.55000        0.60000       -0.5962         3.8362        -0.5962         0.0035         0.0240 
BAR-estimator:      0.60000        0.65000       -0.7872         3.0490        -0.7872         0.0038         0.0242 
BAR-estimator:      0.65000        0.70000       -0.9648         2.0842        -0.9648         0.0041         0.0246 
BAR-estimator:      0.70000        0.75000       -1.0964         0.9878        -1.0964         0.0046         0.0250 
BAR-estimator:      0.75000        0.80000       -1.1774        -0.1896        -1.1774         0.0041         0.0254 
BAR-estimator:      0.80000        0.85000       -1.2124        -1.4020        -1.2124         0.0042         0.0257 
BAR-estimator:      0.85000        0.90000       -1.2307        -2.6327        -1.2307         0.0044         0.0261 
BAR-estimator:      0.90000        0.95000       -1.2353        -3.8679        -1.2353         0.0039         0.0264 
BAR-estimator:      0.95000        1.00000       -1.2352        -5.1031        -1.2352         0.0044         0.0267 
BAR-estimator: total free energy change is -5.103140998128202 , total error is 0.02672315466143497
