#========================================================================================
#                     Free energy perturbation    
#----------------------------------------------------------------------------------------
#forward/backward          λ              ΔΔA                 ΔA                  δε   
#                                                 
#----------------------------------------------------------------------------------------
forward:               0.0000              0.0000              0.0000              0.0000  
forward:               0.0500              0.8814              0.8814              0.0161  
forward:               0.1000              0.4905              1.3719              0.0186  
forward:               0.1500              0.3011              1.6730              0.0203  
forward:               0.2000              0.2016              1.8746              0.0211  
forward:               0.2500              0.1473              2.0219              0.0219  
forward:               0.3000              0.0872              2.1090              0.0223  
forward:               0.3500              0.0686              2.1777              0.0226  
forward:               0.4000              0.0489              2.2265              0.0230  
forward:               0.4500              0.0217              2.2482              0.0233  
forward:               0.5000              0.0051              2.2533              0.0235  
forward:               0.5500             -0.0391              2.2142              0.0238  
forward:               0.6000             -0.1094              2.1048              0.0240  
forward:               0.6500             -0.1468              1.9581              0.0242  
forward:               0.7000             -0.1797              1.7784              0.0243  
forward:               0.7500             -0.2134              1.5649              0.0245  
forward:               0.8000             -0.2368              1.3282              0.0246  
forward:               0.8500             -0.2454              1.0828              0.0248  
forward:               0.9000             -0.2657              0.8171              0.0250  
forward:               0.9500             -0.2769              0.5402              0.0251  
forward:               1.0000             -0.2905              0.2498              0.0253  
backward:              1.0000              0.0000              0.2498              0.0000  
backward:              0.9500              0.2893              0.5391              0.0034  
backward:              0.9000              0.2759              0.8150              0.0045  
backward:              0.8500              0.2635              1.0785              0.0057  
backward:              0.8000              0.2496              1.3280              0.0065  
backward:              0.7500              0.2304              1.5584              0.0071  
backward:              0.7000              0.2042              1.7626              0.0078  
backward:              0.6500              0.1844              1.9470              0.0086  
backward:              0.6000              0.1467              2.0937              0.0096  
backward:              0.5500              0.1054              2.1991              0.0104  
backward:              0.5000              0.0393              2.2383              0.0113  
backward:              0.4500             -0.0059              2.2325              0.0119  
backward:              0.4000             -0.0275              2.2050              0.0126  
backward:              0.3500             -0.0484              2.1566              0.0134  
backward:              0.3000             -0.0668              2.0897              0.0142  
backward:              0.2500             -0.0888              2.0010              0.0151  
backward:              0.2000             -0.1448              1.8562              0.0164  
backward:              0.1500             -0.1942              1.6620              0.0178  
backward:              0.1000             -0.2852              1.3767              0.0196  
backward:              0.0500             -0.4947              0.8820              0.0250  
backward:              0.0000             -0.9375             -0.0555              0.0703  
Inaccuracy estimation
======================================================================================================
                   i        i+δi          P0_overlap_P1   δε(forward)/ε   δε(backward)/ε
======================================================================================================
inaccuracy:  0.00000        0.05000           49.23           -0.00            1.05
inaccuracy:  0.05000        0.10000           62.65           -0.01            0.44
inaccuracy:  0.10000        0.15000           68.78           -0.01            0.24
inaccuracy:  0.15000        0.20000           73.58           -0.00            0.16
inaccuracy:  0.20000        0.25000           75.63           -0.00            0.12
inaccuracy:  0.25000        0.30000           78.63           -0.00            0.09
inaccuracy:  0.30000        0.35000           78.58           -0.00            0.08
inaccuracy:  0.35000        0.40000           80.16           -0.01            0.08
inaccuracy:  0.40000        0.45000           81.38           -0.00            0.06
inaccuracy:  0.45000        0.50000           81.72           -0.00            0.06
inaccuracy:  0.50000        0.55000           78.30           -0.02            0.07
inaccuracy:  0.55000        0.60000           79.13           -0.02            0.06
inaccuracy:  0.60000        0.65000           78.95           -0.02            0.05
inaccuracy:  0.65000        0.70000           78.90           -0.02            0.05
inaccuracy:  0.70000        0.75000           80.71           -0.01            0.05
inaccuracy:  0.75000        0.80000           80.57           -0.02            0.04
inaccuracy:  0.80000        0.85000           79.23           -0.02            0.05
inaccuracy:  0.85000        0.90000           79.91           -0.02            0.04
inaccuracy:  0.90000        0.95000           80.19           -0.02            0.04
inaccuracy:  0.95000        1.00000           79.68           -0.02            0.04
===================================================================================================================================
                BAR        
-----------------------------------------------------------------------------------------------------------------------------------
BAR-estimator:         λ             λ+δλ          ΔΔA             ΔA            C               Δδe            δe       
                          
-----------------------------------------------------------------------------------------------------------------------------------
BAR-estimator:      0.00000        0.05000        0.8955         0.8955         0.8955         0.0097         0.0097 
BAR-estimator:      0.05000        0.10000        0.4969         1.3925         0.4969         0.0063         0.0115 
BAR-estimator:      0.10000        0.15000        0.2971         1.6896         0.2971         0.0051         0.0126 
BAR-estimator:      0.15000        0.20000        0.1999         1.8895         0.1999         0.0037         0.0132 
BAR-estimator:      0.20000        0.25000        0.1447         2.0342         0.1447         0.0034         0.0136 
BAR-estimator:      0.25000        0.30000        0.0880         2.1222         0.0880         0.0030         0.0139 
BAR-estimator:      0.30000        0.35000        0.0672         2.1894         0.0672         0.0028         0.0142 
BAR-estimator:      0.35000        0.40000        0.0509         2.2403         0.0509         0.0027         0.0144 
BAR-estimator:      0.40000        0.45000        0.0234         2.2637         0.0234         0.0025         0.0147 
BAR-estimator:      0.45000        0.50000        0.0062         2.2699         0.0062         0.0025         0.0149 
BAR-estimator:      0.50000        0.55000       -0.0375         2.2324        -0.0375         0.0029         0.0151 
BAR-estimator:      0.55000        0.60000       -0.1077         2.1247        -0.1077         0.0031         0.0155 
BAR-estimator:      0.60000        0.65000       -0.1470         1.9777        -0.1470         0.0026         0.0157 
BAR-estimator:      0.65000        0.70000       -0.1812         1.7964        -0.1812         0.0030         0.0160 
BAR-estimator:      0.70000        0.75000       -0.2096         1.5868        -0.2096         0.0025         0.0162 
BAR-estimator:      0.75000        0.80000       -0.2345         1.3523        -0.2345         0.0023         0.0163 
BAR-estimator:      0.80000        0.85000       -0.2464         1.1059        -0.2464         0.0026         0.0165 
BAR-estimator:      0.85000        0.90000       -0.2654         0.8405        -0.2654         0.0022         0.0167 
BAR-estimator:      0.90000        0.95000       -0.2754         0.5651        -0.2754         0.0022         0.0168 
BAR-estimator:      0.95000        1.00000       -0.2907         0.2744        -0.2907         0.0025         0.0170 
BAR-estimator: total free energy change is 0.2743819684963526 , total error is 0.017016635248857992
