#========================================================================================
#                     Free energy perturbation    
#----------------------------------------------------------------------------------------
#forward/backward          λ              ΔΔA                 ΔA                  δε   
#                                                 
#----------------------------------------------------------------------------------------
forward:               0.0000              0.0000              0.0000              0.0000  
forward:               0.0500              2.2419              2.2419              0.0349  
forward:               0.1000              1.1063              3.3483              0.0405  
forward:               0.1500              0.4938              3.8420              0.0436  
forward:               0.2000              0.2388              4.0808              0.0445  
forward:               0.2500              0.0991              4.1799              0.0449  
forward:               0.3000              0.0177              4.1976              0.0453  
forward:               0.3500             -0.0389              4.1587              0.0456  
forward:               0.4000             -0.0719              4.0868              0.0459  
forward:               0.4500             -0.1041              3.9827              0.0461  
forward:               0.5000             -0.1302              3.8525              0.0462  
forward:               0.5500             -0.1951              3.6574              0.0464  
forward:               0.6000             -0.2376              3.4198              0.0465  
forward:               0.6500             -0.2757              3.1441              0.0466  
forward:               0.7000             -0.3133              2.8307              0.0468  
forward:               0.7500             -0.3258              2.5049              0.0469  
forward:               0.8000             -0.3457              2.1592              0.0470  
forward:               0.8500             -0.3569              1.8024              0.0471  
forward:               0.9000             -0.3814              1.4210              0.0472  
forward:               0.9500             -0.3816              1.0394              0.0473  
forward:               1.0000             -0.4066              0.6328              0.0474  
backward:              1.0000              0.0000              0.6328              0.0000  
backward:              0.9500              0.3956              1.0283              0.0037  
backward:              0.9000              0.3908              1.4191              0.0050  
backward:              0.8500              0.3768              1.7959              0.0068  
backward:              0.8000              0.3542              2.1501              0.0079  
backward:              0.7500              0.3454              2.4955              0.0090  
backward:              0.7000              0.3297              2.8252              0.0098  
backward:              0.6500              0.3061              3.1313              0.0103  
backward:              0.6000              0.2781              3.4095              0.0111  
backward:              0.5500              0.2398              3.6493              0.0119  
backward:              0.5000              0.1875              3.8369              0.0127  
backward:              0.4500              0.1370              3.9739              0.0134  
backward:              0.4000              0.1008              4.0747              0.0142  
backward:              0.3500              0.0715              4.1461              0.0150  
backward:              0.3000              0.0283              4.1745              0.0165  
backward:              0.2500             -0.0137              4.1608              0.0178  
backward:              0.2000             -0.0906              4.0703              0.0193  
backward:              0.1500             -0.2388              3.8315              0.0221  
backward:              0.1000             -0.4592              3.3723              0.0354  
backward:              0.0500             -1.0922              2.2801              0.0489  
backward:              0.0000             -2.1046              0.1754              0.0675  
Inaccuracy estimation
======================================================================================================
                   i        i+δi          P0_overlap_P1   δε(forward)/ε   δε(backward)/ε
======================================================================================================
inaccuracy:  0.00000        0.05000           27.46            0.02            3.32
inaccuracy:  0.05000        0.10000           41.14           -0.05            1.42
inaccuracy:  0.10000        0.15000           54.67           -0.03            0.61
inaccuracy:  0.15000        0.20000           64.31           -0.02            0.29
inaccuracy:  0.20000        0.25000           69.28           -0.02            0.19
inaccuracy:  0.25000        0.30000           72.57           -0.02            0.14
inaccuracy:  0.30000        0.35000           74.77           -0.01            0.10
inaccuracy:  0.35000        0.40000           75.75           -0.02            0.09
inaccuracy:  0.40000        0.45000           76.72           -0.01            0.08
inaccuracy:  0.45000        0.50000           76.49           -0.01            0.08
inaccuracy:  0.50000        0.55000           76.01           -0.02            0.07
inaccuracy:  0.55000        0.60000           75.82           -0.02            0.06
inaccuracy:  0.60000        0.65000           76.34           -0.02            0.06
inaccuracy:  0.65000        0.70000           77.71           -0.03            0.05
inaccuracy:  0.70000        0.75000           76.74           -0.02            0.05
inaccuracy:  0.75000        0.80000           76.84           -0.02            0.05
inaccuracy:  0.80000        0.85000           76.47           -0.03            0.05
inaccuracy:  0.85000        0.90000           77.44           -0.02            0.05
inaccuracy:  0.90000        0.95000           75.87           -0.03            0.05
inaccuracy:  0.95000        1.00000           77.85           -0.02            0.05
===================================================================================================================================
                BAR        
-----------------------------------------------------------------------------------------------------------------------------------
BAR-estimator:         λ             λ+δλ          ΔΔA             ΔA            C               Δδe            δe       
                          
-----------------------------------------------------------------------------------------------------------------------------------
BAR-estimator:      0.00000        0.05000        2.2244         2.2244         2.2244         0.0140         0.0140 
BAR-estimator:      0.05000        0.10000        1.1095         3.3339         1.1095         0.0121         0.0185 
BAR-estimator:      0.10000        0.15000        0.4822         3.8162         0.4822         0.0080         0.0202 
BAR-estimator:      0.15000        0.20000        0.2370         4.0531         0.2370         0.0058         0.0210 
BAR-estimator:      0.20000        0.25000        0.0994         4.1526         0.0994         0.0043         0.0214 
BAR-estimator:      0.25000        0.30000        0.0188         4.1713         0.0188         0.0040         0.0218 
BAR-estimator:      0.30000        0.35000       -0.0354         4.1359        -0.0354         0.0034         0.0220 
BAR-estimator:      0.35000        0.40000       -0.0706         4.0652        -0.0706         0.0035         0.0223 
BAR-estimator:      0.40000        0.45000       -0.1030         3.9622        -0.1030         0.0030         0.0225 
BAR-estimator:      0.45000        0.50000       -0.1313         3.8310        -0.1313         0.0023         0.0226 
BAR-estimator:      0.50000        0.55000       -0.1910         3.6399        -0.1910         0.0030         0.0228 
BAR-estimator:      0.55000        0.60000       -0.2386         3.4013        -0.2386         0.0027         0.0230 
BAR-estimator:      0.60000        0.65000       -0.2772         3.1241        -0.2772         0.0027         0.0231 
BAR-estimator:      0.65000        0.70000       -0.3118         2.8124        -0.3118         0.0027         0.0233 
BAR-estimator:      0.70000        0.75000       -0.3270         2.4854        -0.3270         0.0027         0.0234 
BAR-estimator:      0.75000        0.80000       -0.3448         2.1406        -0.3448         0.0026         0.0236 
BAR-estimator:      0.80000        0.85000       -0.3588         1.7818        -0.3588         0.0027         0.0237 
BAR-estimator:      0.85000        0.90000       -0.3794         1.4024        -0.3794         0.0027         0.0239 
BAR-estimator:      0.90000        0.95000       -0.3866         1.0158        -0.3866         0.0028         0.0241 
BAR-estimator:      0.95000        1.00000       -0.4018         0.6140        -0.4018         0.0027         0.0242 
BAR-estimator: total free energy change is 0.6139902486328483 , total error is 0.02420881546964151
