#========================================================================================
#                     Free energy perturbation    
#----------------------------------------------------------------------------------------
#forward/backward          λ              ΔΔA                 ΔA                  δε   
#                                                 
#----------------------------------------------------------------------------------------
forward:               0.0000              0.0000              0.0000              0.0000  
forward:               0.0500              1.7386              1.7386              0.0225  
forward:               0.1000              0.9708              2.7094              0.0281  
forward:               0.1500              0.5093              3.2186              0.0299  
forward:               0.2000              0.2856              3.5043              0.0312  
forward:               0.2500              0.1468              3.6511              0.0322  
forward:               0.3000              0.0653              3.7164              0.0327  
forward:               0.3500              0.0053              3.7217              0.0331  
forward:               0.4000             -0.0284              3.6933              0.0333  
forward:               0.4500             -0.0522              3.6411              0.0336  
forward:               0.5000             -0.0823              3.5588              0.0338  
forward:               0.5500             -0.2023              3.3565              0.0343  
forward:               0.6000             -0.4347              2.9218              0.0347  
forward:               0.6500             -0.6334              2.2884              0.0352  
forward:               0.7000             -0.8269              1.4615              0.0361  
forward:               0.7500             -0.9681              0.4934              0.0367  
forward:               0.8000             -1.0305             -0.5371              0.0373  
forward:               0.8500             -1.0741             -1.6113              0.0380  
forward:               0.9000             -1.0782             -2.6895              0.0388  
forward:               0.9500             -1.0755             -3.7649              0.0395  
forward:               1.0000             -1.0850             -4.8499              0.0402  
backward:              1.0000              0.0000             -4.8499              0.0000  
backward:              0.9500              1.0701             -3.7798              0.0078  
backward:              0.9000              1.0933             -2.6865              0.0108  
backward:              0.8500              1.0650             -1.6214              0.0132  
backward:              0.8000              1.0688             -0.5527              0.0149  
backward:              0.7500              1.0408              0.4881              0.0164  
backward:              0.7000              0.9666              1.4547              0.0180  
backward:              0.6500              0.8223              2.2770              0.0195  
backward:              0.6000              0.6460              2.9230              0.0206  
backward:              0.5500              0.4266              3.3497              0.0216  
backward:              0.5000              0.2044              3.5541              0.0230  
backward:              0.4500              0.0744              3.6285              0.0236  
backward:              0.4000              0.0490              3.6775              0.0244  
backward:              0.3500              0.0174              3.6949              0.0252  
backward:              0.3000             -0.0112              3.6837              0.0260  
backward:              0.2500             -0.0668              3.6169              0.0271  
backward:              0.2000             -0.1626              3.4543              0.0289  
backward:              0.1500             -0.2693              3.1851              0.0308  
backward:              0.1000             -0.5211              2.6640              0.0339  
backward:              0.0500             -0.9720              1.6920              0.0412  
backward:              0.0000             -1.7054             -0.0134              0.0495  
Inaccuracy estimation
======================================================================================================
                   i        i+δi          P0_overlap_P1   δε(forward)/ε   δε(backward)/ε
======================================================================================================
inaccuracy:  0.00000        0.05000           34.73           -0.03            1.95
inaccuracy:  0.05000        0.10000           44.80           -0.04            1.14
inaccuracy:  0.10000        0.15000           56.21           -0.03            0.57
inaccuracy:  0.15000        0.20000           61.41           -0.02            0.33
inaccuracy:  0.20000        0.25000           66.89           -0.01            0.22
inaccuracy:  0.25000        0.30000           70.04           -0.02            0.17
inaccuracy:  0.30000        0.35000           72.07           -0.02            0.15
inaccuracy:  0.35000        0.40000           73.09           -0.02            0.12
inaccuracy:  0.40000        0.45000           72.94           -0.01            0.12
inaccuracy:  0.45000        0.50000           73.58           -0.01            0.10
inaccuracy:  0.50000        0.55000           64.84           -0.09            0.15
inaccuracy:  0.55000        0.60000           65.94           -0.11            0.11
inaccuracy:  0.60000        0.65000           64.36           -0.13            0.09
inaccuracy:  0.65000        0.70000           64.97           -0.14            0.06
inaccuracy:  0.70000        0.75000           64.76           -0.13            0.05
inaccuracy:  0.75000        0.80000           64.87           -0.14            0.05
inaccuracy:  0.80000        0.85000           65.28           -0.13            0.05
inaccuracy:  0.85000        0.90000           64.88           -0.12            0.06
inaccuracy:  0.90000        0.95000           62.90           -0.14            0.06
inaccuracy:  0.95000        1.00000           63.74           -0.11            0.07
===================================================================================================================================
                BAR        
-----------------------------------------------------------------------------------------------------------------------------------
BAR-estimator:         λ             λ+δλ          ΔΔA             ΔA            C               Δδe            δe       
                          
-----------------------------------------------------------------------------------------------------------------------------------
BAR-estimator:      0.00000        0.05000        1.7582         1.7582         1.7582         0.0110         0.0110 
BAR-estimator:      0.05000        0.10000        0.9827         2.7409         0.9827         0.0099         0.0147 
BAR-estimator:      0.10000        0.15000        0.5183         3.2593         0.5183         0.0070         0.0163 
BAR-estimator:      0.15000        0.20000        0.2794         3.5387         0.2794         0.0062         0.0174 
BAR-estimator:      0.20000        0.25000        0.1484         3.6871         0.1484         0.0051         0.0182 
BAR-estimator:      0.25000        0.30000        0.0692         3.7562         0.0692         0.0043         0.0187 
BAR-estimator:      0.30000        0.35000        0.0092         3.7654         0.0092         0.0037         0.0190 
BAR-estimator:      0.35000        0.40000       -0.0246         3.7408        -0.0246         0.0036         0.0194 
BAR-estimator:      0.40000        0.45000       -0.0511         3.6897        -0.0511         0.0030         0.0196 
BAR-estimator:      0.45000        0.50000       -0.0801         3.6096        -0.0801         0.0030         0.0198 
BAR-estimator:      0.50000        0.55000       -0.2045         3.4051        -0.2045         0.0037         0.0202 
BAR-estimator:      0.55000        0.60000       -0.4294         2.9756        -0.4294         0.0036         0.0205 
BAR-estimator:      0.60000        0.65000       -0.6355         2.3402        -0.6355         0.0040         0.0209 
BAR-estimator:      0.65000        0.70000       -0.8249         1.5153        -0.8249         0.0032         0.0211 
BAR-estimator:      0.70000        0.75000       -0.9670         0.5483        -0.9670         0.0042         0.0215 
BAR-estimator:      0.75000        0.80000       -1.0335        -0.4852        -1.0335         0.0044         0.0220 
BAR-estimator:      0.80000        0.85000       -1.0682        -1.5535        -1.0682         0.0044         0.0224 
BAR-estimator:      0.85000        0.90000       -1.0699        -2.6234        -1.0699         0.0050         0.0229 
BAR-estimator:      0.90000        0.95000       -1.0817        -3.7051        -1.0817         0.0051         0.0235 
BAR-estimator:      0.95000        1.00000       -1.0740        -4.7791        -1.0740         0.0048         0.0240 
BAR-estimator: total free energy change is -4.779073023542159 , total error is 0.023984262024395128
