#========================================================================================
#                     Free energy perturbation    
#----------------------------------------------------------------------------------------
#forward/backward          λ              ΔΔA                 ΔA                  δε   
#                                                 
#----------------------------------------------------------------------------------------
forward:               0.0000              0.0000              0.0000              0.0000  
forward:               0.0500              2.8384              2.8384              0.0363  
forward:               0.1000              1.5247              4.3631              0.0495  
forward:               0.1500              0.6505              5.0136              0.0532  
forward:               0.2000              0.2345              5.2481              0.0546  
forward:               0.2500              0.0451              5.2932              0.0552  
forward:               0.3000             -0.0633              5.2299              0.0557  
forward:               0.3500             -0.1341              5.0959              0.0562  
forward:               0.4000             -0.2010              4.8949              0.0565  
forward:               0.4500             -0.2302              4.6647              0.0566  
forward:               0.5000             -0.2538              4.4108              0.0569  
forward:               0.5500             -0.4997              3.9111              0.0575  
forward:               0.6000             -0.9901              2.9211              0.0583  
forward:               0.6500             -1.4570              1.4640              0.0596  
forward:               0.7000             -1.8688             -0.4048              0.0607  
forward:               0.7500             -2.0791             -2.4839              0.0611  
forward:               0.8000             -2.1827             -4.6666              0.0620  
forward:               0.8500             -2.2045             -6.8711              0.0626  
forward:               0.9000             -2.2090             -9.0801              0.0630  
forward:               0.9500             -2.1783            -11.2584              0.0635  
forward:               1.0000             -2.1444            -13.4028              0.0639  
backward:              1.0000              0.0000            -13.4028              0.0000  
backward:              0.9500              2.1426            -11.2602              0.0105  
backward:              0.9000              2.1689             -9.0913              0.0160  
backward:              0.8500              2.2041             -6.8872              0.0188  
backward:              0.8000              2.1671             -4.7201              0.0230  
backward:              0.7500              2.1854             -2.5347              0.0252  
backward:              0.7000              2.1086             -0.4262              0.0274  
backward:              0.6500              1.8725              1.4463              0.0299  
backward:              0.6000              1.4405              2.8868              0.0326  
backward:              0.5500              0.9899              3.8767              0.0340  
backward:              0.5000              0.5289              4.4056              0.0354  
backward:              0.4500              0.2599              4.6655              0.0358  
backward:              0.4000              0.2208              4.8863              0.0364  
backward:              0.3500              0.1947              5.0810              0.0372  
backward:              0.3000              0.1348              5.2159              0.0380  
backward:              0.2500              0.0502              5.2661              0.0391  
backward:              0.2000             -0.0513              5.2148              0.0413  
backward:              0.1500             -0.2637              4.9511              0.0450  
backward:              0.1000             -0.8018              4.1492              0.0993  
backward:              0.0500             -1.6364              2.5129              0.1329  
backward:              0.0000             -2.7346             -0.2218              0.1440  
Inaccuracy estimation
======================================================================================================
                   i        i+δi          P0_overlap_P1   δε(forward)/ε   δε(backward)/ε
======================================================================================================
inaccuracy:  0.00000        0.05000           22.62            0.14            3.90
inaccuracy:  0.05000        0.10000           32.25           -0.09            2.21
inaccuracy:  0.10000        0.15000           46.53           -0.07            1.04
inaccuracy:  0.15000        0.20000           56.76           -0.05            0.47
inaccuracy:  0.20000        0.25000           62.07           -0.04            0.30
inaccuracy:  0.25000        0.30000           65.19           -0.02            0.21
inaccuracy:  0.30000        0.35000           67.02           -0.03            0.17
inaccuracy:  0.35000        0.40000           68.67           -0.04            0.14
inaccuracy:  0.40000        0.45000           69.99           -0.03            0.12
inaccuracy:  0.45000        0.50000           69.82           -0.03            0.12
inaccuracy:  0.50000        0.55000           55.51           -0.25            0.21
inaccuracy:  0.55000        0.60000           55.45           -0.33            0.11
inaccuracy:  0.60000        0.65000           55.27           -0.38            0.04
inaccuracy:  0.65000        0.70000           55.34           -0.35           -0.02
inaccuracy:  0.70000        0.75000           55.91           -0.36           -0.07
inaccuracy:  0.75000        0.80000           56.66           -0.32           -0.08
inaccuracy:  0.80000        0.85000           57.56           -0.29           -0.06
inaccuracy:  0.85000        0.90000           56.24           -0.35           -0.07
inaccuracy:  0.90000        0.95000           55.60           -0.32           -0.05
inaccuracy:  0.95000        1.00000           54.63           -0.35           -0.05
===================================================================================================================================
                BAR        
-----------------------------------------------------------------------------------------------------------------------------------
BAR-estimator:         λ             λ+δλ          ΔΔA             ΔA            C               Δδe            δe       
                          
-----------------------------------------------------------------------------------------------------------------------------------
BAR-estimator:      0.00000        0.05000        2.8614         2.8614         2.8614         0.0144         0.0144 
BAR-estimator:      0.05000        0.10000        1.5373         4.3987         1.5373         0.0145         0.0205 
BAR-estimator:      0.10000        0.15000        0.6695         5.0682         0.6695         0.0115         0.0235 
BAR-estimator:      0.15000        0.20000        0.2435         5.3118         0.2435         0.0088         0.0251 
BAR-estimator:      0.20000        0.25000        0.0473         5.3591         0.0473         0.0057         0.0257 
BAR-estimator:      0.25000        0.30000       -0.0596         5.2995        -0.0596         0.0054         0.0263 
BAR-estimator:      0.30000        0.35000       -0.1340         5.1655        -0.1340         0.0052         0.0268 
BAR-estimator:      0.35000        0.40000       -0.1995         4.9660        -0.1995         0.0036         0.0270 
BAR-estimator:      0.40000        0.45000       -0.2274         4.7386        -0.2274         0.0034         0.0272 
BAR-estimator:      0.45000        0.50000       -0.2529         4.4857        -0.2529         0.0035         0.0274 
BAR-estimator:      0.50000        0.55000       -0.5143         3.9714        -0.5143         0.0048         0.0279 
BAR-estimator:      0.55000        0.60000       -0.9914         2.9800        -0.9914         0.0053         0.0284 
BAR-estimator:      0.60000        0.65000       -1.4492         1.5308        -1.4492         0.0062         0.0290 
BAR-estimator:      0.65000        0.70000       -1.8729        -0.3421        -1.8729         0.0061         0.0297 
BAR-estimator:      0.70000        0.75000       -2.0913        -2.4334        -2.0913         0.0052         0.0301 
BAR-estimator:      0.75000        0.80000       -2.1813        -4.6147        -2.1813         0.0057         0.0306 
BAR-estimator:      0.80000        0.85000       -2.1931        -6.8077        -2.1931         0.0056         0.0312 
BAR-estimator:      0.85000        0.90000       -2.2074        -9.0151        -2.2074         0.0048         0.0315 
BAR-estimator:      0.90000        0.95000       -2.1810       -11.1961        -2.1810         0.0066         0.0322 
BAR-estimator:      0.95000        1.00000       -2.1442       -13.3403        -2.1442         0.0051         0.0326 
BAR-estimator: total free energy change is -13.340331494817441 , total error is 0.03259197384592609
