#========================================================================================
#                     Free energy perturbation    
#----------------------------------------------------------------------------------------
#forward/backward          λ              ΔΔA                 ΔA                  δε   
#                                                 
#----------------------------------------------------------------------------------------
forward:               0.0000              0.0000              0.0000              0.0000  
forward:               0.0500              1.7204              1.7204              0.0221  
forward:               0.1000              0.9222              2.6426              0.0278  
forward:               0.1500              0.4655              3.1081              0.0285  
forward:               0.2000              0.2235              3.3316              0.0294  
forward:               0.2500              0.1244              3.4560              0.0301  
forward:               0.3000              0.0500              3.5060              0.0306  
forward:               0.3500             -0.0036              3.5024              0.0310  
forward:               0.4000             -0.0346              3.4678              0.0313  
forward:               0.4500             -0.0687              3.3991              0.0316  
forward:               0.5000             -0.0925              3.3066              0.0319  
forward:               0.5500             -0.2273              3.0793              0.0325  
forward:               0.6000             -0.4878              2.5914              0.0333  
forward:               0.6500             -0.6816              1.9099              0.0341  
forward:               0.7000             -0.8502              1.0596              0.0350  
forward:               0.7500             -0.9682              0.0914              0.0355  
forward:               0.8000             -1.0269             -0.9355              0.0361  
forward:               0.8500             -1.0439             -1.9793              0.0364  
forward:               0.9000             -1.0404             -3.0197              0.0367  
forward:               0.9500             -1.0262             -4.0460              0.0370  
forward:               1.0000             -1.0164             -5.0624              0.0373  
backward:              1.0000              0.0000             -5.0624              0.0000  
backward:              0.9500              1.0136             -4.0488              0.0059  
backward:              0.9000              1.0291             -3.0197              0.0081  
backward:              0.8500              1.0417             -1.9780              0.0099  
backward:              0.8000              1.0421             -0.9360              0.0117  
backward:              0.7500              1.0127              0.0767              0.0138  
backward:              0.7000              0.9591              1.0358              0.0159  
backward:              0.6500              0.8499              1.8857              0.0177  
backward:              0.6000              0.6777              2.5634              0.0192  
backward:              0.5500              0.4746              3.0380              0.0194  
backward:              0.5000              0.2467              3.2847              0.0208  
backward:              0.4500              0.0914              3.3761              0.0215  
backward:              0.4000              0.0741              3.4502              0.0222  
backward:              0.3500              0.0445              3.4947              0.0228  
backward:              0.3000              0.0051              3.4998              0.0236  
backward:              0.2500             -0.0462              3.4536              0.0246  
backward:              0.2000             -0.1308              3.3228              0.0258  
backward:              0.1500             -0.2353              3.0875              0.0273  
backward:              0.1000             -0.4568              2.6308              0.0359  
backward:              0.0500             -0.8471              1.7837              0.0468  
backward:              0.0000             -1.6320              0.1517              0.0550  
Inaccuracy estimation
======================================================================================================
                   i        i+δi          P0_overlap_P1   δε(forward)/ε   δε(backward)/ε
======================================================================================================
inaccuracy:  0.00000        0.05000           34.14           -0.02            1.96
inaccuracy:  0.05000        0.10000           44.79           -0.04            1.14
inaccuracy:  0.10000        0.15000           57.80           -0.02            0.51
inaccuracy:  0.15000        0.20000           66.82           -0.02            0.27
inaccuracy:  0.20000        0.25000           70.14           -0.02            0.19
inaccuracy:  0.25000        0.30000           72.22           -0.02            0.15
inaccuracy:  0.30000        0.35000           73.12           -0.02            0.12
inaccuracy:  0.35000        0.40000           73.73           -0.02            0.11
inaccuracy:  0.40000        0.45000           74.57           -0.02            0.09
inaccuracy:  0.45000        0.50000           76.29           -0.01            0.08
inaccuracy:  0.50000        0.55000           64.78           -0.08            0.16
inaccuracy:  0.55000        0.60000           67.66           -0.10            0.08
inaccuracy:  0.60000        0.65000           67.27           -0.12            0.06
inaccuracy:  0.65000        0.70000           66.82           -0.11            0.05
inaccuracy:  0.70000        0.75000           68.02           -0.11            0.04
inaccuracy:  0.75000        0.80000           68.92           -0.09            0.04
inaccuracy:  0.80000        0.85000           67.96           -0.10            0.04
inaccuracy:  0.85000        0.90000           67.31           -0.09            0.05
inaccuracy:  0.90000        0.95000           66.92           -0.11            0.05
inaccuracy:  0.95000        1.00000           66.65           -0.09            0.06
===================================================================================================================================
                BAR        
-----------------------------------------------------------------------------------------------------------------------------------
BAR-estimator:         λ             λ+δλ          ΔΔA             ΔA            C               Δδe            δe       
                          
-----------------------------------------------------------------------------------------------------------------------------------
BAR-estimator:      0.00000        0.05000        1.6985         1.6985         1.6985         0.0120         0.0120 
BAR-estimator:      0.05000        0.10000        0.9063         2.6048         0.9063         0.0099         0.0155 
BAR-estimator:      0.10000        0.15000        0.4648         3.0696         0.4648         0.0075         0.0173 
BAR-estimator:      0.15000        0.20000        0.2321         3.3017         0.2321         0.0056         0.0181 
BAR-estimator:      0.20000        0.25000        0.1289         3.4306         0.1289         0.0046         0.0187 
BAR-estimator:      0.25000        0.30000        0.0498         3.4803         0.0498         0.0045         0.0193 
BAR-estimator:      0.30000        0.35000       -0.0041         3.4762        -0.0041         0.0037         0.0196 
BAR-estimator:      0.35000        0.40000       -0.0368         3.4394        -0.0368         0.0035         0.0199 
BAR-estimator:      0.40000        0.45000       -0.0719         3.3674        -0.0719         0.0028         0.0201 
BAR-estimator:      0.45000        0.50000       -0.0939         3.2736        -0.0939         0.0033         0.0204 
BAR-estimator:      0.50000        0.55000       -0.2331         3.0404        -0.2331         0.0053         0.0211 
BAR-estimator:      0.55000        0.60000       -0.4852         2.5553        -0.4852         0.0040         0.0214 
BAR-estimator:      0.60000        0.65000       -0.6841         1.8712        -0.6841         0.0041         0.0218 
BAR-estimator:      0.65000        0.70000       -0.8529         1.0182        -0.8529         0.0042         0.0222 
BAR-estimator:      0.70000        0.75000       -0.9654         0.0528        -0.9654         0.0041         0.0226 
BAR-estimator:      0.75000        0.80000       -1.0172        -0.9644        -1.0172         0.0042         0.0230 
BAR-estimator:      0.80000        0.85000       -1.0426        -2.0070        -1.0426         0.0035         0.0232 
BAR-estimator:      0.85000        0.90000       -1.0405        -3.0475        -1.0405         0.0039         0.0236 
BAR-estimator:      0.90000        0.95000       -1.0254        -4.0729        -1.0254         0.0040         0.0239 
BAR-estimator:      0.95000        1.00000       -1.0137        -5.0866        -1.0137         0.0039         0.0242 
BAR-estimator: total free energy change is -5.0865993385008546 , total error is 0.024203995185366246
