#========================================================================================
#                     Free energy perturbation    
#----------------------------------------------------------------------------------------
#forward/backward          λ              ΔΔA                 ΔA                  δε   
#                                                 
#----------------------------------------------------------------------------------------
forward:               0.0000              0.0000              0.0000              0.0000  
forward:               0.0500              0.8704              0.8704              0.0101  
forward:               0.1000              0.4733              1.3437              0.0127  
forward:               0.1500              0.2967              1.6404              0.0144  
forward:               0.2000              0.1837              1.8241              0.0152  
forward:               0.2500              0.1233              1.9474              0.0157  
forward:               0.3000              0.0817              2.0291              0.0162  
forward:               0.3500              0.0577              2.0869              0.0167  
forward:               0.4000              0.0231              2.1100              0.0171  
forward:               0.4500              0.0136              2.1235              0.0175  
forward:               0.5000             -0.0101              2.1134              0.0178  
forward:               0.5500             -0.0787              2.0347              0.0182  
forward:               0.6000             -0.1900              1.8448              0.0185  
forward:               0.6500             -0.2909              1.5538              0.0189  
forward:               0.7000             -0.3740              1.1799              0.0191  
forward:               0.7500             -0.4398              0.7401              0.0195  
forward:               0.8000             -0.5078              0.2323              0.0197  
forward:               0.8500             -0.5523             -0.3200              0.0200  
forward:               0.9000             -0.5973             -0.9173              0.0202  
forward:               0.9500             -0.6251             -1.5424              0.0206  
forward:               1.0000             -0.6433             -2.1857              0.0209  
backward:              1.0000              0.0000             -2.1857              0.0000  
backward:              0.9500              0.6506             -1.5352              0.0044  
backward:              0.9000              0.6163             -0.9189              0.0061  
backward:              0.8500              0.5931             -0.3258              0.0073  
backward:              0.8000              0.5529              0.2271              0.0083  
backward:              0.7500              0.5121              0.7392              0.0091  
backward:              0.7000              0.4460              1.1851              0.0099  
backward:              0.6500              0.3751              1.5602              0.0110  
backward:              0.6000              0.2871              1.8474              0.0118  
backward:              0.5500              0.1962              2.0435              0.0125  
backward:              0.5000              0.0854              2.1289              0.0133  
backward:              0.4500              0.0091              2.1380              0.0139  
backward:              0.4000             -0.0088              2.1292              0.0145  
backward:              0.3500             -0.0262              2.1030              0.0153  
backward:              0.3000             -0.0528              2.0502              0.0159  
backward:              0.2500             -0.0793              1.9709              0.0168  
backward:              0.2000             -0.1256              1.8453              0.0177  
backward:              0.1500             -0.1780              1.6672              0.0188  
backward:              0.1000             -0.2955              1.3718              0.0208  
backward:              0.0500             -0.4871              0.8847              0.0244  
backward:              0.0000             -0.8548              0.0299              0.0326  
Inaccuracy estimation
======================================================================================================
                   i        i+δi          P0_overlap_P1   δε(forward)/ε   δε(backward)/ε
======================================================================================================
inaccuracy:  0.00000        0.05000           49.12           -0.02            0.98
inaccuracy:  0.05000        0.10000           61.50           -0.01            0.45
inaccuracy:  0.10000        0.15000           67.50           -0.01            0.27
inaccuracy:  0.15000        0.20000           71.32           -0.01            0.18
inaccuracy:  0.20000        0.25000           74.45           -0.00            0.12
inaccuracy:  0.25000        0.30000           76.03           -0.01            0.12
inaccuracy:  0.30000        0.35000           76.19           -0.01            0.10
inaccuracy:  0.35000        0.40000           78.00           -0.01            0.08
inaccuracy:  0.40000        0.45000           77.46           -0.00            0.08
inaccuracy:  0.45000        0.50000           79.17           -0.01            0.07
inaccuracy:  0.50000        0.55000           72.62           -0.03            0.10
inaccuracy:  0.55000        0.60000           74.21           -0.04            0.08
inaccuracy:  0.60000        0.65000           74.07           -0.04            0.07
inaccuracy:  0.65000        0.70000           74.24           -0.05            0.06
inaccuracy:  0.70000        0.75000           74.00           -0.04            0.05
inaccuracy:  0.75000        0.80000           74.15           -0.04            0.05
inaccuracy:  0.80000        0.85000           74.65           -0.05            0.05
inaccuracy:  0.85000        0.90000           74.92           -0.04            0.04
inaccuracy:  0.90000        0.95000           75.13           -0.05            0.04
inaccuracy:  0.95000        1.00000           73.05           -0.04            0.04
===================================================================================================================================
                BAR        
-----------------------------------------------------------------------------------------------------------------------------------
BAR-estimator:         λ             λ+δλ          ΔΔA             ΔA            C               Δδe            δe       
                          
-----------------------------------------------------------------------------------------------------------------------------------
BAR-estimator:      0.00000        0.05000        0.8706         0.8706         0.8706         0.0064         0.0064 
BAR-estimator:      0.05000        0.10000        0.4767         1.3473         0.4767         0.0055         0.0084 
BAR-estimator:      0.10000        0.15000        0.2973         1.6446         0.2973         0.0047         0.0096 
BAR-estimator:      0.15000        0.20000        0.1821         1.8267         0.1821         0.0034         0.0102 
BAR-estimator:      0.20000        0.25000        0.1240         1.9507         0.1240         0.0028         0.0106 
BAR-estimator:      0.25000        0.30000        0.0839         2.0346         0.0839         0.0029         0.0110 
BAR-estimator:      0.30000        0.35000        0.0559         2.0904         0.0559         0.0029         0.0114 
BAR-estimator:      0.35000        0.40000        0.0247         2.1151         0.0247         0.0025         0.0116 
BAR-estimator:      0.40000        0.45000        0.0120         2.1271         0.0120         0.0026         0.0119 
BAR-estimator:      0.45000        0.50000       -0.0097         2.1174        -0.0097         0.0016         0.0121 
BAR-estimator:      0.50000        0.55000       -0.0808         2.0365        -0.0808         0.0027         0.0123 
BAR-estimator:      0.55000        0.60000       -0.1908         1.8457        -0.1908         0.0027         0.0126 
BAR-estimator:      0.60000        0.65000       -0.2908         1.5549        -0.2908         0.0027         0.0129 
BAR-estimator:      0.65000        0.70000       -0.3757         1.1793        -0.3757         0.0026         0.0132 
BAR-estimator:      0.70000        0.75000       -0.4425         0.7368        -0.4425         0.0028         0.0135 
BAR-estimator:      0.75000        0.80000       -0.5078         0.2290        -0.5078         0.0026         0.0137 
BAR-estimator:      0.80000        0.85000       -0.5532        -0.3242        -0.5532         0.0029         0.0140 
BAR-estimator:      0.85000        0.90000       -0.5938        -0.9180        -0.5938         0.0026         0.0143 
BAR-estimator:      0.90000        0.95000       -0.6236        -1.5416        -0.6236         0.0025         0.0145 
BAR-estimator:      0.95000        1.00000       -0.6471        -2.1887        -0.6471         0.0027         0.0147 
BAR-estimator: total free energy change is -2.1886684830181795 , total error is 0.014728905932485983
