#========================================================================================
#                     Free energy perturbation    
#----------------------------------------------------------------------------------------
#forward/backward          λ              ΔΔA                 ΔA                  δε   
#                                                 
#----------------------------------------------------------------------------------------
forward:               0.0000              0.0000              0.0000              0.0000  
forward:               0.0500              1.4839              1.4839              0.0224  
forward:               0.1000              0.7947              2.2786              0.0287  
forward:               0.1500              0.4334              2.7120              0.0312  
forward:               0.2000              0.2391              2.9511              0.0322  
forward:               0.2500              0.1441              3.0952              0.0329  
forward:               0.3000              0.0564              3.1516              0.0336  
forward:               0.3500              0.0179              3.1695              0.0340  
forward:               0.4000             -0.0122              3.1573              0.0345  
forward:               0.4500             -0.0361              3.1212              0.0348  
forward:               0.5000             -0.0689              3.0523              0.0351  
forward:               0.5500             -0.1907              2.8616              0.0356  
forward:               0.6000             -0.4010              2.4606              0.0361  
forward:               0.6500             -0.5851              1.8755              0.0365  
forward:               0.7000             -0.7449              1.1306              0.0370  
forward:               0.7500             -0.8542              0.2764              0.0372  
forward:               0.8000             -0.9256             -0.6492              0.0376  
forward:               0.8500             -0.9795             -1.6286              0.0379  
forward:               0.9000             -1.0162             -2.6449              0.0382  
forward:               0.9500             -1.0160             -3.6609              0.0385  
forward:               1.0000             -1.0416             -4.7025              0.0388  
backward:              1.0000              0.0000             -4.7025              0.0000  
backward:              0.9500              1.0349             -3.6676              0.0059  
backward:              0.9000              1.0059             -2.6618              0.0080  
backward:              0.8500              1.0109             -1.6508              0.0098  
backward:              0.8000              0.9793             -0.6715              0.0113  
backward:              0.7500              0.9225              0.2510              0.0127  
backward:              0.7000              0.8491              1.1000              0.0142  
backward:              0.6500              0.7416              1.8416              0.0157  
backward:              0.6000              0.5838              2.4254              0.0165  
backward:              0.5500              0.3996              2.8250              0.0178  
backward:              0.5000              0.1744              2.9994              0.0191  
backward:              0.4500              0.0602              3.0597              0.0198  
backward:              0.4000              0.0357              3.0954              0.0204  
backward:              0.3500              0.0220              3.1173              0.0213  
backward:              0.3000             -0.0217              3.0956              0.0220  
backward:              0.2500             -0.0661              3.0296              0.0239  
backward:              0.2000             -0.1358              2.8938              0.0263  
backward:              0.1500             -0.2222              2.6716              0.0278  
backward:              0.1000             -0.4449              2.2267              0.0312  
backward:              0.0500             -0.7843              1.4424              0.0413  
backward:              0.0000             -1.4701             -0.0278              0.0526  
Inaccuracy estimation
======================================================================================================
                   i        i+δi          P0_overlap_P1   δε(forward)/ε   δε(backward)/ε
======================================================================================================
inaccuracy:  0.00000        0.05000           39.02           -0.04            1.42
inaccuracy:  0.05000        0.10000           49.69           -0.02            0.92
inaccuracy:  0.10000        0.15000           59.98           -0.02            0.45
inaccuracy:  0.15000        0.20000           64.66           -0.01            0.28
inaccuracy:  0.20000        0.25000           68.70           -0.01            0.19
inaccuracy:  0.25000        0.30000           71.90           -0.01            0.14
inaccuracy:  0.30000        0.35000           74.13           -0.01            0.13
inaccuracy:  0.35000        0.40000           73.95           -0.01            0.11
inaccuracy:  0.40000        0.45000           75.04           -0.01            0.10
inaccuracy:  0.45000        0.50000           75.98           -0.01            0.09
inaccuracy:  0.50000        0.55000           67.42           -0.07            0.13
inaccuracy:  0.55000        0.60000           67.80           -0.09            0.09
inaccuracy:  0.60000        0.65000           68.49           -0.10            0.07
inaccuracy:  0.65000        0.70000           69.03           -0.09            0.06
inaccuracy:  0.70000        0.75000           69.28           -0.10            0.04
inaccuracy:  0.75000        0.80000           68.64           -0.08            0.04
inaccuracy:  0.80000        0.85000           68.74           -0.09            0.04
inaccuracy:  0.85000        0.90000           68.97           -0.08            0.04
inaccuracy:  0.90000        0.95000           67.93           -0.08            0.04
inaccuracy:  0.95000        1.00000           68.05           -0.09            0.04
===================================================================================================================================
                BAR        
-----------------------------------------------------------------------------------------------------------------------------------
BAR-estimator:         λ             λ+δλ          ΔΔA             ΔA            C               Δδe            δe       
                          
-----------------------------------------------------------------------------------------------------------------------------------
BAR-estimator:      0.00000        0.05000        1.4671         1.4671         1.4671         0.0121         0.0121 
BAR-estimator:      0.05000        0.10000        0.8007         2.2677         0.8007         0.0094         0.0153 
BAR-estimator:      0.10000        0.15000        0.4414         2.7091         0.4414         0.0076         0.0171 
BAR-estimator:      0.15000        0.20000        0.2339         2.9431         0.2339         0.0053         0.0179 
BAR-estimator:      0.20000        0.25000        0.1412         3.0843         0.1412         0.0047         0.0185 
BAR-estimator:      0.25000        0.30000        0.0556         3.1399         0.0556         0.0044         0.0190 
BAR-estimator:      0.30000        0.35000        0.0196         3.1594         0.0196         0.0035         0.0194 
BAR-estimator:      0.35000        0.40000       -0.0137         3.1457        -0.0137         0.0032         0.0196 
BAR-estimator:      0.40000        0.45000       -0.0351         3.1106        -0.0351         0.0033         0.0199 
BAR-estimator:      0.45000        0.50000       -0.0651         3.0455        -0.0651         0.0032         0.0202 
BAR-estimator:      0.50000        0.55000       -0.1858         2.8597        -0.1858         0.0039         0.0205 
BAR-estimator:      0.55000        0.60000       -0.4001         2.4596        -0.4001         0.0037         0.0208 
BAR-estimator:      0.60000        0.65000       -0.5844         1.8752        -0.5844         0.0039         0.0212 
BAR-estimator:      0.65000        0.70000       -0.7435         1.1318        -0.7435         0.0041         0.0216 
BAR-estimator:      0.70000        0.75000       -0.8529         0.2788        -0.8529         0.0032         0.0218 
BAR-estimator:      0.75000        0.80000       -0.9252        -0.6464        -0.9252         0.0041         0.0222 
BAR-estimator:      0.80000        0.85000       -0.9764        -1.6228        -0.9764         0.0030         0.0224 
BAR-estimator:      0.85000        0.90000       -1.0152        -2.6380        -1.0152         0.0041         0.0228 
BAR-estimator:      0.90000        0.95000       -1.0143        -3.6523        -1.0143         0.0037         0.0231 
BAR-estimator:      0.95000        1.00000       -1.0391        -4.6914        -1.0391         0.0041         0.0234 
BAR-estimator: total free energy change is -4.691442822166036 , total error is 0.023440845573909064
