#========================================================================================
#                     Free energy perturbation    
#----------------------------------------------------------------------------------------
#forward/backward          λ              ΔΔA                 ΔA                  δε   
#                                                 
#----------------------------------------------------------------------------------------
forward:               0.0000              0.0000              0.0000              0.0000  
forward:               0.0500              1.7179              1.7179              0.0243  
forward:               0.1000              0.7655              2.4834              0.0284  
forward:               0.1500              0.3599              2.8433              0.0301  
forward:               0.2000              0.1783              3.0216              0.0308  
forward:               0.2500              0.0681              3.0896              0.0317  
forward:               0.3000              0.0117              3.1013              0.0321  
forward:               0.3500             -0.0388              3.0625              0.0323  
forward:               0.4000             -0.0702              2.9923              0.0327  
forward:               0.4500             -0.0948              2.8975              0.0328  
forward:               0.5000             -0.1232              2.7743              0.0330  
forward:               0.5500             -0.1587              2.6157              0.0332  
forward:               0.6000             -0.2059              2.4098              0.0334  
forward:               0.6500             -0.2392              2.1706              0.0335  
forward:               0.7000             -0.2580              1.9126              0.0337  
forward:               0.7500             -0.2793              1.6333              0.0338  
forward:               0.8000             -0.2949              1.3383              0.0339  
forward:               0.8500             -0.3108              1.0276              0.0340  
forward:               0.9000             -0.3223              0.7053              0.0341  
forward:               0.9500             -0.3335              0.3718              0.0342  
forward:               1.0000             -0.3420              0.0298              0.0343  
backward:              1.0000              0.0000              0.0298              0.0000  
backward:              0.9500              0.3493              0.3790              0.0029  
backward:              0.9000              0.3305              0.7096              0.0044  
backward:              0.8500              0.3196              1.0292              0.0054  
backward:              0.8000              0.3125              1.3416              0.0063  
backward:              0.7500              0.2952              1.6368              0.0070  
backward:              0.7000              0.2822              1.9191              0.0077  
backward:              0.6500              0.2586              2.1777              0.0082  
backward:              0.6000              0.2348              2.4125              0.0089  
backward:              0.5500              0.1976              2.6101              0.0097  
backward:              0.5000              0.1581              2.7682              0.0106  
backward:              0.4500              0.1193              2.8874              0.0113  
backward:              0.4000              0.0975              2.9849              0.0123  
backward:              0.3500              0.0689              3.0538              0.0131  
backward:              0.3000              0.0383              3.0922              0.0139  
backward:              0.2500             -0.0007              3.0915              0.0152  
backward:              0.2000             -0.0696              3.0219              0.0166  
backward:              0.1500             -0.1697              2.8522              0.0189  
backward:              0.1000             -0.3341              2.5181              0.0218  
backward:              0.0500             -0.7193              1.7987              0.0280  
backward:              0.0000             -2.3397             -0.5410              0.4316  
Inaccuracy estimation
======================================================================================================
                   i        i+δi          P0_overlap_P1   δε(forward)/ε   δε(backward)/ε
======================================================================================================
inaccuracy:  0.00000        0.05000           30.86           -0.04            3.16
inaccuracy:  0.05000        0.10000           49.04           -0.02            0.86
inaccuracy:  0.10000        0.15000           61.80           -0.02            0.39
inaccuracy:  0.15000        0.20000           68.60           -0.01            0.21
inaccuracy:  0.20000        0.25000           72.88           -0.01            0.13
inaccuracy:  0.25000        0.30000           74.24           -0.01            0.11
inaccuracy:  0.30000        0.35000           76.57           -0.01            0.08
inaccuracy:  0.35000        0.40000           78.04           -0.01            0.07
inaccuracy:  0.40000        0.45000           78.23           -0.01            0.06
inaccuracy:  0.45000        0.50000           79.85           -0.01            0.06
inaccuracy:  0.50000        0.55000           77.78           -0.02            0.06
inaccuracy:  0.55000        0.60000           79.40           -0.02            0.05
inaccuracy:  0.60000        0.65000           80.09           -0.02            0.05
inaccuracy:  0.65000        0.70000           79.34           -0.02            0.05
inaccuracy:  0.70000        0.75000           79.42           -0.02            0.04
inaccuracy:  0.75000        0.80000           79.69           -0.02            0.04
inaccuracy:  0.80000        0.85000           79.46           -0.02            0.04
inaccuracy:  0.85000        0.90000           79.80           -0.02            0.04
inaccuracy:  0.90000        0.95000           79.28           -0.02            0.04
inaccuracy:  0.95000        1.00000           78.34           -0.02            0.04
===================================================================================================================================
                BAR        
-----------------------------------------------------------------------------------------------------------------------------------
BAR-estimator:         λ             λ+δλ          ΔΔA             ΔA            C               Δδe            δe       
                          
-----------------------------------------------------------------------------------------------------------------------------------
BAR-estimator:      0.00000        0.05000        1.7096         1.7096         1.7096         0.0203         0.0203 
BAR-estimator:      0.05000        0.10000        0.7534         2.4631         0.7534         0.0090         0.0222 
BAR-estimator:      0.10000        0.15000        0.3573         2.8204         0.3573         0.0065         0.0231 
BAR-estimator:      0.15000        0.20000        0.1746         2.9950         0.1746         0.0042         0.0235 
BAR-estimator:      0.20000        0.25000        0.0681         3.0631         0.0681         0.0037         0.0238 
BAR-estimator:      0.25000        0.30000        0.0076         3.0707         0.0076         0.0030         0.0240 
BAR-estimator:      0.30000        0.35000       -0.0394         3.0312        -0.0394         0.0027         0.0241 
BAR-estimator:      0.35000        0.40000       -0.0703         2.9610        -0.0703         0.0031         0.0243 
BAR-estimator:      0.40000        0.45000       -0.0968         2.8641        -0.0968         0.0024         0.0244 
BAR-estimator:      0.45000        0.50000       -0.1210         2.7432        -0.1210         0.0025         0.0246 
BAR-estimator:      0.50000        0.55000       -0.1583         2.5849        -0.1583         0.0025         0.0247 
BAR-estimator:      0.55000        0.60000       -0.2034         2.3815        -0.2034         0.0025         0.0248 
BAR-estimator:      0.60000        0.65000       -0.2364         2.1451        -0.2364         0.0023         0.0249 
BAR-estimator:      0.65000        0.70000       -0.2577         1.8874        -0.2577         0.0022         0.0250 
BAR-estimator:      0.70000        0.75000       -0.2804         1.6071        -0.2804         0.0024         0.0251 
BAR-estimator:      0.75000        0.80000       -0.2949         1.3121        -0.2949         0.0023         0.0252 
BAR-estimator:      0.80000        0.85000       -0.3113         1.0009        -0.3113         0.0024         0.0254 
BAR-estimator:      0.85000        0.90000       -0.3216         0.6792        -0.3216         0.0024         0.0255 
BAR-estimator:      0.90000        0.95000       -0.3335         0.3457        -0.3335         0.0022         0.0256 
BAR-estimator:      0.95000        1.00000       -0.3437         0.0021        -0.3437         0.0018         0.0256 
BAR-estimator: total free energy change is 0.0020644313962139837 , total error is 0.025626004270495703
