#========================================================================================
#                     Free energy perturbation    
#----------------------------------------------------------------------------------------
#forward/backward          λ              ΔΔA                 ΔA                  δε   
#                                                 
#----------------------------------------------------------------------------------------
forward:               0.0000              0.0000              0.0000              0.0000  
forward:               0.0500              2.4001              2.4001              0.0385  
forward:               0.1000              1.2054              3.6055              0.0462  
forward:               0.1500              0.5105              4.1159              0.0481  
forward:               0.2000              0.2169              4.3329              0.0491  
forward:               0.2500              0.0733              4.4062              0.0498  
forward:               0.3000             -0.0094              4.3968              0.0503  
forward:               0.3500             -0.0711              4.3257              0.0506  
forward:               0.4000             -0.0974              4.2283              0.0509  
forward:               0.4500             -0.1327              4.0956              0.0511  
forward:               0.5000             -0.1703              3.9253              0.0514  
forward:               0.5500             -0.2292              3.6961              0.0518  
forward:               0.6000             -0.4060              3.2901              0.0522  
forward:               0.6500             -0.5413              2.7488              0.0526  
forward:               0.7000             -0.6731              2.0757              0.0529  
forward:               0.7500             -0.7818              1.2939              0.0532  
forward:               0.8000             -0.8616              0.4323              0.0535  
forward:               0.8500             -0.9331             -0.5009              0.0538  
forward:               0.9000             -0.9938             -1.4947              0.0540  
forward:               0.9500             -1.0154             -2.5101              0.0542  
forward:               1.0000             -1.0539             -3.5640              0.0544  
backward:              1.0000              0.0000             -3.5640              0.0000  
backward:              0.9500              1.0468             -2.5172              0.0061  
backward:              0.9000              1.0201             -1.4970              0.0088  
backward:              0.8500              0.9896             -0.5075              0.0113  
backward:              0.8000              0.9277              0.4202              0.0134  
backward:              0.7500              0.8726              1.2928              0.0148  
backward:              0.7000              0.7767              2.0695              0.0165  
backward:              0.6500              0.6767              2.7463              0.0178  
backward:              0.6000              0.5499              3.2962              0.0198  
backward:              0.5500              0.4136              3.7098              0.0209  
backward:              0.5000              0.2108              3.9206              0.0219  
backward:              0.4500              0.1574              4.0780              0.0226  
backward:              0.4000              0.1336              4.2116              0.0235  
backward:              0.3500              0.1007              4.3123              0.0243  
backward:              0.3000              0.0687              4.3810              0.0255  
backward:              0.2500              0.0096              4.3906              0.0265  
backward:              0.2000             -0.0865              4.3041              0.0286  
backward:              0.1500             -0.2082              4.0959              0.0305  
backward:              0.1000             -0.5714              3.5245              0.0398  
backward:              0.0500             -1.2118              2.3127              0.0548  
backward:              0.0000             -2.2853              0.0274              0.0644  
Inaccuracy estimation
======================================================================================================
                   i        i+δi          P0_overlap_P1   δε(forward)/ε   δε(backward)/ε
======================================================================================================
inaccuracy:  0.00000        0.05000           26.76            0.05            2.96
inaccuracy:  0.05000        0.10000           37.13           -0.08            1.74
inaccuracy:  0.10000        0.15000           52.97           -0.04            0.69
inaccuracy:  0.15000        0.20000           61.07           -0.03            0.37
inaccuracy:  0.20000        0.25000           65.88           -0.02            0.22
inaccuracy:  0.25000        0.30000           67.68           -0.02            0.18
inaccuracy:  0.30000        0.35000           70.60           -0.02            0.15
inaccuracy:  0.35000        0.40000           70.01           -0.02            0.13
inaccuracy:  0.40000        0.45000           71.37           -0.03            0.12
inaccuracy:  0.45000        0.50000           73.28           -0.01            0.10
inaccuracy:  0.50000        0.55000           67.03           -0.06            0.15
inaccuracy:  0.55000        0.60000           65.55           -0.07            0.11
inaccuracy:  0.60000        0.65000           66.45           -0.08            0.09
inaccuracy:  0.65000        0.70000           67.72           -0.09            0.08
inaccuracy:  0.70000        0.75000           68.08           -0.08            0.06
inaccuracy:  0.75000        0.80000           67.38           -0.09            0.05
inaccuracy:  0.80000        0.85000           67.34           -0.08            0.05
inaccuracy:  0.85000        0.90000           68.26           -0.08            0.04
inaccuracy:  0.90000        0.95000           67.64           -0.08            0.04
inaccuracy:  0.95000        1.00000           68.42           -0.09            0.04
===================================================================================================================================
                BAR        
-----------------------------------------------------------------------------------------------------------------------------------
BAR-estimator:         λ             λ+δλ          ΔΔA             ΔA            C               Δδe            δe       
                          
-----------------------------------------------------------------------------------------------------------------------------------
BAR-estimator:      0.00000        0.05000        2.4137         2.4137         2.4137         0.0143         0.0143 
BAR-estimator:      0.05000        0.10000        1.2169         3.6306         1.2169         0.0128         0.0192 
BAR-estimator:      0.10000        0.15000        0.5226         4.1532         0.5226         0.0090         0.0212 
BAR-estimator:      0.15000        0.20000        0.2184         4.3717         0.2184         0.0064         0.0222 
BAR-estimator:      0.20000        0.25000        0.0764         4.4481         0.0764         0.0055         0.0228 
BAR-estimator:      0.25000        0.30000       -0.0085         4.4396        -0.0085         0.0045         0.0233 
BAR-estimator:      0.30000        0.35000       -0.0695         4.3700        -0.0695         0.0040         0.0236 
BAR-estimator:      0.35000        0.40000       -0.0984         4.2716        -0.0984         0.0039         0.0239 
BAR-estimator:      0.40000        0.45000       -0.1347         4.1369        -0.1347         0.0036         0.0242 
BAR-estimator:      0.45000        0.50000       -0.1642         3.9726        -0.1642         0.0036         0.0245 
BAR-estimator:      0.50000        0.55000       -0.2195         3.7531        -0.2195         0.0042         0.0248 
BAR-estimator:      0.55000        0.60000       -0.4087         3.3444        -0.4087         0.0042         0.0252 
BAR-estimator:      0.60000        0.65000       -0.5463         2.7981        -0.5463         0.0040         0.0255 
BAR-estimator:      0.65000        0.70000       -0.6744         2.1237        -0.6744         0.0040         0.0258 
BAR-estimator:      0.70000        0.75000       -0.7794         1.3442        -0.7794         0.0039         0.0261 
BAR-estimator:      0.75000        0.80000       -0.8634         0.4808        -0.8634         0.0038         0.0263 
BAR-estimator:      0.80000        0.85000       -0.9338        -0.4530        -0.9338         0.0042         0.0267 
BAR-estimator:      0.85000        0.90000       -0.9948        -1.4478        -0.9948         0.0039         0.0270 
BAR-estimator:      0.90000        0.95000       -1.0195        -2.4673        -1.0195         0.0040         0.0272 
BAR-estimator:      0.95000        1.00000       -1.0543        -3.5216        -1.0543         0.0037         0.0275 
BAR-estimator: total free energy change is -3.521611598160643 , total error is 0.027492006007499934
