#========================================================================================
#                     Free energy perturbation    
#----------------------------------------------------------------------------------------
#forward/backward          λ              ΔΔA                 ΔA                  δε   
#                                                 
#----------------------------------------------------------------------------------------
forward:               0.0000              0.0000              0.0000              0.0000  
forward:               0.0500              1.9981              1.9981              0.0268  
forward:               0.1000              1.1443              3.1423              0.0316  
forward:               0.1500              0.5027              3.6451              0.0359  
forward:               0.2000              0.2394              3.8845              0.0371  
forward:               0.2500              0.1005              3.9850              0.0378  
forward:               0.3000              0.0229              4.0079              0.0383  
forward:               0.3500             -0.0268              3.9810              0.0388  
forward:               0.4000             -0.0767              3.9044              0.0391  
forward:               0.4500             -0.1011              3.8033              0.0394  
forward:               0.5000             -0.1256              3.6777              0.0396  
forward:               0.5500             -0.2261              3.4516              0.0400  
forward:               0.6000             -0.4136              3.0380              0.0404  
forward:               0.6500             -0.5868              2.4512              0.0409  
forward:               0.7000             -0.7411              1.7101              0.0413  
forward:               0.7500             -0.8445              0.8657              0.0416  
forward:               0.8000             -0.8852             -0.0195              0.0419  
forward:               0.8500             -0.9148             -0.9343              0.0422  
forward:               0.9000             -0.9228             -1.8571              0.0423  
forward:               0.9500             -0.9144             -2.7715              0.0426  
forward:               1.0000             -0.9098             -3.6813              0.0429  
backward:              1.0000              0.0000             -3.6813              0.0000  
backward:              0.9500              0.9038             -2.7775              0.0062  
backward:              0.9000              0.9126             -1.8649              0.0094  
backward:              0.8500              0.9276             -0.9373              0.0114  
backward:              0.8000              0.9017             -0.0356              0.0135  
backward:              0.7500              0.8950              0.8595              0.0148  
backward:              0.7000              0.8349              1.6944              0.0163  
backward:              0.6500              0.7297              2.4241              0.0179  
backward:              0.6000              0.5889              3.0130              0.0189  
backward:              0.5500              0.4182              3.4312              0.0199  
backward:              0.5000              0.2212              3.6524              0.0208  
backward:              0.4500              0.1336              3.7860              0.0215  
backward:              0.4000              0.0967              3.8828              0.0223  
backward:              0.3500              0.0688              3.9515              0.0230  
backward:              0.3000              0.0396              3.9912              0.0239  
backward:              0.2500             -0.0322              3.9590              0.0254  
backward:              0.2000             -0.1110              3.8480              0.0272  
backward:              0.1500             -0.2358              3.6122              0.0299  
backward:              0.1000             -0.5151              3.0971              0.0357  
backward:              0.0500             -1.1534              1.9437              0.0487  
backward:              0.0000             -1.9810             -0.0373              0.0628  
Inaccuracy estimation
======================================================================================================
                   i        i+δi          P0_overlap_P1   δε(forward)/ε   δε(backward)/ε
======================================================================================================
inaccuracy:  0.00000        0.05000           31.96           -0.02            2.18
inaccuracy:  0.05000        0.10000           38.25           -0.07            1.46
inaccuracy:  0.10000        0.15000           53.59           -0.04            0.69
inaccuracy:  0.15000        0.20000           60.22           -0.03            0.37
inaccuracy:  0.20000        0.25000           65.00           -0.02            0.25
inaccuracy:  0.25000        0.30000           67.94           -0.02            0.20
inaccuracy:  0.30000        0.35000           68.00           -0.02            0.17
inaccuracy:  0.35000        0.40000           71.46           -0.02            0.15
inaccuracy:  0.40000        0.45000           70.49           -0.02            0.13
inaccuracy:  0.45000        0.50000           71.00           -0.02            0.13
inaccuracy:  0.50000        0.55000           65.75           -0.08            0.15
inaccuracy:  0.55000        0.60000           65.46           -0.10            0.13
inaccuracy:  0.60000        0.65000           65.03           -0.10            0.11
inaccuracy:  0.65000        0.70000           65.77           -0.11            0.08
inaccuracy:  0.70000        0.75000           66.19           -0.10            0.07
inaccuracy:  0.75000        0.80000           65.91           -0.10            0.07
inaccuracy:  0.80000        0.85000           66.36           -0.09            0.07
inaccuracy:  0.85000        0.90000           65.27           -0.10            0.07
inaccuracy:  0.90000        0.95000           64.62           -0.10            0.07
inaccuracy:  0.95000        1.00000           65.20           -0.10            0.08
===================================================================================================================================
                BAR        
-----------------------------------------------------------------------------------------------------------------------------------
BAR-estimator:         λ             λ+δλ          ΔΔA             ΔA            C               Δδe            δe       
                          
-----------------------------------------------------------------------------------------------------------------------------------
BAR-estimator:      0.00000        0.05000        1.9947         1.9947         1.9947         0.0116         0.0116 
BAR-estimator:      0.05000        0.10000        1.1341         3.1288         1.1341         0.0108         0.0159 
BAR-estimator:      0.10000        0.15000        0.5095         3.6383         0.5095         0.0082         0.0179 
BAR-estimator:      0.15000        0.20000        0.2395         3.8778         0.2395         0.0061         0.0189 
BAR-estimator:      0.20000        0.25000        0.1032         3.9810         0.1032         0.0049         0.0195 
BAR-estimator:      0.25000        0.30000        0.0264         4.0074         0.0264         0.0042         0.0200 
BAR-estimator:      0.30000        0.35000       -0.0320         3.9754        -0.0320         0.0041         0.0204 
BAR-estimator:      0.35000        0.40000       -0.0706         3.9049        -0.0706         0.0042         0.0208 
BAR-estimator:      0.40000        0.45000       -0.1005         3.8043        -0.1005         0.0035         0.0211 
BAR-estimator:      0.45000        0.50000       -0.1280         3.6763        -0.1280         0.0030         0.0213 
BAR-estimator:      0.50000        0.55000       -0.2217         3.4547        -0.2217         0.0037         0.0216 
BAR-estimator:      0.55000        0.60000       -0.4148         3.0399        -0.4148         0.0036         0.0219 
BAR-estimator:      0.60000        0.65000       -0.5819         2.4579        -0.5819         0.0037         0.0222 
BAR-estimator:      0.65000        0.70000       -0.7368         1.7211        -0.7368         0.0038         0.0226 
BAR-estimator:      0.70000        0.75000       -0.8387         0.8824        -0.8387         0.0038         0.0229 
BAR-estimator:      0.75000        0.80000       -0.8890        -0.0066        -0.8890         0.0038         0.0232 
BAR-estimator:      0.80000        0.85000       -0.9084        -0.9150        -0.9084         0.0040         0.0235 
BAR-estimator:      0.85000        0.90000       -0.9242        -1.8392        -0.9242         0.0042         0.0239 
BAR-estimator:      0.90000        0.95000       -0.9175        -2.7567        -0.9175         0.0043         0.0243 
BAR-estimator:      0.95000        1.00000       -0.9073        -3.6640        -0.9073         0.0042         0.0246 
BAR-estimator: total free energy change is -3.6639713582688387 , total error is 0.024642801743357583
