#========================================================================================
#                     Free energy perturbation    
#----------------------------------------------------------------------------------------
#forward/backward          λ              ΔΔA                 ΔA                  δε   
#                                                 
#----------------------------------------------------------------------------------------
forward:               0.0000              0.0000              0.0000              0.0000  
forward:               0.0500              4.0215              4.0215              0.0746  
forward:               0.1000              1.9988              6.0204              0.0828  
forward:               0.1500              0.8314              6.8517              0.0858  
forward:               0.2000              0.3118              7.1635              0.0866  
forward:               0.2500              0.0384              7.2019              0.0872  
forward:               0.3000             -0.1023              7.0996              0.0875  
forward:               0.3500             -0.2035              6.8961              0.0877  
forward:               0.4000             -0.2772              6.6189              0.0879  
forward:               0.4500             -0.3358              6.2831              0.0880  
forward:               0.5000             -0.3819              5.9012              0.0882  
forward:               0.5500             -0.4690              5.4322              0.0883  
forward:               0.6000             -0.5811              4.8511              0.0885  
forward:               0.6500             -0.6530              4.1981              0.0886  
forward:               0.7000             -0.7129              3.4852              0.0887  
forward:               0.7500             -0.7395              2.7457              0.0888  
forward:               0.8000             -0.7771              1.9686              0.0889  
forward:               0.8500             -0.7959              1.1727              0.0890  
forward:               0.9000             -0.8194              0.3533              0.0891  
forward:               0.9500             -0.8284             -0.4751              0.0892  
forward:               1.0000             -0.8502             -1.3253              0.0893  
backward:              1.0000              0.0000             -1.3253              0.0000  
backward:              0.9500              0.8437             -0.4817              0.0057  
backward:              0.9000              0.8271              0.3454              0.0079  
backward:              0.8500              0.8189              1.1643              0.0095  
backward:              0.8000              0.7962              1.9604              0.0114  
backward:              0.7500              0.7846              2.7450              0.0124  
backward:              0.7000              0.7458              3.4908              0.0136  
backward:              0.6500              0.7244              4.2153              0.0146  
backward:              0.6000              0.6337              4.8490              0.0163  
backward:              0.5500              0.5726              5.4215              0.0175  
backward:              0.5000              0.4582              5.8797              0.0194  
backward:              0.4500              0.3854              6.2651              0.0204  
backward:              0.4000              0.3323              6.5975              0.0211  
backward:              0.3500              0.2766              6.8741              0.0221  
backward:              0.3000              0.2140              7.0881              0.0233  
backward:              0.2500              0.1126              7.2007              0.0251  
backward:              0.2000             -0.0671              7.1336              0.0280  
backward:              0.1500             -0.3449              6.7887              0.0342  
backward:              0.1000             -0.8065              5.9822              0.0407  
backward:              0.0500             -1.8800              4.1022              0.0746  
backward:              0.0000             -3.9131              0.1891              0.1609  
Inaccuracy estimation
======================================================================================================
                   i        i+δi          P0_overlap_P1   δε(forward)/ε   δε(backward)/ε
======================================================================================================
inaccuracy:  0.00000        0.05000           14.72            0.71            6.41
inaccuracy:  0.05000        0.10000           26.41           -0.07            3.21
inaccuracy:  0.10000        0.15000           41.02           -0.08            1.31
inaccuracy:  0.15000        0.20000           52.92           -0.05            0.58
inaccuracy:  0.20000        0.25000           60.23           -0.05            0.33
inaccuracy:  0.25000        0.30000           62.58           -0.04            0.24
inaccuracy:  0.30000        0.35000           64.92           -0.05            0.18
inaccuracy:  0.35000        0.40000           67.38           -0.03            0.15
inaccuracy:  0.40000        0.45000           68.54           -0.05            0.12
inaccuracy:  0.45000        0.50000           68.91           -0.04            0.11
inaccuracy:  0.50000        0.55000           66.15           -0.06            0.12
inaccuracy:  0.55000        0.60000           67.26           -0.07            0.09
inaccuracy:  0.60000        0.65000           69.11           -0.07            0.07
inaccuracy:  0.65000        0.70000           67.98           -0.07            0.07
inaccuracy:  0.70000        0.75000           68.92           -0.07            0.07
inaccuracy:  0.75000        0.80000           68.89           -0.08            0.06
inaccuracy:  0.80000        0.85000           68.72           -0.07            0.06
inaccuracy:  0.85000        0.90000           69.42           -0.08            0.06
inaccuracy:  0.90000        0.95000           69.09           -0.07            0.06
inaccuracy:  0.95000        1.00000           68.78           -0.06            0.06
===================================================================================================================================
                BAR        
-----------------------------------------------------------------------------------------------------------------------------------
BAR-estimator:         λ             λ+δλ          ΔΔA             ΔA            C               Δδe            δe       
                          
-----------------------------------------------------------------------------------------------------------------------------------
BAR-estimator:      0.00000        0.05000        3.9797         3.9797         3.9797         0.0186         0.0186 
BAR-estimator:      0.05000        0.10000        1.9916         5.9713         1.9916         0.0173         0.0254 
BAR-estimator:      0.10000        0.15000        0.8447         6.8160         0.8447         0.0118         0.0280 
BAR-estimator:      0.15000        0.20000        0.3190         7.1349         0.3190         0.0078         0.0290 
BAR-estimator:      0.20000        0.25000        0.0481         7.1830         0.0481         0.0063         0.0297 
BAR-estimator:      0.25000        0.30000       -0.1039         7.0792        -0.1039         0.0048         0.0301 
BAR-estimator:      0.30000        0.35000       -0.2045         6.8747        -0.2045         0.0040         0.0304 
BAR-estimator:      0.35000        0.40000       -0.2733         6.6014        -0.2733         0.0039         0.0306 
BAR-estimator:      0.40000        0.45000       -0.3347         6.2667        -0.3347         0.0032         0.0308 
BAR-estimator:      0.45000        0.50000       -0.3836         5.8831        -0.3836         0.0035         0.0310 
BAR-estimator:      0.50000        0.55000       -0.4665         5.4167        -0.4665         0.0039         0.0312 
BAR-estimator:      0.55000        0.60000       -0.5808         4.8358        -0.5808         0.0036         0.0314 
BAR-estimator:      0.60000        0.65000       -0.6492         4.1866        -0.6492         0.0035         0.0316 
BAR-estimator:      0.65000        0.70000       -0.7148         3.4718        -0.7148         0.0035         0.0318 
BAR-estimator:      0.70000        0.75000       -0.7417         2.7300        -0.7417         0.0034         0.0320 
BAR-estimator:      0.75000        0.80000       -0.7802         1.9498        -0.7802         0.0033         0.0322 
BAR-estimator:      0.80000        0.85000       -0.7966         1.1532        -0.7966         0.0036         0.0324 
BAR-estimator:      0.85000        0.90000       -0.8169         0.3363        -0.8169         0.0036         0.0326 
BAR-estimator:      0.90000        0.95000       -0.8285        -0.4922        -0.8285         0.0038         0.0328 
BAR-estimator:      0.95000        1.00000       -0.8436        -1.3357        -0.8436         0.0031         0.0329 
BAR-estimator: total free energy change is -1.33572557325328 , total error is 0.03292402390542543
