#========================================================================================
#                     Free energy perturbation    
#----------------------------------------------------------------------------------------
#forward/backward          λ              ΔΔA                 ΔA                  δε   
#                                                 
#----------------------------------------------------------------------------------------
forward:               0.0000              0.0000              0.0000              0.0000  
forward:               0.0500              1.7142              1.7142              0.0284  
forward:               0.1000              0.8668              2.5810              0.0334  
forward:               0.1500              0.4189              2.9999              0.0353  
forward:               0.2000              0.2112              3.2111              0.0363  
forward:               0.2500              0.1030              3.3141              0.0370  
forward:               0.3000              0.0146              3.3287              0.0373  
forward:               0.3500             -0.0343              3.2944              0.0375  
forward:               0.4000             -0.0658              3.2287              0.0378  
forward:               0.4500             -0.0926              3.1361              0.0380  
forward:               0.5000             -0.1370              2.9991              0.0383  
forward:               0.5500             -0.3189              2.6802              0.0387  
forward:               0.6000             -0.6324              2.0478              0.0393  
forward:               0.6500             -0.9059              1.1419              0.0420  
forward:               0.7000             -1.1173              0.0246              0.0428  
forward:               0.7500             -1.2529             -1.2283              0.0435  
forward:               0.8000             -1.3199             -2.5482              0.0439  
forward:               0.8500             -1.3341             -3.8823              0.0442  
forward:               0.9000             -1.3250             -5.2073              0.0445  
forward:               0.9500             -1.2975             -6.5048              0.0447  
forward:               1.0000             -1.2947             -7.7994              0.0449  
backward:              1.0000              0.0000             -7.7994              0.0000  
backward:              0.9500              1.2780             -6.5214              0.0068  
backward:              0.9000              1.3079             -5.2135              0.0088  
backward:              0.8500              1.3256             -3.8880              0.0105  
backward:              0.8000              1.3197             -2.5682              0.0122  
backward:              0.7500              1.3069             -1.2614              0.0156  
backward:              0.7000              1.2332             -0.0282              0.0164  
backward:              0.6500              1.1055              1.0773              0.0189  
backward:              0.6000              0.8931              1.9703              0.0206  
backward:              0.5500              0.6201              2.5904              0.0220  
backward:              0.5000              0.3178              2.9082              0.0226  
backward:              0.4500              0.1432              3.0514              0.0230  
backward:              0.4000              0.1067              3.1581              0.0236  
backward:              0.3500              0.0801              3.2382              0.0243  
backward:              0.3000              0.0381              3.2763              0.0250  
backward:              0.2500             -0.0205              3.2558              0.0260  
backward:              0.2000             -0.0808              3.1750              0.0270  
backward:              0.1500             -0.1909              2.9841              0.0282  
backward:              0.1000             -0.4492              2.5349              0.0311  
backward:              0.0500             -0.8273              1.7076              0.0382  
backward:              0.0000             -1.6238              0.0838              0.0505  
Inaccuracy estimation
======================================================================================================
                   i        i+δi          P0_overlap_P1   δε(forward)/ε   δε(backward)/ε
======================================================================================================
inaccuracy:  0.00000        0.05000           33.22           -0.04            2.13
inaccuracy:  0.05000        0.10000           45.79           -0.04            1.10
inaccuracy:  0.10000        0.15000           58.46           -0.03            0.47
inaccuracy:  0.15000        0.20000           64.69           -0.03            0.31
inaccuracy:  0.20000        0.25000           66.74           -0.01            0.20
inaccuracy:  0.25000        0.30000           71.50           -0.02            0.14
inaccuracy:  0.30000        0.35000           72.65           -0.02            0.12
inaccuracy:  0.35000        0.40000           72.43           -0.02            0.11
inaccuracy:  0.40000        0.45000           72.56           -0.02            0.10
inaccuracy:  0.45000        0.50000           75.27           -0.01            0.09
inaccuracy:  0.50000        0.55000           64.33           -0.11            0.18
inaccuracy:  0.55000        0.60000           65.10           -0.13            0.09
inaccuracy:  0.60000        0.65000           64.81           -0.15            0.05
inaccuracy:  0.65000        0.70000           64.95           -0.15            0.03
inaccuracy:  0.70000        0.75000           66.12           -0.15            0.02
inaccuracy:  0.75000        0.80000           66.16           -0.14            0.02
inaccuracy:  0.80000        0.85000           66.31           -0.14            0.02
inaccuracy:  0.85000        0.90000           65.43           -0.14            0.02
inaccuracy:  0.90000        0.95000           63.89           -0.13            0.03
inaccuracy:  0.95000        1.00000           63.67           -0.12            0.04
===================================================================================================================================
                BAR        
-----------------------------------------------------------------------------------------------------------------------------------
BAR-estimator:         λ             λ+δλ          ΔΔA             ΔA            C               Δδe            δe       
                          
-----------------------------------------------------------------------------------------------------------------------------------
BAR-estimator:      0.00000        0.05000        1.7118         1.7118         1.7118         0.0132         0.0132 
BAR-estimator:      0.05000        0.10000        0.8775         2.5893         0.8775         0.0115         0.0175 
BAR-estimator:      0.10000        0.15000        0.4267         3.0160         0.4267         0.0074         0.0190 
BAR-estimator:      0.15000        0.20000        0.2107         3.2267         0.2107         0.0056         0.0198 
BAR-estimator:      0.20000        0.25000        0.0937         3.3204         0.0937         0.0052         0.0205 
BAR-estimator:      0.25000        0.30000        0.0168         3.3372         0.0168         0.0043         0.0209 
BAR-estimator:      0.30000        0.35000       -0.0354         3.3018        -0.0354         0.0042         0.0213 
BAR-estimator:      0.35000        0.40000       -0.0723         3.2295        -0.0723         0.0033         0.0216 
BAR-estimator:      0.40000        0.45000       -0.0998         3.1297        -0.0998         0.0032         0.0218 
BAR-estimator:      0.45000        0.50000       -0.1366         2.9930        -0.1366         0.0033         0.0221 
BAR-estimator:      0.50000        0.55000       -0.3151         2.6779        -0.3151         0.0040         0.0224 
BAR-estimator:      0.55000        0.60000       -0.6250         2.0529        -0.6250         0.0043         0.0228 
BAR-estimator:      0.60000        0.65000       -0.8957         1.1572        -0.8957         0.0053         0.0234 
BAR-estimator:      0.65000        0.70000       -1.1097         0.0475        -1.1097         0.0047         0.0239 
BAR-estimator:      0.70000        0.75000       -1.2468        -1.1994        -1.2468         0.0050         0.0244 
BAR-estimator:      0.75000        0.80000       -1.3154        -2.5148        -1.3154         0.0038         0.0247 
BAR-estimator:      0.80000        0.85000       -1.3234        -3.8381        -1.3234         0.0039         0.0250 
BAR-estimator:      0.85000        0.90000       -1.3219        -5.1600        -1.3219         0.0036         0.0253 
BAR-estimator:      0.90000        0.95000       -1.3006        -6.4607        -1.3006         0.0046         0.0257 
BAR-estimator:      0.95000        1.00000       -1.2894        -7.7501        -1.2894         0.0040         0.0260 
BAR-estimator: total free energy change is -7.750063537182887 , total error is 0.026003731536533164
