#========================================================================================
#                     Free energy perturbation    
#----------------------------------------------------------------------------------------
#forward/backward          λ              ΔΔA                 ΔA                  δε   
#                                                 
#----------------------------------------------------------------------------------------
forward:               0.0000              0.0000              0.0000              0.0000  
forward:               0.0500              1.4533              1.4533              0.0177  
forward:               0.1000              0.8892              2.3425              0.0226  
forward:               0.1500              0.5220              2.8646              0.0249  
forward:               0.2000              0.3013              3.1659              0.0262  
forward:               0.2500              0.2038              3.3698              0.0270  
forward:               0.3000              0.1151              3.4848              0.0277  
forward:               0.3500              0.0585              3.5433              0.0282  
forward:               0.4000              0.0325              3.5758              0.0286  
forward:               0.4500             -0.0044              3.5714              0.0290  
forward:               0.5000             -0.0309              3.5406              0.0293  
forward:               0.5500             -0.1359              3.4047              0.0298  
forward:               0.6000             -0.3005              3.1042              0.0303  
forward:               0.6500             -0.4511              2.6530              0.0307  
forward:               0.7000             -0.5967              2.0564              0.0313  
forward:               0.7500             -0.6925              1.3639              0.0317  
forward:               0.8000             -0.7613              0.6026              0.0320  
forward:               0.8500             -0.8025             -0.1999              0.0323  
forward:               0.9000             -0.8304             -1.0303              0.0326  
forward:               0.9500             -0.8492             -1.8795              0.0329  
forward:               1.0000             -0.8514             -2.7309              0.0332  
backward:              1.0000              0.0000             -2.7309              0.0000  
backward:              0.9500              0.8457             -1.8852              0.0054  
backward:              0.9000              0.8335             -1.0517              0.0087  
backward:              0.8500              0.8216             -0.2301              0.0107  
backward:              0.8000              0.8083              0.5782              0.0120  
backward:              0.7500              0.7607              1.3389              0.0135  
backward:              0.7000              0.6903              2.0292              0.0146  
backward:              0.6500              0.5975              2.6268              0.0158  
backward:              0.6000              0.4579              3.0847              0.0170  
backward:              0.5500              0.2911              3.3758              0.0180  
backward:              0.5000              0.1345              3.5103              0.0189  
backward:              0.4500             -0.0010              3.5093              0.0200  
backward:              0.4000             -0.0022              3.5072              0.0208  
backward:              0.3500             -0.0272              3.4799              0.0219  
backward:              0.3000             -0.0702              3.4097              0.0230  
backward:              0.2500             -0.1181              3.2916              0.0242  
backward:              0.2000             -0.2030              3.0886              0.0271  
backward:              0.1500             -0.3356              2.7529              0.0303  
backward:              0.1000             -0.5067              2.2462              0.0333  
backward:              0.0500             -0.8543              1.3919              0.0386  
backward:              0.0000             -1.4254             -0.0335              0.0473  
Inaccuracy estimation
======================================================================================================
                   i        i+δi          P0_overlap_P1   δε(forward)/ε   δε(backward)/ε
======================================================================================================
inaccuracy:  0.00000        0.05000           39.83           -0.03            1.45
inaccuracy:  0.05000        0.10000           47.92           -0.04            0.98
inaccuracy:  0.10000        0.15000           56.74           -0.02            0.55
inaccuracy:  0.15000        0.20000           63.46           -0.01            0.30
inaccuracy:  0.20000        0.25000           65.88           -0.02            0.23
inaccuracy:  0.25000        0.30000           69.08           -0.02            0.18
inaccuracy:  0.30000        0.35000           71.08           -0.01            0.15
inaccuracy:  0.35000        0.40000           70.96           -0.02            0.14
inaccuracy:  0.40000        0.45000           73.07           -0.02            0.12
inaccuracy:  0.45000        0.50000           75.45           -0.01            0.10
inaccuracy:  0.50000        0.55000           67.42           -0.06            0.15
inaccuracy:  0.55000        0.60000           68.25           -0.07            0.11
inaccuracy:  0.60000        0.65000           66.70           -0.09            0.10
inaccuracy:  0.65000        0.70000           67.71           -0.09            0.08
inaccuracy:  0.70000        0.75000           68.23           -0.08            0.07
inaccuracy:  0.75000        0.80000           68.24           -0.09            0.06
inaccuracy:  0.80000        0.85000           67.58           -0.09            0.06
inaccuracy:  0.85000        0.90000           67.94           -0.11            0.06
inaccuracy:  0.90000        0.95000           68.41           -0.08            0.06
inaccuracy:  0.95000        1.00000           67.45           -0.08            0.07
===================================================================================================================================
                BAR        
-----------------------------------------------------------------------------------------------------------------------------------
BAR-estimator:         λ             λ+δλ          ΔΔA             ΔA            C               Δδe            δe       
                          
-----------------------------------------------------------------------------------------------------------------------------------
BAR-estimator:      0.00000        0.05000        1.4573         1.4573         1.4573         0.0089         0.0089 
BAR-estimator:      0.05000        0.10000        0.8937         2.3510         0.8937         0.0081         0.0120 
BAR-estimator:      0.10000        0.15000        0.5250         2.8759         0.5250         0.0066         0.0137 
BAR-estimator:      0.15000        0.20000        0.3071         3.1831         0.3071         0.0054         0.0147 
BAR-estimator:      0.20000        0.25000        0.2025         3.3855         0.2025         0.0047         0.0155 
BAR-estimator:      0.25000        0.30000        0.1143         3.4998         0.1143         0.0041         0.0160 
BAR-estimator:      0.30000        0.35000        0.0600         3.5599         0.0600         0.0037         0.0164 
BAR-estimator:      0.35000        0.40000        0.0313         3.5912         0.0313         0.0034         0.0168 
BAR-estimator:      0.40000        0.45000       -0.0014         3.5898        -0.0014         0.0033         0.0171 
BAR-estimator:      0.45000        0.50000       -0.0204         3.5694        -0.0204         0.0029         0.0173 
BAR-estimator:      0.50000        0.55000       -0.1324         3.4370        -0.1324         0.0036         0.0177 
BAR-estimator:      0.55000        0.60000       -0.2963         3.1408        -0.2963         0.0034         0.0180 
BAR-estimator:      0.60000        0.65000       -0.4585         2.6822        -0.4585         0.0042         0.0185 
BAR-estimator:      0.65000        0.70000       -0.5974         2.0849        -0.5974         0.0038         0.0189 
BAR-estimator:      0.70000        0.75000       -0.6905         1.3944        -0.6905         0.0037         0.0193 
BAR-estimator:      0.75000        0.80000       -0.7618         0.6326        -0.7618         0.0034         0.0195 
BAR-estimator:      0.80000        0.85000       -0.8049        -0.1723        -0.8049         0.0036         0.0199 
BAR-estimator:      0.85000        0.90000       -0.8318        -1.0041        -0.8318         0.0044         0.0204 
BAR-estimator:      0.90000        0.95000       -0.8432        -1.8473        -0.8432         0.0034         0.0206 
BAR-estimator:      0.95000        1.00000       -0.8492        -2.6965        -0.8492         0.0035         0.0209 
BAR-estimator: total free energy change is -2.696475052154698 , total error is 0.020946359783914938
