#========================================================================================
#                     Free energy perturbation    
#----------------------------------------------------------------------------------------
#forward/backward          λ              ΔΔA                 ΔA                  δε   
#                                                 
#----------------------------------------------------------------------------------------
forward:               0.0000              0.0000              0.0000              0.0000  
forward:               0.0500              0.5550              0.5550              0.0130  
forward:               0.1000              0.3628              0.9178              0.0152  
forward:               0.1500              0.2549              1.1726              0.0165  
forward:               0.2000              0.1714              1.3440              0.0170  
forward:               0.2500              0.1392              1.4832              0.0173  
forward:               0.3000              0.0996              1.5827              0.0179  
forward:               0.3500              0.0907              1.6735              0.0184  
forward:               0.4000              0.0660              1.7395              0.0188  
forward:               0.4500              0.0521              1.7916              0.0193  
forward:               0.5000              0.0330              1.8246              0.0197  
forward:               0.5500             -0.0731              1.7515              0.0203  
forward:               0.6000             -0.2571              1.4944              0.0212  
forward:               0.6500             -0.4286              1.0657              0.0224  
forward:               0.7000             -0.5793              0.4864              0.0241  
forward:               0.7500             -0.6513             -0.1649              0.0250  
forward:               0.8000             -0.7062             -0.8711              0.0257  
forward:               0.8500             -0.6964             -1.5675              0.0262  
forward:               0.9000             -0.6775             -2.2451              0.0265  
forward:               0.9500             -0.6369             -2.8819              0.0268  
forward:               1.0000             -0.6157             -3.4977              0.0271  
backward:              1.0000              0.0000             -3.4977              0.0000  
backward:              0.9500              0.6127             -2.8850              0.0060  
backward:              0.9000              0.6420             -2.2430              0.0082  
backward:              0.8500              0.6752             -1.5678              0.0100  
backward:              0.8000              0.6935             -0.8744              0.0117  
backward:              0.7500              0.7005             -0.1738              0.0134  
backward:              0.7000              0.6506              0.4768              0.0149  
backward:              0.6500              0.5667              1.0435              0.0170  
backward:              0.6000              0.4147              1.4582              0.0189  
backward:              0.5500              0.2488              1.7070              0.0198  
backward:              0.5000              0.0704              1.7774              0.0203  
backward:              0.4500             -0.0394              1.7380              0.0207  
backward:              0.4000             -0.0581              1.6798              0.0211  
backward:              0.3500             -0.0676              1.6122              0.0219  
backward:              0.3000             -0.0853              1.5270              0.0224  
backward:              0.2500             -0.0999              1.4271              0.0231  
backward:              0.2000             -0.1392              1.2879              0.0238  
backward:              0.1500             -0.1799              1.1080              0.0245  
backward:              0.1000             -0.2548              0.8532              0.0258  
backward:              0.0500             -0.3579              0.4952              0.0274  
backward:              0.0000             -0.5624             -0.0671              0.0328  
Inaccuracy estimation
======================================================================================================
                   i        i+δi          P0_overlap_P1   δε(forward)/ε   δε(backward)/ε
======================================================================================================
inaccuracy:  0.00000        0.05000           59.94           -0.01            0.46
inaccuracy:  0.05000        0.10000           67.45           -0.01            0.30
inaccuracy:  0.10000        0.15000           72.30           -0.00            0.20
inaccuracy:  0.15000        0.20000           75.25           -0.00            0.14
inaccuracy:  0.20000        0.25000           76.44           -0.00            0.11
inaccuracy:  0.25000        0.30000           78.02           -0.00            0.09
inaccuracy:  0.30000        0.35000           78.03           -0.00            0.09
inaccuracy:  0.35000        0.40000           78.69           -0.00            0.08
inaccuracy:  0.40000        0.45000           79.97           -0.00            0.07
inaccuracy:  0.45000        0.50000           80.63           -0.00            0.07
inaccuracy:  0.50000        0.55000           71.66           -0.05            0.11
inaccuracy:  0.55000        0.60000           72.50           -0.07            0.08
inaccuracy:  0.60000        0.65000           71.85           -0.08            0.06
inaccuracy:  0.65000        0.70000           70.74           -0.08            0.05
inaccuracy:  0.70000        0.75000           70.67           -0.06            0.05
inaccuracy:  0.75000        0.80000           71.71           -0.07            0.05
inaccuracy:  0.80000        0.85000           71.31           -0.07            0.06
inaccuracy:  0.85000        0.90000           70.70           -0.06            0.06
inaccuracy:  0.90000        0.95000           69.66           -0.06            0.08
inaccuracy:  0.95000        1.00000           69.59           -0.06            0.07
===================================================================================================================================
                BAR        
-----------------------------------------------------------------------------------------------------------------------------------
BAR-estimator:         λ             λ+δλ          ΔΔA             ΔA            C               Δδe            δe       
                          
-----------------------------------------------------------------------------------------------------------------------------------
BAR-estimator:      0.00000        0.05000        0.5602         0.5602         0.5602         0.0089         0.0089 
BAR-estimator:      0.05000        0.10000        0.3649         0.9250         0.3649         0.0054         0.0104 
BAR-estimator:      0.10000        0.15000        0.2550         1.1801         0.2550         0.0045         0.0113 
BAR-estimator:      0.15000        0.20000        0.1740         1.3541         0.1740         0.0029         0.0117 
BAR-estimator:      0.20000        0.25000        0.1397         1.4938         0.1397         0.0028         0.0121 
BAR-estimator:      0.25000        0.30000        0.0992         1.5930         0.0992         0.0034         0.0125 
BAR-estimator:      0.30000        0.35000        0.0875         1.6805         0.0875         0.0036         0.0130 
BAR-estimator:      0.35000        0.40000        0.0639         1.7444         0.0639         0.0033         0.0134 
BAR-estimator:      0.40000        0.45000        0.0544         1.7988         0.0544         0.0030         0.0138 
BAR-estimator:      0.45000        0.50000        0.0355         1.8343         0.0355         0.0027         0.0140 
BAR-estimator:      0.50000        0.55000       -0.0758         1.7585        -0.0758         0.0035         0.0145 
BAR-estimator:      0.55000        0.60000       -0.2530         1.5055        -0.2530         0.0031         0.0148 
BAR-estimator:      0.60000        0.65000       -0.4210         1.0845        -0.4210         0.0038         0.0153 
BAR-estimator:      0.65000        0.70000       -0.5745         0.5100        -0.5745         0.0049         0.0160 
BAR-estimator:      0.70000        0.75000       -0.6503        -0.1403        -0.6503         0.0039         0.0165 
BAR-estimator:      0.75000        0.80000       -0.7035        -0.8438        -0.7035         0.0039         0.0170 
BAR-estimator:      0.80000        0.85000       -0.6955        -1.5392        -0.6955         0.0032         0.0173 
BAR-estimator:      0.85000        0.90000       -0.6786        -2.2178        -0.6786         0.0034         0.0176 
BAR-estimator:      0.90000        0.95000       -0.6388        -2.8566        -0.6388         0.0035         0.0179 
BAR-estimator:      0.95000        1.00000       -0.6177        -3.4743        -0.6177         0.0036         0.0183 
BAR-estimator: total free energy change is -3.4743335121893772 , total error is 0.018272849848414235
