#========================================================================================
#                     Free energy perturbation    
#----------------------------------------------------------------------------------------
#forward/backward          λ              ΔΔA                 ΔA                  δε   
#                                                 
#----------------------------------------------------------------------------------------
forward:               0.0000              0.0000              0.0000              0.0000  
forward:               0.0500              1.8947              1.8947              0.0208  
forward:               0.1000              1.1724              3.0671              0.0275  
forward:               0.1500              0.6471              3.7142              0.0315  
forward:               0.2000              0.3303              4.0445              0.0326  
forward:               0.2500              0.2061              4.2507              0.0337  
forward:               0.3000              0.0963              4.3470              0.0345  
forward:               0.3500              0.0611              4.4081              0.0350  
forward:               0.4000              0.0023              4.4104              0.0351  
forward:               0.4500             -0.0243              4.3861              0.0355  
forward:               0.5000             -0.0480              4.3380              0.0359  
forward:               0.5500             -0.0628              4.2752              0.0361  
forward:               0.6000             -0.0760              4.1992              0.0364  
forward:               0.6500             -0.0931              4.1061              0.0366  
forward:               0.7000             -0.1025              4.0036              0.0369  
forward:               0.7500             -0.1155              3.8881              0.0370  
forward:               0.8000             -0.1260              3.7621              0.0373  
forward:               0.8500             -0.1273              3.6348              0.0374  
forward:               0.9000             -0.1436              3.4913              0.0376  
forward:               0.9500             -0.1483              3.3430              0.0378  
forward:               1.0000             -0.1441              3.1989              0.0379  
backward:              1.0000              0.0000              3.1989              0.0000  
backward:              0.9500              0.1450              3.3438              0.0053  
backward:              0.9000              0.1365              3.4804              0.0071  
backward:              0.8500              0.1353              3.6157              0.0084  
backward:              0.8000              0.1323              3.7480              0.0096  
backward:              0.7500              0.1176              3.8656              0.0107  
backward:              0.7000              0.1108              3.9764              0.0123  
backward:              0.6500              0.1000              4.0764              0.0134  
backward:              0.6000              0.0948              4.1712              0.0146  
backward:              0.5500              0.0692              4.2405              0.0172  
backward:              0.5000              0.0532              4.2936              0.0181  
backward:              0.4500              0.0435              4.3371              0.0190  
backward:              0.4000              0.0207              4.3578              0.0204  
backward:              0.3500             -0.0174              4.3405              0.0215  
backward:              0.3000             -0.0419              4.2986              0.0225  
backward:              0.2500             -0.0890              4.2095              0.0237  
backward:              0.2000             -0.1980              4.0116              0.0258  
backward:              0.1500             -0.3284              3.6832              0.0295  
backward:              0.1000             -0.6323              3.0508              0.0357  
backward:              0.0500             -1.2359              1.8150              0.0562  
backward:              0.0000             -1.8539             -0.0390              0.0673  
Inaccuracy estimation
======================================================================================================
                   i        i+δi          P0_overlap_P1   δε(forward)/ε   δε(backward)/ε
======================================================================================================
inaccuracy:  0.00000        0.05000           33.36           -0.02            2.06
inaccuracy:  0.05000        0.10000           42.07           -0.05            1.28
inaccuracy:  0.10000        0.15000           51.34           -0.04            0.74
inaccuracy:  0.15000        0.20000           59.85           -0.02            0.43
inaccuracy:  0.20000        0.25000           63.32           -0.02            0.29
inaccuracy:  0.25000        0.30000           67.05           -0.02            0.22
inaccuracy:  0.30000        0.35000           66.66           -0.01            0.19
inaccuracy:  0.35000        0.40000           70.89           -0.01            0.14
inaccuracy:  0.40000        0.45000           70.24           -0.02            0.14
inaccuracy:  0.45000        0.50000           71.18           -0.02            0.12
inaccuracy:  0.50000        0.55000           72.25           -0.01            0.12
inaccuracy:  0.55000        0.60000           72.49           -0.02            0.11
inaccuracy:  0.60000        0.65000           71.97           -0.02            0.11
inaccuracy:  0.65000        0.70000           72.20           -0.02            0.11
inaccuracy:  0.70000        0.75000           72.74           -0.02            0.11
inaccuracy:  0.75000        0.80000           73.09           -0.02            0.10
inaccuracy:  0.80000        0.85000           71.95           -0.02            0.11
inaccuracy:  0.85000        0.90000           74.04           -0.02            0.10
inaccuracy:  0.90000        0.95000           72.87           -0.02            0.09
inaccuracy:  0.95000        1.00000           72.39           -0.03            0.10
===================================================================================================================================
                BAR        
-----------------------------------------------------------------------------------------------------------------------------------
BAR-estimator:         λ             λ+δλ          ΔΔA             ΔA            C               Δδe            δe       
                          
-----------------------------------------------------------------------------------------------------------------------------------
BAR-estimator:      0.00000        0.05000        1.8844         1.8844         1.8844         0.0089         0.0089 
BAR-estimator:      0.05000        0.10000        1.1861         3.0705         1.1861         0.0074         0.0116 
BAR-estimator:      0.10000        0.15000        0.6457         3.7162         0.6457         0.0087         0.0144 
BAR-estimator:      0.15000        0.20000        0.3345         4.0508         0.3345         0.0058         0.0156 
BAR-estimator:      0.20000        0.25000        0.2053         4.2561         0.2053         0.0056         0.0165 
BAR-estimator:      0.25000        0.30000        0.0975         4.3536         0.0975         0.0048         0.0172 
BAR-estimator:      0.30000        0.35000        0.0539         4.4075         0.0539         0.0041         0.0177 
BAR-estimator:      0.35000        0.40000        0.0073         4.4148         0.0073         0.0037         0.0181 
BAR-estimator:      0.40000        0.45000       -0.0249         4.3900        -0.0249         0.0036         0.0184 
BAR-estimator:      0.45000        0.50000       -0.0467         4.3433        -0.0467         0.0033         0.0187 
BAR-estimator:      0.50000        0.55000       -0.0595         4.2838        -0.0595         0.0030         0.0190 
BAR-estimator:      0.55000        0.60000       -0.0750         4.2088        -0.0750         0.0032         0.0193 
BAR-estimator:      0.60000        0.65000       -0.0947         4.1141        -0.0947         0.0031         0.0195 
BAR-estimator:      0.65000        0.70000       -0.1031         4.0110        -0.1031         0.0031         0.0197 
BAR-estimator:      0.70000        0.75000       -0.1148         3.8962        -0.1148         0.0030         0.0200 
BAR-estimator:      0.75000        0.80000       -0.1242         3.7720        -0.1242         0.0032         0.0202 
BAR-estimator:      0.80000        0.85000       -0.1280         3.6440        -0.1280         0.0030         0.0204 
BAR-estimator:      0.85000        0.90000       -0.1402         3.5038        -0.1402         0.0032         0.0207 
BAR-estimator:      0.90000        0.95000       -0.1455         3.3583        -0.1455         0.0033         0.0210 
BAR-estimator:      0.95000        1.00000       -0.1454         3.2129        -0.1454         0.0029         0.0212 
BAR-estimator: total free energy change is 3.2129167821616003 , total error is 0.021160384024585727
