#========================================================================================
#                     Free energy perturbation    
#----------------------------------------------------------------------------------------
#forward/backward          λ              ΔΔA                 ΔA                  δε   
#                                                 
#----------------------------------------------------------------------------------------
forward:               0.0000              0.0000              0.0000              0.0000  
forward:               0.0500              1.0647              1.0647              0.0168  
forward:               0.1000              0.6376              1.7023              0.0209  
forward:               0.1500              0.3720              2.0743              0.0228  
forward:               0.2000              0.2438              2.3181              0.0238  
forward:               0.2500              0.1745              2.4926              0.0247  
forward:               0.3000              0.1171              2.6097              0.0251  
forward:               0.3500              0.0837              2.6934              0.0255  
forward:               0.4000              0.0416              2.7350              0.0259  
forward:               0.4500              0.0429              2.7779              0.0264  
forward:               0.5000              0.0166              2.7945              0.0267  
forward:               0.5500             -0.0482              2.7463              0.0271  
forward:               0.6000             -0.1393              2.6070              0.0274  
forward:               0.6500             -0.1997              2.4073              0.0278  
forward:               0.7000             -0.2577              2.1496              0.0281  
forward:               0.7500             -0.2967              1.8528              0.0285  
forward:               0.8000             -0.3287              1.5241              0.0289  
forward:               0.8500             -0.3410              1.1831              0.0291  
forward:               0.9000             -0.3651              0.8180              0.0293  
forward:               0.9500             -0.3717              0.4462              0.0295  
forward:               1.0000             -0.3913              0.0549              0.0297  
backward:              1.0000              0.0000              0.0549              0.0000  
backward:              0.9500              0.3779              0.4328              0.0059  
backward:              0.9000              0.3699              0.8026              0.0073  
backward:              0.8500              0.3587              1.1614              0.0085  
backward:              0.8000              0.3349              1.4962              0.0097  
backward:              0.7500              0.3240              1.8202              0.0108  
backward:              0.7000              0.3019              2.1221              0.0117  
backward:              0.6500              0.2641              2.3862              0.0125  
backward:              0.6000              0.1984              2.5846              0.0131  
backward:              0.5500              0.1343              2.7189              0.0145  
backward:              0.5000              0.0419              2.7608              0.0154  
backward:              0.4500             -0.0178              2.7430              0.0160  
backward:              0.4000             -0.0469              2.6961              0.0167  
backward:              0.3500             -0.0537              2.6425              0.0174  
backward:              0.3000             -0.0898              2.5527              0.0186  
backward:              0.2500             -0.1164              2.4363              0.0197  
backward:              0.2000             -0.1808              2.2555              0.0210  
backward:              0.1500             -0.2343              2.0212              0.0229  
backward:              0.1000             -0.3640              1.6572              0.0252  
backward:              0.0500             -0.6317              1.0255              0.0308  
backward:              0.0000             -1.0750             -0.0495              0.0438  
Inaccuracy estimation
======================================================================================================
                   i        i+δi          P0_overlap_P1   δε(forward)/ε   δε(backward)/ε
======================================================================================================
inaccuracy:  0.00000        0.05000           46.65           -0.02            1.24
inaccuracy:  0.05000        0.10000           56.62           -0.02            0.59
inaccuracy:  0.10000        0.15000           64.92           -0.00            0.33
inaccuracy:  0.15000        0.20000           69.08           -0.01            0.21
inaccuracy:  0.20000        0.25000           72.71           -0.01            0.16
inaccuracy:  0.25000        0.30000           74.53           -0.01            0.12
inaccuracy:  0.30000        0.35000           75.55           -0.01            0.11
inaccuracy:  0.35000        0.40000           77.92           -0.01            0.10
inaccuracy:  0.40000        0.45000           77.07           -0.01            0.09
inaccuracy:  0.45000        0.50000           77.15           -0.01            0.09
inaccuracy:  0.50000        0.55000           73.43           -0.03            0.11
inaccuracy:  0.55000        0.60000           73.84           -0.03            0.08
inaccuracy:  0.60000        0.65000           74.98           -0.04            0.08
inaccuracy:  0.65000        0.70000           74.74           -0.03            0.07
inaccuracy:  0.70000        0.75000           74.75           -0.03            0.07
inaccuracy:  0.75000        0.80000           75.30           -0.03            0.06
inaccuracy:  0.80000        0.85000           74.97           -0.03            0.07
inaccuracy:  0.85000        0.90000           74.73           -0.04            0.06
inaccuracy:  0.90000        0.95000           74.51           -0.03            0.07
inaccuracy:  0.95000        1.00000           74.57           -0.03            0.07
===================================================================================================================================
                BAR        
-----------------------------------------------------------------------------------------------------------------------------------
BAR-estimator:         λ             λ+δλ          ΔΔA             ΔA            C               Δδe            δe       
                          
-----------------------------------------------------------------------------------------------------------------------------------
BAR-estimator:      0.00000        0.05000        1.0790         1.0790         1.0790         0.0105         0.0105 
BAR-estimator:      0.05000        0.10000        0.6331         1.7122         0.6331         0.0083         0.0134 
BAR-estimator:      0.10000        0.15000        0.3753         2.0874         0.3753         0.0058         0.0146 
BAR-estimator:      0.15000        0.20000        0.2418         2.3292         0.2418         0.0045         0.0153 
BAR-estimator:      0.20000        0.25000        0.1781         2.5074         0.1781         0.0044         0.0159 
BAR-estimator:      0.25000        0.30000        0.1173         2.6246         0.1173         0.0034         0.0162 
BAR-estimator:      0.30000        0.35000        0.0849         2.7096         0.0849         0.0033         0.0166 
BAR-estimator:      0.35000        0.40000        0.0480         2.7576         0.0480         0.0032         0.0169 
BAR-estimator:      0.40000        0.45000        0.0429         2.8005         0.0429         0.0040         0.0173 
BAR-estimator:      0.45000        0.50000        0.0176         2.8180         0.0176         0.0028         0.0176 
BAR-estimator:      0.50000        0.55000       -0.0449         2.7731        -0.0449         0.0032         0.0179 
BAR-estimator:      0.55000        0.60000       -0.1392         2.6339        -0.1392         0.0029         0.0181 
BAR-estimator:      0.60000        0.65000       -0.2004         2.4335        -0.2004         0.0026         0.0183 
BAR-estimator:      0.65000        0.70000       -0.2599         2.1736        -0.2599         0.0030         0.0185 
BAR-estimator:      0.70000        0.75000       -0.2967         1.8769        -0.2967         0.0032         0.0188 
BAR-estimator:      0.75000        0.80000       -0.3300         1.5469        -0.3300         0.0031         0.0191 
BAR-estimator:      0.80000        0.85000       -0.3393         1.2077        -0.3393         0.0032         0.0193 
BAR-estimator:      0.85000        0.90000       -0.3642         0.8434        -0.3642         0.0030         0.0196 
BAR-estimator:      0.90000        0.95000       -0.3706         0.4728        -0.3706         0.0030         0.0198 
BAR-estimator:      0.95000        1.00000       -0.3893         0.0835        -0.3893         0.0027         0.0200 
BAR-estimator: total free energy change is 0.08346940845034606 , total error is 0.019972175949122383
