20
 energy: -36.131806667813 gnorm: 0.041236029518 xtb: 6.7.1 (41059b4)
C            0.63089684487406        1.45385455594547       -0.03501144748996
C            1.51424273208923        0.19626891673491        0.05513220535685
H            2.41292193477478        0.29377482519365       -0.56831654777912
C            0.72501700977464       -1.03506927361757       -0.43747662169587
H            1.20115937328941       -1.94409774113099       -0.04781818598406
C           -0.71760394209490       -0.96398000108670        0.07381515974696
H           -1.27562755794089       -1.84309716937482       -0.26406582105013
C           -1.40688015278455        0.31539546200337       -0.50230156701595
H           -1.97829334515158        0.07907336313989       -1.40603564394130
O           -0.42129693252072        1.25408875570128       -0.97829441698486
O           -2.25987442922806        0.88598413013779        0.43339923583805
O           -0.76347269348213       -0.96542739823490        1.50646216939227
O            0.76598059381023       -1.13956297759387       -1.85407775570922
O            1.88221166912658        0.06222399997140        1.44613165185550
H            1.19750563411840        2.32360912435337       -0.37325027469021
H            0.22145460197924        1.68154736190635        0.95953628003385
H           -2.02016791232129        0.49401810701462        1.29183683352642
H            0.08224517574167       -0.62061455014799        1.83963501997033
H            0.42162848197579       -0.30230940305696       -2.19885639154014
H            2.57863167003656       -0.60195593609705        1.51254452820264
20
 energy: -36.133452942471 gnorm: 0.021313933563 xtb: 6.7.1 (41059b4)
C            0.62350066152661        1.44729205592484       -0.03499676034606
C            1.51360034772840        0.19542881562935        0.06487895411661
H            2.41354749370758        0.30346522610023       -0.55264702424751
C            0.72977066283119       -1.03638445441849       -0.43918202727617
H            1.20301927762819       -1.95066001355545       -0.05976947498075
C           -0.71487366308964       -0.96394191948480        0.07058702401812
H           -1.27605006422028       -1.84461473748044       -0.25611877429869
C           -1.40536640404226        0.31384156896736       -0.49841256920650
H           -1.98339172170755        0.08280013744752       -1.39989208983255
O           -0.42348030156129        1.24103763158225       -0.96785919466543
O           -2.24779717132706        0.88214468439678        0.43893749476068
O           -0.76358366463175       -0.95090805197680        1.48903258814186
O            0.78167114133002       -1.12883081941058       -1.84447487070643
O            1.87664079443812        0.04129565019993        1.44016284048853
H            1.18503570762684        2.31273863280334       -0.38782719452867
H            0.21547506368802        1.67914945251637        0.95637167979826
H           -2.01411295211674        0.49302460616078        1.30126538138957
H            0.07042606511855       -0.57931247253808        1.82304047625764
H            0.42690639367336       -0.29903106771182       -2.19600379114075
H            2.57974108946616       -0.61481077339103        1.50589574230029
20
 energy: -36.133942235500 gnorm: 0.004247126478 xtb: 6.7.1 (41059b4)
C            0.61985523445292        1.44354402563887       -0.03639915254270
C            1.51274748645839        0.19177680624837        0.07698422423133
H            2.41373035190731        0.30672034322744       -0.53803063955585
C            0.72974703359717       -1.03600753052659       -0.44987935222977
H            1.19996302205923       -1.95431000274242       -0.07700587879492
C           -0.71318090595956       -0.96523709392545        0.07374296997504
H           -1.27600573616104       -1.84675183809812       -0.24867272464596
C           -1.39996730261669        0.31478704034605       -0.49699813978793
H           -1.98603330755115        0.08757011565746       -1.39563621017522
O           -0.42248068959888        1.23290812672433       -0.96163679674166
O           -2.23425378748356        0.87645172783474        0.44388259016995
O           -0.75488805142497       -0.95233649216359        1.48129318752534
O            0.78811450715622       -1.11894215238458       -1.84582056420172
O            1.86373339403660        0.03409698153946        1.44195061951323
H            1.18154133686145        2.30197930235692       -0.40398113565392
H            0.21706201742293        1.68747413556339        0.95359695903462
H           -2.00633558731790        0.48357750614125        1.30773397653399
H            0.06568900380706       -0.54890230390592        1.81577014254255
H            0.42167348683760       -0.29777933700715       -2.20570594229603
H            2.56996724958332       -0.61689520876319        1.51780027714165
20
 energy: -36.133998493356 gnorm: 0.002273658275 xtb: 6.7.1 (41059b4)
C            0.62127622161433        1.44524116821481       -0.04024452516115
C            1.51350933698350        0.19115067953912        0.07816381252974
H            2.41658813348630        0.30541718424443       -0.53501876722283
C            0.73171346424355       -1.03768471187911       -0.45337061601533
H            1.20312122017087       -1.95622906355701       -0.08135017317825
C           -0.71199943506176       -0.96778328320930        0.07284472813836
H           -1.27650119950563       -1.84765259309219       -0.25199033358202
C           -1.39991807110237        0.31580680177862       -0.49374605798672
H           -1.98856885512056        0.08726425057699       -1.39069669203113
O           -0.42409759268896        1.23281448844393       -0.96143415574624
O           -2.23293036534595        0.87639878289520        0.45008738883264
O           -0.75169194103550       -0.95880307819328        1.47938918483672
O            0.79081132118219       -1.11555673426264       -1.84820817209810
O            1.85564430523018        0.03546189474818        1.44423860580086
H            1.18486775806277        2.30047725840339       -0.41309912832342
H            0.22328642827313        1.69630829862401        0.95067620618326
H           -2.00627505870289        0.47974398496818        1.31283641232120
H            0.06319635957907       -0.54431733611919        1.81487082299192
H            0.41899290016300       -0.29718748294463       -2.20881752071520
H            2.55965382564120       -0.61714635741824        1.52785739046773
20
 energy: -36.134039674126 gnorm: 0.002183401692 xtb: 6.7.1 (41059b4)
C            0.62451209555607        1.44835709286510       -0.04725680463925
C            1.51468269546342        0.19140430596527        0.07918807623402
H            2.42208622842780        0.30285223850374       -0.52905055066245
C            0.73356945830268       -1.03786034265756       -0.45720105080900
H            1.20672007363906       -1.95628332141307       -0.08638276053869
C           -0.71070268656686       -0.97118804335351        0.07192356727157
H           -1.27649991977565       -1.84848007255943       -0.25780325706407
C           -1.39983917744946        0.31639154178746       -0.48995424170931
H           -1.99316108233395        0.08752419613200       -1.38408703443367
O           -0.42656103118133        1.23333243427895       -0.96216457939389
O           -2.22912555336277        0.87584309307799        0.46005095195972
O           -0.74802010917399       -0.97126996988355        1.47829911946947
O            0.79298572002959       -1.11032211571300       -1.85148068462618
O            1.84485982585882        0.03950872982509        1.44830210442626
H            1.19075937904450        2.29828381101645       -0.42906516413881
H            0.23366056590159        1.70960681278163        0.94468439957961
H           -2.00433380572446        0.47079204824886        1.31939606179033
H            0.05843821067299       -0.54087564627261        1.81462873348571
H            0.41380248396107       -0.29543825859716       -2.21190392149003
H            2.54284538477734       -0.61845438227140        1.54286544533068
20
 energy: -36.134058715617 gnorm: 0.002111093103 xtb: 6.7.1 (41059b4)
C            0.62674632642576        1.45033261056648       -0.05226155280016
C            1.51466725040182        0.19204972934912        0.07949142112576
H            2.42561078389163        0.30121148588262       -0.52383796170510
C            0.73500552861106       -1.03748981099972       -0.45885431973310
H            1.20919734109395       -1.95581341720514       -0.08916785068937
C           -0.70942036082288       -0.97310065974179        0.07048387477093
H           -1.27505273459505       -1.84904855400860       -0.26267733619554
C           -1.39946928009122        0.31650994077138       -0.48676074467859
H           -1.99671353430302        0.08879852174741       -1.37857578974262
O           -0.42803216532115        1.23322917032249       -0.96278311066473
O           -2.22452930967672        0.87626408373905        0.46793302293655
O           -0.74699774850741       -0.97946727145911        1.47686805547858
O            0.79446133379646       -1.10751216599976       -1.85321961346547
O            1.83784575294767        0.04287197106834        1.45087388442333
H            1.19367678194849        2.29652462224704       -0.44135029707917
H            0.23993760415076        1.71833624736097        0.93953446776654
H           -2.00188997072239        0.46394474117859        1.32427512517645
H            0.05389055533405       -0.53974964533631        1.81413355121795
H            0.41127875177861       -0.29415267237752       -2.21256051346255
H            2.53046584972606       -0.62001477534426        1.55144409736236
20
 energy: -36.134080508559 gnorm: 0.001371605214 xtb: 6.7.1 (41059b4)
C            0.62927804897182        1.45225431359855       -0.05880779978933
C            1.51441639516932        0.19338036614537        0.07981107253322
H            2.42999818705027        0.29995012886360       -0.51660754339984
C            0.73656866049331       -1.03593975675162       -0.45979223367447
H            1.21189419840672       -1.95422717507553       -0.09185280747869
C           -0.70797466706808       -0.97492950394599        0.06859044986476
H           -1.27222544771803       -1.84993089029218       -0.26882237198766
C           -1.39885335133957        0.31635788100052       -0.48286222048869
H           -2.00203902943781        0.09114535442670       -1.37128092987627
O           -0.42942769516653        1.23202087689959       -0.96431267453829
O           -2.21647273569527        0.87759691900415        0.47811480220938
O           -0.74667154266397       -0.98909122813305        1.47506078727944
O            0.79614056507753       -1.10402652234483       -1.85459135416429
O            1.82975897472695        0.04657059402395        1.45392381153007
H            1.19616500463774        2.29379998541962       -0.45743640560181
H            0.24645189796238        1.72848749219291        0.93198670700954
H           -1.99789825725839        0.45421470519927        1.33007224064805
H            0.04747346248274       -0.53884047801500        1.81375160510174
H            0.40939776015497       -0.29162348625425       -2.21200752784348
H            2.51469832728035       -0.62344542420050        1.56005080270866
20
 energy: -36.134096458548 gnorm: 0.001240446900 xtb: 6.7.1 (41059b4)
C            0.63187176557109        1.45454976708394       -0.06820842559085
C            1.51321711128746        0.19533787867776        0.08071953827500
H            2.43481470059146        0.29900081135977       -0.50644388770955
C            0.73863616341428       -1.03368866472939       -0.46057776278562
H            1.21502471623687       -1.95215683918624       -0.09482734625346
C           -0.70632451174989       -0.97704629003866        0.06567137901759
H           -1.26791074669214       -1.85136030115666       -0.27757770598249
C           -1.39803266184664        0.31647302654542       -0.47729467196897
H           -2.01095744683170        0.09499050897501       -1.36014512565259
O           -0.43083369648026        1.22893484662114       -0.96782487344903
O           -2.20232431439236        0.88116936607566        0.49298331054036
O           -0.74718175480404       -1.00135592568865        1.47204112781100
O            0.79912143831928       -1.09998925631936       -1.85608020540028
O            1.81837491704255        0.05129521289111        1.45816468560025
H            1.19841838147454        2.29000779308107       -0.47926513438462
H            0.25254982334898        1.74210869326016        0.92025867018359
H           -1.99034370684909        0.44129809584310        1.33850929425187
H            0.03915705253117       -0.54041070380125        1.81360784361586
H            0.41018693590819       -0.28748926919895       -2.21095111409334
H            2.49321458998672       -0.62794459853372        1.57022881401733
20
 energy: -36.134101019614 gnorm: 0.000805344109 xtb: 6.7.1 (41059b4)
C            0.63156462476539        1.45479653663400       -0.07054745672495
C            1.51276326396154        0.19572506150455        0.08120587856016
H            2.43519510615184        0.29924256895258       -0.50472948500223
C            0.73880805620732       -1.03340073130267       -0.46061345525655
H            1.21514494176317       -1.95186493051500       -0.09462887052345
C           -0.70669222848020       -0.97764669159997        0.06494543476434
H           -1.26772833910790       -1.85171702502129       -0.28001465732000
C           -1.39815070100478        0.31701716784484       -0.47616672365145
H           -2.01409118728028        0.09606626607801       -1.35711588529589
O           -0.43092521525824        1.22747142914585       -0.96991649348219
O           -2.19757072280268        0.88331337769958        0.49657448002663
O           -0.74778167555020       -1.00413017937529        1.47111209865605
O            0.80031597717007       -1.09967703236561       -1.85602950530416
O            1.81546412229302        0.05222564222304        1.45904206146714
H            1.19855155681995        2.28924790373638       -0.48272941955957
H            0.25161338273089        1.74444472834012        0.91704202251018
H           -1.98692342140409        0.44015234497420        1.34058754956245
H            0.03857611117277       -0.54403528123470        1.81394346324179
H            0.41272448350000       -0.28644292236482       -2.21108258812311
H            2.48982062041889       -0.62706408159252        1.57210996149684
20
 energy: -36.134104706736 gnorm: 0.000301736059 xtb: 6.7.1 (41059b4)
C            0.63081567717207        1.45513939305075       -0.07278245184600
C            1.51181028671806        0.19597415199606        0.08171924265035
H            2.43485274524309        0.29916687940500       -0.50338889588518
C            0.73895705022689       -1.03370545737269       -0.46076193124491
H            1.21506982444269       -1.95194206974244       -0.09365957299572
C           -0.70717751607588       -0.97821609718941        0.06388099164950
H           -1.26758945042599       -1.85168468067469       -0.28359835934158
C           -1.39857225027834        0.31805586739475       -0.47508277411045
H           -2.01798777877477        0.09773895418659       -1.35376850414560
O           -0.43069890793885        1.22573130043526       -0.97278606459662
O           -2.19191241391526        0.88689335914448        0.50056532433616
O           -0.74911674804735       -1.00722888316980        1.46989352498088
O            0.80178795044916       -1.10051688407613       -1.85598451497077
O            1.81244524057653        0.05341562907857        1.45990714369751
H            1.19844750730207        2.28921668905570       -0.48492657385123
H            0.24910657222948        1.74576362940107        0.91386403760822
H           -1.98279173315118        0.44003295759845        1.34299957406408
H            0.03859825972359       -0.54979508431837        1.81440284812093
H            0.41611792255417       -0.28638960728694       -2.21163020918201
H            2.48851651803632       -0.62392589515493        1.57412557510450
20
 energy: -36.134105624676 gnorm: 0.000303090434 xtb: 6.7.1 (41059b4)
C            0.63074355310474        1.45532211554117       -0.07433193758138
C            1.51173768678173        0.19629888751035        0.08184739554068
H            2.43553980605692        0.29911625647748       -0.50226717525792
C            0.73878938007084       -1.03343232876462       -0.46065857798558
H            1.21488854280321       -1.95142799053534       -0.09292528723215
C           -0.70774279046326       -0.97880760227095        0.06321375856966
H           -1.26805893654791       -1.85171086499795       -0.28592043148615
C           -1.39849946145514        0.31863899116342       -0.47452951843873
H           -2.02011230347339        0.09893239051858       -1.35179429314805
O           -0.43052112944063        1.22500788171727       -0.97443943576127
O           -2.18850387134007        0.88867554315753        0.50309204247470
O           -0.74997654730915       -1.00963192440786        1.46911465967163
O            0.80247471129607       -1.10058421841065       -1.85567399382632
O            1.81033449657658        0.05412555244294        1.46054211033367
H            1.19866956003495        2.28901522636800       -0.48690859769241
H            0.24846087195075        1.74683704679965        0.91189772755786
H           -1.98048622482539        0.43888910222643        1.34436513042048
H            0.03831575178764       -0.55329941025313        1.81405263154698
H            0.41668829426710       -0.28667260360775       -2.21176539219448
H            2.48793736619090       -0.62156789891330        1.57607759453079
20
 energy: -36.134106070439 gnorm: 0.000178321164 xtb: 6.7.1 (41059b4)
C            0.63084547937322        1.45551221548607       -0.07508970545299
C            1.51133396936426        0.19630984259488        0.08210364035398
H            2.43557357803206        0.29873088635758       -0.50126352638517
C            0.73892273141818       -1.03360971208598       -0.46087742416391
H            1.21502198953638       -1.95153526104215       -0.09289786446952
C           -0.70766934780733       -0.97890440311668        0.06269331207245
H           -1.26789799903638       -1.85144160024781       -0.28742900712717
C           -1.39848827765502        0.31898257344568       -0.47410121973613
H           -2.02129633669885        0.09977247954618       -1.35063738659187
O           -0.43059325711722        1.22480121851964       -0.97487964686502
O           -2.18688085377816        0.88947921285889        0.50466261194915
O           -0.75040866255693       -1.01092360592690        1.46852709273394
O            0.80306292895812       -1.10073627102009       -1.85584477925248
O            1.80885619498655        0.05441970313767        1.46109604645582
H            1.19892706684675        2.28880278570918       -0.48831636762863
H            0.24859120936618        1.74780117800007        0.91092619019744
H           -1.97934767256714        0.43807300589454        1.34519320646641
H            0.03781884921516       -0.55473983770244        1.81384548062239
H            0.41651125855636       -0.28728563522996       -2.21207130873413
H            2.48779590763027       -0.61978462341707        1.57734906559747
20
 energy: -36.134106276534 gnorm: 0.000102647276 xtb: 6.7.1 (41059b4)
C            0.63117400910027        1.45568853658507       -0.07570252807579
C            1.51117806976269        0.19633079753085        0.08229761985591
H            2.43589817287255        0.29836781347081       -0.50028145407417
C            0.73894632878618       -1.03357762553010       -0.46100580606492
H            1.21505259874307       -1.95150998692959       -0.09307654163064
C           -0.70771387846957       -0.97918886858686        0.06224490329357
H           -1.26782630548902       -1.85151530724920       -0.28861790513709
C           -1.39841298138725        0.31913115378159       -0.47365530762666
H           -2.02197356592923        0.10035455652628       -1.34975385199242
O           -0.43066211232292        1.22467440357730       -0.97498918141683
O           -2.18596712315246        0.88980378117194        0.50583413154958
O           -0.75074087061584       -1.01223711530050        1.46807727251733
O            0.80341677662078       -1.10048337847009       -1.85600555297709
O            1.80770019736907        0.05462096611113        1.46160647887065
H            1.19938037823230        2.28841141567345       -0.48992803124083
H            0.24931056548579        1.74890549146103        0.91018021954867
H           -1.97877935091844        0.43726255672938        1.34581750842487
H            0.03703672554301       -0.55543248591914        1.81374044002059
H            0.41590750497285       -0.28755130184560       -2.21223379532961
H            2.48775361686265       -0.61833125102647        1.57843979152692
20
 energy: -36.134106322380 gnorm: 0.000060268003 xtb: 6.7.1 (41059b4)
C            0.63131785006088        1.45575054514245       -0.07605157211997
C            1.51114578830425        0.19632979551766        0.08240093014253
H            2.43611586610910        0.29814600166135       -0.49979127244677
C            0.73895172186767       -1.03353405887791       -0.46100847869132
H            1.21504977036936       -1.95148698256737       -0.09316619716189
C           -0.70775697820591       -0.97922671065373        0.06208354072481
H           -1.26786707521780       -1.85141954683461       -0.28906910743623
C           -1.39843252634174        0.31920303559962       -0.47351256167319
H           -2.02232536532277        0.10066075914118       -1.34945579604626
O           -0.43078406826603        1.22468267406479       -0.97503239882062
O           -2.18561633307834        0.88983508101584        0.50634095184044
O           -0.75083558279398       -1.01288907021398        1.46790616786537
O            0.80357912911653       -1.10028793858847       -1.85602884416291
O            1.80711884559904        0.05469105966399        1.46186794754066
H            1.19956130724704        2.28812401168144       -0.49086243447621
H            0.24975225917890        1.74952971816194        0.90975673544328
H           -1.97852530217283        0.43685898199092        1.34610306726858
H            0.03675279729223       -0.55609498634746        1.81375689290843
H            0.41570550790445       -0.28754179672274       -2.21223115716633
H            2.48777114441641       -0.61760642107360        1.57898199650966
