#========================================================================================
#                     Free energy perturbation    
#----------------------------------------------------------------------------------------
#forward/backward          λ              ΔΔA                 ΔA                  δε   
#                                                 
#----------------------------------------------------------------------------------------
forward:               0.0000              0.0000              0.0000              0.0000  
forward:               0.0500              1.1569              1.1569              0.0135  
forward:               0.1000              0.7457              1.9025              0.0177  
forward:               0.1500              0.4504              2.3529              0.0205  
forward:               0.2000              0.2818              2.6347              0.0218  
forward:               0.2500              0.1914              2.8261              0.0226  
forward:               0.3000              0.1250              2.9511              0.0234  
forward:               0.3500              0.0970              3.0481              0.0239  
forward:               0.4000              0.0524              3.1005              0.0243  
forward:               0.4500              0.0369              3.1374              0.0246  
forward:               0.5000              0.0171              3.1545              0.0250  
forward:               0.5500              0.0147              3.1692              0.0253  
forward:               0.6000              0.0012              3.1704              0.0257  
forward:               0.6500             -0.0149              3.1555              0.0259  
forward:               0.7000             -0.0246              3.1308              0.0262  
forward:               0.7500             -0.0307              3.1001              0.0264  
forward:               0.8000             -0.0393              3.0609              0.0266  
forward:               0.8500             -0.0456              3.0152              0.0267  
forward:               0.9000             -0.0469              2.9683              0.0269  
forward:               0.9500             -0.0530              2.9153              0.0271  
forward:               1.0000             -0.0623              2.8530              0.0273  
backward:              1.0000              0.0000              2.8530              0.0000  
backward:              0.9500              0.0597              2.9127              0.0049  
backward:              0.9000              0.0455              2.9582              0.0068  
backward:              0.8500              0.0460              3.0042              0.0074  
backward:              0.8000              0.0544              3.0586              0.0084  
backward:              0.7500              0.0391              3.0977              0.0094  
backward:              0.7000              0.0275              3.1252              0.0102  
backward:              0.6500              0.0287              3.1539              0.0111  
backward:              0.6000              0.0222              3.1762              0.0120  
backward:              0.5500              0.0015              3.1777              0.0131  
backward:              0.5000             -0.0078              3.1699              0.0147  
backward:              0.4500             -0.0235              3.1464              0.0156  
backward:              0.4000             -0.0310              3.1154              0.0163  
backward:              0.3500             -0.0533              3.0621              0.0171  
backward:              0.3000             -0.0922              2.9698              0.0181  
backward:              0.2500             -0.1330              2.8369              0.0193  
backward:              0.2000             -0.1934              2.6435              0.0207  
backward:              0.1500             -0.3029              2.3406              0.0229  
backward:              0.1000             -0.4434              1.8972              0.0260  
backward:              0.0500             -0.7821              1.1151              0.0382  
backward:              0.0000             -1.1298             -0.0148              0.0428  
Inaccuracy estimation
======================================================================================================
                   i        i+δi          P0_overlap_P1   δε(forward)/ε   δε(backward)/ε
======================================================================================================
inaccuracy:  0.00000        0.05000           44.55           -0.03            1.09
inaccuracy:  0.05000        0.10000           52.81           -0.02            0.69
inaccuracy:  0.10000        0.15000           60.45           -0.02            0.43
inaccuracy:  0.15000        0.20000           67.35           -0.01            0.27
inaccuracy:  0.20000        0.25000           69.17           -0.02            0.20
inaccuracy:  0.25000        0.30000           72.28           -0.01            0.16
inaccuracy:  0.30000        0.35000           72.12           -0.01            0.14
inaccuracy:  0.35000        0.40000           74.72           -0.01            0.12
inaccuracy:  0.40000        0.45000           74.43           -0.01            0.11
inaccuracy:  0.45000        0.50000           75.19           -0.01            0.10
inaccuracy:  0.50000        0.55000           74.75           -0.01            0.10
inaccuracy:  0.55000        0.60000           74.80           -0.01            0.09
inaccuracy:  0.60000        0.65000           74.86           -0.01            0.10
inaccuracy:  0.65000        0.70000           75.08           -0.01            0.09
inaccuracy:  0.70000        0.75000           75.80           -0.01            0.09
inaccuracy:  0.75000        0.80000           76.04           -0.01            0.09
inaccuracy:  0.80000        0.85000           75.55           -0.01            0.09
inaccuracy:  0.85000        0.90000           75.57           -0.01            0.09
inaccuracy:  0.90000        0.95000           76.22           -0.02            0.09
inaccuracy:  0.95000        1.00000           75.50           -0.01            0.08
===================================================================================================================================
                BAR        
-----------------------------------------------------------------------------------------------------------------------------------
BAR-estimator:         λ             λ+δλ          ΔΔA             ΔA            C               Δδe            δe       
                          
-----------------------------------------------------------------------------------------------------------------------------------
BAR-estimator:      0.00000        0.05000        1.1622         1.1622         1.1622         0.0075         0.0075 
BAR-estimator:      0.05000        0.10000        0.7508         1.9130         0.7508         0.0077         0.0107 
BAR-estimator:      0.10000        0.15000        0.4511         2.3642         0.4511         0.0066         0.0126 
BAR-estimator:      0.15000        0.20000        0.2900         2.6541         0.2900         0.0050         0.0135 
BAR-estimator:      0.20000        0.25000        0.1933         2.8474         0.1933         0.0039         0.0141 
BAR-estimator:      0.25000        0.30000        0.1290         2.9764         0.1290         0.0040         0.0147 
BAR-estimator:      0.30000        0.35000        0.0960         3.0725         0.0960         0.0037         0.0151 
BAR-estimator:      0.35000        0.40000        0.0546         3.1270         0.0546         0.0026         0.0153 
BAR-estimator:      0.40000        0.45000        0.0376         3.1646         0.0376         0.0028         0.0156 
BAR-estimator:      0.45000        0.50000        0.0185         3.1831         0.0185         0.0031         0.0159 
BAR-estimator:      0.50000        0.55000        0.0129         3.1960         0.0129         0.0032         0.0162 
BAR-estimator:      0.55000        0.60000       -0.0015         3.1944        -0.0015         0.0029         0.0165 
BAR-estimator:      0.60000        0.65000       -0.0173         3.1772        -0.0173         0.0025         0.0167 
BAR-estimator:      0.65000        0.70000       -0.0263         3.1509        -0.0263         0.0028         0.0169 
BAR-estimator:      0.70000        0.75000       -0.0300         3.1209        -0.0300         0.0027         0.0171 
BAR-estimator:      0.75000        0.80000       -0.0389         3.0820        -0.0389         0.0025         0.0173 
BAR-estimator:      0.80000        0.85000       -0.0485         3.0335        -0.0485         0.0025         0.0175 
BAR-estimator:      0.85000        0.90000       -0.0464         2.9871        -0.0464         0.0032         0.0178 
BAR-estimator:      0.90000        0.95000       -0.0509         2.9361        -0.0509         0.0028         0.0180 
BAR-estimator:      0.95000        1.00000       -0.0613         2.8748        -0.0613         0.0025         0.0181 
BAR-estimator: total free energy change is 2.8747966630833095 , total error is 0.0181487768250702
