8
 energy: -5226.873900340280 gnorm: 0.016836856829 xtb: 6.7.1 (41059b4)
C           -0.46235960810488        0.59615216146417        0.00012526160006
C            0.46230490220486       -0.59603327056412        0.00011720490005
Br           2.31679772622663        0.02225213020986       -0.00002282540001
Br          -2.31678720602663       -0.02227276990987       -0.00002281490001
H           -0.33276765984746        1.20918847073582       -0.89163624889511
H           -0.33292096444753        1.20902802763575        0.89198530819526
H            0.33285022764749       -1.20892969813571        0.89198879709526
H            0.33265629894741       -1.20906733703577       -0.89160903339510
8
 energy: -5226.874226938784 gnorm: 0.007625311556 xtb: 6.7.1 (41059b4)
C           -0.45259195746793        0.60349701468154        0.00014000637533
C            0.45253806295091       -0.60341401840691        0.00014155181459
Br           2.31666281184373        0.03478643619951       -0.00004087046271
Br          -2.31670584263980       -0.03472323080680       -0.00002323652138
H           -0.32600323927580        1.21415567632903       -0.89346376268253
H           -0.32611084943188        1.21406685767702        0.89381205415802
H            0.32604263532587       -1.21398292706559        0.89381829520642
H            0.32594212992928       -1.21406810423427       -0.89345838488933
8
 energy: -5226.874329330934 gnorm: 0.001991760814 xtb: 6.7.1 (41059b4)
C           -0.45069640065935        0.60300277137936        0.00012822269072
C            0.45063883893693       -0.60293462276939        0.00012818076998
Br           2.33047376252846        0.02874083055823        0.00002726581608
Br          -2.33054914501090       -0.02863632411357        0.00003792762148
H           -0.33176872121611        1.21209812462673       -0.89486470016397
H           -0.33183908482469        1.21205544737405        0.89516819012576
H            0.33179473571328       -1.21197434250885        0.89517152798722
H            0.33171974764068       -1.21203417894453       -0.89487096295719
8
 energy: -5226.874332684006 gnorm: 0.001224264309 xtb: 6.7.1 (41059b4)
C           -0.44751271020833        0.60373029426315        0.00011955703983
C            0.44745594050831       -0.60364888330983        0.00012008948409
Br           2.32683278931102        0.02900074412182        0.00007095600013
Br          -2.32688772428563       -0.02892208399489        0.00007891548627
H           -0.33229198499419        1.21164293068007       -0.89563243212622
H           -0.33233230147456        1.21161158724776        0.89589733490967
H            0.33228271970807       -1.21153065241269        0.89589839224454
H            0.33222700744074       -1.21156623193569       -0.89562715479905
8
 energy: -5226.874336024093 gnorm: 0.000213061089 xtb: 6.7.1 (41059b4)
C           -0.44849638630828        0.60279291933915        0.00012156472348
C            0.44843977579402       -0.60271121277465        0.00012218927736
Br           2.32800630148849        0.02975480529371        0.00007270841206
Br          -2.32805922038813       -0.02967948816092        0.00008428761347
H           -0.33101910414661        1.21110991503708       -0.89504514207570
H           -0.33104531134389        1.21108931360291        0.89530406371430
H            0.33099011100353       -1.21100741840080        0.89530628861169
H            0.33095756939042       -1.21103112829950       -0.89504030462634
8
 energy: -5226.874336024093 gnorm: 0.000213061089 xtb: 6.7.1 (41059b4)
C           -0.44849638630828        0.60279291933915        0.00012156472348
C            0.44843977579402       -0.60271121277465        0.00012218927736
Br           2.32800630148849        0.02975480529371        0.00007270841206
Br          -2.32805922038813       -0.02967948816092        0.00008428761347
H           -0.33101910414661        1.21110991503708       -0.89504514207570
H           -0.33104531134389        1.21108931360291        0.89530406371430
H            0.33099011100353       -1.21100741840080        0.89530628861169
H            0.33095756939042       -1.21103112829950       -0.89504030462634
