#========================================================================================
#                     Free energy perturbation    
#----------------------------------------------------------------------------------------
#forward/backward          λ              ΔΔA                 ΔA                  δε   
#                                                 
#----------------------------------------------------------------------------------------
forward:               0.0000              0.0000              0.0000              0.0000  
forward:               0.0500              1.5885              1.5885              0.0231  
forward:               0.1000              0.8220              2.4105              0.0298  
forward:               0.1500              0.4122              2.8227              0.0318  
forward:               0.2000              0.2184              3.0412              0.0327  
forward:               0.2500              0.1042              3.1454              0.0333  
forward:               0.3000              0.0301              3.1755              0.0338  
forward:               0.3500             -0.0132              3.1622              0.0341  
forward:               0.4000             -0.0490              3.1132              0.0345  
forward:               0.4500             -0.0735              3.0398              0.0349  
forward:               0.5000             -0.0921              2.9476              0.0351  
forward:               0.5500             -0.1633              2.7843              0.0355  
forward:               0.6000             -0.3126              2.4717              0.0358  
forward:               0.6500             -0.4346              2.0371              0.0363  
forward:               0.7000             -0.5212              1.5159              0.0365  
forward:               0.7500             -0.6048              0.9111              0.0368  
forward:               0.8000             -0.6671              0.2440              0.0370  
forward:               0.8500             -0.7121             -0.4680              0.0373  
forward:               0.9000             -0.7550             -1.2231              0.0375  
forward:               0.9500             -0.7817             -2.0048              0.0377  
forward:               1.0000             -0.8171             -2.8219              0.0378  
backward:              1.0000              0.0000             -2.8219              0.0000  
backward:              0.9500              0.8108             -2.0111              0.0047  
backward:              0.9000              0.7775             -1.2337              0.0064  
backward:              0.8500              0.7503             -0.4834              0.0079  
backward:              0.8000              0.7014              0.2180              0.0092  
backward:              0.7500              0.6717              0.8897              0.0104  
backward:              0.7000              0.6017              1.4914              0.0116  
backward:              0.6500              0.5284              2.0198              0.0126  
backward:              0.6000              0.4323              2.4521              0.0139  
backward:              0.5500              0.3270              2.7791              0.0150  
backward:              0.5000              0.1633              2.9423              0.0170  
backward:              0.4500              0.0903              3.0327              0.0176  
backward:              0.4000              0.0751              3.1078              0.0182  
backward:              0.3500              0.0421              3.1499              0.0191  
backward:              0.3000              0.0005              3.1504              0.0201  
backward:              0.2500             -0.0341              3.1163              0.0210  
backward:              0.2000             -0.1194              2.9969              0.0230  
backward:              0.1500             -0.2074              2.7894              0.0248  
backward:              0.1000             -0.4211              2.3683              0.0300  
backward:              0.0500             -0.8324              1.5359              0.0376  
backward:              0.0000             -1.5167              0.0193              0.0464  
Inaccuracy estimation
======================================================================================================
                   i        i+δi          P0_overlap_P1   δε(forward)/ε   δε(backward)/ε
======================================================================================================
inaccuracy:  0.00000        0.05000           36.12           -0.04            1.89
inaccuracy:  0.05000        0.10000           48.14           -0.03            0.95
inaccuracy:  0.10000        0.15000           59.42           -0.02            0.45
inaccuracy:  0.15000        0.20000           65.25           -0.02            0.24
inaccuracy:  0.20000        0.25000           70.00           -0.01            0.18
inaccuracy:  0.25000        0.30000           73.13           -0.01            0.14
inaccuracy:  0.30000        0.35000           74.63           -0.01            0.12
inaccuracy:  0.35000        0.40000           75.05           -0.01            0.10
inaccuracy:  0.40000        0.45000           75.33           -0.01            0.09
inaccuracy:  0.45000        0.50000           75.62           -0.01            0.08
inaccuracy:  0.50000        0.55000           68.42           -0.05            0.12
inaccuracy:  0.55000        0.60000           69.72           -0.06            0.09
inaccuracy:  0.60000        0.65000           71.73           -0.05            0.07
inaccuracy:  0.65000        0.70000           71.30           -0.06            0.06
inaccuracy:  0.70000        0.75000           72.23           -0.06            0.06
inaccuracy:  0.75000        0.80000           71.86           -0.06            0.05
inaccuracy:  0.80000        0.85000           72.50           -0.06            0.05
inaccuracy:  0.85000        0.90000           72.38           -0.06            0.04
inaccuracy:  0.90000        0.95000           71.99           -0.06            0.04
inaccuracy:  0.95000        1.00000           71.77           -0.06            0.04
===================================================================================================================================
                BAR        
-----------------------------------------------------------------------------------------------------------------------------------
BAR-estimator:         λ             λ+δλ          ΔΔA             ΔA            C               Δδe            δe       
                          
-----------------------------------------------------------------------------------------------------------------------------------
BAR-estimator:      0.00000        0.05000        1.5924         1.5924         1.5924         0.0116         0.0116 
BAR-estimator:      0.05000        0.10000        0.8278         2.4202         0.8278         0.0108         0.0158 
BAR-estimator:      0.10000        0.15000        0.4124         2.8326         0.4124         0.0099         0.0186 
BAR-estimator:      0.15000        0.20000        0.2119         3.0445         0.2119         0.0050         0.0193 
BAR-estimator:      0.20000        0.25000        0.1059         3.1504         0.1059         0.0042         0.0198 
BAR-estimator:      0.25000        0.30000        0.0334         3.1838         0.0334         0.0037         0.0201 
BAR-estimator:      0.30000        0.35000       -0.0083         3.1755        -0.0083         0.0033         0.0204 
BAR-estimator:      0.35000        0.40000       -0.0479         3.1276        -0.0479         0.0041         0.0208 
BAR-estimator:      0.40000        0.45000       -0.0729         3.0547        -0.0729         0.0030         0.0210 
BAR-estimator:      0.45000        0.50000       -0.0917         2.9630        -0.0917         0.0030         0.0212 
BAR-estimator:      0.50000        0.55000       -0.1657         2.7973        -0.1657         0.0035         0.0215 
BAR-estimator:      0.55000        0.60000       -0.3178         2.4795        -0.3178         0.0036         0.0218 
BAR-estimator:      0.60000        0.65000       -0.4341         2.0454        -0.4341         0.0034         0.0221 
BAR-estimator:      0.65000        0.70000       -0.5243         1.5211        -0.5243         0.0032         0.0223 
BAR-estimator:      0.70000        0.75000       -0.6025         0.9187        -0.6025         0.0034         0.0226 
BAR-estimator:      0.75000        0.80000       -0.6694         0.2493        -0.6694         0.0031         0.0228 
BAR-estimator:      0.80000        0.85000       -0.7078        -0.4586        -0.7078         0.0032         0.0230 
BAR-estimator:      0.85000        0.90000       -0.7528        -1.2113        -0.7528         0.0033         0.0232 
BAR-estimator:      0.90000        0.95000       -0.7806        -1.9919        -0.7806         0.0035         0.0235 
BAR-estimator:      0.95000        1.00000       -0.8139        -2.8058        -0.8139         0.0028         0.0237 
BAR-estimator: total free energy change is -2.8058198172908027 , total error is 0.023652930403542913
