#========================================================================================
#                     Free energy perturbation    
#----------------------------------------------------------------------------------------
#forward/backward          λ              ΔΔA                 ΔA                  δε   
#                                                 
#----------------------------------------------------------------------------------------
forward:               0.0000              0.0000              0.0000              0.0000  
forward:               0.0500              1.3060              1.3060              0.0204  
forward:               0.1000              0.7193              2.0253              0.0245  
forward:               0.1500              0.3841              2.4094              0.0261  
forward:               0.2000              0.2090              2.6184              0.0271  
forward:               0.2500              0.1252              2.7435              0.0278  
forward:               0.3000              0.0683              2.8118              0.0283  
forward:               0.3500              0.0277              2.8396              0.0288  
forward:               0.4000              0.0003              2.8399              0.0293  
forward:               0.4500             -0.0196              2.8202              0.0296  
forward:               0.5000             -0.0544              2.7658              0.0298  
forward:               0.5500             -0.1781              2.5877              0.0305  
forward:               0.6000             -0.4171              2.1706              0.0315  
forward:               0.6500             -0.6378              1.5328              0.0325  
forward:               0.7000             -0.8374              0.6954              0.0336  
forward:               0.7500             -0.9446             -0.2492              0.0343  
forward:               0.8000             -1.0027             -1.2519              0.0351  
forward:               0.8500             -1.0110             -2.2629              0.0355  
forward:               0.9000             -0.9780             -3.2409              0.0359  
forward:               0.9500             -0.9707             -4.2116              0.0361  
forward:               1.0000             -0.9452             -5.1568              0.0364  
backward:              1.0000              0.0000             -5.1568              0.0000  
backward:              0.9500              0.9506             -4.2062              0.0060  
backward:              0.9000              0.9577             -3.2485              0.0087  
backward:              0.8500              0.9816             -2.2669              0.0108  
backward:              0.8000              1.0003             -1.2666              0.0125  
backward:              0.7500              1.0015             -0.2651              0.0143  
backward:              0.7000              0.9472              0.6820              0.0161  
backward:              0.6500              0.8136              1.4957              0.0182  
backward:              0.6000              0.6371              2.1328              0.0201  
backward:              0.5500              0.4191              2.5518              0.0216  
backward:              0.5000              0.1703              2.7222              0.0233  
backward:              0.4500              0.0411              2.7633              0.0237  
backward:              0.4000              0.0257              2.7890              0.0243  
backward:              0.3500              0.0182              2.8072              0.0250  
backward:              0.3000             -0.0231              2.7841              0.0256  
backward:              0.2500             -0.0543              2.7298              0.0265  
backward:              0.2000             -0.1278              2.6021              0.0278  
backward:              0.1500             -0.2083              2.3937              0.0296  
backward:              0.1000             -0.3733              2.0205              0.0318  
backward:              0.0500             -0.6860              1.3344              0.0365  
backward:              0.0000             -1.3612             -0.0268              0.0496  
Inaccuracy estimation
======================================================================================================
                   i        i+δi          P0_overlap_P1   δε(forward)/ε   δε(backward)/ε
======================================================================================================
inaccuracy:  0.00000        0.05000           42.48           -0.03            1.19
inaccuracy:  0.05000        0.10000           50.79           -0.02            0.78
inaccuracy:  0.10000        0.15000           61.25           -0.02            0.39
inaccuracy:  0.15000        0.20000           67.88           -0.01            0.24
inaccuracy:  0.20000        0.25000           71.26           -0.01            0.17
inaccuracy:  0.25000        0.30000           72.39           -0.01            0.14
inaccuracy:  0.30000        0.35000           74.39           -0.01            0.11
inaccuracy:  0.35000        0.40000           74.03           -0.01            0.10
inaccuracy:  0.40000        0.45000           75.84           -0.01            0.10
inaccuracy:  0.45000        0.50000           78.09           -0.01            0.08
inaccuracy:  0.50000        0.55000           66.68           -0.07            0.15
inaccuracy:  0.55000        0.60000           67.00           -0.11            0.09
inaccuracy:  0.60000        0.65000           66.78           -0.12            0.07
inaccuracy:  0.65000        0.70000           68.38           -0.10            0.05
inaccuracy:  0.70000        0.75000           66.73           -0.12            0.04
inaccuracy:  0.75000        0.80000           67.72           -0.12            0.04
inaccuracy:  0.80000        0.85000           67.95           -0.10            0.04
inaccuracy:  0.85000        0.90000           66.38           -0.10            0.05
inaccuracy:  0.90000        0.95000           67.11           -0.09            0.06
inaccuracy:  0.95000        1.00000           65.48           -0.11            0.06
===================================================================================================================================
                BAR        
-----------------------------------------------------------------------------------------------------------------------------------
BAR-estimator:         λ             λ+δλ          ΔΔA             ΔA            C               Δδe            δe       
                          
-----------------------------------------------------------------------------------------------------------------------------------
BAR-estimator:      0.00000        0.05000        1.3165         1.3165         1.3165         0.0118         0.0118 
BAR-estimator:      0.05000        0.10000        0.7084         2.0249         0.7084         0.0087         0.0146 
BAR-estimator:      0.10000        0.15000        0.3802         2.4051         0.3802         0.0060         0.0158 
BAR-estimator:      0.15000        0.20000        0.2073         2.6124         0.2073         0.0050         0.0166 
BAR-estimator:      0.20000        0.25000        0.1250         2.7374         0.1250         0.0043         0.0171 
BAR-estimator:      0.25000        0.30000        0.0643         2.8018         0.0643         0.0033         0.0174 
BAR-estimator:      0.30000        0.35000        0.0266         2.8284         0.0266         0.0041         0.0179 
BAR-estimator:      0.35000        0.40000       -0.0072         2.8212        -0.0072         0.0038         0.0183 
BAR-estimator:      0.40000        0.45000       -0.0214         2.7998        -0.0214         0.0028         0.0185 
BAR-estimator:      0.45000        0.50000       -0.0490         2.7508        -0.0490         0.0029         0.0187 
BAR-estimator:      0.50000        0.55000       -0.1745         2.5763        -0.1745         0.0040         0.0192 
BAR-estimator:      0.55000        0.60000       -0.4225         2.1538        -0.4225         0.0043         0.0196 
BAR-estimator:      0.60000        0.65000       -0.6391         1.5147        -0.6391         0.0044         0.0201 
BAR-estimator:      0.65000        0.70000       -0.8204         0.6944        -0.8204         0.0047         0.0207 
BAR-estimator:      0.70000        0.75000       -0.9446        -0.2502        -0.9446         0.0049         0.0212 
BAR-estimator:      0.75000        0.80000       -1.0040        -1.2542        -1.0040         0.0046         0.0217 
BAR-estimator:      0.80000        0.85000       -1.0078        -2.2620        -1.0078         0.0039         0.0221 
BAR-estimator:      0.85000        0.90000       -0.9839        -3.2459        -0.9839         0.0038         0.0224 
BAR-estimator:      0.90000        0.95000       -0.9640        -4.2098        -0.9640         0.0041         0.0228 
BAR-estimator:      0.95000        1.00000       -0.9507        -5.1605        -0.9507         0.0043         0.0232 
BAR-estimator: total free energy change is -5.160530098386405 , total error is 0.02318501043438135
