#========================================================================================
#                     Free energy perturbation    
#----------------------------------------------------------------------------------------
#forward/backward          λ              ΔΔA                 ΔA                  δε   
#                                                 
#----------------------------------------------------------------------------------------
forward:               0.0000              0.0000              0.0000              0.0000  
forward:               0.0500              1.1058              1.1058              0.0195  
forward:               0.1000              0.5876              1.6933              0.0240  
forward:               0.1500              0.2802              1.9735              0.0256  
forward:               0.2000              0.1308              2.1043              0.0265  
forward:               0.2500              0.0491              2.1534              0.0270  
forward:               0.3000             -0.0028              2.1506              0.0275  
forward:               0.3500             -0.0211              2.1295              0.0279  
forward:               0.4000             -0.0509              2.0786              0.0282  
forward:               0.4500             -0.0729              2.0058              0.0285  
forward:               0.5000             -0.0880              1.9178              0.0289  
forward:               0.5500             -0.2136              1.7042              0.0297  
forward:               0.6000             -0.4920              1.2121              0.0305  
forward:               0.6500             -0.7503              0.4618              0.0317  
forward:               0.7000             -0.9861             -0.5243              0.0329  
forward:               0.7500             -1.1318             -1.6561              0.0337  
forward:               0.8000             -1.1710             -2.8271              0.0345  
forward:               0.8500             -1.1652             -3.9923              0.0348  
forward:               0.9000             -1.1334             -5.1256              0.0350  
forward:               0.9500             -1.0867             -6.2124              0.0353  
forward:               1.0000             -1.0479             -7.2602              0.0356  
backward:              1.0000              0.0000             -7.2602              0.0000  
backward:              0.9500              1.0471             -6.2131              0.0058  
backward:              0.9000              1.0791             -5.1340              0.0084  
backward:              0.8500              1.1361             -3.9979              0.0103  
backward:              0.8000              1.1604             -2.8374              0.0122  
backward:              0.7500              1.1863             -1.6511              0.0140  
backward:              0.7000              1.1380             -0.5131              0.0159  
backward:              0.6500              0.9763              0.4633              0.0187  
backward:              0.6000              0.7486              1.2118              0.0206  
backward:              0.5500              0.4541              1.6659              0.0218  
backward:              0.5000              0.2279              1.8938              0.0229  
backward:              0.4500              0.0791              1.9728              0.0235  
backward:              0.4000              0.0680              2.0408              0.0241  
backward:              0.3500              0.0563              2.0971              0.0247  
backward:              0.3000              0.0270              2.1241              0.0253  
backward:              0.2500             -0.0054              2.1187              0.0261  
backward:              0.2000             -0.0489              2.0698              0.0272  
backward:              0.1500             -0.1183              1.9515              0.0284  
backward:              0.1000             -0.2796              1.6719              0.0316  
backward:              0.0500             -0.6537              1.0181              0.0635  
backward:              0.0000             -1.1155             -0.0973              0.0691  
Inaccuracy estimation
======================================================================================================
                   i        i+δi          P0_overlap_P1   δε(forward)/ε   δε(backward)/ε
======================================================================================================
inaccuracy:  0.00000        0.05000           43.68           -0.03            1.06
inaccuracy:  0.05000        0.10000           52.66           -0.02            0.72
inaccuracy:  0.10000        0.15000           62.99           -0.01            0.36
inaccuracy:  0.15000        0.20000           68.28           -0.01            0.22
inaccuracy:  0.20000        0.25000           72.16           -0.01            0.15
inaccuracy:  0.25000        0.30000           74.74           -0.01            0.12
inaccuracy:  0.30000        0.35000           74.55           -0.01            0.11
inaccuracy:  0.35000        0.40000           75.64           -0.01            0.10
inaccuracy:  0.40000        0.45000           77.12           -0.01            0.09
inaccuracy:  0.45000        0.50000           77.23           -0.01            0.09
inaccuracy:  0.50000        0.55000           65.64           -0.09            0.13
inaccuracy:  0.55000        0.60000           68.30           -0.11            0.08
inaccuracy:  0.60000        0.65000           64.82           -0.16            0.07
inaccuracy:  0.65000        0.70000           64.45           -0.14            0.04
inaccuracy:  0.70000        0.75000           65.79           -0.11            0.03
inaccuracy:  0.75000        0.80000           66.24           -0.14            0.03
inaccuracy:  0.80000        0.85000           67.67           -0.10            0.03
inaccuracy:  0.85000        0.90000           66.52           -0.09            0.04
inaccuracy:  0.90000        0.95000           66.08           -0.09            0.05
inaccuracy:  0.95000        1.00000           65.19           -0.09            0.06
===================================================================================================================================
                BAR        
-----------------------------------------------------------------------------------------------------------------------------------
BAR-estimator:         λ             λ+δλ          ΔΔA             ΔA            C               Δδe            δe       
                          
-----------------------------------------------------------------------------------------------------------------------------------
BAR-estimator:      0.00000        0.05000        1.1201         1.1201         1.1201         0.0104         0.0104 
BAR-estimator:      0.05000        0.10000        0.5849         1.7050         0.5849         0.0088         0.0137 
BAR-estimator:      0.10000        0.15000        0.2791         1.9841         0.2791         0.0063         0.0150 
BAR-estimator:      0.15000        0.20000        0.1281         2.1122         0.1281         0.0045         0.0157 
BAR-estimator:      0.20000        0.25000        0.0472         2.1594         0.0472         0.0039         0.0162 
BAR-estimator:      0.25000        0.30000        0.0009         2.1603         0.0009         0.0041         0.0167 
BAR-estimator:      0.30000        0.35000       -0.0232         2.1371        -0.0232         0.0037         0.0171 
BAR-estimator:      0.35000        0.40000       -0.0515         2.0857        -0.0515         0.0035         0.0175 
BAR-estimator:      0.40000        0.45000       -0.0713         2.0144        -0.0713         0.0033         0.0178 
BAR-estimator:      0.45000        0.50000       -0.0851         1.9293        -0.0851         0.0031         0.0181 
BAR-estimator:      0.50000        0.55000       -0.2196         1.7096        -0.2196         0.0042         0.0186 
BAR-estimator:      0.55000        0.60000       -0.4741         1.2355        -0.4741         0.0038         0.0189 
BAR-estimator:      0.60000        0.65000       -0.7520         0.4836        -0.7520         0.0047         0.0195 
BAR-estimator:      0.65000        0.70000       -0.9819        -0.4983        -0.9819         0.0052         0.0202 
BAR-estimator:      0.70000        0.75000       -1.1289        -1.6272        -1.1289         0.0048         0.0208 
BAR-estimator:      0.75000        0.80000       -1.1780        -2.8052        -1.1780         0.0050         0.0214 
BAR-estimator:      0.80000        0.85000       -1.1655        -3.9708        -1.1655         0.0037         0.0217 
BAR-estimator:      0.85000        0.90000       -1.1326        -5.1034        -1.1326         0.0039         0.0220 
BAR-estimator:      0.90000        0.95000       -1.0797        -6.1831        -1.0797         0.0041         0.0224 
BAR-estimator:      0.95000        1.00000       -1.0419        -7.2250        -1.0419         0.0044         0.0228 
BAR-estimator: total free energy change is -7.225038242254585 , total error is 0.022844157048385775
