20
 energy: -572.565003851653 gnorm: 0.001041171413 xtb: 6.7.1 (41059b4)
C            0.87402854768185        1.36933448031398       -0.64896528703125
C            1.60016756666504        0.16008562788079       -0.07428750610147
H            2.57674333742276        0.04622645582820       -0.56906565618558
C            0.77583492436602       -1.10681655870073       -0.31468599891919
H            1.21444582573606       -1.93317664867616        0.26491661436369
C           -0.68339343127762       -0.90299936127992        0.12879886960639
H           -1.29231960635102       -1.74013926595614       -0.24065375173052
C           -1.26959581039402        0.39914906142095       -0.44303782957972
H           -1.34830684189193        0.34662156731406       -1.54000400616315
O           -0.42422679443210        1.50772068221196       -0.08673659884585
O           -2.53336301848974        0.63739183514759        0.06802748809413
O           -0.81544420531205       -0.90599376319284        1.54715425399697
O            0.85076424774364       -1.35045512512219       -1.72117293055368
O            1.76287804751594        0.26063190074372        1.35065366820219
H            0.82771907293898        1.26898210576222       -1.74562285466285
H            1.41645724198323        2.29424520872855       -0.41614649395601
H           -2.49293905465289        0.39029418440010        1.00545217552946
H           -0.09401648590268       -0.35073942617205        1.88653704829068
H            0.42324786968850       -2.19402122388503       -1.90465119765205
H            1.97238315447395        1.17716566907181        1.56656443520254
20
 energy: -572.565005926578 gnorm: 0.000488630955 xtb: 6.7.1 (41059b4)
C            0.87408522646363        1.36887572390722       -0.64901840009291
C            1.60015946993016        0.16002347230992       -0.07408737674273
H            2.57711892944750        0.04619991500947       -0.56795726369296
C            0.77591228466208       -1.10642080561073       -0.31513065487402
H            1.21463975107166       -1.93284142822227        0.26409450568869
C           -0.68312820441803       -0.90265870098821        0.12850829442306
H           -1.29178219499661       -1.74002694958793       -0.24048691530014
C           -1.26980718193408        0.39887554234703       -0.44340548531661
H           -1.34891109318075        0.34645573674634       -1.54026347954255
O           -0.42451308401334        1.50756423403299       -0.08733121710063
O           -2.53362658061416        0.63685196580164        0.06789671395985
O           -0.81531213984485       -0.90546530681429        1.54699969848882
O            0.85062030943607       -1.35059643900540       -1.72166294977554
O            1.76252276121190        0.26081094873513        1.35110827187970
H            0.82781341686284        1.26817228894679       -1.74554359976596
H            1.41588217123403        2.29392620887599       -0.41592410228651
H           -2.49141865308272        0.39287809025416        1.00649178936810
H           -0.09235370019095       -0.35224313122334        1.88650287298634
H            0.42301596008040       -2.19412198886371       -1.90475535572675
H            1.97014720106003        1.17724819686083        1.56703904333610
20
 energy: -572.565005926578 gnorm: 0.000488630955 xtb: 6.7.1 (41059b4)
C            0.87408522646363        1.36887572390722       -0.64901840009291
C            1.60015946993016        0.16002347230992       -0.07408737674273
H            2.57711892944750        0.04619991500947       -0.56795726369296
C            0.77591228466208       -1.10642080561073       -0.31513065487402
H            1.21463975107166       -1.93284142822227        0.26409450568869
C           -0.68312820441803       -0.90265870098821        0.12850829442306
H           -1.29178219499661       -1.74002694958793       -0.24048691530014
C           -1.26980718193408        0.39887554234703       -0.44340548531661
H           -1.34891109318075        0.34645573674634       -1.54026347954255
O           -0.42451308401334        1.50756423403299       -0.08733121710063
O           -2.53362658061416        0.63685196580164        0.06789671395985
O           -0.81531213984485       -0.90546530681429        1.54699969848882
O            0.85062030943607       -1.35059643900540       -1.72166294977554
O            1.76252276121190        0.26081094873513        1.35110827187970
H            0.82781341686284        1.26817228894679       -1.74554359976596
H            1.41588217123403        2.29392620887599       -0.41592410228651
H           -2.49141865308272        0.39287809025416        1.00649178936810
H           -0.09235370019095       -0.35224313122334        1.88650287298634
H            0.42301596008040       -2.19412198886371       -1.90475535572675
H            1.97014720106003        1.17724819686083        1.56703904333610
