#========================================================================================
#                     Free energy perturbation    
#----------------------------------------------------------------------------------------
#forward/backward          λ              ΔΔA                 ΔA                  δε   
#                                                 
#----------------------------------------------------------------------------------------
forward:               0.0000              0.0000              0.0000              0.0000  
forward:               0.0500              1.8545              1.8545              0.0299  
forward:               0.1000              0.9821              2.8366              0.0343  
forward:               0.1500              0.4977              3.3342              0.0372  
forward:               0.2000              0.2626              3.5968              0.0381  
forward:               0.2500              0.1403              3.7371              0.0386  
forward:               0.3000              0.0539              3.7911              0.0389  
forward:               0.3500              0.0051              3.7961              0.0392  
forward:               0.4000             -0.0282              3.7679              0.0395  
forward:               0.4500             -0.0665              3.7015              0.0397  
forward:               0.5000             -0.0860              3.6155              0.0399  
forward:               0.5500             -0.1271              3.4884              0.0402  
forward:               0.6000             -0.2109              3.2774              0.0403  
forward:               0.6500             -0.2714              3.0060              0.0405  
forward:               0.7000             -0.3174              2.6886              0.0407  
forward:               0.7500             -0.3496              2.3390              0.0408  
forward:               0.8000             -0.3737              1.9653              0.0410  
forward:               0.8500             -0.3993              1.5660              0.0411  
forward:               0.9000             -0.4135              1.1525              0.0412  
forward:               0.9500             -0.4308              0.7217              0.0413  
forward:               1.0000             -0.4382              0.2835              0.0414  
backward:              1.0000              0.0000              0.2835              0.0000  
backward:              0.9500              0.4403              0.7238              0.0037  
backward:              0.9000              0.4278              1.1516              0.0055  
backward:              0.8500              0.4114              1.5630              0.0069  
backward:              0.8000              0.3872              1.9502              0.0083  
backward:              0.7500              0.3690              2.3192              0.0091  
backward:              0.7000              0.3522              2.6714              0.0099  
backward:              0.6500              0.3185              2.9899              0.0110  
backward:              0.6000              0.2746              3.2645              0.0117  
backward:              0.5500              0.2110              3.4755              0.0129  
backward:              0.5000              0.1322              3.6076              0.0137  
backward:              0.4500              0.0890              3.6967              0.0145  
backward:              0.4000              0.0535              3.7502              0.0153  
backward:              0.3500              0.0254              3.7755              0.0167  
backward:              0.3000             -0.0139              3.7616              0.0178  
backward:              0.2500             -0.0585              3.7031              0.0188  
backward:              0.2000             -0.1213              3.5818              0.0205  
backward:              0.1500             -0.2677              3.3142              0.0235  
backward:              0.1000             -0.4989              2.8152              0.0274  
backward:              0.0500             -0.9877              1.8276              0.0373  
backward:              0.0000             -1.8815             -0.0539              0.0601  
Inaccuracy estimation
======================================================================================================
                   i        i+δi          P0_overlap_P1   δε(forward)/ε   δε(backward)/ε
======================================================================================================
inaccuracy:  0.00000        0.05000           31.75           -0.02            2.39
inaccuracy:  0.05000        0.10000           45.28           -0.03            1.15
inaccuracy:  0.10000        0.15000           57.38           -0.02            0.52
inaccuracy:  0.15000        0.20000           64.74           -0.02            0.29
inaccuracy:  0.20000        0.25000           68.16           -0.02            0.20
inaccuracy:  0.25000        0.30000           71.92           -0.01            0.15
inaccuracy:  0.30000        0.35000           73.91           -0.02            0.12
inaccuracy:  0.35000        0.40000           73.67           -0.02            0.11
inaccuracy:  0.40000        0.45000           75.89           -0.01            0.09
inaccuracy:  0.45000        0.50000           75.50           -0.01            0.09
inaccuracy:  0.50000        0.55000           71.49           -0.03            0.10
inaccuracy:  0.55000        0.60000           74.00           -0.02            0.09
inaccuracy:  0.60000        0.65000           74.00           -0.03            0.07
inaccuracy:  0.65000        0.70000           75.07           -0.03            0.07
inaccuracy:  0.70000        0.75000           74.97           -0.03            0.06
inaccuracy:  0.75000        0.80000           75.40           -0.03            0.06
inaccuracy:  0.80000        0.85000           75.65           -0.02            0.06
inaccuracy:  0.85000        0.90000           75.58           -0.04            0.06
inaccuracy:  0.90000        0.95000           74.97           -0.03            0.06
inaccuracy:  0.95000        1.00000           74.54           -0.03            0.06
===================================================================================================================================
                BAR        
-----------------------------------------------------------------------------------------------------------------------------------
BAR-estimator:         λ             λ+δλ          ΔΔA             ΔA            C               Δδe            δe       
                          
-----------------------------------------------------------------------------------------------------------------------------------
BAR-estimator:      0.00000        0.05000        1.8805         1.8805         1.8805         0.0061         0.0061 
BAR-estimator:      0.05000        0.10000        0.9996         2.8801         0.9996         0.0103         0.0119 
BAR-estimator:      0.10000        0.15000        0.4983         3.3785         0.4983         0.0096         0.0153 
BAR-estimator:      0.15000        0.20000        0.2641         3.6426         0.2641         0.0052         0.0162 
BAR-estimator:      0.20000        0.25000        0.1328         3.7754         0.1328         0.0042         0.0167 
BAR-estimator:      0.25000        0.30000        0.0569         3.8324         0.0569         0.0036         0.0171 
BAR-estimator:      0.30000        0.35000        0.0067         3.8391         0.0067         0.0032         0.0174 
BAR-estimator:      0.35000        0.40000       -0.0300         3.8091        -0.0300         0.0031         0.0177 
BAR-estimator:      0.40000        0.45000       -0.0616         3.7475        -0.0616         0.0031         0.0179 
BAR-estimator:      0.45000        0.50000       -0.0861         3.6614        -0.0861         0.0025         0.0181 
BAR-estimator:      0.50000        0.55000       -0.1303         3.5311        -0.1303         0.0031         0.0184 
BAR-estimator:      0.55000        0.60000       -0.2099         3.3212        -0.2099         0.0029         0.0186 
BAR-estimator:      0.60000        0.65000       -0.2727         3.0485        -0.2727         0.0027         0.0188 
BAR-estimator:      0.65000        0.70000       -0.3183         2.7302        -0.3183         0.0028         0.0190 
BAR-estimator:      0.70000        0.75000       -0.3504         2.3798        -0.3504         0.0026         0.0192 
BAR-estimator:      0.75000        0.80000       -0.3721         2.0077        -0.3721         0.0026         0.0194 
BAR-estimator:      0.80000        0.85000       -0.3951         1.6126        -0.3951         0.0026         0.0195 
BAR-estimator:      0.85000        0.90000       -0.4135         1.1992        -0.4135         0.0026         0.0197 
BAR-estimator:      0.90000        0.95000       -0.4297         0.7695        -0.4297         0.0027         0.0199 
BAR-estimator:      0.95000        1.00000       -0.4392         0.3303        -0.4392         0.0027         0.0201 
BAR-estimator: total free energy change is 0.3303430791392856 , total error is 0.020093937840668718
