#========================================================================================
#                     Free energy perturbation    
#----------------------------------------------------------------------------------------
#forward/backward          λ              ΔΔA                 ΔA                  δε   
#                                                 
#----------------------------------------------------------------------------------------
forward:               0.0000              0.0000              0.0000              0.0000  
forward:               0.0500              2.1523              2.1523              0.0288  
forward:               0.1000              1.2344              3.3867              0.0348  
forward:               0.1500              0.6078              3.9945              0.0377  
forward:               0.2000              0.3065              4.3010              0.0392  
forward:               0.2500              0.1711              4.4721              0.0399  
forward:               0.3000              0.0790              4.5511              0.0405  
forward:               0.3500              0.0020              4.5531              0.0409  
forward:               0.4000             -0.0247              4.5284              0.0412  
forward:               0.4500             -0.0622              4.4662              0.0415  
forward:               0.5000             -0.0869              4.3792              0.0417  
forward:               0.5500             -0.1349              4.2443              0.0420  
forward:               0.6000             -0.2473              3.9971              0.0423  
forward:               0.6500             -0.3245              3.6726              0.0425  
forward:               0.7000             -0.4125              3.2601              0.0429  
forward:               0.7500             -0.4762              2.7838              0.0431  
forward:               0.8000             -0.5267              2.2571              0.0435  
forward:               0.8500             -0.5739              1.6832              0.0437  
forward:               0.9000             -0.6078              1.0754              0.0440  
forward:               0.9500             -0.6288              0.4466              0.0442  
forward:               1.0000             -0.6437             -0.1970              0.0444  
backward:              1.0000              0.0000             -0.1970              0.0000  
backward:              0.9500              0.6401              0.4430              0.0053  
backward:              0.9000              0.6265              1.0696              0.0079  
backward:              0.8500              0.5984              1.6680              0.0098  
backward:              0.8000              0.5773              2.2453              0.0114  
backward:              0.7500              0.5300              2.7752              0.0129  
backward:              0.7000              0.4661              3.2414              0.0146  
backward:              0.6500              0.4021              3.6435              0.0159  
backward:              0.6000              0.3196              3.9631              0.0173  
backward:              0.5500              0.2379              4.2009              0.0183  
backward:              0.5000              0.1348              4.3357              0.0192  
backward:              0.4500              0.0872              4.4229              0.0199  
backward:              0.4000              0.0573              4.4802              0.0209  
backward:              0.3500              0.0200              4.5002              0.0227  
backward:              0.3000             -0.0225              4.4777              0.0239  
backward:              0.2500             -0.0646              4.4131              0.0253  
backward:              0.2000             -0.1799              4.2332              0.0269  
backward:              0.1500             -0.2934              3.9398              0.0294  
backward:              0.1000             -0.6091              3.3307              0.0350  
backward:              0.0500             -1.2572              2.0735              0.0521  
backward:              0.0000             -2.1083             -0.0349              0.0639  
Inaccuracy estimation
======================================================================================================
                   i        i+δi          P0_overlap_P1   δε(forward)/ε   δε(backward)/ε
======================================================================================================
inaccuracy:  0.00000        0.05000           29.74            0.00            2.40
inaccuracy:  0.05000        0.10000           39.51           -0.06            1.52
inaccuracy:  0.10000        0.15000           51.63           -0.03            0.73
inaccuracy:  0.15000        0.20000           60.10           -0.03            0.41
inaccuracy:  0.20000        0.25000           64.44           -0.02            0.26
inaccuracy:  0.25000        0.30000           66.41           -0.02            0.21
inaccuracy:  0.30000        0.35000           70.93           -0.02            0.17
inaccuracy:  0.35000        0.40000           70.28           -0.02            0.15
inaccuracy:  0.40000        0.45000           71.57           -0.02            0.12
inaccuracy:  0.45000        0.50000           71.78           -0.02            0.13
inaccuracy:  0.50000        0.55000           68.20           -0.05            0.13
inaccuracy:  0.55000        0.60000           70.43           -0.04            0.11
inaccuracy:  0.60000        0.65000           70.05           -0.05            0.09
inaccuracy:  0.65000        0.70000           69.73           -0.05            0.09
inaccuracy:  0.70000        0.75000           69.65           -0.06            0.09
inaccuracy:  0.75000        0.80000           68.79           -0.07            0.08
inaccuracy:  0.80000        0.85000           69.68           -0.06            0.08
inaccuracy:  0.85000        0.90000           69.47           -0.05            0.08
inaccuracy:  0.90000        0.95000           68.83           -0.06            0.08
inaccuracy:  0.95000        1.00000           69.00           -0.05            0.07
===================================================================================================================================
                BAR        
-----------------------------------------------------------------------------------------------------------------------------------
BAR-estimator:         λ             λ+δλ          ΔΔA             ΔA            C               Δδe            δe       
                          
-----------------------------------------------------------------------------------------------------------------------------------
BAR-estimator:      0.00000        0.05000        2.1617         2.1617         2.1617         0.0117         0.0117 
BAR-estimator:      0.05000        0.10000        1.2378         3.3995         1.2378         0.0113         0.0163 
BAR-estimator:      0.10000        0.15000        0.6162         4.0157         0.6162         0.0091         0.0187 
BAR-estimator:      0.15000        0.20000        0.3078         4.3235         0.3078         0.0072         0.0200 
BAR-estimator:      0.20000        0.25000        0.1745         4.4980         0.1745         0.0050         0.0206 
BAR-estimator:      0.25000        0.30000        0.0764         4.5744         0.0764         0.0046         0.0211 
BAR-estimator:      0.30000        0.35000        0.0117         4.5861         0.0117         0.0053         0.0218 
BAR-estimator:      0.35000        0.40000       -0.0238         4.5623        -0.0238         0.0035         0.0221 
BAR-estimator:      0.40000        0.45000       -0.0594         4.5029        -0.0594         0.0033         0.0223 
BAR-estimator:      0.45000        0.50000       -0.0845         4.4184        -0.0845         0.0031         0.0225 
BAR-estimator:      0.50000        0.55000       -0.1336         4.2848        -0.1336         0.0033         0.0228 
BAR-estimator:      0.55000        0.60000       -0.2408         4.0440        -0.2408         0.0034         0.0230 
BAR-estimator:      0.60000        0.65000       -0.3227         3.7213        -0.3227         0.0032         0.0233 
BAR-estimator:      0.65000        0.70000       -0.4060         3.3152        -0.4060         0.0044         0.0237 
BAR-estimator:      0.70000        0.75000       -0.4741         2.8411        -0.4741         0.0035         0.0239 
BAR-estimator:      0.75000        0.80000       -0.5307         2.3104        -0.5307         0.0035         0.0242 
BAR-estimator:      0.80000        0.85000       -0.5756         1.7348        -0.5756         0.0036         0.0244 
BAR-estimator:      0.85000        0.90000       -0.6037         1.1311        -0.6037         0.0035         0.0247 
BAR-estimator:      0.90000        0.95000       -0.6308         0.5003        -0.6308         0.0039         0.0250 
BAR-estimator:      0.95000        1.00000       -0.6410        -0.1407        -0.6410         0.0039         0.0253 
BAR-estimator: total free energy change is -0.14071507431073382 , total error is 0.025294940842461797
