#========================================================================================
#                     Free energy perturbation    
#----------------------------------------------------------------------------------------
#forward/backward          λ              ΔΔA                 ΔA                  δε   
#                                                 
#----------------------------------------------------------------------------------------
forward:               0.0000              0.0000              0.0000              0.0000  
forward:               0.0500              0.4665              0.4665              0.0070  
forward:               0.1000              0.3205              0.7870              0.0087  
forward:               0.1500              0.2448              1.0318              0.0098  
forward:               0.2000              0.1939              1.2257              0.0106  
forward:               0.2500              0.1539              1.3796              0.0113  
forward:               0.3000              0.1342              1.5138              0.0118  
forward:               0.3500              0.1311              1.6449              0.0124  
forward:               0.4000              0.1048              1.7496              0.0129  
forward:               0.4500              0.0931              1.8428              0.0133  
forward:               0.5000              0.0818              1.9246              0.0140  
forward:               0.5500              0.0803              2.0049              0.0143  
forward:               0.6000              0.0800              2.0849              0.0147  
forward:               0.6500              0.0655              2.1505              0.0150  
forward:               0.7000              0.0575              2.2080              0.0153  
forward:               0.7500              0.0584              2.2664              0.0155  
forward:               0.8000              0.0620              2.3284              0.0157  
forward:               0.8500              0.0542              2.3826              0.0160  
forward:               0.9000              0.0466              2.4292              0.0162  
forward:               0.9500              0.0439              2.4731              0.0164  
forward:               1.0000              0.0389              2.5121              0.0166  
backward:              1.0000              0.0000              2.5121              0.0000  
backward:              0.9500             -0.0409              2.4712              0.0032  
backward:              0.9000             -0.0472              2.4240              0.0048  
backward:              0.8500             -0.0516              2.3724              0.0058  
backward:              0.8000             -0.0497              2.3227              0.0068  
backward:              0.7500             -0.0553              2.2674              0.0075  
backward:              0.7000             -0.0661              2.2013              0.0084  
backward:              0.6500             -0.0607              2.1405              0.0094  
backward:              0.6000             -0.0689              2.0716              0.0101  
backward:              0.5500             -0.0743              1.9973              0.0107  
backward:              0.5000             -0.0876              1.9097              0.0112  
backward:              0.4500             -0.0826              1.8271              0.0118  
backward:              0.4000             -0.0932              1.7339              0.0124  
backward:              0.3500             -0.1111              1.6228              0.0131  
backward:              0.3000             -0.1189              1.5039              0.0136  
backward:              0.2500             -0.1426              1.3613              0.0137  
backward:              0.2000             -0.1603              1.2010              0.0145  
backward:              0.1500             -0.1931              1.0078              0.0156  
backward:              0.1000             -0.2538              0.7541              0.0176  
backward:              0.0500             -0.3223              0.4317              0.0195  
backward:              0.0000             -0.4743             -0.0426              0.0219  
Inaccuracy estimation
======================================================================================================
                   i        i+δi          P0_overlap_P1   δε(forward)/ε   δε(backward)/ε
======================================================================================================
inaccuracy:  0.00000        0.05000           64.69           -0.00            0.37
inaccuracy:  0.05000        0.10000           70.35           -0.00            0.23
inaccuracy:  0.10000        0.15000           74.61           -0.00            0.17
inaccuracy:  0.15000        0.20000           76.72           -0.00            0.13
inaccuracy:  0.20000        0.25000           78.80           -0.00            0.10
inaccuracy:  0.25000        0.30000           79.84           -0.00            0.09
inaccuracy:  0.30000        0.35000           77.85           -0.00            0.10
inaccuracy:  0.35000        0.40000           80.06           -0.00            0.07
inaccuracy:  0.40000        0.45000           80.03           -0.00            0.07
inaccuracy:  0.45000        0.50000           81.09           -0.01            0.07
inaccuracy:  0.50000        0.55000           81.28           -0.00            0.07
inaccuracy:  0.55000        0.60000           79.62           -0.00            0.08
inaccuracy:  0.60000        0.65000           81.08           -0.00            0.07
inaccuracy:  0.65000        0.70000           81.55           -0.00            0.06
inaccuracy:  0.70000        0.75000           81.66           -0.00            0.06
inaccuracy:  0.75000        0.80000           80.19           -0.00            0.07
inaccuracy:  0.80000        0.85000           79.94           -0.00            0.07
inaccuracy:  0.85000        0.90000           81.62           -0.00            0.06
inaccuracy:  0.90000        0.95000           81.16           -0.01            0.06
inaccuracy:  0.95000        1.00000           81.35           -0.01            0.06
===================================================================================================================================
                BAR        
-----------------------------------------------------------------------------------------------------------------------------------
BAR-estimator:         λ             λ+δλ          ΔΔA             ΔA            C               Δδe            δe       
                          
-----------------------------------------------------------------------------------------------------------------------------------
BAR-estimator:      0.00000        0.05000        0.4687         0.4687         0.4687         0.0048         0.0048 
BAR-estimator:      0.05000        0.10000        0.3197         0.7884         0.3197         0.0035         0.0059 
BAR-estimator:      0.10000        0.15000        0.2470         1.0354         0.2470         0.0032         0.0067 
BAR-estimator:      0.15000        0.20000        0.1945         1.2299         0.1945         0.0029         0.0073 
BAR-estimator:      0.20000        0.25000        0.1570         1.3869         0.1570         0.0026         0.0077 
BAR-estimator:      0.25000        0.30000        0.1378         1.5248         0.1378         0.0026         0.0081 
BAR-estimator:      0.30000        0.35000        0.1276         1.6523         0.1276         0.0027         0.0086 
BAR-estimator:      0.35000        0.40000        0.1069         1.7592         0.1069         0.0024         0.0089 
BAR-estimator:      0.40000        0.45000        0.0927         1.8519         0.0927         0.0020         0.0091 
BAR-estimator:      0.45000        0.50000        0.0825         1.9344         0.0825         0.0029         0.0096 
BAR-estimator:      0.50000        0.55000        0.0828         2.0173         0.0828         0.0023         0.0098 
BAR-estimator:      0.55000        0.60000        0.0774         2.0947         0.0774         0.0023         0.0101 
BAR-estimator:      0.60000        0.65000        0.0660         2.1607         0.0660         0.0022         0.0103 
BAR-estimator:      0.65000        0.70000        0.0588         2.2195         0.0588         0.0021         0.0105 
BAR-estimator:      0.70000        0.75000        0.0606         2.2801         0.0606         0.0021         0.0107 
BAR-estimator:      0.75000        0.80000        0.0598         2.3399         0.0598         0.0025         0.0110 
BAR-estimator:      0.80000        0.85000        0.0524         2.3922         0.0524         0.0023         0.0113 
BAR-estimator:      0.85000        0.90000        0.0493         2.4415         0.0493         0.0021         0.0115 
BAR-estimator:      0.90000        0.95000        0.0439         2.4854         0.0439         0.0020         0.0116 
BAR-estimator:      0.95000        1.00000        0.0404         2.5258         0.0404         0.0019         0.0118 
BAR-estimator: total free energy change is 2.525825364943767 , total error is 0.011781339846804217
