#========================================================================================
#                     Free energy perturbation    
#----------------------------------------------------------------------------------------
#forward/backward          λ              ΔΔA                 ΔA                  δε   
#                                                 
#----------------------------------------------------------------------------------------
forward:               0.0000              0.0000              0.0000              0.0000  
forward:               0.0500              1.6943              1.6943              0.0197  
forward:               0.1000              0.9472              2.6415              0.0241  
forward:               0.1500              0.5026              3.1441              0.0271  
forward:               0.2000              0.2343              3.3783              0.0285  
forward:               0.2500              0.1206              3.4989              0.0294  
forward:               0.3000              0.0274              3.5263              0.0299  
forward:               0.3500             -0.0186              3.5077              0.0303  
forward:               0.4000             -0.0493              3.4585              0.0307  
forward:               0.4500             -0.0826              3.3759              0.0310  
forward:               0.5000             -0.1069              3.2690              0.0313  
forward:               0.5500             -0.2633              3.0058              0.0317  
forward:               0.6000             -0.5198              2.4860              0.0322  
forward:               0.6500             -0.7795              1.7065              0.0326  
forward:               0.7000             -0.9908              0.7157              0.0331  
forward:               0.7500             -1.0942             -0.3785              0.0339  
forward:               0.8000             -1.2089             -1.5873              0.0343  
forward:               0.8500             -1.3497             -2.9370              0.0347  
forward:               0.9000             -1.3971             -4.3341              0.0350  
forward:               0.9500             -1.3112             -5.6453              0.0352  
forward:               1.0000             -1.3413             -6.9866              0.0355  
backward:              1.0000              0.0000             -6.9866              0.0000  
backward:              0.9500              1.2340             -5.7525              0.0075  
backward:              0.9000              1.2824             -4.4701              0.0121  
backward:              0.8500              1.3509             -3.1192              0.0135  
backward:              0.8000              1.2319             -1.8873              0.0146  
backward:              0.7500              1.2000             -0.6873              0.0157  
backward:              0.7000              1.1012              0.4139              0.0170  
backward:              0.6500              0.9716              1.3855              0.0182  
backward:              0.6000              0.7583              2.1438              0.0193  
backward:              0.5500              0.5292              2.6729              0.0206  
backward:              0.5000              0.2657              2.9386              0.0218  
backward:              0.4500              0.0954              3.0340              0.0225  
backward:              0.4000              0.0899              3.1239              0.0229  
backward:              0.3500              0.0535              3.1774              0.0235  
backward:              0.3000              0.0047              3.1821              0.0246  
backward:              0.2500             -0.0450              3.1371              0.0254  
backward:              0.2000             -0.1087              3.0284              0.0267  
backward:              0.1500             -0.2182              2.8101              0.0277  
backward:              0.1000             -0.4449              2.3652              0.0305  
backward:              0.0500             -1.0680              1.2972              0.1250  
backward:              0.0000             -1.6609             -0.3637              0.1311  
Inaccuracy estimation
======================================================================================================
                   i        i+δi          P0_overlap_P1   δε(forward)/ε   δε(backward)/ε
======================================================================================================
inaccuracy:  0.00000        0.05000           35.06           -0.03            1.82
inaccuracy:  0.05000        0.10000           44.79           -0.04            1.07
inaccuracy:  0.10000        0.15000           54.14           -0.02            0.59
inaccuracy:  0.15000        0.20000           62.94           -0.02            0.32
inaccuracy:  0.20000        0.25000           67.52           -0.01            0.22
inaccuracy:  0.25000        0.30000           71.69           -0.02            0.16
inaccuracy:  0.30000        0.35000           72.83           -0.02            0.14
inaccuracy:  0.35000        0.40000           72.31           -0.01            0.11
inaccuracy:  0.40000        0.45000           73.57           -0.01            0.11
inaccuracy:  0.45000        0.50000           74.83           -0.02            0.10
inaccuracy:  0.50000        0.55000           63.98           -0.10            0.15
inaccuracy:  0.55000        0.60000           64.29           -0.13            0.10
inaccuracy:  0.60000        0.65000           66.14           -0.13            0.07
inaccuracy:  0.65000        0.70000           66.27           -0.11            0.05
inaccuracy:  0.70000        0.75000           65.32           -0.14            0.03
inaccuracy:  0.75000        0.80000           66.74           -0.12            0.02
inaccuracy:  0.80000        0.85000           73.83           -0.07            0.02
inaccuracy:  0.85000        0.90000           67.99           -0.12            0.02
inaccuracy:  0.90000        0.95000           65.83           -0.16            0.03
inaccuracy:  0.95000        1.00000           70.65           -0.06            0.03
===================================================================================================================================
                BAR        
-----------------------------------------------------------------------------------------------------------------------------------
BAR-estimator:         λ             λ+δλ          ΔΔA             ΔA            C               Δδe            δe       
                          
-----------------------------------------------------------------------------------------------------------------------------------
BAR-estimator:      0.00000        0.05000        1.6717         1.6717         1.6717         0.0087         0.0087 
BAR-estimator:      0.05000        0.10000        0.9338         2.6054         0.9338         0.0081         0.0119 
BAR-estimator:      0.10000        0.15000        0.4880         3.0934         0.4880         0.0178         0.0214 
BAR-estimator:      0.15000        0.20000        0.2326         3.3260         0.2326         0.0059         0.0222 
BAR-estimator:      0.20000        0.25000        0.1206         3.4466         0.1206         0.0049         0.0227 
BAR-estimator:      0.25000        0.30000        0.0371         3.4837         0.0371         0.0037         0.0230 
BAR-estimator:      0.30000        0.35000       -0.0118         3.4719        -0.0118         0.0035         0.0233 
BAR-estimator:      0.35000        0.40000       -0.0511         3.4208        -0.0511         0.0033         0.0235 
BAR-estimator:      0.40000        0.45000       -0.0838         3.3370        -0.0838         0.0030         0.0237 
BAR-estimator:      0.45000        0.50000       -0.1033         3.2337        -0.1033         0.0033         0.0240 
BAR-estimator:      0.50000        0.55000       -0.2641         2.9697        -0.2641         0.0037         0.0242 
BAR-estimator:      0.55000        0.60000       -0.5252         2.4445        -0.5252         0.0033         0.0245 
BAR-estimator:      0.60000        0.65000       -0.7709         1.6736        -0.7709         0.0035         0.0247 
BAR-estimator:      0.65000        0.70000       -0.9750         0.6986        -0.9750         0.0042         0.0251 
BAR-estimator:      0.70000        0.75000       -1.1000        -0.4014        -1.1000         0.0040         0.0254 
BAR-estimator:      0.75000        0.80000       -1.2036        -1.6050        -1.2036         0.0037         0.0256 
BAR-estimator:      0.80000        0.85000       -1.2864        -2.8913        -1.2864         0.0037         0.0259 
BAR-estimator:      0.85000        0.90000       -1.3741        -4.2654        -1.3741         0.0038         0.0262 
BAR-estimator:      0.90000        0.95000       -1.3061        -5.5715        -1.3061         0.0034         0.0264 
BAR-estimator:      0.95000        1.00000       -1.2833        -6.8549        -1.2833         0.0037         0.0267 
BAR-estimator: total free energy change is -6.8548611152031 , total error is 0.026656623857042656
