2025-04-09 02:40:24,599 -   censo.qm_processor   -   INFO   - worker202264:Running sp calculation in /home/michael/Documents/CHEM4561/automated/1858/0_PRESCREENING/CONF1/sp.
2025-04-09 02:40:24,600 -   censo.qm_processor   -   INFO   - worker202265:Running sp calculation in /home/michael/Documents/CHEM4561/automated/1858/0_PRESCREENING/CONF2/sp.
2025-04-09 02:40:24,601 -   censo.qm_processor   -   INFO   - worker202267:Running sp calculation in /home/michael/Documents/CHEM4561/automated/1858/0_PRESCREENING/CONF3/sp.
2025-04-09 02:40:25,867 -     censo.parallel     -   INFO   - All jobs executed successfully.
2025-04-09 02:40:25,886 -   censo.qm_processor   -   INFO   - worker202386:Running sp calculation in /home/michael/Documents/CHEM4561/automated/1858/1_SCREENING/CONF1/sp.
2025-04-09 02:40:25,886 -   censo.qm_processor   -   INFO   - worker202387:Running sp calculation in /home/michael/Documents/CHEM4561/automated/1858/1_SCREENING/CONF2/sp.
2025-04-09 02:40:25,887 -   censo.qm_processor   -   INFO   - worker202389:Running sp calculation in /home/michael/Documents/CHEM4561/automated/1858/1_SCREENING/CONF3/sp.
2025-04-09 02:40:29,699 -     censo.parallel     -   INFO   - All jobs executed successfully.
2025-04-09 02:40:29,718 -   censo.qm_processor   -   INFO   - worker202509:Running xtb_opt calculation in /home/michael/Documents/CHEM4561/automated/1858/2_OPTIMIZATION/CONF1/xtb_opt.
2025-04-09 02:40:29,718 -   censo.qm_processor   -   INFO   - worker202510:Running xtb_opt calculation in /home/michael/Documents/CHEM4561/automated/1858/2_OPTIMIZATION/CONF2/xtb_opt.
2025-04-09 02:40:29,718 -   censo.qm_processor   -   INFO   - worker202512:Running xtb_opt calculation in /home/michael/Documents/CHEM4561/automated/1858/2_OPTIMIZATION/CONF3/xtb_opt.
2025-04-09 02:40:59,063 -     censo.parallel     -   INFO   - All jobs executed successfully.
2025-04-09 02:40:59,079 -   censo.qm_processor   -   INFO   - worker202933:Running xtb_rrho calculation in /home/michael/Documents/CHEM4561/automated/1858/2_OPTIMIZATION/CONF1/xtb_rrho.
2025-04-09 02:40:59,080 -   censo.qm_processor   -   INFO   - worker202934:Running xtb_rrho calculation in /home/michael/Documents/CHEM4561/automated/1858/2_OPTIMIZATION/CONF2/xtb_rrho.
2025-04-09 02:40:59,080 -   censo.qm_processor   -   INFO   - worker202936:Running xtb_rrho calculation in /home/michael/Documents/CHEM4561/automated/1858/2_OPTIMIZATION/CONF3/xtb_rrho.
2025-04-09 02:40:59,777 -   censo.qm_processor   - WARNING  - Found 1 significant imaginary frequencies for CONF3.
2025-04-09 02:40:59,787 -     censo.parallel     -   INFO   - All jobs executed successfully.
2025-04-09 02:40:59,787 -censo.ensembleopt.optimization-   INFO   - Threshold: 1.50 kcal/mol
2025-04-09 02:40:59,804 -   censo.qm_processor   -   INFO   - worker203029:Running xtb_rrho calculation in /home/michael/Documents/CHEM4561/automated/1858/2_OPTIMIZATION/CONF1/xtb_rrho.
2025-04-09 02:40:59,804 -   censo.qm_processor   -   INFO   - worker203030:Running xtb_rrho calculation in /home/michael/Documents/CHEM4561/automated/1858/2_OPTIMIZATION/CONF2/xtb_rrho.
2025-04-09 02:40:59,804 -   censo.qm_processor   -   INFO   - worker203032:Running xtb_rrho calculation in /home/michael/Documents/CHEM4561/automated/1858/2_OPTIMIZATION/CONF3/xtb_rrho.
2025-04-09 02:41:00,156 -     censo.parallel     -   INFO   - All jobs executed successfully.
2025-04-09 02:41:00,175 -   censo.qm_processor   -   INFO   - worker203126:Running sp calculation in /home/michael/Documents/CHEM4561/automated/1858/3_REFINEMENT/CONF1/sp.
2025-04-09 02:41:00,175 -   censo.qm_processor   -   INFO   - worker203127:Running sp calculation in /home/michael/Documents/CHEM4561/automated/1858/3_REFINEMENT/CONF2/sp.
2025-04-09 02:41:00,175 -   censo.qm_processor   -   INFO   - worker203129:Running sp calculation in /home/michael/Documents/CHEM4561/automated/1858/3_REFINEMENT/CONF3/sp.
2025-04-09 02:41:30,441 -     censo.parallel     -   INFO   - All jobs executed successfully.
