#========================================================================================
#                     Free energy perturbation    
#----------------------------------------------------------------------------------------
#forward/backward          λ              ΔΔA                 ΔA                  δε   
#                                                 
#----------------------------------------------------------------------------------------
forward:               0.0000              0.0000              0.0000              0.0000  
forward:               0.0500              1.7567              1.7567              0.0299  
forward:               0.1000              0.9689              2.7256              0.0338  
forward:               0.1500              0.4847              3.2103              0.0361  
forward:               0.2000              0.2276              3.4380              0.0372  
forward:               0.2500              0.1162              3.5541              0.0378  
forward:               0.3000              0.0203              3.5744              0.0383  
forward:               0.3500             -0.0231              3.5514              0.0387  
forward:               0.4000             -0.0700              3.4814              0.0389  
forward:               0.4500             -0.1160              3.3654              0.0392  
forward:               0.5000             -0.1387              3.2267              0.0393  
forward:               0.5500             -0.2121              3.0147              0.0396  
forward:               0.6000             -0.3566              2.6581              0.0398  
forward:               0.6500             -0.4641              2.1940              0.0401  
forward:               0.7000             -0.5429              1.6511              0.0403  
forward:               0.7500             -0.6068              1.0443              0.0405  
forward:               0.8000             -0.6627              0.3816              0.0407  
forward:               0.8500             -0.7096             -0.3280              0.0409  
forward:               0.9000             -0.7534             -1.0815              0.0410  
forward:               0.9500             -0.7780             -1.8594              0.0412  
forward:               1.0000             -0.8142             -2.6737              0.0414  
backward:              1.0000              0.0000             -2.6737              0.0000  
backward:              0.9500              0.8173             -1.8564              0.0043  
backward:              0.9000              0.7830             -1.0734              0.0066  
backward:              0.8500              0.7486             -0.3248              0.0087  
backward:              0.8000              0.7077              0.3828              0.0102  
backward:              0.7500              0.6592              1.0420              0.0116  
backward:              0.7000              0.5851              1.6270              0.0197  
backward:              0.6500              0.5418              2.1688              0.0201  
backward:              0.6000              0.4560              2.6248              0.0208  
backward:              0.5500              0.3506              2.9754              0.0216  
backward:              0.5000              0.2122              3.1876              0.0223  
backward:              0.4500              0.1346              3.3222              0.0229  
backward:              0.4000              0.1130              3.4353              0.0235  
backward:              0.3500              0.0689              3.5042              0.0243  
backward:              0.3000              0.0355              3.5397              0.0251  
backward:              0.2500             -0.0391              3.5006              0.0261  
backward:              0.2000             -0.1100              3.3907              0.0276  
backward:              0.1500             -0.2480              3.1427              0.0298  
backward:              0.1000             -0.5128              2.6299              0.0362  
backward:              0.0500             -1.0055              1.6244              0.0467  
backward:              0.0000             -1.7599             -0.1355              0.0569  
Inaccuracy estimation
======================================================================================================
                   i        i+δi          P0_overlap_P1   δε(forward)/ε   δε(backward)/ε
======================================================================================================
inaccuracy:  0.00000        0.05000           34.26           -0.03            1.95
inaccuracy:  0.05000        0.10000           44.30           -0.05            1.20
inaccuracy:  0.10000        0.15000           54.83           -0.03            0.58
inaccuracy:  0.15000        0.20000           63.94           -0.02            0.32
inaccuracy:  0.20000        0.25000           65.26           -0.01            0.22
inaccuracy:  0.25000        0.30000           70.05           -0.01            0.17
inaccuracy:  0.30000        0.35000           69.25           -0.02            0.14
inaccuracy:  0.35000        0.40000           71.72           -0.02            0.13
inaccuracy:  0.40000        0.45000           73.56           -0.02            0.11
inaccuracy:  0.45000        0.50000           73.18           -0.02            0.10
inaccuracy:  0.50000        0.55000           67.80           -0.06            0.13
inaccuracy:  0.55000        0.60000           69.73           -0.06            0.10
inaccuracy:  0.60000        0.65000           70.61           -0.06            0.08
inaccuracy:  0.65000        0.70000           71.34           -0.06            0.07
inaccuracy:  0.70000        0.75000           70.33           -0.07            0.07
inaccuracy:  0.75000        0.80000           70.54           -0.06            0.06
inaccuracy:  0.80000        0.85000           70.07           -0.06            0.06
inaccuracy:  0.85000        0.90000           70.85           -0.07            0.06
inaccuracy:  0.90000        0.95000           69.51           -0.07            0.05
inaccuracy:  0.95000        1.00000           69.77           -0.05            0.05
===================================================================================================================================
                BAR        
-----------------------------------------------------------------------------------------------------------------------------------
BAR-estimator:         λ             λ+δλ          ΔΔA             ΔA            C               Δδe            δe       
                          
-----------------------------------------------------------------------------------------------------------------------------------
BAR-estimator:      0.00000        0.05000        1.7822         1.7822         1.7822         0.0141         0.0141 
BAR-estimator:      0.05000        0.10000        0.9877         2.7700         0.9877         0.0105         0.0175 
BAR-estimator:      0.10000        0.15000        0.4936         3.2636         0.4936         0.0074         0.0190 
BAR-estimator:      0.15000        0.20000        0.2364         3.4999         0.2364         0.0059         0.0199 
BAR-estimator:      0.20000        0.25000        0.1104         3.6104         0.1104         0.0042         0.0204 
BAR-estimator:      0.25000        0.30000        0.0270         3.6374         0.0270         0.0043         0.0208 
BAR-estimator:      0.30000        0.35000       -0.0288         3.6085        -0.0288         0.0033         0.0211 
BAR-estimator:      0.35000        0.40000       -0.0688         3.5397        -0.0688         0.0033         0.0213 
BAR-estimator:      0.40000        0.45000       -0.1134         3.4263        -0.1134         0.0029         0.0215 
BAR-estimator:      0.45000        0.50000       -0.1366         3.2897        -0.1366         0.0025         0.0217 
BAR-estimator:      0.50000        0.55000       -0.2129         3.0768        -0.2129         0.0035         0.0219 
BAR-estimator:      0.55000        0.60000       -0.3535         2.7233        -0.3535         0.0032         0.0222 
BAR-estimator:      0.60000        0.65000       -0.4619         2.2614        -0.4619         0.0032         0.0224 
BAR-estimator:      0.65000        0.70000       -0.5412         1.7202        -0.5412         0.0031         0.0226 
BAR-estimator:      0.70000        0.75000       -0.6088         1.1114        -0.6088         0.0032         0.0228 
BAR-estimator:      0.75000        0.80000       -0.6613         0.4501        -0.6613         0.0029         0.0230 
BAR-estimator:      0.80000        0.85000       -0.7094        -0.2593        -0.7094         0.0033         0.0233 
BAR-estimator:      0.85000        0.90000       -0.7518        -1.0111        -0.7518         0.0034         0.0235 
BAR-estimator:      0.90000        0.95000       -0.7821        -1.7931        -0.7821         0.0033         0.0237 
BAR-estimator:      0.95000        1.00000       -0.8106        -2.6038        -0.8106         0.0030         0.0239 
BAR-estimator: total free energy change is -2.6037587020798485 , total error is 0.02391640648316825
