#========================================================================================
#                     Free energy perturbation    
#----------------------------------------------------------------------------------------
#forward/backward          λ              ΔΔA                 ΔA                  δε   
#                                                 
#----------------------------------------------------------------------------------------
forward:               0.0000              0.0000              0.0000              0.0000  
forward:               0.0500              0.8636              0.8636              0.0150  
forward:               0.1000              0.5550              1.4187              0.0190  
forward:               0.1500              0.3776              1.7963              0.0213  
forward:               0.2000              0.2597              2.0560              0.0225  
forward:               0.2500              0.1927              2.2487              0.0233  
forward:               0.3000              0.1369              2.3856              0.0242  
forward:               0.3500              0.1040              2.4896              0.0246  
forward:               0.4000              0.0889              2.5785              0.0251  
forward:               0.4500              0.0694              2.6479              0.0255  
forward:               0.5000              0.0436              2.6915              0.0259  
forward:               0.5500              0.0370              2.7285              0.0262  
forward:               0.6000              0.0044              2.7329              0.0264  
forward:               0.6500             -0.0136              2.7193              0.0267  
forward:               0.7000             -0.0372              2.6821              0.0270  
forward:               0.7500             -0.0324              2.6497              0.0272  
forward:               0.8000             -0.0566              2.5931              0.0275  
forward:               0.8500             -0.0546              2.5385              0.0277  
forward:               0.9000             -0.0726              2.4659              0.0280  
forward:               0.9500             -0.0633              2.4027              0.0282  
forward:               1.0000             -0.0758              2.3269              0.0283  
backward:              1.0000              0.0000              2.3269              0.0000  
backward:              0.9500              0.0786              2.4055              0.0041  
backward:              0.9000              0.0711              2.4767              0.0055  
backward:              0.8500              0.0691              2.5457              0.0066  
backward:              0.8000              0.0537              2.5994              0.0075  
backward:              0.7500              0.0468              2.6462              0.0086  
backward:              0.7000              0.0306              2.6768              0.0098  
backward:              0.6500              0.0333              2.7101              0.0107  
backward:              0.6000              0.0121              2.7222              0.0116  
backward:              0.5500             -0.0139              2.7083              0.0125  
backward:              0.5000             -0.0352              2.6731              0.0135  
backward:              0.4500             -0.0414              2.6316              0.0143  
backward:              0.4000             -0.0674              2.5643              0.0152  
backward:              0.3500             -0.0842              2.4800              0.0162  
backward:              0.3000             -0.1122              2.3678              0.0177  
backward:              0.2500             -0.1315              2.2363              0.0188  
backward:              0.2000             -0.1940              2.0423              0.0204  
backward:              0.1500             -0.2531              1.7892              0.0221  
backward:              0.1000             -0.3781              1.4112              0.0246  
backward:              0.0500             -0.5549              0.8563              0.0280  
backward:              0.0000             -0.9209             -0.0646              0.0371  
Inaccuracy estimation
======================================================================================================
                   i        i+δi          P0_overlap_P1   δε(forward)/ε   δε(backward)/ε
======================================================================================================
inaccuracy:  0.00000        0.05000           53.49           -0.01            0.69
inaccuracy:  0.05000        0.10000           60.50           -0.01            0.48
inaccuracy:  0.10000        0.15000           65.75           -0.01            0.30
inaccuracy:  0.15000        0.20000           69.23           -0.01            0.21
inaccuracy:  0.20000        0.25000           72.60           -0.01            0.15
inaccuracy:  0.25000        0.30000           74.24           -0.01            0.13
inaccuracy:  0.30000        0.35000           76.50           -0.01            0.11
inaccuracy:  0.35000        0.40000           76.36           -0.01            0.10
inaccuracy:  0.40000        0.45000           76.64           -0.01            0.09
inaccuracy:  0.45000        0.50000           78.27           -0.01            0.09
inaccuracy:  0.50000        0.55000           75.95           -0.01            0.09
inaccuracy:  0.55000        0.60000           77.99           -0.01            0.08
inaccuracy:  0.60000        0.65000           77.73           -0.01            0.08
inaccuracy:  0.65000        0.70000           78.08           -0.01            0.08
inaccuracy:  0.70000        0.75000           77.42           -0.01            0.08
inaccuracy:  0.75000        0.80000           78.67           -0.01            0.07
inaccuracy:  0.80000        0.85000           77.28           -0.01            0.08
inaccuracy:  0.85000        0.90000           78.32           -0.02            0.07
inaccuracy:  0.90000        0.95000           76.59           -0.01            0.08
inaccuracy:  0.95000        1.00000           76.97           -0.01            0.08
===================================================================================================================================
                BAR        
-----------------------------------------------------------------------------------------------------------------------------------
BAR-estimator:         λ             λ+δλ          ΔΔA             ΔA            C               Δδe            δe       
                          
-----------------------------------------------------------------------------------------------------------------------------------
BAR-estimator:      0.00000        0.05000        0.8718         0.8718         0.8718         0.0088         0.0088 
BAR-estimator:      0.05000        0.10000        0.5622         1.4341         0.5622         0.0074         0.0115 
BAR-estimator:      0.10000        0.15000        0.3791         1.8131         0.3791         0.0063         0.0131 
BAR-estimator:      0.15000        0.20000        0.2596         2.0728         0.2596         0.0047         0.0139 
BAR-estimator:      0.20000        0.25000        0.1936         2.2663         0.1936         0.0042         0.0145 
BAR-estimator:      0.25000        0.30000        0.1349         2.4012         0.1349         0.0037         0.0150 
BAR-estimator:      0.30000        0.35000        0.1061         2.5073         0.1061         0.0034         0.0154 
BAR-estimator:      0.35000        0.40000        0.0885         2.5958         0.0885         0.0034         0.0157 
BAR-estimator:      0.40000        0.45000        0.0677         2.6635         0.0677         0.0028         0.0160 
BAR-estimator:      0.45000        0.50000        0.0448         2.7083         0.0448         0.0030         0.0162 
BAR-estimator:      0.50000        0.55000        0.0356         2.7439         0.0356         0.0029         0.0165 
BAR-estimator:      0.55000        0.60000        0.0089         2.7528         0.0089         0.0029         0.0168 
BAR-estimator:      0.60000        0.65000       -0.0138         2.7390        -0.0138         0.0027         0.0170 
BAR-estimator:      0.65000        0.70000       -0.0347         2.7043        -0.0347         0.0031         0.0173 
BAR-estimator:      0.70000        0.75000       -0.0330         2.6713        -0.0330         0.0028         0.0175 
BAR-estimator:      0.75000        0.80000       -0.0535         2.6178        -0.0535         0.0029         0.0177 
BAR-estimator:      0.80000        0.85000       -0.0552         2.5626        -0.0552         0.0029         0.0179 
BAR-estimator:      0.85000        0.90000       -0.0702         2.4924        -0.0702         0.0032         0.0182 
BAR-estimator:      0.90000        0.95000       -0.0670         2.4254        -0.0670         0.0027         0.0184 
BAR-estimator:      0.95000        1.00000       -0.0757         2.3497        -0.0757         0.0029         0.0186 
BAR-estimator: total free energy change is 2.3496702916251073 , total error is 0.0186429560056939
