#========================================================================================
#                     Free energy perturbation    
#----------------------------------------------------------------------------------------
#forward/backward          λ              ΔΔA                 ΔA                  δε   
#                                                 
#----------------------------------------------------------------------------------------
forward:               0.0000              0.0000              0.0000              0.0000  
forward:               0.0500              1.5690              1.5690              0.0269  
forward:               0.1000              0.9488              2.5178              0.0339  
forward:               0.1500              0.5066              3.0244              0.0363  
forward:               0.2000              0.2989              3.3232              0.0375  
forward:               0.2500              0.1620              3.4853              0.0383  
forward:               0.3000              0.0828              3.5680              0.0391  
forward:               0.3500              0.0351              3.6031              0.0396  
forward:               0.4000             -0.0002              3.6029              0.0399  
forward:               0.4500             -0.0274              3.5755              0.0404  
forward:               0.5000             -0.0632              3.5123              0.0406  
forward:               0.5500             -0.1397              3.3727              0.0408  
forward:               0.6000             -0.3336              3.0391              0.0414  
forward:               0.6500             -0.4859              2.5533              0.0417  
forward:               0.7000             -0.6292              1.9241              0.0421  
forward:               0.7500             -0.7206              1.2035              0.0424  
forward:               0.8000             -0.7694              0.4341              0.0427  
forward:               0.8500             -0.7916             -0.3575              0.0430  
forward:               0.9000             -0.8099             -1.1674              0.0431  
forward:               0.9500             -0.8084             -1.9758              0.0433  
forward:               1.0000             -0.8027             -2.7785              0.0440  
backward:              1.0000              0.0000             -2.7785              0.0000  
backward:              0.9500              0.7980             -1.9805              0.0053  
backward:              0.9000              0.7916             -1.1889              0.0087  
backward:              0.8500              0.8160             -0.3729              0.0102  
backward:              0.8000              0.7842              0.4113              0.0120  
backward:              0.7500              0.7739              1.1852              0.0136  
backward:              0.7000              0.7148              1.9001              0.0149  
backward:              0.6500              0.6136              2.5137              0.0164  
backward:              0.6000              0.4924              3.0060              0.0177  
backward:              0.5500              0.3400              3.3460              0.0186  
backward:              0.5000              0.1349              3.4809              0.0200  
backward:              0.4500              0.0613              3.5422              0.0207  
backward:              0.4000              0.0133              3.5556              0.0216  
backward:              0.3500             -0.0038              3.5517              0.0226  
backward:              0.3000             -0.0176              3.5342              0.0234  
backward:              0.2500             -0.0834              3.4507              0.0269  
backward:              0.2000             -0.1635              3.2872              0.0286  
backward:              0.1500             -0.2730              3.0142              0.0322  
backward:              0.1000             -0.5380              2.4762              0.0376  
backward:              0.0500             -0.9803              1.4958              0.0618  
backward:              0.0000             -1.5778             -0.0820              0.0793  
Inaccuracy estimation
======================================================================================================
                   i        i+δi          P0_overlap_P1   δε(forward)/ε   δε(backward)/ε
======================================================================================================
inaccuracy:  0.00000        0.05000           37.31           -0.04            1.53
inaccuracy:  0.05000        0.10000           45.02           -0.04            1.03
inaccuracy:  0.10000        0.15000           57.03           -0.02            0.56
inaccuracy:  0.15000        0.20000           61.04           -0.03            0.36
inaccuracy:  0.20000        0.25000           65.85           -0.02            0.22
inaccuracy:  0.25000        0.30000           69.15           -0.02            0.19
inaccuracy:  0.30000        0.35000           69.55           -0.02            0.16
inaccuracy:  0.35000        0.40000           71.88           -0.01            0.14
inaccuracy:  0.40000        0.45000           73.42           -0.02            0.13
inaccuracy:  0.45000        0.50000           73.08           -0.01            0.12
inaccuracy:  0.50000        0.55000           66.30           -0.07            0.15
inaccuracy:  0.55000        0.60000           67.04           -0.09            0.11
inaccuracy:  0.60000        0.65000           66.63           -0.10            0.10
inaccuracy:  0.65000        0.70000           67.72           -0.09            0.08
inaccuracy:  0.70000        0.75000           68.16           -0.08            0.07
inaccuracy:  0.75000        0.80000           67.45           -0.10            0.07
inaccuracy:  0.80000        0.85000           67.52           -0.09            0.07
inaccuracy:  0.85000        0.90000           67.27           -0.08            0.07
inaccuracy:  0.90000        0.95000           67.53           -0.09            0.07
inaccuracy:  0.95000        1.00000           66.67           -0.08            0.08
===================================================================================================================================
                BAR        
-----------------------------------------------------------------------------------------------------------------------------------
BAR-estimator:         λ             λ+δλ          ΔΔA             ΔA            C               Δδe            δe       
                          
-----------------------------------------------------------------------------------------------------------------------------------
BAR-estimator:      0.00000        0.05000        1.5512         1.5512         1.5512         0.0119         0.0119 
BAR-estimator:      0.05000        0.10000        0.9361         2.4873         0.9361         0.0115         0.0165 
BAR-estimator:      0.10000        0.15000        0.5219         3.0092         0.5219         0.0104         0.0195 
BAR-estimator:      0.15000        0.20000        0.2841         3.2932         0.2841         0.0060         0.0204 
BAR-estimator:      0.20000        0.25000        0.1593         3.4525         0.1593         0.0050         0.0210 
BAR-estimator:      0.25000        0.30000        0.0822         3.5347         0.0822         0.0054         0.0217 
BAR-estimator:      0.30000        0.35000        0.0302         3.5649         0.0302         0.0041         0.0221 
BAR-estimator:      0.35000        0.40000        0.0016         3.5665         0.0016         0.0038         0.0224 
BAR-estimator:      0.40000        0.45000       -0.0218         3.5448        -0.0218         0.0041         0.0228 
BAR-estimator:      0.45000        0.50000       -0.0607         3.4840        -0.0607         0.0035         0.0231 
BAR-estimator:      0.50000        0.55000       -0.1399         3.3441        -0.1399         0.0038         0.0234 
BAR-estimator:      0.55000        0.60000       -0.3353         3.0089        -0.3353         0.0040         0.0237 
BAR-estimator:      0.60000        0.65000       -0.4879         2.5210        -0.4879         0.0038         0.0240 
BAR-estimator:      0.65000        0.70000       -0.6235         1.8974        -0.6235         0.0040         0.0243 
BAR-estimator:      0.70000        0.75000       -0.7161         1.1813        -0.7161         0.0039         0.0246 
BAR-estimator:      0.75000        0.80000       -0.7724         0.4089        -0.7724         0.0038         0.0249 
BAR-estimator:      0.80000        0.85000       -0.7932        -0.3843        -0.7932         0.0069         0.0259 
BAR-estimator:      0.85000        0.90000       -0.8079        -1.1923        -0.8079         0.0047         0.0263 
BAR-estimator:      0.90000        0.95000       -0.8038        -1.9961        -0.8038         0.0038         0.0266 
BAR-estimator:      0.95000        1.00000       -0.7988        -2.7948        -0.7988         0.0042         0.0269 
BAR-estimator: total free energy change is -2.7948419088982956 , total error is 0.026890507344086306
