#========================================================================================
#                     Free energy perturbation    
#----------------------------------------------------------------------------------------
#forward/backward          λ              ΔΔA                 ΔA                  δε   
#                                                 
#----------------------------------------------------------------------------------------
forward:               0.0000              0.0000              0.0000              0.0000  
forward:               0.0500              2.0730              2.0730              0.0351  
forward:               0.1000              1.1370              3.2099              0.0402  
forward:               0.1500              0.5567              3.7667              0.0418  
forward:               0.2000              0.2729              4.0395              0.0428  
forward:               0.2500              0.1398              4.1794              0.0434  
forward:               0.3000              0.0333              4.2127              0.0438  
forward:               0.3500             -0.0167              4.1960              0.0441  
forward:               0.4000             -0.0434              4.1526              0.0445  
forward:               0.4500             -0.0770              4.0756              0.0447  
forward:               0.5000             -0.1062              3.9694              0.0450  
forward:               0.5500             -0.2094              3.7600              0.0453  
forward:               0.6000             -0.3857              3.3743              0.0456  
forward:               0.6500             -0.5609              2.8134              0.0459  
forward:               0.7000             -0.7097              2.1037              0.0462  
forward:               0.7500             -0.8085              1.2952              0.0465  
forward:               0.8000             -0.8888              0.4064              0.0468  
forward:               0.8500             -0.9363             -0.5299              0.0470  
forward:               0.9000             -0.9878             -1.5177              0.0473  
forward:               0.9500             -1.0106             -2.5283              0.0475  
forward:               1.0000             -1.0181             -3.5465              0.0477  
backward:              1.0000              0.0000             -3.5465              0.0000  
backward:              0.9500              1.0161             -2.5304              0.0058  
backward:              0.9000              0.9999             -1.5304              0.0095  
backward:              0.8500              0.9826             -0.5478              0.0122  
backward:              0.8000              0.9343              0.3865              0.0136  
backward:              0.7500              0.8922              1.2787              0.0149  
backward:              0.7000              0.8039              2.0826              0.0161  
backward:              0.6500              0.7050              2.7876              0.0172  
backward:              0.6000              0.5589              3.3465              0.0197  
backward:              0.5500              0.3848              3.7312              0.0207  
backward:              0.5000              0.2112              3.9424              0.0216  
backward:              0.4500              0.0971              4.0395              0.0224  
backward:              0.4000              0.0907              4.1302              0.0231  
backward:              0.3500              0.0398              4.1700              0.0245  
backward:              0.3000             -0.0069              4.1632              0.0261  
backward:              0.2500             -0.0452              4.1180              0.0275  
backward:              0.2000             -0.1355              3.9824              0.0286  
backward:              0.1500             -0.2855              3.6969              0.0314  
backward:              0.1000             -0.5222              3.1747              0.0353  
backward:              0.0500             -1.1621              2.0126              0.0723  
backward:              0.0000             -2.0492             -0.0366              0.0914  
Inaccuracy estimation
======================================================================================================
                   i        i+δi          P0_overlap_P1   δε(forward)/ε   δε(backward)/ε
======================================================================================================
inaccuracy:  0.00000        0.05000           29.48           -0.00            2.44
inaccuracy:  0.05000        0.10000           38.34           -0.05            1.53
inaccuracy:  0.10000        0.15000           50.91           -0.04            0.73
inaccuracy:  0.15000        0.20000           60.45           -0.03            0.39
inaccuracy:  0.20000        0.25000           63.83           -0.02            0.26
inaccuracy:  0.25000        0.30000           67.85           -0.02            0.20
inaccuracy:  0.30000        0.35000           70.34           -0.02            0.15
inaccuracy:  0.35000        0.40000           69.80           -0.02            0.15
inaccuracy:  0.40000        0.45000           70.62           -0.02            0.14
inaccuracy:  0.45000        0.50000           71.80           -0.02            0.13
inaccuracy:  0.50000        0.55000           65.50           -0.07            0.14
inaccuracy:  0.55000        0.60000           65.43           -0.09            0.12
inaccuracy:  0.60000        0.65000           65.41           -0.11            0.10
inaccuracy:  0.65000        0.70000           66.60           -0.10            0.08
inaccuracy:  0.70000        0.75000           66.75           -0.10            0.07
inaccuracy:  0.75000        0.80000           66.10           -0.10            0.06
inaccuracy:  0.80000        0.85000           65.69           -0.11            0.06
inaccuracy:  0.85000        0.90000           66.41           -0.09            0.06
inaccuracy:  0.90000        0.95000           66.34           -0.11            0.06
inaccuracy:  0.95000        1.00000           65.34           -0.11            0.06
===================================================================================================================================
                BAR        
-----------------------------------------------------------------------------------------------------------------------------------
BAR-estimator:         λ             λ+δλ          ΔΔA             ΔA            C               Δδe            δe       
                          
-----------------------------------------------------------------------------------------------------------------------------------
BAR-estimator:      0.00000        0.05000        2.0876         2.0876         2.0876         0.0121         0.0121 
BAR-estimator:      0.05000        0.10000        1.1421         3.2297         1.1421         0.0109         0.0163 
BAR-estimator:      0.10000        0.15000        0.5526         3.7823         0.5526         0.0079         0.0181 
BAR-estimator:      0.15000        0.20000        0.2772         4.0595         0.2772         0.0059         0.0190 
BAR-estimator:      0.20000        0.25000        0.1369         4.1964         0.1369         0.0049         0.0197 
BAR-estimator:      0.25000        0.30000        0.0349         4.2313         0.0349         0.0044         0.0201 
BAR-estimator:      0.30000        0.35000       -0.0113         4.2200        -0.0113         0.0039         0.0205 
BAR-estimator:      0.35000        0.40000       -0.0421         4.1779        -0.0421         0.0035         0.0208 
BAR-estimator:      0.40000        0.45000       -0.0799         4.0979        -0.0799         0.0036         0.0211 
BAR-estimator:      0.45000        0.50000       -0.1024         3.9956        -0.1024         0.0021         0.0212 
BAR-estimator:      0.50000        0.55000       -0.2104         3.7851        -0.2104         0.0038         0.0216 
BAR-estimator:      0.55000        0.60000       -0.3860         3.3992        -0.3860         0.0035         0.0219 
BAR-estimator:      0.60000        0.65000       -0.5616         2.8376        -0.5616         0.0037         0.0222 
BAR-estimator:      0.65000        0.70000       -0.7069         2.1306        -0.7069         0.0036         0.0224 
BAR-estimator:      0.70000        0.75000       -0.8033         1.3274        -0.8033         0.0037         0.0227 
BAR-estimator:      0.75000        0.80000       -0.8899         0.4374        -0.8899         0.0038         0.0231 
BAR-estimator:      0.80000        0.85000       -0.9362        -0.4988        -0.9362         0.0038         0.0234 
BAR-estimator:      0.85000        0.90000       -0.9850        -1.4838        -0.9850         0.0039         0.0237 
BAR-estimator:      0.90000        0.95000       -1.0060        -2.4898        -1.0060         0.0047         0.0242 
BAR-estimator:      0.95000        1.00000       -1.0166        -3.5064        -1.0166         0.0037         0.0245 
BAR-estimator: total free energy change is -3.5063907833498416 , total error is 0.024458497266693264
