#========================================================================================
#                     Free energy perturbation    
#----------------------------------------------------------------------------------------
#forward/backward          λ              ΔΔA                 ΔA                  δε   
#                                                 
#----------------------------------------------------------------------------------------
forward:               0.0000              0.0000              0.0000              0.0000  
forward:               0.0500              1.6387              1.6387              0.0175  
forward:               0.1000              0.9464              2.5851              0.0237  
forward:               0.1500              0.5325              3.1175              0.0260  
forward:               0.2000              0.2999              3.4174              0.0275  
forward:               0.2500              0.1693              3.5867              0.0284  
forward:               0.3000              0.0862              3.6729              0.0286  
forward:               0.3500              0.0362              3.7090              0.0290  
forward:               0.4000             -0.0033              3.7057              0.0293  
forward:               0.4500             -0.0278              3.6779              0.0296  
forward:               0.5000             -0.0551              3.6228              0.0299  
forward:               0.5500             -0.1415              3.4813              0.0302  
forward:               0.6000             -0.2519              3.2294              0.0305  
forward:               0.6500             -0.3322              2.8972              0.0308  
forward:               0.7000             -0.3661              2.5310              0.0310  
forward:               0.7500             -0.4271              2.1039              0.0312  
forward:               0.8000             -0.4339              1.6700              0.0315  
forward:               0.8500             -0.4846              1.1853              0.0318  
forward:               0.9000             -0.4678              0.7175              0.0322  
forward:               0.9500             -0.5263              0.1912              0.0324  
forward:               1.0000             -0.4986             -0.3074              0.0330  
backward:              1.0000              0.0000             -0.3074              0.0000  
backward:              0.9500              0.4936              0.1862              0.0042  
backward:              0.9000              0.4681              0.6542              0.0073  
backward:              0.8500              0.4764              1.1306              0.0093  
backward:              0.8000              0.4787              1.6092              0.0111  
backward:              0.7500              0.4373              2.0466              0.0119  
backward:              0.7000              0.4236              2.4701              0.0130  
backward:              0.6500              0.3752              2.8454              0.0137  
backward:              0.6000              0.3309              3.1763              0.0146  
backward:              0.5500              0.2575              3.4337              0.0153  
backward:              0.5000              0.1317              3.5655              0.0162  
backward:              0.4500              0.0494              3.6149              0.0170  
backward:              0.4000              0.0346              3.6495              0.0177  
backward:              0.3500             -0.0054              3.6441              0.0193  
backward:              0.3000             -0.0393              3.6048              0.0204  
backward:              0.2500             -0.0990              3.5058              0.0216  
backward:              0.2000             -0.1760              3.3298              0.0234  
backward:              0.1500             -0.3048              3.0250              0.0256  
backward:              0.1000             -0.5409              2.4841              0.0310  
backward:              0.0500             -0.9440              1.5401              0.0400  
backward:              0.0000             -1.6016             -0.0615              0.0512  
Inaccuracy estimation
======================================================================================================
                   i        i+δi          P0_overlap_P1   δε(forward)/ε   δε(backward)/ε
======================================================================================================
inaccuracy:  0.00000        0.05000           36.67           -0.03            1.91
inaccuracy:  0.05000        0.10000           46.93           -0.03            1.04
inaccuracy:  0.10000        0.15000           56.75           -0.02            0.54
inaccuracy:  0.15000        0.20000           63.85           -0.01            0.31
inaccuracy:  0.20000        0.25000           68.40           -0.01            0.20
inaccuracy:  0.25000        0.30000           71.98           -0.02            0.16
inaccuracy:  0.30000        0.35000           72.64           -0.01            0.13
inaccuracy:  0.35000        0.40000           73.63           -0.01            0.11
inaccuracy:  0.40000        0.45000           74.09           -0.01            0.11
inaccuracy:  0.45000        0.50000           75.93           -0.02            0.08
inaccuracy:  0.50000        0.55000           72.07           -0.04            0.10
inaccuracy:  0.55000        0.60000           72.78           -0.04            0.09
inaccuracy:  0.60000        0.65000           72.85           -0.04            0.07
inaccuracy:  0.65000        0.70000           73.12           -0.05            0.07
inaccuracy:  0.70000        0.75000           73.22           -0.04            0.06
inaccuracy:  0.75000        0.80000           73.61           -0.04            0.07
inaccuracy:  0.80000        0.85000           73.28           -0.04            0.06
inaccuracy:  0.85000        0.90000           71.72           -0.05            0.07
inaccuracy:  0.90000        0.95000           77.73           -0.03            0.06
inaccuracy:  0.95000        1.00000           72.79           -0.05            0.06
===================================================================================================================================
                BAR        
-----------------------------------------------------------------------------------------------------------------------------------
BAR-estimator:         λ             λ+δλ          ΔΔA             ΔA            C               Δδe            δe       
                          
-----------------------------------------------------------------------------------------------------------------------------------
BAR-estimator:      0.00000        0.05000        1.6442         1.6442         1.6442         0.0139         0.0139 
BAR-estimator:      0.05000        0.10000        0.9473         2.5915         0.9473         0.0096         0.0169 
BAR-estimator:      0.10000        0.15000        0.5330         3.1246         0.5330         0.0086         0.0189 
BAR-estimator:      0.15000        0.20000        0.3025         3.4271         0.3025         0.0078         0.0205 
BAR-estimator:      0.20000        0.25000        0.1682         3.5952         0.1682         0.0046         0.0210 
BAR-estimator:      0.25000        0.30000        0.0910         3.6863         0.0910         0.0038         0.0213 
BAR-estimator:      0.30000        0.35000        0.0371         3.7234         0.0371         0.0032         0.0216 
BAR-estimator:      0.35000        0.40000       -0.0034         3.7200        -0.0034         0.0035         0.0219 
BAR-estimator:      0.40000        0.45000       -0.0299         3.6901        -0.0299         0.0030         0.0221 
BAR-estimator:      0.45000        0.50000       -0.0536         3.6365        -0.0536         0.0027         0.0222 
BAR-estimator:      0.50000        0.55000       -0.1382         3.4983        -0.1382         0.0032         0.0225 
BAR-estimator:      0.55000        0.60000       -0.2512         3.2472        -0.2512         0.0037         0.0228 
BAR-estimator:      0.60000        0.65000       -0.3326         2.9146        -0.3326         0.0029         0.0229 
BAR-estimator:      0.65000        0.70000       -0.3726         2.5420        -0.3726         0.0027         0.0231 
BAR-estimator:      0.70000        0.75000       -0.4261         2.1159        -0.4261         0.0029         0.0233 
BAR-estimator:      0.75000        0.80000       -0.4347         1.6812        -0.4347         0.0028         0.0235 
BAR-estimator:      0.80000        0.85000       -0.4817         1.1995        -0.4817         0.0031         0.0236 
BAR-estimator:      0.85000        0.90000       -0.4740         0.7254        -0.4740         0.0037         0.0239 
BAR-estimator:      0.90000        0.95000       -0.4967         0.2287        -0.4967         0.0031         0.0241 
BAR-estimator:      0.95000        1.00000       -0.4965        -0.2678        -0.4965         0.0038         0.0244 
BAR-estimator: total free energy change is -0.26778967226420575 , total error is 0.02443396517541866
