#========================================================================================
#                     Free energy perturbation    
#----------------------------------------------------------------------------------------
#forward/backward          λ              ΔΔA                 ΔA                  δε   
#                                                 
#----------------------------------------------------------------------------------------
forward:               0.0000              0.0000              0.0000              0.0000  
forward:               0.0500              1.2700              1.2700              0.0141  
forward:               0.1000              0.7783              2.0482              0.0185  
forward:               0.1500              0.4674              2.5157              0.0218  
forward:               0.2000              0.2552              2.7708              0.0230  
forward:               0.2500              0.1712              2.9420              0.0242  
forward:               0.3000              0.1142              3.0562              0.0247  
forward:               0.3500              0.0492              3.1054              0.0252  
forward:               0.4000              0.0298              3.1353              0.0256  
forward:               0.4500              0.0002              3.1355              0.0259  
forward:               0.5000             -0.0249              3.1106              0.0262  
forward:               0.5500             -0.1234              2.9872              0.0266  
forward:               0.6000             -0.2952              2.6920              0.0270  
forward:               0.6500             -0.4665              2.2254              0.0276  
forward:               0.7000             -0.6057              1.6197              0.0281  
forward:               0.7500             -0.6966              0.9231              0.0287  
forward:               0.8000             -0.7408              0.1822              0.0295  
forward:               0.8500             -0.7416             -0.5593              0.0298  
forward:               0.9000             -0.7136             -1.2730              0.0302  
forward:               0.9500             -0.6703             -1.9432              0.0305  
forward:               1.0000             -0.6545             -2.5978              0.0307  
backward:              1.0000              0.0000             -2.5978              0.0000  
backward:              0.9500              0.6619             -1.9359              0.0054  
backward:              0.9000              0.6847             -1.2512              0.0081  
backward:              0.8500              0.7046             -0.5466              0.0110  
backward:              0.8000              0.7329              0.1863              0.0125  
backward:              0.7500              0.7293              0.9156              0.0140  
backward:              0.7000              0.6784              1.5940              0.0155  
backward:              0.6500              0.6101              2.2041              0.0167  
backward:              0.6000              0.4527              2.6568              0.0178  
backward:              0.5500              0.3021              2.9589              0.0189  
backward:              0.5000              0.1243              3.0832              0.0197  
backward:              0.4500              0.0205              3.1037              0.0203  
backward:              0.4000             -0.0009              3.1028              0.0212  
backward:              0.3500             -0.0286              3.0742              0.0230  
backward:              0.3000             -0.0590              3.0152              0.0239  
backward:              0.2500             -0.0990              2.9163              0.0252  
backward:              0.2000             -0.1612              2.7551              0.0263  
backward:              0.1500             -0.2736              2.4816              0.0287  
backward:              0.1000             -0.4458              2.0358              0.0321  
backward:              0.0500             -0.8128              1.2230              0.0403  
backward:              0.0000             -1.2779             -0.0549              0.0475  
Inaccuracy estimation
======================================================================================================
                   i        i+δi          P0_overlap_P1   δε(forward)/ε   δε(backward)/ε
======================================================================================================
inaccuracy:  0.00000        0.05000           43.29           -0.04            1.19
inaccuracy:  0.05000        0.10000           51.33           -0.03            0.77
inaccuracy:  0.10000        0.15000           58.22           -0.02            0.46
inaccuracy:  0.15000        0.20000           66.26           -0.01            0.28
inaccuracy:  0.20000        0.25000           67.73           -0.02            0.21
inaccuracy:  0.25000        0.30000           69.59           -0.02            0.18
inaccuracy:  0.30000        0.35000           73.38           -0.01            0.13
inaccuracy:  0.35000        0.40000           72.50           -0.01            0.13
inaccuracy:  0.40000        0.45000           73.63           -0.01            0.11
inaccuracy:  0.45000        0.50000           74.89           -0.02            0.10
inaccuracy:  0.50000        0.55000           68.33           -0.07            0.13
inaccuracy:  0.55000        0.60000           67.83           -0.10            0.11
inaccuracy:  0.60000        0.65000           68.77           -0.09            0.09
inaccuracy:  0.65000        0.70000           67.62           -0.10            0.08
inaccuracy:  0.70000        0.75000           68.42           -0.09            0.07
inaccuracy:  0.75000        0.80000           68.42           -0.08            0.06
inaccuracy:  0.80000        0.85000           68.85           -0.07            0.07
inaccuracy:  0.85000        0.90000           67.65           -0.08            0.08
inaccuracy:  0.90000        0.95000           66.28           -0.08            0.09
inaccuracy:  0.95000        1.00000           65.85           -0.08            0.10
===================================================================================================================================
                BAR        
-----------------------------------------------------------------------------------------------------------------------------------
BAR-estimator:         λ             λ+δλ          ΔΔA             ΔA            C               Δδe            δe       
                          
-----------------------------------------------------------------------------------------------------------------------------------
BAR-estimator:      0.00000        0.05000        1.2699         1.2699         1.2699         0.0080         0.0080 
BAR-estimator:      0.05000        0.10000        0.7810         2.0509         0.7810         0.0074         0.0109 
BAR-estimator:      0.10000        0.15000        0.4599         2.5108         0.4599         0.0075         0.0132 
BAR-estimator:      0.15000        0.20000        0.2635         2.7743         0.2635         0.0050         0.0141 
BAR-estimator:      0.20000        0.25000        0.1692         2.9435         0.1692         0.0049         0.0149 
BAR-estimator:      0.25000        0.30000        0.1068         3.0503         0.1068         0.0039         0.0154 
BAR-estimator:      0.30000        0.35000        0.0531         3.1034         0.0531         0.0034         0.0158 
BAR-estimator:      0.35000        0.40000        0.0259         3.1294         0.0259         0.0033         0.0161 
BAR-estimator:      0.40000        0.45000       -0.0009         3.1285        -0.0009         0.0028         0.0164 
BAR-estimator:      0.45000        0.50000       -0.0227         3.1058        -0.0227         0.0027         0.0166 
BAR-estimator:      0.50000        0.55000       -0.1240         2.9818        -0.1240         0.0037         0.0170 
BAR-estimator:      0.55000        0.60000       -0.3018         2.6800        -0.3018         0.0035         0.0174 
BAR-estimator:      0.60000        0.65000       -0.4590         2.2210        -0.4590         0.0034         0.0177 
BAR-estimator:      0.65000        0.70000       -0.6062         1.6148        -0.6062         0.0036         0.0181 
BAR-estimator:      0.70000        0.75000       -0.6889         0.9259        -0.6889         0.0038         0.0184 
BAR-estimator:      0.75000        0.80000       -0.7361         0.1898        -0.7361         0.0042         0.0189 
BAR-estimator:      0.80000        0.85000       -0.7376        -0.5479        -0.7376         0.0036         0.0193 
BAR-estimator:      0.85000        0.90000       -0.7125        -1.2604        -0.7125         0.0038         0.0196 
BAR-estimator:      0.90000        0.95000       -0.6796        -1.9400        -0.6796         0.0038         0.0200 
BAR-estimator:      0.95000        1.00000       -0.6576        -2.5976        -0.6576         0.0039         0.0204 
BAR-estimator: total free energy change is -2.597597373256176 , total error is 0.020375005323529524
