#========================================================================================
#                     Free energy perturbation    
#----------------------------------------------------------------------------------------
#forward/backward          λ              ΔΔA                 ΔA                  δε   
#                                                 
#----------------------------------------------------------------------------------------
forward:               0.0000              0.0000              0.0000              0.0000  
forward:               0.0500              0.9072              0.9072              0.0134  
forward:               0.1000              0.4757              1.3829              0.0159  
forward:               0.1500              0.2830              1.6659              0.0174  
forward:               0.2000              0.1678              1.8336              0.0183  
forward:               0.2500              0.1075              1.9412              0.0188  
forward:               0.3000              0.0651              2.0063              0.0193  
forward:               0.3500              0.0418              2.0481              0.0197  
forward:               0.4000              0.0049              2.0530              0.0200  
forward:               0.4500             -0.0024              2.0506              0.0203  
forward:               0.5000             -0.0222              2.0283              0.0206  
forward:               0.5500             -0.0889              1.9394              0.0211  
forward:               0.6000             -0.2728              1.6667              0.0215  
forward:               0.6500             -0.4134              1.2533              0.0220  
forward:               0.7000             -0.5266              0.7267              0.0225  
forward:               0.7500             -0.6341              0.0926              0.0230  
forward:               0.8000             -0.7030             -0.6105              0.0235  
forward:               0.8500             -0.7518             -1.3622              0.0239  
forward:               0.9000             -0.7817             -2.1439              0.0242  
forward:               0.9500             -0.7883             -2.9322              0.0245  
forward:               1.0000             -0.7851             -3.7172              0.0248  
backward:              1.0000              0.0000             -3.7172              0.0000  
backward:              0.9500              0.7787             -2.9386              0.0067  
backward:              0.9000              0.7899             -2.1486              0.0081  
backward:              0.8500              0.7704             -1.3782              0.0095  
backward:              0.8000              0.7485             -0.6297              0.0110  
backward:              0.7500              0.6835              0.0538              0.0206  
backward:              0.7000              0.6159              0.6697              0.0213  
backward:              0.6500              0.5348              1.2045              0.0218  
backward:              0.6000              0.4096              1.6141              0.0224  
backward:              0.5500              0.2584              1.8725              0.0229  
backward:              0.5000              0.1003              1.9728              0.0234  
backward:              0.4500              0.0134              1.9862              0.0237  
backward:              0.4000             -0.0030              1.9832              0.0241  
backward:              0.3500             -0.0124              1.9708              0.0244  
backward:              0.3000             -0.0279              1.9429              0.0248  
backward:              0.2500             -0.0670              1.8759              0.0256  
backward:              0.2000             -0.1076              1.7683              0.0262  
backward:              0.1500             -0.1587              1.6096              0.0272  
backward:              0.1000             -0.2711              1.3385              0.0285  
backward:              0.0500             -0.5116              0.8270              0.0324  
backward:              0.0000             -0.9685             -0.1415              0.0403  
Inaccuracy estimation
======================================================================================================
                   i        i+δi          P0_overlap_P1   δε(forward)/ε   δε(backward)/ε
======================================================================================================
inaccuracy:  0.00000        0.05000           48.98           -0.02            0.82
inaccuracy:  0.05000        0.10000           61.03           -0.01            0.48
inaccuracy:  0.10000        0.15000           66.68           -0.01            0.26
inaccuracy:  0.15000        0.20000           71.72           -0.01            0.17
inaccuracy:  0.20000        0.25000           75.31           -0.01            0.12
inaccuracy:  0.25000        0.30000           76.38           -0.00            0.10
inaccuracy:  0.30000        0.35000           76.47           -0.00            0.10
inaccuracy:  0.35000        0.40000           79.47           -0.01            0.08
inaccuracy:  0.40000        0.45000           79.38           -0.01            0.07
inaccuracy:  0.45000        0.50000           80.20           -0.01            0.07
inaccuracy:  0.50000        0.55000           70.33           -0.06            0.12
inaccuracy:  0.55000        0.60000           73.25           -0.06            0.08
inaccuracy:  0.60000        0.65000           72.26           -0.06            0.06
inaccuracy:  0.65000        0.70000           71.97           -0.07            0.06
inaccuracy:  0.70000        0.75000           73.58           -0.06            0.04
inaccuracy:  0.75000        0.80000           72.17           -0.07            0.04
inaccuracy:  0.80000        0.85000           71.98           -0.06            0.04
inaccuracy:  0.85000        0.90000           72.66           -0.05            0.04
inaccuracy:  0.90000        0.95000           71.66           -0.06            0.05
inaccuracy:  0.95000        1.00000           71.32           -0.05            0.05
===================================================================================================================================
                BAR        
-----------------------------------------------------------------------------------------------------------------------------------
BAR-estimator:         λ             λ+δλ          ΔΔA             ΔA            C               Δδe            δe       
                          
-----------------------------------------------------------------------------------------------------------------------------------
BAR-estimator:      0.00000        0.05000        0.9319         0.9319         0.9319         0.0071         0.0071 
BAR-estimator:      0.05000        0.10000        0.4839         1.4159         0.4839         0.0057         0.0091 
BAR-estimator:      0.10000        0.15000        0.2772         1.6931         0.2772         0.0047         0.0103 
BAR-estimator:      0.15000        0.20000        0.1627         1.8558         0.1627         0.0039         0.0110 
BAR-estimator:      0.20000        0.25000        0.1077         1.9634         0.1077         0.0028         0.0114 
BAR-estimator:      0.25000        0.30000        0.0644         2.0279         0.0644         0.0034         0.0118 
BAR-estimator:      0.30000        0.35000        0.0372         2.0651         0.0372         0.0028         0.0122 
BAR-estimator:      0.35000        0.40000        0.0095         2.0746         0.0095         0.0025         0.0124 
BAR-estimator:      0.40000        0.45000       -0.0005         2.0741        -0.0005         0.0024         0.0127 
BAR-estimator:      0.45000        0.50000       -0.0183         2.0558        -0.0183         0.0023         0.0129 
BAR-estimator:      0.50000        0.55000       -0.0945         1.9613        -0.0945         0.0033         0.0133 
BAR-estimator:      0.55000        0.60000       -0.2657         1.6956        -0.2657         0.0029         0.0136 
BAR-estimator:      0.60000        0.65000       -0.4115         1.2841        -0.4115         0.0031         0.0140 
BAR-estimator:      0.65000        0.70000       -0.5297         0.7544        -0.5297         0.0030         0.0143 
BAR-estimator:      0.70000        0.75000       -0.6266         0.1279        -0.6266         0.0031         0.0146 
BAR-estimator:      0.75000        0.80000       -0.7021        -0.5742        -0.7021         0.0032         0.0150 
BAR-estimator:      0.80000        0.85000       -0.7514        -1.3257        -0.7514         0.0030         0.0152 
BAR-estimator:      0.85000        0.90000       -0.7767        -2.1023        -0.7767         0.0031         0.0156 
BAR-estimator:      0.90000        0.95000       -0.7896        -2.8920        -0.7896         0.0030         0.0159 
BAR-estimator:      0.95000        1.00000       -0.7846        -3.6765        -0.7846         0.0031         0.0162 
BAR-estimator: total free energy change is -3.676542085775426 , total error is 0.016152864226197692
