#========================================================================================
#                     Free energy perturbation    
#----------------------------------------------------------------------------------------
#forward/backward          λ              ΔΔA                 ΔA                  δε   
#                                                 
#----------------------------------------------------------------------------------------
forward:               0.0000              0.0000              0.0000              0.0000  
forward:               0.0500              1.2213              1.2213              0.0149  
forward:               0.1000              0.7425              1.9638              0.0188  
forward:               0.1500              0.4468              2.4106              0.0212  
forward:               0.2000              0.2750              2.6856              0.0227  
forward:               0.2500              0.1765              2.8622              0.0233  
forward:               0.3000              0.1029              2.9650              0.0240  
forward:               0.3500              0.0634              3.0284              0.0244  
forward:               0.4000              0.0281              3.0565              0.0248  
forward:               0.4500              0.0008              3.0572              0.0252  
forward:               0.5000             -0.0136              3.0436              0.0258  
forward:               0.5500             -0.1152              2.9284              0.0262  
forward:               0.6000             -0.3036              2.6248              0.0267  
forward:               0.6500             -0.4738              2.1510              0.0272  
forward:               0.7000             -0.6183              1.5327              0.0276  
forward:               0.7500             -0.7097              0.8230              0.0280  
forward:               0.8000             -0.7778              0.0452              0.0284  
forward:               0.8500             -0.8044             -0.7592              0.0287  
forward:               0.9000             -0.8327             -1.5919              0.0290  
forward:               0.9500             -0.8398             -2.4318              0.0293  
forward:               1.0000             -0.8333             -3.2651              0.0296  
backward:              1.0000              0.0000             -3.2651              0.0000  
backward:              0.9500              0.8161             -2.4490              0.0062  
backward:              0.9000              0.8294             -1.6196              0.0082  
backward:              0.8500              0.8358             -0.7839              0.0097  
backward:              0.8000              0.8003              0.0165              0.0111  
backward:              0.7500              0.7791              0.7956              0.0123  
backward:              0.7000              0.7192              1.5148              0.0135  
backward:              0.6500              0.6106              2.1254              0.0146  
backward:              0.6000              0.4659              2.5912              0.0163  
backward:              0.5500              0.3009              2.8922              0.0175  
backward:              0.5000              0.1248              3.0169              0.0184  
backward:              0.4500              0.0171              3.0340              0.0191  
backward:              0.4000              0.0023              3.0363              0.0197  
backward:              0.3500             -0.0260              3.0103              0.0204  
backward:              0.3000             -0.0650              2.9452              0.0213  
backward:              0.2500             -0.1153              2.8299              0.0227  
backward:              0.2000             -0.1753              2.6547              0.0235  
backward:              0.1500             -0.2699              2.3848              0.0296  
backward:              0.1000             -0.4529              1.9319              0.0350  
backward:              0.0500             -0.7579              1.1740              0.0378  
backward:              0.0000             -1.2035             -0.0295              0.0474  
Inaccuracy estimation
======================================================================================================
                   i        i+δi          P0_overlap_P1   δε(forward)/ε   δε(backward)/ε
======================================================================================================
inaccuracy:  0.00000        0.05000           42.39           -0.04            1.09
inaccuracy:  0.05000        0.10000           52.80           -0.02            0.74
inaccuracy:  0.10000        0.15000           59.87           -0.02            0.41
inaccuracy:  0.15000        0.20000           65.65           -0.01            0.28
inaccuracy:  0.20000        0.25000           68.89           -0.01            0.20
inaccuracy:  0.25000        0.30000           72.14           -0.01            0.16
inaccuracy:  0.30000        0.35000           72.20           -0.01            0.14
inaccuracy:  0.35000        0.40000           73.12           -0.01            0.13
inaccuracy:  0.40000        0.45000           74.15           -0.01            0.11
inaccuracy:  0.45000        0.50000           73.88           -0.01            0.11
inaccuracy:  0.50000        0.55000           66.86           -0.07            0.13
inaccuracy:  0.55000        0.60000           68.27           -0.07            0.11
inaccuracy:  0.60000        0.65000           68.24           -0.08            0.08
inaccuracy:  0.65000        0.70000           68.49           -0.08            0.07
inaccuracy:  0.70000        0.75000           67.80           -0.07            0.06
inaccuracy:  0.75000        0.80000           68.75           -0.09            0.06
inaccuracy:  0.80000        0.85000           68.67           -0.09            0.06
inaccuracy:  0.85000        0.90000           68.23           -0.08            0.06
inaccuracy:  0.90000        0.95000           68.84           -0.08            0.06
inaccuracy:  0.95000        1.00000           68.24           -0.07            0.06
===================================================================================================================================
                BAR        
-----------------------------------------------------------------------------------------------------------------------------------
BAR-estimator:         λ             λ+δλ          ΔΔA             ΔA            C               Δδe            δe       
                          
-----------------------------------------------------------------------------------------------------------------------------------
BAR-estimator:      0.00000        0.05000        1.2080         1.2080         1.2080         0.0095         0.0095 
BAR-estimator:      0.05000        0.10000        0.7551         1.9630         0.7551         0.0070         0.0118 
BAR-estimator:      0.10000        0.15000        0.4472         2.4103         0.4472         0.0061         0.0133 
BAR-estimator:      0.15000        0.20000        0.2767         2.6869         0.2767         0.0053         0.0143 
BAR-estimator:      0.20000        0.25000        0.1777         2.8647         0.1777         0.0038         0.0148 
BAR-estimator:      0.25000        0.30000        0.1077         2.9724         0.1077         0.0039         0.0153 
BAR-estimator:      0.30000        0.35000        0.0618         3.0342         0.0618         0.0033         0.0157 
BAR-estimator:      0.35000        0.40000        0.0273         3.0615         0.0273         0.0035         0.0161 
BAR-estimator:      0.40000        0.45000        0.0007         3.0622         0.0007         0.0029         0.0163 
BAR-estimator:      0.45000        0.50000       -0.0151         3.0472        -0.0151         0.0035         0.0167 
BAR-estimator:      0.50000        0.55000       -0.1178         2.9293        -0.1178         0.0035         0.0171 
BAR-estimator:      0.55000        0.60000       -0.3025         2.6268        -0.3025         0.0036         0.0175 
BAR-estimator:      0.60000        0.65000       -0.4714         2.1554        -0.4714         0.0036         0.0178 
BAR-estimator:      0.65000        0.70000       -0.6159         1.5395        -0.6159         0.0033         0.0181 
BAR-estimator:      0.70000        0.75000       -0.7123         0.8272        -0.7123         0.0035         0.0185 
BAR-estimator:      0.75000        0.80000       -0.7786         0.0486        -0.7786         0.0033         0.0188 
BAR-estimator:      0.80000        0.85000       -0.8034        -0.7549        -0.8034         0.0036         0.0191 
BAR-estimator:      0.85000        0.90000       -0.8333        -1.5881        -0.8333         0.0035         0.0194 
BAR-estimator:      0.90000        0.95000       -0.8342        -2.4223        -0.8342         0.0040         0.0198 
BAR-estimator:      0.95000        1.00000       -0.8263        -3.2486        -0.8263         0.0036         0.0202 
BAR-estimator: total free energy change is -3.248594372802961 , total error is 0.02015914109554074
