#========================================================================================
#                     Free energy perturbation    
#----------------------------------------------------------------------------------------
#forward/backward          λ              ΔΔA                 ΔA                  δε   
#                                                 
#----------------------------------------------------------------------------------------
forward:               0.0000              0.0000              0.0000              0.0000  
forward:               0.0500              4.5338              4.5338              0.0533  
forward:               0.1000              2.4015              6.9353              0.0673  
forward:               0.1500              1.0738              8.0091              0.0714  
forward:               0.2000              0.3897              8.3987              0.0726  
forward:               0.2500              0.1104              8.5091              0.0732  
forward:               0.3000             -0.0524              8.4567              0.0736  
forward:               0.3500             -0.1590              8.2977              0.0740  
forward:               0.4000             -0.2403              8.0575              0.0744  
forward:               0.4500             -0.2851              7.7724              0.0747  
forward:               0.5000             -0.3260              7.4464              0.0748  
forward:               0.5500             -0.4140              7.0324              0.0750  
forward:               0.6000             -0.5123              6.5200              0.0752  
forward:               0.6500             -0.5829              5.9372              0.0753  
forward:               0.7000             -0.6443              5.2929              0.0754  
forward:               0.7500             -0.6880              4.6048              0.0755  
forward:               0.8000             -0.7302              3.8746              0.0756  
forward:               0.8500             -0.7573              3.1173              0.0758  
forward:               0.9000             -0.7868              2.3305              0.0759  
forward:               0.9500             -0.8127              1.5179              0.0760  
forward:               1.0000             -0.8291              0.6888              0.0761  
backward:              1.0000              0.0000              0.6888              0.0000  
backward:              0.9500              0.8205              1.5093              0.0054  
backward:              0.9000              0.8152              2.3245              0.0077  
backward:              0.8500              0.7857              3.1102              0.0094  
backward:              0.8000              0.7377              3.8478              0.0107  
backward:              0.7500              0.7199              4.5677              0.0118  
backward:              0.7000              0.6919              5.2597              0.0128  
backward:              0.6500              0.6421              5.9017              0.0153  
backward:              0.6000              0.5834              6.4852              0.0164  
backward:              0.5500              0.5109              6.9961              0.0174  
backward:              0.5000              0.4221              7.4182              0.0186  
backward:              0.4500              0.3284              7.7466              0.0202  
backward:              0.4000              0.2899              8.0365              0.0216  
backward:              0.3500              0.2376              8.2741              0.0232  
backward:              0.3000              0.1531              8.4272              0.0252  
backward:              0.2500              0.0397              8.4669              0.0270  
backward:              0.2000             -0.1273              8.3396              0.0340  
backward:              0.1500             -0.4243              7.9153              0.0397  
backward:              0.1000             -1.0542              6.8611              0.0603  
backward:              0.0500             -3.2781              3.5830              0.4831  
backward:              0.0000             -4.6400             -1.0570              0.5305  
Inaccuracy estimation
======================================================================================================
                   i        i+δi          P0_overlap_P1   δε(forward)/ε   δε(backward)/ε
======================================================================================================
inaccuracy:  0.00000        0.05000           13.38            1.02            7.35
inaccuracy:  0.05000        0.10000           23.20            0.01            3.63
inaccuracy:  0.10000        0.15000           37.25           -0.11            1.66
inaccuracy:  0.15000        0.20000           51.30           -0.07            0.66
inaccuracy:  0.20000        0.25000           57.85           -0.05            0.39
inaccuracy:  0.25000        0.30000           62.78           -0.05            0.24
inaccuracy:  0.30000        0.35000           65.50           -0.04            0.18
inaccuracy:  0.35000        0.40000           66.67           -0.04            0.15
inaccuracy:  0.40000        0.45000           67.61           -0.05            0.13
inaccuracy:  0.45000        0.50000           68.06           -0.05            0.11
inaccuracy:  0.50000        0.55000           65.64           -0.06            0.12
inaccuracy:  0.55000        0.60000           68.24           -0.06            0.10
inaccuracy:  0.60000        0.65000           68.19           -0.07            0.08
inaccuracy:  0.65000        0.70000           68.53           -0.06            0.07
inaccuracy:  0.70000        0.75000           68.82           -0.07            0.07
inaccuracy:  0.75000        0.80000           69.88           -0.07            0.06
inaccuracy:  0.80000        0.85000           69.69           -0.06            0.06
inaccuracy:  0.85000        0.90000           69.48           -0.07            0.06
inaccuracy:  0.90000        0.95000           68.27           -0.07            0.06
inaccuracy:  0.95000        1.00000           69.02           -0.07            0.06
===================================================================================================================================
                BAR        
-----------------------------------------------------------------------------------------------------------------------------------
BAR-estimator:         λ             λ+δλ          ΔΔA             ΔA            C               Δδe            δe       
                          
-----------------------------------------------------------------------------------------------------------------------------------
BAR-estimator:      0.00000        0.05000        4.5223         4.5223         4.5223         0.0183         0.0183 
BAR-estimator:      0.05000        0.10000        2.3828         6.9051         2.3828         0.0162         0.0245 
BAR-estimator:      0.10000        0.15000        1.0752         7.9803         1.0752         0.0124         0.0275 
BAR-estimator:      0.15000        0.20000        0.3998         8.3802         0.3998         0.0083         0.0287 
BAR-estimator:      0.20000        0.25000        0.1132         8.4933         0.1132         0.0059         0.0293 
BAR-estimator:      0.25000        0.30000       -0.0448         8.4485        -0.0448         0.0047         0.0297 
BAR-estimator:      0.30000        0.35000       -0.1563         8.2922        -0.1563         0.0044         0.0300 
BAR-estimator:      0.35000        0.40000       -0.2392         8.0530        -0.2392         0.0046         0.0303 
BAR-estimator:      0.40000        0.45000       -0.2876         7.7654        -0.2876         0.0036         0.0305 
BAR-estimator:      0.45000        0.50000       -0.3301         7.4353        -0.3301         0.0038         0.0308 
BAR-estimator:      0.50000        0.55000       -0.4173         7.0179        -0.4173         0.0037         0.0310 
BAR-estimator:      0.55000        0.60000       -0.5108         6.5071        -0.5108         0.0037         0.0312 
BAR-estimator:      0.60000        0.65000       -0.5838         5.9233        -0.5838         0.0033         0.0314 
BAR-estimator:      0.65000        0.70000       -0.6449         5.2784        -0.6449         0.0035         0.0316 
BAR-estimator:      0.70000        0.75000       -0.6899         4.5885        -0.6899         0.0030         0.0317 
BAR-estimator:      0.75000        0.80000       -0.7268         3.8617        -0.7268         0.0031         0.0319 
BAR-estimator:      0.80000        0.85000       -0.7518         3.1099        -0.7518         0.0036         0.0321 
BAR-estimator:      0.85000        0.90000       -0.7853         2.3246        -0.7853         0.0036         0.0323 
BAR-estimator:      0.90000        0.95000       -0.8119         1.5127        -0.8119         0.0026         0.0324 
BAR-estimator:      0.95000        1.00000       -0.8271         0.6856        -0.8271         0.0028         0.0325 
BAR-estimator: total free energy change is 0.6855636163240659 , total error is 0.03252810938091003
