#========================================================================================
#                     Free energy perturbation    
#----------------------------------------------------------------------------------------
#forward/backward          λ              ΔΔA                 ΔA                  δε   
#                                                 
#----------------------------------------------------------------------------------------
forward:               0.0000              0.0000              0.0000              0.0000  
forward:               0.0500              2.4145              2.4145              0.0323  
forward:               0.1000              1.3111              3.7256              0.0400  
forward:               0.1500              0.6502              4.3758              0.0424  
forward:               0.2000              0.3168              4.6926              0.0435  
forward:               0.2500              0.1492              4.8418              0.0442  
forward:               0.3000              0.0538              4.8956              0.0446  
forward:               0.3500             -0.0141              4.8816              0.0450  
forward:               0.4000             -0.0623              4.8192              0.0453  
forward:               0.4500             -0.0926              4.7266              0.0456  
forward:               0.5000             -0.1266              4.6001              0.0458  
forward:               0.5500             -0.2047              4.3954              0.0462  
forward:               0.6000             -0.3779              4.0175              0.0465  
forward:               0.6500             -0.5195              3.4980              0.0468  
forward:               0.7000             -0.6209              2.8771              0.0471  
forward:               0.7500             -0.7227              2.1544              0.0474  
forward:               0.8000             -0.8037              1.3506              0.0475  
forward:               0.8500             -0.8720              0.4787              0.0478  
forward:               0.9000             -0.9217             -0.4431              0.0481  
forward:               0.9500             -0.9743             -1.4174              0.0484  
forward:               1.0000             -1.0022             -2.4196              0.0486  
backward:              1.0000              0.0000             -2.4196              0.0000  
backward:              0.9500              0.9966             -1.4230              0.0060  
backward:              0.9000              0.9687             -0.4543              0.0079  
backward:              0.8500              0.9282              0.4739              0.0099  
backward:              0.8000              0.8792              1.3531              0.0116  
backward:              0.7500              0.8128              2.1659              0.0130  
backward:              0.7000              0.7269              2.8928              0.0147  
backward:              0.6500              0.6295              3.5224              0.0160  
backward:              0.6000              0.5107              4.0331              0.0173  
backward:              0.5500              0.3732              4.4063              0.0184  
backward:              0.5000              0.2071              4.6134              0.0195  
backward:              0.4500              0.1380              4.7514              0.0203  
backward:              0.4000              0.0979              4.8494              0.0216  
backward:              0.3500              0.0623              4.9116              0.0221  
backward:              0.3000              0.0217              4.9334              0.0230  
backward:              0.2500             -0.0518              4.8815              0.0243  
backward:              0.2000             -0.1537              4.7278              0.0262  
backward:              0.1500             -0.3176              4.4102              0.0287  
backward:              0.1000             -0.6689              3.7413              0.0356  
backward:              0.0500             -1.2903              2.4510              0.0512  
backward:              0.0000             -2.2728              0.1782              0.0616  
Inaccuracy estimation
======================================================================================================
                   i        i+δi          P0_overlap_P1   δε(forward)/ε   δε(backward)/ε
======================================================================================================
inaccuracy:  0.00000        0.05000           26.53            0.08            2.87
inaccuracy:  0.05000        0.10000           37.06           -0.06            1.74
inaccuracy:  0.10000        0.15000           50.92           -0.04            0.78
inaccuracy:  0.15000        0.20000           59.57           -0.04            0.40
inaccuracy:  0.20000        0.25000           64.39           -0.02            0.25
inaccuracy:  0.25000        0.30000           67.01           -0.02            0.21
inaccuracy:  0.30000        0.35000           68.52           -0.03            0.17
inaccuracy:  0.35000        0.40000           70.44           -0.02            0.14
inaccuracy:  0.40000        0.45000           70.63           -0.02            0.13
inaccuracy:  0.45000        0.50000           71.21           -0.02            0.12
inaccuracy:  0.50000        0.55000           65.49           -0.07            0.15
inaccuracy:  0.55000        0.60000           66.95           -0.07            0.11
inaccuracy:  0.60000        0.65000           67.89           -0.08            0.09
inaccuracy:  0.65000        0.70000           67.06           -0.10            0.08
inaccuracy:  0.70000        0.75000           67.59           -0.09            0.07
inaccuracy:  0.75000        0.80000           66.77           -0.10            0.06
inaccuracy:  0.80000        0.85000           66.86           -0.09            0.05
inaccuracy:  0.85000        0.90000           66.79           -0.09            0.05
inaccuracy:  0.90000        0.95000           67.95           -0.09            0.05
inaccuracy:  0.95000        1.00000           67.33           -0.09            0.05
===================================================================================================================================
                BAR        
-----------------------------------------------------------------------------------------------------------------------------------
BAR-estimator:         λ             λ+δλ          ΔΔA             ΔA            C               Δδe            δe       
                          
-----------------------------------------------------------------------------------------------------------------------------------
BAR-estimator:      0.00000        0.05000        2.3833         2.3833         2.3833         0.0102         0.0102 
BAR-estimator:      0.05000        0.10000        1.3077         3.6910         1.3077         0.0117         0.0155 
BAR-estimator:      0.10000        0.15000        0.6545         4.3455         0.6545         0.0086         0.0177 
BAR-estimator:      0.15000        0.20000        0.3194         4.6649         0.3194         0.0061         0.0188 
BAR-estimator:      0.20000        0.25000        0.1487         4.8136         0.1487         0.0050         0.0194 
BAR-estimator:      0.25000        0.30000        0.0534         4.8670         0.0534         0.0042         0.0199 
BAR-estimator:      0.30000        0.35000       -0.0130         4.8540        -0.0130         0.0041         0.0203 
BAR-estimator:      0.35000        0.40000       -0.0609         4.7930        -0.0609         0.0038         0.0206 
BAR-estimator:      0.40000        0.45000       -0.0965         4.6965        -0.0965         0.0036         0.0210 
BAR-estimator:      0.45000        0.50000       -0.1300         4.5665        -0.1300         0.0031         0.0212 
BAR-estimator:      0.50000        0.55000       -0.2024         4.3641        -0.2024         0.0040         0.0215 
BAR-estimator:      0.55000        0.60000       -0.3753         3.9888        -0.3753         0.0038         0.0219 
BAR-estimator:      0.60000        0.65000       -0.5165         3.4723        -0.5165         0.0033         0.0221 
BAR-estimator:      0.65000        0.70000       -0.6274         2.8448        -0.6274         0.0034         0.0224 
BAR-estimator:      0.70000        0.75000       -0.7261         2.1188        -0.7261         0.0035         0.0227 
BAR-estimator:      0.75000        0.80000       -0.8090         1.3098        -0.8090         0.0040         0.0230 
BAR-estimator:      0.80000        0.85000       -0.8781         0.4316        -0.8781         0.0034         0.0233 
BAR-estimator:      0.85000        0.90000       -0.9267        -0.4951        -0.9267         0.0039         0.0236 
BAR-estimator:      0.90000        0.95000       -0.9714        -1.4664        -0.9714         0.0039         0.0239 
BAR-estimator:      0.95000        1.00000       -0.9992        -2.4656        -0.9992         0.0040         0.0243 
BAR-estimator: total free energy change is -2.465598932376785 , total error is 0.024255964338130254
