#========================================================================================
#                     Free energy perturbation    
#----------------------------------------------------------------------------------------
#forward/backward          λ              ΔΔA                 ΔA                  δε   
#                                                 
#----------------------------------------------------------------------------------------
forward:               0.0000              0.0000              0.0000              0.0000  
forward:               0.0500              1.0531              1.0531              0.0136  
forward:               0.1000              0.6951              1.7482              0.0190  
forward:               0.1500              0.4362              2.1844              0.0209  
forward:               0.2000              0.2692              2.4535              0.0220  
forward:               0.2500              0.1799              2.6334              0.0229  
forward:               0.3000              0.1238              2.7572              0.0233  
forward:               0.3500              0.0918              2.8490              0.0239  
forward:               0.4000              0.0506              2.8997              0.0243  
forward:               0.4500              0.0367              2.9364              0.0246  
forward:               0.5000              0.0137              2.9501              0.0250  
forward:               0.5500             -0.1341              2.8160              0.0254  
forward:               0.6000             -0.3257              2.4903              0.0259  
forward:               0.6500             -0.5033              1.9870              0.0265  
forward:               0.7000             -0.6684              1.3186              0.0271  
forward:               0.7500             -0.7586              0.5600              0.0277  
forward:               0.8000             -0.7914             -0.2314              0.0281  
forward:               0.8500             -0.7777             -1.0091              0.0285  
forward:               0.9000             -0.7529             -1.7620              0.0290  
forward:               0.9500             -0.7387             -2.5007              0.0296  
forward:               1.0000             -0.7121             -3.2128              0.0301  
backward:              1.0000              0.0000             -3.2128              0.0000  
backward:              0.9500              0.7138             -2.4989              0.0091  
backward:              0.9000              0.7175             -1.7814              0.0114  
backward:              0.8500              0.7572             -1.0242              0.0143  
backward:              0.8000              0.7716             -0.2527              0.0155  
backward:              0.7500              0.7814              0.5288              0.0167  
backward:              0.7000              0.7669              1.2956              0.0178  
backward:              0.6500              0.6683              1.9640              0.0189  
backward:              0.6000              0.5033              2.4673              0.0199  
backward:              0.5500              0.3143              2.7816              0.0211  
backward:              0.5000              0.1322              2.9138              0.0217  
backward:              0.4500             -0.0232              2.8905              0.0222  
backward:              0.4000             -0.0298              2.8608              0.0227  
backward:              0.3500             -0.0524              2.8084              0.0233  
backward:              0.3000             -0.0889              2.7195              0.0239  
backward:              0.2500             -0.1229              2.5966              0.0249  
backward:              0.2000             -0.1788              2.4178              0.0263  
backward:              0.1500             -0.2838              2.1340              0.0282  
backward:              0.1000             -0.4388              1.6952              0.0304  
backward:              0.0500             -0.7459              0.9493              0.0407  
backward:              0.0000             -1.0942             -0.1449              0.0459  
Inaccuracy estimation
======================================================================================================
                   i        i+δi          P0_overlap_P1   δε(forward)/ε   δε(backward)/ε
======================================================================================================
inaccuracy:  0.00000        0.05000           49.43           -0.02            0.78
inaccuracy:  0.05000        0.10000           54.69           -0.01            0.64
inaccuracy:  0.10000        0.15000           62.10           -0.01            0.39
inaccuracy:  0.15000        0.20000           68.23           -0.01            0.24
inaccuracy:  0.20000        0.25000           70.82           -0.01            0.17
inaccuracy:  0.25000        0.30000           72.90           -0.01            0.14
inaccuracy:  0.30000        0.35000           74.33           -0.01            0.13
inaccuracy:  0.35000        0.40000           75.69           -0.01            0.10
inaccuracy:  0.40000        0.45000           75.79           -0.01            0.10
inaccuracy:  0.45000        0.50000           77.35           -0.01            0.09
inaccuracy:  0.50000        0.55000           69.38           -0.07            0.12
inaccuracy:  0.55000        0.60000           69.22           -0.09            0.09
inaccuracy:  0.60000        0.65000           68.56           -0.10            0.07
inaccuracy:  0.65000        0.70000           67.93           -0.10            0.06
inaccuracy:  0.70000        0.75000           67.18           -0.09            0.05
inaccuracy:  0.75000        0.80000           68.94           -0.09            0.06
inaccuracy:  0.80000        0.85000           68.28           -0.08            0.07
inaccuracy:  0.85000        0.90000           67.61           -0.09            0.08
inaccuracy:  0.90000        0.95000           67.75           -0.07            0.08
inaccuracy:  0.95000        1.00000           66.11           -0.09            0.10
===================================================================================================================================
                BAR        
-----------------------------------------------------------------------------------------------------------------------------------
BAR-estimator:         λ             λ+δλ          ΔΔA             ΔA            C               Δδe            δe       
                          
-----------------------------------------------------------------------------------------------------------------------------------
BAR-estimator:      0.00000        0.05000        1.0642         1.0642         1.0642         0.0087         0.0087 
BAR-estimator:      0.05000        0.10000        0.7013         1.7656         0.7013         0.0085         0.0122 
BAR-estimator:      0.10000        0.15000        0.4423         2.2079         0.4423         0.0061         0.0136 
BAR-estimator:      0.15000        0.20000        0.2725         2.4804         0.2725         0.0046         0.0144 
BAR-estimator:      0.20000        0.25000        0.1783         2.6587         0.1783         0.0043         0.0150 
BAR-estimator:      0.25000        0.30000        0.1245         2.7832         0.1245         0.0034         0.0154 
BAR-estimator:      0.30000        0.35000        0.0928         2.8760         0.0928         0.0038         0.0158 
BAR-estimator:      0.35000        0.40000        0.0506         2.9266         0.0506         0.0031         0.0161 
BAR-estimator:      0.40000        0.45000        0.0339         2.9605         0.0339         0.0029         0.0164 
BAR-estimator:      0.45000        0.50000        0.0175         2.9780         0.0175         0.0028         0.0166 
BAR-estimator:      0.50000        0.55000       -0.1330         2.8450        -0.1330         0.0031         0.0169 
BAR-estimator:      0.55000        0.60000       -0.3246         2.5204        -0.3246         0.0031         0.0172 
BAR-estimator:      0.60000        0.65000       -0.5018         2.0186        -0.5018         0.0036         0.0175 
BAR-estimator:      0.65000        0.70000       -0.6695         1.3491        -0.6695         0.0033         0.0179 
BAR-estimator:      0.70000        0.75000       -0.7620         0.5871        -0.7620         0.0041         0.0183 
BAR-estimator:      0.75000        0.80000       -0.7884        -0.2013        -0.7884         0.0036         0.0187 
BAR-estimator:      0.80000        0.85000       -0.7761        -0.9773        -0.7761         0.0035         0.0190 
BAR-estimator:      0.85000        0.90000       -0.7540        -1.7313        -0.7540         0.0038         0.0194 
BAR-estimator:      0.90000        0.95000       -0.7260        -2.4574        -0.7260         0.0040         0.0198 
BAR-estimator:      0.95000        1.00000       -0.7120        -3.1694        -0.7120         0.0044         0.0203 
BAR-estimator: total free energy change is -3.169365969927265 , total error is 0.02025736063771233
