20
 energy: -36.130647310252 gnorm: 0.042828886189 xtb: 6.7.1 (41059b4)
C            0.86427255960923        1.40377590731547       -0.63644612276773
C            1.60911680573896        0.20761105886956       -0.05453399196435
H            2.58773906922327        0.11681913902400       -0.54800578444836
C            0.80273059649725       -1.08035110086142       -0.30964498671709
H            1.25488988909167       -1.90054834423784        0.27288926620915
C           -0.66334779664865       -0.91127235609627        0.11454794434997
H           -1.24984156833234       -1.75739460596330       -0.27148141836359
C           -1.25936084249199        0.38622633193074       -0.44552207418386
H           -1.31289628233952        0.32198998164823       -1.54260282989672
O           -0.44320793308415        1.49850748939976       -0.06781404154125
O           -2.54639682372779        0.60469348421854        0.02381839636077
O           -0.78507568913394       -0.80886895357858        1.54176963196469
O            0.75396197585782       -1.40050030546342       -1.70291790731214
O            1.87842980009133        0.37470341575344        1.33068784077332
H            0.80237284287939        1.31650966455154       -1.73356354555898
H            1.38387748773879        2.32978540416003       -0.37662841402318
H           -2.52562618548906        0.45751778070608        0.98025274184771
H           -0.57072966088026       -1.66458346873315        1.92966616324683
H            1.65295886332812       -1.56773216677945       -2.00676782241978
H            1.01964489192343        0.48480719617695        1.76433297582264
20
 energy: -36.132401215018 gnorm: 0.021356204605 xtb: 6.7.1 (41059b4)
C            0.85587240534065        1.40487509601884       -0.63187536122338
C            1.60671221412695        0.20239696853461       -0.05743897350254
H            2.59148063731390        0.11642876314465       -0.53536515760719
C            0.79765622508414       -1.08327947600598       -0.32054599761144
H            1.25203301625295       -1.90593764736587        0.25563130376462
C           -0.66158002658078       -0.90965259178353        0.12470035717058
H           -1.24724515870033       -1.75567194536482       -0.25716300100843
C           -1.25380582269631        0.38958777921778       -0.44613655425364
H           -1.30820554581560        0.31655765986912       -1.54231243856848
O           -0.44455459204961        1.49763830719317       -0.07903153740243
O           -2.53388512893780        0.60223540704848        0.02071864001147
O           -0.77760113152690       -0.81862248380035        1.54183826915180
O            0.76193309994830       -1.40849872269528       -1.70010513466888
O            1.85679716945324        0.35725935103029        1.32101488169784
H            0.79515472693111        1.31793751072756       -1.72592848809536
H            1.36187874200758        2.33341497492155       -0.36116873793959
H           -2.50641062116069        0.50056372817542        0.98406983542060
H           -0.55165734094095       -1.67107724740239        1.92853563687755
H            1.66261071389186       -1.56895386532051       -2.00341812609371
H            0.99632841790985        0.49449398589817        1.74601660525865
20
 energy: -36.133004679934 gnorm: 0.007087847530 xtb: 6.7.1 (41059b4)
C            0.84709885499736        1.40136659122714       -0.62887836936836
C            1.60321994824684        0.19749750000810       -0.05017641989010
H            2.59179814536691        0.12166209155677       -0.51857490545062
C            0.79800810973913       -1.09017812647013       -0.33281114915756
H            1.25480848762853       -1.91356445232354        0.24335144305084
C           -0.65840719023854       -0.91541264593003        0.12782275856597
H           -1.24839817137589       -1.75784691722640       -0.25528137221626
C           -1.25324741608712        0.38824665881565       -0.44428335862791
H           -1.30687745190375        0.30288786903324       -1.54029752085692
O           -0.44615157756665        1.48862801925526       -0.08603052871616
O           -2.52827888114058        0.60060758956202        0.01824972573531
O           -0.76603468450016       -0.82616127837703        1.53404547955737
O            0.76310848793966       -1.41367479892885       -1.70105731323924
O            1.83541135893913        0.34527986189822        1.32290042186590
H            0.79580849837388        1.31442901899601       -1.72267285220998
H            1.34666818310933        2.32953992597907       -0.34857088174597
H           -2.49407975596211        0.56085789372292        0.98956823593838
H           -0.51918726867055       -1.67064341225507        1.92547944157962
H            1.66374458276701       -1.56257681166052       -2.01115640151702
H            0.97449974018911        0.51075097515807        1.74040958808074
20
 energy: -36.133103332578 gnorm: 0.005515589734 xtb: 6.7.1 (41059b4)
C            0.84570303867205        1.39945277218263       -0.62767192221870
C            1.60249962256584        0.19541681169341       -0.04653633138352
H            2.59220338219002        0.12219176329653       -0.51342047679913
C            0.79777268577263       -1.09320241252133       -0.33515702889325
H            1.25468519067939       -1.91707776523580        0.24240962376203
C           -0.65923500975260       -0.92010295105662        0.12838839071316
H           -1.25050784032411       -1.76152118273302       -0.25717067399513
C           -1.25428942596519        0.38578678311354       -0.44461469322582
H           -1.30843666041511        0.29738486966387       -1.54107654291262
O           -0.44755742791299        1.48482834399613       -0.08615881246160
O           -2.52894873504266        0.59972510237869        0.01727106480775
O           -0.76392007607834       -0.82893726700829        1.53292364094692
O            0.76181545500395       -1.41054620415269       -1.70315319347563
O            1.82788108919714        0.34204801336040        1.32664368716815
H            0.79946848849365        1.31147577949935       -1.72218108748831
H            1.34668775898420        2.32718316164454       -0.34761297225562
H           -2.49244919103713        0.58237993863030        0.98792470752415
H           -0.49919925925083       -1.66709871273565        1.92799364917588
H            1.66212317779740       -1.55351006113688       -2.01739051059671
H            0.96721573627428        0.51581876916177        1.74062550298605
20
 energy: -36.133186475599 gnorm: 0.004417107895 xtb: 6.7.1 (41059b4)
C            0.84487314834645        1.39595347069313       -0.62573696643126
C            1.60105509972016        0.19213479561933       -0.04085818900793
H            2.59192607266965        0.12010282348312       -0.50600147585147
C            0.79723020740216       -1.09733037452891       -0.33660838623787
H            1.25466186211200       -1.92328058755931        0.23968114546481
C           -0.66075694291213       -0.92640166842297        0.12870860317708
H           -1.25248380784821       -1.76729707123404       -0.25942185720232
C           -1.25616964359989        0.38138666249892       -0.44552636936793
H           -1.31032884112105        0.29044044451664       -1.54218182723334
O           -0.44979031180112        1.47996762229243       -0.08528923779588
O           -2.53196402580816        0.59777878843042        0.01470991652362
O           -0.76457372409911       -0.83347131414962        1.53220851574053
O            0.75965369470057       -1.40457075076279       -1.70635165043758
O            1.81978995952517        0.33804162771174        1.33329698938440
H            0.80250683492985        1.30649210027758       -1.72090678771793
H            1.34784483323014        2.32382135439542       -0.34802064673212
H           -2.49247385094793        0.61320188727139        0.98282729208175
H           -0.46684509231880       -1.66013416710972        1.93146303258462
H            1.65956003606434       -1.53797003554450       -2.02629329950451
H            0.95979649160748        0.52282994416263        1.74233721994138
20
 energy: -36.133216404089 gnorm: 0.003353817131 xtb: 6.7.1 (41059b4)
C            0.84482525261004        1.39356350890932       -0.62433349501212
C            1.60012633552628        0.19014200119004       -0.03837371640506
H            2.59190712181123        0.11789807408204       -0.50172456915355
C            0.79641552069000       -1.09883355984983       -0.33672827091475
H            1.25430200827151       -1.92689381223660        0.23605537039621
C           -0.66151969790408       -0.92930261077979        0.12898606205415
H           -1.25319960441242       -1.77048615828804       -0.25883865322687
C           -1.25672549562731        0.37821181688756       -0.44617233779093
H           -1.31006667741393        0.28689158697396       -1.54257266413114
O           -0.45096703249500        1.47740618050750       -0.08459450919354
O           -2.53379262800130        0.59530235142782        0.01216720010234
O           -0.76534988836706       -0.83609908800116        1.53250073161278
O            0.75821088339526       -1.40108398697379       -1.70793749758103
O            1.81619502070725        0.33574115260963        1.33661048085247
H            0.80250956362787        1.30364962013021       -1.71940531645519
H            1.34745712487457        2.32198113920197       -0.34734597937168
H           -2.49258573757942        0.63134460306899        0.97887266453149
H           -0.44862766984763       -1.65524533610943        1.93230794930264
H            1.65808702080704       -1.52883973096093       -2.03009337990190
H            0.95631057917867        0.52634780025143        1.74265595166371
20
 energy: -36.133234986952 gnorm: 0.001120822573 xtb: 6.7.1 (41059b4)
C            0.84489863678948        1.39142753391766       -0.62282268537718
C            1.59883542235007        0.18821610902191       -0.03699441420703
H            2.59163312149227        0.11544997750054       -0.49801355440846
C            0.79533847539650       -1.09977286542320       -0.33679049777373
H            1.25371522122021       -1.93013284317842        0.23131478384778
C           -0.66182147736947       -0.93088726368004        0.12942823713170
H           -1.25346021601160       -1.77289107542595       -0.25618929815624
C           -1.25686168172730        0.37514415650574       -0.44680064564283
H           -1.30857497293056        0.28434574184139       -1.54286458546775
O           -0.45189773521129        1.47517212025102       -0.08375845697700
O           -2.53522640557948        0.59244443626424        0.00908633084675
O           -0.76517993414723       -0.83738572393920        1.53340515493381
O            0.75668475737553       -1.39862284029730       -1.70951661843982
O            1.81332649979779        0.33349882602210        1.33886320161692
H            0.80163412671676        1.30197883553243       -1.71757196871128
H            1.34605124937585        2.32035223346890       -0.34508617663269
H           -2.49302148199965        0.64621179644410        0.97398450233635
H           -0.43257176426692       -1.64926826739278        1.93246018352263
H            1.65674964009814       -1.52164182849322       -2.03250767065335
H            0.95326051848247        0.52805649310098        1.74241019958946
20
 energy: -36.133237978362 gnorm: 0.000479539177 xtb: 6.7.1 (41059b4)
C            0.84464834419627        1.39080210179220       -0.62167564193769
C            1.59801153028539        0.18725181967915       -0.03699180236167
H            2.59135041956614        0.11453914663083       -0.49665620426636
C            0.79442656348507       -1.09990849608629       -0.33723930527789
H            1.25309094725024       -1.93134764901732        0.22833972621804
C           -0.66197233374955       -0.93117568529807        0.12989494723044
H           -1.25366867549758       -1.77414226014792       -0.25313621634023
C           -1.25692135311585        0.37348232782593       -0.44735536691063
H           -1.30676554603315        0.28257782145913       -1.54337511667653
O           -0.45267801308730        1.47403183462292       -0.08382259818757
O           -2.53586044805868        0.59065228439081        0.00633844299190
O           -0.76432400473673       -0.83667264017614        1.53414228790560
O            0.75549189601215       -1.39799593226084       -1.71049668998606
O            1.81220270584452        0.33175597868269        1.33920138673383
H            0.80158585441098        1.30297844279876       -1.71633640819659
H            1.34448743559313        2.31953569419874       -0.34157846767072
H           -2.49389680922267        0.65317507371928        0.97073097675567
H           -0.42327962647250       -1.64458297546764        1.93291306622862
H            1.65580705568265       -1.51954014547283       -2.03309165082396
H            0.95177605749902        0.52627881016752        1.74223065594983
20
 energy: -36.133238832816 gnorm: 0.000524993298 xtb: 6.7.1 (41059b4)
C            0.84452446667117        1.39139301154099       -0.62140974276529
C            1.59797147818174        0.18737805356082       -0.03744532160791
H            2.59100974566846        0.11480118133310       -0.49771161974811
C            0.79431777248273       -1.09982897339694       -0.33728807190086
H            1.25297045594135       -1.93109453654046        0.22866934937952
C           -0.66199796295704       -0.93071295436117        0.13007244803246
H           -1.25388084420108       -1.77390837372364       -0.25220466635404
C           -1.25700267325405        0.37372458810106       -0.44764401485808
H           -1.30625678910815        0.28261675542531       -1.54379586553473
O           -0.45288287968259        1.47428459190368       -0.08399501711211
O           -2.53593766251078        0.59093960864028        0.00553538463762
O           -0.76377826639945       -0.83538745196863        1.53440891483084
O            0.75509045992966       -1.39835375534288       -1.71047224781701
O            1.81304051946055        0.33156742542621        1.33865270123313
H            0.80214430251818        1.30453580529495       -1.71622639604131
H            1.34439580885079        2.31977429654135       -0.34026521481373
H           -2.49502857693828        0.65034066441393        0.96974265675273
H           -0.42309064122446       -1.64330802146596        1.93349522937250
H            1.65537074617184       -1.52111599612191       -2.03274726305691
H            0.95253254025099        0.52404963278080        1.74266477874932
20
 energy: -36.133239337226 gnorm: 0.000450015849 xtb: 6.7.1 (41059b4)
C            0.84414366909009        1.39219425453493       -0.62087738770369
C            1.59795078344206        0.18757431718467       -0.03782781926285
H            2.59048220398755        0.11533022078703       -0.49920738161978
C            0.79418964512615       -1.09976175702384       -0.33746831275145
H            1.25297166776559       -1.93079460261767        0.22899075675498
C           -0.66204016608714       -0.93047935497730        0.13043256583755
H           -1.25416690682733       -1.77389779119873       -0.25108969780657
C           -1.25718529645228        0.37368903394943       -0.44817278704112
H           -1.30550370039517        0.28167890242030       -1.54443991964132
O           -0.45352942327438        1.47450404866406       -0.08456628171363
O           -2.53632081254774        0.59077451663863        0.00391422316449
O           -0.76326710402864       -0.83407619842179        1.53472155682167
O            0.75455111547626       -1.39853519258967       -1.71047435410343
O            1.81432057811447        0.33112973218321        1.33807097783430
H            0.80311096094324        1.30673084464909       -1.71594693430090
H            1.34407401882237        2.32009366120266       -0.33818190491898
H           -2.49647011066608        0.64933208935097        0.96884986330082
H           -0.42224721926246       -1.64179072459362        1.93437923266689
H            1.65471207296172       -1.52294524291308       -2.03263376883087
H            0.95373602366329        0.52094479481161        1.74356339469192
20
 energy: -36.133239569964 gnorm: 0.000109172125 xtb: 6.7.1 (41059b4)
C            0.84412071788463        1.39210545180092       -0.62057050930587
C            1.59791933505006        0.18747597313796       -0.03772817705514
H            2.59035558219844        0.11520206928784       -0.49936540629038
C            0.79403142175450       -1.09974827511320       -0.33741063006122
H            1.25292198975526       -1.93092448367169        0.22867426006400
C           -0.66211692982484       -0.93055169103991        0.13052508776938
H           -1.25432802332183       -1.77403484746089       -0.25070015616872
C           -1.25717822038085        0.37348116385467       -0.44838015347484
H           -1.30517390571176        0.28150854813953       -1.54457229820133
O           -0.45370252823114        1.47439120486078       -0.08441678136664
O           -2.53659484530747        0.59048629181155        0.00326618980119
O           -0.76320933207727       -0.83382205609017        1.53482823173812
O            0.75422075710997       -1.39827316310937       -1.71049347701302
O            1.81465989862230        0.33090769967406        1.33818746182734
H            0.80312045854052        1.30686431299002       -1.71563329497402
H            1.34396039906522        2.31999913620444       -0.33765163926669
H           -2.49700202213239        0.64962817870983        0.96792038224208
H           -0.42089676355113       -1.64080939898775        1.93456720150731
H            1.65428053293089       -1.52280743337205       -2.03284059125259
H            0.95412347747844        0.52061687041435        1.74383032085907
20
 energy: -36.133239538028 gnorm: 0.000331277625 xtb: 6.7.1 (41059b4)
C            0.84410937340790        1.39202389690941       -0.62034057916820
C            1.59791385117984        0.18740397086345       -0.03764948070482
H            2.59026860787118        0.11509957685982       -0.49950356103199
C            0.79390342289062       -1.09971896042575       -0.33734777636853
H            1.25287887833108       -1.93100418687561        0.22844267377061
C           -0.66219185097189       -0.93060773259313        0.13058440869306
H           -1.25447799625884       -1.77413168654803       -0.25041761088164
C           -1.25717417052342        0.37333237703181       -0.44853756122939
H           -1.30493606703814        0.28141584708496       -1.54466806854027
O           -0.45382350630352        1.47430952929272       -0.08428431658057
O           -2.53680519754590        0.59028020749953        0.00278763416957
O           -0.76318899832876       -0.83363587432907        1.53490308500140
O            0.75396577606178       -1.39807226562205       -1.71048982010785
O            1.81496606572964        0.33076884375114        1.33827780280908
H            0.80311348532171        1.30694700419889       -1.71539629546417
H            1.34388944388782        2.31991380425603       -0.33726995561775
H           -2.49742254583118        0.64974861519104        0.96718025241959
H           -0.41989385918757       -1.64006038743969        1.93468896603934
H            1.65394931828162       -1.52270085235934       -2.03297023897147
H            0.95446796887759        0.52038382529476        1.74404646314204
20
 energy: -36.133239624825 gnorm: 0.000070287623 xtb: 6.7.1 (41059b4)
C            0.84405121728877        1.39213469621099       -0.62026162521238
C            1.59777216457838        0.18737298592068       -0.03768044148578
H            2.59014970317520        0.11511861156655       -0.49947759790424
C            0.79393689113136       -1.09986938875903       -0.33745606970135
H            1.25290118880590       -1.93115289418410        0.22839371616916
C           -0.66208722253654       -0.93056220839559        0.13066778372008
H           -1.25431943541859       -1.77413760941542       -0.25028753699019
C           -1.25715362642526        0.37331214223169       -0.44855784582742
H           -1.30479779077776        0.28128233548969       -1.54471384088374
O           -0.45389604659468        1.47427782294975       -0.08433568269845
O           -2.53681563928212        0.59022068820071        0.00263141793578
O           -0.76299758494156       -0.83351086855828        1.53493490904416
O            0.75396986152025       -1.39811278769672       -1.71057072504810
O            1.81474334687997        0.33052927070625        1.33822745018360
H            0.80317845342033        1.30711853469822       -1.71532690511152
H            1.34375453855806        2.32002164061523       -0.33704604279076
H           -2.49744323655491        0.65015075397857        0.96719119646894
H           -0.41963484638404       -1.63992154581581        1.93484081672958
H            1.65392374727269       -1.52283698254468       -2.03312720221010
H            0.95427631613611        0.52026035484216        1.74399024699078
