
         ______________________________________________________________
        |                                                              |
        |                                                              |
        |                   CENSO - Commandline ENSO                   |
        |                           v 2.1.2                            |
        |    energetic sorting of CREST Conformer Rotamer Ensembles    |
        |                    University of Bonn, MCTC                  |
        |                           Oct 2024                           |
        |                 based on ENSO version 2.0.1                  |
        |             L. M. Seidler, F. Bohle and S. Grimme            |
        |                                                              |
        |______________________________________________________________|

        Please cite:
        (TBA)
        S. Grimme, F. Bohle, A. Hansen, P. Pracht, S. Spicher, and M. Stahn
        J. Phys. Chem. A 2021, 125, 19, 4039-4054.
        DOI: https://doi.org/10.1021/acs.jpca.1c00971

        This program is distributed in the hope that it will be useful,
        but WITHOUT ANY WARRANTY; without even the implied warranty of
        MERCHANTABILITY or FITNESS FOR A PARTICULAR PURPOSE.

Reading configuration file from /home/michael/.censo2rc.
CALL: /home/michael/Documents/CHEM4561/censo/bin/censo -i crest_conformers.xyz --maxcores 16 -O 1
Read 2 conformers.
Number of atoms:              11
Charge:                       0
Unpaired electrons:           0


----------------------------------------------------------------------------------------------------
                                          GENERAL SETTINGS                                          
----------------------------------------------------------------------------------------------------
    
imagthr:                      -100.0
sthr:                         0.0
scale:                        1.0
temperature:                  298.15
solvent:                      h2o
sm_rrho:                      alpb
multitemp:                    False
evaluate_rrho:                False
consider_sym:                 False
bhess:                        False
rmsdbias:                     False
balance:                      False
gas-phase:                    True
copy_mo:                      True
retry_failed:                 True
trange:                       [273.15, 373.15, 5]



----------------------------------------------------------------------------------------------------
                                            PRESCREENING                                            
----------------------------------------------------------------------------------------------------
    
threshold:                    4.0
func:                         pbe-d4
basis:                        def2-sv(p)
prog:                         orca
gfnv:                         gfn2
run:                          True
template:                     False


Running sp calculation for CONF1.
Running sp calculation for CONF2.



-------------------------------- PRESCREENING SINGLE-POINT RESULTS ---------------------------------

CONF#       E (xTB)        ΔE (xTB)          E (DFT)          ΔE (DFT)        ΔGsolv (xTB)          Gtot             ΔGtot          Boltzmann weight   
             [Eh]         [kcal/mol]          [Eh]           [kcal/mol]        [kcal/mol]           [Eh]           [kcal/mol]        % at 298.15 K     
CONF1         ---            ---           -118.811396          0.00              ---            -118.811396          0.00               99.57         
CONF2         ---            ---           -118.806247          3.23              ---            -118.806247          3.23                0.43         

Boltzmann averaged free energy/enthalpy of ensemble on input geometries (not DFT optimized):
temperature /K:   avE(T) /a.u.   avG(T) /a.u.
    298.15        -118.8113740    -118.8113740     <<==part0==
----------------------------------------------------------------------------------------------------

Number of conformers:         2
Highest ranked conformer:     CONF1


Ran prescreening in 0.85 seconds!

----------------------------------------------------------------------------------------------------
                                             SCREENING                                              
----------------------------------------------------------------------------------------------------
    
threshold:                    3.5
func:                         r2scan-3c
basis:                        def2-tzvp
prog:                         orca
sm:                           smd
gfnv:                         gfn2
run:                          True
implicit:                     False
template:                     False


Running sp calculation for CONF1.
Running sp calculation for CONF2.

----------------------------- SCREENING SINGLE-POINT (+ mRRHO) RESULTS -----------------------------

CONF#        G (xTB)          ΔG (xTB)          E (DFT)         ΔGsolv       GmRRHO          Gtot             ΔGtot          Boltzmann weight   
               [Eh]          [kcal/mol]          [Eh]            [Eh]         [Eh]           [Eh]           [kcal/mol]        % at 298.15 K     
CONF1       -10.500828          ---           -119.089738        ---          ---         -119.089738          0.00               99.53         
CONF2       -10.496599          ---           -119.084676        ---          ---         -119.084676          3.18                0.47         

Boltzmann averaged free energy/enthalpy of ensemble on input geometries (not DFT optimized):
temperature /K:   avE(T) /a.u.   avG(T) /a.u.
    298.15        -119.0897141    -119.0897141     <<==part1==
----------------------------------------------------------------------------------------------------


----------------------------------- SCREENING RANKING COMPARISON -----------------------------------

CONF#       ΔGtot prescreening       ΔGtot screening   
                [kcal/mol]             [kcal/mol]      
CONF1              0.00                   0.00         
CONF2              3.23                   3.18         
----------------------------------------------------------------------------------------------------



Number of conformers:         2
Highest ranked conformer:     CONF1


Ran screening in 2.45 seconds!

----------------------------------------------------------------------------------------------------
                                            OPTIMIZATION                                            
----------------------------------------------------------------------------------------------------
    
optcycles:                    8
maxcyc:                       200
threshold:                    1.5
hlow:                         0.01
gradthr:                      0.01
func:                         r2scan-3c
basis:                        def2-tzvp
prog:                         orca
sm:                           smd
gfnv:                         gfn2
optlevel:                     normal
run:                          True
macrocycles:                  True
crestcheck:                   True
template:                     False
constrain:                    False
xtb_opt:                      True


Optimization using macrocycles, 8 microcycles per step.
Running xtb_opt calculation for CONF1.
Running xtb_opt calculation for CONF2.
Running xtb_rrho calculation for CONF1.
Running xtb_rrho calculation for CONF2.
CONF1 converged after 3 steps.
CONF2 converged after 3 steps.

----------------------------------- OPTIMIZATION CYCLE 8 UPDATE ------------------------------------

CONF#          Gtot             ΔGtot          grad_norm       converged   
               [Eh]           [kcal/mol]        [Eh/a0]                    
CONF1       -119.012528          0.00          0.000299          True      
CONF2       -119.007933          2.88          0.000298          True      
----------------------------------------------------------------------------------------------------
Running xtb_rrho calculation for CONF1.
Running xtb_rrho calculation for CONF2.

--------------------------------------- OPTIMIZATION RESULTS ---------------------------------------

CONF#       E (DFT) (+ ΔGsolv)       ΔE (DFT) (+ δΔGsolv)       GmRRHO          Gtot             ΔGtot          Boltzmann weight   
                   [Eh]                   [kcal/mol]             [Eh]           [Eh]           [kcal/mol]        % at 298.15 K     
CONF1          -119.090147                   0.00                ---         -119.012528          0.00               99.52         
CONF2          -119.085110                   3.16                ---         -119.007490          3.16                0.48         

Boltzmann averaged free energy/enthalpy of ensemble on optimized geometries:
temperature /K:   avE(T) /a.u.   avG(T) /a.u.
    298.15        -119.0901230    -119.0125038     <<==part2==
----------------------------------------------------------------------------------------------------


--------------------------------------- OPTIMIZATION RESULTS ---------------------------------------

CONF#       E (DFT) (+ ΔGsolv)       ΔE (DFT) (+ δΔGsolv)       GmRRHO          Gtot             ΔGtot          Boltzmann weight   
                   [Eh]                   [kcal/mol]             [Eh]           [Eh]           [kcal/mol]        % at 298.15 K     
CONF1          -119.090147                   0.00                ---         -119.012528          0.00               99.52         
CONF2          -119.085110                   3.16                ---         -119.007490          3.16                0.48         

Boltzmann averaged free energy/enthalpy of ensemble on optimized geometries:
temperature /K:   avE(T) /a.u.   avG(T) /a.u.
    298.15        -119.0901230    -119.0125038     <<==part2==
----------------------------------------------------------------------------------------------------


--------------------------------- OPTIMIZATION RANKING COMPARISON ----------------------------------

CONF#       ΔGtot prescreening       ΔGtot screening       ΔGtot optimization   
                [kcal/mol]             [kcal/mol]              [kcal/mol]       
CONF1              0.00                   0.00                    0.00          
CONF2              3.23                   3.18                    3.16          
----------------------------------------------------------------------------------------------------



Number of conformers:         2
Highest ranked conformer:     CONF1


Ran optimization in 13.09 seconds!

----------------------------------------------------------------------------------------------------
                                             REFINEMENT                                             
----------------------------------------------------------------------------------------------------
    
threshold:                    0.95
func:                         wb97x-v
basis:                        def2-tzvp
prog:                         orca
sm:                           smd
gfnv:                         gfn2
run:                          True
implicit:                     False
template:                     False


Running sp calculation for CONF1.
Running sp calculation for CONF2.
No longer considering CONF1.

---------------------------- REFINEMENT SINGLE-POINT (+ mRRHO) RESULTS -----------------------------

CONF#         E (DFT)         ΔGsolv       GmRRHO          Gtot             ΔGtot          Boltzmann weight   
               [Eh]            [Eh]         [Eh]           [Eh]           [kcal/mol]        % at 298.15 K     
CONF2       -119.134153        ---          ---         -119.134153          0.00               100.00        

Boltzmann averaged free energy/enthalpy of ensemble (high level single-points):
temperature /K:   avE(T) /a.u.   avG(T) /a.u.
    298.15        -119.1341528    -119.1341528     <<==part3==
----------------------------------------------------------------------------------------------------


---------------------------------- REFINEMENT RANKING COMPARISON -----------------------------------

CONF#       ΔGtot prescreening       ΔGtot screening       ΔGtot optimization       ΔGtot refinement   
                [kcal/mol]             [kcal/mol]              [kcal/mol]              [kcal/mol]      
CONF2              0.00                   0.00                    0.00                    0.00         
----------------------------------------------------------------------------------------------------



Number of conformers:         1
Highest ranked conformer:     CONF2


Ran refinement in 15.63 seconds!

Ran CENSO in 00:00:32

CENSO all done!
