#========================================================================================
#                     Free energy perturbation    
#----------------------------------------------------------------------------------------
#forward/backward          λ              ΔΔA                 ΔA                  δε   
#                                                 
#----------------------------------------------------------------------------------------
forward:               0.0000              0.0000              0.0000              0.0000  
forward:               0.0500              1.4776              1.4776              0.0189  
forward:               0.1000              0.8736              2.3512              0.0236  
forward:               0.1500              0.4890              2.8402              0.0262  
forward:               0.2000              0.2819              3.1221              0.0277  
forward:               0.2500              0.1504              3.2724              0.0285  
forward:               0.3000              0.0830              3.3554              0.0292  
forward:               0.3500              0.0049              3.3603              0.0300  
forward:               0.4000             -0.0331              3.3272              0.0302  
forward:               0.4500             -0.0670              3.2602              0.0306  
forward:               0.5000             -0.0856              3.1746              0.0308  
forward:               0.5500             -0.1416              3.0330              0.0313  
forward:               0.6000             -0.2337              2.7993              0.0317  
forward:               0.6500             -0.3059              2.4934              0.0319  
forward:               0.7000             -0.3644              2.1290              0.0322  
forward:               0.7500             -0.4167              1.7122              0.0325  
forward:               0.8000             -0.4483              1.2639              0.0328  
forward:               0.8500             -0.4791              0.7848              0.0330  
forward:               0.9000             -0.5162              0.2686              0.0332  
forward:               0.9500             -0.5342             -0.2656              0.0334  
forward:               1.0000             -0.5462             -0.8118              0.0336  
backward:              1.0000              0.0000             -0.8118              0.0000  
backward:              0.9500              0.5520             -0.2597              0.0047  
backward:              0.9000              0.5273              0.2676              0.0063  
backward:              0.8500              0.5027              0.7703              0.0077  
backward:              0.8000              0.4770              1.2472              0.0089  
backward:              0.7500              0.4540              1.7012              0.0102  
backward:              0.7000              0.4055              2.1067              0.0117  
backward:              0.6500              0.3622              2.4689              0.0127  
backward:              0.6000              0.3075              2.7764              0.0138  
backward:              0.5500              0.2278              3.0042              0.0147  
backward:              0.5000              0.1494              3.1536              0.0158  
backward:              0.4500              0.0828              3.2364              0.0167  
backward:              0.4000              0.0541              3.2905              0.0178  
backward:              0.3500              0.0166              3.3071              0.0191  
backward:              0.3000             -0.0118              3.2953              0.0206  
backward:              0.2500             -0.0603              3.2350              0.0223  
backward:              0.2000             -0.1550              3.0800              0.0240  
backward:              0.1500             -0.2800              2.8000              0.0282  
backward:              0.1000             -0.5210              2.2790              0.0330  
backward:              0.0500             -0.9119              1.3671              0.0488  
backward:              0.0000             -1.5619             -0.1949              0.0688  
Inaccuracy estimation
======================================================================================================
                   i        i+δi          P0_overlap_P1   δε(forward)/ε   δε(backward)/ε
======================================================================================================
inaccuracy:  0.00000        0.05000           38.97           -0.04            1.53
inaccuracy:  0.05000        0.10000           47.42           -0.04            0.96
inaccuracy:  0.10000        0.15000           57.19           -0.03            0.56
inaccuracy:  0.15000        0.20000           61.17           -0.02            0.37
inaccuracy:  0.20000        0.25000           65.45           -0.03            0.24
inaccuracy:  0.25000        0.30000           66.73           -0.02            0.20
inaccuracy:  0.30000        0.35000           69.84           -0.02            0.16
inaccuracy:  0.35000        0.40000           72.16           -0.02            0.13
inaccuracy:  0.40000        0.45000           72.83           -0.02            0.12
inaccuracy:  0.45000        0.50000           72.26           -0.01            0.11
inaccuracy:  0.50000        0.55000           68.51           -0.04            0.13
inaccuracy:  0.55000        0.60000           70.39           -0.04            0.11
inaccuracy:  0.60000        0.65000           70.88           -0.04            0.10
inaccuracy:  0.65000        0.70000           71.42           -0.04            0.09
inaccuracy:  0.70000        0.75000           72.58           -0.05            0.08
inaccuracy:  0.75000        0.80000           71.26           -0.04            0.08
inaccuracy:  0.80000        0.85000           71.51           -0.05            0.08
inaccuracy:  0.85000        0.90000           72.16           -0.05            0.08
inaccuracy:  0.90000        0.95000           71.54           -0.05            0.07
inaccuracy:  0.95000        1.00000           69.89           -0.05            0.08
===================================================================================================================================
                BAR        
-----------------------------------------------------------------------------------------------------------------------------------
BAR-estimator:         λ             λ+δλ          ΔΔA             ΔA            C               Δδe            δe       
                          
-----------------------------------------------------------------------------------------------------------------------------------
BAR-estimator:      0.00000        0.05000        1.4883         1.4883         1.4883         0.0095         0.0095 
BAR-estimator:      0.05000        0.10000        0.8821         2.3704         0.8821         0.0079         0.0124 
BAR-estimator:      0.10000        0.15000        0.5090         2.8794         0.5090         0.0071         0.0143 
BAR-estimator:      0.15000        0.20000        0.2821         3.1615         0.2821         0.0057         0.0154 
BAR-estimator:      0.20000        0.25000        0.1498         3.3112         0.1498         0.0045         0.0160 
BAR-estimator:      0.25000        0.30000        0.0749         3.3862         0.0749         0.0043         0.0166 
BAR-estimator:      0.30000        0.35000        0.0081         3.3942         0.0081         0.0044         0.0172 
BAR-estimator:      0.35000        0.40000       -0.0288         3.3654        -0.0288         0.0040         0.0176 
BAR-estimator:      0.40000        0.45000       -0.0610         3.3044        -0.0610         0.0033         0.0179 
BAR-estimator:      0.45000        0.50000       -0.0850         3.2195        -0.0850         0.0029         0.0182 
BAR-estimator:      0.50000        0.55000       -0.1454         3.0741        -0.1454         0.0033         0.0185 
BAR-estimator:      0.55000        0.60000       -0.2306         2.8435        -0.2306         0.0035         0.0188 
BAR-estimator:      0.60000        0.65000       -0.3084         2.5351        -0.3084         0.0031         0.0191 
BAR-estimator:      0.65000        0.70000       -0.3616         2.1735        -0.3616         0.0032         0.0193 
BAR-estimator:      0.70000        0.75000       -0.4113         1.7622        -0.4113         0.0041         0.0198 
BAR-estimator:      0.75000        0.80000       -0.4499         1.3123        -0.4499         0.0028         0.0200 
BAR-estimator:      0.80000        0.85000       -0.4763         0.8359        -0.4763         0.0032         0.0202 
BAR-estimator:      0.85000        0.90000       -0.5093         0.3267        -0.5093         0.0035         0.0205 
BAR-estimator:      0.90000        0.95000       -0.5301        -0.2034        -0.5301         0.0024         0.0207 
BAR-estimator:      0.95000        1.00000       -0.5497        -0.7531        -0.5497         0.0031         0.0209 
BAR-estimator: total free energy change is -0.7530867927726917 , total error is 0.020903422202755147
