#========================================================================================
#                     Free energy perturbation    
#----------------------------------------------------------------------------------------
#forward/backward          λ              ΔΔA                 ΔA                  δε   
#                                                 
#----------------------------------------------------------------------------------------
forward:               0.0000              0.0000              0.0000              0.0000  
forward:               0.0500              0.9072              0.9072              0.0163  
forward:               0.1000              0.5817              1.4889              0.0204  
forward:               0.1500              0.4001              1.8890              0.0221  
forward:               0.2000              0.2633              2.1523              0.0237  
forward:               0.2500              0.1922              2.3445              0.0246  
forward:               0.3000              0.1346              2.4791              0.0253  
forward:               0.3500              0.1111              2.5902              0.0258  
forward:               0.4000              0.0805              2.6708              0.0263  
forward:               0.4500              0.0675              2.7383              0.0267  
forward:               0.5000              0.0366              2.7749              0.0272  
forward:               0.5500              0.0390              2.8138              0.0275  
forward:               0.6000              0.0243              2.8382              0.0278  
forward:               0.6500              0.0121              2.8503              0.0281  
forward:               0.7000              0.0020              2.8523              0.0283  
forward:               0.7500              0.0025              2.8548              0.0285  
forward:               0.8000             -0.0117              2.8430              0.0288  
forward:               0.8500             -0.0133              2.8297              0.0289  
forward:               0.9000             -0.0148              2.8149              0.0291  
forward:               0.9500             -0.0195              2.7954              0.0293  
forward:               1.0000             -0.0277              2.7676              0.0295  
backward:              1.0000              0.0000              2.7676              0.0000  
backward:              0.9500              0.0281              2.7958              0.0041  
backward:              0.9000              0.0196              2.8154              0.0058  
backward:              0.8500              0.0130              2.8284              0.0070  
backward:              0.8000              0.0076              2.8360              0.0083  
backward:              0.7500              0.0178              2.8538              0.0092  
backward:              0.7000             -0.0058              2.8479              0.0099  
backward:              0.6500             -0.0154              2.8325              0.0109  
backward:              0.6000             -0.0199              2.8127              0.0118  
backward:              0.5500             -0.0152              2.7975              0.0130  
backward:              0.5000             -0.0384              2.7591              0.0138  
backward:              0.4500             -0.0373              2.7218              0.0145  
backward:              0.4000             -0.0680              2.6538              0.0154  
backward:              0.3500             -0.0784              2.5755              0.0166  
backward:              0.3000             -0.0990              2.4765              0.0175  
backward:              0.2500             -0.1415              2.3350              0.0189  
backward:              0.2000             -0.2020              2.1330              0.0205  
backward:              0.1500             -0.2625              1.8705              0.0223  
backward:              0.1000             -0.3884              1.4821              0.0254  
backward:              0.0500             -0.5939              0.8882              0.0304  
backward:              0.0000             -0.9101             -0.0220              0.0379  
Inaccuracy estimation
======================================================================================================
                   i        i+δi          P0_overlap_P1   δε(forward)/ε   δε(backward)/ε
======================================================================================================
inaccuracy:  0.00000        0.05000           50.18           -0.02            0.81
inaccuracy:  0.05000        0.10000           58.35           -0.02            0.52
inaccuracy:  0.10000        0.15000           63.26           -0.01            0.33
inaccuracy:  0.15000        0.20000           68.69           -0.01            0.22
inaccuracy:  0.20000        0.25000           71.92           -0.01            0.17
inaccuracy:  0.25000        0.30000           73.56           -0.01            0.14
inaccuracy:  0.30000        0.35000           73.60           -0.01            0.13
inaccuracy:  0.35000        0.40000           74.63           -0.01            0.11
inaccuracy:  0.40000        0.45000           75.80           -0.01            0.11
inaccuracy:  0.45000        0.50000           76.58           -0.00            0.10
inaccuracy:  0.50000        0.55000           76.64           -0.01            0.09
inaccuracy:  0.55000        0.60000           75.88           -0.01            0.09
inaccuracy:  0.60000        0.65000           77.73           -0.01            0.09
inaccuracy:  0.65000        0.70000           77.60           -0.01            0.08
inaccuracy:  0.70000        0.75000           76.97           -0.01            0.09
inaccuracy:  0.75000        0.80000           76.28           -0.01            0.09
inaccuracy:  0.80000        0.85000           77.09           -0.01            0.08
inaccuracy:  0.85000        0.90000           77.05           -0.01            0.08
inaccuracy:  0.90000        0.95000           77.01           -0.01            0.08
inaccuracy:  0.95000        1.00000           76.37           -0.01            0.08
===================================================================================================================================
                BAR        
-----------------------------------------------------------------------------------------------------------------------------------
BAR-estimator:         λ             λ+δλ          ΔΔA             ΔA            C               Δδe            δe       
                          
-----------------------------------------------------------------------------------------------------------------------------------
BAR-estimator:      0.00000        0.05000        0.9141         0.9141         0.9141         0.0096         0.0096 
BAR-estimator:      0.05000        0.10000        0.5824         1.4965         0.5824         0.0080         0.0125 
BAR-estimator:      0.10000        0.15000        0.3920         1.8885         0.3920         0.0061         0.0139 
BAR-estimator:      0.15000        0.20000        0.2624         2.1509         0.2624         0.0052         0.0148 
BAR-estimator:      0.20000        0.25000        0.1947         2.3455         0.1947         0.0037         0.0153 
BAR-estimator:      0.25000        0.30000        0.1365         2.4821         0.1365         0.0039         0.0158 
BAR-estimator:      0.30000        0.35000        0.1063         2.5884         0.1063         0.0035         0.0162 
BAR-estimator:      0.35000        0.40000        0.0799         2.6683         0.0799         0.0034         0.0165 
BAR-estimator:      0.40000        0.45000        0.0691         2.7374         0.0691         0.0034         0.0169 
BAR-estimator:      0.45000        0.50000        0.0379         2.7753         0.0379         0.0035         0.0172 
BAR-estimator:      0.50000        0.55000        0.0394         2.8147         0.0394         0.0032         0.0175 
BAR-estimator:      0.55000        0.60000        0.0218         2.8365         0.0218         0.0029         0.0178 
BAR-estimator:      0.60000        0.65000        0.0161         2.8526         0.0161         0.0030         0.0180 
BAR-estimator:      0.65000        0.70000        0.0066         2.8592         0.0066         0.0020         0.0181 
BAR-estimator:      0.70000        0.75000        0.0047         2.8639         0.0047         0.0027         0.0183 
BAR-estimator:      0.75000        0.80000       -0.0136         2.8503        -0.0136         0.0029         0.0185 
BAR-estimator:      0.80000        0.85000       -0.0117         2.8386        -0.0117         0.0027         0.0187 
BAR-estimator:      0.85000        0.90000       -0.0130         2.8256        -0.0130         0.0028         0.0190 
BAR-estimator:      0.90000        0.95000       -0.0189         2.8066        -0.0189         0.0034         0.0193 
BAR-estimator:      0.95000        1.00000       -0.0289         2.7777        -0.0289         0.0028         0.0195 
BAR-estimator: total free energy change is 2.777688280377237 , total error is 0.01946860776591695
