#========================================================================================
#                     Free energy perturbation    
#----------------------------------------------------------------------------------------
#forward/backward          λ              ΔΔA                 ΔA                  δε   
#                                                 
#----------------------------------------------------------------------------------------
forward:               0.0000              0.0000              0.0000              0.0000  
forward:               0.0500              1.5867              1.5867              0.0286  
forward:               0.1000              0.8775              2.4642              0.0330  
forward:               0.1500              0.4682              2.9324              0.0358  
forward:               0.2000              0.2515              3.1839              0.0368  
forward:               0.2500              0.1174              3.3013              0.0373  
forward:               0.3000              0.0638              3.3651              0.0380  
forward:               0.3500              0.0085              3.3736              0.0384  
forward:               0.4000             -0.0228              3.3508              0.0387  
forward:               0.4500             -0.0481              3.3027              0.0390  
forward:               0.5000             -0.0808              3.2220              0.0392  
forward:               0.5500             -0.1996              3.0224              0.0399  
forward:               0.6000             -0.4884              2.5340              0.0405  
forward:               0.6500             -0.6920              1.8420              0.0413  
forward:               0.7000             -0.8781              0.9639              0.0419  
forward:               0.7500             -1.0166             -0.0528              0.0429  
forward:               0.8000             -1.0994             -1.1522              0.0434  
forward:               0.8500             -1.1117             -2.2639              0.0438  
forward:               0.9000             -1.1267             -3.3906              0.0441  
forward:               0.9500             -1.1105             -4.5012              0.0444  
forward:               1.0000             -1.1048             -5.6059              0.0447  
backward:              1.0000              0.0000             -5.6059              0.0000  
backward:              0.9500              1.1015             -4.5044              0.0069  
backward:              0.9000              1.1069             -3.3975              0.0096  
backward:              0.8500              1.1267             -2.2707              0.0113  
backward:              0.8000              1.0983             -1.1724              0.0145  
backward:              0.7500              1.0946             -0.0778              0.0161  
backward:              0.7000              1.0155              0.9377              0.0177  
backward:              0.6500              0.8848              1.8225              0.0194  
backward:              0.6000              0.7020              2.5244              0.0212  
backward:              0.5500              0.4749              2.9993              0.0225  
backward:              0.5000              0.2173              3.2165              0.0239  
backward:              0.4500              0.0701              3.2866              0.0243  
backward:              0.4000              0.0384              3.3250              0.0249  
backward:              0.3500              0.0162              3.3411              0.0254  
backward:              0.3000             -0.0107              3.3304              0.0262  
backward:              0.2500             -0.0610              3.2693              0.0271  
backward:              0.2000             -0.1287              3.1407              0.0282  
backward:              0.1500             -0.2397              2.9010              0.0305  
backward:              0.1000             -0.4725              2.4285              0.0321  
backward:              0.0500             -0.9060              1.5225              0.0474  
backward:              0.0000             -1.5774             -0.0549              0.0629  
Inaccuracy estimation
======================================================================================================
                   i        i+δi          P0_overlap_P1   δε(forward)/ε   δε(backward)/ε
======================================================================================================
inaccuracy:  0.00000        0.05000           37.09           -0.03            1.66
inaccuracy:  0.05000        0.10000           46.94           -0.03            1.00
inaccuracy:  0.10000        0.15000           57.73           -0.02            0.52
inaccuracy:  0.15000        0.20000           63.98           -0.02            0.30
inaccuracy:  0.20000        0.25000           70.42           -0.01            0.19
inaccuracy:  0.25000        0.30000           70.86           -0.01            0.15
inaccuracy:  0.30000        0.35000           73.60           -0.01            0.13
inaccuracy:  0.35000        0.40000           74.35           -0.01            0.11
inaccuracy:  0.40000        0.45000           75.24           -0.01            0.10
inaccuracy:  0.45000        0.50000           76.77           -0.01            0.09
inaccuracy:  0.50000        0.55000           63.72           -0.10            0.17
inaccuracy:  0.55000        0.60000           66.40           -0.10            0.10
inaccuracy:  0.60000        0.65000           65.54           -0.12            0.07
inaccuracy:  0.65000        0.70000           65.35           -0.14            0.05
inaccuracy:  0.70000        0.75000           66.41           -0.11            0.04
inaccuracy:  0.75000        0.80000           67.18           -0.12            0.03
inaccuracy:  0.80000        0.85000           66.91           -0.13            0.04
inaccuracy:  0.85000        0.90000           66.53           -0.11            0.05
inaccuracy:  0.90000        0.95000           65.65           -0.12            0.05
inaccuracy:  0.95000        1.00000           65.11           -0.10            0.06
===================================================================================================================================
                BAR        
-----------------------------------------------------------------------------------------------------------------------------------
BAR-estimator:         λ             λ+δλ          ΔΔA             ΔA            C               Δδe            δe       
                          
-----------------------------------------------------------------------------------------------------------------------------------
BAR-estimator:      0.00000        0.05000        1.5892         1.5892         1.5892         0.0143         0.0143 
BAR-estimator:      0.05000        0.10000        0.8819         2.4712         0.8819         0.0093         0.0171 
BAR-estimator:      0.10000        0.15000        0.4711         2.9423         0.4711         0.0091         0.0193 
BAR-estimator:      0.15000        0.20000        0.2445         3.1868         0.2445         0.0057         0.0201 
BAR-estimator:      0.20000        0.25000        0.1251         3.3118         0.1251         0.0046         0.0207 
BAR-estimator:      0.25000        0.30000        0.0638         3.3756         0.0638         0.0044         0.0211 
BAR-estimator:      0.30000        0.35000        0.0120         3.3876         0.0120         0.0041         0.0215 
BAR-estimator:      0.35000        0.40000       -0.0204         3.3671        -0.0204         0.0037         0.0218 
BAR-estimator:      0.40000        0.45000       -0.0412         3.3259        -0.0412         0.0035         0.0221 
BAR-estimator:      0.45000        0.50000       -0.0757         3.2502        -0.0757         0.0033         0.0224 
BAR-estimator:      0.50000        0.55000       -0.2071         3.0431        -0.2071         0.0044         0.0228 
BAR-estimator:      0.55000        0.60000       -0.4792         2.5638        -0.4792         0.0042         0.0232 
BAR-estimator:      0.60000        0.65000       -0.6939         1.8699        -0.6939         0.0043         0.0236 
BAR-estimator:      0.65000        0.70000       -0.8832         0.9867        -0.8832         0.0046         0.0240 
BAR-estimator:      0.70000        0.75000       -1.0147        -0.0280        -1.0147         0.0050         0.0245 
BAR-estimator:      0.75000        0.80000       -1.0945        -1.1225        -1.0945         0.0044         0.0249 
BAR-estimator:      0.80000        0.85000       -1.1113        -2.2338        -1.1113         0.0042         0.0253 
BAR-estimator:      0.85000        0.90000       -1.1243        -3.3581        -1.1243         0.0044         0.0256 
BAR-estimator:      0.90000        0.95000       -1.1120        -4.4700        -1.1120         0.0040         0.0259 
BAR-estimator:      0.95000        1.00000       -1.1010        -5.5711        -1.1010         0.0044         0.0263 
BAR-estimator: total free energy change is -5.571069424593604 , total error is 0.026315839601727942
