#========================================================================================
#                     Free energy perturbation    
#----------------------------------------------------------------------------------------
#forward/backward          λ              ΔΔA                 ΔA                  δε   
#                                                 
#----------------------------------------------------------------------------------------
forward:               0.0000              0.0000              0.0000              0.0000  
forward:               0.0500              1.6935              1.6935              0.0187  
forward:               0.1000              0.8840              2.5776              0.0241  
forward:               0.1500              0.4684              3.0459              0.0261  
forward:               0.2000              0.2386              3.2845              0.0273  
forward:               0.2500              0.1175              3.4020              0.0279  
forward:               0.3000              0.0538              3.4559              0.0284  
forward:               0.3500              0.0002              3.4561              0.0288  
forward:               0.4000             -0.0406              3.4154              0.0291  
forward:               0.4500             -0.0643              3.3511              0.0294  
forward:               0.5000             -0.0768              3.2743              0.0296  
forward:               0.5500             -0.1831              3.0912              0.0301  
forward:               0.6000             -0.3552              2.7360              0.0304  
forward:               0.6500             -0.4794              2.2566              0.0307  
forward:               0.7000             -0.5818              1.6748              0.0311  
forward:               0.7500             -0.6573              1.0175              0.0315  
forward:               0.8000             -0.6966              0.3209              0.0318  
forward:               0.8500             -0.7351             -0.4143              0.0349  
forward:               0.9000             -0.7390             -1.1533              0.0357  
forward:               0.9500             -0.7643             -1.9175              0.0421  
forward:               1.0000             -0.8610             -2.7786              0.0511  
backward:              1.0000              0.0000             -2.7786              0.0000  
backward:              0.9500              0.8260             -1.9526              0.0057  
backward:              0.9000              0.8387             -1.1139              0.0253  
backward:              0.8500              0.7393             -0.3746              0.0269  
backward:              0.8000              0.7094              0.3348              0.0278  
backward:              0.7500              0.6947              1.0295              0.0284  
backward:              0.7000              0.6550              1.6844              0.0287  
backward:              0.6500              0.5804              2.2649              0.0292  
backward:              0.6000              0.4787              2.7436              0.0296  
backward:              0.5500              0.3415              3.0851              0.0300  
backward:              0.5000              0.1865              3.2716              0.0305  
backward:              0.4500              0.0867              3.3582              0.0309  
backward:              0.4000              0.0610              3.4193              0.0312  
backward:              0.3500              0.0315              3.4508              0.0316  
backward:              0.3000             -0.0029              3.4479              0.0326  
backward:              0.2500             -0.0482              3.3998              0.0336  
backward:              0.2000             -0.1250              3.2747              0.0344  
backward:              0.1500             -0.2391              3.0356              0.0356  
backward:              0.1000             -0.4380              2.5976              0.0378  
backward:              0.0500             -0.9022              1.6954              0.0463  
backward:              0.0000             -1.6533              0.0421              0.0605  
Inaccuracy estimation
======================================================================================================
                   i        i+δi          P0_overlap_P1   δε(forward)/ε   δε(backward)/ε
======================================================================================================
inaccuracy:  0.00000        0.05000           35.08           -0.03            1.87
inaccuracy:  0.05000        0.10000           46.81           -0.03            1.03
inaccuracy:  0.10000        0.15000           56.72           -0.01            0.53
inaccuracy:  0.15000        0.20000           65.29           -0.01            0.28
inaccuracy:  0.20000        0.25000           70.32           -0.01            0.19
inaccuracy:  0.25000        0.30000           71.27           -0.01            0.15
inaccuracy:  0.30000        0.35000           73.74           -0.01            0.12
inaccuracy:  0.35000        0.40000           75.64           -0.01            0.09
inaccuracy:  0.40000        0.45000           75.47           -0.01            0.09
inaccuracy:  0.45000        0.50000           74.57           -0.02            0.09
inaccuracy:  0.50000        0.55000           68.57           -0.05            0.12
inaccuracy:  0.55000        0.60000           71.39           -0.06            0.08
inaccuracy:  0.60000        0.65000           70.98           -0.08            0.07
inaccuracy:  0.65000        0.70000           71.20           -0.08            0.06
inaccuracy:  0.70000        0.75000           71.33           -0.07            0.05
inaccuracy:  0.75000        0.80000           70.93           -0.07            0.05
inaccuracy:  0.80000        0.85000           71.50           -0.06            0.06
inaccuracy:  0.85000        0.90000           69.49           -0.10            0.06
inaccuracy:  0.90000        0.95000           62.12           -0.23            0.07
inaccuracy:  0.95000        1.00000           67.04           -0.14            0.07
===================================================================================================================================
                BAR        
-----------------------------------------------------------------------------------------------------------------------------------
BAR-estimator:         λ             λ+δλ          ΔΔA             ΔA            C               Δδe            δe       
                          
-----------------------------------------------------------------------------------------------------------------------------------
BAR-estimator:      0.00000        0.05000        1.6763         1.6763         1.6763         0.0371         0.0371 
BAR-estimator:      0.05000        0.10000        0.8963         2.5725         0.8963         0.0211         0.0427 
BAR-estimator:      0.10000        0.15000        0.4606         3.0331         0.4606         0.0086         0.0436 
BAR-estimator:      0.15000        0.20000        0.2390         3.2721         0.2390         0.0057         0.0439 
BAR-estimator:      0.20000        0.25000        0.1220         3.3942         0.1220         0.0041         0.0441 
BAR-estimator:      0.25000        0.30000        0.0515         3.4456         0.0515         0.0038         0.0443 
BAR-estimator:      0.30000        0.35000        0.0001         3.4457         0.0001         0.0033         0.0444 
BAR-estimator:      0.35000        0.40000       -0.0364         3.4093        -0.0364         0.0028         0.0445 
BAR-estimator:      0.40000        0.45000       -0.0626         3.3466        -0.0626         0.0027         0.0446 
BAR-estimator:      0.45000        0.50000       -0.0812         3.2655        -0.0812         0.0027         0.0447 
BAR-estimator:      0.50000        0.55000       -0.1849         3.0806        -0.1849         0.0035         0.0448 
BAR-estimator:      0.55000        0.60000       -0.3485         2.7320        -0.3485         0.0031         0.0449 
BAR-estimator:      0.60000        0.65000       -0.4800         2.2521        -0.4800         0.0029         0.0450 
BAR-estimator:      0.65000        0.70000       -0.5803         1.6717        -0.5803         0.0034         0.0451 
BAR-estimator:      0.70000        0.75000       -0.6542         1.0175        -0.6542         0.0032         0.0453 
BAR-estimator:      0.75000        0.80000       -0.6963         0.3212        -0.6963         0.0032         0.0454 
BAR-estimator:      0.80000        0.85000       -0.7201        -0.3989        -0.7201         0.0057         0.0457 
BAR-estimator:      0.85000        0.90000       -0.7378        -1.1367        -0.7378         0.0039         0.0459 
BAR-estimator:      0.90000        0.95000       -0.8140        -1.9507        -0.8140         0.0092         0.0468 
BAR-estimator:      0.95000        1.00000       -0.8409        -2.7915        -0.8409         0.0127         0.0485 
BAR-estimator: total free energy change is -2.7915174899851896 , total error is 0.04849818548595538
