#========================================================================================
#                     Free energy perturbation    
#----------------------------------------------------------------------------------------
#forward/backward          λ              ΔΔA                 ΔA                  δε   
#                                                 
#----------------------------------------------------------------------------------------
forward:               0.0000              0.0000              0.0000              0.0000  
forward:               0.0500              0.9863              0.9863              0.0134  
forward:               0.1000              0.5139              1.5002              0.0158  
forward:               0.1500              0.2959              1.7961              0.0179  
forward:               0.2000              0.1629              1.9590              0.0189  
forward:               0.2500              0.0886              2.0476              0.0198  
forward:               0.3000              0.0351              2.0827              0.0203  
forward:               0.3500              0.0148              2.0974              0.0207  
forward:               0.4000             -0.0166              2.0809              0.0211  
forward:               0.4500             -0.0309              2.0499              0.0213  
forward:               0.5000             -0.0484              2.0015              0.0216  
forward:               0.5500             -0.2710              1.7305              0.0224  
forward:               0.6000             -0.6100              1.1205              0.0231  
forward:               0.6500             -0.9541              0.1664              0.0242  
forward:               0.7000             -1.2119             -1.0455              0.0251  
forward:               0.7500             -1.4013             -2.4468              0.0257  
forward:               0.8000             -1.4805             -3.9273              0.0257  
forward:               0.8500             -1.5433             -5.4706              0.0263  
forward:               0.9000             -1.5638             -7.0344              0.0268  
forward:               0.9500             -1.5742             -8.6086              0.0273  
forward:               1.0000             -1.5940            -10.2026              0.0278  
backward:              1.0000              0.0000            -10.2026              0.0000  
backward:              0.9500              1.5914             -8.6112              0.0076  
backward:              0.9000              1.5762             -7.0350              0.0107  
backward:              0.8500              1.5633             -5.4717              0.0129  
backward:              0.8000              1.5545             -3.9173              0.0146  
backward:              0.7500              1.4740             -2.4433              0.0160  
backward:              0.7000              1.3976             -1.0456              0.0174  
backward:              0.6500              1.2053              0.1597              0.0188  
backward:              0.6000              0.9459              1.1056              0.0203  
backward:              0.5500              0.6074              1.7130              0.0211  
backward:              0.5000              0.2783              1.9913              0.0219  
backward:              0.4500              0.0464              2.0378              0.0223  
backward:              0.4000              0.0323              2.0701              0.0228  
backward:              0.3500              0.0104              2.0805              0.0233  
backward:              0.3000             -0.0151              2.0654              0.0242  
backward:              0.2500             -0.0410              2.0245              0.0250  
backward:              0.2000             -0.0939              1.9306              0.0259  
backward:              0.1500             -0.1606              1.7700              0.0271  
backward:              0.1000             -0.2820              1.4880              0.0290  
backward:              0.0500             -0.4962              0.9918              0.0328  
backward:              0.0000             -0.9971             -0.0053              0.0536  
Inaccuracy estimation
======================================================================================================
                   i        i+δi          P0_overlap_P1   δε(forward)/ε   δε(backward)/ε
======================================================================================================
inaccuracy:  0.00000        0.05000           45.26           -0.03            1.16
inaccuracy:  0.05000        0.10000           56.49           -0.02            0.57
inaccuracy:  0.10000        0.15000           64.14           -0.01            0.29
inaccuracy:  0.15000        0.20000           69.49           -0.00            0.20
inaccuracy:  0.20000        0.25000           73.02           -0.01            0.14
inaccuracy:  0.25000        0.30000           74.89           -0.01            0.12
inaccuracy:  0.30000        0.35000           75.36           -0.01            0.10
inaccuracy:  0.35000        0.40000           76.47           -0.01            0.09
inaccuracy:  0.40000        0.45000           76.37           -0.01            0.09
inaccuracy:  0.45000        0.50000           77.52           -0.01            0.09
inaccuracy:  0.50000        0.55000           63.33           -0.12            0.14
inaccuracy:  0.55000        0.60000           63.94           -0.16            0.09
inaccuracy:  0.60000        0.65000           63.45           -0.16            0.06
inaccuracy:  0.65000        0.70000           63.09           -0.18            0.03
inaccuracy:  0.70000        0.75000           64.56           -0.17            0.01
inaccuracy:  0.75000        0.80000           64.85           -0.15           -0.00
inaccuracy:  0.80000        0.85000           63.25           -0.17           -0.00
inaccuracy:  0.85000        0.90000           62.87           -0.20            0.00
inaccuracy:  0.90000        0.95000           62.25           -0.19            0.00
inaccuracy:  0.95000        1.00000           61.73           -0.16            0.01
===================================================================================================================================
                BAR        
-----------------------------------------------------------------------------------------------------------------------------------
BAR-estimator:         λ             λ+δλ          ΔΔA             ΔA            C               Δδe            δe       
                          
-----------------------------------------------------------------------------------------------------------------------------------
BAR-estimator:      0.00000        0.05000        0.9797         0.9797         0.9797         0.0083         0.0083 
BAR-estimator:      0.05000        0.10000        0.5117         1.4914         0.5117         0.0059         0.0102 
BAR-estimator:      0.10000        0.15000        0.2885         1.7798         0.2885         0.0053         0.0115 
BAR-estimator:      0.15000        0.20000        0.1619         1.9418         0.1619         0.0036         0.0120 
BAR-estimator:      0.20000        0.25000        0.0885         2.0302         0.0885         0.0037         0.0126 
BAR-estimator:      0.25000        0.30000        0.0381         2.0683         0.0381         0.0032         0.0130 
BAR-estimator:      0.30000        0.35000        0.0140         2.0823         0.0140         0.0026         0.0133 
BAR-estimator:      0.35000        0.40000       -0.0157         2.0666        -0.0157         0.0030         0.0136 
BAR-estimator:      0.40000        0.45000       -0.0315         2.0351        -0.0315         0.0022         0.0138 
BAR-estimator:      0.45000        0.50000       -0.0462         1.9889        -0.0462         0.0025         0.0140 
BAR-estimator:      0.50000        0.55000       -0.2699         1.7190        -0.2699         0.0036         0.0145 
BAR-estimator:      0.55000        0.60000       -0.6087         1.1103        -0.6087         0.0037         0.0149 
BAR-estimator:      0.60000        0.65000       -0.9401         0.1702        -0.9401         0.0041         0.0155 
BAR-estimator:      0.65000        0.70000       -1.2103        -1.0401        -1.2103         0.0045         0.0161 
BAR-estimator:      0.70000        0.75000       -1.3977        -2.4378        -1.3977         0.0040         0.0166 
BAR-estimator:      0.75000        0.80000       -1.4802        -3.9181        -1.4802         0.0039         0.0171 
BAR-estimator:      0.80000        0.85000       -1.5431        -5.4612        -1.5431         0.0040         0.0175 
BAR-estimator:      0.85000        0.90000       -1.5661        -7.0273        -1.5661         0.0042         0.0180 
BAR-estimator:      0.90000        0.95000       -1.5758        -8.6031        -1.5758         0.0041         0.0185 
BAR-estimator:      0.95000        1.00000       -1.5933       -10.1964        -1.5933         0.0037         0.0189 
BAR-estimator: total free energy change is -10.19635165176074 , total error is 0.01885737949526147
