#========================================================================================
#                     Free energy perturbation    
#----------------------------------------------------------------------------------------
#forward/backward          λ              ΔΔA                 ΔA                  δε   
#                                                 
#----------------------------------------------------------------------------------------
forward:               0.0000              0.0000              0.0000              0.0000  
forward:               0.0500              1.1791              1.1791              0.0244  
forward:               0.1000              0.6573              1.8364              0.0277  
forward:               0.1500              0.3811              2.2174              0.0286  
forward:               0.2000              0.2144              2.4319              0.0295  
forward:               0.2500              0.1387              2.5706              0.0301  
forward:               0.3000              0.0949              2.6655              0.0306  
forward:               0.3500              0.0501              2.7155              0.0310  
forward:               0.4000              0.0208              2.7363              0.0313  
forward:               0.4500              0.0091              2.7455              0.0316  
forward:               0.5000             -0.0172              2.7283              0.0318  
forward:               0.5500             -0.0336              2.6947              0.0322  
forward:               0.6000             -0.1422              2.5524              0.0325  
forward:               0.6500             -0.2084              2.3441              0.0328  
forward:               0.7000             -0.2835              2.0605              0.0331  
forward:               0.7500             -0.3499              1.7106              0.0335  
forward:               0.8000             -0.3936              1.3171              0.0339  
forward:               0.8500             -0.4184              0.8986              0.0341  
forward:               0.9000             -0.4649              0.4338              0.0344  
forward:               0.9500             -0.4843             -0.0505              0.0346  
forward:               1.0000             -0.4943             -0.5448              0.0349  
backward:              1.0000              0.0000             -0.5448              0.0000  
backward:              0.9500              0.4964             -0.0484              0.0050  
backward:              0.9000              0.4744              0.4260              0.0070  
backward:              0.8500              0.4636              0.8896              0.0086  
backward:              0.8000              0.4311              1.3207              0.0099  
backward:              0.7500              0.3966              1.7172              0.0114  
backward:              0.7000              0.3373              2.0546              0.0124  
backward:              0.6500              0.2901              2.3447              0.0133  
backward:              0.6000              0.2143              2.5590              0.0142  
backward:              0.5500              0.1402              2.6992              0.0154  
backward:              0.5000              0.0408              2.7400              0.0163  
backward:              0.4500              0.0130              2.7530              0.0170  
backward:              0.4000             -0.0127              2.7403              0.0176  
backward:              0.3500             -0.0195              2.7208              0.0183  
backward:              0.3000             -0.0514              2.6694              0.0193  
backward:              0.2500             -0.0933              2.5761              0.0205  
backward:              0.2000             -0.1211              2.4550              0.0216  
backward:              0.1500             -0.2172              2.2378              0.0237  
backward:              0.1000             -0.3589              1.8789              0.0263  
backward:              0.0500             -0.6629              1.2160              0.0353  
backward:              0.0000             -1.1952              0.0208              0.0440  
Inaccuracy estimation
======================================================================================================
                   i        i+δi          P0_overlap_P1   δε(forward)/ε   δε(backward)/ε
======================================================================================================
inaccuracy:  0.00000        0.05000           43.95           -0.02            1.06
inaccuracy:  0.05000        0.10000           54.04           -0.02            0.72
inaccuracy:  0.10000        0.15000           62.55           -0.02            0.37
inaccuracy:  0.15000        0.20000           70.19           -0.01            0.20
inaccuracy:  0.20000        0.25000           71.16           -0.01            0.16
inaccuracy:  0.25000        0.30000           72.81           -0.01            0.13
inaccuracy:  0.30000        0.35000           75.72           -0.01            0.10
inaccuracy:  0.35000        0.40000           76.32           -0.01            0.10
inaccuracy:  0.40000        0.45000           77.43           -0.01            0.09
inaccuracy:  0.45000        0.50000           78.78           -0.01            0.09
inaccuracy:  0.50000        0.55000           72.22           -0.03            0.11
inaccuracy:  0.55000        0.60000           73.90           -0.03            0.08
inaccuracy:  0.60000        0.65000           73.38           -0.04            0.08
inaccuracy:  0.65000        0.70000           74.06           -0.04            0.07
inaccuracy:  0.70000        0.75000           75.85           -0.04            0.06
inaccuracy:  0.75000        0.80000           74.32           -0.04            0.06
inaccuracy:  0.80000        0.85000           73.27           -0.05            0.06
inaccuracy:  0.85000        0.90000           74.26           -0.04            0.06
inaccuracy:  0.90000        0.95000           75.05           -0.03            0.06
inaccuracy:  0.95000        1.00000           74.26           -0.04            0.06
===================================================================================================================================
                BAR        
-----------------------------------------------------------------------------------------------------------------------------------
BAR-estimator:         λ             λ+δλ          ΔΔA             ΔA            C               Δδe            δe       
                          
-----------------------------------------------------------------------------------------------------------------------------------
BAR-estimator:      0.00000        0.05000        1.1852         1.1852         1.1852         0.0115         0.0115 
BAR-estimator:      0.05000        0.10000        0.6573         1.8425         0.6573         0.0085         0.0143 
BAR-estimator:      0.10000        0.15000        0.3692         2.2117         0.3692         0.0052         0.0152 
BAR-estimator:      0.15000        0.20000        0.2164         2.4281         0.2164         0.0047         0.0160 
BAR-estimator:      0.20000        0.25000        0.1312         2.5592         0.1312         0.0042         0.0165 
BAR-estimator:      0.25000        0.30000        0.0927         2.6520         0.0927         0.0038         0.0169 
BAR-estimator:      0.30000        0.35000        0.0509         2.7029         0.0509         0.0036         0.0173 
BAR-estimator:      0.35000        0.40000        0.0205         2.7234         0.0205         0.0032         0.0176 
BAR-estimator:      0.40000        0.45000        0.0101         2.7334         0.0101         0.0029         0.0179 
BAR-estimator:      0.45000        0.50000       -0.0148         2.7186        -0.0148         0.0028         0.0181 
BAR-estimator:      0.50000        0.55000       -0.0339         2.6847        -0.0339         0.0037         0.0185 
BAR-estimator:      0.55000        0.60000       -0.1417         2.5431        -0.1417         0.0030         0.0187 
BAR-estimator:      0.60000        0.65000       -0.2123         2.3308        -0.2123         0.0036         0.0190 
BAR-estimator:      0.65000        0.70000       -0.2854         2.0453        -0.2854         0.0032         0.0193 
BAR-estimator:      0.70000        0.75000       -0.3427         1.7026        -0.3427         0.0038         0.0197 
BAR-estimator:      0.75000        0.80000       -0.3932         1.3094        -0.3932         0.0033         0.0199 
BAR-estimator:      0.80000        0.85000       -0.4238         0.8856        -0.4238         0.0032         0.0202 
BAR-estimator:      0.85000        0.90000       -0.4645         0.4211        -0.4645         0.0033         0.0205 
BAR-estimator:      0.90000        0.95000       -0.4785        -0.0574        -0.4785         0.0026         0.0206 
BAR-estimator:      0.95000        1.00000       -0.4934        -0.5508        -0.4934         0.0036         0.0209 
BAR-estimator: total free energy change is -0.5507713501774332 , total error is 0.020949116401999986
