#========================================================================================
#                     Free energy perturbation    
#----------------------------------------------------------------------------------------
#forward/backward          λ              ΔΔA                 ΔA                  δε   
#                                                 
#----------------------------------------------------------------------------------------
forward:               0.0000              0.0000              0.0000              0.0000  
forward:               0.0500              1.4288              1.4288              0.0191  
forward:               0.1000              0.7347              2.1635              0.0239  
forward:               0.1500              0.3373              2.5008              0.0259  
forward:               0.2000              0.1661              2.6670              0.0269  
forward:               0.2500              0.0657              2.7326              0.0280  
forward:               0.3000             -0.0056              2.7271              0.0284  
forward:               0.3500             -0.0386              2.6885              0.0288  
forward:               0.4000             -0.0764              2.6121              0.0291  
forward:               0.4500             -0.0942              2.5179              0.0295  
forward:               0.5000             -0.1068              2.4111              0.0298  
forward:               0.5500             -0.2160              2.1951              0.0303  
forward:               0.6000             -0.4748              1.7203              0.0311  
forward:               0.6500             -0.8115              0.9088              0.0333  
forward:               0.7000             -1.1466             -0.2378              0.0345  
forward:               0.7500             -1.3341             -1.5719              0.0355  
forward:               0.8000             -1.3583             -2.9303              0.0366  
forward:               0.8500             -1.2959             -4.2262              0.0369  
forward:               0.9000             -1.1884             -5.4146              0.0372  
forward:               0.9500             -1.1009             -6.5155              0.0374  
forward:               1.0000             -1.0090             -7.5245              0.0376  
backward:              1.0000              0.0000             -7.5245              0.0000  
backward:              0.9500              0.9965             -6.5279              0.0088  
backward:              0.9000              1.0831             -5.4448              0.0107  
backward:              0.8500              1.1949             -4.2499              0.0124  
backward:              0.8000              1.2958             -2.9541              0.0143  
backward:              0.7500              1.3516             -1.6025              0.0170  
backward:              0.7000              1.3196             -0.2829              0.0200  
backward:              0.6500              1.1571              0.8741              0.0228  
backward:              0.6000              0.8069              1.6810              0.0248  
backward:              0.5500              0.4682              2.1492              0.0260  
backward:              0.5000              0.2346              2.3838              0.0267  
backward:              0.4500              0.1108              2.4946              0.0271  
backward:              0.4000              0.0832              2.5777              0.0276  
backward:              0.3500              0.0629              2.6406              0.0281  
backward:              0.3000              0.0431              2.6837              0.0288  
backward:              0.2500             -0.0025              2.6812              0.0301  
backward:              0.2000             -0.0589              2.6222              0.0310  
backward:              0.1500             -0.1661              2.4561              0.0331  
backward:              0.1000             -0.3423              2.1138              0.0360  
backward:              0.0500             -0.7502              1.3636              0.0440  
backward:              0.0000             -1.5000             -0.1364              0.0749  
Inaccuracy estimation
======================================================================================================
                   i        i+δi          P0_overlap_P1   δε(forward)/ε   δε(backward)/ε
======================================================================================================
inaccuracy:  0.00000        0.05000           38.65           -0.05            1.46
inaccuracy:  0.05000        0.10000           48.55           -0.03            0.90
inaccuracy:  0.10000        0.15000           59.81           -0.01            0.46
inaccuracy:  0.15000        0.20000           64.60           -0.02            0.26
inaccuracy:  0.20000        0.25000           69.20           -0.02            0.18
inaccuracy:  0.25000        0.30000           72.10           -0.01            0.14
inaccuracy:  0.30000        0.35000           72.71           -0.01            0.13
inaccuracy:  0.35000        0.40000           74.40           -0.01            0.10
inaccuracy:  0.40000        0.45000           75.09           -0.01            0.11
inaccuracy:  0.45000        0.50000           75.01           -0.01            0.10
inaccuracy:  0.50000        0.55000           65.24           -0.10            0.14
inaccuracy:  0.55000        0.60000           64.29           -0.17            0.10
inaccuracy:  0.60000        0.65000           60.20           -0.21            0.08
inaccuracy:  0.65000        0.70000           59.33           -0.19            0.05
inaccuracy:  0.70000        0.75000           63.42           -0.17            0.02
inaccuracy:  0.75000        0.80000           65.73           -0.12            0.02
inaccuracy:  0.80000        0.85000           65.02           -0.12            0.03
inaccuracy:  0.85000        0.90000           64.65           -0.11            0.05
inaccuracy:  0.90000        0.95000           65.19           -0.09            0.06
inaccuracy:  0.95000        1.00000           63.66           -0.09            0.09
===================================================================================================================================
                BAR        
-----------------------------------------------------------------------------------------------------------------------------------
BAR-estimator:         λ             λ+δλ          ΔΔA             ΔA            C               Δδe            δe       
                          
-----------------------------------------------------------------------------------------------------------------------------------
BAR-estimator:      0.00000        0.05000        1.4366         1.4366         1.4366         0.0088         0.0088 
BAR-estimator:      0.05000        0.10000        0.7388         2.1754         0.7388         0.0071         0.0113 
BAR-estimator:      0.10000        0.15000        0.3408         2.5162         0.3408         0.0068         0.0132 
BAR-estimator:      0.15000        0.20000        0.1599         2.6761         0.1599         0.0053         0.0143 
BAR-estimator:      0.20000        0.25000        0.0629         2.7390         0.0629         0.0046         0.0150 
BAR-estimator:      0.25000        0.30000       -0.0027         2.7363        -0.0027         0.0041         0.0155 
BAR-estimator:      0.30000        0.35000       -0.0399         2.6965        -0.0399         0.0040         0.0160 
BAR-estimator:      0.35000        0.40000       -0.0727         2.6238        -0.0727         0.0035         0.0164 
BAR-estimator:      0.40000        0.45000       -0.0908         2.5330        -0.0908         0.0031         0.0167 
BAR-estimator:      0.45000        0.50000       -0.1063         2.4267        -0.1063         0.0028         0.0169 
BAR-estimator:      0.50000        0.55000       -0.2222         2.2046        -0.2222         0.0039         0.0174 
BAR-estimator:      0.55000        0.60000       -0.4764         1.7281        -0.4764         0.0039         0.0178 
BAR-estimator:      0.60000        0.65000       -0.8099         0.9183        -0.8099         0.0055         0.0186 
BAR-estimator:      0.65000        0.70000       -1.1508        -0.2326        -1.1508         0.0051         0.0193 
BAR-estimator:      0.70000        0.75000       -1.3295        -1.5621        -1.3295         0.0051         0.0200 
BAR-estimator:      0.75000        0.80000       -1.3554        -2.9175        -1.3554         0.0040         0.0204 
BAR-estimator:      0.80000        0.85000       -1.2970        -4.2145        -1.2970         0.0037         0.0207 
BAR-estimator:      0.85000        0.90000       -1.1893        -5.4037        -1.1893         0.0040         0.0211 
BAR-estimator:      0.90000        0.95000       -1.0944        -6.4981        -1.0944         0.0037         0.0214 
BAR-estimator:      0.95000        1.00000       -1.0060        -7.5041        -1.0060         0.0039         0.0218 
BAR-estimator: total free energy change is -7.504133938883185 , total error is 0.021777228567845867
