#========================================================================================
#                     Free energy perturbation    
#----------------------------------------------------------------------------------------
#forward/backward          λ              ΔΔA                 ΔA                  δε   
#                                                 
#----------------------------------------------------------------------------------------
forward:               0.0000              0.0000              0.0000              0.0000  
forward:               0.0500              1.4231              1.4231              0.0164  
forward:               0.1000              0.7844              2.2075              0.0208  
forward:               0.1500              0.4422              2.6497              0.0227  
forward:               0.2000              0.2627              2.9124              0.0243  
forward:               0.2500              0.1628              3.0751              0.0251  
forward:               0.3000              0.0972              3.1723              0.0257  
forward:               0.3500              0.0409              3.2132              0.0262  
forward:               0.4000              0.0120              3.2252              0.0266  
forward:               0.4500             -0.0102              3.2150              0.0269  
forward:               0.5000             -0.0309              3.1841              0.0272  
forward:               0.5500             -0.0620              3.1220              0.0275  
forward:               0.6000             -0.1167              3.0054              0.0278  
forward:               0.6500             -0.1505              2.8549              0.0281  
forward:               0.7000             -0.1795              2.6754              0.0283  
forward:               0.7500             -0.2121              2.4633              0.0285  
forward:               0.8000             -0.2322              2.2311              0.0287  
forward:               0.8500             -0.2510              1.9801              0.0289  
forward:               0.9000             -0.2688              1.7112              0.0291  
forward:               0.9500             -0.2837              1.4275              0.0293  
forward:               1.0000             -0.2978              1.1298              0.0295  
backward:              1.0000              0.0000              1.1298              0.0000  
backward:              0.9500              0.2956              1.4254              0.0038  
backward:              0.9000              0.2894              1.7148              0.0050  
backward:              0.8500              0.2712              1.9860              0.0063  
backward:              0.8000              0.2521              2.2381              0.0075  
backward:              0.7500              0.2351              2.4733              0.0085  
backward:              0.7000              0.2086              2.6819              0.0098  
backward:              0.6500              0.1831              2.8650              0.0107  
backward:              0.6000              0.1500              3.0150              0.0118  
backward:              0.5500              0.1187              3.1337              0.0130  
backward:              0.5000              0.0664              3.2000              0.0139  
backward:              0.4500              0.0335              3.2335              0.0144  
backward:              0.4000              0.0141              3.2476              0.0152  
backward:              0.3500             -0.0073              3.2403              0.0161  
backward:              0.3000             -0.0530              3.1873              0.0173  
backward:              0.2500             -0.0841              3.1032              0.0183  
backward:              0.2000             -0.1627              2.9404              0.0197  
backward:              0.1500             -0.2683              2.6721              0.0218  
backward:              0.1000             -0.4475              2.2246              0.0271  
backward:              0.0500             -0.8195              1.4052              0.0570  
backward:              0.0000             -1.4546             -0.0495              0.0902  
Inaccuracy estimation
======================================================================================================
                   i        i+δi          P0_overlap_P1   δε(forward)/ε   δε(backward)/ε
======================================================================================================
inaccuracy:  0.00000        0.05000           37.77           -0.04            1.87
inaccuracy:  0.05000        0.10000           50.69           -0.02            0.79
inaccuracy:  0.10000        0.15000           60.18           -0.02            0.44
inaccuracy:  0.15000        0.20000           66.93           -0.02            0.26
inaccuracy:  0.20000        0.25000           69.37           -0.01            0.19
inaccuracy:  0.25000        0.30000           71.05           -0.02            0.16
inaccuracy:  0.30000        0.35000           73.82           -0.01            0.13
inaccuracy:  0.35000        0.40000           74.35           -0.01            0.12
inaccuracy:  0.40000        0.45000           74.84           -0.01            0.11
inaccuracy:  0.45000        0.50000           75.36           -0.01            0.10
inaccuracy:  0.50000        0.55000           73.35           -0.02            0.10
inaccuracy:  0.55000        0.60000           74.55           -0.02            0.09
inaccuracy:  0.60000        0.65000           75.33           -0.02            0.09
inaccuracy:  0.65000        0.70000           74.52           -0.02            0.08
inaccuracy:  0.70000        0.75000           75.72           -0.02            0.07
inaccuracy:  0.75000        0.80000           74.80           -0.03            0.07
inaccuracy:  0.80000        0.85000           75.39           -0.02            0.07
inaccuracy:  0.85000        0.90000           75.32           -0.02            0.07
inaccuracy:  0.90000        0.95000           75.32           -0.03            0.07
inaccuracy:  0.95000        1.00000           75.75           -0.02            0.07
===================================================================================================================================
                BAR        
-----------------------------------------------------------------------------------------------------------------------------------
BAR-estimator:         λ             λ+δλ          ΔΔA             ΔA            C               Δδe            δe       
                          
-----------------------------------------------------------------------------------------------------------------------------------
BAR-estimator:      0.00000        0.05000        1.4098         1.4098         1.4098         0.0114         0.0114 
BAR-estimator:      0.05000        0.10000        0.7832         2.1930         0.7832         0.0074         0.0136 
BAR-estimator:      0.10000        0.15000        0.4480         2.6411         0.4480         0.0059         0.0148 
BAR-estimator:      0.15000        0.20000        0.2667         2.9078         0.2667         0.0051         0.0157 
BAR-estimator:      0.20000        0.25000        0.1645         3.0723         0.1645         0.0043         0.0162 
BAR-estimator:      0.25000        0.30000        0.0935         3.1658         0.0935         0.0037         0.0167 
BAR-estimator:      0.30000        0.35000        0.0425         3.2083         0.0425         0.0035         0.0170 
BAR-estimator:      0.35000        0.40000        0.0117         3.2199         0.0117         0.0034         0.0173 
BAR-estimator:      0.40000        0.45000       -0.0105         3.2095        -0.0105         0.0031         0.0176 
BAR-estimator:      0.45000        0.50000       -0.0307         3.1788        -0.0307         0.0028         0.0178 
BAR-estimator:      0.50000        0.55000       -0.0625         3.1163        -0.0625         0.0030         0.0181 
BAR-estimator:      0.55000        0.60000       -0.1171         2.9991        -0.1171         0.0029         0.0183 
BAR-estimator:      0.60000        0.65000       -0.1503         2.8488        -0.1503         0.0027         0.0185 
BAR-estimator:      0.65000        0.70000       -0.1811         2.6677        -0.1811         0.0028         0.0187 
BAR-estimator:      0.70000        0.75000       -0.2113         2.4564        -0.2113         0.0029         0.0189 
BAR-estimator:      0.75000        0.80000       -0.2337         2.2226        -0.2337         0.0026         0.0191 
BAR-estimator:      0.80000        0.85000       -0.2519         1.9707        -0.2519         0.0028         0.0193 
BAR-estimator:      0.85000        0.90000       -0.2690         1.7018        -0.2690         0.0030         0.0196 
BAR-estimator:      0.90000        0.95000       -0.2851         1.4167        -0.2851         0.0028         0.0198 
BAR-estimator:      0.95000        1.00000       -0.2956         1.1211        -0.2956         0.0027         0.0199 
BAR-estimator: total free energy change is 1.1211212834867947 , total error is 0.019940343897548753
