#========================================================================================
#                     Free energy perturbation    
#----------------------------------------------------------------------------------------
#forward/backward          λ              ΔΔA                 ΔA                  δε   
#                                                 
#----------------------------------------------------------------------------------------
forward:               0.0000              0.0000              0.0000              0.0000  
forward:               0.0500              1.6495              1.6495              0.0187  
forward:               0.1000              0.9083              2.5578              0.0244  
forward:               0.1500              0.4934              3.0511              0.0270  
forward:               0.2000              0.2550              3.3061              0.0283  
forward:               0.2500              0.1319              3.4381              0.0289  
forward:               0.3000              0.0409              3.4790              0.0294  
forward:               0.3500             -0.0014              3.4776              0.0297  
forward:               0.4000             -0.0358              3.4418              0.0301  
forward:               0.4500             -0.0624              3.3793              0.0305  
forward:               0.5000             -0.0903              3.2890              0.0308  
forward:               0.5500             -0.2134              3.0756              0.0312  
forward:               0.6000             -0.4184              2.6573              0.0315  
forward:               0.6500             -0.5932              2.0640              0.0321  
forward:               0.7000             -0.7260              1.3380              0.0327  
forward:               0.7500             -0.8269              0.5111              0.0332  
forward:               0.8000             -0.8866             -0.3756              0.0333  
forward:               0.8500             -0.9058             -1.2813              0.0336  
forward:               0.9000             -0.9222             -2.2035              0.0345  
forward:               0.9500             -0.9333             -3.1368              0.0353  
forward:               1.0000             -0.9301             -4.0669              0.0386  
backward:              1.0000              0.0000             -4.0669              0.0000  
backward:              0.9500              0.9259             -3.1409              0.0064  
backward:              0.9000              0.9470             -2.1940              0.0162  
backward:              0.8500              0.9220             -1.2720              0.0172  
backward:              0.8000              0.9067             -0.3653              0.0183  
backward:              0.7500              0.8792              0.5139              0.0194  
backward:              0.7000              0.8318              1.3458              0.0203  
backward:              0.6500              0.7391              2.0848              0.0211  
backward:              0.6000              0.5881              2.6729              0.0223  
backward:              0.5500              0.4227              3.0956              0.0231  
backward:              0.5000              0.2085              3.3041              0.0240  
backward:              0.4500              0.0880              3.3922              0.0246  
backward:              0.4000              0.0765              3.4687              0.0251  
backward:              0.3500              0.0388              3.5075              0.0257  
backward:              0.3000              0.0069              3.5144              0.0262  
backward:              0.2500             -0.0668              3.4476              0.0274  
backward:              0.2000             -0.1304              3.3172              0.0287  
backward:              0.1500             -0.2673              3.0499              0.0317  
backward:              0.1000             -0.4903              2.5596              0.0352  
backward:              0.0500             -0.8482              1.7115              0.0403  
backward:              0.0000             -1.6816              0.0299              0.0606  
Inaccuracy estimation
======================================================================================================
                   i        i+δi          P0_overlap_P1   δε(forward)/ε   δε(backward)/ε
======================================================================================================
inaccuracy:  0.00000        0.05000           36.35           -0.03            1.64
inaccuracy:  0.05000        0.10000           45.27           -0.04            1.12
inaccuracy:  0.10000        0.15000           56.32           -0.02            0.57
inaccuracy:  0.15000        0.20000           63.59           -0.02            0.29
inaccuracy:  0.20000        0.25000           67.66           -0.02            0.21
inaccuracy:  0.25000        0.30000           71.86           -0.02            0.14
inaccuracy:  0.30000        0.35000           71.99           -0.01            0.14
inaccuracy:  0.35000        0.40000           73.05           -0.02            0.12
inaccuracy:  0.40000        0.45000           72.68           -0.01            0.11
inaccuracy:  0.45000        0.50000           75.05           -0.01            0.10
inaccuracy:  0.50000        0.55000           65.95           -0.08            0.15
inaccuracy:  0.55000        0.60000           66.94           -0.09            0.10
inaccuracy:  0.60000        0.65000           67.62           -0.11            0.08
inaccuracy:  0.65000        0.70000           66.92           -0.12            0.06
inaccuracy:  0.70000        0.75000           67.34           -0.10            0.06
inaccuracy:  0.75000        0.80000           67.38           -0.11            0.05
inaccuracy:  0.80000        0.85000           67.10           -0.12            0.06
inaccuracy:  0.85000        0.90000           65.82           -0.11            0.06
inaccuracy:  0.90000        0.95000           64.60           -0.18            0.07
inaccuracy:  0.95000        1.00000           64.77           -0.15            0.07
===================================================================================================================================
                BAR        
-----------------------------------------------------------------------------------------------------------------------------------
BAR-estimator:         λ             λ+δλ          ΔΔA             ΔA            C               Δδe            δe       
                          
-----------------------------------------------------------------------------------------------------------------------------------
BAR-estimator:      0.00000        0.05000        1.6479         1.6479         1.6479         0.0165         0.0165 
BAR-estimator:      0.05000        0.10000        0.9107         2.5586         0.9107         0.0151         0.0224 
BAR-estimator:      0.10000        0.15000        0.4983         3.0569         0.4983         0.0074         0.0236 
BAR-estimator:      0.15000        0.20000        0.2560         3.3129         0.2560         0.0043         0.0240 
BAR-estimator:      0.20000        0.25000        0.1304         3.4433         0.1304         0.0043         0.0244 
BAR-estimator:      0.25000        0.30000        0.0482         3.4916         0.0482         0.0038         0.0247 
BAR-estimator:      0.30000        0.35000       -0.0021         3.4895        -0.0021         0.0035         0.0249 
BAR-estimator:      0.35000        0.40000       -0.0343         3.4552        -0.0343         0.0035         0.0252 
BAR-estimator:      0.40000        0.45000       -0.0667         3.3885        -0.0667         0.0033         0.0254 
BAR-estimator:      0.45000        0.50000       -0.0896         3.2989        -0.0896         0.0030         0.0255 
BAR-estimator:      0.50000        0.55000       -0.2093         3.0896        -0.2093         0.0037         0.0258 
BAR-estimator:      0.55000        0.60000       -0.4211         2.6685        -0.4211         0.0034         0.0260 
BAR-estimator:      0.60000        0.65000       -0.5909         2.0776        -0.5909         0.0030         0.0262 
BAR-estimator:      0.65000        0.70000       -0.7313         1.3463        -0.7313         0.0045         0.0266 
BAR-estimator:      0.70000        0.75000       -0.8290         0.5173        -0.8290         0.0038         0.0268 
BAR-estimator:      0.75000        0.80000       -0.8857        -0.3684        -0.8857         0.0037         0.0271 
BAR-estimator:      0.80000        0.85000       -0.9072        -1.2756        -0.9072         0.0035         0.0273 
BAR-estimator:      0.85000        0.90000       -0.9215        -2.1970        -0.9215         0.0043         0.0277 
BAR-estimator:      0.90000        0.95000       -0.9454        -3.1425        -0.9454         0.0045         0.0280 
BAR-estimator:      0.95000        1.00000       -0.9345        -4.0769        -0.9345         0.0063         0.0287 
BAR-estimator: total free energy change is -4.07694804699808 , total error is 0.028723680947395643
