#========================================================================================
#                     Free energy perturbation    
#----------------------------------------------------------------------------------------
#forward/backward          λ              ΔΔA                 ΔA                  δε   
#                                                 
#----------------------------------------------------------------------------------------
forward:               0.0000              0.0000              0.0000              0.0000  
forward:               0.0500              4.8347              4.8347              0.0981  
forward:               0.1000              2.0047              6.8393              0.1093  
forward:               0.1500              0.6267              7.4660              0.1110  
forward:               0.2000              0.1353              7.6013              0.1115  
forward:               0.2500             -0.0593              7.5421              0.1119  
forward:               0.3000             -0.1810              7.3611              0.1120  
forward:               0.3500             -0.2476              7.1134              0.1122  
forward:               0.4000             -0.3142              6.7992              0.1123  
forward:               0.4500             -0.3640              6.4352              0.1125  
forward:               0.5000             -0.3852              6.0500              0.1126  
forward:               0.5500             -0.4966              5.5533              0.1127  
forward:               0.6000             -0.6866              4.8667              0.1129  
forward:               0.6500             -0.8330              4.0337              0.1130  
forward:               0.7000             -0.9504              3.0833              0.1131  
forward:               0.7500             -1.0474              2.0359              0.1133  
forward:               0.8000             -1.1151              0.9208              0.1134  
forward:               0.8500             -1.1576             -0.2368              0.1135  
forward:               0.9000             -1.1881             -1.4249              0.1136  
forward:               0.9500             -1.2085             -2.6334              0.1137  
forward:               1.0000             -1.2354             -3.8687              0.1138  
backward:              1.0000              0.0000             -3.8687              0.0000  
backward:              0.9500              1.2241             -2.6446              0.0074  
backward:              0.9000              1.2069             -1.4378              0.0094  
backward:              0.8500              1.1914             -0.2463              0.0108  
backward:              0.8000              1.1513              0.9049              0.0124  
backward:              0.7500              1.1095              2.0145              0.0136  
backward:              0.7000              1.0444              3.0589              0.0149  
backward:              0.6500              0.9444              4.0033              0.0162  
backward:              0.6000              0.8162              4.8195              0.0176  
backward:              0.5500              0.6719              5.4914              0.0186  
backward:              0.5000              0.5045              5.9959              0.0197  
backward:              0.4500              0.3945              6.3904              0.0202  
backward:              0.4000              0.3580              6.7484              0.0211  
backward:              0.3500              0.3087              7.0571              0.0222  
backward:              0.3000              0.2665              7.3236              0.0235  
backward:              0.2500              0.1709              7.4945              0.0277  
backward:              0.2000              0.0719              7.5665              0.0294  
backward:              0.1500             -0.1392              7.4273              0.0331  
backward:              0.1000             -0.6596              6.7676              0.0914  
backward:              0.0500             -1.9169              4.8508              0.1229  
backward:              0.0000             -4.6754              0.1754              0.1582  
Inaccuracy estimation
======================================================================================================
                   i        i+δi          P0_overlap_P1   δε(forward)/ε   δε(backward)/ε
======================================================================================================
inaccuracy:  0.00000        0.05000           10.90            1.21            8.12
inaccuracy:  0.05000        0.10000           20.27           -0.13            4.16
inaccuracy:  0.10000        0.15000           42.61           -0.09            1.21
inaccuracy:  0.15000        0.20000           55.61           -0.06            0.48
inaccuracy:  0.20000        0.25000           60.59           -0.05            0.30
inaccuracy:  0.25000        0.30000           63.93           -0.04            0.20
inaccuracy:  0.30000        0.35000           65.46           -0.04            0.17
inaccuracy:  0.35000        0.40000           68.19           -0.03            0.13
inaccuracy:  0.40000        0.45000           69.28           -0.03            0.12
inaccuracy:  0.45000        0.50000           68.78           -0.04            0.11
inaccuracy:  0.50000        0.55000           63.74           -0.10            0.13
inaccuracy:  0.55000        0.60000           65.75           -0.09            0.10
inaccuracy:  0.60000        0.65000           65.99           -0.11            0.07
inaccuracy:  0.65000        0.70000           65.87           -0.12            0.06
inaccuracy:  0.70000        0.75000           65.69           -0.13            0.05
inaccuracy:  0.75000        0.80000           65.97           -0.10            0.04
inaccuracy:  0.80000        0.85000           66.27           -0.11            0.03
inaccuracy:  0.85000        0.90000           65.40           -0.12            0.03
inaccuracy:  0.90000        0.95000           64.97           -0.11            0.04
inaccuracy:  0.95000        1.00000           65.69           -0.12            0.03
===================================================================================================================================
                BAR        
-----------------------------------------------------------------------------------------------------------------------------------
BAR-estimator:         λ             λ+δλ          ΔΔA             ΔA            C               Δδe            δe       
                          
-----------------------------------------------------------------------------------------------------------------------------------
BAR-estimator:      0.00000        0.05000        4.8147         4.8147         4.8147         0.0206         0.0206 
BAR-estimator:      0.05000        0.10000        2.0095         6.8242         2.0095         0.0085         0.0223 
BAR-estimator:      0.10000        0.15000        0.6204         7.4446         0.6204         0.0142         0.0265 
BAR-estimator:      0.15000        0.20000        0.1426         7.5871         0.1426         0.0065         0.0273 
BAR-estimator:      0.20000        0.25000       -0.0547         7.5325        -0.0547         0.0053         0.0278 
BAR-estimator:      0.25000        0.30000       -0.1791         7.3533        -0.1791         0.0044         0.0281 
BAR-estimator:      0.30000        0.35000       -0.2532         7.1002        -0.2532         0.0039         0.0284 
BAR-estimator:      0.35000        0.40000       -0.3090         6.7912        -0.3090         0.0037         0.0287 
BAR-estimator:      0.40000        0.45000       -0.3601         6.4311        -0.3601         0.0037         0.0289 
BAR-estimator:      0.45000        0.50000       -0.3889         6.0422        -0.3889         0.0028         0.0290 
BAR-estimator:      0.50000        0.55000       -0.4992         5.5430        -0.4992         0.0039         0.0293 
BAR-estimator:      0.55000        0.60000       -0.6770         4.8659        -0.6770         0.0037         0.0295 
BAR-estimator:      0.60000        0.65000       -0.8273         4.0386        -0.8273         0.0037         0.0298 
BAR-estimator:      0.65000        0.70000       -0.9498         3.0888        -0.9498         0.0041         0.0300 
BAR-estimator:      0.70000        0.75000       -1.0469         2.0419        -1.0469         0.0039         0.0303 
BAR-estimator:      0.75000        0.80000       -1.1110         0.9309        -1.1110         0.0035         0.0305 
BAR-estimator:      0.80000        0.85000       -1.1555        -0.2247        -1.1555         0.0039         0.0307 
BAR-estimator:      0.85000        0.90000       -1.1900        -1.4147        -1.1900         0.0047         0.0311 
BAR-estimator:      0.90000        0.95000       -1.2091        -2.6237        -1.2091         0.0098         0.0326 
BAR-estimator:      0.95000        1.00000       -1.2311        -3.8548        -1.2311         0.0037         0.0328 
BAR-estimator: total free energy change is -3.8547937850690106 , total error is 0.032826436932774844
