#========================================================================================
#                     Free energy perturbation    
#----------------------------------------------------------------------------------------
#forward/backward          λ              ΔΔA                 ΔA                  δε   
#                                                 
#----------------------------------------------------------------------------------------
forward:               0.0000              0.0000              0.0000              0.0000  
forward:               0.0500              1.5969              1.5969              0.0168  
forward:               0.1000              0.9294              2.5263              0.0218  
forward:               0.1500              0.5134              3.0398              0.0243  
forward:               0.2000              0.2929              3.3327              0.0248  
forward:               0.2500              0.1826              3.5153              0.0255  
forward:               0.3000              0.1148              3.6302              0.0261  
forward:               0.3500              0.0579              3.6881              0.0265  
forward:               0.4000              0.0174              3.7054              0.0268  
forward:               0.4500             -0.0131              3.6924              0.0271  
forward:               0.5000             -0.0247              3.6677              0.0274  
forward:               0.5500             -0.0739              3.5938              0.0278  
forward:               0.6000             -0.1981              3.3957              0.0282  
forward:               0.6500             -0.2987              3.0970              0.0286  
forward:               0.7000             -0.3842              2.7128              0.0289  
forward:               0.7500             -0.4530              2.2598              0.0293  
forward:               0.8000             -0.4998              1.7601              0.0296  
forward:               0.8500             -0.5475              1.2125              0.0299  
forward:               0.9000             -0.5851              0.6274              0.0301  
forward:               0.9500             -0.6081              0.0193              0.0303  
forward:               1.0000             -0.6222             -0.6029              0.0308  
backward:              1.0000              0.0000             -0.6029              0.0000  
backward:              0.9500              0.6247              0.0219              0.0049  
backward:              0.9000              0.6082              0.6301              0.0070  
backward:              0.8500              0.5799              1.2100              0.0095  
backward:              0.8000              0.5388              1.7488              0.0114  
backward:              0.7500              0.4927              2.2415              0.0126  
backward:              0.7000              0.4506              2.6921              0.0135  
backward:              0.6500              0.3834              3.0755              0.0146  
backward:              0.6000              0.2856              3.3610              0.0161  
backward:              0.5500              0.2098              3.5709              0.0170  
backward:              0.5000              0.0809              3.6518              0.0181  
backward:              0.4500              0.0222              3.6740              0.0188  
backward:              0.4000              0.0097              3.6837              0.0192  
backward:              0.3500             -0.0239              3.6598              0.0203  
backward:              0.3000             -0.0550              3.6048              0.0213  
backward:              0.2500             -0.1086              3.4962              0.0223  
backward:              0.2000             -0.1661              3.3301              0.0237  
backward:              0.1500             -0.3026              3.0275              0.0282  
backward:              0.1000             -0.5100              2.5175              0.0317  
backward:              0.0500             -0.8948              1.6227              0.0379  
backward:              0.0000             -1.6203              0.0023              0.0516  
Inaccuracy estimation
======================================================================================================
                   i        i+δi          P0_overlap_P1   δε(forward)/ε   δε(backward)/ε
======================================================================================================
inaccuracy:  0.00000        0.05000           37.93           -0.03            1.62
inaccuracy:  0.05000        0.10000           46.84           -0.04            1.03
inaccuracy:  0.10000        0.15000           57.75           -0.03            0.52
inaccuracy:  0.15000        0.20000           64.05           -0.02            0.29
inaccuracy:  0.20000        0.25000           67.54           -0.02            0.22
inaccuracy:  0.25000        0.30000           69.97           -0.01            0.16
inaccuracy:  0.30000        0.35000           72.02           -0.02            0.14
inaccuracy:  0.35000        0.40000           73.60           -0.01            0.12
inaccuracy:  0.40000        0.45000           74.52           -0.01            0.10
inaccuracy:  0.45000        0.50000           74.55           -0.02            0.10
inaccuracy:  0.50000        0.55000           69.45           -0.04            0.13
inaccuracy:  0.55000        0.60000           69.64           -0.05            0.10
inaccuracy:  0.60000        0.65000           72.04           -0.04            0.08
inaccuracy:  0.65000        0.70000           72.39           -0.05            0.08
inaccuracy:  0.70000        0.75000           71.72           -0.05            0.07
inaccuracy:  0.75000        0.80000           72.22           -0.05            0.06
inaccuracy:  0.80000        0.85000           71.67           -0.05            0.06
inaccuracy:  0.85000        0.90000           71.32           -0.06            0.06
inaccuracy:  0.90000        0.95000           71.92           -0.06            0.06
inaccuracy:  0.95000        1.00000           71.08           -0.06            0.06
===================================================================================================================================
                BAR        
-----------------------------------------------------------------------------------------------------------------------------------
BAR-estimator:         λ             λ+δλ          ΔΔA             ΔA            C               Δδe            δe       
                          
-----------------------------------------------------------------------------------------------------------------------------------
BAR-estimator:      0.00000        0.05000        1.6033         1.6033         1.6033         0.0098         0.0098 
BAR-estimator:      0.05000        0.10000        0.9211         2.5244         0.9211         0.0085         0.0129 
BAR-estimator:      0.10000        0.15000        0.5119         3.0363         0.5119         0.0075         0.0149 
BAR-estimator:      0.15000        0.20000        0.2926         3.3290         0.2926         0.0051         0.0158 
BAR-estimator:      0.20000        0.25000        0.1778         3.5068         0.1778         0.0040         0.0163 
BAR-estimator:      0.25000        0.30000        0.1101         3.6169         0.1101         0.0038         0.0167 
BAR-estimator:      0.30000        0.35000        0.0571         3.6740         0.0571         0.0035         0.0171 
BAR-estimator:      0.35000        0.40000        0.0188         3.6928         0.0188         0.0035         0.0174 
BAR-estimator:      0.40000        0.45000       -0.0114         3.6815        -0.0114         0.0028         0.0176 
BAR-estimator:      0.45000        0.50000       -0.0254         3.6560        -0.0254         0.0032         0.0179 
BAR-estimator:      0.50000        0.55000       -0.0762         3.5798        -0.0762         0.0032         0.0182 
BAR-estimator:      0.55000        0.60000       -0.2023         3.3775        -0.2023         0.0031         0.0185 
BAR-estimator:      0.60000        0.65000       -0.2944         3.0831        -0.2944         0.0033         0.0188 
BAR-estimator:      0.65000        0.70000       -0.3829         2.7002        -0.3829         0.0032         0.0190 
BAR-estimator:      0.70000        0.75000       -0.4512         2.2490        -0.4512         0.0033         0.0193 
BAR-estimator:      0.75000        0.80000       -0.4987         1.7503        -0.4987         0.0032         0.0196 
BAR-estimator:      0.80000        0.85000       -0.5460         1.2043        -0.5460         0.0032         0.0198 
BAR-estimator:      0.85000        0.90000       -0.5855         0.6188        -0.5855         0.0034         0.0201 
BAR-estimator:      0.90000        0.95000       -0.6081         0.0107        -0.6081         0.0030         0.0204 
BAR-estimator:      0.95000        1.00000       -0.6246        -0.6140        -0.6246         0.0032         0.0206 
BAR-estimator: total free energy change is -0.6139507778971971 , total error is 0.020608415096762468
