2025-04-09 04:21:59,226 -   censo.qm_processor   -   INFO   - worker259355:Running sp calculation in /home/michael/Documents/CHEM4561/automated/1803/0_PRESCREENING/CONF1/sp.
2025-04-09 04:22:06,189 -     censo.parallel     -   INFO   - All jobs executed successfully.
2025-04-09 04:22:06,208 -   censo.qm_processor   -   INFO   - worker259465:Running sp calculation in /home/michael/Documents/CHEM4561/automated/1803/1_SCREENING/CONF1/sp.
2025-04-09 04:22:29,140 -     censo.parallel     -   INFO   - All jobs executed successfully.
2025-04-09 04:22:29,158 -   censo.qm_processor   -   INFO   - worker259608:Running xtb_opt calculation in /home/michael/Documents/CHEM4561/automated/1803/2_OPTIMIZATION/CONF1/xtb_opt.
2025-04-09 04:24:52,956 -     censo.parallel     -   INFO   - All jobs executed successfully.
2025-04-09 04:24:52,972 -   censo.qm_processor   -   INFO   - worker260267:Running xtb_rrho calculation in /home/michael/Documents/CHEM4561/automated/1803/2_OPTIMIZATION/CONF1/xtb_rrho.
2025-04-09 04:24:55,284 -     censo.parallel     -   INFO   - All jobs executed successfully.
2025-04-09 04:24:55,304 -   censo.qm_processor   -   INFO   - worker260364:Running sp calculation in /home/michael/Documents/CHEM4561/automated/1803/3_REFINEMENT/CONF1/sp.
2025-04-09 04:31:29,075 -     censo.parallel     -   INFO   - All jobs executed successfully.
2025-04-09 04:31:29,161 -   censo.qm_processor   -   INFO   - worker262405:Running sp calculation in /home/michael/Documents/CHEM4561/automated/1803/0_PRESCREENING/CONF1/sp.
2025-04-09 04:31:33,714 -     censo.parallel     -   INFO   - All jobs executed successfully.
2025-04-09 04:31:33,731 -   censo.qm_processor   -   INFO   - worker262512:Running sp calculation in /home/michael/Documents/CHEM4561/automated/1803/1_SCREENING/CONF1/sp.
2025-04-09 04:32:01,645 -     censo.parallel     -   INFO   - All jobs executed successfully.
2025-04-09 04:32:01,663 -   censo.qm_processor   -   INFO   - worker262700:Running xtb_opt calculation in /home/michael/Documents/CHEM4561/automated/1803/2_OPTIMIZATION/CONF1/xtb_opt.
2025-04-09 04:34:20,328 -     censo.parallel     -   INFO   - All jobs executed successfully.
2025-04-09 04:34:20,344 -   censo.qm_processor   -   INFO   - worker263339:Running xtb_rrho calculation in /home/michael/Documents/CHEM4561/automated/1803/2_OPTIMIZATION/CONF1/xtb_rrho.
2025-04-09 04:34:22,703 -     censo.parallel     -   INFO   - All jobs executed successfully.
2025-04-09 04:34:22,721 -   censo.qm_processor   -   INFO   - worker263494:Running sp calculation in /home/michael/Documents/CHEM4561/automated/1803/3_REFINEMENT/CONF1/sp.
2025-04-09 04:40:57,261 -     censo.parallel     -   INFO   - All jobs executed successfully.
