#========================================================================================
#                     Free energy perturbation    
#----------------------------------------------------------------------------------------
#forward/backward          λ              ΔΔA                 ΔA                  δε   
#                                                 
#----------------------------------------------------------------------------------------
forward:               0.0000              0.0000              0.0000              0.0000  
forward:               0.0500              1.0474              1.0474              0.0131  
forward:               0.1000              0.6367              1.6841              0.0169  
forward:               0.1500              0.3985              2.0826              0.0174  
forward:               0.2000              0.2615              2.3441              0.0185  
forward:               0.2500              0.1715              2.5156              0.0194  
forward:               0.3000              0.1142              2.6297              0.0201  
forward:               0.3500              0.0737              2.7035              0.0206  
forward:               0.4000              0.0424              2.7459              0.0212  
forward:               0.4500              0.0222              2.7681              0.0216  
forward:               0.5000              0.0128              2.7809              0.0219  
forward:               0.5500             -0.0664              2.7145              0.0224  
forward:               0.6000             -0.2360              2.4785              0.0235  
forward:               0.6500             -0.4273              2.0512              0.0245  
forward:               0.7000             -0.6295              1.4217              0.0255  
forward:               0.7500             -0.7285              0.6932              0.0263  
forward:               0.8000             -0.7265             -0.0333              0.0268  
forward:               0.8500             -0.7056             -0.7389              0.0271  
forward:               0.9000             -0.6608             -1.3997              0.0275  
forward:               0.9500             -0.6214             -2.0211              0.0278  
forward:               1.0000             -0.5916             -2.6128              0.0281  
backward:              1.0000              0.0000             -2.6128              0.0000  
backward:              0.9500              0.5831             -2.0296              0.0071  
backward:              0.9000              0.6099             -1.4198              0.0091  
backward:              0.8500              0.6641             -0.7556              0.0105  
backward:              0.8000              0.7011             -0.0545              0.0119  
backward:              0.7500              0.7366              0.6821              0.0133  
backward:              0.7000              0.7258              1.4079              0.0151  
backward:              0.6500              0.6244              2.0323              0.0170  
backward:              0.6000              0.4326              2.4650              0.0186  
backward:              0.5500              0.2300              2.6950              0.0196  
backward:              0.5000              0.0750              2.7699              0.0203  
backward:              0.4500             -0.0177              2.7523              0.0211  
backward:              0.4000             -0.0322              2.7200              0.0218  
backward:              0.3500             -0.0491              2.6709              0.0223  
backward:              0.3000             -0.0876              2.5833              0.0233  
backward:              0.2500             -0.1350              2.4483              0.0246  
backward:              0.2000             -0.1689              2.2794              0.0259  
backward:              0.1500             -0.2618              2.0176              0.0273  
backward:              0.1000             -0.3820              1.6357              0.0292  
backward:              0.0500             -0.6624              0.9733              0.0402  
backward:              0.0000             -1.0759             -0.1026              0.0442  
Inaccuracy estimation
======================================================================================================
                   i        i+δi          P0_overlap_P1   δε(forward)/ε   δε(backward)/ε
======================================================================================================
inaccuracy:  0.00000        0.05000           46.31           -0.03            0.99
inaccuracy:  0.05000        0.10000           55.46           -0.02            0.59
inaccuracy:  0.10000        0.15000           62.20           -0.01            0.36
inaccuracy:  0.15000        0.20000           66.83           -0.01            0.24
inaccuracy:  0.20000        0.25000           70.34           -0.01            0.19
inaccuracy:  0.25000        0.30000           73.03           -0.01            0.15
inaccuracy:  0.30000        0.35000           73.47           -0.01            0.12
inaccuracy:  0.35000        0.40000           74.85           -0.01            0.11
inaccuracy:  0.40000        0.45000           75.16           -0.01            0.11
inaccuracy:  0.45000        0.50000           75.13           -0.01            0.10
inaccuracy:  0.50000        0.55000           69.13           -0.07            0.13
inaccuracy:  0.55000        0.60000           69.29           -0.10            0.11
inaccuracy:  0.60000        0.65000           65.76           -0.11            0.09
inaccuracy:  0.65000        0.70000           65.63           -0.08            0.08
inaccuracy:  0.70000        0.75000           68.59           -0.06            0.07
inaccuracy:  0.75000        0.80000           68.06           -0.07            0.06
inaccuracy:  0.80000        0.85000           69.73           -0.07            0.07
inaccuracy:  0.85000        0.90000           68.39           -0.05            0.08
inaccuracy:  0.90000        0.95000           68.52           -0.06            0.09
inaccuracy:  0.95000        1.00000           67.79           -0.07            0.10
===================================================================================================================================
                BAR        
-----------------------------------------------------------------------------------------------------------------------------------
BAR-estimator:         λ             λ+δλ          ΔΔA             ΔA            C               Δδe            δe       
                          
-----------------------------------------------------------------------------------------------------------------------------------
BAR-estimator:      0.00000        0.05000        1.0637         1.0637         1.0637         0.0091         0.0091 
BAR-estimator:      0.05000        0.10000        0.6414         1.7051         0.6414         0.0064         0.0111 
BAR-estimator:      0.10000        0.15000        0.3980         2.1031         0.3980         0.0052         0.0123 
BAR-estimator:      0.15000        0.20000        0.2622         2.3653         0.2622         0.0044         0.0130 
BAR-estimator:      0.20000        0.25000        0.1710         2.5363         0.1710         0.0040         0.0136 
BAR-estimator:      0.25000        0.30000        0.1205         2.6568         0.1205         0.0038         0.0141 
BAR-estimator:      0.30000        0.35000        0.0768         2.7336         0.0768         0.0039         0.0147 
BAR-estimator:      0.35000        0.40000        0.0447         2.7783         0.0447         0.0037         0.0151 
BAR-estimator:      0.40000        0.45000        0.0243         2.8027         0.0243         0.0032         0.0154 
BAR-estimator:      0.45000        0.50000        0.0137         2.8163         0.0137         0.0024         0.0156 
BAR-estimator:      0.50000        0.55000       -0.0698         2.7465        -0.0698         0.0036         0.0160 
BAR-estimator:      0.55000        0.60000       -0.2335         2.5130        -0.2335         0.0034         0.0164 
BAR-estimator:      0.60000        0.65000       -0.4289         2.0842        -0.4289         0.0041         0.0169 
BAR-estimator:      0.65000        0.70000       -0.6270         1.4571        -0.6270         0.0043         0.0174 
BAR-estimator:      0.70000        0.75000       -0.7258         0.7313        -0.7258         0.0045         0.0180 
BAR-estimator:      0.75000        0.80000       -0.7316        -0.0003        -0.7316         0.0036         0.0183 
BAR-estimator:      0.80000        0.85000       -0.7039        -0.7042        -0.7039         0.0032         0.0186 
BAR-estimator:      0.85000        0.90000       -0.6608        -1.3650        -0.6608         0.0037         0.0190 
BAR-estimator:      0.90000        0.95000       -0.6158        -1.9808        -0.6158         0.0031         0.0192 
BAR-estimator:      0.95000        1.00000       -0.5886        -2.5694        -0.5886         0.0031         0.0195 
BAR-estimator: total free energy change is -2.5693951075713146 , total error is 0.019481221551193997
