#========================================================================================
#                     Free energy perturbation    
#----------------------------------------------------------------------------------------
#forward/backward          λ              ΔΔA                 ΔA                  δε   
#                                                 
#----------------------------------------------------------------------------------------
forward:               0.0000              0.0000              0.0000              0.0000  
forward:               0.0500              1.5176              1.5176              0.0156  
forward:               0.1000              0.8473              2.3648              0.0201  
forward:               0.1500              0.4546              2.8194              0.0216  
forward:               0.2000              0.2467              3.0661              0.0229  
forward:               0.2500              0.1350              3.2011              0.0236  
forward:               0.3000              0.0627              3.2639              0.0241  
forward:               0.3500              0.0138              3.2776              0.0246  
forward:               0.4000             -0.0208              3.2568              0.0251  
forward:               0.4500             -0.0390              3.2178              0.0254  
forward:               0.5000             -0.0618              3.1560              0.0258  
forward:               0.5500             -0.1809              2.9752              0.0264  
forward:               0.6000             -0.4119              2.5633              0.0269  
forward:               0.6500             -0.5953              1.9680              0.0274  
forward:               0.7000             -0.7728              1.1952              0.0280  
forward:               0.7500             -0.8903              0.3049              0.0286  
forward:               0.8000             -0.9717             -0.6668              0.0291  
forward:               0.8500             -0.9895             -1.6563              0.0298  
forward:               0.9000             -0.9963             -2.6526              0.0304  
forward:               0.9500             -1.0073             -3.6599              0.0311  
forward:               1.0000             -1.0085             -4.6684              0.0316  
backward:              1.0000              0.0000             -4.6684              0.0000  
backward:              0.9500              0.9815             -3.6868              0.0089  
backward:              0.9000              0.9986             -2.6883              0.0121  
backward:              0.8500              0.9938             -1.6945              0.0138  
backward:              0.8000              0.9838             -0.7107              0.0156  
backward:              0.7500              0.9635              0.2529              0.0169  
backward:              0.7000              0.9029              1.1557              0.0183  
backward:              0.6500              0.7830              1.9387              0.0192  
backward:              0.6000              0.6050              2.5437              0.0203  
backward:              0.5500              0.4039              2.9476              0.0211  
backward:              0.5000              0.1972              3.1448              0.0219  
backward:              0.4500              0.0661              3.2110              0.0225  
backward:              0.4000              0.0268              3.2378              0.0233  
backward:              0.3500              0.0119              3.2497              0.0243  
backward:              0.3000             -0.0239              3.2258              0.0251  
backward:              0.2500             -0.0609              3.1649              0.0259  
backward:              0.2000             -0.1252              3.0398              0.0272  
backward:              0.1500             -0.2583              2.7814              0.0293  
backward:              0.1000             -0.4511              2.3303              0.0322  
backward:              0.0500             -1.0387              1.2916              0.1343  
backward:              0.0000             -1.5111             -0.2195              0.1367  
Inaccuracy estimation
======================================================================================================
                   i        i+δi          P0_overlap_P1   δε(forward)/ε   δε(backward)/ε
======================================================================================================
inaccuracy:  0.00000        0.05000           37.93           -0.03            1.59
inaccuracy:  0.05000        0.10000           48.32           -0.03            0.95
inaccuracy:  0.10000        0.15000           57.08           -0.02            0.49
inaccuracy:  0.15000        0.20000           65.30           -0.01            0.28
inaccuracy:  0.20000        0.25000           68.19           -0.01            0.20
inaccuracy:  0.25000        0.30000           71.32           -0.01            0.15
inaccuracy:  0.30000        0.35000           73.38           -0.02            0.12
inaccuracy:  0.35000        0.40000           74.60           -0.01            0.11
inaccuracy:  0.40000        0.45000           75.43           -0.01            0.10
inaccuracy:  0.45000        0.50000           74.67           -0.02            0.10
inaccuracy:  0.50000        0.55000           65.37           -0.08            0.14
inaccuracy:  0.55000        0.60000           67.22           -0.10            0.09
inaccuracy:  0.60000        0.65000           66.05           -0.14            0.08
inaccuracy:  0.65000        0.70000           65.53           -0.13            0.06
inaccuracy:  0.70000        0.75000           65.28           -0.13            0.05
inaccuracy:  0.75000        0.80000           67.73           -0.10            0.05
inaccuracy:  0.80000        0.85000           66.87           -0.10            0.05
inaccuracy:  0.85000        0.90000           64.93           -0.11            0.06
inaccuracy:  0.90000        0.95000           64.82           -0.13            0.06
inaccuracy:  0.95000        1.00000           65.77           -0.11            0.06
===================================================================================================================================
                BAR        
-----------------------------------------------------------------------------------------------------------------------------------
BAR-estimator:         λ             λ+δλ          ΔΔA             ΔA            C               Δδe            δe       
                          
-----------------------------------------------------------------------------------------------------------------------------------
BAR-estimator:      0.00000        0.05000        1.5402         1.5402         1.5402         0.0111         0.0111 
BAR-estimator:      0.05000        0.10000        0.8567         2.3969         0.8567         0.0086         0.0140 
BAR-estimator:      0.10000        0.15000        0.4531         2.8500         0.4531         0.0070         0.0157 
BAR-estimator:      0.15000        0.20000        0.2501         3.1002         0.2501         0.0052         0.0165 
BAR-estimator:      0.20000        0.25000        0.1291         3.2293         0.1291         0.0041         0.0170 
BAR-estimator:      0.25000        0.30000        0.0630         3.2922         0.0630         0.0036         0.0174 
BAR-estimator:      0.30000        0.35000        0.0147         3.3070         0.0147         0.0033         0.0177 
BAR-estimator:      0.35000        0.40000       -0.0174         3.2896        -0.0174         0.0036         0.0181 
BAR-estimator:      0.40000        0.45000       -0.0349         3.2547        -0.0349         0.0028         0.0183 
BAR-estimator:      0.45000        0.50000       -0.0636         3.1912        -0.0636         0.0029         0.0185 
BAR-estimator:      0.50000        0.55000       -0.1881         3.0031        -0.1881         0.0036         0.0188 
BAR-estimator:      0.55000        0.60000       -0.4105         2.5926        -0.4105         0.0037         0.0192 
BAR-estimator:      0.60000        0.65000       -0.6028         1.9898        -0.6028         0.0036         0.0195 
BAR-estimator:      0.65000        0.70000       -0.7798         1.2100        -0.7798         0.0038         0.0199 
BAR-estimator:      0.70000        0.75000       -0.8942         0.3158        -0.8942         0.0037         0.0202 
BAR-estimator:      0.75000        0.80000       -0.9639        -0.6481        -0.9639         0.0037         0.0206 
BAR-estimator:      0.80000        0.85000       -0.9866        -1.6347        -0.9866         0.0044         0.0211 
BAR-estimator:      0.85000        0.90000       -0.9956        -2.6302        -0.9956         0.0041         0.0215 
BAR-estimator:      0.90000        0.95000       -1.0037        -3.6339        -1.0037         0.0040         0.0218 
BAR-estimator:      0.95000        1.00000       -0.9985        -4.6324        -0.9985         0.0041         0.0222 
BAR-estimator: total free energy change is -4.632434522952875 , total error is 0.022195471322259443
