#========================================================================================
#                     Free energy perturbation    
#----------------------------------------------------------------------------------------
#forward/backward          λ              ΔΔA                 ΔA                  δε   
#                                                 
#----------------------------------------------------------------------------------------
forward:               0.0000              0.0000              0.0000              0.0000  
forward:               0.0500              1.1713              1.1713              0.0192  
forward:               0.1000              0.5776              1.7489              0.0224  
forward:               0.1500              0.3328              2.0817              0.0238  
forward:               0.2000              0.1862              2.2679              0.0247  
forward:               0.2500              0.1224              2.3903              0.0254  
forward:               0.3000              0.0686              2.4589              0.0259  
forward:               0.3500              0.0391              2.4979              0.0263  
forward:               0.4000              0.0140              2.5119              0.0266  
forward:               0.4500              0.0016              2.5134              0.0269  
forward:               0.5000             -0.0179              2.4955              0.0272  
forward:               0.5500             -0.0390              2.4565              0.0277  
forward:               0.6000             -0.1235              2.3331              0.0280  
forward:               0.6500             -0.1859              2.1472              0.0285  
forward:               0.7000             -0.2355              1.9117              0.0288  
forward:               0.7500             -0.2650              1.6467              0.0290  
forward:               0.8000             -0.3091              1.3376              0.0294  
forward:               0.8500             -0.3310              1.0066              0.0296  
forward:               0.9000             -0.3500              0.6566              0.0299  
forward:               0.9500             -0.3553              0.3014              0.0301  
forward:               1.0000             -0.3748             -0.0735              0.0303  
backward:              1.0000              0.0000             -0.0735              0.0000  
backward:              0.9500              0.3702              0.2967              0.0042  
backward:              0.9000              0.3526              0.6493              0.0064  
backward:              0.8500              0.3490              0.9983              0.0077  
backward:              0.8000              0.3236              1.3219              0.0092  
backward:              0.7500              0.3087              1.6306              0.0102  
backward:              0.7000              0.2693              1.8999              0.0112  
backward:              0.6500              0.2339              2.1338              0.0120  
backward:              0.6000              0.1814              2.3152              0.0130  
backward:              0.5500              0.1321              2.4473              0.0138  
backward:              0.5000              0.0399              2.4872              0.0147  
backward:              0.4500              0.0199              2.5071              0.0155  
backward:              0.4000             -0.0076              2.4995              0.0161  
backward:              0.3500             -0.0168              2.4827              0.0169  
backward:              0.3000             -0.0400              2.4427              0.0177  
backward:              0.2500             -0.0674              2.3754              0.0184  
backward:              0.2000             -0.1072              2.2681              0.0197  
backward:              0.1500             -0.1991              2.0691              0.0213  
backward:              0.1000             -0.2980              1.7711              0.0233  
backward:              0.0500             -0.5670              1.2040              0.0311  
backward:              0.0000             -1.3006             -0.0966              0.0896  
Inaccuracy estimation
======================================================================================================
                   i        i+δi          P0_overlap_P1   δε(forward)/ε   δε(backward)/ε
======================================================================================================
inaccuracy:  0.00000        0.05000           41.97           -0.02            1.28
inaccuracy:  0.05000        0.10000           55.60           -0.02            0.66
inaccuracy:  0.10000        0.15000           64.30           -0.01            0.34
inaccuracy:  0.15000        0.20000           72.03           -0.00            0.17
inaccuracy:  0.20000        0.25000           73.58           -0.01            0.15
inaccuracy:  0.25000        0.30000           76.09           -0.01            0.11
inaccuracy:  0.30000        0.35000           77.68           -0.00            0.10
inaccuracy:  0.35000        0.40000           77.86           -0.01            0.08
inaccuracy:  0.40000        0.45000           79.11           -0.01            0.07
inaccuracy:  0.45000        0.50000           78.37           -0.01            0.07
inaccuracy:  0.50000        0.55000           74.37           -0.02            0.09
inaccuracy:  0.55000        0.60000           74.96           -0.03            0.07
inaccuracy:  0.60000        0.65000           76.87           -0.03            0.06
inaccuracy:  0.65000        0.70000           76.78           -0.03            0.06
inaccuracy:  0.70000        0.75000           75.97           -0.03            0.06
inaccuracy:  0.75000        0.80000           77.32           -0.03            0.05
inaccuracy:  0.80000        0.85000           76.94           -0.03            0.05
inaccuracy:  0.85000        0.90000           76.38           -0.03            0.06
inaccuracy:  0.90000        0.95000           76.38           -0.03            0.05
inaccuracy:  0.95000        1.00000           76.29           -0.03            0.05
===================================================================================================================================
                BAR        
-----------------------------------------------------------------------------------------------------------------------------------
BAR-estimator:         λ             λ+δλ          ΔΔA             ΔA            C               Δδe            δe       
                          
-----------------------------------------------------------------------------------------------------------------------------------
BAR-estimator:      0.00000        0.05000        1.1763         1.1763         1.1763         0.0110         0.0110 
BAR-estimator:      0.05000        0.10000        0.5746         1.7509         0.5746         0.0079         0.0136 
BAR-estimator:      0.10000        0.15000        0.3209         2.0718         0.3209         0.0054         0.0146 
BAR-estimator:      0.15000        0.20000        0.1905         2.2624         0.1905         0.0044         0.0153 
BAR-estimator:      0.20000        0.25000        0.1188         2.3812         0.1188         0.0040         0.0158 
BAR-estimator:      0.25000        0.30000        0.0679         2.4491         0.0679         0.0035         0.0162 
BAR-estimator:      0.30000        0.35000        0.0392         2.4883         0.0392         0.0029         0.0164 
BAR-estimator:      0.35000        0.40000        0.0146         2.5029         0.0146         0.0031         0.0167 
BAR-estimator:      0.40000        0.45000        0.0029         2.5058         0.0029         0.0028         0.0169 
BAR-estimator:      0.45000        0.50000       -0.0193         2.4864        -0.0193         0.0029         0.0172 
BAR-estimator:      0.50000        0.55000       -0.0385         2.4479        -0.0385         0.0036         0.0176 
BAR-estimator:      0.55000        0.60000       -0.1276         2.3203        -0.1276         0.0029         0.0178 
BAR-estimator:      0.60000        0.65000       -0.1862         2.1341        -0.1862         0.0034         0.0181 
BAR-estimator:      0.65000        0.70000       -0.2353         1.8988        -0.2353         0.0029         0.0183 
BAR-estimator:      0.70000        0.75000       -0.2671         1.6317        -0.2671         0.0028         0.0186 
BAR-estimator:      0.75000        0.80000       -0.3089         1.3228        -0.3089         0.0027         0.0188 
BAR-estimator:      0.80000        0.85000       -0.3292         0.9936        -0.3292         0.0029         0.0190 
BAR-estimator:      0.85000        0.90000       -0.3495         0.6441        -0.3495         0.0028         0.0192 
BAR-estimator:      0.90000        0.95000       -0.3564         0.2878        -0.3564         0.0030         0.0194 
BAR-estimator:      0.95000        1.00000       -0.3736        -0.0858        -0.3736         0.0028         0.0196 
BAR-estimator: total free energy change is -0.08584230558249756 , total error is 0.01961315748823609
