#========================================================================================
#                     Free energy perturbation    
#----------------------------------------------------------------------------------------
#forward/backward          λ              ΔΔA                 ΔA                  δε   
#                                                 
#----------------------------------------------------------------------------------------
forward:               0.0000              0.0000              0.0000              0.0000  
forward:               0.0500              2.2150              2.2150              0.0281  
forward:               0.1000              1.1891              3.4041              0.0338  
forward:               0.1500              0.5676              3.9717              0.0363  
forward:               0.2000              0.2724              4.2442              0.0372  
forward:               0.2500              0.1220              4.3661              0.0377  
forward:               0.3000              0.0288              4.3950              0.0380  
forward:               0.3500             -0.0281              4.3668              0.0384  
forward:               0.4000             -0.0691              4.2977              0.0386  
forward:               0.4500             -0.1087              4.1890              0.0388  
forward:               0.5000             -0.1326              4.0565              0.0391  
forward:               0.5500             -0.1746              3.8819              0.0393  
forward:               0.6000             -0.2595              3.6223              0.0395  
forward:               0.6500             -0.3132              3.3091              0.0396  
forward:               0.7000             -0.3610              2.9481              0.0398  
forward:               0.7500             -0.3945              2.5536              0.0399  
forward:               0.8000             -0.4293              2.1243              0.0401  
forward:               0.8500             -0.4579              1.6664              0.0402  
forward:               0.9000             -0.4725              1.1939              0.0403  
forward:               0.9500             -0.5007              0.6932              0.0405  
forward:               1.0000             -0.5217              0.1715              0.0406  
backward:              1.0000              0.0000              0.1715              0.0000  
backward:              0.9500              0.5222              0.6937              0.0041  
backward:              0.9000              0.5068              1.2005              0.0060  
backward:              0.8500              0.4786              1.6791              0.0071  
backward:              0.8000              0.4463              2.1253              0.0083  
backward:              0.7500              0.4178              2.5431              0.0092  
backward:              0.7000              0.3940              2.9372              0.0099  
backward:              0.6500              0.3527              3.2899              0.0109  
backward:              0.6000              0.3116              3.6015              0.0118  
backward:              0.5500              0.2575              3.8589              0.0129  
backward:              0.5000              0.1771              4.0360              0.0136  
backward:              0.4500              0.1298              4.1659              0.0144  
backward:              0.4000              0.1063              4.2721              0.0152  
backward:              0.3500              0.0782              4.3503              0.0161  
backward:              0.3000              0.0331              4.3834              0.0169  
backward:              0.2500             -0.0337              4.3497              0.0187  
backward:              0.2000             -0.1433              4.2064              0.0209  
backward:              0.1500             -0.2609              3.9455              0.0239  
backward:              0.1000             -0.5781              3.3674              0.0296  
backward:              0.0500             -1.1473              2.2201              0.0397  
backward:              0.0000             -2.1886              0.0315              0.0529  
Inaccuracy estimation
======================================================================================================
                   i        i+δi          P0_overlap_P1   δε(forward)/ε   δε(backward)/ε
======================================================================================================
inaccuracy:  0.00000        0.05000           28.63            0.01            3.04
inaccuracy:  0.05000        0.10000           40.07           -0.05            1.50
inaccuracy:  0.10000        0.15000           53.87           -0.03            0.68
inaccuracy:  0.15000        0.20000           62.00           -0.03            0.35
inaccuracy:  0.20000        0.25000           67.95           -0.02            0.20
inaccuracy:  0.25000        0.30000           70.86           -0.01            0.15
inaccuracy:  0.30000        0.35000           72.01           -0.02            0.13
inaccuracy:  0.35000        0.40000           72.93           -0.01            0.11
inaccuracy:  0.40000        0.45000           74.96           -0.01            0.09
inaccuracy:  0.45000        0.50000           75.01           -0.02            0.09
inaccuracy:  0.50000        0.55000           72.60           -0.04            0.10
inaccuracy:  0.55000        0.60000           73.61           -0.03            0.08
inaccuracy:  0.60000        0.65000           74.12           -0.03            0.07
inaccuracy:  0.65000        0.70000           75.83           -0.03            0.06
inaccuracy:  0.70000        0.75000           74.67           -0.04            0.06
inaccuracy:  0.75000        0.80000           75.97           -0.04            0.05
inaccuracy:  0.80000        0.85000           75.31           -0.03            0.05
inaccuracy:  0.85000        0.90000           74.22           -0.04            0.05
inaccuracy:  0.90000        0.95000           74.29           -0.04            0.06
inaccuracy:  0.95000        1.00000           73.84           -0.04            0.05
===================================================================================================================================
                BAR        
-----------------------------------------------------------------------------------------------------------------------------------
BAR-estimator:         λ             λ+δλ          ΔΔA             ΔA            C               Δδe            δe       
                          
-----------------------------------------------------------------------------------------------------------------------------------
BAR-estimator:      0.00000        0.05000        2.2519         2.2519         2.2519         0.0118         0.0118 
BAR-estimator:      0.05000        0.10000        1.1843         3.4362         1.1843         0.0117         0.0166 
BAR-estimator:      0.10000        0.15000        0.5754         4.0116         0.5754         0.0085         0.0186 
BAR-estimator:      0.15000        0.20000        0.2694         4.2810         0.2694         0.0054         0.0194 
BAR-estimator:      0.20000        0.25000        0.1240         4.4050         0.1240         0.0041         0.0198 
BAR-estimator:      0.25000        0.30000        0.0290         4.4340         0.0290         0.0034         0.0201 
BAR-estimator:      0.30000        0.35000       -0.0301         4.4039        -0.0301         0.0034         0.0204 
BAR-estimator:      0.35000        0.40000       -0.0726         4.3312        -0.0726         0.0029         0.0206 
BAR-estimator:      0.40000        0.45000       -0.1071         4.2242        -0.1071         0.0032         0.0209 
BAR-estimator:      0.45000        0.50000       -0.1308         4.0933        -0.1308         0.0028         0.0210 
BAR-estimator:      0.50000        0.55000       -0.1746         3.9188        -0.1746         0.0028         0.0212 
BAR-estimator:      0.55000        0.60000       -0.2594         3.6594        -0.2594         0.0029         0.0214 
BAR-estimator:      0.60000        0.65000       -0.3129         3.3465        -0.3129         0.0025         0.0216 
BAR-estimator:      0.65000        0.70000       -0.3579         2.9885        -0.3579         0.0024         0.0217 
BAR-estimator:      0.70000        0.75000       -0.3946         2.5940        -0.3946         0.0028         0.0219 
BAR-estimator:      0.75000        0.80000       -0.4262         2.1678        -0.4262         0.0025         0.0220 
BAR-estimator:      0.80000        0.85000       -0.4553         1.7125        -0.4553         0.0029         0.0222 
BAR-estimator:      0.85000        0.90000       -0.4765         1.2360        -0.4765         0.0028         0.0224 
BAR-estimator:      0.90000        0.95000       -0.5027         0.7333        -0.5027         0.0027         0.0225 
BAR-estimator:      0.95000        1.00000       -0.5224         0.2109        -0.5224         0.0026         0.0227 
BAR-estimator: total free energy change is 0.210916378386501 , total error is 0.022686273888425364
