#========================================================================================
#                     Free energy perturbation    
#----------------------------------------------------------------------------------------
#forward/backward          λ              ΔΔA                 ΔA                  δε   
#                                                 
#----------------------------------------------------------------------------------------
forward:               0.0000              0.0000              0.0000              0.0000  
forward:               0.0500              1.8058              1.8058              0.0205  
forward:               0.1000              1.0172              2.8230              0.0266  
forward:               0.1500              0.5334              3.3565              0.0295  
forward:               0.2000              0.2916              3.6481              0.0307  
forward:               0.2500              0.1517              3.7998              0.0315  
forward:               0.3000              0.0836              3.8834              0.0321  
forward:               0.3500              0.0180              3.9014              0.0325  
forward:               0.4000             -0.0182              3.8832              0.0328  
forward:               0.4500             -0.0463              3.8369              0.0332  
forward:               0.5000             -0.0767              3.7602              0.0334  
forward:               0.5500             -0.1962              3.5640              0.0340  
forward:               0.6000             -0.4438              3.1202              0.0344  
forward:               0.6500             -0.6483              2.4718              0.0351  
forward:               0.7000             -0.8142              1.6577              0.0358  
forward:               0.7500             -0.9524              0.7053              0.0364  
forward:               0.8000             -1.0040             -0.2987              0.0370  
forward:               0.8500             -1.0251             -1.3238              0.0373  
forward:               0.9000             -1.0197             -2.3436              0.0376  
forward:               0.9500             -1.0078             -3.3514              0.0379  
forward:               1.0000             -0.9934             -4.3448              0.0382  
backward:              1.0000              0.0000             -4.3448              0.0000  
backward:              0.9500              0.9860             -3.3588              0.0064  
backward:              0.9000              0.9966             -2.3622              0.0090  
backward:              0.8500              1.0119             -1.3503              0.0113  
backward:              0.8000              1.0048             -0.3455              0.0133  
backward:              0.7500              1.0192              0.6737              0.0147  
backward:              0.7000              0.9555              1.6292              0.0169  
backward:              0.6500              0.8130              2.4422              0.0193  
backward:              0.6000              0.6460              3.0883              0.0203  
backward:              0.5500              0.4298              3.5181              0.0213  
backward:              0.5000              0.1977              3.7158              0.0220  
backward:              0.4500              0.0749              3.7907              0.0226  
backward:              0.4000              0.0487              3.8394              0.0234  
backward:              0.3500              0.0147              3.8541              0.0240  
backward:              0.3000             -0.0204              3.8336              0.0249  
backward:              0.2500             -0.0816              3.7520              0.0260  
backward:              0.2000             -0.1643              3.5877              0.0268  
backward:              0.1500             -0.3000              3.2877              0.0291  
backward:              0.1000             -0.5208              2.7670              0.0324  
backward:              0.0500             -1.1904              1.5766              0.1996  
backward:              0.0000             -1.7724             -0.1958              0.2028  
Inaccuracy estimation
======================================================================================================
                   i        i+δi          P0_overlap_P1   δε(forward)/ε   δε(backward)/ε
======================================================================================================
inaccuracy:  0.00000        0.05000           33.71           -0.02            1.94
inaccuracy:  0.05000        0.10000           43.38           -0.05            1.20
inaccuracy:  0.10000        0.15000           54.67           -0.03            0.62
inaccuracy:  0.15000        0.20000           62.85           -0.02            0.34
inaccuracy:  0.20000        0.25000           67.51           -0.02            0.22
inaccuracy:  0.25000        0.30000           68.69           -0.02            0.18
inaccuracy:  0.30000        0.35000           71.32           -0.02            0.15
inaccuracy:  0.35000        0.40000           71.67           -0.01            0.13
inaccuracy:  0.40000        0.45000           72.75           -0.02            0.12
inaccuracy:  0.45000        0.50000           73.71           -0.02            0.11
inaccuracy:  0.50000        0.55000           64.49           -0.08            0.16
inaccuracy:  0.55000        0.60000           66.97           -0.09            0.11
inaccuracy:  0.60000        0.65000           65.02           -0.12            0.08
inaccuracy:  0.65000        0.70000           64.17           -0.12            0.07
inaccuracy:  0.70000        0.75000           65.23           -0.12            0.05
inaccuracy:  0.75000        0.80000           64.92           -0.13            0.05
inaccuracy:  0.80000        0.85000           66.25           -0.11            0.05
inaccuracy:  0.85000        0.90000           65.40           -0.11            0.06
inaccuracy:  0.90000        0.95000           65.97           -0.10            0.07
inaccuracy:  0.95000        1.00000           64.89           -0.08            0.07
===================================================================================================================================
                BAR        
-----------------------------------------------------------------------------------------------------------------------------------
BAR-estimator:         λ             λ+δλ          ΔΔA             ΔA            C               Δδe            δe       
                          
-----------------------------------------------------------------------------------------------------------------------------------
BAR-estimator:      0.00000        0.05000        1.7981         1.7981         1.7981         0.0103         0.0103 
BAR-estimator:      0.05000        0.10000        1.0113         2.8094         1.0113         0.0098         0.0143 
BAR-estimator:      0.10000        0.15000        0.5325         3.3419         0.5325         0.0083         0.0165 
BAR-estimator:      0.15000        0.20000        0.2960         3.6380         0.2960         0.0056         0.0174 
BAR-estimator:      0.20000        0.25000        0.1587         3.7967         0.1587         0.0048         0.0181 
BAR-estimator:      0.25000        0.30000        0.0829         3.8796         0.0829         0.0046         0.0187 
BAR-estimator:      0.30000        0.35000        0.0207         3.9003         0.0207         0.0040         0.0191 
BAR-estimator:      0.35000        0.40000       -0.0169         3.8835        -0.0169         0.0035         0.0194 
BAR-estimator:      0.40000        0.45000       -0.0474         3.8361        -0.0474         0.0030         0.0196 
BAR-estimator:      0.45000        0.50000       -0.0761         3.7600        -0.0761         0.0030         0.0199 
BAR-estimator:      0.50000        0.55000       -0.1954         3.5646        -0.1954         0.0039         0.0202 
BAR-estimator:      0.55000        0.60000       -0.4347         3.1299        -0.4347         0.0035         0.0205 
BAR-estimator:      0.60000        0.65000       -0.6455         2.4845        -0.6455         0.0040         0.0209 
BAR-estimator:      0.65000        0.70000       -0.8150         1.6695        -0.8150         0.0043         0.0214 
BAR-estimator:      0.70000        0.75000       -0.9517         0.7178        -0.9517         0.0041         0.0218 
BAR-estimator:      0.75000        0.80000       -1.0089        -0.2911        -1.0089         0.0043         0.0222 
BAR-estimator:      0.80000        0.85000       -1.0232        -1.3143        -1.0232         0.0038         0.0225 
BAR-estimator:      0.85000        0.90000       -1.0209        -2.3352        -1.0209         0.0042         0.0229 
BAR-estimator:      0.90000        0.95000       -1.0016        -3.3368        -1.0016         0.0033         0.0231 
BAR-estimator:      0.95000        1.00000       -0.9879        -4.3247        -0.9879         0.0039         0.0235 
BAR-estimator: total free energy change is -4.32474039235994 , total error is 0.023467402107710044
