14
 energy: -307.632902135424 gnorm: 0.003207002299 xtb: 6.7.1 (41059b4)
C           -2.14133640502309        0.39460453906229       -0.70192162127130
C           -1.33751805496248        0.44395112452515        0.60533212782290
C            0.02571425894121       -0.17073298469067        0.41549060672873
O            0.34404388923043       -1.29570571559880        0.72389252960013
O            0.86718917766283        0.69969987884819       -0.20278819712245
C            2.17865703235252        0.16487859119150       -0.48928300994560
H           -3.13817558241507        0.81428962944659       -0.54667409626261
H           -1.64399686757174        0.96956828031240       -1.48613231853659
H           -2.25504395694638       -0.63654996822381       -1.04594896056346
H           -1.84508430039444       -0.12553218104747        1.38659259753577
H           -1.22414870142494        1.48084131034916        0.93404838142195
H            2.09507279426830       -0.74963925354093       -1.08460036286430
H            2.70628603024833       -0.06199101092842        0.44273107870525
H            2.69762367782872        0.94676128724569       -1.04543514648586
14
 energy: -307.632918131998 gnorm: 0.001620048818 xtb: 6.7.1 (41059b4)
C           -2.14140420704469        0.39413308953415       -0.70168595398711
C           -1.33723376350102        0.44441854163219        0.60555250058733
C            0.02520100907268       -0.17160532855805        0.41481812223326
O            0.34188063017693       -1.29599775141051        0.72593919662905
O            0.86675787322459        0.69685141528049       -0.20367359078977
C            2.17849730988464        0.16503021542719       -0.48927319387092
H           -3.13877354100662        0.81401739675354       -0.54740448708592
H           -1.64397634668207        0.96921723123657       -1.48665252907862
H           -2.25507806670368       -0.63754283457030       -1.04605178438373
H           -1.84437046853845       -0.12338787732524        1.38863091103856
H           -1.22342909562456        1.48194566138404        0.93374730211180
H            2.09827654243011       -0.74642786909711       -1.08731121325538
H            2.70560853762927       -0.06427983336493        0.44098742760873
H            2.69732650950854        0.94807141332911       -1.04231896734307
14
 energy: -307.632925035728 gnorm: 0.001325991537 xtb: 6.7.1 (41059b4)
C           -2.14141546995860        0.39327165235894       -0.70125041951773
C           -1.33652325739388        0.44553924935981        0.60546248225298
C            0.02580367911825       -0.17162132102743        0.41673821274946
O            0.33915648664747       -1.29629657743212        0.73020153231709
O            0.86606736640253        0.69230639987001       -0.20549591648438
C            2.17774837594880        0.16479622172889       -0.49000046330427
H           -3.13967943333915        0.81272569340476       -0.54873507609993
H           -1.64411147345577        0.96811767357172       -1.48733497910542
H           -2.25420199435008       -0.63920958782314       -1.04524707364403
H           -1.84346353085488       -0.11949620343443        1.39097278474866
H           -1.22259052720340        1.48413637148234        0.93195197263894
H            2.10258754031680       -0.74106522610678       -1.09563478498021
H            2.70252683820098       -0.07083354799350        0.43894097921784
H            2.69737809772473        0.95207262671886       -1.03526538787972
14
 energy: -307.632929168294 gnorm: 0.001076740812 xtb: 6.7.1 (41059b4)
C           -2.14144191532155        0.39246337691623       -0.70095123530714
C           -1.33648581816688        0.44649560719094        0.60540531184897
C            0.02533079776338       -0.17171069479184        0.41488876645937
O            0.33961542821170       -1.29530603783386        0.73216499333986
O            0.86562464257523        0.69192919248121       -0.20713588999750
C            2.17758868843366        0.16471459341574       -0.49014437192654
H           -3.13959536889781        0.81156081903182       -0.54796695247987
H           -1.64486491685462        0.96673347611079       -1.48764370950554
H           -2.25387673728800       -0.64022024576319       -1.04384376539907
H           -1.84293561594465       -0.11753822732829        1.39186444288821
H           -1.22203330235289        1.48546195038599        0.93017668425123
H            2.10317407354885       -0.73852372551214       -1.10085846721231
H            2.69963943827787       -0.07610817010797        0.43958125790172
H            2.69954330744341        0.95449151603763       -1.03023302610977
14
 energy: -307.632934473426 gnorm: 0.001141118590 xtb: 6.7.1 (41059b4)
C           -2.14168207348066        0.39114939566843       -0.70076724851726
C           -1.33649279570988        0.44788431051271        0.60518121663118
C            0.02591273516941       -0.16979626223202        0.41590108070334
O            0.34137067972414       -1.29284858020268        0.73451544604993
O            0.86535904923467        0.69302495824789       -0.20893932291386
C            2.17744400521195        0.16434738079773       -0.49088380346160
H           -3.13988432184630        0.80929860639724       -0.54742086583925
H           -1.64623242089518        0.96448527576658       -1.48828432650181
H           -2.25325376877163       -0.64192702107464       -1.04159643429402
H           -1.84270503712938       -0.11540083645987        1.39208023149023
H           -1.22199031423229        1.48720282244990        0.92774301623217
H            2.10252422372849       -0.73450501599003       -1.10937767288515
H            2.69489417721312       -0.08577332165634        0.43981631085978
H            2.70401847934801        0.95730181514142       -1.02266349648083
14
 energy: -307.632939118224 gnorm: 0.000877150517 xtb: 6.7.1 (41059b4)
C           -2.14234990472669        0.38916380106800       -0.70039248586248
C           -1.33615566374815        0.44984590328108        0.60483320310340
C            0.02642877069725       -0.16768295710886        0.41668455705552
O            0.34300429918147       -1.28953111648187        0.73801558717007
O            0.86535896184358        0.69393657387448       -0.21123655769200
C            2.17757044740403        0.16378140699368       -0.49163687526110
H           -3.14101653518952        0.80629122744530       -0.54728310746642
H           -1.64827415792316        0.96126993385629       -1.48963456247690
H           -2.25283626023469       -0.64488546561675       -1.03857894615922
H           -1.84160450348257       -0.11166142416240        1.39343403281544
H           -1.22189144737213        1.49002918477904        0.92454427925087
H            2.10263457496338       -0.72739199897885       -1.12134519050401
H            2.68839198605706       -0.09974368409732        0.43903374279413
H            2.71002193295416        0.96102226250634       -1.01113334943863
14
 energy: -307.632939118224 gnorm: 0.000877150517 xtb: 6.7.1 (41059b4)
C           -2.14234990472669        0.38916380106800       -0.70039248586248
C           -1.33615566374815        0.44984590328108        0.60483320310340
C            0.02642877069725       -0.16768295710886        0.41668455705552
O            0.34300429918147       -1.28953111648187        0.73801558717007
O            0.86535896184358        0.69393657387448       -0.21123655769200
C            2.17757044740403        0.16378140699368       -0.49163687526110
H           -3.14101653518952        0.80629122744530       -0.54728310746642
H           -1.64827415792316        0.96126993385629       -1.48963456247690
H           -2.25283626023469       -0.64488546561675       -1.03857894615922
H           -1.84160450348257       -0.11166142416240        1.39343403281544
H           -1.22189144737213        1.49002918477904        0.92454427925087
H            2.10263457496338       -0.72739199897885       -1.12134519050401
H            2.68839198605706       -0.09974368409732        0.43903374279413
H            2.71002193295416        0.96102226250634       -1.01113334943863
